ARM GAS  C:\Users\PRESID~1\AppData\Local\Temp\ccXi1MMQ.s 			page 1


   1              		.syntax unified
   2              		.cpu cortex-m4
   3              		.fpu softvfp
   4              		.eabi_attribute 20, 1
   5              		.eabi_attribute 21, 1
   6              		.eabi_attribute 23, 3
   7              		.eabi_attribute 24, 1
   8              		.eabi_attribute 25, 1
   9              		.eabi_attribute 26, 1
  10              		.eabi_attribute 30, 6
  11              		.eabi_attribute 34, 1
  12              		.eabi_attribute 18, 4
  13              		.thumb
  14              		.file	"hal_driver_adc.c"
  15              		.text
  16              	.Ltext0:
  17              		.cfi_sections	.debug_frame
  18              		.align	2
  19              		.global	GET_RAW_ADC_VALUE
  20              		.thumb
  21              		.thumb_func
  23              	GET_RAW_ADC_VALUE:
  24              	.LFB0:
  25              		.file 1 "E:\\NeuOrga\\Programmieren\\c_cpp\\github_os\\input\\src\\os_drivers\\hal_driver_adc.c"
   1:E:\NeuOrga\Programmieren\c_cpp\github_os\input\src\os_drivers\hal_driver_adc.c **** #include "..\os_base\os_firstinc.h"
   2:E:\NeuOrga\Programmieren\c_cpp\github_os\input\src\os_drivers\hal_driver_adc.c **** #include "hal_driver_adc.h"
   3:E:\NeuOrga\Programmieren\c_cpp\github_os\input\src\os_drivers\hal_driver_adc.c **** unsigned_int16_t GET_RAW_ADC_VALUE(adc_channel_t adc_channel)
   4:E:\NeuOrga\Programmieren\c_cpp\github_os\input\src\os_drivers\hal_driver_adc.c **** {
  26              		.loc 1 4 0
  27              		.cfi_startproc
  28              		@ args = 0, pretend = 0, frame = 8
  29              		@ frame_needed = 1, uses_anonymous_args = 0
  30              		@ link register save eliminated.
  31 0000 80B4     		push	{r7}
  32              		.cfi_def_cfa_offset 4
  33              		.cfi_offset 7, -4
  34 0002 83B0     		sub	sp, sp, #12
  35              		.cfi_def_cfa_offset 16
  36 0004 00AF     		add	r7, sp, #0
  37              		.cfi_def_cfa_register 7
  38 0006 0346     		mov	r3, r0
  39 0008 FB80     		strh	r3, [r7, #6]	@ movhi
   5:E:\NeuOrga\Programmieren\c_cpp\github_os\input\src\os_drivers\hal_driver_adc.c ****    ReferenceUnusedParameter(adc_channel);
   6:E:\NeuOrga\Programmieren\c_cpp\github_os\input\src\os_drivers\hal_driver_adc.c ****    /* not supported on windows */
   7:E:\NeuOrga\Programmieren\c_cpp\github_os\input\src\os_drivers\hal_driver_adc.c ****    return 0;
  40              		.loc 1 7 0
  41 000a 0023     		movs	r3, #0
   8:E:\NeuOrga\Programmieren\c_cpp\github_os\input\src\os_drivers\hal_driver_adc.c **** }...
  42              		.loc 1 8 0
  43 000c 1846     		mov	r0, r3
  44 000e 0C37     		adds	r7, r7, #12
  45              		.cfi_def_cfa_offset 4
  46 0010 BD46     		mov	sp, r7
  47              		.cfi_def_cfa_register 13
  48              		@ sp needed
  49 0012 5DF8047B 		ldr	r7, [sp], #4
  50              		.cfi_restore 7
ARM GAS  C:\Users\PRESID~1\AppData\Local\Temp\ccXi1MMQ.s 			page 2


  51              		.cfi_def_cfa_offset 0
  52 0016 7047     		bx	lr
  53              		.cfi_endproc
  54              	.LFE0:
  56              	.Letext0:
  57              		.file 2 "e:\\neuorga\\programmieren\\c_cpp\\github_os\\input\\src\\os_base\\os_base_types.h"
  58              		.file 3 "E:\\NeuOrga\\Programmieren\\c_cpp\\github_os\\input\\src\\os_drivers\\hal_driver_adc.h"
ARM GAS  C:\Users\PRESID~1\AppData\Local\Temp\ccXi1MMQ.s 			page 3


DEFINED SYMBOLS
                            *ABS*:00000000 hal_driver_adc.c
C:\Users\PRESID~1\AppData\Local\Temp\ccXi1MMQ.s:18     .text:00000000 $t
C:\Users\PRESID~1\AppData\Local\Temp\ccXi1MMQ.s:23     .text:00000000 GET_RAW_ADC_VALUE
                     .debug_frame:00000010 $d
                           .group:00000000 wm4.0.718a663455c795daf5c6dd176ef70bbe
                           .group:00000000 wm4.os_base_types.h.2.f3c0267f175f5cbacca6b71710665a02
                           .group:00000000 wm4.os_common.h.2.9521b3e5c1199f549394d32eec33a9c8
                           .group:00000000 wm4.lld_interrupt.h.2.b1b940a31d6b49628a13b8fe5e920a88
                           .group:00000000 wm4.os_task_config.h.2.7cfaa082f19f6144d85c64ce1f04b914
                           .group:00000000 wm4.os_task_common.h.92.310ae0de7be5874c80e3c1d4bf919b37

NO UNDEFINED SYMBOLS
