ARM GAS  C:\Users\PRESID~1\AppData\Local\Temp\ccYihtnl.s 			page 1


   1              		.syntax unified
   2              		.cpu cortex-m4
   3              		.fpu softvfp
   4              		.eabi_attribute 20, 1
   5              		.eabi_attribute 21, 1
   6              		.eabi_attribute 23, 3
   7              		.eabi_attribute 24, 1
   8              		.eabi_attribute 25, 1
   9              		.eabi_attribute 26, 1
  10              		.eabi_attribute 30, 6
  11              		.eabi_attribute 34, 1
  12              		.eabi_attribute 18, 4
  13              		.thumb
  14              		.file	"lld_interrupt.c"
  15              		.text
  16              	.Ltext0:
  17              		.cfi_sections	.debug_frame
  18              		.align	2
  19              		.global	LLF_INT_DISABLE
  20              		.thumb
  21              		.thumb_func
  23              	LLF_INT_DISABLE:
  24              	.LFB0:
  25              		.file 1 "E:\\NeuOrga\\Programmieren\\c_cpp\\github_os\\input\\src\\os_drivers\\lld_interrupt.c"
   1:E:\NeuOrga\Programmieren\c_cpp\github_os\input\src\os_drivers\lld_interrupt.c **** #include "..\os_base\os_firstinc.h"
   2:E:\NeuOrga\Programmieren\c_cpp\github_os\input\src\os_drivers\lld_interrupt.c **** #include "..\os_drivers\lld_interrupt.h"
   3:E:\NeuOrga\Programmieren\c_cpp\github_os\input\src\os_drivers\lld_interrupt.c **** 
   4:E:\NeuOrga\Programmieren\c_cpp\github_os\input\src\os_drivers\lld_interrupt.c **** 
   5:E:\NeuOrga\Programmieren\c_cpp\github_os\input\src\os_drivers\lld_interrupt.c **** void LLF_INT_DISABLE(void)
   6:E:\NeuOrga\Programmieren\c_cpp\github_os\input\src\os_drivers\lld_interrupt.c **** {
  26              		.loc 1 6 0
  27              		.cfi_startproc
  28              		@ args = 0, pretend = 0, frame = 0
  29              		@ frame_needed = 1, uses_anonymous_args = 0
  30              		@ link register save eliminated.
  31 0000 80B4     		push	{r7}
  32              		.cfi_def_cfa_offset 4
  33              		.cfi_offset 7, -4
  34 0002 00AF     		add	r7, sp, #0
  35              		.cfi_def_cfa_register 7
   7:E:\NeuOrga\Programmieren\c_cpp\github_os\input\src\os_drivers\lld_interrupt.c **** #if(CFG_PROCESSOR == cMCU_X86)
   8:E:\NeuOrga\Programmieren\c_cpp\github_os\input\src\os_drivers\lld_interrupt.c **** #else
   9:E:\NeuOrga\Programmieren\c_cpp\github_os\input\src\os_drivers\lld_interrupt.c ****    /* enable interrupts via setting i bit */
  10:E:\NeuOrga\Programmieren\c_cpp\github_os\input\src\os_drivers\lld_interrupt.c ****    __asm__ __volatile__ ("cpsid i");
  36              		.loc 1 10 0
  37              	@ 10 "E:\NeuOrga\Programmieren\c_cpp\github_os\input\src\os_drivers\lld_interrupt.c" 1
  38 0004 72B6     		cpsid i
  39              	@ 0 "" 2
  11:E:\NeuOrga\Programmieren\c_cpp\github_os\input\src\os_drivers\lld_interrupt.c **** #endif
  12:E:\NeuOrga\Programmieren\c_cpp\github_os\input\src\os_drivers\lld_interrupt.c **** }
  40              		.loc 1 12 0
  41              		.thumb
  42 0006 BD46     		mov	sp, r7
  43              		.cfi_def_cfa_register 13
  44              		@ sp needed
  45 0008 5DF8047B 		ldr	r7, [sp], #4
  46              		.cfi_restore 7
ARM GAS  C:\Users\PRESID~1\AppData\Local\Temp\ccYihtnl.s 			page 2


  47              		.cfi_def_cfa_offset 0
  48 000c 7047     		bx	lr
  49              		.cfi_endproc
  50              	.LFE0:
  52 000e 00BF     		.align	2
  53              		.global	LLF_INT_ENABLE
  54              		.thumb
  55              		.thumb_func
  57              	LLF_INT_ENABLE:
  58              	.LFB1:
  13:E:\NeuOrga\Programmieren\c_cpp\github_os\input\src\os_drivers\lld_interrupt.c **** void LLF_INT_ENABLE(void)
  14:E:\NeuOrga\Programmieren\c_cpp\github_os\input\src\os_drivers\lld_interrupt.c **** {
  59              		.loc 1 14 0
  60              		.cfi_startproc
  61              		@ args = 0, pretend = 0, frame = 0
  62              		@ frame_needed = 1, uses_anonymous_args = 0
  63              		@ link register save eliminated.
  64 0010 80B4     		push	{r7}
  65              		.cfi_def_cfa_offset 4
  66              		.cfi_offset 7, -4
  67 0012 00AF     		add	r7, sp, #0
  68              		.cfi_def_cfa_register 7
  15:E:\NeuOrga\Programmieren\c_cpp\github_os\input\src\os_drivers\lld_interrupt.c **** #if(CFG_PROCESSOR == cMCU_X86)
  16:E:\NeuOrga\Programmieren\c_cpp\github_os\input\src\os_drivers\lld_interrupt.c **** #else
  17:E:\NeuOrga\Programmieren\c_cpp\github_os\input\src\os_drivers\lld_interrupt.c ****    /* enable interrupts via clearing i bit */
  18:E:\NeuOrga\Programmieren\c_cpp\github_os\input\src\os_drivers\lld_interrupt.c ****    __asm__ __volatile__ ("cpsie i");
  69              		.loc 1 18 0
  70              	@ 18 "E:\NeuOrga\Programmieren\c_cpp\github_os\input\src\os_drivers\lld_interrupt.c" 1
  71 0014 62B6     		cpsie i
  72              	@ 0 "" 2
  19:E:\NeuOrga\Programmieren\c_cpp\github_os\input\src\os_drivers\lld_interrupt.c **** #endif
  20:E:\NeuOrga\Programmieren\c_cpp\github_os\input\src\os_drivers\lld_interrupt.c **** }
  73              		.loc 1 20 0
  74              		.thumb
  75 0016 BD46     		mov	sp, r7
  76              		.cfi_def_cfa_register 13
  77              		@ sp needed
  78 0018 5DF8047B 		ldr	r7, [sp], #4
  79              		.cfi_restore 7
  80              		.cfi_def_cfa_offset 0
  81 001c 7047     		bx	lr
  82              		.cfi_endproc
  83              	.LFE1:
  85 001e 00BF     		.align	2
  86              		.global	LLF_DISABLE_INTERRUPTS_ALL_CORES
  87              		.thumb
  88              		.thumb_func
  90              	LLF_DISABLE_INTERRUPTS_ALL_CORES:
  91              	.LFB2:
  21:E:\NeuOrga\Programmieren\c_cpp\github_os\input\src\os_drivers\lld_interrupt.c **** void LLF_DISABLE_INTERRUPTS_ALL_CORES(void)
  22:E:\NeuOrga\Programmieren\c_cpp\github_os\input\src\os_drivers\lld_interrupt.c **** {
  92              		.loc 1 22 0
  93              		.cfi_startproc
  94              		@ args = 0, pretend = 0, frame = 0
  95              		@ frame_needed = 1, uses_anonymous_args = 0
  96 0020 80B5     		push	{r7, lr}
  97              		.cfi_def_cfa_offset 8
ARM GAS  C:\Users\PRESID~1\AppData\Local\Temp\ccYihtnl.s 			page 3


  98              		.cfi_offset 7, -8
  99              		.cfi_offset 14, -4
 100 0022 00AF     		add	r7, sp, #0
 101              		.cfi_def_cfa_register 7
  23:E:\NeuOrga\Programmieren\c_cpp\github_os\input\src\os_drivers\lld_interrupt.c ****    /* just single core is supported */
  24:E:\NeuOrga\Programmieren\c_cpp\github_os\input\src\os_drivers\lld_interrupt.c ****    LLF_INT_DISABLE();
 102              		.loc 1 24 0
 103 0024 FFF7FEFF 		bl	LLF_INT_DISABLE
  25:E:\NeuOrga\Programmieren\c_cpp\github_os\input\src\os_drivers\lld_interrupt.c **** }...
 104              		.loc 1 25 0
 105 0028 80BD     		pop	{r7, pc}
 106              		.cfi_endproc
 107              	.LFE2:
 109              	.Letext0:
ARM GAS  C:\Users\PRESID~1\AppData\Local\Temp\ccYihtnl.s 			page 4


DEFINED SYMBOLS
                            *ABS*:00000000 lld_interrupt.c
C:\Users\PRESID~1\AppData\Local\Temp\ccYihtnl.s:18     .text:00000000 $t
C:\Users\PRESID~1\AppData\Local\Temp\ccYihtnl.s:23     .text:00000000 LLF_INT_DISABLE
C:\Users\PRESID~1\AppData\Local\Temp\ccYihtnl.s:57     .text:00000010 LLF_INT_ENABLE
C:\Users\PRESID~1\AppData\Local\Temp\ccYihtnl.s:90     .text:00000020 LLF_DISABLE_INTERRUPTS_ALL_CORES
                     .debug_frame:00000010 $d
                           .group:00000000 wm4.0.718a663455c795daf5c6dd176ef70bbe
                           .group:00000000 wm4.os_base_types.h.2.f3c0267f175f5cbacca6b71710665a02
                           .group:00000000 wm4.os_common.h.2.9521b3e5c1199f549394d32eec33a9c8
                           .group:00000000 wm4.lld_interrupt.h.2.b1b940a31d6b49628a13b8fe5e920a88
                           .group:00000000 wm4.os_task_config.h.2.7cfaa082f19f6144d85c64ce1f04b914
                           .group:00000000 wm4.os_task_common.h.92.310ae0de7be5874c80e3c1d4bf919b37

NO UNDEFINED SYMBOLS
