ARM GAS  C:\Users\PRESID~1\AppData\Local\Temp\cc2azFHa.s 			page 1


   1              		.syntax unified
   2              		.cpu cortex-m4
   3              		.fpu softvfp
   4              		.eabi_attribute 20, 1
   5              		.eabi_attribute 21, 1
   6              		.eabi_attribute 23, 3
   7              		.eabi_attribute 24, 1
   8              		.eabi_attribute 25, 1
   9              		.eabi_attribute 26, 1
  10              		.eabi_attribute 30, 6
  11              		.eabi_attribute 34, 1
  12              		.eabi_attribute 18, 4
  13              		.thumb
  14              		.file	"lld_global.c"
  15              		.text
  16              	.Ltext0:
  17              		.cfi_sections	.debug_frame
  18              		.align	2
  19              		.global	Get_core_id
  20              		.thumb
  21              		.thumb_func
  23              	Get_core_id:
  24              	.LFB0:
  25              		.file 1 "E:\\NeuOrga\\Programmieren\\c_cpp\\github_os\\input\\src\\os_drivers\\lld_global.c"
   1:E:\NeuOrga\Programmieren\c_cpp\github_os\input\src\os_drivers\lld_global.c **** #include "..\os_base\os_firstinc.h"
   2:E:\NeuOrga\Programmieren\c_cpp\github_os\input\src\os_drivers\lld_global.c **** CoreID_t Get_core_id(void)
   3:E:\NeuOrga\Programmieren\c_cpp\github_os\input\src\os_drivers\lld_global.c **** {
  26              		.loc 1 3 0
  27              		.cfi_startproc
  28              		@ args = 0, pretend = 0, frame = 8
  29              		@ frame_needed = 1, uses_anonymous_args = 0
  30              		@ link register save eliminated.
  31 0000 80B4     		push	{r7}
  32              		.cfi_def_cfa_offset 4
  33              		.cfi_offset 7, -4
  34 0002 83B0     		sub	sp, sp, #12
  35              		.cfi_def_cfa_offset 16
  36 0004 00AF     		add	r7, sp, #0
  37              		.cfi_def_cfa_register 7
   4:E:\NeuOrga\Programmieren\c_cpp\github_os\input\src\os_drivers\lld_global.c ****    /* the Coretex M4 process has just one core-> use static assignement of core id */
   5:E:\NeuOrga\Programmieren\c_cpp\github_os\input\src\os_drivers\lld_global.c ****    /*
   6:E:\NeuOrga\Programmieren\c_cpp\github_os\input\src\os_drivers\lld_global.c ****    14.1.1. Determining which core the code is running on
   7:E:\NeuOrga\Programmieren\c_cpp\github_os\input\src\os_drivers\lld_global.c **** 
   8:E:\NeuOrga\Programmieren\c_cpp\github_os\input\src\os_drivers\lld_global.c ****    Some software operations are dependent on which core the code is running on. For example, global
   9:E:\NeuOrga\Programmieren\c_cpp\github_os\input\src\os_drivers\lld_global.c **** 
  10:E:\NeuOrga\Programmieren\c_cpp\github_os\input\src\os_drivers\lld_global.c ****    The Multi-Processor Affinity Register (MPIDR_EL1) enables software to determine on which core it
  11:E:\NeuOrga\Programmieren\c_cpp\github_os\input\src\os_drivers\lld_global.c **** 
  12:E:\NeuOrga\Programmieren\c_cpp\github_os\input\src\os_drivers\lld_global.c ****    The U bit in some processor configurations indicates whether this is a single core or a multi-co
  13:E:\NeuOrga\Programmieren\c_cpp\github_os\input\src\os_drivers\lld_global.c ****    Note
  14:E:\NeuOrga\Programmieren\c_cpp\github_os\input\src\os_drivers\lld_global.c **** 
  15:E:\NeuOrga\Programmieren\c_cpp\github_os\input\src\os_drivers\lld_global.c ****    Software running at EL1 may be running inside a virtual machine managed by a hypervisor. In orde
  16:E:\NeuOrga\Programmieren\c_cpp\github_os\input\src\os_drivers\lld_global.c **** 
  17:E:\NeuOrga\Programmieren\c_cpp\github_os\input\src\os_drivers\lld_global.c ****    MIPDR_EL3 contains the unchangeable ID of each physical core. No two cores share the same MPIDR_
  18:E:\NeuOrga\Programmieren\c_cpp\github_os\input\src\os_drivers\lld_global.c ****    */
  19:E:\NeuOrga\Programmieren\c_cpp\github_os\input\src\os_drivers\lld_global.c ****    /* Cortex M7 seems to be always single core */
  20:E:\NeuOrga\Programmieren\c_cpp\github_os\input\src\os_drivers\lld_global.c ****    CoreID_t ret_val = 0;
  38              		.loc 1 20 0
ARM GAS  C:\Users\PRESID~1\AppData\Local\Temp\cc2azFHa.s 			page 2


  39 0006 0023     		movs	r3, #0
  40 0008 FB71     		strb	r3, [r7, #7]
  21:E:\NeuOrga\Programmieren\c_cpp\github_os\input\src\os_drivers\lld_global.c ****    return (ret_val);
  41              		.loc 1 21 0
  42 000a FB79     		ldrb	r3, [r7, #7]	@ zero_extendqisi2
  22:E:\NeuOrga\Programmieren\c_cpp\github_os\input\src\os_drivers\lld_global.c **** }
  43              		.loc 1 22 0
  44 000c 1846     		mov	r0, r3
  45 000e 0C37     		adds	r7, r7, #12
  46              		.cfi_def_cfa_offset 4
  47 0010 BD46     		mov	sp, r7
  48              		.cfi_def_cfa_register 13
  49              		@ sp needed
  50 0012 5DF8047B 		ldr	r7, [sp], #4
  51              		.cfi_restore 7
  52              		.cfi_def_cfa_offset 0
  53 0016 7047     		bx	lr
  54              		.cfi_endproc
  55              	.LFE0:
  57              		.align	2
  58              		.global	LLF_SAVE_TASK_STACK
  59              		.thumb
  60              		.thumb_func
  62              	LLF_SAVE_TASK_STACK:
  63              	.LFB1:
  23:E:\NeuOrga\Programmieren\c_cpp\github_os\input\src\os_drivers\lld_global.c **** void LLF_SAVE_TASK_STACK(unsigned_char_t* StackPointer)
  24:E:\NeuOrga\Programmieren\c_cpp\github_os\input\src\os_drivers\lld_global.c **** {
  64              		.loc 1 24 0
  65              		.cfi_startproc
  66              		@ args = 0, pretend = 0, frame = 8
  67              		@ frame_needed = 1, uses_anonymous_args = 0
  68              		@ link register save eliminated.
  69 0018 80B4     		push	{r7}
  70              		.cfi_def_cfa_offset 4
  71              		.cfi_offset 7, -4
  72 001a 83B0     		sub	sp, sp, #12
  73              		.cfi_def_cfa_offset 16
  74 001c 00AF     		add	r7, sp, #0
  75              		.cfi_def_cfa_register 7
  76 001e 7860     		str	r0, [r7, #4]
  25:E:\NeuOrga\Programmieren\c_cpp\github_os\input\src\os_drivers\lld_global.c ****    /* 1. read the stack pointer register
  26:E:\NeuOrga\Programmieren\c_cpp\github_os\input\src\os_drivers\lld_global.c ****       2. save it the correct task context
  27:E:\NeuOrga\Programmieren\c_cpp\github_os\input\src\os_drivers\lld_global.c ****       3. invalidate the register (==0)
  28:E:\NeuOrga\Programmieren\c_cpp\github_os\input\src\os_drivers\lld_global.c ****    */
  29:E:\NeuOrga\Programmieren\c_cpp\github_os\input\src\os_drivers\lld_global.c **** /*TODO*/
  30:E:\NeuOrga\Programmieren\c_cpp\github_os\input\src\os_drivers\lld_global.c **** }
  77              		.loc 1 30 0
  78 0020 0C37     		adds	r7, r7, #12
  79              		.cfi_def_cfa_offset 4
  80 0022 BD46     		mov	sp, r7
  81              		.cfi_def_cfa_register 13
  82              		@ sp needed
  83 0024 5DF8047B 		ldr	r7, [sp], #4
  84              		.cfi_restore 7
  85              		.cfi_def_cfa_offset 0
  86 0028 7047     		bx	lr
  87              		.cfi_endproc
ARM GAS  C:\Users\PRESID~1\AppData\Local\Temp\cc2azFHa.s 			page 3


  88              	.LFE1:
  90 002a 00BF     		.align	2
  91              		.global	LLF_SAVE_REGISTERS
  92              		.thumb
  93              		.thumb_func
  95              	LLF_SAVE_REGISTERS:
  96              	.LFB2:
  31:E:\NeuOrga\Programmieren\c_cpp\github_os\input\src\os_drivers\lld_global.c **** void LLF_SAVE_REGISTERS(task_t* task)
  32:E:\NeuOrga\Programmieren\c_cpp\github_os\input\src\os_drivers\lld_global.c **** {
  97              		.loc 1 32 0
  98              		.cfi_startproc
  99              		@ args = 0, pretend = 0, frame = 8
 100              		@ frame_needed = 1, uses_anonymous_args = 0
 101              		@ link register save eliminated.
 102 002c 80B4     		push	{r7}
 103              		.cfi_def_cfa_offset 4
 104              		.cfi_offset 7, -4
 105 002e 83B0     		sub	sp, sp, #12
 106              		.cfi_def_cfa_offset 16
 107 0030 00AF     		add	r7, sp, #0
 108              		.cfi_def_cfa_register 7
 109 0032 7860     		str	r0, [r7, #4]
  33:E:\NeuOrga\Programmieren\c_cpp\github_os\input\src\os_drivers\lld_global.c **** /*TODO*/
  34:E:\NeuOrga\Programmieren\c_cpp\github_os\input\src\os_drivers\lld_global.c **** }
 110              		.loc 1 34 0
 111 0034 0C37     		adds	r7, r7, #12
 112              		.cfi_def_cfa_offset 4
 113 0036 BD46     		mov	sp, r7
 114              		.cfi_def_cfa_register 13
 115              		@ sp needed
 116 0038 5DF8047B 		ldr	r7, [sp], #4
 117              		.cfi_restore 7
 118              		.cfi_def_cfa_offset 0
 119 003c 7047     		bx	lr
 120              		.cfi_endproc
 121              	.LFE2:
 123 003e 00BF     		.align	2
 124              		.global	LLF_RESTORE_TASK_STACK
 125              		.thumb
 126              		.thumb_func
 128              	LLF_RESTORE_TASK_STACK:
 129              	.LFB3:
  35:E:\NeuOrga\Programmieren\c_cpp\github_os\input\src\os_drivers\lld_global.c **** void LLF_RESTORE_TASK_STACK(uint8* StackPointer)
  36:E:\NeuOrga\Programmieren\c_cpp\github_os\input\src\os_drivers\lld_global.c **** {
 130              		.loc 1 36 0
 131              		.cfi_startproc
 132              		@ args = 0, pretend = 0, frame = 8
 133              		@ frame_needed = 1, uses_anonymous_args = 0
 134              		@ link register save eliminated.
 135 0040 80B4     		push	{r7}
 136              		.cfi_def_cfa_offset 4
 137              		.cfi_offset 7, -4
 138 0042 83B0     		sub	sp, sp, #12
 139              		.cfi_def_cfa_offset 16
 140 0044 00AF     		add	r7, sp, #0
 141              		.cfi_def_cfa_register 7
 142 0046 7860     		str	r0, [r7, #4]
ARM GAS  C:\Users\PRESID~1\AppData\Local\Temp\cc2azFHa.s 			page 4


  37:E:\NeuOrga\Programmieren\c_cpp\github_os\input\src\os_drivers\lld_global.c **** /*TODO*/  
  38:E:\NeuOrga\Programmieren\c_cpp\github_os\input\src\os_drivers\lld_global.c **** 
  39:E:\NeuOrga\Programmieren\c_cpp\github_os\input\src\os_drivers\lld_global.c **** }
 143              		.loc 1 39 0
 144 0048 0C37     		adds	r7, r7, #12
 145              		.cfi_def_cfa_offset 4
 146 004a BD46     		mov	sp, r7
 147              		.cfi_def_cfa_register 13
 148              		@ sp needed
 149 004c 5DF8047B 		ldr	r7, [sp], #4
 150              		.cfi_restore 7
 151              		.cfi_def_cfa_offset 0
 152 0050 7047     		bx	lr
 153              		.cfi_endproc
 154              	.LFE3:
 156 0052 00BF     		.align	2
 157              		.global	LLF_RESTORE_REGISTERS
 158              		.thumb
 159              		.thumb_func
 161              	LLF_RESTORE_REGISTERS:
 162              	.LFB4:
  40:E:\NeuOrga\Programmieren\c_cpp\github_os\input\src\os_drivers\lld_global.c **** void LLF_RESTORE_REGISTERS(task_t* task)
  41:E:\NeuOrga\Programmieren\c_cpp\github_os\input\src\os_drivers\lld_global.c **** {
 163              		.loc 1 41 0
 164              		.cfi_startproc
 165              		@ args = 0, pretend = 0, frame = 8
 166              		@ frame_needed = 1, uses_anonymous_args = 0
 167              		@ link register save eliminated.
 168 0054 80B4     		push	{r7}
 169              		.cfi_def_cfa_offset 4
 170              		.cfi_offset 7, -4
 171 0056 83B0     		sub	sp, sp, #12
 172              		.cfi_def_cfa_offset 16
 173 0058 00AF     		add	r7, sp, #0
 174              		.cfi_def_cfa_register 7
 175 005a 7860     		str	r0, [r7, #4]
  42:E:\NeuOrga\Programmieren\c_cpp\github_os\input\src\os_drivers\lld_global.c **** /*TODO*/
  43:E:\NeuOrga\Programmieren\c_cpp\github_os\input\src\os_drivers\lld_global.c **** }
 176              		.loc 1 43 0
 177 005c 0C37     		adds	r7, r7, #12
 178              		.cfi_def_cfa_offset 4
 179 005e BD46     		mov	sp, r7
 180              		.cfi_def_cfa_register 13
 181              		@ sp needed
 182 0060 5DF8047B 		ldr	r7, [sp], #4
 183              		.cfi_restore 7
 184              		.cfi_def_cfa_offset 0
 185 0064 7047     		bx	lr
 186              		.cfi_endproc
 187              	.LFE4:
 189 0066 00BF     		.align	2
 190              		.global	LLF_RESTORE_SYSTEM_STACK
 191              		.thumb
 192              		.thumb_func
 194              	LLF_RESTORE_SYSTEM_STACK:
 195              	.LFB5:
  44:E:\NeuOrga\Programmieren\c_cpp\github_os\input\src\os_drivers\lld_global.c **** void LLF_RESTORE_SYSTEM_STACK(uint8* system_stack_ptr)
ARM GAS  C:\Users\PRESID~1\AppData\Local\Temp\cc2azFHa.s 			page 5


  45:E:\NeuOrga\Programmieren\c_cpp\github_os\input\src\os_drivers\lld_global.c **** {
 196              		.loc 1 45 0
 197              		.cfi_startproc
 198              		@ args = 0, pretend = 0, frame = 8
 199              		@ frame_needed = 1, uses_anonymous_args = 0
 200              		@ link register save eliminated.
 201 0068 80B4     		push	{r7}
 202              		.cfi_def_cfa_offset 4
 203              		.cfi_offset 7, -4
 204 006a 83B0     		sub	sp, sp, #12
 205              		.cfi_def_cfa_offset 16
 206 006c 00AF     		add	r7, sp, #0
 207              		.cfi_def_cfa_register 7
 208 006e 7860     		str	r0, [r7, #4]
  46:E:\NeuOrga\Programmieren\c_cpp\github_os\input\src\os_drivers\lld_global.c **** /*TODO*/  
  47:E:\NeuOrga\Programmieren\c_cpp\github_os\input\src\os_drivers\lld_global.c **** }
 209              		.loc 1 47 0
 210 0070 0C37     		adds	r7, r7, #12
 211              		.cfi_def_cfa_offset 4
 212 0072 BD46     		mov	sp, r7
 213              		.cfi_def_cfa_register 13
 214              		@ sp needed
 215 0074 5DF8047B 		ldr	r7, [sp], #4
 216              		.cfi_restore 7
 217              		.cfi_def_cfa_offset 0
 218 0078 7047     		bx	lr
 219              		.cfi_endproc
 220              	.LFE5:
 222 007a 00BF     		.align	2
 223              		.global	LLF_SAVE_SYSTEM_STACK
 224              		.thumb
 225              		.thumb_func
 227              	LLF_SAVE_SYSTEM_STACK:
 228              	.LFB6:
  48:E:\NeuOrga\Programmieren\c_cpp\github_os\input\src\os_drivers\lld_global.c **** void LLF_SAVE_SYSTEM_STACK(uint8* system_stack_ptr)
  49:E:\NeuOrga\Programmieren\c_cpp\github_os\input\src\os_drivers\lld_global.c **** { 
 229              		.loc 1 49 0
 230              		.cfi_startproc
 231              		@ args = 0, pretend = 0, frame = 8
 232              		@ frame_needed = 1, uses_anonymous_args = 0
 233              		@ link register save eliminated.
 234 007c 80B4     		push	{r7}
 235              		.cfi_def_cfa_offset 4
 236              		.cfi_offset 7, -4
 237 007e 83B0     		sub	sp, sp, #12
 238              		.cfi_def_cfa_offset 16
 239 0080 00AF     		add	r7, sp, #0
 240              		.cfi_def_cfa_register 7
 241 0082 7860     		str	r0, [r7, #4]
  50:E:\NeuOrga\Programmieren\c_cpp\github_os\input\src\os_drivers\lld_global.c **** /*TODO*/
  51:E:\NeuOrga\Programmieren\c_cpp\github_os\input\src\os_drivers\lld_global.c **** }
 242              		.loc 1 51 0
 243 0084 0C37     		adds	r7, r7, #12
 244              		.cfi_def_cfa_offset 4
 245 0086 BD46     		mov	sp, r7
 246              		.cfi_def_cfa_register 13
 247              		@ sp needed
ARM GAS  C:\Users\PRESID~1\AppData\Local\Temp\cc2azFHa.s 			page 6


 248 0088 5DF8047B 		ldr	r7, [sp], #4
 249              		.cfi_restore 7
 250              		.cfi_def_cfa_offset 0
 251 008c 7047     		bx	lr
 252              		.cfi_endproc
 253              	.LFE6:
 255 008e 00BF     		.align	2
 256              		.global	LLF_CLEAR_ALL_GP_REGISTERS
 257              		.thumb
 258              		.thumb_func
 260              	LLF_CLEAR_ALL_GP_REGISTERS:
 261              	.LFB7:
  52:E:\NeuOrga\Programmieren\c_cpp\github_os\input\src\os_drivers\lld_global.c **** void LLF_CLEAR_ALL_GP_REGISTERS(uint8* system_stack_ptr)
  53:E:\NeuOrga\Programmieren\c_cpp\github_os\input\src\os_drivers\lld_global.c **** { 
 262              		.loc 1 53 0
 263              		.cfi_startproc
 264              		@ args = 0, pretend = 0, frame = 8
 265              		@ frame_needed = 1, uses_anonymous_args = 0
 266              		@ link register save eliminated.
 267 0090 80B4     		push	{r7}
 268              		.cfi_def_cfa_offset 4
 269              		.cfi_offset 7, -4
 270 0092 83B0     		sub	sp, sp, #12
 271              		.cfi_def_cfa_offset 16
 272 0094 00AF     		add	r7, sp, #0
 273              		.cfi_def_cfa_register 7
 274 0096 7860     		str	r0, [r7, #4]
  54:E:\NeuOrga\Programmieren\c_cpp\github_os\input\src\os_drivers\lld_global.c **** /*TODO*/
  55:E:\NeuOrga\Programmieren\c_cpp\github_os\input\src\os_drivers\lld_global.c **** }
 275              		.loc 1 55 0
 276 0098 0C37     		adds	r7, r7, #12
 277              		.cfi_def_cfa_offset 4
 278 009a BD46     		mov	sp, r7
 279              		.cfi_def_cfa_register 13
 280              		@ sp needed
 281 009c 5DF8047B 		ldr	r7, [sp], #4
 282              		.cfi_restore 7
 283              		.cfi_def_cfa_offset 0
 284 00a0 7047     		bx	lr
 285              		.cfi_endproc
 286              	.LFE7:
 288 00a2 00BF     		.align	2
 289              		.global	LLF_PERFORM_RAM_CHECK
 290              		.thumb
 291              		.thumb_func
 293              	LLF_PERFORM_RAM_CHECK:
 294              	.LFB8:
  56:E:\NeuOrga\Programmieren\c_cpp\github_os\input\src\os_drivers\lld_global.c **** void LLF_PERFORM_RAM_CHECK(void)
  57:E:\NeuOrga\Programmieren\c_cpp\github_os\input\src\os_drivers\lld_global.c **** {
 295              		.loc 1 57 0
 296              		.cfi_startproc
 297              		@ args = 0, pretend = 0, frame = 0
 298              		@ frame_needed = 1, uses_anonymous_args = 0
 299              		@ link register save eliminated.
 300 00a4 80B4     		push	{r7}
 301              		.cfi_def_cfa_offset 4
 302              		.cfi_offset 7, -4
ARM GAS  C:\Users\PRESID~1\AppData\Local\Temp\cc2azFHa.s 			page 7


 303 00a6 00AF     		add	r7, sp, #0
 304              		.cfi_def_cfa_register 7
  58:E:\NeuOrga\Programmieren\c_cpp\github_os\input\src\os_drivers\lld_global.c ****    /*TODO*/
  59:E:\NeuOrga\Programmieren\c_cpp\github_os\input\src\os_drivers\lld_global.c **** }...
 305              		.loc 1 59 0
 306 00a8 BD46     		mov	sp, r7
 307              		.cfi_def_cfa_register 13
 308              		@ sp needed
 309 00aa 5DF8047B 		ldr	r7, [sp], #4
 310              		.cfi_restore 7
 311              		.cfi_def_cfa_offset 0
 312 00ae 7047     		bx	lr
 313              		.cfi_endproc
 314              	.LFE8:
 316              	.Letext0:
 317              		.file 2 "e:\\neuorga\\programmieren\\c_cpp\\github_os\\input\\src\\os_base\\os_base_types.h"
 318              		.file 3 "e:\\neuorga\\programmieren\\c_cpp\\github_os\\input\\src\\os_drivers\\lld_core.h"
 319              		.file 4 "e:\\neuorga\\programmieren\\c_cpp\\github_os\\input\\src\\os_base\\os_task_common.h"
ARM GAS  C:\Users\PRESID~1\AppData\Local\Temp\cc2azFHa.s 			page 8


DEFINED SYMBOLS
                            *ABS*:00000000 lld_global.c
C:\Users\PRESID~1\AppData\Local\Temp\cc2azFHa.s:18     .text:00000000 $t
C:\Users\PRESID~1\AppData\Local\Temp\cc2azFHa.s:23     .text:00000000 Get_core_id
C:\Users\PRESID~1\AppData\Local\Temp\cc2azFHa.s:62     .text:00000018 LLF_SAVE_TASK_STACK
C:\Users\PRESID~1\AppData\Local\Temp\cc2azFHa.s:95     .text:0000002c LLF_SAVE_REGISTERS
C:\Users\PRESID~1\AppData\Local\Temp\cc2azFHa.s:128    .text:00000040 LLF_RESTORE_TASK_STACK
C:\Users\PRESID~1\AppData\Local\Temp\cc2azFHa.s:161    .text:00000054 LLF_RESTORE_REGISTERS
C:\Users\PRESID~1\AppData\Local\Temp\cc2azFHa.s:194    .text:00000068 LLF_RESTORE_SYSTEM_STACK
C:\Users\PRESID~1\AppData\Local\Temp\cc2azFHa.s:227    .text:0000007c LLF_SAVE_SYSTEM_STACK
C:\Users\PRESID~1\AppData\Local\Temp\cc2azFHa.s:260    .text:00000090 LLF_CLEAR_ALL_GP_REGISTERS
C:\Users\PRESID~1\AppData\Local\Temp\cc2azFHa.s:293    .text:000000a4 LLF_PERFORM_RAM_CHECK
                     .debug_frame:00000010 $d
                           .group:00000000 wm4.0.718a663455c795daf5c6dd176ef70bbe
                           .group:00000000 wm4.os_base_types.h.2.f3c0267f175f5cbacca6b71710665a02
                           .group:00000000 wm4.os_common.h.2.9521b3e5c1199f549394d32eec33a9c8
                           .group:00000000 wm4.lld_interrupt.h.2.b1b940a31d6b49628a13b8fe5e920a88
                           .group:00000000 wm4.os_task_config.h.2.7cfaa082f19f6144d85c64ce1f04b914
                           .group:00000000 wm4.os_task_common.h.92.310ae0de7be5874c80e3c1d4bf919b37

NO UNDEFINED SYMBOLS
