ARM GAS  C:\Users\PRESID~1\AppData\Local\Temp\ccC7bEfH.s 			page 1


   1              		.syntax unified
   2              		.cpu cortex-m4
   3              		.fpu softvfp
   4              		.eabi_attribute 20, 1
   5              		.eabi_attribute 21, 1
   6              		.eabi_attribute 23, 3
   7              		.eabi_attribute 24, 1
   8              		.eabi_attribute 25, 1
   9              		.eabi_attribute 26, 1
  10              		.eabi_attribute 30, 6
  11              		.eabi_attribute 34, 1
  12              		.eabi_attribute 18, 4
  13              		.thumb
  14              		.file	"lld_timer.c"
  15              		.text
  16              	.Ltext0:
  17              		.cfi_sections	.debug_frame
  18              		.align	2
  19              		.global	LLF_UP_CNT_TIMER_32
  20              		.thumb
  21              		.thumb_func
  23              	LLF_UP_CNT_TIMER_32:
  24              	.LFB0:
  25              		.file 1 "E:\\NeuOrga\\Programmieren\\c_cpp\\github_os\\input\\src\\os_drivers\\lld_timer.c"
   1:E:\NeuOrga\Programmieren\c_cpp\github_os\input\src\os_drivers\lld_timer.c **** #include "..\os_base\os_firstinc.h"
   2:E:\NeuOrga\Programmieren\c_cpp\github_os\input\src\os_drivers\lld_timer.c **** uint32 LLF_UP_CNT_TIMER_32(void)
   3:E:\NeuOrga\Programmieren\c_cpp\github_os\input\src\os_drivers\lld_timer.c **** {
  26              		.loc 1 3 0
  27              		.cfi_startproc
  28              		@ args = 0, pretend = 0, frame = 0
  29              		@ frame_needed = 1, uses_anonymous_args = 0
  30              		@ link register save eliminated.
  31 0000 80B4     		push	{r7}
  32              		.cfi_def_cfa_offset 4
  33              		.cfi_offset 7, -4
  34 0002 00AF     		add	r7, sp, #0
  35              		.cfi_def_cfa_register 7
   4:E:\NeuOrga\Programmieren\c_cpp\github_os\input\src\os_drivers\lld_timer.c ****    /*#warn "LLF_UP_CNT_TIMER_32 not implemented yet"*/
   5:E:\NeuOrga\Programmieren\c_cpp\github_os\input\src\os_drivers\lld_timer.c ****    return 0;
  36              		.loc 1 5 0
  37 0004 0023     		movs	r3, #0
   6:E:\NeuOrga\Programmieren\c_cpp\github_os\input\src\os_drivers\lld_timer.c **** }
  38              		.loc 1 6 0
  39 0006 1846     		mov	r0, r3
  40 0008 BD46     		mov	sp, r7
  41              		.cfi_def_cfa_register 13
  42              		@ sp needed
  43 000a 5DF8047B 		ldr	r7, [sp], #4
  44              		.cfi_restore 7
  45              		.cfi_def_cfa_offset 0
  46 000e 7047     		bx	lr
  47              		.cfi_endproc
  48              	.LFE0:
  50              		.align	2
  51              		.global	LLF_ADD_2_TCMP
  52              		.thumb
  53              		.thumb_func
ARM GAS  C:\Users\PRESID~1\AppData\Local\Temp\ccC7bEfH.s 			page 2


  55              	LLF_ADD_2_TCMP:
  56              	.LFB1:
   7:E:\NeuOrga\Programmieren\c_cpp\github_os\input\src\os_drivers\lld_timer.c **** void LLF_ADD_2_TCMP(unsigned_int32_t value_us)
   8:E:\NeuOrga\Programmieren\c_cpp\github_os\input\src\os_drivers\lld_timer.c **** {
  57              		.loc 1 8 0
  58              		.cfi_startproc
  59              		@ args = 0, pretend = 0, frame = 8
  60              		@ frame_needed = 1, uses_anonymous_args = 0
  61              		@ link register save eliminated.
  62 0010 80B4     		push	{r7}
  63              		.cfi_def_cfa_offset 4
  64              		.cfi_offset 7, -4
  65 0012 83B0     		sub	sp, sp, #12
  66              		.cfi_def_cfa_offset 16
  67 0014 00AF     		add	r7, sp, #0
  68              		.cfi_def_cfa_register 7
  69 0016 7860     		str	r0, [r7, #4]
   9:E:\NeuOrga\Programmieren\c_cpp\github_os\input\src\os_drivers\lld_timer.c ****    ReferenceUnusedParameter(value_us);
  10:E:\NeuOrga\Programmieren\c_cpp\github_os\input\src\os_drivers\lld_timer.c ****    /*#warn "LLF_ADD_2_TCMP not implemented yet"*/
  11:E:\NeuOrga\Programmieren\c_cpp\github_os\input\src\os_drivers\lld_timer.c **** }
  70              		.loc 1 11 0
  71 0018 0C37     		adds	r7, r7, #12
  72              		.cfi_def_cfa_offset 4
  73 001a BD46     		mov	sp, r7
  74              		.cfi_def_cfa_register 13
  75              		@ sp needed
  76 001c 5DF8047B 		ldr	r7, [sp], #4
  77              		.cfi_restore 7
  78              		.cfi_def_cfa_offset 0
  79 0020 7047     		bx	lr
  80              		.cfi_endproc
  81              	.LFE1:
  83 0022 00BF     		.align	2
  84              		.global	LLF_TCMP1_CONFIG
  85              		.thumb
  86              		.thumb_func
  88              	LLF_TCMP1_CONFIG:
  89              	.LFB2:
  12:E:\NeuOrga\Programmieren\c_cpp\github_os\input\src\os_drivers\lld_timer.c **** void LLF_TCMP1_CONFIG(void)
  13:E:\NeuOrga\Programmieren\c_cpp\github_os\input\src\os_drivers\lld_timer.c **** {
  90              		.loc 1 13 0
  91              		.cfi_startproc
  92              		@ args = 0, pretend = 0, frame = 0
  93              		@ frame_needed = 1, uses_anonymous_args = 0
  94              		@ link register save eliminated.
  95 0024 80B4     		push	{r7}
  96              		.cfi_def_cfa_offset 4
  97              		.cfi_offset 7, -4
  98 0026 00AF     		add	r7, sp, #0
  99              		.cfi_def_cfa_register 7
  14:E:\NeuOrga\Programmieren\c_cpp\github_os\input\src\os_drivers\lld_timer.c ****    /* setup the sys tick timer */
  15:E:\NeuOrga\Programmieren\c_cpp\github_os\input\src\os_drivers\lld_timer.c ****    /*#warn "LLF_TCMP1_CONFIG not implemented yet"*/
  16:E:\NeuOrga\Programmieren\c_cpp\github_os\input\src\os_drivers\lld_timer.c **** }
 100              		.loc 1 16 0
 101 0028 BD46     		mov	sp, r7
 102              		.cfi_def_cfa_register 13
 103              		@ sp needed
ARM GAS  C:\Users\PRESID~1\AppData\Local\Temp\ccC7bEfH.s 			page 3


 104 002a 5DF8047B 		ldr	r7, [sp], #4
 105              		.cfi_restore 7
 106              		.cfi_def_cfa_offset 0
 107 002e 7047     		bx	lr
 108              		.cfi_endproc
 109              	.LFE2:
 111              	.Letext0:
 112              		.file 2 "e:\\neuorga\\programmieren\\c_cpp\\github_os\\input\\src\\os_base\\os_base_types.h"
ARM GAS  C:\Users\PRESID~1\AppData\Local\Temp\ccC7bEfH.s 			page 4


DEFINED SYMBOLS
                            *ABS*:00000000 lld_timer.c
C:\Users\PRESID~1\AppData\Local\Temp\ccC7bEfH.s:18     .text:00000000 $t
C:\Users\PRESID~1\AppData\Local\Temp\ccC7bEfH.s:23     .text:00000000 LLF_UP_CNT_TIMER_32
C:\Users\PRESID~1\AppData\Local\Temp\ccC7bEfH.s:55     .text:00000010 LLF_ADD_2_TCMP
C:\Users\PRESID~1\AppData\Local\Temp\ccC7bEfH.s:88     .text:00000024 LLF_TCMP1_CONFIG
                     .debug_frame:00000010 $d
                           .group:00000000 wm4.0.718a663455c795daf5c6dd176ef70bbe
                           .group:00000000 wm4.os_base_types.h.2.f3c0267f175f5cbacca6b71710665a02
                           .group:00000000 wm4.os_common.h.2.9521b3e5c1199f549394d32eec33a9c8
                           .group:00000000 wm4.lld_interrupt.h.2.b1b940a31d6b49628a13b8fe5e920a88
                           .group:00000000 wm4.os_task_config.h.2.7cfaa082f19f6144d85c64ce1f04b914
                           .group:00000000 wm4.os_task_common.h.92.310ae0de7be5874c80e3c1d4bf919b37

NO UNDEFINED SYMBOLS
