GAS LISTING C:\Users\PRESID~1\AppData\Local\Temp\cc8NsBQ3.s 			page 1


   1              		.file	"os_const.c"
   2              		.text
   3              	Ltext0:
   4              	Letext0:
   5              		.section	.debug_info,"dr"
   6              	Ldebug_info0:
   7 0000 01010000 		.long	0x101
   8 0004 0400     		.word	0x4
   9 0006 00000000 		.secrel32	Ldebug_abbrev0
  10 000a 04       		.byte	0x4
  11 000b 01       		.uleb128 0x1
  12 000c 474E5520 		.ascii "GNU C 4.9.3 -march=i386 -g3 -O0 -std=c90\0"
  12      4320342E 
  12      392E3320 
  12      2D6D6172 
  12      63683D69 
  13 0035 01       		.byte	0x1
  14 0036 453A5C4E 		.ascii "E:\\NeuOrga\\Programmieren\\c_cpp\\github_os\\input\\src\\os_base\\os_const.c\0"
  14      65754F72 
  14      67615C50 
  14      726F6772 
  14      616D6D69 
  15 007c 00000000 		.secrel32	Ldebug_line0
  16 0080 00000000 		.secrel32	Ldebug_macro0
  17 0084 02       		.uleb128 0x2
  18 0085 01       		.byte	0x1
  19 0086 08       		.byte	0x8
  20 0087 756E7369 		.ascii "unsigned char\0"
  20      676E6564 
  20      20636861 
  20      7200
  21 0095 02       		.uleb128 0x2
  22 0096 01       		.byte	0x1
  23 0097 06       		.byte	0x6
  24 0098 7369676E 		.ascii "signed char\0"
  24      65642063 
  24      68617200 
  25 00a4 02       		.uleb128 0x2
  26 00a5 02       		.byte	0x2
  27 00a6 07       		.byte	0x7
  28 00a7 73686F72 		.ascii "short unsigned int\0"
  28      7420756E 
  28      7369676E 
  28      65642069 
  28      6E7400
  29 00ba 02       		.uleb128 0x2
  30 00bb 02       		.byte	0x2
  31 00bc 05       		.byte	0x5
  32 00bd 73686F72 		.ascii "short int\0"
  32      7420696E 
  32      7400
  33 00c7 02       		.uleb128 0x2
  34 00c8 04       		.byte	0x4
  35 00c9 07       		.byte	0x7
  36 00ca 6C6F6E67 		.ascii "long unsigned int\0"
  36      20756E73 
  36      69676E65 
GAS LISTING C:\Users\PRESID~1\AppData\Local\Temp\cc8NsBQ3.s 			page 2


  36      6420696E 
  36      7400
  37 00dc 02       		.uleb128 0x2
  38 00dd 04       		.byte	0x4
  39 00de 05       		.byte	0x5
  40 00df 6C6F6E67 		.ascii "long int\0"
  40      20696E74 
  40      00
  41 00e8 02       		.uleb128 0x2
  42 00e9 04       		.byte	0x4
  43 00ea 07       		.byte	0x7
  44 00eb 73697A65 		.ascii "sizetype\0"
  44      74797065 
  44      00
  45 00f4 02       		.uleb128 0x2
  46 00f5 04       		.byte	0x4
  47 00f6 07       		.byte	0x7
  48 00f7 756E7369 		.ascii "unsigned int\0"
  48      676E6564 
  48      20696E74 
  48      00
  49 0104 00       		.byte	0
  50              		.section	.debug_abbrev,"dr"
  51              	Ldebug_abbrev0:
  52 0000 01       		.uleb128 0x1
  53 0001 11       		.uleb128 0x11
  54 0002 01       		.byte	0x1
  55 0003 25       		.uleb128 0x25
  56 0004 08       		.uleb128 0x8
  57 0005 13       		.uleb128 0x13
  58 0006 0B       		.uleb128 0xb
  59 0007 03       		.uleb128 0x3
  60 0008 08       		.uleb128 0x8
  61 0009 10       		.uleb128 0x10
  62 000a 17       		.uleb128 0x17
  63 000b 9942     		.uleb128 0x2119
  64 000d 17       		.uleb128 0x17
  65 000e 00       		.byte	0
  66 000f 00       		.byte	0
  67 0010 02       		.uleb128 0x2
  68 0011 24       		.uleb128 0x24
  69 0012 00       		.byte	0
  70 0013 0B       		.uleb128 0xb
  71 0014 0B       		.uleb128 0xb
  72 0015 3E       		.uleb128 0x3e
  73 0016 0B       		.uleb128 0xb
  74 0017 03       		.uleb128 0x3
  75 0018 08       		.uleb128 0x8
  76 0019 00       		.byte	0
  77 001a 00       		.byte	0
  78 001b 00       		.byte	0
  79              		.section	.debug_aranges,"dr"
  80 0000 14000000 		.long	0x14
  81 0004 0200     		.word	0x2
  82 0006 00000000 		.secrel32	Ldebug_info0
  83 000a 04       		.byte	0x4
  84 000b 00       		.byte	0
GAS LISTING C:\Users\PRESID~1\AppData\Local\Temp\cc8NsBQ3.s 			page 3


  85 000c 0000     		.word	0
  86 000e 0000     		.word	0
  87 0010 00000000 		.long	0
  88 0014 00000000 		.long	0
  89              		.section	.debug_macro,"dr"
  90              	Ldebug_macro0:
  91 0000 0400     		.word	0x4
  92 0002 02       		.byte	0x2
  93 0003 00000000 		.secrel32	Ldebug_line0
  94 0007 01       		.byte	0x1
  95 0008 00       		.uleb128 0
  96 0009 5F5F5354 		.ascii "__STDC__ 1\0"
  96      44435F5F 
  96      203100
  97 0014 01       		.byte	0x1
  98 0015 00       		.uleb128 0
  99 0016 5F5F5354 		.ascii "__STDC_HOSTED__ 1\0"
  99      44435F48 
  99      4F535445 
  99      445F5F20 
  99      3100
 100 0028 01       		.byte	0x1
 101 0029 00       		.uleb128 0
 102 002a 5F5F474E 		.ascii "__GNUC__ 4\0"
 102      55435F5F 
 102      203400
 103 0035 01       		.byte	0x1
 104 0036 00       		.uleb128 0
 105 0037 5F5F474E 		.ascii "__GNUC_MINOR__ 9\0"
 105      55435F4D 
 105      494E4F52 
 105      5F5F2039 
 105      00
 106 0048 01       		.byte	0x1
 107 0049 00       		.uleb128 0
 108 004a 5F5F474E 		.ascii "__GNUC_PATCHLEVEL__ 3\0"
 108      55435F50 
 108      41544348 
 108      4C455645 
 108      4C5F5F20 
 109 0060 01       		.byte	0x1
 110 0061 00       		.uleb128 0
 111 0062 5F5F5645 		.ascii "__VERSION__ \"4.9.3\"\0"
 111      5253494F 
 111      4E5F5F20 
 111      22342E39 
 111      2E332200 
 112 0076 01       		.byte	0x1
 113 0077 00       		.uleb128 0
 114 0078 5F5F4154 		.ascii "__ATOMIC_RELAXED 0\0"
 114      4F4D4943 
 114      5F52454C 
 114      41584544 
 114      203000
 115 008b 01       		.byte	0x1
 116 008c 00       		.uleb128 0
 117 008d 5F5F4154 		.ascii "__ATOMIC_SEQ_CST 5\0"
GAS LISTING C:\Users\PRESID~1\AppData\Local\Temp\cc8NsBQ3.s 			page 4


 117      4F4D4943 
 117      5F534551 
 117      5F435354 
 117      203500
 118 00a0 01       		.byte	0x1
 119 00a1 00       		.uleb128 0
 120 00a2 5F5F4154 		.ascii "__ATOMIC_ACQUIRE 2\0"
 120      4F4D4943 
 120      5F414351 
 120      55495245 
 120      203200
 121 00b5 01       		.byte	0x1
 122 00b6 00       		.uleb128 0
 123 00b7 5F5F4154 		.ascii "__ATOMIC_RELEASE 3\0"
 123      4F4D4943 
 123      5F52454C 
 123      45415345 
 123      203300
 124 00ca 01       		.byte	0x1
 125 00cb 00       		.uleb128 0
 126 00cc 5F5F4154 		.ascii "__ATOMIC_ACQ_REL 4\0"
 126      4F4D4943 
 126      5F414351 
 126      5F52454C 
 126      203400
 127 00df 01       		.byte	0x1
 128 00e0 00       		.uleb128 0
 129 00e1 5F5F4154 		.ascii "__ATOMIC_CONSUME 1\0"
 129      4F4D4943 
 129      5F434F4E 
 129      53554D45 
 129      203100
 130 00f4 01       		.byte	0x1
 131 00f5 00       		.uleb128 0
 132 00f6 5F5F4649 		.ascii "__FINITE_MATH_ONLY__ 0\0"
 132      4E495445 
 132      5F4D4154 
 132      485F4F4E 
 132      4C595F5F 
 133 010d 01       		.byte	0x1
 134 010e 00       		.uleb128 0
 135 010f 5F5F5349 		.ascii "__SIZEOF_INT__ 4\0"
 135      5A454F46 
 135      5F494E54 
 135      5F5F2034 
 135      00
 136 0120 01       		.byte	0x1
 137 0121 00       		.uleb128 0
 138 0122 5F5F5349 		.ascii "__SIZEOF_LONG__ 4\0"
 138      5A454F46 
 138      5F4C4F4E 
 138      475F5F20 
 138      3400
 139 0134 01       		.byte	0x1
 140 0135 00       		.uleb128 0
 141 0136 5F5F5349 		.ascii "__SIZEOF_LONG_LONG__ 8\0"
 141      5A454F46 
GAS LISTING C:\Users\PRESID~1\AppData\Local\Temp\cc8NsBQ3.s 			page 5


 141      5F4C4F4E 
 141      475F4C4F 
 141      4E475F5F 
 142 014d 01       		.byte	0x1
 143 014e 00       		.uleb128 0
 144 014f 5F5F5349 		.ascii "__SIZEOF_SHORT__ 2\0"
 144      5A454F46 
 144      5F53484F 
 144      52545F5F 
 144      203200
 145 0162 01       		.byte	0x1
 146 0163 00       		.uleb128 0
 147 0164 5F5F5349 		.ascii "__SIZEOF_FLOAT__ 4\0"
 147      5A454F46 
 147      5F464C4F 
 147      41545F5F 
 147      203400
 148 0177 01       		.byte	0x1
 149 0178 00       		.uleb128 0
 150 0179 5F5F5349 		.ascii "__SIZEOF_DOUBLE__ 8\0"
 150      5A454F46 
 150      5F444F55 
 150      424C455F 
 150      5F203800 
 151 018d 01       		.byte	0x1
 152 018e 00       		.uleb128 0
 153 018f 5F5F5349 		.ascii "__SIZEOF_LONG_DOUBLE__ 12\0"
 153      5A454F46 
 153      5F4C4F4E 
 153      475F444F 
 153      55424C45 
 154 01a9 01       		.byte	0x1
 155 01aa 00       		.uleb128 0
 156 01ab 5F5F5349 		.ascii "__SIZEOF_SIZE_T__ 4\0"
 156      5A454F46 
 156      5F53495A 
 156      455F545F 
 156      5F203400 
 157 01bf 01       		.byte	0x1
 158 01c0 00       		.uleb128 0
 159 01c1 5F5F4348 		.ascii "__CHAR_BIT__ 8\0"
 159      41525F42 
 159      49545F5F 
 159      203800
 160 01d0 01       		.byte	0x1
 161 01d1 00       		.uleb128 0
 162 01d2 5F5F4249 		.ascii "__BIGGEST_ALIGNMENT__ 16\0"
 162      47474553 
 162      545F414C 
 162      49474E4D 
 162      454E545F 
 163 01eb 01       		.byte	0x1
 164 01ec 00       		.uleb128 0
 165 01ed 5F5F4F52 		.ascii "__ORDER_LITTLE_ENDIAN__ 1234\0"
 165      4445525F 
 165      4C495454 
 165      4C455F45 
GAS LISTING C:\Users\PRESID~1\AppData\Local\Temp\cc8NsBQ3.s 			page 6


 165      4E444941 
 166 020a 01       		.byte	0x1
 167 020b 00       		.uleb128 0
 168 020c 5F5F4F52 		.ascii "__ORDER_BIG_ENDIAN__ 4321\0"
 168      4445525F 
 168      4249475F 
 168      454E4449 
 168      414E5F5F 
 169 0226 01       		.byte	0x1
 170 0227 00       		.uleb128 0
 171 0228 5F5F4F52 		.ascii "__ORDER_PDP_ENDIAN__ 3412\0"
 171      4445525F 
 171      5044505F 
 171      454E4449 
 171      414E5F5F 
 172 0242 01       		.byte	0x1
 173 0243 00       		.uleb128 0
 174 0244 5F5F4259 		.ascii "__BYTE_ORDER__ __ORDER_LITTLE_ENDIAN__\0"
 174      54455F4F 
 174      52444552 
 174      5F5F205F 
 174      5F4F5244 
 175 026b 01       		.byte	0x1
 176 026c 00       		.uleb128 0
 177 026d 5F5F464C 		.ascii "__FLOAT_WORD_ORDER__ __ORDER_LITTLE_ENDIAN__\0"
 177      4F41545F 
 177      574F5244 
 177      5F4F5244 
 177      45525F5F 
 178 029a 01       		.byte	0x1
 179 029b 00       		.uleb128 0
 180 029c 5F5F5349 		.ascii "__SIZEOF_POINTER__ 4\0"
 180      5A454F46 
 180      5F504F49 
 180      4E544552 
 180      5F5F2034 
 181 02b1 01       		.byte	0x1
 182 02b2 00       		.uleb128 0
 183 02b3 5F5F5349 		.ascii "__SIZE_TYPE__ unsigned int\0"
 183      5A455F54 
 183      5950455F 
 183      5F20756E 
 183      7369676E 
 184 02ce 01       		.byte	0x1
 185 02cf 00       		.uleb128 0
 186 02d0 5F5F5054 		.ascii "__PTRDIFF_TYPE__ int\0"
 186      52444946 
 186      465F5459 
 186      50455F5F 
 186      20696E74 
 187 02e5 01       		.byte	0x1
 188 02e6 00       		.uleb128 0
 189 02e7 5F5F5743 		.ascii "__WCHAR_TYPE__ short unsigned int\0"
 189      4841525F 
 189      54595045 
 189      5F5F2073 
 189      686F7274 
GAS LISTING C:\Users\PRESID~1\AppData\Local\Temp\cc8NsBQ3.s 			page 7


 190 0309 01       		.byte	0x1
 191 030a 00       		.uleb128 0
 192 030b 5F5F5749 		.ascii "__WINT_TYPE__ short unsigned int\0"
 192      4E545F54 
 192      5950455F 
 192      5F207368 
 192      6F727420 
 193 032c 01       		.byte	0x1
 194 032d 00       		.uleb128 0
 195 032e 5F5F494E 		.ascii "__INTMAX_TYPE__ long long int\0"
 195      544D4158 
 195      5F545950 
 195      455F5F20 
 195      6C6F6E67 
 196 034c 01       		.byte	0x1
 197 034d 00       		.uleb128 0
 198 034e 5F5F5549 		.ascii "__UINTMAX_TYPE__ long long unsigned int\0"
 198      4E544D41 
 198      585F5459 
 198      50455F5F 
 198      206C6F6E 
 199 0376 01       		.byte	0x1
 200 0377 00       		.uleb128 0
 201 0378 5F5F4348 		.ascii "__CHAR16_TYPE__ short unsigned int\0"
 201      41523136 
 201      5F545950 
 201      455F5F20 
 201      73686F72 
 202 039b 01       		.byte	0x1
 203 039c 00       		.uleb128 0
 204 039d 5F5F4348 		.ascii "__CHAR32_TYPE__ unsigned int\0"
 204      41523332 
 204      5F545950 
 204      455F5F20 
 204      756E7369 
 205 03ba 01       		.byte	0x1
 206 03bb 00       		.uleb128 0
 207 03bc 5F5F5349 		.ascii "__SIG_ATOMIC_TYPE__ int\0"
 207      475F4154 
 207      4F4D4943 
 207      5F545950 
 207      455F5F20 
 208 03d4 01       		.byte	0x1
 209 03d5 00       		.uleb128 0
 210 03d6 5F5F494E 		.ascii "__INT8_TYPE__ signed char\0"
 210      54385F54 
 210      5950455F 
 210      5F207369 
 210      676E6564 
 211 03f0 01       		.byte	0x1
 212 03f1 00       		.uleb128 0
 213 03f2 5F5F494E 		.ascii "__INT16_TYPE__ short int\0"
 213      5431365F 
 213      54595045 
 213      5F5F2073 
 213      686F7274 
 214 040b 01       		.byte	0x1
GAS LISTING C:\Users\PRESID~1\AppData\Local\Temp\cc8NsBQ3.s 			page 8


 215 040c 00       		.uleb128 0
 216 040d 5F5F494E 		.ascii "__INT32_TYPE__ int\0"
 216      5433325F 
 216      54595045 
 216      5F5F2069 
 216      6E7400
 217 0420 01       		.byte	0x1
 218 0421 00       		.uleb128 0
 219 0422 5F5F494E 		.ascii "__INT64_TYPE__ long long int\0"
 219      5436345F 
 219      54595045 
 219      5F5F206C 
 219      6F6E6720 
 220 043f 01       		.byte	0x1
 221 0440 00       		.uleb128 0
 222 0441 5F5F5549 		.ascii "__UINT8_TYPE__ unsigned char\0"
 222      4E54385F 
 222      54595045 
 222      5F5F2075 
 222      6E736967 
 223 045e 01       		.byte	0x1
 224 045f 00       		.uleb128 0
 225 0460 5F5F5549 		.ascii "__UINT16_TYPE__ short unsigned int\0"
 225      4E543136 
 225      5F545950 
 225      455F5F20 
 225      73686F72 
 226 0483 01       		.byte	0x1
 227 0484 00       		.uleb128 0
 228 0485 5F5F5549 		.ascii "__UINT32_TYPE__ unsigned int\0"
 228      4E543332 
 228      5F545950 
 228      455F5F20 
 228      756E7369 
 229 04a2 01       		.byte	0x1
 230 04a3 00       		.uleb128 0
 231 04a4 5F5F5549 		.ascii "__UINT64_TYPE__ long long unsigned int\0"
 231      4E543634 
 231      5F545950 
 231      455F5F20 
 231      6C6F6E67 
 232 04cb 01       		.byte	0x1
 233 04cc 00       		.uleb128 0
 234 04cd 5F5F494E 		.ascii "__INT_LEAST8_TYPE__ signed char\0"
 234      545F4C45 
 234      41535438 
 234      5F545950 
 234      455F5F20 
 235 04ed 01       		.byte	0x1
 236 04ee 00       		.uleb128 0
 237 04ef 5F5F494E 		.ascii "__INT_LEAST16_TYPE__ short int\0"
 237      545F4C45 
 237      41535431 
 237      365F5459 
 237      50455F5F 
 238 050e 01       		.byte	0x1
 239 050f 00       		.uleb128 0
GAS LISTING C:\Users\PRESID~1\AppData\Local\Temp\cc8NsBQ3.s 			page 9


 240 0510 5F5F494E 		.ascii "__INT_LEAST32_TYPE__ int\0"
 240      545F4C45 
 240      41535433 
 240      325F5459 
 240      50455F5F 
 241 0529 01       		.byte	0x1
 242 052a 00       		.uleb128 0
 243 052b 5F5F494E 		.ascii "__INT_LEAST64_TYPE__ long long int\0"
 243      545F4C45 
 243      41535436 
 243      345F5459 
 243      50455F5F 
 244 054e 01       		.byte	0x1
 245 054f 00       		.uleb128 0
 246 0550 5F5F5549 		.ascii "__UINT_LEAST8_TYPE__ unsigned char\0"
 246      4E545F4C 
 246      45415354 
 246      385F5459 
 246      50455F5F 
 247 0573 01       		.byte	0x1
 248 0574 00       		.uleb128 0
 249 0575 5F5F5549 		.ascii "__UINT_LEAST16_TYPE__ short unsigned int\0"
 249      4E545F4C 
 249      45415354 
 249      31365F54 
 249      5950455F 
 250 059e 01       		.byte	0x1
 251 059f 00       		.uleb128 0
 252 05a0 5F5F5549 		.ascii "__UINT_LEAST32_TYPE__ unsigned int\0"
 252      4E545F4C 
 252      45415354 
 252      33325F54 
 252      5950455F 
 253 05c3 01       		.byte	0x1
 254 05c4 00       		.uleb128 0
 255 05c5 5F5F5549 		.ascii "__UINT_LEAST64_TYPE__ long long unsigned int\0"
 255      4E545F4C 
 255      45415354 
 255      36345F54 
 255      5950455F 
 256 05f2 01       		.byte	0x1
 257 05f3 00       		.uleb128 0
 258 05f4 5F5F494E 		.ascii "__INT_FAST8_TYPE__ signed char\0"
 258      545F4641 
 258      5354385F 
 258      54595045 
 258      5F5F2073 
 259 0613 01       		.byte	0x1
 260 0614 00       		.uleb128 0
 261 0615 5F5F494E 		.ascii "__INT_FAST16_TYPE__ short int\0"
 261      545F4641 
 261      53543136 
 261      5F545950 
 261      455F5F20 
 262 0633 01       		.byte	0x1
 263 0634 00       		.uleb128 0
 264 0635 5F5F494E 		.ascii "__INT_FAST32_TYPE__ int\0"
GAS LISTING C:\Users\PRESID~1\AppData\Local\Temp\cc8NsBQ3.s 			page 10


 264      545F4641 
 264      53543332 
 264      5F545950 
 264      455F5F20 
 265 064d 01       		.byte	0x1
 266 064e 00       		.uleb128 0
 267 064f 5F5F494E 		.ascii "__INT_FAST64_TYPE__ long long int\0"
 267      545F4641 
 267      53543634 
 267      5F545950 
 267      455F5F20 
 268 0671 01       		.byte	0x1
 269 0672 00       		.uleb128 0
 270 0673 5F5F5549 		.ascii "__UINT_FAST8_TYPE__ unsigned char\0"
 270      4E545F46 
 270      41535438 
 270      5F545950 
 270      455F5F20 
 271 0695 01       		.byte	0x1
 272 0696 00       		.uleb128 0
 273 0697 5F5F5549 		.ascii "__UINT_FAST16_TYPE__ short unsigned int\0"
 273      4E545F46 
 273      41535431 
 273      365F5459 
 273      50455F5F 
 274 06bf 01       		.byte	0x1
 275 06c0 00       		.uleb128 0
 276 06c1 5F5F5549 		.ascii "__UINT_FAST32_TYPE__ unsigned int\0"
 276      4E545F46 
 276      41535433 
 276      325F5459 
 276      50455F5F 
 277 06e3 01       		.byte	0x1
 278 06e4 00       		.uleb128 0
 279 06e5 5F5F5549 		.ascii "__UINT_FAST64_TYPE__ long long unsigned int\0"
 279      4E545F46 
 279      41535436 
 279      345F5459 
 279      50455F5F 
 280 0711 01       		.byte	0x1
 281 0712 00       		.uleb128 0
 282 0713 5F5F494E 		.ascii "__INTPTR_TYPE__ int\0"
 282      54505452 
 282      5F545950 
 282      455F5F20 
 282      696E7400 
 283 0727 01       		.byte	0x1
 284 0728 00       		.uleb128 0
 285 0729 5F5F5549 		.ascii "__UINTPTR_TYPE__ unsigned int\0"
 285      4E545054 
 285      525F5459 
 285      50455F5F 
 285      20756E73 
 286 0747 01       		.byte	0x1
 287 0748 00       		.uleb128 0
 288 0749 5F5F6861 		.ascii "__has_include(STR) __has_include__(STR)\0"
 288      735F696E 
GAS LISTING C:\Users\PRESID~1\AppData\Local\Temp\cc8NsBQ3.s 			page 11


 288      636C7564 
 288      65285354 
 288      5229205F 
 289 0771 01       		.byte	0x1
 290 0772 00       		.uleb128 0
 291 0773 5F5F6861 		.ascii "__has_include_next(STR) __has_include_next__(STR)\0"
 291      735F696E 
 291      636C7564 
 291      655F6E65 
 291      78742853 
 292 07a5 01       		.byte	0x1
 293 07a6 00       		.uleb128 0
 294 07a7 5F5F4758 		.ascii "__GXX_ABI_VERSION 1002\0"
 294      585F4142 
 294      495F5645 
 294      5253494F 
 294      4E203130 
 295 07be 01       		.byte	0x1
 296 07bf 00       		.uleb128 0
 297 07c0 5F5F5343 		.ascii "__SCHAR_MAX__ 127\0"
 297      4841525F 
 297      4D41585F 
 297      5F203132 
 297      3700
 298 07d2 01       		.byte	0x1
 299 07d3 00       		.uleb128 0
 300 07d4 5F5F5348 		.ascii "__SHRT_MAX__ 32767\0"
 300      52545F4D 
 300      41585F5F 
 300      20333237 
 300      363700
 301 07e7 01       		.byte	0x1
 302 07e8 00       		.uleb128 0
 303 07e9 5F5F494E 		.ascii "__INT_MAX__ 2147483647\0"
 303      545F4D41 
 303      585F5F20 
 303      32313437 
 303      34383336 
 304 0800 01       		.byte	0x1
 305 0801 00       		.uleb128 0
 306 0802 5F5F4C4F 		.ascii "__LONG_MAX__ 2147483647L\0"
 306      4E475F4D 
 306      41585F5F 
 306      20323134 
 306      37343833 
 307 081b 01       		.byte	0x1
 308 081c 00       		.uleb128 0
 309 081d 5F5F4C4F 		.ascii "__LONG_LONG_MAX__ 9223372036854775807LL\0"
 309      4E475F4C 
 309      4F4E475F 
 309      4D41585F 
 309      5F203932 
 310 0845 01       		.byte	0x1
 311 0846 00       		.uleb128 0
 312 0847 5F5F5743 		.ascii "__WCHAR_MAX__ 65535\0"
 312      4841525F 
 312      4D41585F 
GAS LISTING C:\Users\PRESID~1\AppData\Local\Temp\cc8NsBQ3.s 			page 12


 312      5F203635 
 312      35333500 
 313 085b 01       		.byte	0x1
 314 085c 00       		.uleb128 0
 315 085d 5F5F5743 		.ascii "__WCHAR_MIN__ 0\0"
 315      4841525F 
 315      4D494E5F 
 315      5F203000 
 316 086d 01       		.byte	0x1
 317 086e 00       		.uleb128 0
 318 086f 5F5F5749 		.ascii "__WINT_MAX__ 65535\0"
 318      4E545F4D 
 318      41585F5F 
 318      20363535 
 318      333500
 319 0882 01       		.byte	0x1
 320 0883 00       		.uleb128 0
 321 0884 5F5F5749 		.ascii "__WINT_MIN__ 0\0"
 321      4E545F4D 
 321      494E5F5F 
 321      203000
 322 0893 01       		.byte	0x1
 323 0894 00       		.uleb128 0
 324 0895 5F5F5054 		.ascii "__PTRDIFF_MAX__ 2147483647\0"
 324      52444946 
 324      465F4D41 
 324      585F5F20 
 324      32313437 
 325 08b0 01       		.byte	0x1
 326 08b1 00       		.uleb128 0
 327 08b2 5F5F5349 		.ascii "__SIZE_MAX__ 4294967295U\0"
 327      5A455F4D 
 327      41585F5F 
 327      20343239 
 327      34393637 
 328 08cb 01       		.byte	0x1
 329 08cc 00       		.uleb128 0
 330 08cd 5F5F494E 		.ascii "__INTMAX_MAX__ 9223372036854775807LL\0"
 330      544D4158 
 330      5F4D4158 
 330      5F5F2039 
 330      32323333 
 331 08f2 01       		.byte	0x1
 332 08f3 00       		.uleb128 0
 333 08f4 5F5F494E 		.ascii "__INTMAX_C(c) c ## LL\0"
 333      544D4158 
 333      5F432863 
 333      29206320 
 333      2323204C 
 334 090a 01       		.byte	0x1
 335 090b 00       		.uleb128 0
 336 090c 5F5F5549 		.ascii "__UINTMAX_MAX__ 18446744073709551615ULL\0"
 336      4E544D41 
 336      585F4D41 
 336      585F5F20 
 336      31383434 
 337 0934 01       		.byte	0x1
GAS LISTING C:\Users\PRESID~1\AppData\Local\Temp\cc8NsBQ3.s 			page 13


 338 0935 00       		.uleb128 0
 339 0936 5F5F5549 		.ascii "__UINTMAX_C(c) c ## ULL\0"
 339      4E544D41 
 339      585F4328 
 339      63292063 
 339      20232320 
 340 094e 01       		.byte	0x1
 341 094f 00       		.uleb128 0
 342 0950 5F5F5349 		.ascii "__SIG_ATOMIC_MAX__ 2147483647\0"
 342      475F4154 
 342      4F4D4943 
 342      5F4D4158 
 342      5F5F2032 
 343 096e 01       		.byte	0x1
 344 096f 00       		.uleb128 0
 345 0970 5F5F5349 		.ascii "__SIG_ATOMIC_MIN__ (-__SIG_ATOMIC_MAX__ - 1)\0"
 345      475F4154 
 345      4F4D4943 
 345      5F4D494E 
 345      5F5F2028 
 346 099d 01       		.byte	0x1
 347 099e 00       		.uleb128 0
 348 099f 5F5F494E 		.ascii "__INT8_MAX__ 127\0"
 348      54385F4D 
 348      41585F5F 
 348      20313237 
 348      00
 349 09b0 01       		.byte	0x1
 350 09b1 00       		.uleb128 0
 351 09b2 5F5F494E 		.ascii "__INT16_MAX__ 32767\0"
 351      5431365F 
 351      4D41585F 
 351      5F203332 
 351      37363700 
 352 09c6 01       		.byte	0x1
 353 09c7 00       		.uleb128 0
 354 09c8 5F5F494E 		.ascii "__INT32_MAX__ 2147483647\0"
 354      5433325F 
 354      4D41585F 
 354      5F203231 
 354      34373438 
 355 09e1 01       		.byte	0x1
 356 09e2 00       		.uleb128 0
 357 09e3 5F5F494E 		.ascii "__INT64_MAX__ 9223372036854775807LL\0"
 357      5436345F 
 357      4D41585F 
 357      5F203932 
 357      32333337 
 358 0a07 01       		.byte	0x1
 359 0a08 00       		.uleb128 0
 360 0a09 5F5F5549 		.ascii "__UINT8_MAX__ 255\0"
 360      4E54385F 
 360      4D41585F 
 360      5F203235 
 360      3500
 361 0a1b 01       		.byte	0x1
 362 0a1c 00       		.uleb128 0
GAS LISTING C:\Users\PRESID~1\AppData\Local\Temp\cc8NsBQ3.s 			page 14


 363 0a1d 5F5F5549 		.ascii "__UINT16_MAX__ 65535\0"
 363      4E543136 
 363      5F4D4158 
 363      5F5F2036 
 363      35353335 
 364 0a32 01       		.byte	0x1
 365 0a33 00       		.uleb128 0
 366 0a34 5F5F5549 		.ascii "__UINT32_MAX__ 4294967295U\0"
 366      4E543332 
 366      5F4D4158 
 366      5F5F2034 
 366      32393439 
 367 0a4f 01       		.byte	0x1
 368 0a50 00       		.uleb128 0
 369 0a51 5F5F5549 		.ascii "__UINT64_MAX__ 18446744073709551615ULL\0"
 369      4E543634 
 369      5F4D4158 
 369      5F5F2031 
 369      38343436 
 370 0a78 01       		.byte	0x1
 371 0a79 00       		.uleb128 0
 372 0a7a 5F5F494E 		.ascii "__INT_LEAST8_MAX__ 127\0"
 372      545F4C45 
 372      41535438 
 372      5F4D4158 
 372      5F5F2031 
 373 0a91 01       		.byte	0x1
 374 0a92 00       		.uleb128 0
 375 0a93 5F5F494E 		.ascii "__INT8_C(c) c\0"
 375      54385F43 
 375      28632920 
 375      6300
 376 0aa1 01       		.byte	0x1
 377 0aa2 00       		.uleb128 0
 378 0aa3 5F5F494E 		.ascii "__INT_LEAST16_MAX__ 32767\0"
 378      545F4C45 
 378      41535431 
 378      365F4D41 
 378      585F5F20 
 379 0abd 01       		.byte	0x1
 380 0abe 00       		.uleb128 0
 381 0abf 5F5F494E 		.ascii "__INT16_C(c) c\0"
 381      5431365F 
 381      43286329 
 381      206300
 382 0ace 01       		.byte	0x1
 383 0acf 00       		.uleb128 0
 384 0ad0 5F5F494E 		.ascii "__INT_LEAST32_MAX__ 2147483647\0"
 384      545F4C45 
 384      41535433 
 384      325F4D41 
 384      585F5F20 
 385 0aef 01       		.byte	0x1
 386 0af0 00       		.uleb128 0
 387 0af1 5F5F494E 		.ascii "__INT32_C(c) c\0"
 387      5433325F 
 387      43286329 
GAS LISTING C:\Users\PRESID~1\AppData\Local\Temp\cc8NsBQ3.s 			page 15


 387      206300
 388 0b00 01       		.byte	0x1
 389 0b01 00       		.uleb128 0
 390 0b02 5F5F494E 		.ascii "__INT_LEAST64_MAX__ 9223372036854775807LL\0"
 390      545F4C45 
 390      41535436 
 390      345F4D41 
 390      585F5F20 
 391 0b2c 01       		.byte	0x1
 392 0b2d 00       		.uleb128 0
 393 0b2e 5F5F494E 		.ascii "__INT64_C(c) c ## LL\0"
 393      5436345F 
 393      43286329 
 393      20632023 
 393      23204C4C 
 394 0b43 01       		.byte	0x1
 395 0b44 00       		.uleb128 0
 396 0b45 5F5F5549 		.ascii "__UINT_LEAST8_MAX__ 255\0"
 396      4E545F4C 
 396      45415354 
 396      385F4D41 
 396      585F5F20 
 397 0b5d 01       		.byte	0x1
 398 0b5e 00       		.uleb128 0
 399 0b5f 5F5F5549 		.ascii "__UINT8_C(c) c\0"
 399      4E54385F 
 399      43286329 
 399      206300
 400 0b6e 01       		.byte	0x1
 401 0b6f 00       		.uleb128 0
 402 0b70 5F5F5549 		.ascii "__UINT_LEAST16_MAX__ 65535\0"
 402      4E545F4C 
 402      45415354 
 402      31365F4D 
 402      41585F5F 
 403 0b8b 01       		.byte	0x1
 404 0b8c 00       		.uleb128 0
 405 0b8d 5F5F5549 		.ascii "__UINT16_C(c) c\0"
 405      4E543136 
 405      5F432863 
 405      29206300 
 406 0b9d 01       		.byte	0x1
 407 0b9e 00       		.uleb128 0
 408 0b9f 5F5F5549 		.ascii "__UINT_LEAST32_MAX__ 4294967295U\0"
 408      4E545F4C 
 408      45415354 
 408      33325F4D 
 408      41585F5F 
 409 0bc0 01       		.byte	0x1
 410 0bc1 00       		.uleb128 0
 411 0bc2 5F5F5549 		.ascii "__UINT32_C(c) c ## U\0"
 411      4E543332 
 411      5F432863 
 411      29206320 
 411      23232055 
 412 0bd7 01       		.byte	0x1
 413 0bd8 00       		.uleb128 0
GAS LISTING C:\Users\PRESID~1\AppData\Local\Temp\cc8NsBQ3.s 			page 16


 414 0bd9 5F5F5549 		.ascii "__UINT_LEAST64_MAX__ 18446744073709551615ULL\0"
 414      4E545F4C 
 414      45415354 
 414      36345F4D 
 414      41585F5F 
 415 0c06 01       		.byte	0x1
 416 0c07 00       		.uleb128 0
 417 0c08 5F5F5549 		.ascii "__UINT64_C(c) c ## ULL\0"
 417      4E543634 
 417      5F432863 
 417      29206320 
 417      23232055 
 418 0c1f 01       		.byte	0x1
 419 0c20 00       		.uleb128 0
 420 0c21 5F5F494E 		.ascii "__INT_FAST8_MAX__ 127\0"
 420      545F4641 
 420      5354385F 
 420      4D41585F 
 420      5F203132 
 421 0c37 01       		.byte	0x1
 422 0c38 00       		.uleb128 0
 423 0c39 5F5F494E 		.ascii "__INT_FAST16_MAX__ 32767\0"
 423      545F4641 
 423      53543136 
 423      5F4D4158 
 423      5F5F2033 
 424 0c52 01       		.byte	0x1
 425 0c53 00       		.uleb128 0
 426 0c54 5F5F494E 		.ascii "__INT_FAST32_MAX__ 2147483647\0"
 426      545F4641 
 426      53543332 
 426      5F4D4158 
 426      5F5F2032 
 427 0c72 01       		.byte	0x1
 428 0c73 00       		.uleb128 0
 429 0c74 5F5F494E 		.ascii "__INT_FAST64_MAX__ 9223372036854775807LL\0"
 429      545F4641 
 429      53543634 
 429      5F4D4158 
 429      5F5F2039 
 430 0c9d 01       		.byte	0x1
 431 0c9e 00       		.uleb128 0
 432 0c9f 5F5F5549 		.ascii "__UINT_FAST8_MAX__ 255\0"
 432      4E545F46 
 432      41535438 
 432      5F4D4158 
 432      5F5F2032 
 433 0cb6 01       		.byte	0x1
 434 0cb7 00       		.uleb128 0
 435 0cb8 5F5F5549 		.ascii "__UINT_FAST16_MAX__ 65535\0"
 435      4E545F46 
 435      41535431 
 435      365F4D41 
 435      585F5F20 
 436 0cd2 01       		.byte	0x1
 437 0cd3 00       		.uleb128 0
 438 0cd4 5F5F5549 		.ascii "__UINT_FAST32_MAX__ 4294967295U\0"
GAS LISTING C:\Users\PRESID~1\AppData\Local\Temp\cc8NsBQ3.s 			page 17


 438      4E545F46 
 438      41535433 
 438      325F4D41 
 438      585F5F20 
 439 0cf4 01       		.byte	0x1
 440 0cf5 00       		.uleb128 0
 441 0cf6 5F5F5549 		.ascii "__UINT_FAST64_MAX__ 18446744073709551615ULL\0"
 441      4E545F46 
 441      41535436 
 441      345F4D41 
 441      585F5F20 
 442 0d22 01       		.byte	0x1
 443 0d23 00       		.uleb128 0
 444 0d24 5F5F494E 		.ascii "__INTPTR_MAX__ 2147483647\0"
 444      54505452 
 444      5F4D4158 
 444      5F5F2032 
 444      31343734 
 445 0d3e 01       		.byte	0x1
 446 0d3f 00       		.uleb128 0
 447 0d40 5F5F5549 		.ascii "__UINTPTR_MAX__ 4294967295U\0"
 447      4E545054 
 447      525F4D41 
 447      585F5F20 
 447      34323934 
 448 0d5c 01       		.byte	0x1
 449 0d5d 00       		.uleb128 0
 450 0d5e 5F5F4743 		.ascii "__GCC_IEC_559 2\0"
 450      435F4945 
 450      435F3535 
 450      39203200 
 451 0d6e 01       		.byte	0x1
 452 0d6f 00       		.uleb128 0
 453 0d70 5F5F4743 		.ascii "__GCC_IEC_559_COMPLEX 2\0"
 453      435F4945 
 453      435F3535 
 453      395F434F 
 453      4D504C45 
 454 0d88 01       		.byte	0x1
 455 0d89 00       		.uleb128 0
 456 0d8a 5F5F464C 		.ascii "__FLT_EVAL_METHOD__ 2\0"
 456      545F4556 
 456      414C5F4D 
 456      4554484F 
 456      445F5F20 
 457 0da0 01       		.byte	0x1
 458 0da1 00       		.uleb128 0
 459 0da2 5F5F4445 		.ascii "__DEC_EVAL_METHOD__ 2\0"
 459      435F4556 
 459      414C5F4D 
 459      4554484F 
 459      445F5F20 
 460 0db8 01       		.byte	0x1
 461 0db9 00       		.uleb128 0
 462 0dba 5F5F464C 		.ascii "__FLT_RADIX__ 2\0"
 462      545F5241 
 462      4449585F 
GAS LISTING C:\Users\PRESID~1\AppData\Local\Temp\cc8NsBQ3.s 			page 18


 462      5F203200 
 463 0dca 01       		.byte	0x1
 464 0dcb 00       		.uleb128 0
 465 0dcc 5F5F464C 		.ascii "__FLT_MANT_DIG__ 24\0"
 465      545F4D41 
 465      4E545F44 
 465      49475F5F 
 465      20323400 
 466 0de0 01       		.byte	0x1
 467 0de1 00       		.uleb128 0
 468 0de2 5F5F464C 		.ascii "__FLT_DIG__ 6\0"
 468      545F4449 
 468      475F5F20 
 468      3600
 469 0df0 01       		.byte	0x1
 470 0df1 00       		.uleb128 0
 471 0df2 5F5F464C 		.ascii "__FLT_MIN_EXP__ (-125)\0"
 471      545F4D49 
 471      4E5F4558 
 471      505F5F20 
 471      282D3132 
 472 0e09 01       		.byte	0x1
 473 0e0a 00       		.uleb128 0
 474 0e0b 5F5F464C 		.ascii "__FLT_MIN_10_EXP__ (-37)\0"
 474      545F4D49 
 474      4E5F3130 
 474      5F455850 
 474      5F5F2028 
 475 0e24 01       		.byte	0x1
 476 0e25 00       		.uleb128 0
 477 0e26 5F5F464C 		.ascii "__FLT_MAX_EXP__ 128\0"
 477      545F4D41 
 477      585F4558 
 477      505F5F20 
 477      31323800 
 478 0e3a 01       		.byte	0x1
 479 0e3b 00       		.uleb128 0
 480 0e3c 5F5F464C 		.ascii "__FLT_MAX_10_EXP__ 38\0"
 480      545F4D41 
 480      585F3130 
 480      5F455850 
 480      5F5F2033 
 481 0e52 01       		.byte	0x1
 482 0e53 00       		.uleb128 0
 483 0e54 5F5F464C 		.ascii "__FLT_DECIMAL_DIG__ 9\0"
 483      545F4445 
 483      43494D41 
 483      4C5F4449 
 483      475F5F20 
 484 0e6a 01       		.byte	0x1
 485 0e6b 00       		.uleb128 0
 486 0e6c 5F5F464C 		.ascii "__FLT_MAX__ 3.40282346638528859812e+38F\0"
 486      545F4D41 
 486      585F5F20 
 486      332E3430 
 486      32383233 
 487 0e94 01       		.byte	0x1
GAS LISTING C:\Users\PRESID~1\AppData\Local\Temp\cc8NsBQ3.s 			page 19


 488 0e95 00       		.uleb128 0
 489 0e96 5F5F464C 		.ascii "__FLT_MIN__ 1.17549435082228750797e-38F\0"
 489      545F4D49 
 489      4E5F5F20 
 489      312E3137 
 489      35343934 
 490 0ebe 01       		.byte	0x1
 491 0ebf 00       		.uleb128 0
 492 0ec0 5F5F464C 		.ascii "__FLT_EPSILON__ 1.19209289550781250000e-7F\0"
 492      545F4550 
 492      53494C4F 
 492      4E5F5F20 
 492      312E3139 
 493 0eeb 01       		.byte	0x1
 494 0eec 00       		.uleb128 0
 495 0eed 5F5F464C 		.ascii "__FLT_DENORM_MIN__ 1.40129846432481707092e-45F\0"
 495      545F4445 
 495      4E4F524D 
 495      5F4D494E 
 495      5F5F2031 
 496 0f1c 01       		.byte	0x1
 497 0f1d 00       		.uleb128 0
 498 0f1e 5F5F464C 		.ascii "__FLT_HAS_DENORM__ 1\0"
 498      545F4841 
 498      535F4445 
 498      4E4F524D 
 498      5F5F2031 
 499 0f33 01       		.byte	0x1
 500 0f34 00       		.uleb128 0
 501 0f35 5F5F464C 		.ascii "__FLT_HAS_INFINITY__ 1\0"
 501      545F4841 
 501      535F494E 
 501      46494E49 
 501      54595F5F 
 502 0f4c 01       		.byte	0x1
 503 0f4d 00       		.uleb128 0
 504 0f4e 5F5F464C 		.ascii "__FLT_HAS_QUIET_NAN__ 1\0"
 504      545F4841 
 504      535F5155 
 504      4945545F 
 504      4E414E5F 
 505 0f66 01       		.byte	0x1
 506 0f67 00       		.uleb128 0
 507 0f68 5F5F4442 		.ascii "__DBL_MANT_DIG__ 53\0"
 507      4C5F4D41 
 507      4E545F44 
 507      49475F5F 
 507      20353300 
 508 0f7c 01       		.byte	0x1
 509 0f7d 00       		.uleb128 0
 510 0f7e 5F5F4442 		.ascii "__DBL_DIG__ 15\0"
 510      4C5F4449 
 510      475F5F20 
 510      313500
 511 0f8d 01       		.byte	0x1
 512 0f8e 00       		.uleb128 0
 513 0f8f 5F5F4442 		.ascii "__DBL_MIN_EXP__ (-1021)\0"
GAS LISTING C:\Users\PRESID~1\AppData\Local\Temp\cc8NsBQ3.s 			page 20


 513      4C5F4D49 
 513      4E5F4558 
 513      505F5F20 
 513      282D3130 
 514 0fa7 01       		.byte	0x1
 515 0fa8 00       		.uleb128 0
 516 0fa9 5F5F4442 		.ascii "__DBL_MIN_10_EXP__ (-307)\0"
 516      4C5F4D49 
 516      4E5F3130 
 516      5F455850 
 516      5F5F2028 
 517 0fc3 01       		.byte	0x1
 518 0fc4 00       		.uleb128 0
 519 0fc5 5F5F4442 		.ascii "__DBL_MAX_EXP__ 1024\0"
 519      4C5F4D41 
 519      585F4558 
 519      505F5F20 
 519      31303234 
 520 0fda 01       		.byte	0x1
 521 0fdb 00       		.uleb128 0
 522 0fdc 5F5F4442 		.ascii "__DBL_MAX_10_EXP__ 308\0"
 522      4C5F4D41 
 522      585F3130 
 522      5F455850 
 522      5F5F2033 
 523 0ff3 01       		.byte	0x1
 524 0ff4 00       		.uleb128 0
 525 0ff5 5F5F4442 		.ascii "__DBL_DECIMAL_DIG__ 17\0"
 525      4C5F4445 
 525      43494D41 
 525      4C5F4449 
 525      475F5F20 
 526 100c 01       		.byte	0x1
 527 100d 00       		.uleb128 0
 528 100e 5F5F4442 		.ascii "__DBL_MAX__ ((double)1.79769313486231570815e+308L)\0"
 528      4C5F4D41 
 528      585F5F20 
 528      2828646F 
 528      75626C65 
 529 1041 01       		.byte	0x1
 530 1042 00       		.uleb128 0
 531 1043 5F5F4442 		.ascii "__DBL_MIN__ ((double)2.22507385850720138309e-308L)\0"
 531      4C5F4D49 
 531      4E5F5F20 
 531      2828646F 
 531      75626C65 
 532 1076 01       		.byte	0x1
 533 1077 00       		.uleb128 0
 534 1078 5F5F4442 		.ascii "__DBL_EPSILON__ ((double)2.22044604925031308085e-16L)\0"
 534      4C5F4550 
 534      53494C4F 
 534      4E5F5F20 
 534      2828646F 
 535 10ae 01       		.byte	0x1
 536 10af 00       		.uleb128 0
 537 10b0 5F5F4442 		.ascii "__DBL_DENORM_MIN__ ((double)4.94065645841246544177e-324L)\0"
 537      4C5F4445 
GAS LISTING C:\Users\PRESID~1\AppData\Local\Temp\cc8NsBQ3.s 			page 21


 537      4E4F524D 
 537      5F4D494E 
 537      5F5F2028 
 538 10ea 01       		.byte	0x1
 539 10eb 00       		.uleb128 0
 540 10ec 5F5F4442 		.ascii "__DBL_HAS_DENORM__ 1\0"
 540      4C5F4841 
 540      535F4445 
 540      4E4F524D 
 540      5F5F2031 
 541 1101 01       		.byte	0x1
 542 1102 00       		.uleb128 0
 543 1103 5F5F4442 		.ascii "__DBL_HAS_INFINITY__ 1\0"
 543      4C5F4841 
 543      535F494E 
 543      46494E49 
 543      54595F5F 
 544 111a 01       		.byte	0x1
 545 111b 00       		.uleb128 0
 546 111c 5F5F4442 		.ascii "__DBL_HAS_QUIET_NAN__ 1\0"
 546      4C5F4841 
 546      535F5155 
 546      4945545F 
 546      4E414E5F 
 547 1134 01       		.byte	0x1
 548 1135 00       		.uleb128 0
 549 1136 5F5F4C44 		.ascii "__LDBL_MANT_DIG__ 64\0"
 549      424C5F4D 
 549      414E545F 
 549      4449475F 
 549      5F203634 
 550 114b 01       		.byte	0x1
 551 114c 00       		.uleb128 0
 552 114d 5F5F4C44 		.ascii "__LDBL_DIG__ 18\0"
 552      424C5F44 
 552      49475F5F 
 552      20313800 
 553 115d 01       		.byte	0x1
 554 115e 00       		.uleb128 0
 555 115f 5F5F4C44 		.ascii "__LDBL_MIN_EXP__ (-16381)\0"
 555      424C5F4D 
 555      494E5F45 
 555      58505F5F 
 555      20282D31 
 556 1179 01       		.byte	0x1
 557 117a 00       		.uleb128 0
 558 117b 5F5F4C44 		.ascii "__LDBL_MIN_10_EXP__ (-4931)\0"
 558      424C5F4D 
 558      494E5F31 
 558      305F4558 
 558      505F5F20 
 559 1197 01       		.byte	0x1
 560 1198 00       		.uleb128 0
 561 1199 5F5F4C44 		.ascii "__LDBL_MAX_EXP__ 16384\0"
 561      424C5F4D 
 561      41585F45 
 561      58505F5F 
GAS LISTING C:\Users\PRESID~1\AppData\Local\Temp\cc8NsBQ3.s 			page 22


 561      20313633 
 562 11b0 01       		.byte	0x1
 563 11b1 00       		.uleb128 0
 564 11b2 5F5F4C44 		.ascii "__LDBL_MAX_10_EXP__ 4932\0"
 564      424C5F4D 
 564      41585F31 
 564      305F4558 
 564      505F5F20 
 565 11cb 01       		.byte	0x1
 566 11cc 00       		.uleb128 0
 567 11cd 5F5F4445 		.ascii "__DECIMAL_DIG__ 21\0"
 567      43494D41 
 567      4C5F4449 
 567      475F5F20 
 567      323100
 568 11e0 01       		.byte	0x1
 569 11e1 00       		.uleb128 0
 570 11e2 5F5F4C44 		.ascii "__LDBL_MAX__ 1.18973149535723176502e+4932L\0"
 570      424C5F4D 
 570      41585F5F 
 570      20312E31 
 570      38393733 
 571 120d 01       		.byte	0x1
 572 120e 00       		.uleb128 0
 573 120f 5F5F4C44 		.ascii "__LDBL_MIN__ 3.36210314311209350626e-4932L\0"
 573      424C5F4D 
 573      494E5F5F 
 573      20332E33 
 573      36323130 
 574 123a 01       		.byte	0x1
 575 123b 00       		.uleb128 0
 576 123c 5F5F4C44 		.ascii "__LDBL_EPSILON__ 1.08420217248550443401e-19L\0"
 576      424C5F45 
 576      5053494C 
 576      4F4E5F5F 
 576      20312E30 
 577 1269 01       		.byte	0x1
 578 126a 00       		.uleb128 0
 579 126b 5F5F4C44 		.ascii "__LDBL_DENORM_MIN__ 3.64519953188247460253e-4951L\0"
 579      424C5F44 
 579      454E4F52 
 579      4D5F4D49 
 579      4E5F5F20 
 580 129d 01       		.byte	0x1
 581 129e 00       		.uleb128 0
 582 129f 5F5F4C44 		.ascii "__LDBL_HAS_DENORM__ 1\0"
 582      424C5F48 
 582      41535F44 
 582      454E4F52 
 582      4D5F5F20 
 583 12b5 01       		.byte	0x1
 584 12b6 00       		.uleb128 0
 585 12b7 5F5F4C44 		.ascii "__LDBL_HAS_INFINITY__ 1\0"
 585      424C5F48 
 585      41535F49 
 585      4E46494E 
 585      4954595F 
GAS LISTING C:\Users\PRESID~1\AppData\Local\Temp\cc8NsBQ3.s 			page 23


 586 12cf 01       		.byte	0x1
 587 12d0 00       		.uleb128 0
 588 12d1 5F5F4C44 		.ascii "__LDBL_HAS_QUIET_NAN__ 1\0"
 588      424C5F48 
 588      41535F51 
 588      55494554 
 588      5F4E414E 
 589 12ea 01       		.byte	0x1
 590 12eb 00       		.uleb128 0
 591 12ec 5F5F4445 		.ascii "__DEC32_MANT_DIG__ 7\0"
 591      4333325F 
 591      4D414E54 
 591      5F444947 
 591      5F5F2037 
 592 1301 01       		.byte	0x1
 593 1302 00       		.uleb128 0
 594 1303 5F5F4445 		.ascii "__DEC32_MIN_EXP__ (-94)\0"
 594      4333325F 
 594      4D494E5F 
 594      4558505F 
 594      5F20282D 
 595 131b 01       		.byte	0x1
 596 131c 00       		.uleb128 0
 597 131d 5F5F4445 		.ascii "__DEC32_MAX_EXP__ 97\0"
 597      4333325F 
 597      4D41585F 
 597      4558505F 
 597      5F203937 
 598 1332 01       		.byte	0x1
 599 1333 00       		.uleb128 0
 600 1334 5F5F4445 		.ascii "__DEC32_MIN__ 1E-95DF\0"
 600      4333325F 
 600      4D494E5F 
 600      5F203145 
 600      2D393544 
 601 134a 01       		.byte	0x1
 602 134b 00       		.uleb128 0
 603 134c 5F5F4445 		.ascii "__DEC32_MAX__ 9.999999E96DF\0"
 603      4333325F 
 603      4D41585F 
 603      5F20392E 
 603      39393939 
 604 1368 01       		.byte	0x1
 605 1369 00       		.uleb128 0
 606 136a 5F5F4445 		.ascii "__DEC32_EPSILON__ 1E-6DF\0"
 606      4333325F 
 606      45505349 
 606      4C4F4E5F 
 606      5F203145 
 607 1383 01       		.byte	0x1
 608 1384 00       		.uleb128 0
 609 1385 5F5F4445 		.ascii "__DEC32_SUBNORMAL_MIN__ 0.000001E-95DF\0"
 609      4333325F 
 609      5355424E 
 609      4F524D41 
 609      4C5F4D49 
 610 13ac 01       		.byte	0x1
GAS LISTING C:\Users\PRESID~1\AppData\Local\Temp\cc8NsBQ3.s 			page 24


 611 13ad 00       		.uleb128 0
 612 13ae 5F5F4445 		.ascii "__DEC64_MANT_DIG__ 16\0"
 612      4336345F 
 612      4D414E54 
 612      5F444947 
 612      5F5F2031 
 613 13c4 01       		.byte	0x1
 614 13c5 00       		.uleb128 0
 615 13c6 5F5F4445 		.ascii "__DEC64_MIN_EXP__ (-382)\0"
 615      4336345F 
 615      4D494E5F 
 615      4558505F 
 615      5F20282D 
 616 13df 01       		.byte	0x1
 617 13e0 00       		.uleb128 0
 618 13e1 5F5F4445 		.ascii "__DEC64_MAX_EXP__ 385\0"
 618      4336345F 
 618      4D41585F 
 618      4558505F 
 618      5F203338 
 619 13f7 01       		.byte	0x1
 620 13f8 00       		.uleb128 0
 621 13f9 5F5F4445 		.ascii "__DEC64_MIN__ 1E-383DD\0"
 621      4336345F 
 621      4D494E5F 
 621      5F203145 
 621      2D333833 
 622 1410 01       		.byte	0x1
 623 1411 00       		.uleb128 0
 624 1412 5F5F4445 		.ascii "__DEC64_MAX__ 9.999999999999999E384DD\0"
 624      4336345F 
 624      4D41585F 
 624      5F20392E 
 624      39393939 
 625 1438 01       		.byte	0x1
 626 1439 00       		.uleb128 0
 627 143a 5F5F4445 		.ascii "__DEC64_EPSILON__ 1E-15DD\0"
 627      4336345F 
 627      45505349 
 627      4C4F4E5F 
 627      5F203145 
 628 1454 01       		.byte	0x1
 629 1455 00       		.uleb128 0
 630 1456 5F5F4445 		.ascii "__DEC64_SUBNORMAL_MIN__ 0.000000000000001E-383DD\0"
 630      4336345F 
 630      5355424E 
 630      4F524D41 
 630      4C5F4D49 
 631 1487 01       		.byte	0x1
 632 1488 00       		.uleb128 0
 633 1489 5F5F4445 		.ascii "__DEC128_MANT_DIG__ 34\0"
 633      43313238 
 633      5F4D414E 
 633      545F4449 
 633      475F5F20 
 634 14a0 01       		.byte	0x1
 635 14a1 00       		.uleb128 0
GAS LISTING C:\Users\PRESID~1\AppData\Local\Temp\cc8NsBQ3.s 			page 25


 636 14a2 5F5F4445 		.ascii "__DEC128_MIN_EXP__ (-6142)\0"
 636      43313238 
 636      5F4D494E 
 636      5F455850 
 636      5F5F2028 
 637 14bd 01       		.byte	0x1
 638 14be 00       		.uleb128 0
 639 14bf 5F5F4445 		.ascii "__DEC128_MAX_EXP__ 6145\0"
 639      43313238 
 639      5F4D4158 
 639      5F455850 
 639      5F5F2036 
 640 14d7 01       		.byte	0x1
 641 14d8 00       		.uleb128 0
 642 14d9 5F5F4445 		.ascii "__DEC128_MIN__ 1E-6143DL\0"
 642      43313238 
 642      5F4D494E 
 642      5F5F2031 
 642      452D3631 
 643 14f2 01       		.byte	0x1
 644 14f3 00       		.uleb128 0
 645 14f4 5F5F4445 		.ascii "__DEC128_MAX__ 9.999999999999999999999999999999999E6144DL\0"
 645      43313238 
 645      5F4D4158 
 645      5F5F2039 
 645      2E393939 
 646 152e 01       		.byte	0x1
 647 152f 00       		.uleb128 0
 648 1530 5F5F4445 		.ascii "__DEC128_EPSILON__ 1E-33DL\0"
 648      43313238 
 648      5F455053 
 648      494C4F4E 
 648      5F5F2031 
 649 154b 01       		.byte	0x1
 650 154c 00       		.uleb128 0
 651 154d 5F5F4445 		.ascii "__DEC128_SUBNORMAL_MIN__ 0.000000000000000000000000000000001E-6143DL\0"
 651      43313238 
 651      5F535542 
 651      4E4F524D 
 651      414C5F4D 
 652 1592 01       		.byte	0x1
 653 1593 00       		.uleb128 0
 654 1594 5F5F5245 		.ascii "__REGISTER_PREFIX__ \0"
 654      47495354 
 654      45525F50 
 654      52454649 
 654      585F5F20 
 655 15a9 01       		.byte	0x1
 656 15aa 00       		.uleb128 0
 657 15ab 5F5F5553 		.ascii "__USER_LABEL_PREFIX__ _\0"
 657      45525F4C 
 657      4142454C 
 657      5F505245 
 657      4649585F 
 658 15c3 01       		.byte	0x1
 659 15c4 00       		.uleb128 0
 660 15c5 5F5F474E 		.ascii "__GNUC_GNU_INLINE__ 1\0"
GAS LISTING C:\Users\PRESID~1\AppData\Local\Temp\cc8NsBQ3.s 			page 26


 660      55435F47 
 660      4E555F49 
 660      4E4C494E 
 660      455F5F20 
 661 15db 01       		.byte	0x1
 662 15dc 00       		.uleb128 0
 663 15dd 5F5F4E4F 		.ascii "__NO_INLINE__ 1\0"
 663      5F494E4C 
 663      494E455F 
 663      5F203100 
 664 15ed 01       		.byte	0x1
 665 15ee 00       		.uleb128 0
 666 15ef 5F5F5354 		.ascii "__STRICT_ANSI__ 1\0"
 666      52494354 
 666      5F414E53 
 666      495F5F20 
 666      3100
 667 1601 01       		.byte	0x1
 668 1602 00       		.uleb128 0
 669 1603 5F5F4743 		.ascii "__GCC_ATOMIC_BOOL_LOCK_FREE 1\0"
 669      435F4154 
 669      4F4D4943 
 669      5F424F4F 
 669      4C5F4C4F 
 670 1621 01       		.byte	0x1
 671 1622 00       		.uleb128 0
 672 1623 5F5F4743 		.ascii "__GCC_ATOMIC_CHAR_LOCK_FREE 1\0"
 672      435F4154 
 672      4F4D4943 
 672      5F434841 
 672      525F4C4F 
 673 1641 01       		.byte	0x1
 674 1642 00       		.uleb128 0
 675 1643 5F5F4743 		.ascii "__GCC_ATOMIC_CHAR16_T_LOCK_FREE 1\0"
 675      435F4154 
 675      4F4D4943 
 675      5F434841 
 675      5231365F 
 676 1665 01       		.byte	0x1
 677 1666 00       		.uleb128 0
 678 1667 5F5F4743 		.ascii "__GCC_ATOMIC_CHAR32_T_LOCK_FREE 1\0"
 678      435F4154 
 678      4F4D4943 
 678      5F434841 
 678      5233325F 
 679 1689 01       		.byte	0x1
 680 168a 00       		.uleb128 0
 681 168b 5F5F4743 		.ascii "__GCC_ATOMIC_WCHAR_T_LOCK_FREE 1\0"
 681      435F4154 
 681      4F4D4943 
 681      5F574348 
 681      41525F54 
 682 16ac 01       		.byte	0x1
 683 16ad 00       		.uleb128 0
 684 16ae 5F5F4743 		.ascii "__GCC_ATOMIC_SHORT_LOCK_FREE 1\0"
 684      435F4154 
 684      4F4D4943 
GAS LISTING C:\Users\PRESID~1\AppData\Local\Temp\cc8NsBQ3.s 			page 27


 684      5F53484F 
 684      52545F4C 
 685 16cd 01       		.byte	0x1
 686 16ce 00       		.uleb128 0
 687 16cf 5F5F4743 		.ascii "__GCC_ATOMIC_INT_LOCK_FREE 1\0"
 687      435F4154 
 687      4F4D4943 
 687      5F494E54 
 687      5F4C4F43 
 688 16ec 01       		.byte	0x1
 689 16ed 00       		.uleb128 0
 690 16ee 5F5F4743 		.ascii "__GCC_ATOMIC_LONG_LOCK_FREE 1\0"
 690      435F4154 
 690      4F4D4943 
 690      5F4C4F4E 
 690      475F4C4F 
 691 170c 01       		.byte	0x1
 692 170d 00       		.uleb128 0
 693 170e 5F5F4743 		.ascii "__GCC_ATOMIC_LLONG_LOCK_FREE 1\0"
 693      435F4154 
 693      4F4D4943 
 693      5F4C4C4F 
 693      4E475F4C 
 694 172d 01       		.byte	0x1
 695 172e 00       		.uleb128 0
 696 172f 5F5F4743 		.ascii "__GCC_ATOMIC_TEST_AND_SET_TRUEVAL 1\0"
 696      435F4154 
 696      4F4D4943 
 696      5F544553 
 696      545F414E 
 697 1753 01       		.byte	0x1
 698 1754 00       		.uleb128 0
 699 1755 5F5F4743 		.ascii "__GCC_ATOMIC_POINTER_LOCK_FREE 1\0"
 699      435F4154 
 699      4F4D4943 
 699      5F504F49 
 699      4E544552 
 700 1776 01       		.byte	0x1
 701 1777 00       		.uleb128 0
 702 1778 5F5F4743 		.ascii "__GCC_HAVE_DWARF2_CFI_ASM 1\0"
 702      435F4841 
 702      56455F44 
 702      57415246 
 702      325F4346 
 703 1794 01       		.byte	0x1
 704 1795 00       		.uleb128 0
 705 1796 5F5F5052 		.ascii "__PRAGMA_REDEFINE_EXTNAME 1\0"
 705      41474D41 
 705      5F524544 
 705      4546494E 
 705      455F4558 
 706 17b2 01       		.byte	0x1
 707 17b3 00       		.uleb128 0
 708 17b4 5F5F5349 		.ascii "__SIZEOF_WCHAR_T__ 2\0"
 708      5A454F46 
 708      5F574348 
 708      41525F54 
GAS LISTING C:\Users\PRESID~1\AppData\Local\Temp\cc8NsBQ3.s 			page 28


 708      5F5F2032 
 709 17c9 01       		.byte	0x1
 710 17ca 00       		.uleb128 0
 711 17cb 5F5F5349 		.ascii "__SIZEOF_WINT_T__ 2\0"
 711      5A454F46 
 711      5F57494E 
 711      545F545F 
 711      5F203200 
 712 17df 01       		.byte	0x1
 713 17e0 00       		.uleb128 0
 714 17e1 5F5F5349 		.ascii "__SIZEOF_PTRDIFF_T__ 4\0"
 714      5A454F46 
 714      5F505452 
 714      44494646 
 714      5F545F5F 
 715 17f8 01       		.byte	0x1
 716 17f9 00       		.uleb128 0
 717 17fa 5F5F6933 		.ascii "__i386 1\0"
 717      38362031 
 717      00
 718 1803 01       		.byte	0x1
 719 1804 00       		.uleb128 0
 720 1805 5F5F6933 		.ascii "__i386__ 1\0"
 720      38365F5F 
 720      203100
 721 1810 01       		.byte	0x1
 722 1811 00       		.uleb128 0
 723 1812 5F5F4154 		.ascii "__ATOMIC_HLE_ACQUIRE 65536\0"
 723      4F4D4943 
 723      5F484C45 
 723      5F414351 
 723      55495245 
 724 182d 01       		.byte	0x1
 725 182e 00       		.uleb128 0
 726 182f 5F5F4154 		.ascii "__ATOMIC_HLE_RELEASE 131072\0"
 726      4F4D4943 
 726      5F484C45 
 726      5F52454C 
 726      45415345 
 727 184b 01       		.byte	0x1
 728 184c 00       		.uleb128 0
 729 184d 5F5F7475 		.ascii "__tune_i386__ 1\0"
 729      6E655F69 
 729      3338365F 
 729      5F203100 
 730 185d 01       		.byte	0x1
 731 185e 00       		.uleb128 0
 732 185f 5F5F636F 		.ascii "__code_model_32__ 1\0"
 732      64655F6D 
 732      6F64656C 
 732      5F33325F 
 732      5F203100 
 733 1873 01       		.byte	0x1
 734 1874 00       		.uleb128 0
 735 1875 5F583836 		.ascii "_X86_ 1\0"
 735      5F203100 
 736 187d 01       		.byte	0x1
GAS LISTING C:\Users\PRESID~1\AppData\Local\Temp\cc8NsBQ3.s 			page 29


 737 187e 00       		.uleb128 0
 738 187f 5F5F7374 		.ascii "__stdcall __attribute__((__stdcall__))\0"
 738      6463616C 
 738      6C205F5F 
 738      61747472 
 738      69627574 
 739 18a6 01       		.byte	0x1
 740 18a7 00       		.uleb128 0
 741 18a8 5F5F6661 		.ascii "__fastcall __attribute__((__fastcall__))\0"
 741      73746361 
 741      6C6C205F 
 741      5F617474 
 741      72696275 
 742 18d1 01       		.byte	0x1
 743 18d2 00       		.uleb128 0
 744 18d3 5F5F7468 		.ascii "__thiscall __attribute__((__thiscall__))\0"
 744      69736361 
 744      6C6C205F 
 744      5F617474 
 744      72696275 
 745 18fc 01       		.byte	0x1
 746 18fd 00       		.uleb128 0
 747 18fe 5F5F6364 		.ascii "__cdecl __attribute__((__cdecl__))\0"
 747      65636C20 
 747      5F5F6174 
 747      74726962 
 747      7574655F 
 748 1921 01       		.byte	0x1
 749 1922 00       		.uleb128 0
 750 1923 5F5F4758 		.ascii "__GXX_MERGED_TYPEINFO_NAMES 0\0"
 750      585F4D45 
 750      52474544 
 750      5F545950 
 750      45494E46 
 751 1941 01       		.byte	0x1
 752 1942 00       		.uleb128 0
 753 1943 5F5F4758 		.ascii "__GXX_TYPEINFO_EQUALITY_INLINE 0\0"
 753      585F5459 
 753      5045494E 
 753      464F5F45 
 753      5155414C 
 754 1964 01       		.byte	0x1
 755 1965 00       		.uleb128 0
 756 1966 5F5F4D53 		.ascii "__MSVCRT__ 1\0"
 756      56435254 
 756      5F5F2031 
 756      00
 757 1973 01       		.byte	0x1
 758 1974 00       		.uleb128 0
 759 1975 5F5F4D49 		.ascii "__MINGW32__ 1\0"
 759      4E475733 
 759      325F5F20 
 759      3100
 760 1983 01       		.byte	0x1
 761 1984 00       		.uleb128 0
 762 1985 5F57494E 		.ascii "_WIN32 1\0"
 762      33322031 
GAS LISTING C:\Users\PRESID~1\AppData\Local\Temp\cc8NsBQ3.s 			page 30


 762      00
 763 198e 01       		.byte	0x1
 764 198f 00       		.uleb128 0
 765 1990 5F5F5749 		.ascii "__WIN32 1\0"
 765      4E333220 
 765      3100
 766 199a 01       		.byte	0x1
 767 199b 00       		.uleb128 0
 768 199c 5F5F5749 		.ascii "__WIN32__ 1\0"
 768      4E33325F 
 768      5F203100 
 769 19a8 01       		.byte	0x1
 770 19a9 00       		.uleb128 0
 771 19aa 5F5F5749 		.ascii "__WINNT 1\0"
 771      4E4E5420 
 771      3100
 772 19b4 01       		.byte	0x1
 773 19b5 00       		.uleb128 0
 774 19b6 5F5F5749 		.ascii "__WINNT__ 1\0"
 774      4E4E545F 
 774      5F203100 
 775 19c2 01       		.byte	0x1
 776 19c3 00       		.uleb128 0
 777 19c4 5F494E54 		.ascii "_INTEGRAL_MAX_BITS 64\0"
 777      45475241 
 777      4C5F4D41 
 777      585F4249 
 777      54532036 
 778 19da 01       		.byte	0x1
 779 19db 00       		.uleb128 0
 780 19dc 5F5F6465 		.ascii "__declspec(x) __attribute__((x))\0"
 780      636C7370 
 780      65632878 
 780      29205F5F 
 780      61747472 
 781 19fd 01       		.byte	0x1
 782 19fe 00       		.uleb128 0
 783 19ff 5F5F4445 		.ascii "__DECIMAL_BID_FORMAT__ 1\0"
 783      43494D41 
 783      4C5F4249 
 783      445F464F 
 783      524D4154 
 784 1a18 01       		.byte	0x1
 785 1a19 00       		.uleb128 0
 786 1a1a 4346475F 		.ascii "CFG_PROCESSOR 3\0"
 786      50524F43 
 786      4553534F 
 786      52203300 
 787              		.file 1 "E:/NeuOrga/Programmieren/c_cpp/github_os/input/src/os_base/os_const.c"
 788 1a2a 03       		.byte	0x3
 789 1a2b 00       		.uleb128 0
 790 1a2c 01       		.uleb128 0x1
 791              		.file 2 "E:/NeuOrga/Programmieren/c_cpp/github_os/input/src/os_base/os_firstinc.h"
 792 1a2d 03       		.byte	0x3
 793 1a2e 01       		.uleb128 0x1
 794 1a2f 02       		.uleb128 0x2
 795 1a30 01       		.byte	0x1
GAS LISTING C:\Users\PRESID~1\AppData\Local\Temp\cc8NsBQ3.s 			page 31


 796 1a31 02       		.uleb128 0x2
 797 1a32 5F4F535F 		.ascii "_OS_FIRSTINC_H_ \0"
 797      46495253 
 797      54494E43 
 797      5F485F20 
 797      00
 798              		.file 3 "E:/NeuOrga/Programmieren/c_cpp/github_os/input/src/os_base/../os_config.h"
 799 1a43 03       		.byte	0x3
 800 1a44 04       		.uleb128 0x4
 801 1a45 03       		.uleb128 0x3
 802 1a46 01       		.byte	0x1
 803 1a47 02       		.uleb128 0x2
 804 1a48 5F4F535F 		.ascii "_OS_CONFIG_H_ \0"
 804      434F4E46 
 804      49475F48 
 804      5F2000
 805 1a57 01       		.byte	0x1
 806 1a58 05       		.uleb128 0x5
 807 1a59 494E5445 		.ascii "INTEGER_LLP64_IL32P64 1u\0"
 807      4745525F 
 807      4C4C5036 
 807      345F494C 
 807      33325036 
 808 1a72 01       		.byte	0x1
 809 1a73 06       		.uleb128 0x6
 810 1a74 494E5445 		.ascii "INTEGER_LP64_I32LP64 2u\0"
 810      4745525F 
 810      4C503634 
 810      5F493332 
 810      4C503634 
 811 1a8c 01       		.byte	0x1
 812 1a8d 07       		.uleb128 0x7
 813 1a8e 494E5445 		.ascii "INTEGER_ILP64 3u\0"
 813      4745525F 
 813      494C5036 
 813      34203375 
 813      00
 814 1a9f 01       		.byte	0x1
 815 1aa0 08       		.uleb128 0x8
 816 1aa1 494E5445 		.ascii "INTEGER_SILP64 4u\0"
 816      4745525F 
 816      53494C50 
 816      36342034 
 816      7500
 817 1ab3 01       		.byte	0x1
 818 1ab4 09       		.uleb128 0x9
 819 1ab5 494E5445 		.ascii "INTEGER_MODEL INTEGER_LLP64_IL32P64\0"
 819      4745525F 
 819      4D4F4445 
 819      4C20494E 
 819      54454745 
 820 1ad9 01       		.byte	0x1
 821 1ada 0C       		.uleb128 0xc
 822 1adb 4350505F 		.ascii "CPP_VERSION_NONE 0u\0"
 822      56455253 
 822      494F4E5F 
 822      4E4F4E45 
GAS LISTING C:\Users\PRESID~1\AppData\Local\Temp\cc8NsBQ3.s 			page 32


 822      20307500 
 823 1aef 01       		.byte	0x1
 824 1af0 0D       		.uleb128 0xd
 825 1af1 4350505F 		.ascii "CPP_VERSION_1998 1u\0"
 825      56455253 
 825      494F4E5F 
 825      31393938 
 825      20317500 
 826 1b05 01       		.byte	0x1
 827 1b06 0E       		.uleb128 0xe
 828 1b07 4350505F 		.ascii "CPP_VERSION_2003 2u\0"
 828      56455253 
 828      494F4E5F 
 828      32303033 
 828      20327500 
 829 1b1b 01       		.byte	0x1
 830 1b1c 0F       		.uleb128 0xf
 831 1b1d 4350505F 		.ascii "CPP_VERSION_2007 3u\0"
 831      56455253 
 831      494F4E5F 
 831      32303037 
 831      20337500 
 832 1b31 01       		.byte	0x1
 833 1b32 10       		.uleb128 0x10
 834 1b33 4350505F 		.ascii "CPP_VERSION_2011 4u\0"
 834      56455253 
 834      494F4E5F 
 834      32303131 
 834      20347500 
 835 1b47 01       		.byte	0x1
 836 1b48 11       		.uleb128 0x11
 837 1b49 49534F5F 		.ascii "ISO_CPP_VERSION CPP_VERSION_1998\0"
 837      4350505F 
 837      56455253 
 837      494F4E20 
 837      4350505F 
 838 1b6a 01       		.byte	0x1
 839 1b6b 14       		.uleb128 0x14
 840 1b6c 4249475F 		.ascii "BIG_INT_SIZE 16u\0"
 840      494E545F 
 840      53495A45 
 840      20313675 
 840      00
 841 1b7d 01       		.byte	0x1
 842 1b7e 17       		.uleb128 0x17
 843 1b7f 4E525F4F 		.ascii "NR_OF_CORES 1u\0"
 843      465F434F 
 843      52455320 
 843      317500
 844 1b8e 01       		.byte	0x1
 845 1b8f 1B       		.uleb128 0x1b
 846 1b90 4D43555F 		.ascii "MCU_CLOCK_IN_HZ ((uint32)168000000u)\0"
 846      434C4F43 
 846      4B5F494E 
 846      5F485A20 
 846      28287569 
 847 1bb5 01       		.byte	0x1
GAS LISTING C:\Users\PRESID~1\AppData\Local\Temp\cc8NsBQ3.s 			page 33


 848 1bb6 1D       		.uleb128 0x1d
 849 1bb7 44594E41 		.ascii "DYNAMIC_MEMORY_USED FALSE\0"
 849      4D49435F 
 849      4D454D4F 
 849      52595F55 
 849      53454420 
 850 1bd1 01       		.byte	0x1
 851 1bd2 1E       		.uleb128 0x1e
 852 1bd3 4C4F4F50 		.ascii "LOOPTIME_IN_USEC ((uint32)10000u)\0"
 852      54494D45 
 852      5F494E5F 
 852      55534543 
 852      20282875 
 853 1bf5 01       		.byte	0x1
 854 1bf6 21       		.uleb128 0x21
 855 1bf7 48454150 		.ascii "HEAP_SIZE 10000u\0"
 855      5F53495A 
 855      45203130 
 855      30303075 
 855      00
 856 1c08 01       		.byte	0x1
 857 1c09 22       		.uleb128 0x22
 858 1c0a 4D494E5F 		.ascii "MIN_BLOCK_SIZE_HEAP 8u\0"
 858      424C4F43 
 858      4B5F5349 
 858      5A455F48 
 858      45415020 
 859 1c21 01       		.byte	0x1
 860 1c22 23       		.uleb128 0x23
 861 1c23 48454150 		.ascii "HEAP_OFFSET_FOR_SIZE 0u\0"
 861      5F4F4646 
 861      5345545F 
 861      464F525F 
 861      53495A45 
 862 1c3b 01       		.byte	0x1
 863 1c3c 24       		.uleb128 0x24
 864 1c3d 48454150 		.ascii "HEAP_OFFSET_FOR_USED_SIZE 4u\0"
 864      5F4F4646 
 864      5345545F 
 864      464F525F 
 864      55534544 
 865 1c5a 01       		.byte	0x1
 866 1c5b 25       		.uleb128 0x25
 867 1c5c 48454150 		.ascii "HEAP_OFFSET_FOR_CHUNK 8u\0"
 867      5F4F4646 
 867      5345545F 
 867      464F525F 
 867      4348554E 
 868 1c75 01       		.byte	0x1
 869 1c76 28       		.uleb128 0x28
 870 1c77 4F535F53 		.ascii "OS_STACK_SIZE 0x200u\0"
 870      5441434B 
 870      5F53495A 
 870      45203078 
 870      32303075 
 871 1c8c 04       		.byte	0x4
 872              		.file 4 "E:/NeuOrga/Programmieren/c_cpp/github_os/input/src/os_base/../os_base/os_base_types.h"
GAS LISTING C:\Users\PRESID~1\AppData\Local\Temp\cc8NsBQ3.s 			page 34


 873 1c8d 03       		.byte	0x3
 874 1c8e 05       		.uleb128 0x5
 875 1c8f 04       		.uleb128 0x4
 876 1c90 01       		.byte	0x1
 877 1c91 02       		.uleb128 0x2
 878 1c92 5F4F535F 		.ascii "_OS_BASE_TYPES_H_ \0"
 878      42415345 
 878      5F545950 
 878      45535F48 
 878      5F2000
 879 1ca5 04       		.byte	0x4
 880              		.file 5 "E:/NeuOrga/Programmieren/c_cpp/github_os/input/src/os_base/../os_base/os_common.h"
 881 1ca6 03       		.byte	0x3
 882 1ca7 06       		.uleb128 0x6
 883 1ca8 05       		.uleb128 0x5
 884 1ca9 01       		.byte	0x1
 885 1caa 02       		.uleb128 0x2
 886 1cab 5F4F535F 		.ascii "_OS_COMMON_H_ \0"
 886      434F4D4D 
 886      4F4E5F48 
 886      5F2000
 887 1cba 01       		.byte	0x1
 888 1cbb 06       		.uleb128 0x6
 889 1cbc 46414C53 		.ascii "FALSE 0u\0"
 889      45203075 
 889      00
 890 1cc5 01       		.byte	0x1
 891 1cc6 07       		.uleb128 0x7
 892 1cc7 54525545 		.ascii "TRUE 1u\0"
 892      20317500 
 893 1ccf 01       		.byte	0x1
 894 1cd0 08       		.uleb128 0x8
 895 1cd1 41434345 		.ascii "ACCEPTED 1u\0"
 895      50544544 
 895      20317500 
 896 1cdd 01       		.byte	0x1
 897 1cde 09       		.uleb128 0x9
 898 1cdf 52454A45 		.ascii "REJECTED 0u\0"
 898      43544544 
 898      20307500 
 899 1ceb 01       		.byte	0x1
 900 1cec 0A       		.uleb128 0xa
 901 1ced 4C4F4341 		.ascii "LOCAL static\0"
 901      4C207374 
 901      61746963 
 901      00
 902 1cfa 01       		.byte	0x1
 903 1cfb 0B       		.uleb128 0xb
 904 1cfc 4C4F4341 		.ascii "LOCAL_INLINE static __inline__\0"
 904      4C5F494E 
 904      4C494E45 
 904      20737461 
 904      74696320 
 905 1d1b 01       		.byte	0x1
 906 1d1c 0C       		.uleb128 0xc
 907 1d1d 474C4F42 		.ascii "GLOBAL_INLINE __inline__\0"
 907      414C5F49 
GAS LISTING C:\Users\PRESID~1\AppData\Local\Temp\cc8NsBQ3.s 			page 35


 907      4E4C494E 
 907      45205F5F 
 907      696E6C69 
 908 1d36 01       		.byte	0x1
 909 1d37 0D       		.uleb128 0xd
 910 1d38 52454645 		.ascii "REFERENCE_UNUSED_PARAMETER(x) ((x) = (x))\0"
 910      52454E43 
 910      455F554E 
 910      55534544 
 910      5F504152 
 911 1d62 01       		.byte	0x1
 912 1d63 10       		.uleb128 0x10
 913 1d64 4D43555F 		.ascii "MCU_X86 3\0"
 913      58383620 
 913      3300
 914 1d6e 01       		.byte	0x1
 915 1d6f 11       		.uleb128 0x11
 916 1d70 4D43555F 		.ascii "MCU_CORTEX_M4 4\0"
 916      434F5254 
 916      45585F4D 
 916      34203400 
 917 1d80 01       		.byte	0x1
 918 1d81 14       		.uleb128 0x14
 919 1d82 4457545F 		.ascii "DWT_CTRL ((volatile uint32*)0xE0001000u)\0"
 919      4354524C 
 919      20282876 
 919      6F6C6174 
 919      696C6520 
 920 1dab 01       		.byte	0x1
 921 1dac 15       		.uleb128 0x15
 922 1dad 4457545F 		.ascii "DWT_CYCCNT ((volatile uint32*)0xE0001004u)\0"
 922      43594343 
 922      4E542028 
 922      28766F6C 
 922      6174696C 
 923 1dd8 01       		.byte	0x1
 924 1dd9 16       		.uleb128 0x16
 925 1dda 4457545F 		.ascii "DWT_LAR ((volatile uint32*)0xE0001FB0u)\0"
 925      4C415220 
 925      2828766F 
 925      6C617469 
 925      6C652075 
 926 1e02 01       		.byte	0x1
 927 1e03 17       		.uleb128 0x17
 928 1e04 5343425F 		.ascii "SCB_DEMCR ((volatile uint32*)0xE000EDFCu)\0"
 928      44454D43 
 928      52202828 
 928      766F6C61 
 928      74696C65 
 929 1e2e 01       		.byte	0x1
 930 1e2f 1A       		.uleb128 0x1a
 931 1e30 44495341 		.ascii "DISABLE_INTERRUPTS() \0"
 931      424C455F 
 931      494E5445 
 931      52525550 
 931      54532829 
 932 1e46 01       		.byte	0x1
GAS LISTING C:\Users\PRESID~1\AppData\Local\Temp\cc8NsBQ3.s 			page 36


 933 1e47 1B       		.uleb128 0x1b
 934 1e48 454E4142 		.ascii "ENABLE_INTERRUPTS() \0"
 934      4C455F49 
 934      4E544552 
 934      52555054 
 934      53282920 
 935 1e5d 01       		.byte	0x1
 936 1e5e 1C       		.uleb128 0x1c
 937 1e5f 50524956 		.ascii "PRIVILIGE_LEVEL_SAVE_CURRENT() \0"
 937      494C4947 
 937      455F4C45 
 937      56454C5F 
 937      53415645 
 938 1e7f 01       		.byte	0x1
 939 1e80 1D       		.uleb128 0x1d
 940 1e81 50524956 		.ascii "PRIVILIGE_LEVEL_ENTER_KERNEL_MODE() \0"
 940      494C4947 
 940      455F4C45 
 940      56454C5F 
 940      454E5445 
 941 1ea6 01       		.byte	0x1
 942 1ea7 1E       		.uleb128 0x1e
 943 1ea8 50524956 		.ascii "PRIVILIGE_LEVEL_RESTORE_SAVED() \0"
 943      494C4947 
 943      455F4C45 
 943      56454C5F 
 943      52455354 
 944 1ec9 01       		.byte	0x1
 945 1eca 1F       		.uleb128 0x1f
 946 1ecb 48414C54 		.ascii "HALT_MCU() \0"
 946      5F4D4355 
 946      28292000 
 947 1ed7 04       		.byte	0x4
 948              		.file 6 "E:/NeuOrga/Programmieren/c_cpp/github_os/input/src/os_base/../os_sim/lld_global.h"
 949 1ed8 03       		.byte	0x3
 950 1ed9 09       		.uleb128 0x9
 951 1eda 06       		.uleb128 0x6
 952 1edb 01       		.byte	0x1
 953 1edc 02       		.uleb128 0x2
 954 1edd 5F4C4C44 		.ascii "_LLD_GLOBAL_H_ \0"
 954      5F474C4F 
 954      42414C5F 
 954      485F2000 
 955              		.file 7 "E:/NeuOrga/Programmieren/c_cpp/github_os/input/src/os_base/../os_sim/lld_core.h"
 956 1eed 03       		.byte	0x3
 957 1eee 04       		.uleb128 0x4
 958 1eef 07       		.uleb128 0x7
 959 1ef0 01       		.byte	0x1
 960 1ef1 02       		.uleb128 0x2
 961 1ef2 5F4C4C44 		.ascii "_LLD_CORE_H_ \0"
 961      5F434F52 
 961      455F485F 
 961      2000
 962              		.file 8 "E:/NeuOrga/Programmieren/c_cpp/github_os/input/src/os_base/../os_sim/../os_base/os_firsti
 963 1f00 03       		.byte	0x3
 964 1f01 03       		.uleb128 0x3
 965 1f02 08       		.uleb128 0x8
GAS LISTING C:\Users\PRESID~1\AppData\Local\Temp\cc8NsBQ3.s 			page 37


 966 1f03 04       		.byte	0x4
 967 1f04 04       		.byte	0x4
 968              		.file 9 "E:/NeuOrga/Programmieren/c_cpp/github_os/input/src/os_base/../os_sim/lld_interrupt.h"
 969 1f05 03       		.byte	0x3
 970 1f06 05       		.uleb128 0x5
 971 1f07 09       		.uleb128 0x9
 972 1f08 01       		.byte	0x1
 973 1f09 02       		.uleb128 0x2
 974 1f0a 5F4C4C44 		.ascii "_LLD_INTERRUPT_H_ \0"
 974      5F494E54 
 974      45525255 
 974      50545F48 
 974      5F2000
 975 1f1d 01       		.byte	0x1
 976 1f1e 05       		.uleb128 0x5
 977 1f1f 4F535F49 		.ascii "OS_INTERRUPT_SWI_1 asm(\"swi 1\")\0"
 977      4E544552 
 977      52555054 
 977      5F535749 
 977      5F312061 
 978 1f3f 01       		.byte	0x1
 979 1f40 06       		.uleb128 0x6
 980 1f41 4F535F49 		.ascii "OS_INTERRUPT_SWI_2 asm(\"swi 2\")\0"
 980      4E544552 
 980      52555054 
 980      5F535749 
 980      5F322061 
 981 1f61 01       		.byte	0x1
 982 1f62 07       		.uleb128 0x7
 983 1f63 4F535F49 		.ascii "OS_INTERRUPT_SWI_3 asm(\"swi 3\")\0"
 983      4E544552 
 983      52555054 
 983      5F535749 
 983      5F332061 
 984 1f83 01       		.byte	0x1
 985 1f84 08       		.uleb128 0x8
 986 1f85 4F535F49 		.ascii "OS_INTERRUPT_SWI_4 asm(\"swi 4\")\0"
 986      4E544552 
 986      52555054 
 986      5F535749 
 986      5F342061 
 987 1fa5 01       		.byte	0x1
 988 1fa6 09       		.uleb128 0x9
 989 1fa7 4F535F49 		.ascii "OS_INTERRUPT_SWI_5 asm(\"swi 5\")\0"
 989      4E544552 
 989      52555054 
 989      5F535749 
 989      5F352061 
 990 1fc7 04       		.byte	0x4
 991              		.file 10 "E:/NeuOrga/Programmieren/c_cpp/github_os/input/src/os_base/../os_sim/lld_mmu.h"
 992 1fc8 03       		.byte	0x3
 993 1fc9 06       		.uleb128 0x6
 994 1fca 0A       		.uleb128 0xa
 995 1fcb 01       		.byte	0x1
 996 1fcc 02       		.uleb128 0x2
 997 1fcd 5F4C4C44 		.ascii "_LLD_MMU_H_ \0"
 997      5F4D4D55 
GAS LISTING C:\Users\PRESID~1\AppData\Local\Temp\cc8NsBQ3.s 			page 38


 997      5F485F20 
 997      00
 998 1fda 04       		.byte	0x4
 999              		.file 11 "E:/NeuOrga/Programmieren/c_cpp/github_os/input/src/os_base/../os_sim/lld_timer.h"
 1000 1fdb 03       		.byte	0x3
 1001 1fdc 07       		.uleb128 0x7
 1002 1fdd 0B       		.uleb128 0xb
 1003 1fde 01       		.byte	0x1
 1004 1fdf 02       		.uleb128 0x2
 1005 1fe0 5F4C4C44 		.ascii "_LLD_TIMER_H_ \0"
 1005      5F54494D 
 1005      45525F48 
 1005      5F2000
 1006 1fef 04       		.byte	0x4
 1007              		.file 12 "E:/NeuOrga/Programmieren/c_cpp/github_os/input/src/os_base/../os_sim/lld_power.h"
 1008 1ff0 03       		.byte	0x3
 1009 1ff1 08       		.uleb128 0x8
 1010 1ff2 0C       		.uleb128 0xc
 1011 1ff3 01       		.byte	0x1
 1012 1ff4 02       		.uleb128 0x2
 1013 1ff5 5F4C4C44 		.ascii "_LLD_POWER_H_ \0"
 1013      5F504F57 
 1013      45525F48 
 1013      5F2000
 1014 2004 04       		.byte	0x4
 1015              		.file 13 "E:/NeuOrga/Programmieren/c_cpp/github_os/input/src/os_base/../os_sim/lld_ram.h"
 1016 2005 03       		.byte	0x3
 1017 2006 09       		.uleb128 0x9
 1018 2007 0D       		.uleb128 0xd
 1019 2008 01       		.byte	0x1
 1020 2009 02       		.uleb128 0x2
 1021 200a 5F4C4C44 		.ascii "_LLD_RAM_H_ \0"
 1021      5F52414D 
 1021      5F485F20 
 1021      00
 1022 2017 04       		.byte	0x4
 1023              		.file 14 "E:/NeuOrga/Programmieren/c_cpp/github_os/input/src/os_base/../os_sim/../os_base/os_task_
 1024 2018 03       		.byte	0x3
 1025 2019 0A       		.uleb128 0xa
 1026 201a 0E       		.uleb128 0xe
 1027 201b 01       		.byte	0x1
 1028 201c 02       		.uleb128 0x2
 1029 201d 5F4F535F 		.ascii "_OS_TASK_COMMON_H_ \0"
 1029      5441534B 
 1029      5F434F4D 
 1029      4D4F4E5F 
 1029      485F2000 
 1030 2031 03       		.byte	0x3
 1031 2032 03       		.uleb128 0x3
 1032 2033 08       		.uleb128 0x8
 1033 2034 04       		.byte	0x4
 1034              		.file 15 "E:/NeuOrga/Programmieren/c_cpp/github_os/input/src/os_base/../os_sim/../os_base/os_task_
 1035 2035 03       		.byte	0x3
 1036 2036 04       		.uleb128 0x4
 1037 2037 0F       		.uleb128 0xf
 1038 2038 01       		.byte	0x1
 1039 2039 02       		.uleb128 0x2
GAS LISTING C:\Users\PRESID~1\AppData\Local\Temp\cc8NsBQ3.s 			page 39


 1040 203a 5F4F535F 		.ascii "_OS_TASK_CONFIG_H_ \0"
 1040      5441534B 
 1040      5F434F4E 
 1040      4649475F 
 1040      485F2000 
 1041 204e 01       		.byte	0x1
 1042 204f 05       		.uleb128 0x5
 1043 2050 5441534B 		.ascii "TASK_MIN_TIME (1e0)\0"
 1043      5F4D494E 
 1043      5F54494D 
 1043      45202831 
 1043      65302900 
 1044 2064 01       		.byte	0x1
 1045 2065 06       		.uleb128 0x6
 1046 2066 4E554D42 		.ascii "NUMBER_OF_TASKS 10u\0"
 1046      45525F4F 
 1046      465F5441 
 1046      534B5320 
 1046      31307500 
 1047 207a 01       		.byte	0x1
 1048 207b 07       		.uleb128 0x7
 1049 207c 4D41585F 		.ascii "MAX_RUN_QUEUE_SIZE (NUMBER_OF_TASKS)\0"
 1049      52554E5F 
 1049      51554555 
 1049      455F5349 
 1049      5A452028 
 1050 20a1 01       		.byte	0x1
 1051 20a2 08       		.uleb128 0x8
 1052 20a3 4D41585F 		.ascii "MAX_RUN_PQUEUE_SIZE MAX_RUN_QUEUE_SIZE\0"
 1052      52554E5F 
 1052      50515545 
 1052      55455F53 
 1052      495A4520 
 1053 20ca 01       		.byte	0x1
 1054 20cb 0A       		.uleb128 0xa
 1055 20cc 5441534B 		.ascii "TASK_STACK_SIZE 2000u\0"
 1055      5F535441 
 1055      434B5F53 
 1055      495A4520 
 1055      32303030 
 1056 20e2 01       		.byte	0x1
 1057 20e3 0D       		.uleb128 0xd
 1058 20e4 4D535F50 		.ascii "MS_PER_SEC 1000u\0"
 1058      45525F53 
 1058      45432031 
 1058      30303075 
 1058      00
 1059 20f5 01       		.byte	0x1
 1060 20f6 0E       		.uleb128 0xe
 1061 20f7 5553455F 		.ascii "USE_STATIC_CREATED_TASKS TRUE\0"
 1061      53544154 
 1061      49435F43 
 1061      52454154 
 1061      45445F54 
 1062 2115 04       		.byte	0x4
 1063              		.file 16 "E:/NeuOrga/Programmieren/c_cpp/github_os/input/src/os_base/../os_sim/../os_base/os_init_
 1064 2116 03       		.byte	0x3
GAS LISTING C:\Users\PRESID~1\AppData\Local\Temp\cc8NsBQ3.s 			page 40


 1065 2117 05       		.uleb128 0x5
 1066 2118 10       		.uleb128 0x10
 1067 2119 01       		.byte	0x1
 1068 211a 02       		.uleb128 0x2
 1069 211b 5F4F535F 		.ascii "_OS_INIT_TASK_SYSTEM_H_ \0"
 1069      494E4954 
 1069      5F544153 
 1069      4B5F5359 
 1069      5354454D 
 1070 2134 04       		.byte	0x4
 1071 2135 01       		.byte	0x1
 1072 2136 5F       		.uleb128 0x5f
 1073 2137 4F535F53 		.ascii "OS_SAVE_TASK_PTR(task_ptr,task_name) (TASK_PTR[(task_name)] = (task_ptr))\0"
 1073      4156455F 
 1073      5441534B 
 1073      5F505452 
 1073      28746173 
 1074 2181 01       		.byte	0x1
 1075 2182 60       		.uleb128 0x60
 1076 2183 4F535F47 		.ascii "OS_GET_TASK_PTR(task_name) ((task_t*) TASK_PTR[(task_name)])\0"
 1076      45545F54 
 1076      41534B5F 
 1076      50545228 
 1076      7461736B 
 1077 21c0 04       		.byte	0x4
 1078 21c1 04       		.byte	0x4
 1079              		.file 17 "E:/NeuOrga/Programmieren/c_cpp/github_os/input/src/os_base/../os_user_code/led.h"
 1080 21c2 03       		.byte	0x3
 1081 21c3 0D       		.uleb128 0xd
 1082 21c4 11       		.uleb128 0x11
 1083 21c5 01       		.byte	0x1
 1084 21c6 02       		.uleb128 0x2
 1085 21c7 5F4C4544 		.ascii "_LED_H_ \0"
 1085      5F485F20 
 1085      00
 1086 21d0 04       		.byte	0x4
 1087              		.file 18 "E:/NeuOrga/Programmieren/c_cpp/github_os/input/src/os_base/../os_base/os_ram.h"
 1088 21d1 03       		.byte	0x3
 1089 21d2 0F       		.uleb128 0xf
 1090 21d3 12       		.uleb128 0x12
 1091 21d4 01       		.byte	0x1
 1092 21d5 02       		.uleb128 0x2
 1093 21d6 5F4F535F 		.ascii "_OS_RAM_H_ \0"
 1093      52414D5F 
 1093      485F2000 
 1094              		.file 19 "E:/NeuOrga/Programmieren/c_cpp/github_os/input/src/os_base/../os_base/os_firstinc.h"
 1095 21e2 03       		.byte	0x3
 1096 21e3 04       		.uleb128 0x4
 1097 21e4 13       		.uleb128 0x13
 1098 21e5 04       		.byte	0x4
 1099              		.file 20 "E:/NeuOrga/Programmieren/c_cpp/github_os/input/src/os_base/../os_base/os_stack.h"
 1100 21e6 03       		.byte	0x3
 1101 21e7 05       		.uleb128 0x5
 1102 21e8 14       		.uleb128 0x14
 1103 21e9 01       		.byte	0x1
 1104 21ea 02       		.uleb128 0x2
 1105 21eb 5F4F535F 		.ascii "_OS_STACK_H_ \0"
GAS LISTING C:\Users\PRESID~1\AppData\Local\Temp\cc8NsBQ3.s 			page 41


 1105      53544143 
 1105      4B5F485F 
 1105      2000
 1106 21f9 04       		.byte	0x4
 1107              		.file 21 "E:/NeuOrga/Programmieren/c_cpp/github_os/input/src/os_base/../os_base/os_heap.h"
 1108 21fa 03       		.byte	0x3
 1109 21fb 06       		.uleb128 0x6
 1110 21fc 15       		.uleb128 0x15
 1111 21fd 01       		.byte	0x1
 1112 21fe 02       		.uleb128 0x2
 1113 21ff 5F4F535F 		.ascii "_OS_HEAP_H_ \0"
 1113      48454150 
 1113      5F485F20 
 1113      00
 1114 220c 04       		.byte	0x4
 1115              		.file 22 "E:/NeuOrga/Programmieren/c_cpp/github_os/input/src/os_base/../os_base/os_main.h"
 1116 220d 03       		.byte	0x3
 1117 220e 07       		.uleb128 0x7
 1118 220f 16       		.uleb128 0x16
 1119 2210 01       		.byte	0x1
 1120 2211 02       		.uleb128 0x2
 1121 2212 5F4F535F 		.ascii "_OS_MAIN_H_ \0"
 1121      4D41494E 
 1121      5F485F20 
 1121      00
 1122 221f 04       		.byte	0x4
 1123              		.file 23 "E:/NeuOrga/Programmieren/c_cpp/github_os/input/src/os_base/../os_base/os_task_config.h"
 1124 2220 03       		.byte	0x3
 1125 2221 08       		.uleb128 0x8
 1126 2222 17       		.uleb128 0x17
 1127 2223 04       		.byte	0x4
 1128              		.file 24 "E:/NeuOrga/Programmieren/c_cpp/github_os/input/src/os_base/../os_base/os_task_common.h"
 1129 2224 03       		.byte	0x3
 1130 2225 09       		.uleb128 0x9
 1131 2226 18       		.uleb128 0x18
 1132 2227 04       		.byte	0x4
 1133 2228 04       		.byte	0x4
 1134              		.file 25 "E:/NeuOrga/Programmieren/c_cpp/github_os/input/src/os_base/../os_base/os_ram_stack.h"
 1135 2229 03       		.byte	0x3
 1136 222a 10       		.uleb128 0x10
 1137 222b 19       		.uleb128 0x19
 1138 222c 01       		.byte	0x1
 1139 222d 02       		.uleb128 0x2
 1140 222e 5F4F535F 		.ascii "_OS_RAM_STACK_H_ \0"
 1140      52414D5F 
 1140      53544143 
 1140      4B5F485F 
 1140      2000
 1141 2240 04       		.byte	0x4
 1142 2241 04       		.byte	0x4
 1143 2242 04       		.byte	0x4
 1144 2243 00       		.byte	0
 1145              		.section	.debug_line,"dr"
 1146              	Ldebug_line0:
 1147 0000 4B030000 		.section	.debug_str,"dr"
 1147      02004503 
 1147      00000101 
GAS LISTING C:\Users\PRESID~1\AppData\Local\Temp\cc8NsBQ3.s 			page 42


 1147      FB0E0D00 
 1147      01010101 
 1148              		.ident	"GCC: (GNU) 4.9.3"
GAS LISTING C:\Users\PRESID~1\AppData\Local\Temp\cc8NsBQ3.s 			page 43


DEFINED SYMBOLS
                            *ABS*:00000000 os_const.c

NO UNDEFINED SYMBOLS
