GAS LISTING C:\Users\PRESID~1\AppData\Local\Temp\ccgG6ffo.s 			page 1


   1              		.file	"os_driver_hook.c"
   2              		.text
   3              	Ltext0:
   4              	Letext0:
   5              		.section	.debug_info,"dr"
   6              	Ldebug_info0:
   7 0000 D3000000 		.long	0xd3
   8 0004 0400     		.word	0x4
   9 0006 00000000 		.secrel32	Ldebug_abbrev0
  10 000a 04       		.byte	0x4
  11 000b 01       		.uleb128 0x1
  12 000c 474E5520 		.ascii "GNU C 4.9.3 -march=i386 -g3 -O0 -std=c90\0"
  12      4320342E 
  12      392E3320 
  12      2D6D6172 
  12      63683D69 
  13 0035 01       		.byte	0x1
  14 0036 453A5C4E 		.ascii "E:\\NeuOrga\\Programmieren\\c_cpp\\github_os\\input\\src\\os_base\\os_driver_hook.c\0"
  14      65754F72 
  14      67615C50 
  14      726F6772 
  14      616D6D69 
  15 0082 00000000 		.secrel32	Ldebug_line0
  16 0086 00000000 		.secrel32	Ldebug_macro0
  17 008a 02       		.uleb128 0x2
  18 008b 01       		.byte	0x1
  19 008c 08       		.byte	0x8
  20 008d 756E7369 		.ascii "unsigned char\0"
  20      676E6564 
  20      20636861 
  20      7200
  21 009b 02       		.uleb128 0x2
  22 009c 02       		.byte	0x2
  23 009d 07       		.byte	0x7
  24 009e 73686F72 		.ascii "short unsigned int\0"
  24      7420756E 
  24      7369676E 
  24      65642069 
  24      6E7400
  25 00b1 02       		.uleb128 0x2
  26 00b2 04       		.byte	0x4
  27 00b3 07       		.byte	0x7
  28 00b4 6C6F6E67 		.ascii "long unsigned int\0"
  28      20756E73 
  28      69676E65 
  28      6420696E 
  28      7400
  29 00c6 02       		.uleb128 0x2
  30 00c7 04       		.byte	0x4
  31 00c8 07       		.byte	0x7
  32 00c9 756E7369 		.ascii "unsigned int\0"
  32      676E6564 
  32      20696E74 
  32      00
  33 00d6 00       		.byte	0
  34              		.section	.debug_abbrev,"dr"
  35              	Ldebug_abbrev0:
GAS LISTING C:\Users\PRESID~1\AppData\Local\Temp\ccgG6ffo.s 			page 2


  36 0000 01       		.uleb128 0x1
  37 0001 11       		.uleb128 0x11
  38 0002 01       		.byte	0x1
  39 0003 25       		.uleb128 0x25
  40 0004 08       		.uleb128 0x8
  41 0005 13       		.uleb128 0x13
  42 0006 0B       		.uleb128 0xb
  43 0007 03       		.uleb128 0x3
  44 0008 08       		.uleb128 0x8
  45 0009 10       		.uleb128 0x10
  46 000a 17       		.uleb128 0x17
  47 000b 9942     		.uleb128 0x2119
  48 000d 17       		.uleb128 0x17
  49 000e 00       		.byte	0
  50 000f 00       		.byte	0
  51 0010 02       		.uleb128 0x2
  52 0011 24       		.uleb128 0x24
  53 0012 00       		.byte	0
  54 0013 0B       		.uleb128 0xb
  55 0014 0B       		.uleb128 0xb
  56 0015 3E       		.uleb128 0x3e
  57 0016 0B       		.uleb128 0xb
  58 0017 03       		.uleb128 0x3
  59 0018 08       		.uleb128 0x8
  60 0019 00       		.byte	0
  61 001a 00       		.byte	0
  62 001b 00       		.byte	0
  63              		.section	.debug_aranges,"dr"
  64 0000 14000000 		.long	0x14
  65 0004 0200     		.word	0x2
  66 0006 00000000 		.secrel32	Ldebug_info0
  67 000a 04       		.byte	0x4
  68 000b 00       		.byte	0
  69 000c 0000     		.word	0
  70 000e 0000     		.word	0
  71 0010 00000000 		.long	0
  72 0014 00000000 		.long	0
  73              		.section	.debug_macro,"dr"
  74              	Ldebug_macro0:
  75 0000 0400     		.word	0x4
  76 0002 02       		.byte	0x2
  77 0003 00000000 		.secrel32	Ldebug_line0
  78 0007 01       		.byte	0x1
  79 0008 00       		.uleb128 0
  80 0009 5F5F5354 		.ascii "__STDC__ 1\0"
  80      44435F5F 
  80      203100
  81 0014 01       		.byte	0x1
  82 0015 00       		.uleb128 0
  83 0016 5F5F5354 		.ascii "__STDC_HOSTED__ 1\0"
  83      44435F48 
  83      4F535445 
  83      445F5F20 
  83      3100
  84 0028 01       		.byte	0x1
  85 0029 00       		.uleb128 0
  86 002a 5F5F474E 		.ascii "__GNUC__ 4\0"
GAS LISTING C:\Users\PRESID~1\AppData\Local\Temp\ccgG6ffo.s 			page 3


  86      55435F5F 
  86      203400
  87 0035 01       		.byte	0x1
  88 0036 00       		.uleb128 0
  89 0037 5F5F474E 		.ascii "__GNUC_MINOR__ 9\0"
  89      55435F4D 
  89      494E4F52 
  89      5F5F2039 
  89      00
  90 0048 01       		.byte	0x1
  91 0049 00       		.uleb128 0
  92 004a 5F5F474E 		.ascii "__GNUC_PATCHLEVEL__ 3\0"
  92      55435F50 
  92      41544348 
  92      4C455645 
  92      4C5F5F20 
  93 0060 01       		.byte	0x1
  94 0061 00       		.uleb128 0
  95 0062 5F5F5645 		.ascii "__VERSION__ \"4.9.3\"\0"
  95      5253494F 
  95      4E5F5F20 
  95      22342E39 
  95      2E332200 
  96 0076 01       		.byte	0x1
  97 0077 00       		.uleb128 0
  98 0078 5F5F4154 		.ascii "__ATOMIC_RELAXED 0\0"
  98      4F4D4943 
  98      5F52454C 
  98      41584544 
  98      203000
  99 008b 01       		.byte	0x1
 100 008c 00       		.uleb128 0
 101 008d 5F5F4154 		.ascii "__ATOMIC_SEQ_CST 5\0"
 101      4F4D4943 
 101      5F534551 
 101      5F435354 
 101      203500
 102 00a0 01       		.byte	0x1
 103 00a1 00       		.uleb128 0
 104 00a2 5F5F4154 		.ascii "__ATOMIC_ACQUIRE 2\0"
 104      4F4D4943 
 104      5F414351 
 104      55495245 
 104      203200
 105 00b5 01       		.byte	0x1
 106 00b6 00       		.uleb128 0
 107 00b7 5F5F4154 		.ascii "__ATOMIC_RELEASE 3\0"
 107      4F4D4943 
 107      5F52454C 
 107      45415345 
 107      203300
 108 00ca 01       		.byte	0x1
 109 00cb 00       		.uleb128 0
 110 00cc 5F5F4154 		.ascii "__ATOMIC_ACQ_REL 4\0"
 110      4F4D4943 
 110      5F414351 
 110      5F52454C 
GAS LISTING C:\Users\PRESID~1\AppData\Local\Temp\ccgG6ffo.s 			page 4


 110      203400
 111 00df 01       		.byte	0x1
 112 00e0 00       		.uleb128 0
 113 00e1 5F5F4154 		.ascii "__ATOMIC_CONSUME 1\0"
 113      4F4D4943 
 113      5F434F4E 
 113      53554D45 
 113      203100
 114 00f4 01       		.byte	0x1
 115 00f5 00       		.uleb128 0
 116 00f6 5F5F4649 		.ascii "__FINITE_MATH_ONLY__ 0\0"
 116      4E495445 
 116      5F4D4154 
 116      485F4F4E 
 116      4C595F5F 
 117 010d 01       		.byte	0x1
 118 010e 00       		.uleb128 0
 119 010f 5F5F5349 		.ascii "__SIZEOF_INT__ 4\0"
 119      5A454F46 
 119      5F494E54 
 119      5F5F2034 
 119      00
 120 0120 01       		.byte	0x1
 121 0121 00       		.uleb128 0
 122 0122 5F5F5349 		.ascii "__SIZEOF_LONG__ 4\0"
 122      5A454F46 
 122      5F4C4F4E 
 122      475F5F20 
 122      3400
 123 0134 01       		.byte	0x1
 124 0135 00       		.uleb128 0
 125 0136 5F5F5349 		.ascii "__SIZEOF_LONG_LONG__ 8\0"
 125      5A454F46 
 125      5F4C4F4E 
 125      475F4C4F 
 125      4E475F5F 
 126 014d 01       		.byte	0x1
 127 014e 00       		.uleb128 0
 128 014f 5F5F5349 		.ascii "__SIZEOF_SHORT__ 2\0"
 128      5A454F46 
 128      5F53484F 
 128      52545F5F 
 128      203200
 129 0162 01       		.byte	0x1
 130 0163 00       		.uleb128 0
 131 0164 5F5F5349 		.ascii "__SIZEOF_FLOAT__ 4\0"
 131      5A454F46 
 131      5F464C4F 
 131      41545F5F 
 131      203400
 132 0177 01       		.byte	0x1
 133 0178 00       		.uleb128 0
 134 0179 5F5F5349 		.ascii "__SIZEOF_DOUBLE__ 8\0"
 134      5A454F46 
 134      5F444F55 
 134      424C455F 
 134      5F203800 
GAS LISTING C:\Users\PRESID~1\AppData\Local\Temp\ccgG6ffo.s 			page 5


 135 018d 01       		.byte	0x1
 136 018e 00       		.uleb128 0
 137 018f 5F5F5349 		.ascii "__SIZEOF_LONG_DOUBLE__ 12\0"
 137      5A454F46 
 137      5F4C4F4E 
 137      475F444F 
 137      55424C45 
 138 01a9 01       		.byte	0x1
 139 01aa 00       		.uleb128 0
 140 01ab 5F5F5349 		.ascii "__SIZEOF_SIZE_T__ 4\0"
 140      5A454F46 
 140      5F53495A 
 140      455F545F 
 140      5F203400 
 141 01bf 01       		.byte	0x1
 142 01c0 00       		.uleb128 0
 143 01c1 5F5F4348 		.ascii "__CHAR_BIT__ 8\0"
 143      41525F42 
 143      49545F5F 
 143      203800
 144 01d0 01       		.byte	0x1
 145 01d1 00       		.uleb128 0
 146 01d2 5F5F4249 		.ascii "__BIGGEST_ALIGNMENT__ 16\0"
 146      47474553 
 146      545F414C 
 146      49474E4D 
 146      454E545F 
 147 01eb 01       		.byte	0x1
 148 01ec 00       		.uleb128 0
 149 01ed 5F5F4F52 		.ascii "__ORDER_LITTLE_ENDIAN__ 1234\0"
 149      4445525F 
 149      4C495454 
 149      4C455F45 
 149      4E444941 
 150 020a 01       		.byte	0x1
 151 020b 00       		.uleb128 0
 152 020c 5F5F4F52 		.ascii "__ORDER_BIG_ENDIAN__ 4321\0"
 152      4445525F 
 152      4249475F 
 152      454E4449 
 152      414E5F5F 
 153 0226 01       		.byte	0x1
 154 0227 00       		.uleb128 0
 155 0228 5F5F4F52 		.ascii "__ORDER_PDP_ENDIAN__ 3412\0"
 155      4445525F 
 155      5044505F 
 155      454E4449 
 155      414E5F5F 
 156 0242 01       		.byte	0x1
 157 0243 00       		.uleb128 0
 158 0244 5F5F4259 		.ascii "__BYTE_ORDER__ __ORDER_LITTLE_ENDIAN__\0"
 158      54455F4F 
 158      52444552 
 158      5F5F205F 
 158      5F4F5244 
 159 026b 01       		.byte	0x1
 160 026c 00       		.uleb128 0
GAS LISTING C:\Users\PRESID~1\AppData\Local\Temp\ccgG6ffo.s 			page 6


 161 026d 5F5F464C 		.ascii "__FLOAT_WORD_ORDER__ __ORDER_LITTLE_ENDIAN__\0"
 161      4F41545F 
 161      574F5244 
 161      5F4F5244 
 161      45525F5F 
 162 029a 01       		.byte	0x1
 163 029b 00       		.uleb128 0
 164 029c 5F5F5349 		.ascii "__SIZEOF_POINTER__ 4\0"
 164      5A454F46 
 164      5F504F49 
 164      4E544552 
 164      5F5F2034 
 165 02b1 01       		.byte	0x1
 166 02b2 00       		.uleb128 0
 167 02b3 5F5F5349 		.ascii "__SIZE_TYPE__ unsigned int\0"
 167      5A455F54 
 167      5950455F 
 167      5F20756E 
 167      7369676E 
 168 02ce 01       		.byte	0x1
 169 02cf 00       		.uleb128 0
 170 02d0 5F5F5054 		.ascii "__PTRDIFF_TYPE__ int\0"
 170      52444946 
 170      465F5459 
 170      50455F5F 
 170      20696E74 
 171 02e5 01       		.byte	0x1
 172 02e6 00       		.uleb128 0
 173 02e7 5F5F5743 		.ascii "__WCHAR_TYPE__ short unsigned int\0"
 173      4841525F 
 173      54595045 
 173      5F5F2073 
 173      686F7274 
 174 0309 01       		.byte	0x1
 175 030a 00       		.uleb128 0
 176 030b 5F5F5749 		.ascii "__WINT_TYPE__ short unsigned int\0"
 176      4E545F54 
 176      5950455F 
 176      5F207368 
 176      6F727420 
 177 032c 01       		.byte	0x1
 178 032d 00       		.uleb128 0
 179 032e 5F5F494E 		.ascii "__INTMAX_TYPE__ long long int\0"
 179      544D4158 
 179      5F545950 
 179      455F5F20 
 179      6C6F6E67 
 180 034c 01       		.byte	0x1
 181 034d 00       		.uleb128 0
 182 034e 5F5F5549 		.ascii "__UINTMAX_TYPE__ long long unsigned int\0"
 182      4E544D41 
 182      585F5459 
 182      50455F5F 
 182      206C6F6E 
 183 0376 01       		.byte	0x1
 184 0377 00       		.uleb128 0
 185 0378 5F5F4348 		.ascii "__CHAR16_TYPE__ short unsigned int\0"
GAS LISTING C:\Users\PRESID~1\AppData\Local\Temp\ccgG6ffo.s 			page 7


 185      41523136 
 185      5F545950 
 185      455F5F20 
 185      73686F72 
 186 039b 01       		.byte	0x1
 187 039c 00       		.uleb128 0
 188 039d 5F5F4348 		.ascii "__CHAR32_TYPE__ unsigned int\0"
 188      41523332 
 188      5F545950 
 188      455F5F20 
 188      756E7369 
 189 03ba 01       		.byte	0x1
 190 03bb 00       		.uleb128 0
 191 03bc 5F5F5349 		.ascii "__SIG_ATOMIC_TYPE__ int\0"
 191      475F4154 
 191      4F4D4943 
 191      5F545950 
 191      455F5F20 
 192 03d4 01       		.byte	0x1
 193 03d5 00       		.uleb128 0
 194 03d6 5F5F494E 		.ascii "__INT8_TYPE__ signed char\0"
 194      54385F54 
 194      5950455F 
 194      5F207369 
 194      676E6564 
 195 03f0 01       		.byte	0x1
 196 03f1 00       		.uleb128 0
 197 03f2 5F5F494E 		.ascii "__INT16_TYPE__ short int\0"
 197      5431365F 
 197      54595045 
 197      5F5F2073 
 197      686F7274 
 198 040b 01       		.byte	0x1
 199 040c 00       		.uleb128 0
 200 040d 5F5F494E 		.ascii "__INT32_TYPE__ int\0"
 200      5433325F 
 200      54595045 
 200      5F5F2069 
 200      6E7400
 201 0420 01       		.byte	0x1
 202 0421 00       		.uleb128 0
 203 0422 5F5F494E 		.ascii "__INT64_TYPE__ long long int\0"
 203      5436345F 
 203      54595045 
 203      5F5F206C 
 203      6F6E6720 
 204 043f 01       		.byte	0x1
 205 0440 00       		.uleb128 0
 206 0441 5F5F5549 		.ascii "__UINT8_TYPE__ unsigned char\0"
 206      4E54385F 
 206      54595045 
 206      5F5F2075 
 206      6E736967 
 207 045e 01       		.byte	0x1
 208 045f 00       		.uleb128 0
 209 0460 5F5F5549 		.ascii "__UINT16_TYPE__ short unsigned int\0"
 209      4E543136 
GAS LISTING C:\Users\PRESID~1\AppData\Local\Temp\ccgG6ffo.s 			page 8


 209      5F545950 
 209      455F5F20 
 209      73686F72 
 210 0483 01       		.byte	0x1
 211 0484 00       		.uleb128 0
 212 0485 5F5F5549 		.ascii "__UINT32_TYPE__ unsigned int\0"
 212      4E543332 
 212      5F545950 
 212      455F5F20 
 212      756E7369 
 213 04a2 01       		.byte	0x1
 214 04a3 00       		.uleb128 0
 215 04a4 5F5F5549 		.ascii "__UINT64_TYPE__ long long unsigned int\0"
 215      4E543634 
 215      5F545950 
 215      455F5F20 
 215      6C6F6E67 
 216 04cb 01       		.byte	0x1
 217 04cc 00       		.uleb128 0
 218 04cd 5F5F494E 		.ascii "__INT_LEAST8_TYPE__ signed char\0"
 218      545F4C45 
 218      41535438 
 218      5F545950 
 218      455F5F20 
 219 04ed 01       		.byte	0x1
 220 04ee 00       		.uleb128 0
 221 04ef 5F5F494E 		.ascii "__INT_LEAST16_TYPE__ short int\0"
 221      545F4C45 
 221      41535431 
 221      365F5459 
 221      50455F5F 
 222 050e 01       		.byte	0x1
 223 050f 00       		.uleb128 0
 224 0510 5F5F494E 		.ascii "__INT_LEAST32_TYPE__ int\0"
 224      545F4C45 
 224      41535433 
 224      325F5459 
 224      50455F5F 
 225 0529 01       		.byte	0x1
 226 052a 00       		.uleb128 0
 227 052b 5F5F494E 		.ascii "__INT_LEAST64_TYPE__ long long int\0"
 227      545F4C45 
 227      41535436 
 227      345F5459 
 227      50455F5F 
 228 054e 01       		.byte	0x1
 229 054f 00       		.uleb128 0
 230 0550 5F5F5549 		.ascii "__UINT_LEAST8_TYPE__ unsigned char\0"
 230      4E545F4C 
 230      45415354 
 230      385F5459 
 230      50455F5F 
 231 0573 01       		.byte	0x1
 232 0574 00       		.uleb128 0
 233 0575 5F5F5549 		.ascii "__UINT_LEAST16_TYPE__ short unsigned int\0"
 233      4E545F4C 
 233      45415354 
GAS LISTING C:\Users\PRESID~1\AppData\Local\Temp\ccgG6ffo.s 			page 9


 233      31365F54 
 233      5950455F 
 234 059e 01       		.byte	0x1
 235 059f 00       		.uleb128 0
 236 05a0 5F5F5549 		.ascii "__UINT_LEAST32_TYPE__ unsigned int\0"
 236      4E545F4C 
 236      45415354 
 236      33325F54 
 236      5950455F 
 237 05c3 01       		.byte	0x1
 238 05c4 00       		.uleb128 0
 239 05c5 5F5F5549 		.ascii "__UINT_LEAST64_TYPE__ long long unsigned int\0"
 239      4E545F4C 
 239      45415354 
 239      36345F54 
 239      5950455F 
 240 05f2 01       		.byte	0x1
 241 05f3 00       		.uleb128 0
 242 05f4 5F5F494E 		.ascii "__INT_FAST8_TYPE__ signed char\0"
 242      545F4641 
 242      5354385F 
 242      54595045 
 242      5F5F2073 
 243 0613 01       		.byte	0x1
 244 0614 00       		.uleb128 0
 245 0615 5F5F494E 		.ascii "__INT_FAST16_TYPE__ short int\0"
 245      545F4641 
 245      53543136 
 245      5F545950 
 245      455F5F20 
 246 0633 01       		.byte	0x1
 247 0634 00       		.uleb128 0
 248 0635 5F5F494E 		.ascii "__INT_FAST32_TYPE__ int\0"
 248      545F4641 
 248      53543332 
 248      5F545950 
 248      455F5F20 
 249 064d 01       		.byte	0x1
 250 064e 00       		.uleb128 0
 251 064f 5F5F494E 		.ascii "__INT_FAST64_TYPE__ long long int\0"
 251      545F4641 
 251      53543634 
 251      5F545950 
 251      455F5F20 
 252 0671 01       		.byte	0x1
 253 0672 00       		.uleb128 0
 254 0673 5F5F5549 		.ascii "__UINT_FAST8_TYPE__ unsigned char\0"
 254      4E545F46 
 254      41535438 
 254      5F545950 
 254      455F5F20 
 255 0695 01       		.byte	0x1
 256 0696 00       		.uleb128 0
 257 0697 5F5F5549 		.ascii "__UINT_FAST16_TYPE__ short unsigned int\0"
 257      4E545F46 
 257      41535431 
 257      365F5459 
GAS LISTING C:\Users\PRESID~1\AppData\Local\Temp\ccgG6ffo.s 			page 10


 257      50455F5F 
 258 06bf 01       		.byte	0x1
 259 06c0 00       		.uleb128 0
 260 06c1 5F5F5549 		.ascii "__UINT_FAST32_TYPE__ unsigned int\0"
 260      4E545F46 
 260      41535433 
 260      325F5459 
 260      50455F5F 
 261 06e3 01       		.byte	0x1
 262 06e4 00       		.uleb128 0
 263 06e5 5F5F5549 		.ascii "__UINT_FAST64_TYPE__ long long unsigned int\0"
 263      4E545F46 
 263      41535436 
 263      345F5459 
 263      50455F5F 
 264 0711 01       		.byte	0x1
 265 0712 00       		.uleb128 0
 266 0713 5F5F494E 		.ascii "__INTPTR_TYPE__ int\0"
 266      54505452 
 266      5F545950 
 266      455F5F20 
 266      696E7400 
 267 0727 01       		.byte	0x1
 268 0728 00       		.uleb128 0
 269 0729 5F5F5549 		.ascii "__UINTPTR_TYPE__ unsigned int\0"
 269      4E545054 
 269      525F5459 
 269      50455F5F 
 269      20756E73 
 270 0747 01       		.byte	0x1
 271 0748 00       		.uleb128 0
 272 0749 5F5F6861 		.ascii "__has_include(STR) __has_include__(STR)\0"
 272      735F696E 
 272      636C7564 
 272      65285354 
 272      5229205F 
 273 0771 01       		.byte	0x1
 274 0772 00       		.uleb128 0
 275 0773 5F5F6861 		.ascii "__has_include_next(STR) __has_include_next__(STR)\0"
 275      735F696E 
 275      636C7564 
 275      655F6E65 
 275      78742853 
 276 07a5 01       		.byte	0x1
 277 07a6 00       		.uleb128 0
 278 07a7 5F5F4758 		.ascii "__GXX_ABI_VERSION 1002\0"
 278      585F4142 
 278      495F5645 
 278      5253494F 
 278      4E203130 
 279 07be 01       		.byte	0x1
 280 07bf 00       		.uleb128 0
 281 07c0 5F5F5343 		.ascii "__SCHAR_MAX__ 127\0"
 281      4841525F 
 281      4D41585F 
 281      5F203132 
 281      3700
GAS LISTING C:\Users\PRESID~1\AppData\Local\Temp\ccgG6ffo.s 			page 11


 282 07d2 01       		.byte	0x1
 283 07d3 00       		.uleb128 0
 284 07d4 5F5F5348 		.ascii "__SHRT_MAX__ 32767\0"
 284      52545F4D 
 284      41585F5F 
 284      20333237 
 284      363700
 285 07e7 01       		.byte	0x1
 286 07e8 00       		.uleb128 0
 287 07e9 5F5F494E 		.ascii "__INT_MAX__ 2147483647\0"
 287      545F4D41 
 287      585F5F20 
 287      32313437 
 287      34383336 
 288 0800 01       		.byte	0x1
 289 0801 00       		.uleb128 0
 290 0802 5F5F4C4F 		.ascii "__LONG_MAX__ 2147483647L\0"
 290      4E475F4D 
 290      41585F5F 
 290      20323134 
 290      37343833 
 291 081b 01       		.byte	0x1
 292 081c 00       		.uleb128 0
 293 081d 5F5F4C4F 		.ascii "__LONG_LONG_MAX__ 9223372036854775807LL\0"
 293      4E475F4C 
 293      4F4E475F 
 293      4D41585F 
 293      5F203932 
 294 0845 01       		.byte	0x1
 295 0846 00       		.uleb128 0
 296 0847 5F5F5743 		.ascii "__WCHAR_MAX__ 65535\0"
 296      4841525F 
 296      4D41585F 
 296      5F203635 
 296      35333500 
 297 085b 01       		.byte	0x1
 298 085c 00       		.uleb128 0
 299 085d 5F5F5743 		.ascii "__WCHAR_MIN__ 0\0"
 299      4841525F 
 299      4D494E5F 
 299      5F203000 
 300 086d 01       		.byte	0x1
 301 086e 00       		.uleb128 0
 302 086f 5F5F5749 		.ascii "__WINT_MAX__ 65535\0"
 302      4E545F4D 
 302      41585F5F 
 302      20363535 
 302      333500
 303 0882 01       		.byte	0x1
 304 0883 00       		.uleb128 0
 305 0884 5F5F5749 		.ascii "__WINT_MIN__ 0\0"
 305      4E545F4D 
 305      494E5F5F 
 305      203000
 306 0893 01       		.byte	0x1
 307 0894 00       		.uleb128 0
 308 0895 5F5F5054 		.ascii "__PTRDIFF_MAX__ 2147483647\0"
GAS LISTING C:\Users\PRESID~1\AppData\Local\Temp\ccgG6ffo.s 			page 12


 308      52444946 
 308      465F4D41 
 308      585F5F20 
 308      32313437 
 309 08b0 01       		.byte	0x1
 310 08b1 00       		.uleb128 0
 311 08b2 5F5F5349 		.ascii "__SIZE_MAX__ 4294967295U\0"
 311      5A455F4D 
 311      41585F5F 
 311      20343239 
 311      34393637 
 312 08cb 01       		.byte	0x1
 313 08cc 00       		.uleb128 0
 314 08cd 5F5F494E 		.ascii "__INTMAX_MAX__ 9223372036854775807LL\0"
 314      544D4158 
 314      5F4D4158 
 314      5F5F2039 
 314      32323333 
 315 08f2 01       		.byte	0x1
 316 08f3 00       		.uleb128 0
 317 08f4 5F5F494E 		.ascii "__INTMAX_C(c) c ## LL\0"
 317      544D4158 
 317      5F432863 
 317      29206320 
 317      2323204C 
 318 090a 01       		.byte	0x1
 319 090b 00       		.uleb128 0
 320 090c 5F5F5549 		.ascii "__UINTMAX_MAX__ 18446744073709551615ULL\0"
 320      4E544D41 
 320      585F4D41 
 320      585F5F20 
 320      31383434 
 321 0934 01       		.byte	0x1
 322 0935 00       		.uleb128 0
 323 0936 5F5F5549 		.ascii "__UINTMAX_C(c) c ## ULL\0"
 323      4E544D41 
 323      585F4328 
 323      63292063 
 323      20232320 
 324 094e 01       		.byte	0x1
 325 094f 00       		.uleb128 0
 326 0950 5F5F5349 		.ascii "__SIG_ATOMIC_MAX__ 2147483647\0"
 326      475F4154 
 326      4F4D4943 
 326      5F4D4158 
 326      5F5F2032 
 327 096e 01       		.byte	0x1
 328 096f 00       		.uleb128 0
 329 0970 5F5F5349 		.ascii "__SIG_ATOMIC_MIN__ (-__SIG_ATOMIC_MAX__ - 1)\0"
 329      475F4154 
 329      4F4D4943 
 329      5F4D494E 
 329      5F5F2028 
 330 099d 01       		.byte	0x1
 331 099e 00       		.uleb128 0
 332 099f 5F5F494E 		.ascii "__INT8_MAX__ 127\0"
 332      54385F4D 
GAS LISTING C:\Users\PRESID~1\AppData\Local\Temp\ccgG6ffo.s 			page 13


 332      41585F5F 
 332      20313237 
 332      00
 333 09b0 01       		.byte	0x1
 334 09b1 00       		.uleb128 0
 335 09b2 5F5F494E 		.ascii "__INT16_MAX__ 32767\0"
 335      5431365F 
 335      4D41585F 
 335      5F203332 
 335      37363700 
 336 09c6 01       		.byte	0x1
 337 09c7 00       		.uleb128 0
 338 09c8 5F5F494E 		.ascii "__INT32_MAX__ 2147483647\0"
 338      5433325F 
 338      4D41585F 
 338      5F203231 
 338      34373438 
 339 09e1 01       		.byte	0x1
 340 09e2 00       		.uleb128 0
 341 09e3 5F5F494E 		.ascii "__INT64_MAX__ 9223372036854775807LL\0"
 341      5436345F 
 341      4D41585F 
 341      5F203932 
 341      32333337 
 342 0a07 01       		.byte	0x1
 343 0a08 00       		.uleb128 0
 344 0a09 5F5F5549 		.ascii "__UINT8_MAX__ 255\0"
 344      4E54385F 
 344      4D41585F 
 344      5F203235 
 344      3500
 345 0a1b 01       		.byte	0x1
 346 0a1c 00       		.uleb128 0
 347 0a1d 5F5F5549 		.ascii "__UINT16_MAX__ 65535\0"
 347      4E543136 
 347      5F4D4158 
 347      5F5F2036 
 347      35353335 
 348 0a32 01       		.byte	0x1
 349 0a33 00       		.uleb128 0
 350 0a34 5F5F5549 		.ascii "__UINT32_MAX__ 4294967295U\0"
 350      4E543332 
 350      5F4D4158 
 350      5F5F2034 
 350      32393439 
 351 0a4f 01       		.byte	0x1
 352 0a50 00       		.uleb128 0
 353 0a51 5F5F5549 		.ascii "__UINT64_MAX__ 18446744073709551615ULL\0"
 353      4E543634 
 353      5F4D4158 
 353      5F5F2031 
 353      38343436 
 354 0a78 01       		.byte	0x1
 355 0a79 00       		.uleb128 0
 356 0a7a 5F5F494E 		.ascii "__INT_LEAST8_MAX__ 127\0"
 356      545F4C45 
 356      41535438 
GAS LISTING C:\Users\PRESID~1\AppData\Local\Temp\ccgG6ffo.s 			page 14


 356      5F4D4158 
 356      5F5F2031 
 357 0a91 01       		.byte	0x1
 358 0a92 00       		.uleb128 0
 359 0a93 5F5F494E 		.ascii "__INT8_C(c) c\0"
 359      54385F43 
 359      28632920 
 359      6300
 360 0aa1 01       		.byte	0x1
 361 0aa2 00       		.uleb128 0
 362 0aa3 5F5F494E 		.ascii "__INT_LEAST16_MAX__ 32767\0"
 362      545F4C45 
 362      41535431 
 362      365F4D41 
 362      585F5F20 
 363 0abd 01       		.byte	0x1
 364 0abe 00       		.uleb128 0
 365 0abf 5F5F494E 		.ascii "__INT16_C(c) c\0"
 365      5431365F 
 365      43286329 
 365      206300
 366 0ace 01       		.byte	0x1
 367 0acf 00       		.uleb128 0
 368 0ad0 5F5F494E 		.ascii "__INT_LEAST32_MAX__ 2147483647\0"
 368      545F4C45 
 368      41535433 
 368      325F4D41 
 368      585F5F20 
 369 0aef 01       		.byte	0x1
 370 0af0 00       		.uleb128 0
 371 0af1 5F5F494E 		.ascii "__INT32_C(c) c\0"
 371      5433325F 
 371      43286329 
 371      206300
 372 0b00 01       		.byte	0x1
 373 0b01 00       		.uleb128 0
 374 0b02 5F5F494E 		.ascii "__INT_LEAST64_MAX__ 9223372036854775807LL\0"
 374      545F4C45 
 374      41535436 
 374      345F4D41 
 374      585F5F20 
 375 0b2c 01       		.byte	0x1
 376 0b2d 00       		.uleb128 0
 377 0b2e 5F5F494E 		.ascii "__INT64_C(c) c ## LL\0"
 377      5436345F 
 377      43286329 
 377      20632023 
 377      23204C4C 
 378 0b43 01       		.byte	0x1
 379 0b44 00       		.uleb128 0
 380 0b45 5F5F5549 		.ascii "__UINT_LEAST8_MAX__ 255\0"
 380      4E545F4C 
 380      45415354 
 380      385F4D41 
 380      585F5F20 
 381 0b5d 01       		.byte	0x1
 382 0b5e 00       		.uleb128 0
GAS LISTING C:\Users\PRESID~1\AppData\Local\Temp\ccgG6ffo.s 			page 15


 383 0b5f 5F5F5549 		.ascii "__UINT8_C(c) c\0"
 383      4E54385F 
 383      43286329 
 383      206300
 384 0b6e 01       		.byte	0x1
 385 0b6f 00       		.uleb128 0
 386 0b70 5F5F5549 		.ascii "__UINT_LEAST16_MAX__ 65535\0"
 386      4E545F4C 
 386      45415354 
 386      31365F4D 
 386      41585F5F 
 387 0b8b 01       		.byte	0x1
 388 0b8c 00       		.uleb128 0
 389 0b8d 5F5F5549 		.ascii "__UINT16_C(c) c\0"
 389      4E543136 
 389      5F432863 
 389      29206300 
 390 0b9d 01       		.byte	0x1
 391 0b9e 00       		.uleb128 0
 392 0b9f 5F5F5549 		.ascii "__UINT_LEAST32_MAX__ 4294967295U\0"
 392      4E545F4C 
 392      45415354 
 392      33325F4D 
 392      41585F5F 
 393 0bc0 01       		.byte	0x1
 394 0bc1 00       		.uleb128 0
 395 0bc2 5F5F5549 		.ascii "__UINT32_C(c) c ## U\0"
 395      4E543332 
 395      5F432863 
 395      29206320 
 395      23232055 
 396 0bd7 01       		.byte	0x1
 397 0bd8 00       		.uleb128 0
 398 0bd9 5F5F5549 		.ascii "__UINT_LEAST64_MAX__ 18446744073709551615ULL\0"
 398      4E545F4C 
 398      45415354 
 398      36345F4D 
 398      41585F5F 
 399 0c06 01       		.byte	0x1
 400 0c07 00       		.uleb128 0
 401 0c08 5F5F5549 		.ascii "__UINT64_C(c) c ## ULL\0"
 401      4E543634 
 401      5F432863 
 401      29206320 
 401      23232055 
 402 0c1f 01       		.byte	0x1
 403 0c20 00       		.uleb128 0
 404 0c21 5F5F494E 		.ascii "__INT_FAST8_MAX__ 127\0"
 404      545F4641 
 404      5354385F 
 404      4D41585F 
 404      5F203132 
 405 0c37 01       		.byte	0x1
 406 0c38 00       		.uleb128 0
 407 0c39 5F5F494E 		.ascii "__INT_FAST16_MAX__ 32767\0"
 407      545F4641 
 407      53543136 
GAS LISTING C:\Users\PRESID~1\AppData\Local\Temp\ccgG6ffo.s 			page 16


 407      5F4D4158 
 407      5F5F2033 
 408 0c52 01       		.byte	0x1
 409 0c53 00       		.uleb128 0
 410 0c54 5F5F494E 		.ascii "__INT_FAST32_MAX__ 2147483647\0"
 410      545F4641 
 410      53543332 
 410      5F4D4158 
 410      5F5F2032 
 411 0c72 01       		.byte	0x1
 412 0c73 00       		.uleb128 0
 413 0c74 5F5F494E 		.ascii "__INT_FAST64_MAX__ 9223372036854775807LL\0"
 413      545F4641 
 413      53543634 
 413      5F4D4158 
 413      5F5F2039 
 414 0c9d 01       		.byte	0x1
 415 0c9e 00       		.uleb128 0
 416 0c9f 5F5F5549 		.ascii "__UINT_FAST8_MAX__ 255\0"
 416      4E545F46 
 416      41535438 
 416      5F4D4158 
 416      5F5F2032 
 417 0cb6 01       		.byte	0x1
 418 0cb7 00       		.uleb128 0
 419 0cb8 5F5F5549 		.ascii "__UINT_FAST16_MAX__ 65535\0"
 419      4E545F46 
 419      41535431 
 419      365F4D41 
 419      585F5F20 
 420 0cd2 01       		.byte	0x1
 421 0cd3 00       		.uleb128 0
 422 0cd4 5F5F5549 		.ascii "__UINT_FAST32_MAX__ 4294967295U\0"
 422      4E545F46 
 422      41535433 
 422      325F4D41 
 422      585F5F20 
 423 0cf4 01       		.byte	0x1
 424 0cf5 00       		.uleb128 0
 425 0cf6 5F5F5549 		.ascii "__UINT_FAST64_MAX__ 18446744073709551615ULL\0"
 425      4E545F46 
 425      41535436 
 425      345F4D41 
 425      585F5F20 
 426 0d22 01       		.byte	0x1
 427 0d23 00       		.uleb128 0
 428 0d24 5F5F494E 		.ascii "__INTPTR_MAX__ 2147483647\0"
 428      54505452 
 428      5F4D4158 
 428      5F5F2032 
 428      31343734 
 429 0d3e 01       		.byte	0x1
 430 0d3f 00       		.uleb128 0
 431 0d40 5F5F5549 		.ascii "__UINTPTR_MAX__ 4294967295U\0"
 431      4E545054 
 431      525F4D41 
 431      585F5F20 
GAS LISTING C:\Users\PRESID~1\AppData\Local\Temp\ccgG6ffo.s 			page 17


 431      34323934 
 432 0d5c 01       		.byte	0x1
 433 0d5d 00       		.uleb128 0
 434 0d5e 5F5F4743 		.ascii "__GCC_IEC_559 2\0"
 434      435F4945 
 434      435F3535 
 434      39203200 
 435 0d6e 01       		.byte	0x1
 436 0d6f 00       		.uleb128 0
 437 0d70 5F5F4743 		.ascii "__GCC_IEC_559_COMPLEX 2\0"
 437      435F4945 
 437      435F3535 
 437      395F434F 
 437      4D504C45 
 438 0d88 01       		.byte	0x1
 439 0d89 00       		.uleb128 0
 440 0d8a 5F5F464C 		.ascii "__FLT_EVAL_METHOD__ 2\0"
 440      545F4556 
 440      414C5F4D 
 440      4554484F 
 440      445F5F20 
 441 0da0 01       		.byte	0x1
 442 0da1 00       		.uleb128 0
 443 0da2 5F5F4445 		.ascii "__DEC_EVAL_METHOD__ 2\0"
 443      435F4556 
 443      414C5F4D 
 443      4554484F 
 443      445F5F20 
 444 0db8 01       		.byte	0x1
 445 0db9 00       		.uleb128 0
 446 0dba 5F5F464C 		.ascii "__FLT_RADIX__ 2\0"
 446      545F5241 
 446      4449585F 
 446      5F203200 
 447 0dca 01       		.byte	0x1
 448 0dcb 00       		.uleb128 0
 449 0dcc 5F5F464C 		.ascii "__FLT_MANT_DIG__ 24\0"
 449      545F4D41 
 449      4E545F44 
 449      49475F5F 
 449      20323400 
 450 0de0 01       		.byte	0x1
 451 0de1 00       		.uleb128 0
 452 0de2 5F5F464C 		.ascii "__FLT_DIG__ 6\0"
 452      545F4449 
 452      475F5F20 
 452      3600
 453 0df0 01       		.byte	0x1
 454 0df1 00       		.uleb128 0
 455 0df2 5F5F464C 		.ascii "__FLT_MIN_EXP__ (-125)\0"
 455      545F4D49 
 455      4E5F4558 
 455      505F5F20 
 455      282D3132 
 456 0e09 01       		.byte	0x1
 457 0e0a 00       		.uleb128 0
 458 0e0b 5F5F464C 		.ascii "__FLT_MIN_10_EXP__ (-37)\0"
GAS LISTING C:\Users\PRESID~1\AppData\Local\Temp\ccgG6ffo.s 			page 18


 458      545F4D49 
 458      4E5F3130 
 458      5F455850 
 458      5F5F2028 
 459 0e24 01       		.byte	0x1
 460 0e25 00       		.uleb128 0
 461 0e26 5F5F464C 		.ascii "__FLT_MAX_EXP__ 128\0"
 461      545F4D41 
 461      585F4558 
 461      505F5F20 
 461      31323800 
 462 0e3a 01       		.byte	0x1
 463 0e3b 00       		.uleb128 0
 464 0e3c 5F5F464C 		.ascii "__FLT_MAX_10_EXP__ 38\0"
 464      545F4D41 
 464      585F3130 
 464      5F455850 
 464      5F5F2033 
 465 0e52 01       		.byte	0x1
 466 0e53 00       		.uleb128 0
 467 0e54 5F5F464C 		.ascii "__FLT_DECIMAL_DIG__ 9\0"
 467      545F4445 
 467      43494D41 
 467      4C5F4449 
 467      475F5F20 
 468 0e6a 01       		.byte	0x1
 469 0e6b 00       		.uleb128 0
 470 0e6c 5F5F464C 		.ascii "__FLT_MAX__ 3.40282346638528859812e+38F\0"
 470      545F4D41 
 470      585F5F20 
 470      332E3430 
 470      32383233 
 471 0e94 01       		.byte	0x1
 472 0e95 00       		.uleb128 0
 473 0e96 5F5F464C 		.ascii "__FLT_MIN__ 1.17549435082228750797e-38F\0"
 473      545F4D49 
 473      4E5F5F20 
 473      312E3137 
 473      35343934 
 474 0ebe 01       		.byte	0x1
 475 0ebf 00       		.uleb128 0
 476 0ec0 5F5F464C 		.ascii "__FLT_EPSILON__ 1.19209289550781250000e-7F\0"
 476      545F4550 
 476      53494C4F 
 476      4E5F5F20 
 476      312E3139 
 477 0eeb 01       		.byte	0x1
 478 0eec 00       		.uleb128 0
 479 0eed 5F5F464C 		.ascii "__FLT_DENORM_MIN__ 1.40129846432481707092e-45F\0"
 479      545F4445 
 479      4E4F524D 
 479      5F4D494E 
 479      5F5F2031 
 480 0f1c 01       		.byte	0x1
 481 0f1d 00       		.uleb128 0
 482 0f1e 5F5F464C 		.ascii "__FLT_HAS_DENORM__ 1\0"
 482      545F4841 
GAS LISTING C:\Users\PRESID~1\AppData\Local\Temp\ccgG6ffo.s 			page 19


 482      535F4445 
 482      4E4F524D 
 482      5F5F2031 
 483 0f33 01       		.byte	0x1
 484 0f34 00       		.uleb128 0
 485 0f35 5F5F464C 		.ascii "__FLT_HAS_INFINITY__ 1\0"
 485      545F4841 
 485      535F494E 
 485      46494E49 
 485      54595F5F 
 486 0f4c 01       		.byte	0x1
 487 0f4d 00       		.uleb128 0
 488 0f4e 5F5F464C 		.ascii "__FLT_HAS_QUIET_NAN__ 1\0"
 488      545F4841 
 488      535F5155 
 488      4945545F 
 488      4E414E5F 
 489 0f66 01       		.byte	0x1
 490 0f67 00       		.uleb128 0
 491 0f68 5F5F4442 		.ascii "__DBL_MANT_DIG__ 53\0"
 491      4C5F4D41 
 491      4E545F44 
 491      49475F5F 
 491      20353300 
 492 0f7c 01       		.byte	0x1
 493 0f7d 00       		.uleb128 0
 494 0f7e 5F5F4442 		.ascii "__DBL_DIG__ 15\0"
 494      4C5F4449 
 494      475F5F20 
 494      313500
 495 0f8d 01       		.byte	0x1
 496 0f8e 00       		.uleb128 0
 497 0f8f 5F5F4442 		.ascii "__DBL_MIN_EXP__ (-1021)\0"
 497      4C5F4D49 
 497      4E5F4558 
 497      505F5F20 
 497      282D3130 
 498 0fa7 01       		.byte	0x1
 499 0fa8 00       		.uleb128 0
 500 0fa9 5F5F4442 		.ascii "__DBL_MIN_10_EXP__ (-307)\0"
 500      4C5F4D49 
 500      4E5F3130 
 500      5F455850 
 500      5F5F2028 
 501 0fc3 01       		.byte	0x1
 502 0fc4 00       		.uleb128 0
 503 0fc5 5F5F4442 		.ascii "__DBL_MAX_EXP__ 1024\0"
 503      4C5F4D41 
 503      585F4558 
 503      505F5F20 
 503      31303234 
 504 0fda 01       		.byte	0x1
 505 0fdb 00       		.uleb128 0
 506 0fdc 5F5F4442 		.ascii "__DBL_MAX_10_EXP__ 308\0"
 506      4C5F4D41 
 506      585F3130 
 506      5F455850 
GAS LISTING C:\Users\PRESID~1\AppData\Local\Temp\ccgG6ffo.s 			page 20


 506      5F5F2033 
 507 0ff3 01       		.byte	0x1
 508 0ff4 00       		.uleb128 0
 509 0ff5 5F5F4442 		.ascii "__DBL_DECIMAL_DIG__ 17\0"
 509      4C5F4445 
 509      43494D41 
 509      4C5F4449 
 509      475F5F20 
 510 100c 01       		.byte	0x1
 511 100d 00       		.uleb128 0
 512 100e 5F5F4442 		.ascii "__DBL_MAX__ ((double)1.79769313486231570815e+308L)\0"
 512      4C5F4D41 
 512      585F5F20 
 512      2828646F 
 512      75626C65 
 513 1041 01       		.byte	0x1
 514 1042 00       		.uleb128 0
 515 1043 5F5F4442 		.ascii "__DBL_MIN__ ((double)2.22507385850720138309e-308L)\0"
 515      4C5F4D49 
 515      4E5F5F20 
 515      2828646F 
 515      75626C65 
 516 1076 01       		.byte	0x1
 517 1077 00       		.uleb128 0
 518 1078 5F5F4442 		.ascii "__DBL_EPSILON__ ((double)2.22044604925031308085e-16L)\0"
 518      4C5F4550 
 518      53494C4F 
 518      4E5F5F20 
 518      2828646F 
 519 10ae 01       		.byte	0x1
 520 10af 00       		.uleb128 0
 521 10b0 5F5F4442 		.ascii "__DBL_DENORM_MIN__ ((double)4.94065645841246544177e-324L)\0"
 521      4C5F4445 
 521      4E4F524D 
 521      5F4D494E 
 521      5F5F2028 
 522 10ea 01       		.byte	0x1
 523 10eb 00       		.uleb128 0
 524 10ec 5F5F4442 		.ascii "__DBL_HAS_DENORM__ 1\0"
 524      4C5F4841 
 524      535F4445 
 524      4E4F524D 
 524      5F5F2031 
 525 1101 01       		.byte	0x1
 526 1102 00       		.uleb128 0
 527 1103 5F5F4442 		.ascii "__DBL_HAS_INFINITY__ 1\0"
 527      4C5F4841 
 527      535F494E 
 527      46494E49 
 527      54595F5F 
 528 111a 01       		.byte	0x1
 529 111b 00       		.uleb128 0
 530 111c 5F5F4442 		.ascii "__DBL_HAS_QUIET_NAN__ 1\0"
 530      4C5F4841 
 530      535F5155 
 530      4945545F 
 530      4E414E5F 
GAS LISTING C:\Users\PRESID~1\AppData\Local\Temp\ccgG6ffo.s 			page 21


 531 1134 01       		.byte	0x1
 532 1135 00       		.uleb128 0
 533 1136 5F5F4C44 		.ascii "__LDBL_MANT_DIG__ 64\0"
 533      424C5F4D 
 533      414E545F 
 533      4449475F 
 533      5F203634 
 534 114b 01       		.byte	0x1
 535 114c 00       		.uleb128 0
 536 114d 5F5F4C44 		.ascii "__LDBL_DIG__ 18\0"
 536      424C5F44 
 536      49475F5F 
 536      20313800 
 537 115d 01       		.byte	0x1
 538 115e 00       		.uleb128 0
 539 115f 5F5F4C44 		.ascii "__LDBL_MIN_EXP__ (-16381)\0"
 539      424C5F4D 
 539      494E5F45 
 539      58505F5F 
 539      20282D31 
 540 1179 01       		.byte	0x1
 541 117a 00       		.uleb128 0
 542 117b 5F5F4C44 		.ascii "__LDBL_MIN_10_EXP__ (-4931)\0"
 542      424C5F4D 
 542      494E5F31 
 542      305F4558 
 542      505F5F20 
 543 1197 01       		.byte	0x1
 544 1198 00       		.uleb128 0
 545 1199 5F5F4C44 		.ascii "__LDBL_MAX_EXP__ 16384\0"
 545      424C5F4D 
 545      41585F45 
 545      58505F5F 
 545      20313633 
 546 11b0 01       		.byte	0x1
 547 11b1 00       		.uleb128 0
 548 11b2 5F5F4C44 		.ascii "__LDBL_MAX_10_EXP__ 4932\0"
 548      424C5F4D 
 548      41585F31 
 548      305F4558 
 548      505F5F20 
 549 11cb 01       		.byte	0x1
 550 11cc 00       		.uleb128 0
 551 11cd 5F5F4445 		.ascii "__DECIMAL_DIG__ 21\0"
 551      43494D41 
 551      4C5F4449 
 551      475F5F20 
 551      323100
 552 11e0 01       		.byte	0x1
 553 11e1 00       		.uleb128 0
 554 11e2 5F5F4C44 		.ascii "__LDBL_MAX__ 1.18973149535723176502e+4932L\0"
 554      424C5F4D 
 554      41585F5F 
 554      20312E31 
 554      38393733 
 555 120d 01       		.byte	0x1
 556 120e 00       		.uleb128 0
GAS LISTING C:\Users\PRESID~1\AppData\Local\Temp\ccgG6ffo.s 			page 22


 557 120f 5F5F4C44 		.ascii "__LDBL_MIN__ 3.36210314311209350626e-4932L\0"
 557      424C5F4D 
 557      494E5F5F 
 557      20332E33 
 557      36323130 
 558 123a 01       		.byte	0x1
 559 123b 00       		.uleb128 0
 560 123c 5F5F4C44 		.ascii "__LDBL_EPSILON__ 1.08420217248550443401e-19L\0"
 560      424C5F45 
 560      5053494C 
 560      4F4E5F5F 
 560      20312E30 
 561 1269 01       		.byte	0x1
 562 126a 00       		.uleb128 0
 563 126b 5F5F4C44 		.ascii "__LDBL_DENORM_MIN__ 3.64519953188247460253e-4951L\0"
 563      424C5F44 
 563      454E4F52 
 563      4D5F4D49 
 563      4E5F5F20 
 564 129d 01       		.byte	0x1
 565 129e 00       		.uleb128 0
 566 129f 5F5F4C44 		.ascii "__LDBL_HAS_DENORM__ 1\0"
 566      424C5F48 
 566      41535F44 
 566      454E4F52 
 566      4D5F5F20 
 567 12b5 01       		.byte	0x1
 568 12b6 00       		.uleb128 0
 569 12b7 5F5F4C44 		.ascii "__LDBL_HAS_INFINITY__ 1\0"
 569      424C5F48 
 569      41535F49 
 569      4E46494E 
 569      4954595F 
 570 12cf 01       		.byte	0x1
 571 12d0 00       		.uleb128 0
 572 12d1 5F5F4C44 		.ascii "__LDBL_HAS_QUIET_NAN__ 1\0"
 572      424C5F48 
 572      41535F51 
 572      55494554 
 572      5F4E414E 
 573 12ea 01       		.byte	0x1
 574 12eb 00       		.uleb128 0
 575 12ec 5F5F4445 		.ascii "__DEC32_MANT_DIG__ 7\0"
 575      4333325F 
 575      4D414E54 
 575      5F444947 
 575      5F5F2037 
 576 1301 01       		.byte	0x1
 577 1302 00       		.uleb128 0
 578 1303 5F5F4445 		.ascii "__DEC32_MIN_EXP__ (-94)\0"
 578      4333325F 
 578      4D494E5F 
 578      4558505F 
 578      5F20282D 
 579 131b 01       		.byte	0x1
 580 131c 00       		.uleb128 0
 581 131d 5F5F4445 		.ascii "__DEC32_MAX_EXP__ 97\0"
GAS LISTING C:\Users\PRESID~1\AppData\Local\Temp\ccgG6ffo.s 			page 23


 581      4333325F 
 581      4D41585F 
 581      4558505F 
 581      5F203937 
 582 1332 01       		.byte	0x1
 583 1333 00       		.uleb128 0
 584 1334 5F5F4445 		.ascii "__DEC32_MIN__ 1E-95DF\0"
 584      4333325F 
 584      4D494E5F 
 584      5F203145 
 584      2D393544 
 585 134a 01       		.byte	0x1
 586 134b 00       		.uleb128 0
 587 134c 5F5F4445 		.ascii "__DEC32_MAX__ 9.999999E96DF\0"
 587      4333325F 
 587      4D41585F 
 587      5F20392E 
 587      39393939 
 588 1368 01       		.byte	0x1
 589 1369 00       		.uleb128 0
 590 136a 5F5F4445 		.ascii "__DEC32_EPSILON__ 1E-6DF\0"
 590      4333325F 
 590      45505349 
 590      4C4F4E5F 
 590      5F203145 
 591 1383 01       		.byte	0x1
 592 1384 00       		.uleb128 0
 593 1385 5F5F4445 		.ascii "__DEC32_SUBNORMAL_MIN__ 0.000001E-95DF\0"
 593      4333325F 
 593      5355424E 
 593      4F524D41 
 593      4C5F4D49 
 594 13ac 01       		.byte	0x1
 595 13ad 00       		.uleb128 0
 596 13ae 5F5F4445 		.ascii "__DEC64_MANT_DIG__ 16\0"
 596      4336345F 
 596      4D414E54 
 596      5F444947 
 596      5F5F2031 
 597 13c4 01       		.byte	0x1
 598 13c5 00       		.uleb128 0
 599 13c6 5F5F4445 		.ascii "__DEC64_MIN_EXP__ (-382)\0"
 599      4336345F 
 599      4D494E5F 
 599      4558505F 
 599      5F20282D 
 600 13df 01       		.byte	0x1
 601 13e0 00       		.uleb128 0
 602 13e1 5F5F4445 		.ascii "__DEC64_MAX_EXP__ 385\0"
 602      4336345F 
 602      4D41585F 
 602      4558505F 
 602      5F203338 
 603 13f7 01       		.byte	0x1
 604 13f8 00       		.uleb128 0
 605 13f9 5F5F4445 		.ascii "__DEC64_MIN__ 1E-383DD\0"
 605      4336345F 
GAS LISTING C:\Users\PRESID~1\AppData\Local\Temp\ccgG6ffo.s 			page 24


 605      4D494E5F 
 605      5F203145 
 605      2D333833 
 606 1410 01       		.byte	0x1
 607 1411 00       		.uleb128 0
 608 1412 5F5F4445 		.ascii "__DEC64_MAX__ 9.999999999999999E384DD\0"
 608      4336345F 
 608      4D41585F 
 608      5F20392E 
 608      39393939 
 609 1438 01       		.byte	0x1
 610 1439 00       		.uleb128 0
 611 143a 5F5F4445 		.ascii "__DEC64_EPSILON__ 1E-15DD\0"
 611      4336345F 
 611      45505349 
 611      4C4F4E5F 
 611      5F203145 
 612 1454 01       		.byte	0x1
 613 1455 00       		.uleb128 0
 614 1456 5F5F4445 		.ascii "__DEC64_SUBNORMAL_MIN__ 0.000000000000001E-383DD\0"
 614      4336345F 
 614      5355424E 
 614      4F524D41 
 614      4C5F4D49 
 615 1487 01       		.byte	0x1
 616 1488 00       		.uleb128 0
 617 1489 5F5F4445 		.ascii "__DEC128_MANT_DIG__ 34\0"
 617      43313238 
 617      5F4D414E 
 617      545F4449 
 617      475F5F20 
 618 14a0 01       		.byte	0x1
 619 14a1 00       		.uleb128 0
 620 14a2 5F5F4445 		.ascii "__DEC128_MIN_EXP__ (-6142)\0"
 620      43313238 
 620      5F4D494E 
 620      5F455850 
 620      5F5F2028 
 621 14bd 01       		.byte	0x1
 622 14be 00       		.uleb128 0
 623 14bf 5F5F4445 		.ascii "__DEC128_MAX_EXP__ 6145\0"
 623      43313238 
 623      5F4D4158 
 623      5F455850 
 623      5F5F2036 
 624 14d7 01       		.byte	0x1
 625 14d8 00       		.uleb128 0
 626 14d9 5F5F4445 		.ascii "__DEC128_MIN__ 1E-6143DL\0"
 626      43313238 
 626      5F4D494E 
 626      5F5F2031 
 626      452D3631 
 627 14f2 01       		.byte	0x1
 628 14f3 00       		.uleb128 0
 629 14f4 5F5F4445 		.ascii "__DEC128_MAX__ 9.999999999999999999999999999999999E6144DL\0"
 629      43313238 
 629      5F4D4158 
GAS LISTING C:\Users\PRESID~1\AppData\Local\Temp\ccgG6ffo.s 			page 25


 629      5F5F2039 
 629      2E393939 
 630 152e 01       		.byte	0x1
 631 152f 00       		.uleb128 0
 632 1530 5F5F4445 		.ascii "__DEC128_EPSILON__ 1E-33DL\0"
 632      43313238 
 632      5F455053 
 632      494C4F4E 
 632      5F5F2031 
 633 154b 01       		.byte	0x1
 634 154c 00       		.uleb128 0
 635 154d 5F5F4445 		.ascii "__DEC128_SUBNORMAL_MIN__ 0.000000000000000000000000000000001E-6143DL\0"
 635      43313238 
 635      5F535542 
 635      4E4F524D 
 635      414C5F4D 
 636 1592 01       		.byte	0x1
 637 1593 00       		.uleb128 0
 638 1594 5F5F5245 		.ascii "__REGISTER_PREFIX__ \0"
 638      47495354 
 638      45525F50 
 638      52454649 
 638      585F5F20 
 639 15a9 01       		.byte	0x1
 640 15aa 00       		.uleb128 0
 641 15ab 5F5F5553 		.ascii "__USER_LABEL_PREFIX__ _\0"
 641      45525F4C 
 641      4142454C 
 641      5F505245 
 641      4649585F 
 642 15c3 01       		.byte	0x1
 643 15c4 00       		.uleb128 0
 644 15c5 5F5F474E 		.ascii "__GNUC_GNU_INLINE__ 1\0"
 644      55435F47 
 644      4E555F49 
 644      4E4C494E 
 644      455F5F20 
 645 15db 01       		.byte	0x1
 646 15dc 00       		.uleb128 0
 647 15dd 5F5F4E4F 		.ascii "__NO_INLINE__ 1\0"
 647      5F494E4C 
 647      494E455F 
 647      5F203100 
 648 15ed 01       		.byte	0x1
 649 15ee 00       		.uleb128 0
 650 15ef 5F5F5354 		.ascii "__STRICT_ANSI__ 1\0"
 650      52494354 
 650      5F414E53 
 650      495F5F20 
 650      3100
 651 1601 01       		.byte	0x1
 652 1602 00       		.uleb128 0
 653 1603 5F5F4743 		.ascii "__GCC_ATOMIC_BOOL_LOCK_FREE 1\0"
 653      435F4154 
 653      4F4D4943 
 653      5F424F4F 
 653      4C5F4C4F 
GAS LISTING C:\Users\PRESID~1\AppData\Local\Temp\ccgG6ffo.s 			page 26


 654 1621 01       		.byte	0x1
 655 1622 00       		.uleb128 0
 656 1623 5F5F4743 		.ascii "__GCC_ATOMIC_CHAR_LOCK_FREE 1\0"
 656      435F4154 
 656      4F4D4943 
 656      5F434841 
 656      525F4C4F 
 657 1641 01       		.byte	0x1
 658 1642 00       		.uleb128 0
 659 1643 5F5F4743 		.ascii "__GCC_ATOMIC_CHAR16_T_LOCK_FREE 1\0"
 659      435F4154 
 659      4F4D4943 
 659      5F434841 
 659      5231365F 
 660 1665 01       		.byte	0x1
 661 1666 00       		.uleb128 0
 662 1667 5F5F4743 		.ascii "__GCC_ATOMIC_CHAR32_T_LOCK_FREE 1\0"
 662      435F4154 
 662      4F4D4943 
 662      5F434841 
 662      5233325F 
 663 1689 01       		.byte	0x1
 664 168a 00       		.uleb128 0
 665 168b 5F5F4743 		.ascii "__GCC_ATOMIC_WCHAR_T_LOCK_FREE 1\0"
 665      435F4154 
 665      4F4D4943 
 665      5F574348 
 665      41525F54 
 666 16ac 01       		.byte	0x1
 667 16ad 00       		.uleb128 0
 668 16ae 5F5F4743 		.ascii "__GCC_ATOMIC_SHORT_LOCK_FREE 1\0"
 668      435F4154 
 668      4F4D4943 
 668      5F53484F 
 668      52545F4C 
 669 16cd 01       		.byte	0x1
 670 16ce 00       		.uleb128 0
 671 16cf 5F5F4743 		.ascii "__GCC_ATOMIC_INT_LOCK_FREE 1\0"
 671      435F4154 
 671      4F4D4943 
 671      5F494E54 
 671      5F4C4F43 
 672 16ec 01       		.byte	0x1
 673 16ed 00       		.uleb128 0
 674 16ee 5F5F4743 		.ascii "__GCC_ATOMIC_LONG_LOCK_FREE 1\0"
 674      435F4154 
 674      4F4D4943 
 674      5F4C4F4E 
 674      475F4C4F 
 675 170c 01       		.byte	0x1
 676 170d 00       		.uleb128 0
 677 170e 5F5F4743 		.ascii "__GCC_ATOMIC_LLONG_LOCK_FREE 1\0"
 677      435F4154 
 677      4F4D4943 
 677      5F4C4C4F 
 677      4E475F4C 
 678 172d 01       		.byte	0x1
GAS LISTING C:\Users\PRESID~1\AppData\Local\Temp\ccgG6ffo.s 			page 27


 679 172e 00       		.uleb128 0
 680 172f 5F5F4743 		.ascii "__GCC_ATOMIC_TEST_AND_SET_TRUEVAL 1\0"
 680      435F4154 
 680      4F4D4943 
 680      5F544553 
 680      545F414E 
 681 1753 01       		.byte	0x1
 682 1754 00       		.uleb128 0
 683 1755 5F5F4743 		.ascii "__GCC_ATOMIC_POINTER_LOCK_FREE 1\0"
 683      435F4154 
 683      4F4D4943 
 683      5F504F49 
 683      4E544552 
 684 1776 01       		.byte	0x1
 685 1777 00       		.uleb128 0
 686 1778 5F5F4743 		.ascii "__GCC_HAVE_DWARF2_CFI_ASM 1\0"
 686      435F4841 
 686      56455F44 
 686      57415246 
 686      325F4346 
 687 1794 01       		.byte	0x1
 688 1795 00       		.uleb128 0
 689 1796 5F5F5052 		.ascii "__PRAGMA_REDEFINE_EXTNAME 1\0"
 689      41474D41 
 689      5F524544 
 689      4546494E 
 689      455F4558 
 690 17b2 01       		.byte	0x1
 691 17b3 00       		.uleb128 0
 692 17b4 5F5F5349 		.ascii "__SIZEOF_WCHAR_T__ 2\0"
 692      5A454F46 
 692      5F574348 
 692      41525F54 
 692      5F5F2032 
 693 17c9 01       		.byte	0x1
 694 17ca 00       		.uleb128 0
 695 17cb 5F5F5349 		.ascii "__SIZEOF_WINT_T__ 2\0"
 695      5A454F46 
 695      5F57494E 
 695      545F545F 
 695      5F203200 
 696 17df 01       		.byte	0x1
 697 17e0 00       		.uleb128 0
 698 17e1 5F5F5349 		.ascii "__SIZEOF_PTRDIFF_T__ 4\0"
 698      5A454F46 
 698      5F505452 
 698      44494646 
 698      5F545F5F 
 699 17f8 01       		.byte	0x1
 700 17f9 00       		.uleb128 0
 701 17fa 5F5F6933 		.ascii "__i386 1\0"
 701      38362031 
 701      00
 702 1803 01       		.byte	0x1
 703 1804 00       		.uleb128 0
 704 1805 5F5F6933 		.ascii "__i386__ 1\0"
 704      38365F5F 
GAS LISTING C:\Users\PRESID~1\AppData\Local\Temp\ccgG6ffo.s 			page 28


 704      203100
 705 1810 01       		.byte	0x1
 706 1811 00       		.uleb128 0
 707 1812 5F5F4154 		.ascii "__ATOMIC_HLE_ACQUIRE 65536\0"
 707      4F4D4943 
 707      5F484C45 
 707      5F414351 
 707      55495245 
 708 182d 01       		.byte	0x1
 709 182e 00       		.uleb128 0
 710 182f 5F5F4154 		.ascii "__ATOMIC_HLE_RELEASE 131072\0"
 710      4F4D4943 
 710      5F484C45 
 710      5F52454C 
 710      45415345 
 711 184b 01       		.byte	0x1
 712 184c 00       		.uleb128 0
 713 184d 5F5F7475 		.ascii "__tune_i386__ 1\0"
 713      6E655F69 
 713      3338365F 
 713      5F203100 
 714 185d 01       		.byte	0x1
 715 185e 00       		.uleb128 0
 716 185f 5F5F636F 		.ascii "__code_model_32__ 1\0"
 716      64655F6D 
 716      6F64656C 
 716      5F33325F 
 716      5F203100 
 717 1873 01       		.byte	0x1
 718 1874 00       		.uleb128 0
 719 1875 5F583836 		.ascii "_X86_ 1\0"
 719      5F203100 
 720 187d 01       		.byte	0x1
 721 187e 00       		.uleb128 0
 722 187f 5F5F7374 		.ascii "__stdcall __attribute__((__stdcall__))\0"
 722      6463616C 
 722      6C205F5F 
 722      61747472 
 722      69627574 
 723 18a6 01       		.byte	0x1
 724 18a7 00       		.uleb128 0
 725 18a8 5F5F6661 		.ascii "__fastcall __attribute__((__fastcall__))\0"
 725      73746361 
 725      6C6C205F 
 725      5F617474 
 725      72696275 
 726 18d1 01       		.byte	0x1
 727 18d2 00       		.uleb128 0
 728 18d3 5F5F7468 		.ascii "__thiscall __attribute__((__thiscall__))\0"
 728      69736361 
 728      6C6C205F 
 728      5F617474 
 728      72696275 
 729 18fc 01       		.byte	0x1
 730 18fd 00       		.uleb128 0
 731 18fe 5F5F6364 		.ascii "__cdecl __attribute__((__cdecl__))\0"
 731      65636C20 
GAS LISTING C:\Users\PRESID~1\AppData\Local\Temp\ccgG6ffo.s 			page 29


 731      5F5F6174 
 731      74726962 
 731      7574655F 
 732 1921 01       		.byte	0x1
 733 1922 00       		.uleb128 0
 734 1923 5F5F4758 		.ascii "__GXX_MERGED_TYPEINFO_NAMES 0\0"
 734      585F4D45 
 734      52474544 
 734      5F545950 
 734      45494E46 
 735 1941 01       		.byte	0x1
 736 1942 00       		.uleb128 0
 737 1943 5F5F4758 		.ascii "__GXX_TYPEINFO_EQUALITY_INLINE 0\0"
 737      585F5459 
 737      5045494E 
 737      464F5F45 
 737      5155414C 
 738 1964 01       		.byte	0x1
 739 1965 00       		.uleb128 0
 740 1966 5F5F4D53 		.ascii "__MSVCRT__ 1\0"
 740      56435254 
 740      5F5F2031 
 740      00
 741 1973 01       		.byte	0x1
 742 1974 00       		.uleb128 0
 743 1975 5F5F4D49 		.ascii "__MINGW32__ 1\0"
 743      4E475733 
 743      325F5F20 
 743      3100
 744 1983 01       		.byte	0x1
 745 1984 00       		.uleb128 0
 746 1985 5F57494E 		.ascii "_WIN32 1\0"
 746      33322031 
 746      00
 747 198e 01       		.byte	0x1
 748 198f 00       		.uleb128 0
 749 1990 5F5F5749 		.ascii "__WIN32 1\0"
 749      4E333220 
 749      3100
 750 199a 01       		.byte	0x1
 751 199b 00       		.uleb128 0
 752 199c 5F5F5749 		.ascii "__WIN32__ 1\0"
 752      4E33325F 
 752      5F203100 
 753 19a8 01       		.byte	0x1
 754 19a9 00       		.uleb128 0
 755 19aa 5F5F5749 		.ascii "__WINNT 1\0"
 755      4E4E5420 
 755      3100
 756 19b4 01       		.byte	0x1
 757 19b5 00       		.uleb128 0
 758 19b6 5F5F5749 		.ascii "__WINNT__ 1\0"
 758      4E4E545F 
 758      5F203100 
 759 19c2 01       		.byte	0x1
 760 19c3 00       		.uleb128 0
 761 19c4 5F494E54 		.ascii "_INTEGRAL_MAX_BITS 64\0"
GAS LISTING C:\Users\PRESID~1\AppData\Local\Temp\ccgG6ffo.s 			page 30


 761      45475241 
 761      4C5F4D41 
 761      585F4249 
 761      54532036 
 762 19da 01       		.byte	0x1
 763 19db 00       		.uleb128 0
 764 19dc 5F5F6465 		.ascii "__declspec(x) __attribute__((x))\0"
 764      636C7370 
 764      65632878 
 764      29205F5F 
 764      61747472 
 765 19fd 01       		.byte	0x1
 766 19fe 00       		.uleb128 0
 767 19ff 5F5F4445 		.ascii "__DECIMAL_BID_FORMAT__ 1\0"
 767      43494D41 
 767      4C5F4249 
 767      445F464F 
 767      524D4154 
 768 1a18 01       		.byte	0x1
 769 1a19 00       		.uleb128 0
 770 1a1a 4346475F 		.ascii "CFG_PROCESSOR 3\0"
 770      50524F43 
 770      4553534F 
 770      52203300 
 771              		.file 1 "E:/NeuOrga/Programmieren/c_cpp/github_os/input/src/os_base/os_driver_hook.c"
 772 1a2a 03       		.byte	0x3
 773 1a2b 00       		.uleb128 0
 774 1a2c 01       		.uleb128 0x1
 775              		.file 2 "E:/NeuOrga/Programmieren/c_cpp/github_os/input/src/os_base/os_firstinc.h"
 776 1a2d 03       		.byte	0x3
 777 1a2e 01       		.uleb128 0x1
 778 1a2f 02       		.uleb128 0x2
 779 1a30 01       		.byte	0x1
 780 1a31 02       		.uleb128 0x2
 781 1a32 5F6F735F 		.ascii "_os_firstinc_h_ \0"
 781      66697273 
 781      74696E63 
 781      5F685F20 
 781      00
 782              		.file 3 "E:/NeuOrga/Programmieren/c_cpp/github_os/input/src/os_base/../os_base/os_base_types.h"
 783 1a43 03       		.byte	0x3
 784 1a44 04       		.uleb128 0x4
 785 1a45 03       		.uleb128 0x3
 786 1a46 01       		.byte	0x1
 787 1a47 02       		.uleb128 0x2
 788 1a48 5F424153 		.ascii "_BASE_TYPES_H_ \0"
 788      455F5459 
 788      5045535F 
 788      485F2000 
 789 1a58 01       		.byte	0x1
 790 1a59 04       		.uleb128 0x4
 791 1a5a 494E5445 		.ascii "INTEGER_LLP64_IL32P64 1\0"
 791      4745525F 
 791      4C4C5036 
 791      345F494C 
 791      33325036 
 792 1a72 01       		.byte	0x1
GAS LISTING C:\Users\PRESID~1\AppData\Local\Temp\ccgG6ffo.s 			page 31


 793 1a73 05       		.uleb128 0x5
 794 1a74 494E5445 		.ascii "INTEGER_LP64_I32LP64 2\0"
 794      4745525F 
 794      4C503634 
 794      5F493332 
 794      4C503634 
 795 1a8b 01       		.byte	0x1
 796 1a8c 06       		.uleb128 0x6
 797 1a8d 494E5445 		.ascii "INTEGER_ILP64 3\0"
 797      4745525F 
 797      494C5036 
 797      34203300 
 798 1a9d 01       		.byte	0x1
 799 1a9e 07       		.uleb128 0x7
 800 1a9f 494E5445 		.ascii "INTEGER_SILP64 4\0"
 800      4745525F 
 800      53494C50 
 800      36342034 
 800      00
 801 1ab0 01       		.byte	0x1
 802 1ab1 09       		.uleb128 0x9
 803 1ab2 4350505F 		.ascii "CPP_VERSION_NONE 0\0"
 803      56455253 
 803      494F4E5F 
 803      4E4F4E45 
 803      203000
 804 1ac5 01       		.byte	0x1
 805 1ac6 0A       		.uleb128 0xa
 806 1ac7 4350505F 		.ascii "CPP_VERSION_1998 1\0"
 806      56455253 
 806      494F4E5F 
 806      31393938 
 806      203100
 807 1ada 01       		.byte	0x1
 808 1adb 0B       		.uleb128 0xb
 809 1adc 4350505F 		.ascii "CPP_VERSION_2003 2\0"
 809      56455253 
 809      494F4E5F 
 809      32303033 
 809      203200
 810 1aef 01       		.byte	0x1
 811 1af0 0C       		.uleb128 0xc
 812 1af1 4350505F 		.ascii "CPP_VERSION_2007 3\0"
 812      56455253 
 812      494F4E5F 
 812      32303037 
 812      203300
 813 1b04 01       		.byte	0x1
 814 1b05 0D       		.uleb128 0xd
 815 1b06 4350505F 		.ascii "CPP_VERSION_2011 4\0"
 815      56455253 
 815      494F4E5F 
 815      32303131 
 815      203400
 816 1b19 01       		.byte	0x1
 817 1b1a 0E       		.uleb128 0xe
 818 1b1b 49534F5F 		.ascii "ISO_CPP_VERSION CPP_VERSION_1998\0"
GAS LISTING C:\Users\PRESID~1\AppData\Local\Temp\ccgG6ffo.s 			page 32


 818      4350505F 
 818      56455253 
 818      494F4E20 
 818      4350505F 
 819 1b3c 01       		.byte	0x1
 820 1b3d 10       		.uleb128 0x10
 821 1b3e 494E5445 		.ascii "INTEGER_MODEL INTEGER_LLP64_IL32P64\0"
 821      4745525F 
 821      4D4F4445 
 821      4C20494E 
 821      54454745 
 822 1b62 04       		.byte	0x4
 823              		.file 4 "E:/NeuOrga/Programmieren/c_cpp/github_os/input/src/os_base/../os_base/os_common.h"
 824 1b63 03       		.byte	0x3
 825 1b64 05       		.uleb128 0x5
 826 1b65 04       		.uleb128 0x4
 827 1b66 01       		.byte	0x1
 828 1b67 02       		.uleb128 0x2
 829 1b68 5F6F735F 		.ascii "_os_common_h_ \0"
 829      636F6D6D 
 829      6F6E5F68 
 829      5F2000
 830 1b77 01       		.byte	0x1
 831 1b78 06       		.uleb128 0x6
 832 1b79 46616C73 		.ascii "False 0\0"
 832      65203000 
 833 1b81 01       		.byte	0x1
 834 1b82 07       		.uleb128 0x7
 835 1b83 54727565 		.ascii "True 1\0"
 835      203100
 836 1b8a 01       		.byte	0x1
 837 1b8b 08       		.uleb128 0x8
 838 1b8c 41636365 		.ascii "Accepted 1\0"
 838      70746564 
 838      203100
 839 1b97 01       		.byte	0x1
 840 1b98 09       		.uleb128 0x9
 841 1b99 52656A65 		.ascii "Rejected 0\0"
 841      63746564 
 841      203000
 842 1ba4 01       		.byte	0x1
 843 1ba5 0A       		.uleb128 0xa
 844 1ba6 4C6F6361 		.ascii "Local static\0"
 844      6C207374 
 844      61746963 
 844      00
 845 1bb3 01       		.byte	0x1
 846 1bb4 0B       		.uleb128 0xb
 847 1bb5 4C6F6361 		.ascii "Local_inline static __inline__\0"
 847      6C5F696E 
 847      6C696E65 
 847      20737461 
 847      74696320 
 848 1bd4 01       		.byte	0x1
 849 1bd5 0C       		.uleb128 0xc
 850 1bd6 476C6F62 		.ascii "Global_inline __inline__\0"
 850      616C5F69 
GAS LISTING C:\Users\PRESID~1\AppData\Local\Temp\ccgG6ffo.s 			page 33


 850      6E6C696E 
 850      65205F5F 
 850      696E6C69 
 851 1bef 01       		.byte	0x1
 852 1bf0 0D       		.uleb128 0xd
 853 1bf1 52656665 		.ascii "ReferenceUnusedParameter(x) ((x) = (x))\0"
 853      72656E63 
 853      65556E75 
 853      73656450 
 853      6172616D 
 854 1c19 01       		.byte	0x1
 855 1c1a 10       		.uleb128 0x10
 856 1c1b 634D4355 		.ascii "cMCU_SIMULATION 1\0"
 856      5F53494D 
 856      554C4154 
 856      494F4E20 
 856      3100
 857 1c2d 01       		.byte	0x1
 858 1c2e 11       		.uleb128 0x11
 859 1c2f 634D4355 		.ascii "cMCU_POWERPC 2\0"
 859      5F504F57 
 859      45525043 
 859      203200
 860 1c3e 01       		.byte	0x1
 861 1c3f 12       		.uleb128 0x12
 862 1c40 634D4355 		.ascii "cMCU_X86 3\0"
 862      5F583836 
 862      203300
 863 1c4b 01       		.byte	0x1
 864 1c4c 13       		.uleb128 0x13
 865 1c4d 634D4355 		.ascii "cMCU_CORTEX_M4 4\0"
 865      5F434F52 
 865      5445585F 
 865      4D342034 
 865      00
 866 1c5e 01       		.byte	0x1
 867 1c5f 16       		.uleb128 0x16
 868 1c60 4E525F4F 		.ascii "NR_OF_CORES 1\0"
 868      465F434F 
 868      52455320 
 868      3100
 869 1c6e 01       		.byte	0x1
 870 1c6f 23       		.uleb128 0x23
 871 1c70 44697361 		.ascii "DisableInterrupts() \0"
 871      626C6549 
 871      6E746572 
 871      72757074 
 871      73282920 
 872 1c85 01       		.byte	0x1
 873 1c86 24       		.uleb128 0x24
 874 1c87 456E6162 		.ascii "EnableInterrupts() \0"
 874      6C65496E 
 874      74657272 
 874      75707473 
 874      28292000 
 875 1c9b 01       		.byte	0x1
 876 1c9c 25       		.uleb128 0x25
GAS LISTING C:\Users\PRESID~1\AppData\Local\Temp\ccgG6ffo.s 			page 34


 877 1c9d 50726976 		.ascii "Privilige_level_save_current() \0"
 877      696C6967 
 877      655F6C65 
 877      76656C5F 
 877      73617665 
 878 1cbd 01       		.byte	0x1
 879 1cbe 26       		.uleb128 0x26
 880 1cbf 50726976 		.ascii "Privilige_level_enter_kernel_mode() \0"
 880      696C6967 
 880      655F6C65 
 880      76656C5F 
 880      656E7465 
 881 1ce4 01       		.byte	0x1
 882 1ce5 27       		.uleb128 0x27
 883 1ce6 50726976 		.ascii "Privilige_level_restore_saved() \0"
 883      696C6967 
 883      655F6C65 
 883      76656C5F 
 883      72657374 
 884 1d07 01       		.byte	0x1
 885 1d08 28       		.uleb128 0x28
 886 1d09 48616C74 		.ascii "HaltMcu() \0"
 886      4D637528 
 886      292000
 887 1d14 04       		.byte	0x4
 888              		.file 5 "E:/NeuOrga/Programmieren/c_cpp/github_os/input/src/os_base/../os_sim/lld_global.h"
 889 1d15 03       		.byte	0x3
 890 1d16 07       		.uleb128 0x7
 891 1d17 05       		.uleb128 0x5
 892 1d18 01       		.byte	0x1
 893 1d19 02       		.uleb128 0x2
 894 1d1a 5F6C6C64 		.ascii "_lld_global_h_ \0"
 894      5F676C6F 
 894      62616C5F 
 894      685F2000 
 895              		.file 6 "E:/NeuOrga/Programmieren/c_cpp/github_os/input/src/os_base/../os_sim/lld_core.h"
 896 1d2a 03       		.byte	0x3
 897 1d2b 04       		.uleb128 0x4
 898 1d2c 06       		.uleb128 0x6
 899 1d2d 01       		.byte	0x1
 900 1d2e 02       		.uleb128 0x2
 901 1d2f 5F6C6C64 		.ascii "_lld_core_h_ \0"
 901      5F636F72 
 901      655F685F 
 901      2000
 902              		.file 7 "E:/NeuOrga/Programmieren/c_cpp/github_os/input/src/os_base/../os_sim/../os_base/os_firsti
 903 1d3d 03       		.byte	0x3
 904 1d3e 03       		.uleb128 0x3
 905 1d3f 07       		.uleb128 0x7
 906 1d40 04       		.byte	0x4
 907 1d41 04       		.byte	0x4
 908              		.file 8 "E:/NeuOrga/Programmieren/c_cpp/github_os/input/src/os_base/../os_sim/lld_adc.h"
 909 1d42 03       		.byte	0x3
 910 1d43 05       		.uleb128 0x5
 911 1d44 08       		.uleb128 0x8
 912 1d45 01       		.byte	0x1
 913 1d46 02       		.uleb128 0x2
GAS LISTING C:\Users\PRESID~1\AppData\Local\Temp\ccgG6ffo.s 			page 35


 914 1d47 5F6C6C64 		.ascii "_lld_adc_h_ \0"
 914      5F616463 
 914      5F685F20 
 914      00
 915 1d54 04       		.byte	0x4
 916              		.file 9 "E:/NeuOrga/Programmieren/c_cpp/github_os/input/src/os_base/../os_sim/lld_can.h"
 917 1d55 03       		.byte	0x3
 918 1d56 06       		.uleb128 0x6
 919 1d57 09       		.uleb128 0x9
 920 1d58 01       		.byte	0x1
 921 1d59 02       		.uleb128 0x2
 922 1d5a 5F6C6C64 		.ascii "_lld_can_h_ \0"
 922      5F63616E 
 922      5F685F20 
 922      00
 923 1d67 04       		.byte	0x4
 924              		.file 10 "E:/NeuOrga/Programmieren/c_cpp/github_os/input/src/os_base/../os_sim/lld_gpio.h"
 925 1d68 03       		.byte	0x3
 926 1d69 07       		.uleb128 0x7
 927 1d6a 0A       		.uleb128 0xa
 928 1d6b 01       		.byte	0x1
 929 1d6c 02       		.uleb128 0x2
 930 1d6d 5F6C6C64 		.ascii "_lld_gpio_h_ \0"
 930      5F677069 
 930      6F5F685F 
 930      2000
 931 1d7b 04       		.byte	0x4
 932              		.file 11 "E:/NeuOrga/Programmieren/c_cpp/github_os/input/src/os_base/../os_sim/lld_interrupt.h"
 933 1d7c 03       		.byte	0x3
 934 1d7d 08       		.uleb128 0x8
 935 1d7e 0B       		.uleb128 0xb
 936 1d7f 01       		.byte	0x1
 937 1d80 02       		.uleb128 0x2
 938 1d81 5F6C6C64 		.ascii "_lld_interrupt_h_ \0"
 938      5F696E74 
 938      65727275 
 938      70745F68 
 938      5F2000
 939 1d94 01       		.byte	0x1
 940 1d95 05       		.uleb128 0x5
 941 1d96 6F735F69 		.ascii "os_interrupt_swi_1 asm(\"swi 1\")\0"
 941      6E746572 
 941      72757074 
 941      5F737769 
 941      5F312061 
 942 1db6 01       		.byte	0x1
 943 1db7 06       		.uleb128 0x6
 944 1db8 6F735F69 		.ascii "os_interrupt_swi_2 asm(\"swi 2\")\0"
 944      6E746572 
 944      72757074 
 944      5F737769 
 944      5F322061 
 945 1dd8 01       		.byte	0x1
 946 1dd9 07       		.uleb128 0x7
 947 1dda 6F735F69 		.ascii "os_interrupt_swi_3 asm(\"swi 3\")\0"
 947      6E746572 
 947      72757074 
GAS LISTING C:\Users\PRESID~1\AppData\Local\Temp\ccgG6ffo.s 			page 36


 947      5F737769 
 947      5F332061 
 948 1dfa 01       		.byte	0x1
 949 1dfb 08       		.uleb128 0x8
 950 1dfc 6F735F69 		.ascii "os_interrupt_swi_4 asm(\"swi 4\")\0"
 950      6E746572 
 950      72757074 
 950      5F737769 
 950      5F342061 
 951 1e1c 01       		.byte	0x1
 952 1e1d 09       		.uleb128 0x9
 953 1e1e 6F735F69 		.ascii "os_interrupt_swi_5 asm(\"swi 5\")\0"
 953      6E746572 
 953      72757074 
 953      5F737769 
 953      5F352061 
 954 1e3e 04       		.byte	0x4
 955              		.file 12 "E:/NeuOrga/Programmieren/c_cpp/github_os/input/src/os_base/../os_sim/lld_mmu.h"
 956 1e3f 03       		.byte	0x3
 957 1e40 09       		.uleb128 0x9
 958 1e41 0C       		.uleb128 0xc
 959 1e42 01       		.byte	0x1
 960 1e43 02       		.uleb128 0x2
 961 1e44 5F6C6C64 		.ascii "_lld_mmu_h_ \0"
 961      5F6D6D75 
 961      5F685F20 
 961      00
 962 1e51 03       		.byte	0x3
 963 1e52 04       		.uleb128 0x4
 964 1e53 05       		.uleb128 0x5
 965 1e54 04       		.byte	0x4
 966 1e55 04       		.byte	0x4
 967              		.file 13 "E:/NeuOrga/Programmieren/c_cpp/github_os/input/src/os_base/../os_sim/lld_timer.h"
 968 1e56 03       		.byte	0x3
 969 1e57 0A       		.uleb128 0xa
 970 1e58 0D       		.uleb128 0xd
 971 1e59 01       		.byte	0x1
 972 1e5a 02       		.uleb128 0x2
 973 1e5b 5F6C6C64 		.ascii "_lld_timer_h_ \0"
 973      5F74696D 
 973      65725F68 
 973      5F2000
 974 1e6a 04       		.byte	0x4
 975              		.file 14 "E:/NeuOrga/Programmieren/c_cpp/github_os/input/src/os_base/../os_sim/lld_power.h"
 976 1e6b 03       		.byte	0x3
 977 1e6c 0B       		.uleb128 0xb
 978 1e6d 0E       		.uleb128 0xe
 979 1e6e 01       		.byte	0x1
 980 1e6f 02       		.uleb128 0x2
 981 1e70 5F6C6C64 		.ascii "_lld_power_h_ \0"
 981      5F706F77 
 981      65725F68 
 981      5F2000
 982 1e7f 04       		.byte	0x4
 983              		.file 15 "E:/NeuOrga/Programmieren/c_cpp/github_os/input/src/os_base/../os_sim/lld_ram.h"
 984 1e80 03       		.byte	0x3
 985 1e81 0C       		.uleb128 0xc
GAS LISTING C:\Users\PRESID~1\AppData\Local\Temp\ccgG6ffo.s 			page 37


 986 1e82 0F       		.uleb128 0xf
 987 1e83 01       		.byte	0x1
 988 1e84 02       		.uleb128 0x2
 989 1e85 5F6C6C64 		.ascii "_lld_ram_h_ \0"
 989      5F72616D 
 989      5F685F20 
 989      00
 990 1e92 04       		.byte	0x4
 991              		.file 16 "E:/NeuOrga/Programmieren/c_cpp/github_os/input/src/os_base/../os_sim/lld_watchdog.h"
 992 1e93 03       		.byte	0x3
 993 1e94 0D       		.uleb128 0xd
 994 1e95 10       		.uleb128 0x10
 995 1e96 01       		.byte	0x1
 996 1e97 02       		.uleb128 0x2
 997 1e98 5F6C6C64 		.ascii "_lld_watchdog_h_ \0"
 997      5F776174 
 997      6368646F 
 997      675F685F 
 997      2000
 998 1eaa 04       		.byte	0x4
 999              		.file 17 "E:/NeuOrga/Programmieren/c_cpp/github_os/input/src/os_base/../os_sim/../os_base/os_task_
 1000 1eab 03       		.byte	0x3
 1001 1eac 0E       		.uleb128 0xe
 1002 1ead 11       		.uleb128 0x11
 1003 1eae 01       		.byte	0x1
 1004 1eaf 02       		.uleb128 0x2
 1005 1eb0 5F6F735F 		.ascii "_os_task_common_h_ \0"
 1005      7461736B 
 1005      5F636F6D 
 1005      6D6F6E5F 
 1005      685F2000 
 1006              		.file 18 "E:/NeuOrga/Programmieren/c_cpp/github_os/input/src/os_base/../os_sim/../os_base/os_task_
 1007 1ec4 03       		.byte	0x3
 1008 1ec5 04       		.uleb128 0x4
 1009 1ec6 12       		.uleb128 0x12
 1010 1ec7 01       		.byte	0x1
 1011 1ec8 02       		.uleb128 0x2
 1012 1ec9 5F6F735F 		.ascii "_os_task_config_h_ \0"
 1012      7461736B 
 1012      5F636F6E 
 1012      6669675F 
 1012      685F2000 
 1013 1edd 01       		.byte	0x1
 1014 1ede 05       		.uleb128 0x5
 1015 1edf 53636865 		.ascii "SchedulerFrequency (1.0e3)\0"
 1015      64756C65 
 1015      72467265 
 1015      7175656E 
 1015      63792028 
 1016 1efa 01       		.byte	0x1
 1017 1efb 06       		.uleb128 0x6
 1018 1efc 4D696E54 		.ascii "MinTimeSlice_s (1.0/SchedulerFrequency)\0"
 1018      696D6553 
 1018      6C696365 
 1018      5F732028 
 1018      312E302F 
 1019 1f24 01       		.byte	0x1
GAS LISTING C:\Users\PRESID~1\AppData\Local\Temp\ccgG6ffo.s 			page 38


 1020 1f25 07       		.uleb128 0x7
 1021 1f26 4D696E54 		.ascii "MinTimeSlice_us ((1.0/SchedulerFrequency)*1e6)\0"
 1021      696D6553 
 1021      6C696365 
 1021      5F757320 
 1021      2828312E 
 1022 1f55 01       		.byte	0x1
 1023 1f56 08       		.uleb128 0x8
 1024 1f57 5461736B 		.ascii "Task_min_time (1e0)\0"
 1024      5F6D696E 
 1024      5F74696D 
 1024      65202831 
 1024      65302900 
 1025 1f6b 01       		.byte	0x1
 1026 1f6c 09       		.uleb128 0x9
 1027 1f6d 4E554D42 		.ascii "NUMBER_OF_TASKS 5\0"
 1027      45525F4F 
 1027      465F5441 
 1027      534B5320 
 1027      3500
 1028 1f7f 01       		.byte	0x1
 1029 1f80 0A       		.uleb128 0xa
 1030 1f81 4D41585F 		.ascii "MAX_RUN_QUEUE_SIZE (NUMBER_OF_TASKS)\0"
 1030      52554E5F 
 1030      51554555 
 1030      455F5349 
 1030      5A452028 
 1031 1fa6 01       		.byte	0x1
 1032 1fa7 0B       		.uleb128 0xb
 1033 1fa8 4D41585F 		.ascii "MAX_RUN_PQUEUE_SIZE MAX_RUN_QUEUE_SIZE\0"
 1033      52554E5F 
 1033      50515545 
 1033      55455F53 
 1033      495A4520 
 1034 1fcf 01       		.byte	0x1
 1035 1fd0 0D       		.uleb128 0xd
 1036 1fd1 5441534B 		.ascii "TASK_STACK_SIZE 200\0"
 1036      5F535441 
 1036      434B5F53 
 1036      495A4520 
 1036      32303000 
 1037 1fe5 01       		.byte	0x1
 1038 1fe6 10       		.uleb128 0x10
 1039 1fe7 4D535F50 		.ascii "MS_PER_SEC (1000)\0"
 1039      45525F53 
 1039      45432028 
 1039      31303030 
 1039      2900
 1040 1ff9 01       		.byte	0x1
 1041 1ffa 11       		.uleb128 0x11
 1042 1ffb 5553455F 		.ascii "USE_STATIC_CREATED_TASKS True\0"
 1042      53544154 
 1042      49435F43 
 1042      52454154 
 1042      45445F54 
 1043 2019 04       		.byte	0x4
 1044              		.file 19 "E:/NeuOrga/Programmieren/c_cpp/github_os/input/src/os_base/../os_sim/../os_base/os_init_
GAS LISTING C:\Users\PRESID~1\AppData\Local\Temp\ccgG6ffo.s 			page 39


 1045 201a 03       		.byte	0x3
 1046 201b 05       		.uleb128 0x5
 1047 201c 13       		.uleb128 0x13
 1048 201d 01       		.byte	0x1
 1049 201e 02       		.uleb128 0x2
 1050 201f 5F6F735F 		.ascii "_os_init_task_system_h_ \0"
 1050      696E6974 
 1050      5F746173 
 1050      6B5F7379 
 1050      7374656D 
 1051 2038 04       		.byte	0x4
 1052 2039 01       		.byte	0x1
 1053 203a 5C       		.uleb128 0x5c
 1054 203b 6F735F53 		.ascii "os_SaveTaskPtr(task_ptr,task_name) (TASK_PTR[(task_name)] = (task_ptr))\0"
 1054      61766554 
 1054      61736B50 
 1054      74722874 
 1054      61736B5F 
 1055 2083 01       		.byte	0x1
 1056 2084 5D       		.uleb128 0x5d
 1057 2085 6F735F47 		.ascii "os_GetTaskPtr(task_name) ((task_t*) TASK_PTR[(task_name)])\0"
 1057      65745461 
 1057      736B5074 
 1057      72287461 
 1057      736B5F6E 
 1058 20c0 04       		.byte	0x4
 1059 20c1 04       		.byte	0x4
 1060 20c2 04       		.byte	0x4
 1061 20c3 04       		.byte	0x4
 1062 20c4 00       		.byte	0
 1063              		.section	.debug_line,"dr"
 1064              	Ldebug_line0:
 1065 0000 6B020000 		.section	.debug_str,"dr"
 1065      02006502 
 1065      00000101 
 1065      FB0E0D00 
 1065      01010101 
 1066              		.ident	"GCC: (GNU) 4.9.3"
GAS LISTING C:\Users\PRESID~1\AppData\Local\Temp\ccgG6ffo.s 			page 40


DEFINED SYMBOLS
                            *ABS*:00000000 os_driver_hook.c

NO UNDEFINED SYMBOLS
