GAS LISTING C:\Users\PRESID~1\AppData\Local\Temp\ccm7AmjV.s 			page 1


   1              		.file	"os_exception_table.c"
   2              		.text
   3              	Ltext0:
   4              		.globl	_isr_vec_table
   5              		.data
   6              		.align 32
   7              	_isr_vec_table:
   8 0000 00000000 		.long	_OS_Exception_RESET
   9 0004 00000000 		.long	_OS_Exception_UNDEFINST
  10 0008 00000000 		.long	_OS_Exception_SWI
  11 000c 00000000 		.long	_OS_Exception_ABORT_PREFETCH
  12 0010 00000000 		.long	_OS_Exception_ABORT_DATA
  13 0014 00000000 		.long	0
  14 0018 00000000 		.long	_OS_Exception_IRQ
  15 001c 00000000 		.long	_OS_Exception_FIQ
  16              		.text
  17              	Letext0:
  18              		.file 1 "E:/NeuOrga/Programmieren/c_cpp/github_os/input/src/os_base/../os_base/os_common.h"
  19              		.file 2 "E:/NeuOrga/Programmieren/c_cpp/github_os/input/src/os_base/os_exception_table.c"
  20              		.section	.debug_info,"dr"
  21              	Ldebug_info0:
  22 0000 27010000 		.long	0x127
  23 0004 0400     		.word	0x4
  24 0006 00000000 		.secrel32	Ldebug_abbrev0
  25 000a 04       		.byte	0x4
  26 000b 01       		.uleb128 0x1
  27 000c 474E5520 		.ascii "GNU C 4.9.3 -march=i386 -g3 -O0 -std=c90\0"
  27      4320342E 
  27      392E3320 
  27      2D6D6172 
  27      63683D69 
  28 0035 01       		.byte	0x1
  29 0036 453A5C4E 		.ascii "E:\\NeuOrga\\Programmieren\\c_cpp\\github_os\\input\\src\\os_base\\os_exception_table.c\0"
  29      65754F72 
  29      67615C50 
  29      726F6772 
  29      616D6D69 
  30 0086 00000000 		.secrel32	Ldebug_line0
  31 008a 00000000 		.secrel32	Ldebug_macro0
  32 008e 02       		.uleb128 0x2
  33 008f 01       		.byte	0x1
  34 0090 08       		.byte	0x8
  35 0091 756E7369 		.ascii "unsigned char\0"
  35      676E6564 
  35      20636861 
  35      7200
  36 009f 02       		.uleb128 0x2
  37 00a0 02       		.byte	0x2
  38 00a1 07       		.byte	0x7
  39 00a2 73686F72 		.ascii "short unsigned int\0"
  39      7420756E 
  39      7369676E 
  39      65642069 
  39      6E7400
  40 00b5 02       		.uleb128 0x2
  41 00b6 04       		.byte	0x4
  42 00b7 07       		.byte	0x7
GAS LISTING C:\Users\PRESID~1\AppData\Local\Temp\ccm7AmjV.s 			page 2


  43 00b8 6C6F6E67 		.ascii "long unsigned int\0"
  43      20756E73 
  43      69676E65 
  43      6420696E 
  43      7400
  44 00ca 03       		.uleb128 0x3
  45 00cb 66756E63 		.ascii "func_ptr_t\0"
  45      5F707472 
  45      5F7400
  46 00d6 01       		.byte	0x1
  47 00d7 53       		.byte	0x53
  48 00d8 DC000000 		.long	0xdc
  49 00dc 04       		.uleb128 0x4
  50 00dd 04       		.byte	0x4
  51 00de E2000000 		.long	0xe2
  52 00e2 05       		.uleb128 0x5
  53 00e3 02       		.uleb128 0x2
  54 00e4 04       		.byte	0x4
  55 00e5 07       		.byte	0x7
  56 00e6 756E7369 		.ascii "unsigned int\0"
  56      676E6564 
  56      20696E74 
  56      00
  57 00f3 06       		.uleb128 0x6
  58 00f4 CA000000 		.long	0xca
  59 00f8 03010000 		.long	0x103
  60 00fc 07       		.uleb128 0x7
  61 00fd 03010000 		.long	0x103
  62 0101 07       		.byte	0x7
  63 0102 00       		.byte	0
  64 0103 02       		.uleb128 0x2
  65 0104 04       		.byte	0x4
  66 0105 07       		.byte	0x7
  67 0106 73697A65 		.ascii "sizetype\0"
  67      74797065 
  67      00
  68 010f 08       		.uleb128 0x8
  69 0110 6973725F 		.ascii "isr_vec_table\0"
  69      7665635F 
  69      7461626C 
  69      6500
  70 011e 02       		.byte	0x2
  71 011f 08       		.byte	0x8
  72 0120 F3000000 		.long	0xf3
  73 0124 05       		.uleb128 0x5
  74 0125 03       		.byte	0x3
  75 0126 00000000 		.long	_isr_vec_table
  76 012a 00       		.byte	0
  77              		.section	.debug_abbrev,"dr"
  78              	Ldebug_abbrev0:
  79 0000 01       		.uleb128 0x1
  80 0001 11       		.uleb128 0x11
  81 0002 01       		.byte	0x1
  82 0003 25       		.uleb128 0x25
  83 0004 08       		.uleb128 0x8
  84 0005 13       		.uleb128 0x13
  85 0006 0B       		.uleb128 0xb
GAS LISTING C:\Users\PRESID~1\AppData\Local\Temp\ccm7AmjV.s 			page 3


  86 0007 03       		.uleb128 0x3
  87 0008 08       		.uleb128 0x8
  88 0009 10       		.uleb128 0x10
  89 000a 17       		.uleb128 0x17
  90 000b 9942     		.uleb128 0x2119
  91 000d 17       		.uleb128 0x17
  92 000e 00       		.byte	0
  93 000f 00       		.byte	0
  94 0010 02       		.uleb128 0x2
  95 0011 24       		.uleb128 0x24
  96 0012 00       		.byte	0
  97 0013 0B       		.uleb128 0xb
  98 0014 0B       		.uleb128 0xb
  99 0015 3E       		.uleb128 0x3e
 100 0016 0B       		.uleb128 0xb
 101 0017 03       		.uleb128 0x3
 102 0018 08       		.uleb128 0x8
 103 0019 00       		.byte	0
 104 001a 00       		.byte	0
 105 001b 03       		.uleb128 0x3
 106 001c 16       		.uleb128 0x16
 107 001d 00       		.byte	0
 108 001e 03       		.uleb128 0x3
 109 001f 08       		.uleb128 0x8
 110 0020 3A       		.uleb128 0x3a
 111 0021 0B       		.uleb128 0xb
 112 0022 3B       		.uleb128 0x3b
 113 0023 0B       		.uleb128 0xb
 114 0024 49       		.uleb128 0x49
 115 0025 13       		.uleb128 0x13
 116 0026 00       		.byte	0
 117 0027 00       		.byte	0
 118 0028 04       		.uleb128 0x4
 119 0029 0F       		.uleb128 0xf
 120 002a 00       		.byte	0
 121 002b 0B       		.uleb128 0xb
 122 002c 0B       		.uleb128 0xb
 123 002d 49       		.uleb128 0x49
 124 002e 13       		.uleb128 0x13
 125 002f 00       		.byte	0
 126 0030 00       		.byte	0
 127 0031 05       		.uleb128 0x5
 128 0032 15       		.uleb128 0x15
 129 0033 00       		.byte	0
 130 0034 27       		.uleb128 0x27
 131 0035 19       		.uleb128 0x19
 132 0036 00       		.byte	0
 133 0037 00       		.byte	0
 134 0038 06       		.uleb128 0x6
 135 0039 01       		.uleb128 0x1
 136 003a 01       		.byte	0x1
 137 003b 49       		.uleb128 0x49
 138 003c 13       		.uleb128 0x13
 139 003d 01       		.uleb128 0x1
 140 003e 13       		.uleb128 0x13
 141 003f 00       		.byte	0
 142 0040 00       		.byte	0
GAS LISTING C:\Users\PRESID~1\AppData\Local\Temp\ccm7AmjV.s 			page 4


 143 0041 07       		.uleb128 0x7
 144 0042 21       		.uleb128 0x21
 145 0043 00       		.byte	0
 146 0044 49       		.uleb128 0x49
 147 0045 13       		.uleb128 0x13
 148 0046 2F       		.uleb128 0x2f
 149 0047 0B       		.uleb128 0xb
 150 0048 00       		.byte	0
 151 0049 00       		.byte	0
 152 004a 08       		.uleb128 0x8
 153 004b 34       		.uleb128 0x34
 154 004c 00       		.byte	0
 155 004d 03       		.uleb128 0x3
 156 004e 08       		.uleb128 0x8
 157 004f 3A       		.uleb128 0x3a
 158 0050 0B       		.uleb128 0xb
 159 0051 3B       		.uleb128 0x3b
 160 0052 0B       		.uleb128 0xb
 161 0053 49       		.uleb128 0x49
 162 0054 13       		.uleb128 0x13
 163 0055 3F       		.uleb128 0x3f
 164 0056 19       		.uleb128 0x19
 165 0057 02       		.uleb128 0x2
 166 0058 18       		.uleb128 0x18
 167 0059 00       		.byte	0
 168 005a 00       		.byte	0
 169 005b 00       		.byte	0
 170              		.section	.debug_aranges,"dr"
 171 0000 14000000 		.long	0x14
 172 0004 0200     		.word	0x2
 173 0006 00000000 		.secrel32	Ldebug_info0
 174 000a 04       		.byte	0x4
 175 000b 00       		.byte	0
 176 000c 0000     		.word	0
 177 000e 0000     		.word	0
 178 0010 00000000 		.long	0
 179 0014 00000000 		.long	0
 180              		.section	.debug_macro,"dr"
 181              	Ldebug_macro0:
 182 0000 0400     		.word	0x4
 183 0002 02       		.byte	0x2
 184 0003 00000000 		.secrel32	Ldebug_line0
 185 0007 01       		.byte	0x1
 186 0008 00       		.uleb128 0
 187 0009 5F5F5354 		.ascii "__STDC__ 1\0"
 187      44435F5F 
 187      203100
 188 0014 01       		.byte	0x1
 189 0015 00       		.uleb128 0
 190 0016 5F5F5354 		.ascii "__STDC_HOSTED__ 1\0"
 190      44435F48 
 190      4F535445 
 190      445F5F20 
 190      3100
 191 0028 01       		.byte	0x1
 192 0029 00       		.uleb128 0
 193 002a 5F5F474E 		.ascii "__GNUC__ 4\0"
GAS LISTING C:\Users\PRESID~1\AppData\Local\Temp\ccm7AmjV.s 			page 5


 193      55435F5F 
 193      203400
 194 0035 01       		.byte	0x1
 195 0036 00       		.uleb128 0
 196 0037 5F5F474E 		.ascii "__GNUC_MINOR__ 9\0"
 196      55435F4D 
 196      494E4F52 
 196      5F5F2039 
 196      00
 197 0048 01       		.byte	0x1
 198 0049 00       		.uleb128 0
 199 004a 5F5F474E 		.ascii "__GNUC_PATCHLEVEL__ 3\0"
 199      55435F50 
 199      41544348 
 199      4C455645 
 199      4C5F5F20 
 200 0060 01       		.byte	0x1
 201 0061 00       		.uleb128 0
 202 0062 5F5F5645 		.ascii "__VERSION__ \"4.9.3\"\0"
 202      5253494F 
 202      4E5F5F20 
 202      22342E39 
 202      2E332200 
 203 0076 01       		.byte	0x1
 204 0077 00       		.uleb128 0
 205 0078 5F5F4154 		.ascii "__ATOMIC_RELAXED 0\0"
 205      4F4D4943 
 205      5F52454C 
 205      41584544 
 205      203000
 206 008b 01       		.byte	0x1
 207 008c 00       		.uleb128 0
 208 008d 5F5F4154 		.ascii "__ATOMIC_SEQ_CST 5\0"
 208      4F4D4943 
 208      5F534551 
 208      5F435354 
 208      203500
 209 00a0 01       		.byte	0x1
 210 00a1 00       		.uleb128 0
 211 00a2 5F5F4154 		.ascii "__ATOMIC_ACQUIRE 2\0"
 211      4F4D4943 
 211      5F414351 
 211      55495245 
 211      203200
 212 00b5 01       		.byte	0x1
 213 00b6 00       		.uleb128 0
 214 00b7 5F5F4154 		.ascii "__ATOMIC_RELEASE 3\0"
 214      4F4D4943 
 214      5F52454C 
 214      45415345 
 214      203300
 215 00ca 01       		.byte	0x1
 216 00cb 00       		.uleb128 0
 217 00cc 5F5F4154 		.ascii "__ATOMIC_ACQ_REL 4\0"
 217      4F4D4943 
 217      5F414351 
 217      5F52454C 
GAS LISTING C:\Users\PRESID~1\AppData\Local\Temp\ccm7AmjV.s 			page 6


 217      203400
 218 00df 01       		.byte	0x1
 219 00e0 00       		.uleb128 0
 220 00e1 5F5F4154 		.ascii "__ATOMIC_CONSUME 1\0"
 220      4F4D4943 
 220      5F434F4E 
 220      53554D45 
 220      203100
 221 00f4 01       		.byte	0x1
 222 00f5 00       		.uleb128 0
 223 00f6 5F5F4649 		.ascii "__FINITE_MATH_ONLY__ 0\0"
 223      4E495445 
 223      5F4D4154 
 223      485F4F4E 
 223      4C595F5F 
 224 010d 01       		.byte	0x1
 225 010e 00       		.uleb128 0
 226 010f 5F5F5349 		.ascii "__SIZEOF_INT__ 4\0"
 226      5A454F46 
 226      5F494E54 
 226      5F5F2034 
 226      00
 227 0120 01       		.byte	0x1
 228 0121 00       		.uleb128 0
 229 0122 5F5F5349 		.ascii "__SIZEOF_LONG__ 4\0"
 229      5A454F46 
 229      5F4C4F4E 
 229      475F5F20 
 229      3400
 230 0134 01       		.byte	0x1
 231 0135 00       		.uleb128 0
 232 0136 5F5F5349 		.ascii "__SIZEOF_LONG_LONG__ 8\0"
 232      5A454F46 
 232      5F4C4F4E 
 232      475F4C4F 
 232      4E475F5F 
 233 014d 01       		.byte	0x1
 234 014e 00       		.uleb128 0
 235 014f 5F5F5349 		.ascii "__SIZEOF_SHORT__ 2\0"
 235      5A454F46 
 235      5F53484F 
 235      52545F5F 
 235      203200
 236 0162 01       		.byte	0x1
 237 0163 00       		.uleb128 0
 238 0164 5F5F5349 		.ascii "__SIZEOF_FLOAT__ 4\0"
 238      5A454F46 
 238      5F464C4F 
 238      41545F5F 
 238      203400
 239 0177 01       		.byte	0x1
 240 0178 00       		.uleb128 0
 241 0179 5F5F5349 		.ascii "__SIZEOF_DOUBLE__ 8\0"
 241      5A454F46 
 241      5F444F55 
 241      424C455F 
 241      5F203800 
GAS LISTING C:\Users\PRESID~1\AppData\Local\Temp\ccm7AmjV.s 			page 7


 242 018d 01       		.byte	0x1
 243 018e 00       		.uleb128 0
 244 018f 5F5F5349 		.ascii "__SIZEOF_LONG_DOUBLE__ 12\0"
 244      5A454F46 
 244      5F4C4F4E 
 244      475F444F 
 244      55424C45 
 245 01a9 01       		.byte	0x1
 246 01aa 00       		.uleb128 0
 247 01ab 5F5F5349 		.ascii "__SIZEOF_SIZE_T__ 4\0"
 247      5A454F46 
 247      5F53495A 
 247      455F545F 
 247      5F203400 
 248 01bf 01       		.byte	0x1
 249 01c0 00       		.uleb128 0
 250 01c1 5F5F4348 		.ascii "__CHAR_BIT__ 8\0"
 250      41525F42 
 250      49545F5F 
 250      203800
 251 01d0 01       		.byte	0x1
 252 01d1 00       		.uleb128 0
 253 01d2 5F5F4249 		.ascii "__BIGGEST_ALIGNMENT__ 16\0"
 253      47474553 
 253      545F414C 
 253      49474E4D 
 253      454E545F 
 254 01eb 01       		.byte	0x1
 255 01ec 00       		.uleb128 0
 256 01ed 5F5F4F52 		.ascii "__ORDER_LITTLE_ENDIAN__ 1234\0"
 256      4445525F 
 256      4C495454 
 256      4C455F45 
 256      4E444941 
 257 020a 01       		.byte	0x1
 258 020b 00       		.uleb128 0
 259 020c 5F5F4F52 		.ascii "__ORDER_BIG_ENDIAN__ 4321\0"
 259      4445525F 
 259      4249475F 
 259      454E4449 
 259      414E5F5F 
 260 0226 01       		.byte	0x1
 261 0227 00       		.uleb128 0
 262 0228 5F5F4F52 		.ascii "__ORDER_PDP_ENDIAN__ 3412\0"
 262      4445525F 
 262      5044505F 
 262      454E4449 
 262      414E5F5F 
 263 0242 01       		.byte	0x1
 264 0243 00       		.uleb128 0
 265 0244 5F5F4259 		.ascii "__BYTE_ORDER__ __ORDER_LITTLE_ENDIAN__\0"
 265      54455F4F 
 265      52444552 
 265      5F5F205F 
 265      5F4F5244 
 266 026b 01       		.byte	0x1
 267 026c 00       		.uleb128 0
GAS LISTING C:\Users\PRESID~1\AppData\Local\Temp\ccm7AmjV.s 			page 8


 268 026d 5F5F464C 		.ascii "__FLOAT_WORD_ORDER__ __ORDER_LITTLE_ENDIAN__\0"
 268      4F41545F 
 268      574F5244 
 268      5F4F5244 
 268      45525F5F 
 269 029a 01       		.byte	0x1
 270 029b 00       		.uleb128 0
 271 029c 5F5F5349 		.ascii "__SIZEOF_POINTER__ 4\0"
 271      5A454F46 
 271      5F504F49 
 271      4E544552 
 271      5F5F2034 
 272 02b1 01       		.byte	0x1
 273 02b2 00       		.uleb128 0
 274 02b3 5F5F5349 		.ascii "__SIZE_TYPE__ unsigned int\0"
 274      5A455F54 
 274      5950455F 
 274      5F20756E 
 274      7369676E 
 275 02ce 01       		.byte	0x1
 276 02cf 00       		.uleb128 0
 277 02d0 5F5F5054 		.ascii "__PTRDIFF_TYPE__ int\0"
 277      52444946 
 277      465F5459 
 277      50455F5F 
 277      20696E74 
 278 02e5 01       		.byte	0x1
 279 02e6 00       		.uleb128 0
 280 02e7 5F5F5743 		.ascii "__WCHAR_TYPE__ short unsigned int\0"
 280      4841525F 
 280      54595045 
 280      5F5F2073 
 280      686F7274 
 281 0309 01       		.byte	0x1
 282 030a 00       		.uleb128 0
 283 030b 5F5F5749 		.ascii "__WINT_TYPE__ short unsigned int\0"
 283      4E545F54 
 283      5950455F 
 283      5F207368 
 283      6F727420 
 284 032c 01       		.byte	0x1
 285 032d 00       		.uleb128 0
 286 032e 5F5F494E 		.ascii "__INTMAX_TYPE__ long long int\0"
 286      544D4158 
 286      5F545950 
 286      455F5F20 
 286      6C6F6E67 
 287 034c 01       		.byte	0x1
 288 034d 00       		.uleb128 0
 289 034e 5F5F5549 		.ascii "__UINTMAX_TYPE__ long long unsigned int\0"
 289      4E544D41 
 289      585F5459 
 289      50455F5F 
 289      206C6F6E 
 290 0376 01       		.byte	0x1
 291 0377 00       		.uleb128 0
 292 0378 5F5F4348 		.ascii "__CHAR16_TYPE__ short unsigned int\0"
GAS LISTING C:\Users\PRESID~1\AppData\Local\Temp\ccm7AmjV.s 			page 9


 292      41523136 
 292      5F545950 
 292      455F5F20 
 292      73686F72 
 293 039b 01       		.byte	0x1
 294 039c 00       		.uleb128 0
 295 039d 5F5F4348 		.ascii "__CHAR32_TYPE__ unsigned int\0"
 295      41523332 
 295      5F545950 
 295      455F5F20 
 295      756E7369 
 296 03ba 01       		.byte	0x1
 297 03bb 00       		.uleb128 0
 298 03bc 5F5F5349 		.ascii "__SIG_ATOMIC_TYPE__ int\0"
 298      475F4154 
 298      4F4D4943 
 298      5F545950 
 298      455F5F20 
 299 03d4 01       		.byte	0x1
 300 03d5 00       		.uleb128 0
 301 03d6 5F5F494E 		.ascii "__INT8_TYPE__ signed char\0"
 301      54385F54 
 301      5950455F 
 301      5F207369 
 301      676E6564 
 302 03f0 01       		.byte	0x1
 303 03f1 00       		.uleb128 0
 304 03f2 5F5F494E 		.ascii "__INT16_TYPE__ short int\0"
 304      5431365F 
 304      54595045 
 304      5F5F2073 
 304      686F7274 
 305 040b 01       		.byte	0x1
 306 040c 00       		.uleb128 0
 307 040d 5F5F494E 		.ascii "__INT32_TYPE__ int\0"
 307      5433325F 
 307      54595045 
 307      5F5F2069 
 307      6E7400
 308 0420 01       		.byte	0x1
 309 0421 00       		.uleb128 0
 310 0422 5F5F494E 		.ascii "__INT64_TYPE__ long long int\0"
 310      5436345F 
 310      54595045 
 310      5F5F206C 
 310      6F6E6720 
 311 043f 01       		.byte	0x1
 312 0440 00       		.uleb128 0
 313 0441 5F5F5549 		.ascii "__UINT8_TYPE__ unsigned char\0"
 313      4E54385F 
 313      54595045 
 313      5F5F2075 
 313      6E736967 
 314 045e 01       		.byte	0x1
 315 045f 00       		.uleb128 0
 316 0460 5F5F5549 		.ascii "__UINT16_TYPE__ short unsigned int\0"
 316      4E543136 
GAS LISTING C:\Users\PRESID~1\AppData\Local\Temp\ccm7AmjV.s 			page 10


 316      5F545950 
 316      455F5F20 
 316      73686F72 
 317 0483 01       		.byte	0x1
 318 0484 00       		.uleb128 0
 319 0485 5F5F5549 		.ascii "__UINT32_TYPE__ unsigned int\0"
 319      4E543332 
 319      5F545950 
 319      455F5F20 
 319      756E7369 
 320 04a2 01       		.byte	0x1
 321 04a3 00       		.uleb128 0
 322 04a4 5F5F5549 		.ascii "__UINT64_TYPE__ long long unsigned int\0"
 322      4E543634 
 322      5F545950 
 322      455F5F20 
 322      6C6F6E67 
 323 04cb 01       		.byte	0x1
 324 04cc 00       		.uleb128 0
 325 04cd 5F5F494E 		.ascii "__INT_LEAST8_TYPE__ signed char\0"
 325      545F4C45 
 325      41535438 
 325      5F545950 
 325      455F5F20 
 326 04ed 01       		.byte	0x1
 327 04ee 00       		.uleb128 0
 328 04ef 5F5F494E 		.ascii "__INT_LEAST16_TYPE__ short int\0"
 328      545F4C45 
 328      41535431 
 328      365F5459 
 328      50455F5F 
 329 050e 01       		.byte	0x1
 330 050f 00       		.uleb128 0
 331 0510 5F5F494E 		.ascii "__INT_LEAST32_TYPE__ int\0"
 331      545F4C45 
 331      41535433 
 331      325F5459 
 331      50455F5F 
 332 0529 01       		.byte	0x1
 333 052a 00       		.uleb128 0
 334 052b 5F5F494E 		.ascii "__INT_LEAST64_TYPE__ long long int\0"
 334      545F4C45 
 334      41535436 
 334      345F5459 
 334      50455F5F 
 335 054e 01       		.byte	0x1
 336 054f 00       		.uleb128 0
 337 0550 5F5F5549 		.ascii "__UINT_LEAST8_TYPE__ unsigned char\0"
 337      4E545F4C 
 337      45415354 
 337      385F5459 
 337      50455F5F 
 338 0573 01       		.byte	0x1
 339 0574 00       		.uleb128 0
 340 0575 5F5F5549 		.ascii "__UINT_LEAST16_TYPE__ short unsigned int\0"
 340      4E545F4C 
 340      45415354 
GAS LISTING C:\Users\PRESID~1\AppData\Local\Temp\ccm7AmjV.s 			page 11


 340      31365F54 
 340      5950455F 
 341 059e 01       		.byte	0x1
 342 059f 00       		.uleb128 0
 343 05a0 5F5F5549 		.ascii "__UINT_LEAST32_TYPE__ unsigned int\0"
 343      4E545F4C 
 343      45415354 
 343      33325F54 
 343      5950455F 
 344 05c3 01       		.byte	0x1
 345 05c4 00       		.uleb128 0
 346 05c5 5F5F5549 		.ascii "__UINT_LEAST64_TYPE__ long long unsigned int\0"
 346      4E545F4C 
 346      45415354 
 346      36345F54 
 346      5950455F 
 347 05f2 01       		.byte	0x1
 348 05f3 00       		.uleb128 0
 349 05f4 5F5F494E 		.ascii "__INT_FAST8_TYPE__ signed char\0"
 349      545F4641 
 349      5354385F 
 349      54595045 
 349      5F5F2073 
 350 0613 01       		.byte	0x1
 351 0614 00       		.uleb128 0
 352 0615 5F5F494E 		.ascii "__INT_FAST16_TYPE__ short int\0"
 352      545F4641 
 352      53543136 
 352      5F545950 
 352      455F5F20 
 353 0633 01       		.byte	0x1
 354 0634 00       		.uleb128 0
 355 0635 5F5F494E 		.ascii "__INT_FAST32_TYPE__ int\0"
 355      545F4641 
 355      53543332 
 355      5F545950 
 355      455F5F20 
 356 064d 01       		.byte	0x1
 357 064e 00       		.uleb128 0
 358 064f 5F5F494E 		.ascii "__INT_FAST64_TYPE__ long long int\0"
 358      545F4641 
 358      53543634 
 358      5F545950 
 358      455F5F20 
 359 0671 01       		.byte	0x1
 360 0672 00       		.uleb128 0
 361 0673 5F5F5549 		.ascii "__UINT_FAST8_TYPE__ unsigned char\0"
 361      4E545F46 
 361      41535438 
 361      5F545950 
 361      455F5F20 
 362 0695 01       		.byte	0x1
 363 0696 00       		.uleb128 0
 364 0697 5F5F5549 		.ascii "__UINT_FAST16_TYPE__ short unsigned int\0"
 364      4E545F46 
 364      41535431 
 364      365F5459 
GAS LISTING C:\Users\PRESID~1\AppData\Local\Temp\ccm7AmjV.s 			page 12


 364      50455F5F 
 365 06bf 01       		.byte	0x1
 366 06c0 00       		.uleb128 0
 367 06c1 5F5F5549 		.ascii "__UINT_FAST32_TYPE__ unsigned int\0"
 367      4E545F46 
 367      41535433 
 367      325F5459 
 367      50455F5F 
 368 06e3 01       		.byte	0x1
 369 06e4 00       		.uleb128 0
 370 06e5 5F5F5549 		.ascii "__UINT_FAST64_TYPE__ long long unsigned int\0"
 370      4E545F46 
 370      41535436 
 370      345F5459 
 370      50455F5F 
 371 0711 01       		.byte	0x1
 372 0712 00       		.uleb128 0
 373 0713 5F5F494E 		.ascii "__INTPTR_TYPE__ int\0"
 373      54505452 
 373      5F545950 
 373      455F5F20 
 373      696E7400 
 374 0727 01       		.byte	0x1
 375 0728 00       		.uleb128 0
 376 0729 5F5F5549 		.ascii "__UINTPTR_TYPE__ unsigned int\0"
 376      4E545054 
 376      525F5459 
 376      50455F5F 
 376      20756E73 
 377 0747 01       		.byte	0x1
 378 0748 00       		.uleb128 0
 379 0749 5F5F6861 		.ascii "__has_include(STR) __has_include__(STR)\0"
 379      735F696E 
 379      636C7564 
 379      65285354 
 379      5229205F 
 380 0771 01       		.byte	0x1
 381 0772 00       		.uleb128 0
 382 0773 5F5F6861 		.ascii "__has_include_next(STR) __has_include_next__(STR)\0"
 382      735F696E 
 382      636C7564 
 382      655F6E65 
 382      78742853 
 383 07a5 01       		.byte	0x1
 384 07a6 00       		.uleb128 0
 385 07a7 5F5F4758 		.ascii "__GXX_ABI_VERSION 1002\0"
 385      585F4142 
 385      495F5645 
 385      5253494F 
 385      4E203130 
 386 07be 01       		.byte	0x1
 387 07bf 00       		.uleb128 0
 388 07c0 5F5F5343 		.ascii "__SCHAR_MAX__ 127\0"
 388      4841525F 
 388      4D41585F 
 388      5F203132 
 388      3700
GAS LISTING C:\Users\PRESID~1\AppData\Local\Temp\ccm7AmjV.s 			page 13


 389 07d2 01       		.byte	0x1
 390 07d3 00       		.uleb128 0
 391 07d4 5F5F5348 		.ascii "__SHRT_MAX__ 32767\0"
 391      52545F4D 
 391      41585F5F 
 391      20333237 
 391      363700
 392 07e7 01       		.byte	0x1
 393 07e8 00       		.uleb128 0
 394 07e9 5F5F494E 		.ascii "__INT_MAX__ 2147483647\0"
 394      545F4D41 
 394      585F5F20 
 394      32313437 
 394      34383336 
 395 0800 01       		.byte	0x1
 396 0801 00       		.uleb128 0
 397 0802 5F5F4C4F 		.ascii "__LONG_MAX__ 2147483647L\0"
 397      4E475F4D 
 397      41585F5F 
 397      20323134 
 397      37343833 
 398 081b 01       		.byte	0x1
 399 081c 00       		.uleb128 0
 400 081d 5F5F4C4F 		.ascii "__LONG_LONG_MAX__ 9223372036854775807LL\0"
 400      4E475F4C 
 400      4F4E475F 
 400      4D41585F 
 400      5F203932 
 401 0845 01       		.byte	0x1
 402 0846 00       		.uleb128 0
 403 0847 5F5F5743 		.ascii "__WCHAR_MAX__ 65535\0"
 403      4841525F 
 403      4D41585F 
 403      5F203635 
 403      35333500 
 404 085b 01       		.byte	0x1
 405 085c 00       		.uleb128 0
 406 085d 5F5F5743 		.ascii "__WCHAR_MIN__ 0\0"
 406      4841525F 
 406      4D494E5F 
 406      5F203000 
 407 086d 01       		.byte	0x1
 408 086e 00       		.uleb128 0
 409 086f 5F5F5749 		.ascii "__WINT_MAX__ 65535\0"
 409      4E545F4D 
 409      41585F5F 
 409      20363535 
 409      333500
 410 0882 01       		.byte	0x1
 411 0883 00       		.uleb128 0
 412 0884 5F5F5749 		.ascii "__WINT_MIN__ 0\0"
 412      4E545F4D 
 412      494E5F5F 
 412      203000
 413 0893 01       		.byte	0x1
 414 0894 00       		.uleb128 0
 415 0895 5F5F5054 		.ascii "__PTRDIFF_MAX__ 2147483647\0"
GAS LISTING C:\Users\PRESID~1\AppData\Local\Temp\ccm7AmjV.s 			page 14


 415      52444946 
 415      465F4D41 
 415      585F5F20 
 415      32313437 
 416 08b0 01       		.byte	0x1
 417 08b1 00       		.uleb128 0
 418 08b2 5F5F5349 		.ascii "__SIZE_MAX__ 4294967295U\0"
 418      5A455F4D 
 418      41585F5F 
 418      20343239 
 418      34393637 
 419 08cb 01       		.byte	0x1
 420 08cc 00       		.uleb128 0
 421 08cd 5F5F494E 		.ascii "__INTMAX_MAX__ 9223372036854775807LL\0"
 421      544D4158 
 421      5F4D4158 
 421      5F5F2039 
 421      32323333 
 422 08f2 01       		.byte	0x1
 423 08f3 00       		.uleb128 0
 424 08f4 5F5F494E 		.ascii "__INTMAX_C(c) c ## LL\0"
 424      544D4158 
 424      5F432863 
 424      29206320 
 424      2323204C 
 425 090a 01       		.byte	0x1
 426 090b 00       		.uleb128 0
 427 090c 5F5F5549 		.ascii "__UINTMAX_MAX__ 18446744073709551615ULL\0"
 427      4E544D41 
 427      585F4D41 
 427      585F5F20 
 427      31383434 
 428 0934 01       		.byte	0x1
 429 0935 00       		.uleb128 0
 430 0936 5F5F5549 		.ascii "__UINTMAX_C(c) c ## ULL\0"
 430      4E544D41 
 430      585F4328 
 430      63292063 
 430      20232320 
 431 094e 01       		.byte	0x1
 432 094f 00       		.uleb128 0
 433 0950 5F5F5349 		.ascii "__SIG_ATOMIC_MAX__ 2147483647\0"
 433      475F4154 
 433      4F4D4943 
 433      5F4D4158 
 433      5F5F2032 
 434 096e 01       		.byte	0x1
 435 096f 00       		.uleb128 0
 436 0970 5F5F5349 		.ascii "__SIG_ATOMIC_MIN__ (-__SIG_ATOMIC_MAX__ - 1)\0"
 436      475F4154 
 436      4F4D4943 
 436      5F4D494E 
 436      5F5F2028 
 437 099d 01       		.byte	0x1
 438 099e 00       		.uleb128 0
 439 099f 5F5F494E 		.ascii "__INT8_MAX__ 127\0"
 439      54385F4D 
GAS LISTING C:\Users\PRESID~1\AppData\Local\Temp\ccm7AmjV.s 			page 15


 439      41585F5F 
 439      20313237 
 439      00
 440 09b0 01       		.byte	0x1
 441 09b1 00       		.uleb128 0
 442 09b2 5F5F494E 		.ascii "__INT16_MAX__ 32767\0"
 442      5431365F 
 442      4D41585F 
 442      5F203332 
 442      37363700 
 443 09c6 01       		.byte	0x1
 444 09c7 00       		.uleb128 0
 445 09c8 5F5F494E 		.ascii "__INT32_MAX__ 2147483647\0"
 445      5433325F 
 445      4D41585F 
 445      5F203231 
 445      34373438 
 446 09e1 01       		.byte	0x1
 447 09e2 00       		.uleb128 0
 448 09e3 5F5F494E 		.ascii "__INT64_MAX__ 9223372036854775807LL\0"
 448      5436345F 
 448      4D41585F 
 448      5F203932 
 448      32333337 
 449 0a07 01       		.byte	0x1
 450 0a08 00       		.uleb128 0
 451 0a09 5F5F5549 		.ascii "__UINT8_MAX__ 255\0"
 451      4E54385F 
 451      4D41585F 
 451      5F203235 
 451      3500
 452 0a1b 01       		.byte	0x1
 453 0a1c 00       		.uleb128 0
 454 0a1d 5F5F5549 		.ascii "__UINT16_MAX__ 65535\0"
 454      4E543136 
 454      5F4D4158 
 454      5F5F2036 
 454      35353335 
 455 0a32 01       		.byte	0x1
 456 0a33 00       		.uleb128 0
 457 0a34 5F5F5549 		.ascii "__UINT32_MAX__ 4294967295U\0"
 457      4E543332 
 457      5F4D4158 
 457      5F5F2034 
 457      32393439 
 458 0a4f 01       		.byte	0x1
 459 0a50 00       		.uleb128 0
 460 0a51 5F5F5549 		.ascii "__UINT64_MAX__ 18446744073709551615ULL\0"
 460      4E543634 
 460      5F4D4158 
 460      5F5F2031 
 460      38343436 
 461 0a78 01       		.byte	0x1
 462 0a79 00       		.uleb128 0
 463 0a7a 5F5F494E 		.ascii "__INT_LEAST8_MAX__ 127\0"
 463      545F4C45 
 463      41535438 
GAS LISTING C:\Users\PRESID~1\AppData\Local\Temp\ccm7AmjV.s 			page 16


 463      5F4D4158 
 463      5F5F2031 
 464 0a91 01       		.byte	0x1
 465 0a92 00       		.uleb128 0
 466 0a93 5F5F494E 		.ascii "__INT8_C(c) c\0"
 466      54385F43 
 466      28632920 
 466      6300
 467 0aa1 01       		.byte	0x1
 468 0aa2 00       		.uleb128 0
 469 0aa3 5F5F494E 		.ascii "__INT_LEAST16_MAX__ 32767\0"
 469      545F4C45 
 469      41535431 
 469      365F4D41 
 469      585F5F20 
 470 0abd 01       		.byte	0x1
 471 0abe 00       		.uleb128 0
 472 0abf 5F5F494E 		.ascii "__INT16_C(c) c\0"
 472      5431365F 
 472      43286329 
 472      206300
 473 0ace 01       		.byte	0x1
 474 0acf 00       		.uleb128 0
 475 0ad0 5F5F494E 		.ascii "__INT_LEAST32_MAX__ 2147483647\0"
 475      545F4C45 
 475      41535433 
 475      325F4D41 
 475      585F5F20 
 476 0aef 01       		.byte	0x1
 477 0af0 00       		.uleb128 0
 478 0af1 5F5F494E 		.ascii "__INT32_C(c) c\0"
 478      5433325F 
 478      43286329 
 478      206300
 479 0b00 01       		.byte	0x1
 480 0b01 00       		.uleb128 0
 481 0b02 5F5F494E 		.ascii "__INT_LEAST64_MAX__ 9223372036854775807LL\0"
 481      545F4C45 
 481      41535436 
 481      345F4D41 
 481      585F5F20 
 482 0b2c 01       		.byte	0x1
 483 0b2d 00       		.uleb128 0
 484 0b2e 5F5F494E 		.ascii "__INT64_C(c) c ## LL\0"
 484      5436345F 
 484      43286329 
 484      20632023 
 484      23204C4C 
 485 0b43 01       		.byte	0x1
 486 0b44 00       		.uleb128 0
 487 0b45 5F5F5549 		.ascii "__UINT_LEAST8_MAX__ 255\0"
 487      4E545F4C 
 487      45415354 
 487      385F4D41 
 487      585F5F20 
 488 0b5d 01       		.byte	0x1
 489 0b5e 00       		.uleb128 0
GAS LISTING C:\Users\PRESID~1\AppData\Local\Temp\ccm7AmjV.s 			page 17


 490 0b5f 5F5F5549 		.ascii "__UINT8_C(c) c\0"
 490      4E54385F 
 490      43286329 
 490      206300
 491 0b6e 01       		.byte	0x1
 492 0b6f 00       		.uleb128 0
 493 0b70 5F5F5549 		.ascii "__UINT_LEAST16_MAX__ 65535\0"
 493      4E545F4C 
 493      45415354 
 493      31365F4D 
 493      41585F5F 
 494 0b8b 01       		.byte	0x1
 495 0b8c 00       		.uleb128 0
 496 0b8d 5F5F5549 		.ascii "__UINT16_C(c) c\0"
 496      4E543136 
 496      5F432863 
 496      29206300 
 497 0b9d 01       		.byte	0x1
 498 0b9e 00       		.uleb128 0
 499 0b9f 5F5F5549 		.ascii "__UINT_LEAST32_MAX__ 4294967295U\0"
 499      4E545F4C 
 499      45415354 
 499      33325F4D 
 499      41585F5F 
 500 0bc0 01       		.byte	0x1
 501 0bc1 00       		.uleb128 0
 502 0bc2 5F5F5549 		.ascii "__UINT32_C(c) c ## U\0"
 502      4E543332 
 502      5F432863 
 502      29206320 
 502      23232055 
 503 0bd7 01       		.byte	0x1
 504 0bd8 00       		.uleb128 0
 505 0bd9 5F5F5549 		.ascii "__UINT_LEAST64_MAX__ 18446744073709551615ULL\0"
 505      4E545F4C 
 505      45415354 
 505      36345F4D 
 505      41585F5F 
 506 0c06 01       		.byte	0x1
 507 0c07 00       		.uleb128 0
 508 0c08 5F5F5549 		.ascii "__UINT64_C(c) c ## ULL\0"
 508      4E543634 
 508      5F432863 
 508      29206320 
 508      23232055 
 509 0c1f 01       		.byte	0x1
 510 0c20 00       		.uleb128 0
 511 0c21 5F5F494E 		.ascii "__INT_FAST8_MAX__ 127\0"
 511      545F4641 
 511      5354385F 
 511      4D41585F 
 511      5F203132 
 512 0c37 01       		.byte	0x1
 513 0c38 00       		.uleb128 0
 514 0c39 5F5F494E 		.ascii "__INT_FAST16_MAX__ 32767\0"
 514      545F4641 
 514      53543136 
GAS LISTING C:\Users\PRESID~1\AppData\Local\Temp\ccm7AmjV.s 			page 18


 514      5F4D4158 
 514      5F5F2033 
 515 0c52 01       		.byte	0x1
 516 0c53 00       		.uleb128 0
 517 0c54 5F5F494E 		.ascii "__INT_FAST32_MAX__ 2147483647\0"
 517      545F4641 
 517      53543332 
 517      5F4D4158 
 517      5F5F2032 
 518 0c72 01       		.byte	0x1
 519 0c73 00       		.uleb128 0
 520 0c74 5F5F494E 		.ascii "__INT_FAST64_MAX__ 9223372036854775807LL\0"
 520      545F4641 
 520      53543634 
 520      5F4D4158 
 520      5F5F2039 
 521 0c9d 01       		.byte	0x1
 522 0c9e 00       		.uleb128 0
 523 0c9f 5F5F5549 		.ascii "__UINT_FAST8_MAX__ 255\0"
 523      4E545F46 
 523      41535438 
 523      5F4D4158 
 523      5F5F2032 
 524 0cb6 01       		.byte	0x1
 525 0cb7 00       		.uleb128 0
 526 0cb8 5F5F5549 		.ascii "__UINT_FAST16_MAX__ 65535\0"
 526      4E545F46 
 526      41535431 
 526      365F4D41 
 526      585F5F20 
 527 0cd2 01       		.byte	0x1
 528 0cd3 00       		.uleb128 0
 529 0cd4 5F5F5549 		.ascii "__UINT_FAST32_MAX__ 4294967295U\0"
 529      4E545F46 
 529      41535433 
 529      325F4D41 
 529      585F5F20 
 530 0cf4 01       		.byte	0x1
 531 0cf5 00       		.uleb128 0
 532 0cf6 5F5F5549 		.ascii "__UINT_FAST64_MAX__ 18446744073709551615ULL\0"
 532      4E545F46 
 532      41535436 
 532      345F4D41 
 532      585F5F20 
 533 0d22 01       		.byte	0x1
 534 0d23 00       		.uleb128 0
 535 0d24 5F5F494E 		.ascii "__INTPTR_MAX__ 2147483647\0"
 535      54505452 
 535      5F4D4158 
 535      5F5F2032 
 535      31343734 
 536 0d3e 01       		.byte	0x1
 537 0d3f 00       		.uleb128 0
 538 0d40 5F5F5549 		.ascii "__UINTPTR_MAX__ 4294967295U\0"
 538      4E545054 
 538      525F4D41 
 538      585F5F20 
GAS LISTING C:\Users\PRESID~1\AppData\Local\Temp\ccm7AmjV.s 			page 19


 538      34323934 
 539 0d5c 01       		.byte	0x1
 540 0d5d 00       		.uleb128 0
 541 0d5e 5F5F4743 		.ascii "__GCC_IEC_559 2\0"
 541      435F4945 
 541      435F3535 
 541      39203200 
 542 0d6e 01       		.byte	0x1
 543 0d6f 00       		.uleb128 0
 544 0d70 5F5F4743 		.ascii "__GCC_IEC_559_COMPLEX 2\0"
 544      435F4945 
 544      435F3535 
 544      395F434F 
 544      4D504C45 
 545 0d88 01       		.byte	0x1
 546 0d89 00       		.uleb128 0
 547 0d8a 5F5F464C 		.ascii "__FLT_EVAL_METHOD__ 2\0"
 547      545F4556 
 547      414C5F4D 
 547      4554484F 
 547      445F5F20 
 548 0da0 01       		.byte	0x1
 549 0da1 00       		.uleb128 0
 550 0da2 5F5F4445 		.ascii "__DEC_EVAL_METHOD__ 2\0"
 550      435F4556 
 550      414C5F4D 
 550      4554484F 
 550      445F5F20 
 551 0db8 01       		.byte	0x1
 552 0db9 00       		.uleb128 0
 553 0dba 5F5F464C 		.ascii "__FLT_RADIX__ 2\0"
 553      545F5241 
 553      4449585F 
 553      5F203200 
 554 0dca 01       		.byte	0x1
 555 0dcb 00       		.uleb128 0
 556 0dcc 5F5F464C 		.ascii "__FLT_MANT_DIG__ 24\0"
 556      545F4D41 
 556      4E545F44 
 556      49475F5F 
 556      20323400 
 557 0de0 01       		.byte	0x1
 558 0de1 00       		.uleb128 0
 559 0de2 5F5F464C 		.ascii "__FLT_DIG__ 6\0"
 559      545F4449 
 559      475F5F20 
 559      3600
 560 0df0 01       		.byte	0x1
 561 0df1 00       		.uleb128 0
 562 0df2 5F5F464C 		.ascii "__FLT_MIN_EXP__ (-125)\0"
 562      545F4D49 
 562      4E5F4558 
 562      505F5F20 
 562      282D3132 
 563 0e09 01       		.byte	0x1
 564 0e0a 00       		.uleb128 0
 565 0e0b 5F5F464C 		.ascii "__FLT_MIN_10_EXP__ (-37)\0"
GAS LISTING C:\Users\PRESID~1\AppData\Local\Temp\ccm7AmjV.s 			page 20


 565      545F4D49 
 565      4E5F3130 
 565      5F455850 
 565      5F5F2028 
 566 0e24 01       		.byte	0x1
 567 0e25 00       		.uleb128 0
 568 0e26 5F5F464C 		.ascii "__FLT_MAX_EXP__ 128\0"
 568      545F4D41 
 568      585F4558 
 568      505F5F20 
 568      31323800 
 569 0e3a 01       		.byte	0x1
 570 0e3b 00       		.uleb128 0
 571 0e3c 5F5F464C 		.ascii "__FLT_MAX_10_EXP__ 38\0"
 571      545F4D41 
 571      585F3130 
 571      5F455850 
 571      5F5F2033 
 572 0e52 01       		.byte	0x1
 573 0e53 00       		.uleb128 0
 574 0e54 5F5F464C 		.ascii "__FLT_DECIMAL_DIG__ 9\0"
 574      545F4445 
 574      43494D41 
 574      4C5F4449 
 574      475F5F20 
 575 0e6a 01       		.byte	0x1
 576 0e6b 00       		.uleb128 0
 577 0e6c 5F5F464C 		.ascii "__FLT_MAX__ 3.40282346638528859812e+38F\0"
 577      545F4D41 
 577      585F5F20 
 577      332E3430 
 577      32383233 
 578 0e94 01       		.byte	0x1
 579 0e95 00       		.uleb128 0
 580 0e96 5F5F464C 		.ascii "__FLT_MIN__ 1.17549435082228750797e-38F\0"
 580      545F4D49 
 580      4E5F5F20 
 580      312E3137 
 580      35343934 
 581 0ebe 01       		.byte	0x1
 582 0ebf 00       		.uleb128 0
 583 0ec0 5F5F464C 		.ascii "__FLT_EPSILON__ 1.19209289550781250000e-7F\0"
 583      545F4550 
 583      53494C4F 
 583      4E5F5F20 
 583      312E3139 
 584 0eeb 01       		.byte	0x1
 585 0eec 00       		.uleb128 0
 586 0eed 5F5F464C 		.ascii "__FLT_DENORM_MIN__ 1.40129846432481707092e-45F\0"
 586      545F4445 
 586      4E4F524D 
 586      5F4D494E 
 586      5F5F2031 
 587 0f1c 01       		.byte	0x1
 588 0f1d 00       		.uleb128 0
 589 0f1e 5F5F464C 		.ascii "__FLT_HAS_DENORM__ 1\0"
 589      545F4841 
GAS LISTING C:\Users\PRESID~1\AppData\Local\Temp\ccm7AmjV.s 			page 21


 589      535F4445 
 589      4E4F524D 
 589      5F5F2031 
 590 0f33 01       		.byte	0x1
 591 0f34 00       		.uleb128 0
 592 0f35 5F5F464C 		.ascii "__FLT_HAS_INFINITY__ 1\0"
 592      545F4841 
 592      535F494E 
 592      46494E49 
 592      54595F5F 
 593 0f4c 01       		.byte	0x1
 594 0f4d 00       		.uleb128 0
 595 0f4e 5F5F464C 		.ascii "__FLT_HAS_QUIET_NAN__ 1\0"
 595      545F4841 
 595      535F5155 
 595      4945545F 
 595      4E414E5F 
 596 0f66 01       		.byte	0x1
 597 0f67 00       		.uleb128 0
 598 0f68 5F5F4442 		.ascii "__DBL_MANT_DIG__ 53\0"
 598      4C5F4D41 
 598      4E545F44 
 598      49475F5F 
 598      20353300 
 599 0f7c 01       		.byte	0x1
 600 0f7d 00       		.uleb128 0
 601 0f7e 5F5F4442 		.ascii "__DBL_DIG__ 15\0"
 601      4C5F4449 
 601      475F5F20 
 601      313500
 602 0f8d 01       		.byte	0x1
 603 0f8e 00       		.uleb128 0
 604 0f8f 5F5F4442 		.ascii "__DBL_MIN_EXP__ (-1021)\0"
 604      4C5F4D49 
 604      4E5F4558 
 604      505F5F20 
 604      282D3130 
 605 0fa7 01       		.byte	0x1
 606 0fa8 00       		.uleb128 0
 607 0fa9 5F5F4442 		.ascii "__DBL_MIN_10_EXP__ (-307)\0"
 607      4C5F4D49 
 607      4E5F3130 
 607      5F455850 
 607      5F5F2028 
 608 0fc3 01       		.byte	0x1
 609 0fc4 00       		.uleb128 0
 610 0fc5 5F5F4442 		.ascii "__DBL_MAX_EXP__ 1024\0"
 610      4C5F4D41 
 610      585F4558 
 610      505F5F20 
 610      31303234 
 611 0fda 01       		.byte	0x1
 612 0fdb 00       		.uleb128 0
 613 0fdc 5F5F4442 		.ascii "__DBL_MAX_10_EXP__ 308\0"
 613      4C5F4D41 
 613      585F3130 
 613      5F455850 
GAS LISTING C:\Users\PRESID~1\AppData\Local\Temp\ccm7AmjV.s 			page 22


 613      5F5F2033 
 614 0ff3 01       		.byte	0x1
 615 0ff4 00       		.uleb128 0
 616 0ff5 5F5F4442 		.ascii "__DBL_DECIMAL_DIG__ 17\0"
 616      4C5F4445 
 616      43494D41 
 616      4C5F4449 
 616      475F5F20 
 617 100c 01       		.byte	0x1
 618 100d 00       		.uleb128 0
 619 100e 5F5F4442 		.ascii "__DBL_MAX__ ((double)1.79769313486231570815e+308L)\0"
 619      4C5F4D41 
 619      585F5F20 
 619      2828646F 
 619      75626C65 
 620 1041 01       		.byte	0x1
 621 1042 00       		.uleb128 0
 622 1043 5F5F4442 		.ascii "__DBL_MIN__ ((double)2.22507385850720138309e-308L)\0"
 622      4C5F4D49 
 622      4E5F5F20 
 622      2828646F 
 622      75626C65 
 623 1076 01       		.byte	0x1
 624 1077 00       		.uleb128 0
 625 1078 5F5F4442 		.ascii "__DBL_EPSILON__ ((double)2.22044604925031308085e-16L)\0"
 625      4C5F4550 
 625      53494C4F 
 625      4E5F5F20 
 625      2828646F 
 626 10ae 01       		.byte	0x1
 627 10af 00       		.uleb128 0
 628 10b0 5F5F4442 		.ascii "__DBL_DENORM_MIN__ ((double)4.94065645841246544177e-324L)\0"
 628      4C5F4445 
 628      4E4F524D 
 628      5F4D494E 
 628      5F5F2028 
 629 10ea 01       		.byte	0x1
 630 10eb 00       		.uleb128 0
 631 10ec 5F5F4442 		.ascii "__DBL_HAS_DENORM__ 1\0"
 631      4C5F4841 
 631      535F4445 
 631      4E4F524D 
 631      5F5F2031 
 632 1101 01       		.byte	0x1
 633 1102 00       		.uleb128 0
 634 1103 5F5F4442 		.ascii "__DBL_HAS_INFINITY__ 1\0"
 634      4C5F4841 
 634      535F494E 
 634      46494E49 
 634      54595F5F 
 635 111a 01       		.byte	0x1
 636 111b 00       		.uleb128 0
 637 111c 5F5F4442 		.ascii "__DBL_HAS_QUIET_NAN__ 1\0"
 637      4C5F4841 
 637      535F5155 
 637      4945545F 
 637      4E414E5F 
GAS LISTING C:\Users\PRESID~1\AppData\Local\Temp\ccm7AmjV.s 			page 23


 638 1134 01       		.byte	0x1
 639 1135 00       		.uleb128 0
 640 1136 5F5F4C44 		.ascii "__LDBL_MANT_DIG__ 64\0"
 640      424C5F4D 
 640      414E545F 
 640      4449475F 
 640      5F203634 
 641 114b 01       		.byte	0x1
 642 114c 00       		.uleb128 0
 643 114d 5F5F4C44 		.ascii "__LDBL_DIG__ 18\0"
 643      424C5F44 
 643      49475F5F 
 643      20313800 
 644 115d 01       		.byte	0x1
 645 115e 00       		.uleb128 0
 646 115f 5F5F4C44 		.ascii "__LDBL_MIN_EXP__ (-16381)\0"
 646      424C5F4D 
 646      494E5F45 
 646      58505F5F 
 646      20282D31 
 647 1179 01       		.byte	0x1
 648 117a 00       		.uleb128 0
 649 117b 5F5F4C44 		.ascii "__LDBL_MIN_10_EXP__ (-4931)\0"
 649      424C5F4D 
 649      494E5F31 
 649      305F4558 
 649      505F5F20 
 650 1197 01       		.byte	0x1
 651 1198 00       		.uleb128 0
 652 1199 5F5F4C44 		.ascii "__LDBL_MAX_EXP__ 16384\0"
 652      424C5F4D 
 652      41585F45 
 652      58505F5F 
 652      20313633 
 653 11b0 01       		.byte	0x1
 654 11b1 00       		.uleb128 0
 655 11b2 5F5F4C44 		.ascii "__LDBL_MAX_10_EXP__ 4932\0"
 655      424C5F4D 
 655      41585F31 
 655      305F4558 
 655      505F5F20 
 656 11cb 01       		.byte	0x1
 657 11cc 00       		.uleb128 0
 658 11cd 5F5F4445 		.ascii "__DECIMAL_DIG__ 21\0"
 658      43494D41 
 658      4C5F4449 
 658      475F5F20 
 658      323100
 659 11e0 01       		.byte	0x1
 660 11e1 00       		.uleb128 0
 661 11e2 5F5F4C44 		.ascii "__LDBL_MAX__ 1.18973149535723176502e+4932L\0"
 661      424C5F4D 
 661      41585F5F 
 661      20312E31 
 661      38393733 
 662 120d 01       		.byte	0x1
 663 120e 00       		.uleb128 0
GAS LISTING C:\Users\PRESID~1\AppData\Local\Temp\ccm7AmjV.s 			page 24


 664 120f 5F5F4C44 		.ascii "__LDBL_MIN__ 3.36210314311209350626e-4932L\0"
 664      424C5F4D 
 664      494E5F5F 
 664      20332E33 
 664      36323130 
 665 123a 01       		.byte	0x1
 666 123b 00       		.uleb128 0
 667 123c 5F5F4C44 		.ascii "__LDBL_EPSILON__ 1.08420217248550443401e-19L\0"
 667      424C5F45 
 667      5053494C 
 667      4F4E5F5F 
 667      20312E30 
 668 1269 01       		.byte	0x1
 669 126a 00       		.uleb128 0
 670 126b 5F5F4C44 		.ascii "__LDBL_DENORM_MIN__ 3.64519953188247460253e-4951L\0"
 670      424C5F44 
 670      454E4F52 
 670      4D5F4D49 
 670      4E5F5F20 
 671 129d 01       		.byte	0x1
 672 129e 00       		.uleb128 0
 673 129f 5F5F4C44 		.ascii "__LDBL_HAS_DENORM__ 1\0"
 673      424C5F48 
 673      41535F44 
 673      454E4F52 
 673      4D5F5F20 
 674 12b5 01       		.byte	0x1
 675 12b6 00       		.uleb128 0
 676 12b7 5F5F4C44 		.ascii "__LDBL_HAS_INFINITY__ 1\0"
 676      424C5F48 
 676      41535F49 
 676      4E46494E 
 676      4954595F 
 677 12cf 01       		.byte	0x1
 678 12d0 00       		.uleb128 0
 679 12d1 5F5F4C44 		.ascii "__LDBL_HAS_QUIET_NAN__ 1\0"
 679      424C5F48 
 679      41535F51 
 679      55494554 
 679      5F4E414E 
 680 12ea 01       		.byte	0x1
 681 12eb 00       		.uleb128 0
 682 12ec 5F5F4445 		.ascii "__DEC32_MANT_DIG__ 7\0"
 682      4333325F 
 682      4D414E54 
 682      5F444947 
 682      5F5F2037 
 683 1301 01       		.byte	0x1
 684 1302 00       		.uleb128 0
 685 1303 5F5F4445 		.ascii "__DEC32_MIN_EXP__ (-94)\0"
 685      4333325F 
 685      4D494E5F 
 685      4558505F 
 685      5F20282D 
 686 131b 01       		.byte	0x1
 687 131c 00       		.uleb128 0
 688 131d 5F5F4445 		.ascii "__DEC32_MAX_EXP__ 97\0"
GAS LISTING C:\Users\PRESID~1\AppData\Local\Temp\ccm7AmjV.s 			page 25


 688      4333325F 
 688      4D41585F 
 688      4558505F 
 688      5F203937 
 689 1332 01       		.byte	0x1
 690 1333 00       		.uleb128 0
 691 1334 5F5F4445 		.ascii "__DEC32_MIN__ 1E-95DF\0"
 691      4333325F 
 691      4D494E5F 
 691      5F203145 
 691      2D393544 
 692 134a 01       		.byte	0x1
 693 134b 00       		.uleb128 0
 694 134c 5F5F4445 		.ascii "__DEC32_MAX__ 9.999999E96DF\0"
 694      4333325F 
 694      4D41585F 
 694      5F20392E 
 694      39393939 
 695 1368 01       		.byte	0x1
 696 1369 00       		.uleb128 0
 697 136a 5F5F4445 		.ascii "__DEC32_EPSILON__ 1E-6DF\0"
 697      4333325F 
 697      45505349 
 697      4C4F4E5F 
 697      5F203145 
 698 1383 01       		.byte	0x1
 699 1384 00       		.uleb128 0
 700 1385 5F5F4445 		.ascii "__DEC32_SUBNORMAL_MIN__ 0.000001E-95DF\0"
 700      4333325F 
 700      5355424E 
 700      4F524D41 
 700      4C5F4D49 
 701 13ac 01       		.byte	0x1
 702 13ad 00       		.uleb128 0
 703 13ae 5F5F4445 		.ascii "__DEC64_MANT_DIG__ 16\0"
 703      4336345F 
 703      4D414E54 
 703      5F444947 
 703      5F5F2031 
 704 13c4 01       		.byte	0x1
 705 13c5 00       		.uleb128 0
 706 13c6 5F5F4445 		.ascii "__DEC64_MIN_EXP__ (-382)\0"
 706      4336345F 
 706      4D494E5F 
 706      4558505F 
 706      5F20282D 
 707 13df 01       		.byte	0x1
 708 13e0 00       		.uleb128 0
 709 13e1 5F5F4445 		.ascii "__DEC64_MAX_EXP__ 385\0"
 709      4336345F 
 709      4D41585F 
 709      4558505F 
 709      5F203338 
 710 13f7 01       		.byte	0x1
 711 13f8 00       		.uleb128 0
 712 13f9 5F5F4445 		.ascii "__DEC64_MIN__ 1E-383DD\0"
 712      4336345F 
GAS LISTING C:\Users\PRESID~1\AppData\Local\Temp\ccm7AmjV.s 			page 26


 712      4D494E5F 
 712      5F203145 
 712      2D333833 
 713 1410 01       		.byte	0x1
 714 1411 00       		.uleb128 0
 715 1412 5F5F4445 		.ascii "__DEC64_MAX__ 9.999999999999999E384DD\0"
 715      4336345F 
 715      4D41585F 
 715      5F20392E 
 715      39393939 
 716 1438 01       		.byte	0x1
 717 1439 00       		.uleb128 0
 718 143a 5F5F4445 		.ascii "__DEC64_EPSILON__ 1E-15DD\0"
 718      4336345F 
 718      45505349 
 718      4C4F4E5F 
 718      5F203145 
 719 1454 01       		.byte	0x1
 720 1455 00       		.uleb128 0
 721 1456 5F5F4445 		.ascii "__DEC64_SUBNORMAL_MIN__ 0.000000000000001E-383DD\0"
 721      4336345F 
 721      5355424E 
 721      4F524D41 
 721      4C5F4D49 
 722 1487 01       		.byte	0x1
 723 1488 00       		.uleb128 0
 724 1489 5F5F4445 		.ascii "__DEC128_MANT_DIG__ 34\0"
 724      43313238 
 724      5F4D414E 
 724      545F4449 
 724      475F5F20 
 725 14a0 01       		.byte	0x1
 726 14a1 00       		.uleb128 0
 727 14a2 5F5F4445 		.ascii "__DEC128_MIN_EXP__ (-6142)\0"
 727      43313238 
 727      5F4D494E 
 727      5F455850 
 727      5F5F2028 
 728 14bd 01       		.byte	0x1
 729 14be 00       		.uleb128 0
 730 14bf 5F5F4445 		.ascii "__DEC128_MAX_EXP__ 6145\0"
 730      43313238 
 730      5F4D4158 
 730      5F455850 
 730      5F5F2036 
 731 14d7 01       		.byte	0x1
 732 14d8 00       		.uleb128 0
 733 14d9 5F5F4445 		.ascii "__DEC128_MIN__ 1E-6143DL\0"
 733      43313238 
 733      5F4D494E 
 733      5F5F2031 
 733      452D3631 
 734 14f2 01       		.byte	0x1
 735 14f3 00       		.uleb128 0
 736 14f4 5F5F4445 		.ascii "__DEC128_MAX__ 9.999999999999999999999999999999999E6144DL\0"
 736      43313238 
 736      5F4D4158 
GAS LISTING C:\Users\PRESID~1\AppData\Local\Temp\ccm7AmjV.s 			page 27


 736      5F5F2039 
 736      2E393939 
 737 152e 01       		.byte	0x1
 738 152f 00       		.uleb128 0
 739 1530 5F5F4445 		.ascii "__DEC128_EPSILON__ 1E-33DL\0"
 739      43313238 
 739      5F455053 
 739      494C4F4E 
 739      5F5F2031 
 740 154b 01       		.byte	0x1
 741 154c 00       		.uleb128 0
 742 154d 5F5F4445 		.ascii "__DEC128_SUBNORMAL_MIN__ 0.000000000000000000000000000000001E-6143DL\0"
 742      43313238 
 742      5F535542 
 742      4E4F524D 
 742      414C5F4D 
 743 1592 01       		.byte	0x1
 744 1593 00       		.uleb128 0
 745 1594 5F5F5245 		.ascii "__REGISTER_PREFIX__ \0"
 745      47495354 
 745      45525F50 
 745      52454649 
 745      585F5F20 
 746 15a9 01       		.byte	0x1
 747 15aa 00       		.uleb128 0
 748 15ab 5F5F5553 		.ascii "__USER_LABEL_PREFIX__ _\0"
 748      45525F4C 
 748      4142454C 
 748      5F505245 
 748      4649585F 
 749 15c3 01       		.byte	0x1
 750 15c4 00       		.uleb128 0
 751 15c5 5F5F474E 		.ascii "__GNUC_GNU_INLINE__ 1\0"
 751      55435F47 
 751      4E555F49 
 751      4E4C494E 
 751      455F5F20 
 752 15db 01       		.byte	0x1
 753 15dc 00       		.uleb128 0
 754 15dd 5F5F4E4F 		.ascii "__NO_INLINE__ 1\0"
 754      5F494E4C 
 754      494E455F 
 754      5F203100 
 755 15ed 01       		.byte	0x1
 756 15ee 00       		.uleb128 0
 757 15ef 5F5F5354 		.ascii "__STRICT_ANSI__ 1\0"
 757      52494354 
 757      5F414E53 
 757      495F5F20 
 757      3100
 758 1601 01       		.byte	0x1
 759 1602 00       		.uleb128 0
 760 1603 5F5F4743 		.ascii "__GCC_ATOMIC_BOOL_LOCK_FREE 1\0"
 760      435F4154 
 760      4F4D4943 
 760      5F424F4F 
 760      4C5F4C4F 
GAS LISTING C:\Users\PRESID~1\AppData\Local\Temp\ccm7AmjV.s 			page 28


 761 1621 01       		.byte	0x1
 762 1622 00       		.uleb128 0
 763 1623 5F5F4743 		.ascii "__GCC_ATOMIC_CHAR_LOCK_FREE 1\0"
 763      435F4154 
 763      4F4D4943 
 763      5F434841 
 763      525F4C4F 
 764 1641 01       		.byte	0x1
 765 1642 00       		.uleb128 0
 766 1643 5F5F4743 		.ascii "__GCC_ATOMIC_CHAR16_T_LOCK_FREE 1\0"
 766      435F4154 
 766      4F4D4943 
 766      5F434841 
 766      5231365F 
 767 1665 01       		.byte	0x1
 768 1666 00       		.uleb128 0
 769 1667 5F5F4743 		.ascii "__GCC_ATOMIC_CHAR32_T_LOCK_FREE 1\0"
 769      435F4154 
 769      4F4D4943 
 769      5F434841 
 769      5233325F 
 770 1689 01       		.byte	0x1
 771 168a 00       		.uleb128 0
 772 168b 5F5F4743 		.ascii "__GCC_ATOMIC_WCHAR_T_LOCK_FREE 1\0"
 772      435F4154 
 772      4F4D4943 
 772      5F574348 
 772      41525F54 
 773 16ac 01       		.byte	0x1
 774 16ad 00       		.uleb128 0
 775 16ae 5F5F4743 		.ascii "__GCC_ATOMIC_SHORT_LOCK_FREE 1\0"
 775      435F4154 
 775      4F4D4943 
 775      5F53484F 
 775      52545F4C 
 776 16cd 01       		.byte	0x1
 777 16ce 00       		.uleb128 0
 778 16cf 5F5F4743 		.ascii "__GCC_ATOMIC_INT_LOCK_FREE 1\0"
 778      435F4154 
 778      4F4D4943 
 778      5F494E54 
 778      5F4C4F43 
 779 16ec 01       		.byte	0x1
 780 16ed 00       		.uleb128 0
 781 16ee 5F5F4743 		.ascii "__GCC_ATOMIC_LONG_LOCK_FREE 1\0"
 781      435F4154 
 781      4F4D4943 
 781      5F4C4F4E 
 781      475F4C4F 
 782 170c 01       		.byte	0x1
 783 170d 00       		.uleb128 0
 784 170e 5F5F4743 		.ascii "__GCC_ATOMIC_LLONG_LOCK_FREE 1\0"
 784      435F4154 
 784      4F4D4943 
 784      5F4C4C4F 
 784      4E475F4C 
 785 172d 01       		.byte	0x1
GAS LISTING C:\Users\PRESID~1\AppData\Local\Temp\ccm7AmjV.s 			page 29


 786 172e 00       		.uleb128 0
 787 172f 5F5F4743 		.ascii "__GCC_ATOMIC_TEST_AND_SET_TRUEVAL 1\0"
 787      435F4154 
 787      4F4D4943 
 787      5F544553 
 787      545F414E 
 788 1753 01       		.byte	0x1
 789 1754 00       		.uleb128 0
 790 1755 5F5F4743 		.ascii "__GCC_ATOMIC_POINTER_LOCK_FREE 1\0"
 790      435F4154 
 790      4F4D4943 
 790      5F504F49 
 790      4E544552 
 791 1776 01       		.byte	0x1
 792 1777 00       		.uleb128 0
 793 1778 5F5F4743 		.ascii "__GCC_HAVE_DWARF2_CFI_ASM 1\0"
 793      435F4841 
 793      56455F44 
 793      57415246 
 793      325F4346 
 794 1794 01       		.byte	0x1
 795 1795 00       		.uleb128 0
 796 1796 5F5F5052 		.ascii "__PRAGMA_REDEFINE_EXTNAME 1\0"
 796      41474D41 
 796      5F524544 
 796      4546494E 
 796      455F4558 
 797 17b2 01       		.byte	0x1
 798 17b3 00       		.uleb128 0
 799 17b4 5F5F5349 		.ascii "__SIZEOF_WCHAR_T__ 2\0"
 799      5A454F46 
 799      5F574348 
 799      41525F54 
 799      5F5F2032 
 800 17c9 01       		.byte	0x1
 801 17ca 00       		.uleb128 0
 802 17cb 5F5F5349 		.ascii "__SIZEOF_WINT_T__ 2\0"
 802      5A454F46 
 802      5F57494E 
 802      545F545F 
 802      5F203200 
 803 17df 01       		.byte	0x1
 804 17e0 00       		.uleb128 0
 805 17e1 5F5F5349 		.ascii "__SIZEOF_PTRDIFF_T__ 4\0"
 805      5A454F46 
 805      5F505452 
 805      44494646 
 805      5F545F5F 
 806 17f8 01       		.byte	0x1
 807 17f9 00       		.uleb128 0
 808 17fa 5F5F6933 		.ascii "__i386 1\0"
 808      38362031 
 808      00
 809 1803 01       		.byte	0x1
 810 1804 00       		.uleb128 0
 811 1805 5F5F6933 		.ascii "__i386__ 1\0"
 811      38365F5F 
GAS LISTING C:\Users\PRESID~1\AppData\Local\Temp\ccm7AmjV.s 			page 30


 811      203100
 812 1810 01       		.byte	0x1
 813 1811 00       		.uleb128 0
 814 1812 5F5F4154 		.ascii "__ATOMIC_HLE_ACQUIRE 65536\0"
 814      4F4D4943 
 814      5F484C45 
 814      5F414351 
 814      55495245 
 815 182d 01       		.byte	0x1
 816 182e 00       		.uleb128 0
 817 182f 5F5F4154 		.ascii "__ATOMIC_HLE_RELEASE 131072\0"
 817      4F4D4943 
 817      5F484C45 
 817      5F52454C 
 817      45415345 
 818 184b 01       		.byte	0x1
 819 184c 00       		.uleb128 0
 820 184d 5F5F7475 		.ascii "__tune_i386__ 1\0"
 820      6E655F69 
 820      3338365F 
 820      5F203100 
 821 185d 01       		.byte	0x1
 822 185e 00       		.uleb128 0
 823 185f 5F5F636F 		.ascii "__code_model_32__ 1\0"
 823      64655F6D 
 823      6F64656C 
 823      5F33325F 
 823      5F203100 
 824 1873 01       		.byte	0x1
 825 1874 00       		.uleb128 0
 826 1875 5F583836 		.ascii "_X86_ 1\0"
 826      5F203100 
 827 187d 01       		.byte	0x1
 828 187e 00       		.uleb128 0
 829 187f 5F5F7374 		.ascii "__stdcall __attribute__((__stdcall__))\0"
 829      6463616C 
 829      6C205F5F 
 829      61747472 
 829      69627574 
 830 18a6 01       		.byte	0x1
 831 18a7 00       		.uleb128 0
 832 18a8 5F5F6661 		.ascii "__fastcall __attribute__((__fastcall__))\0"
 832      73746361 
 832      6C6C205F 
 832      5F617474 
 832      72696275 
 833 18d1 01       		.byte	0x1
 834 18d2 00       		.uleb128 0
 835 18d3 5F5F7468 		.ascii "__thiscall __attribute__((__thiscall__))\0"
 835      69736361 
 835      6C6C205F 
 835      5F617474 
 835      72696275 
 836 18fc 01       		.byte	0x1
 837 18fd 00       		.uleb128 0
 838 18fe 5F5F6364 		.ascii "__cdecl __attribute__((__cdecl__))\0"
 838      65636C20 
GAS LISTING C:\Users\PRESID~1\AppData\Local\Temp\ccm7AmjV.s 			page 31


 838      5F5F6174 
 838      74726962 
 838      7574655F 
 839 1921 01       		.byte	0x1
 840 1922 00       		.uleb128 0
 841 1923 5F5F4758 		.ascii "__GXX_MERGED_TYPEINFO_NAMES 0\0"
 841      585F4D45 
 841      52474544 
 841      5F545950 
 841      45494E46 
 842 1941 01       		.byte	0x1
 843 1942 00       		.uleb128 0
 844 1943 5F5F4758 		.ascii "__GXX_TYPEINFO_EQUALITY_INLINE 0\0"
 844      585F5459 
 844      5045494E 
 844      464F5F45 
 844      5155414C 
 845 1964 01       		.byte	0x1
 846 1965 00       		.uleb128 0
 847 1966 5F5F4D53 		.ascii "__MSVCRT__ 1\0"
 847      56435254 
 847      5F5F2031 
 847      00
 848 1973 01       		.byte	0x1
 849 1974 00       		.uleb128 0
 850 1975 5F5F4D49 		.ascii "__MINGW32__ 1\0"
 850      4E475733 
 850      325F5F20 
 850      3100
 851 1983 01       		.byte	0x1
 852 1984 00       		.uleb128 0
 853 1985 5F57494E 		.ascii "_WIN32 1\0"
 853      33322031 
 853      00
 854 198e 01       		.byte	0x1
 855 198f 00       		.uleb128 0
 856 1990 5F5F5749 		.ascii "__WIN32 1\0"
 856      4E333220 
 856      3100
 857 199a 01       		.byte	0x1
 858 199b 00       		.uleb128 0
 859 199c 5F5F5749 		.ascii "__WIN32__ 1\0"
 859      4E33325F 
 859      5F203100 
 860 19a8 01       		.byte	0x1
 861 19a9 00       		.uleb128 0
 862 19aa 5F5F5749 		.ascii "__WINNT 1\0"
 862      4E4E5420 
 862      3100
 863 19b4 01       		.byte	0x1
 864 19b5 00       		.uleb128 0
 865 19b6 5F5F5749 		.ascii "__WINNT__ 1\0"
 865      4E4E545F 
 865      5F203100 
 866 19c2 01       		.byte	0x1
 867 19c3 00       		.uleb128 0
 868 19c4 5F494E54 		.ascii "_INTEGRAL_MAX_BITS 64\0"
GAS LISTING C:\Users\PRESID~1\AppData\Local\Temp\ccm7AmjV.s 			page 32


 868      45475241 
 868      4C5F4D41 
 868      585F4249 
 868      54532036 
 869 19da 01       		.byte	0x1
 870 19db 00       		.uleb128 0
 871 19dc 5F5F6465 		.ascii "__declspec(x) __attribute__((x))\0"
 871      636C7370 
 871      65632878 
 871      29205F5F 
 871      61747472 
 872 19fd 01       		.byte	0x1
 873 19fe 00       		.uleb128 0
 874 19ff 5F5F4445 		.ascii "__DECIMAL_BID_FORMAT__ 1\0"
 874      43494D41 
 874      4C5F4249 
 874      445F464F 
 874      524D4154 
 875 1a18 01       		.byte	0x1
 876 1a19 00       		.uleb128 0
 877 1a1a 4346475F 		.ascii "CFG_PROCESSOR 3\0"
 877      50524F43 
 877      4553534F 
 877      52203300 
 878 1a2a 03       		.byte	0x3
 879 1a2b 00       		.uleb128 0
 880 1a2c 02       		.uleb128 0x2
 881              		.file 3 "E:/NeuOrga/Programmieren/c_cpp/github_os/input/src/os_base/os_firstinc.h"
 882 1a2d 03       		.byte	0x3
 883 1a2e 01       		.uleb128 0x1
 884 1a2f 03       		.uleb128 0x3
 885 1a30 01       		.byte	0x1
 886 1a31 02       		.uleb128 0x2
 887 1a32 5F6F735F 		.ascii "_os_firstinc_h_ \0"
 887      66697273 
 887      74696E63 
 887      5F685F20 
 887      00
 888              		.file 4 "E:/NeuOrga/Programmieren/c_cpp/github_os/input/src/os_base/../os_base/os_base_types.h"
 889 1a43 03       		.byte	0x3
 890 1a44 04       		.uleb128 0x4
 891 1a45 04       		.uleb128 0x4
 892 1a46 01       		.byte	0x1
 893 1a47 02       		.uleb128 0x2
 894 1a48 5F424153 		.ascii "_BASE_TYPES_H_ \0"
 894      455F5459 
 894      5045535F 
 894      485F2000 
 895 1a58 01       		.byte	0x1
 896 1a59 04       		.uleb128 0x4
 897 1a5a 494E5445 		.ascii "INTEGER_LLP64_IL32P64 1\0"
 897      4745525F 
 897      4C4C5036 
 897      345F494C 
 897      33325036 
 898 1a72 01       		.byte	0x1
 899 1a73 05       		.uleb128 0x5
GAS LISTING C:\Users\PRESID~1\AppData\Local\Temp\ccm7AmjV.s 			page 33


 900 1a74 494E5445 		.ascii "INTEGER_LP64_I32LP64 2\0"
 900      4745525F 
 900      4C503634 
 900      5F493332 
 900      4C503634 
 901 1a8b 01       		.byte	0x1
 902 1a8c 06       		.uleb128 0x6
 903 1a8d 494E5445 		.ascii "INTEGER_ILP64 3\0"
 903      4745525F 
 903      494C5036 
 903      34203300 
 904 1a9d 01       		.byte	0x1
 905 1a9e 07       		.uleb128 0x7
 906 1a9f 494E5445 		.ascii "INTEGER_SILP64 4\0"
 906      4745525F 
 906      53494C50 
 906      36342034 
 906      00
 907 1ab0 01       		.byte	0x1
 908 1ab1 09       		.uleb128 0x9
 909 1ab2 4350505F 		.ascii "CPP_VERSION_NONE 0\0"
 909      56455253 
 909      494F4E5F 
 909      4E4F4E45 
 909      203000
 910 1ac5 01       		.byte	0x1
 911 1ac6 0A       		.uleb128 0xa
 912 1ac7 4350505F 		.ascii "CPP_VERSION_1998 1\0"
 912      56455253 
 912      494F4E5F 
 912      31393938 
 912      203100
 913 1ada 01       		.byte	0x1
 914 1adb 0B       		.uleb128 0xb
 915 1adc 4350505F 		.ascii "CPP_VERSION_2003 2\0"
 915      56455253 
 915      494F4E5F 
 915      32303033 
 915      203200
 916 1aef 01       		.byte	0x1
 917 1af0 0C       		.uleb128 0xc
 918 1af1 4350505F 		.ascii "CPP_VERSION_2007 3\0"
 918      56455253 
 918      494F4E5F 
 918      32303037 
 918      203300
 919 1b04 01       		.byte	0x1
 920 1b05 0D       		.uleb128 0xd
 921 1b06 4350505F 		.ascii "CPP_VERSION_2011 4\0"
 921      56455253 
 921      494F4E5F 
 921      32303131 
 921      203400
 922 1b19 01       		.byte	0x1
 923 1b1a 0E       		.uleb128 0xe
 924 1b1b 49534F5F 		.ascii "ISO_CPP_VERSION CPP_VERSION_1998\0"
 924      4350505F 
GAS LISTING C:\Users\PRESID~1\AppData\Local\Temp\ccm7AmjV.s 			page 34


 924      56455253 
 924      494F4E20 
 924      4350505F 
 925 1b3c 01       		.byte	0x1
 926 1b3d 10       		.uleb128 0x10
 927 1b3e 494E5445 		.ascii "INTEGER_MODEL INTEGER_LLP64_IL32P64\0"
 927      4745525F 
 927      4D4F4445 
 927      4C20494E 
 927      54454745 
 928 1b62 04       		.byte	0x4
 929 1b63 03       		.byte	0x3
 930 1b64 05       		.uleb128 0x5
 931 1b65 01       		.uleb128 0x1
 932 1b66 01       		.byte	0x1
 933 1b67 02       		.uleb128 0x2
 934 1b68 5F6F735F 		.ascii "_os_common_h_ \0"
 934      636F6D6D 
 934      6F6E5F68 
 934      5F2000
 935 1b77 01       		.byte	0x1
 936 1b78 06       		.uleb128 0x6
 937 1b79 46616C73 		.ascii "False 0\0"
 937      65203000 
 938 1b81 01       		.byte	0x1
 939 1b82 07       		.uleb128 0x7
 940 1b83 54727565 		.ascii "True 1\0"
 940      203100
 941 1b8a 01       		.byte	0x1
 942 1b8b 08       		.uleb128 0x8
 943 1b8c 41636365 		.ascii "Accepted 1\0"
 943      70746564 
 943      203100
 944 1b97 01       		.byte	0x1
 945 1b98 09       		.uleb128 0x9
 946 1b99 52656A65 		.ascii "Rejected 0\0"
 946      63746564 
 946      203000
 947 1ba4 01       		.byte	0x1
 948 1ba5 0A       		.uleb128 0xa
 949 1ba6 4C6F6361 		.ascii "Local static\0"
 949      6C207374 
 949      61746963 
 949      00
 950 1bb3 01       		.byte	0x1
 951 1bb4 0B       		.uleb128 0xb
 952 1bb5 4C6F6361 		.ascii "Local_inline static __inline__\0"
 952      6C5F696E 
 952      6C696E65 
 952      20737461 
 952      74696320 
 953 1bd4 01       		.byte	0x1
 954 1bd5 0C       		.uleb128 0xc
 955 1bd6 476C6F62 		.ascii "Global_inline __inline__\0"
 955      616C5F69 
 955      6E6C696E 
 955      65205F5F 
GAS LISTING C:\Users\PRESID~1\AppData\Local\Temp\ccm7AmjV.s 			page 35


 955      696E6C69 
 956 1bef 01       		.byte	0x1
 957 1bf0 0D       		.uleb128 0xd
 958 1bf1 52656665 		.ascii "ReferenceUnusedParameter(x) ((x) = (x))\0"
 958      72656E63 
 958      65556E75 
 958      73656450 
 958      6172616D 
 959 1c19 01       		.byte	0x1
 960 1c1a 10       		.uleb128 0x10
 961 1c1b 634D4355 		.ascii "cMCU_SIMULATION 1\0"
 961      5F53494D 
 961      554C4154 
 961      494F4E20 
 961      3100
 962 1c2d 01       		.byte	0x1
 963 1c2e 11       		.uleb128 0x11
 964 1c2f 634D4355 		.ascii "cMCU_POWERPC 2\0"
 964      5F504F57 
 964      45525043 
 964      203200
 965 1c3e 01       		.byte	0x1
 966 1c3f 12       		.uleb128 0x12
 967 1c40 634D4355 		.ascii "cMCU_X86 3\0"
 967      5F583836 
 967      203300
 968 1c4b 01       		.byte	0x1
 969 1c4c 13       		.uleb128 0x13
 970 1c4d 634D4355 		.ascii "cMCU_CORTEX_M4 4\0"
 970      5F434F52 
 970      5445585F 
 970      4D342034 
 970      00
 971 1c5e 01       		.byte	0x1
 972 1c5f 16       		.uleb128 0x16
 973 1c60 4E525F4F 		.ascii "NR_OF_CORES 1\0"
 973      465F434F 
 973      52455320 
 973      3100
 974 1c6e 01       		.byte	0x1
 975 1c6f 23       		.uleb128 0x23
 976 1c70 44697361 		.ascii "DisableInterrupts() \0"
 976      626C6549 
 976      6E746572 
 976      72757074 
 976      73282920 
 977 1c85 01       		.byte	0x1
 978 1c86 24       		.uleb128 0x24
 979 1c87 456E6162 		.ascii "EnableInterrupts() \0"
 979      6C65496E 
 979      74657272 
 979      75707473 
 979      28292000 
 980 1c9b 01       		.byte	0x1
 981 1c9c 25       		.uleb128 0x25
 982 1c9d 50726976 		.ascii "Privilige_level_save_current() \0"
 982      696C6967 
GAS LISTING C:\Users\PRESID~1\AppData\Local\Temp\ccm7AmjV.s 			page 36


 982      655F6C65 
 982      76656C5F 
 982      73617665 
 983 1cbd 01       		.byte	0x1
 984 1cbe 26       		.uleb128 0x26
 985 1cbf 50726976 		.ascii "Privilige_level_enter_kernel_mode() \0"
 985      696C6967 
 985      655F6C65 
 985      76656C5F 
 985      656E7465 
 986 1ce4 01       		.byte	0x1
 987 1ce5 27       		.uleb128 0x27
 988 1ce6 50726976 		.ascii "Privilige_level_restore_saved() \0"
 988      696C6967 
 988      655F6C65 
 988      76656C5F 
 988      72657374 
 989 1d07 01       		.byte	0x1
 990 1d08 28       		.uleb128 0x28
 991 1d09 48616C74 		.ascii "HaltMcu() \0"
 991      4D637528 
 991      292000
 992 1d14 04       		.byte	0x4
 993              		.file 5 "E:/NeuOrga/Programmieren/c_cpp/github_os/input/src/os_base/../os_sim/lld_global.h"
 994 1d15 03       		.byte	0x3
 995 1d16 07       		.uleb128 0x7
 996 1d17 05       		.uleb128 0x5
 997 1d18 01       		.byte	0x1
 998 1d19 02       		.uleb128 0x2
 999 1d1a 5F6C6C64 		.ascii "_lld_global_h_ \0"
 999      5F676C6F 
 999      62616C5F 
 999      685F2000 
 1000              		.file 6 "E:/NeuOrga/Programmieren/c_cpp/github_os/input/src/os_base/../os_sim/lld_core.h"
 1001 1d2a 03       		.byte	0x3
 1002 1d2b 04       		.uleb128 0x4
 1003 1d2c 06       		.uleb128 0x6
 1004 1d2d 01       		.byte	0x1
 1005 1d2e 02       		.uleb128 0x2
 1006 1d2f 5F6C6C64 		.ascii "_lld_core_h_ \0"
 1006      5F636F72 
 1006      655F685F 
 1006      2000
 1007              		.file 7 "E:/NeuOrga/Programmieren/c_cpp/github_os/input/src/os_base/../os_sim/../os_base/os_firsti
 1008 1d3d 03       		.byte	0x3
 1009 1d3e 03       		.uleb128 0x3
 1010 1d3f 07       		.uleb128 0x7
 1011 1d40 04       		.byte	0x4
 1012 1d41 04       		.byte	0x4
 1013              		.file 8 "E:/NeuOrga/Programmieren/c_cpp/github_os/input/src/os_base/../os_sim/lld_adc.h"
 1014 1d42 03       		.byte	0x3
 1015 1d43 05       		.uleb128 0x5
 1016 1d44 08       		.uleb128 0x8
 1017 1d45 01       		.byte	0x1
 1018 1d46 02       		.uleb128 0x2
 1019 1d47 5F6C6C64 		.ascii "_lld_adc_h_ \0"
 1019      5F616463 
GAS LISTING C:\Users\PRESID~1\AppData\Local\Temp\ccm7AmjV.s 			page 37


 1019      5F685F20 
 1019      00
 1020 1d54 04       		.byte	0x4
 1021              		.file 9 "E:/NeuOrga/Programmieren/c_cpp/github_os/input/src/os_base/../os_sim/lld_can.h"
 1022 1d55 03       		.byte	0x3
 1023 1d56 06       		.uleb128 0x6
 1024 1d57 09       		.uleb128 0x9
 1025 1d58 01       		.byte	0x1
 1026 1d59 02       		.uleb128 0x2
 1027 1d5a 5F6C6C64 		.ascii "_lld_can_h_ \0"
 1027      5F63616E 
 1027      5F685F20 
 1027      00
 1028 1d67 04       		.byte	0x4
 1029              		.file 10 "E:/NeuOrga/Programmieren/c_cpp/github_os/input/src/os_base/../os_sim/lld_gpio.h"
 1030 1d68 03       		.byte	0x3
 1031 1d69 07       		.uleb128 0x7
 1032 1d6a 0A       		.uleb128 0xa
 1033 1d6b 01       		.byte	0x1
 1034 1d6c 02       		.uleb128 0x2
 1035 1d6d 5F6C6C64 		.ascii "_lld_gpio_h_ \0"
 1035      5F677069 
 1035      6F5F685F 
 1035      2000
 1036 1d7b 04       		.byte	0x4
 1037              		.file 11 "E:/NeuOrga/Programmieren/c_cpp/github_os/input/src/os_base/../os_sim/lld_interrupt.h"
 1038 1d7c 03       		.byte	0x3
 1039 1d7d 08       		.uleb128 0x8
 1040 1d7e 0B       		.uleb128 0xb
 1041 1d7f 01       		.byte	0x1
 1042 1d80 02       		.uleb128 0x2
 1043 1d81 5F6C6C64 		.ascii "_lld_interrupt_h_ \0"
 1043      5F696E74 
 1043      65727275 
 1043      70745F68 
 1043      5F2000
 1044 1d94 01       		.byte	0x1
 1045 1d95 05       		.uleb128 0x5
 1046 1d96 6F735F69 		.ascii "os_interrupt_swi_1 asm(\"swi 1\")\0"
 1046      6E746572 
 1046      72757074 
 1046      5F737769 
 1046      5F312061 
 1047 1db6 01       		.byte	0x1
 1048 1db7 06       		.uleb128 0x6
 1049 1db8 6F735F69 		.ascii "os_interrupt_swi_2 asm(\"swi 2\")\0"
 1049      6E746572 
 1049      72757074 
 1049      5F737769 
 1049      5F322061 
 1050 1dd8 01       		.byte	0x1
 1051 1dd9 07       		.uleb128 0x7
 1052 1dda 6F735F69 		.ascii "os_interrupt_swi_3 asm(\"swi 3\")\0"
 1052      6E746572 
 1052      72757074 
 1052      5F737769 
 1052      5F332061 
GAS LISTING C:\Users\PRESID~1\AppData\Local\Temp\ccm7AmjV.s 			page 38


 1053 1dfa 01       		.byte	0x1
 1054 1dfb 08       		.uleb128 0x8
 1055 1dfc 6F735F69 		.ascii "os_interrupt_swi_4 asm(\"swi 4\")\0"
 1055      6E746572 
 1055      72757074 
 1055      5F737769 
 1055      5F342061 
 1056 1e1c 01       		.byte	0x1
 1057 1e1d 09       		.uleb128 0x9
 1058 1e1e 6F735F69 		.ascii "os_interrupt_swi_5 asm(\"swi 5\")\0"
 1058      6E746572 
 1058      72757074 
 1058      5F737769 
 1058      5F352061 
 1059 1e3e 04       		.byte	0x4
 1060              		.file 12 "E:/NeuOrga/Programmieren/c_cpp/github_os/input/src/os_base/../os_sim/lld_mmu.h"
 1061 1e3f 03       		.byte	0x3
 1062 1e40 09       		.uleb128 0x9
 1063 1e41 0C       		.uleb128 0xc
 1064 1e42 01       		.byte	0x1
 1065 1e43 02       		.uleb128 0x2
 1066 1e44 5F6C6C64 		.ascii "_lld_mmu_h_ \0"
 1066      5F6D6D75 
 1066      5F685F20 
 1066      00
 1067 1e51 03       		.byte	0x3
 1068 1e52 04       		.uleb128 0x4
 1069 1e53 05       		.uleb128 0x5
 1070 1e54 04       		.byte	0x4
 1071 1e55 04       		.byte	0x4
 1072              		.file 13 "E:/NeuOrga/Programmieren/c_cpp/github_os/input/src/os_base/../os_sim/lld_timer.h"
 1073 1e56 03       		.byte	0x3
 1074 1e57 0A       		.uleb128 0xa
 1075 1e58 0D       		.uleb128 0xd
 1076 1e59 01       		.byte	0x1
 1077 1e5a 02       		.uleb128 0x2
 1078 1e5b 5F6C6C64 		.ascii "_lld_timer_h_ \0"
 1078      5F74696D 
 1078      65725F68 
 1078      5F2000
 1079 1e6a 04       		.byte	0x4
 1080              		.file 14 "E:/NeuOrga/Programmieren/c_cpp/github_os/input/src/os_base/../os_sim/lld_power.h"
 1081 1e6b 03       		.byte	0x3
 1082 1e6c 0B       		.uleb128 0xb
 1083 1e6d 0E       		.uleb128 0xe
 1084 1e6e 01       		.byte	0x1
 1085 1e6f 02       		.uleb128 0x2
 1086 1e70 5F6C6C64 		.ascii "_lld_power_h_ \0"
 1086      5F706F77 
 1086      65725F68 
 1086      5F2000
 1087 1e7f 04       		.byte	0x4
 1088              		.file 15 "E:/NeuOrga/Programmieren/c_cpp/github_os/input/src/os_base/../os_sim/lld_ram.h"
 1089 1e80 03       		.byte	0x3
 1090 1e81 0C       		.uleb128 0xc
 1091 1e82 0F       		.uleb128 0xf
 1092 1e83 01       		.byte	0x1
GAS LISTING C:\Users\PRESID~1\AppData\Local\Temp\ccm7AmjV.s 			page 39


 1093 1e84 02       		.uleb128 0x2
 1094 1e85 5F6C6C64 		.ascii "_lld_ram_h_ \0"
 1094      5F72616D 
 1094      5F685F20 
 1094      00
 1095 1e92 04       		.byte	0x4
 1096              		.file 16 "E:/NeuOrga/Programmieren/c_cpp/github_os/input/src/os_base/../os_sim/lld_watchdog.h"
 1097 1e93 03       		.byte	0x3
 1098 1e94 0D       		.uleb128 0xd
 1099 1e95 10       		.uleb128 0x10
 1100 1e96 01       		.byte	0x1
 1101 1e97 02       		.uleb128 0x2
 1102 1e98 5F6C6C64 		.ascii "_lld_watchdog_h_ \0"
 1102      5F776174 
 1102      6368646F 
 1102      675F685F 
 1102      2000
 1103 1eaa 04       		.byte	0x4
 1104              		.file 17 "E:/NeuOrga/Programmieren/c_cpp/github_os/input/src/os_base/../os_sim/../os_base/os_task_
 1105 1eab 03       		.byte	0x3
 1106 1eac 0E       		.uleb128 0xe
 1107 1ead 11       		.uleb128 0x11
 1108 1eae 01       		.byte	0x1
 1109 1eaf 02       		.uleb128 0x2
 1110 1eb0 5F6F735F 		.ascii "_os_task_common_h_ \0"
 1110      7461736B 
 1110      5F636F6D 
 1110      6D6F6E5F 
 1110      685F2000 
 1111              		.file 18 "E:/NeuOrga/Programmieren/c_cpp/github_os/input/src/os_base/../os_sim/../os_base/os_task_
 1112 1ec4 03       		.byte	0x3
 1113 1ec5 04       		.uleb128 0x4
 1114 1ec6 12       		.uleb128 0x12
 1115 1ec7 01       		.byte	0x1
 1116 1ec8 02       		.uleb128 0x2
 1117 1ec9 5F6F735F 		.ascii "_os_task_config_h_ \0"
 1117      7461736B 
 1117      5F636F6E 
 1117      6669675F 
 1117      685F2000 
 1118 1edd 01       		.byte	0x1
 1119 1ede 05       		.uleb128 0x5
 1120 1edf 53636865 		.ascii "SchedulerFrequency (1.0e3)\0"
 1120      64756C65 
 1120      72467265 
 1120      7175656E 
 1120      63792028 
 1121 1efa 01       		.byte	0x1
 1122 1efb 06       		.uleb128 0x6
 1123 1efc 4D696E54 		.ascii "MinTimeSlice_s (1.0/SchedulerFrequency)\0"
 1123      696D6553 
 1123      6C696365 
 1123      5F732028 
 1123      312E302F 
 1124 1f24 01       		.byte	0x1
 1125 1f25 07       		.uleb128 0x7
 1126 1f26 4D696E54 		.ascii "MinTimeSlice_us ((1.0/SchedulerFrequency)*1e6)\0"
GAS LISTING C:\Users\PRESID~1\AppData\Local\Temp\ccm7AmjV.s 			page 40


 1126      696D6553 
 1126      6C696365 
 1126      5F757320 
 1126      2828312E 
 1127 1f55 01       		.byte	0x1
 1128 1f56 08       		.uleb128 0x8
 1129 1f57 5461736B 		.ascii "Task_min_time (1e0)\0"
 1129      5F6D696E 
 1129      5F74696D 
 1129      65202831 
 1129      65302900 
 1130 1f6b 01       		.byte	0x1
 1131 1f6c 09       		.uleb128 0x9
 1132 1f6d 4E554D42 		.ascii "NUMBER_OF_TASKS 5\0"
 1132      45525F4F 
 1132      465F5441 
 1132      534B5320 
 1132      3500
 1133 1f7f 01       		.byte	0x1
 1134 1f80 0A       		.uleb128 0xa
 1135 1f81 4D41585F 		.ascii "MAX_RUN_QUEUE_SIZE (NUMBER_OF_TASKS)\0"
 1135      52554E5F 
 1135      51554555 
 1135      455F5349 
 1135      5A452028 
 1136 1fa6 01       		.byte	0x1
 1137 1fa7 0B       		.uleb128 0xb
 1138 1fa8 4D41585F 		.ascii "MAX_RUN_PQUEUE_SIZE MAX_RUN_QUEUE_SIZE\0"
 1138      52554E5F 
 1138      50515545 
 1138      55455F53 
 1138      495A4520 
 1139 1fcf 01       		.byte	0x1
 1140 1fd0 0D       		.uleb128 0xd
 1141 1fd1 5441534B 		.ascii "TASK_STACK_SIZE 200\0"
 1141      5F535441 
 1141      434B5F53 
 1141      495A4520 
 1141      32303000 
 1142 1fe5 01       		.byte	0x1
 1143 1fe6 10       		.uleb128 0x10
 1144 1fe7 4D535F50 		.ascii "MS_PER_SEC (1000)\0"
 1144      45525F53 
 1144      45432028 
 1144      31303030 
 1144      2900
 1145 1ff9 01       		.byte	0x1
 1146 1ffa 11       		.uleb128 0x11
 1147 1ffb 5553455F 		.ascii "USE_STATIC_CREATED_TASKS True\0"
 1147      53544154 
 1147      49435F43 
 1147      52454154 
 1147      45445F54 
 1148 2019 04       		.byte	0x4
 1149              		.file 19 "E:/NeuOrga/Programmieren/c_cpp/github_os/input/src/os_base/../os_sim/../os_base/os_init_
 1150 201a 03       		.byte	0x3
 1151 201b 05       		.uleb128 0x5
GAS LISTING C:\Users\PRESID~1\AppData\Local\Temp\ccm7AmjV.s 			page 41


 1152 201c 13       		.uleb128 0x13
 1153 201d 01       		.byte	0x1
 1154 201e 02       		.uleb128 0x2
 1155 201f 5F6F735F 		.ascii "_os_init_task_system_h_ \0"
 1155      696E6974 
 1155      5F746173 
 1155      6B5F7379 
 1155      7374656D 
 1156 2038 04       		.byte	0x4
 1157 2039 01       		.byte	0x1
 1158 203a 5C       		.uleb128 0x5c
 1159 203b 6F735F53 		.ascii "os_SaveTaskPtr(task_ptr,task_name) (TASK_PTR[(task_name)] = (task_ptr))\0"
 1159      61766554 
 1159      61736B50 
 1159      74722874 
 1159      61736B5F 
 1160 2083 01       		.byte	0x1
 1161 2084 5D       		.uleb128 0x5d
 1162 2085 6F735F47 		.ascii "os_GetTaskPtr(task_name) ((task_t*) TASK_PTR[(task_name)])\0"
 1162      65745461 
 1162      736B5074 
 1162      72287461 
 1162      736B5F6E 
 1163 20c0 04       		.byte	0x4
 1164 20c1 04       		.byte	0x4
 1165 20c2 04       		.byte	0x4
 1166              		.file 20 "E:/NeuOrga/Programmieren/c_cpp/github_os/input/src/os_base/os_exception_isr_handler.h"
 1167 20c3 03       		.byte	0x3
 1168 20c4 02       		.uleb128 0x2
 1169 20c5 14       		.uleb128 0x14
 1170 20c6 01       		.byte	0x1
 1171 20c7 02       		.uleb128 0x2
 1172 20c8 5F6F735F 		.ascii "_os_exception_isr_handler_h_ \0"
 1172      65786365 
 1172      7074696F 
 1172      6E5F6973 
 1172      725F6861 
 1173 20e6 01       		.byte	0x1
 1174 20e7 04       		.uleb128 0x4
 1175 20e8 49535220 		.ascii "ISR void\0"
 1175      766F6964 
 1175      00
 1176 20f1 04       		.byte	0x4
 1177 20f2 04       		.byte	0x4
 1178 20f3 00       		.byte	0
 1179              		.section	.debug_line,"dr"
 1180              	Ldebug_line0:
 1181 0000 8D020000 		.section	.debug_str,"dr"
 1181      02008702 
 1181      00000101 
 1181      FB0E0D00 
 1181      01010101 
 1182              		.ident	"GCC: (GNU) 4.9.3"
GAS LISTING C:\Users\PRESID~1\AppData\Local\Temp\ccm7AmjV.s 			page 42


DEFINED SYMBOLS
                            *ABS*:00000000 os_exception_table.c
C:\Users\PRESID~1\AppData\Local\Temp\ccm7AmjV.s:7      .data:00000000 _isr_vec_table

UNDEFINED SYMBOLS
_OS_Exception_RESET
_OS_Exception_UNDEFINST
_OS_Exception_SWI
_OS_Exception_ABORT_PREFETCH
_OS_Exception_ABORT_DATA
_OS_Exception_IRQ
_OS_Exception_FIQ
