GAS LISTING C:\Users\PRESID~1\AppData\Local\Temp\ccVEbqnV.s 			page 1


   1              		.file	"os_exception_isr_handler.c"
   2              		.text
   3              	Ltext0:
   4              		.globl	_OS_ISRHANDLERC0
   6              	_OS_ISRHANDLERC0:
   7              	LFB0:
   8              		.file 1 "E:/NeuOrga/Programmieren/c_cpp/github_os/input/src/os_base/os_exception_isr_handler.c"
   1:E:/NeuOrga/Programmieren/c_cpp/github_os/input/src/os_base\os_exception_isr_handler.c **** #include "os_firstinc.h"
   2:E:/NeuOrga/Programmieren/c_cpp/github_os/input/src/os_base\os_exception_isr_handler.c **** #include "os_task_common.h"
   3:E:/NeuOrga/Programmieren/c_cpp/github_os/input/src/os_base\os_exception_isr_handler.c **** #include "os_task_scheduler.h"
   4:E:/NeuOrga/Programmieren/c_cpp/github_os/input/src/os_base\os_exception_isr_handler.c **** #include "os_shutdown.h"
   5:E:/NeuOrga/Programmieren/c_cpp/github_os/input/src/os_base\os_exception_isr_handler.c **** #include "os_exception_isr_handler.h"
   6:E:/NeuOrga/Programmieren/c_cpp/github_os/input/src/os_base\os_exception_isr_handler.c **** 
   7:E:/NeuOrga/Programmieren/c_cpp/github_os/input/src/os_base\os_exception_isr_handler.c **** 
   8:E:/NeuOrga/Programmieren/c_cpp/github_os/input/src/os_base\os_exception_isr_handler.c **** 
   9:E:/NeuOrga/Programmieren/c_cpp/github_os/input/src/os_base\os_exception_isr_handler.c **** void OS_ISRHANDLERC0(uint32 svc_number)
  10:E:/NeuOrga/Programmieren/c_cpp/github_os/input/src/os_base\os_exception_isr_handler.c **** {
   9              		.loc 1 10 0
  10              		.cfi_startproc
  11 0000 55       		pushl	%ebp
  12              		.cfi_def_cfa_offset 8
  13              		.cfi_offset 5, -8
  14 0001 89E5     		movl	%esp, %ebp
  15              		.cfi_def_cfa_register 5
  16 0003 83EC18   		subl	$24, %esp
  11:E:/NeuOrga/Programmieren/c_cpp/github_os/input/src/os_base\os_exception_isr_handler.c ****    switch(svc_number)/* TODO: Implement needed SVC numbers (need for example for user code to acces
  17              		.loc 1 11 0
  18 0006 8B4508   		movl	8(%ebp), %eax
  19 0009 85C0     		testl	%eax, %eax
  20 000b 742B     		je	L5
  12:E:/NeuOrga/Programmieren/c_cpp/github_os/input/src/os_base\os_exception_isr_handler.c ****    {
  13:E:/NeuOrga/Programmieren/c_cpp/github_os/input/src/os_base\os_exception_isr_handler.c ****    case SVC_00:            /* Handle SVC 00 */
  14:E:/NeuOrga/Programmieren/c_cpp/github_os/input/src/os_base\os_exception_isr_handler.c ****    {
  15:E:/NeuOrga/Programmieren/c_cpp/github_os/input/src/os_base\os_exception_isr_handler.c ****       /* svc_00 implemented as reference only */
  16:E:/NeuOrga/Programmieren/c_cpp/github_os/input/src/os_base\os_exception_isr_handler.c ****       REFERENCE_UNUSED_PARAMETER(svc_number);
  17:E:/NeuOrga/Programmieren/c_cpp/github_os/input/src/os_base\os_exception_isr_handler.c ****       break;
  18:E:/NeuOrga/Programmieren/c_cpp/github_os/input/src/os_base\os_exception_isr_handler.c ****    }
  19:E:/NeuOrga/Programmieren/c_cpp/github_os/input/src/os_base\os_exception_isr_handler.c ****    default:                /* Unknown SVC */
  20:E:/NeuOrga/Programmieren/c_cpp/github_os/input/src/os_base\os_exception_isr_handler.c ****    {
  21:E:/NeuOrga/Programmieren/c_cpp/github_os/input/src/os_base\os_exception_isr_handler.c ****       OS_SET_SW_BUG(E_OS_BUG_SVC_NUMBER_MISSING, E_FUNC_ISRHANDLER);
  21              		.loc 1 21 0
  22 000d C7442404 		movl	$18, 4(%esp)
  22      12000000 
  23 0015 C704240A 		movl	$10, (%esp)
  23      000000
  24 001c E8000000 		call	_OS_SET_SW_BUG
  24      00
  22:E:/NeuOrga/Programmieren/c_cpp/github_os/input/src/os_base\os_exception_isr_handler.c ****       OS_SHUTDOWN(E_OS_RESET_HARDRESET,0u);
  25              		.loc 1 22 0
  26 0021 C7442404 		movl	$0, 4(%esp)
  26      00000000 
  27 0029 C7042400 		movl	$0, (%esp)
  27      000000
  28 0030 E8000000 		call	_OS_SHUTDOWN
  28      00
  23:E:/NeuOrga/Programmieren/c_cpp/github_os/input/src/os_base\os_exception_isr_handler.c ****       break;
  29              		.loc 1 23 0
GAS LISTING C:\Users\PRESID~1\AppData\Local\Temp\ccVEbqnV.s 			page 2


  30 0035 90       		nop
  31 0036 EB01     		jmp	L1
  32              	L5:
  17:E:/NeuOrga/Programmieren/c_cpp/github_os/input/src/os_base\os_exception_isr_handler.c ****    }
  33              		.loc 1 17 0
  34 0038 90       		nop
  35              	L1:
  24:E:/NeuOrga/Programmieren/c_cpp/github_os/input/src/os_base\os_exception_isr_handler.c ****    }
  25:E:/NeuOrga/Programmieren/c_cpp/github_os/input/src/os_base\os_exception_isr_handler.c ****    }
  26:E:/NeuOrga/Programmieren/c_cpp/github_os/input/src/os_base\os_exception_isr_handler.c **** }...
  36              		.loc 1 26 0
  37 0039 C9       		leave
  38              		.cfi_restore 5
  39              		.cfi_def_cfa 4, 4
  40 003a C3       		ret
  41              		.cfi_endproc
  42              	LFE0:
  43              	Letext0:
  44              		.file 2 "E:/NeuOrga/Programmieren/c_cpp/github_os/input/src/os_base/../os_base/os_common.h"
  45              		.file 3 "E:/NeuOrga/Programmieren/c_cpp/github_os/input/src/os_base/os_shutdown.h"
  46              		.file 4 "E:/NeuOrga/Programmieren/c_cpp/github_os/input/src/os_base/../os_base/os_base_types.h"
  47 003b 90       		.section	.debug_info,"dr"
  48              	Ldebug_info0:
  49 0000 3D050000 		.long	0x53d
  50 0004 0400     		.word	0x4
  51 0006 00000000 		.secrel32	Ldebug_abbrev0
  52 000a 04       		.byte	0x4
  53 000b 01       		.uleb128 0x1
  54 000c 474E5520 		.ascii "GNU C 4.9.3 -march=i386 -g3 -O0 -std=c90\0"
  54      4320342E 
  54      392E3320 
  54      2D6D6172 
  54      63683D69 
  55 0035 01       		.byte	0x1
  56 0036 453A5C4E 		.ascii "E:\\NeuOrga\\Programmieren\\c_cpp\\github_os\\input\\src\\os_base\\os_exception_isr_handle
  56      65754F72 
  56      67615C50 
  56      726F6772 
  56      616D6D69 
  57 008c 00000000 		.long	Ltext0
  58 0090 3B000000 		.long	Letext0-Ltext0
  59 0094 00000000 		.secrel32	Ldebug_line0
  60 0098 00000000 		.secrel32	Ldebug_macro0
  61 009c 02       		.uleb128 0x2
  62 009d 01       		.byte	0x1
  63 009e 08       		.byte	0x8
  64 009f 756E7369 		.ascii "unsigned char\0"
  64      676E6564 
  64      20636861 
  64      7200
  65 00ad 02       		.uleb128 0x2
  66 00ae 01       		.byte	0x1
  67 00af 06       		.byte	0x6
  68 00b0 7369676E 		.ascii "signed char\0"
  68      65642063 
  68      68617200 
  69 00bc 02       		.uleb128 0x2
GAS LISTING C:\Users\PRESID~1\AppData\Local\Temp\ccVEbqnV.s 			page 3


  70 00bd 02       		.byte	0x2
  71 00be 07       		.byte	0x7
  72 00bf 73686F72 		.ascii "short unsigned int\0"
  72      7420756E 
  72      7369676E 
  72      65642069 
  72      6E7400
  73 00d2 02       		.uleb128 0x2
  74 00d3 02       		.byte	0x2
  75 00d4 05       		.byte	0x5
  76 00d5 73686F72 		.ascii "short int\0"
  76      7420696E 
  76      7400
  77 00df 02       		.uleb128 0x2
  78 00e0 04       		.byte	0x4
  79 00e1 07       		.byte	0x7
  80 00e2 6C6F6E67 		.ascii "long unsigned int\0"
  80      20756E73 
  80      69676E65 
  80      6420696E 
  80      7400
  81 00f4 02       		.uleb128 0x2
  82 00f5 04       		.byte	0x4
  83 00f6 05       		.byte	0x5
  84 00f7 6C6F6E67 		.ascii "long int\0"
  84      20696E74 
  84      00
  85 0100 03       		.uleb128 0x3
  86 0101 75696E74 		.ascii "uint32\0"
  86      333200
  87 0108 04       		.byte	0x4
  88 0109 1D       		.byte	0x1d
  89 010a DF000000 		.long	0xdf
  90 010e 04       		.uleb128 0x4
  91 010f 6F735F73 		.ascii "os_sw_bugs_e\0"
  91      775F6275 
  91      67735F65 
  91      00
  92 011c 04       		.byte	0x4
  93 011d 02       		.byte	0x2
  94 011e 28       		.byte	0x28
  95 011f A4020000 		.long	0x2a4
  96 0123 05       		.uleb128 0x5
  97 0124 455F4F53 		.ascii "E_OS_BUG_NO_BUG\0"
  97      5F425547 
  97      5F4E4F5F 
  97      42554700 
  98 0134 00       		.sleb128 0
  99 0135 05       		.uleb128 0x5
 100 0136 455F4F53 		.ascii "E_OS_BUG_TASKSTATE_REQUEST_DENIED\0"
 100      5F425547 
 100      5F544153 
 100      4B535441 
 100      54455F52 
 101 0158 01       		.sleb128 1
 102 0159 05       		.uleb128 0x5
 103 015a 455F4F53 		.ascii "E_OS_BUG_NULL_POINTER\0"
GAS LISTING C:\Users\PRESID~1\AppData\Local\Temp\ccVEbqnV.s 			page 4


 103      5F425547 
 103      5F4E554C 
 103      4C5F504F 
 103      494E5445 
 104 0170 02       		.sleb128 2
 105 0171 05       		.uleb128 0x5
 106 0172 455F4F53 		.ascii "E_OS_BUG_TASK_MAX_WAIT_TIME_REACHED\0"
 106      5F425547 
 106      5F544153 
 106      4B5F4D41 
 106      585F5741 
 107 0196 03       		.sleb128 3
 108 0197 05       		.uleb128 0x5
 109 0198 455F4F53 		.ascii "E_OS_BUG_TASK_UNSPECIFIED\0"
 109      5F425547 
 109      5F544153 
 109      4B5F554E 
 109      53504543 
 110 01b2 04       		.sleb128 4
 111 01b3 05       		.uleb128 0x5
 112 01b4 455F4F53 		.ascii "E_OS_BUG_EXCEPTION_UNDEFINSTRUCTION\0"
 112      5F425547 
 112      5F455843 
 112      45505449 
 112      4F4E5F55 
 113 01d8 05       		.sleb128 5
 114 01d9 05       		.uleb128 0x5
 115 01da 455F4F53 		.ascii "E_OS_BUG_EXCEPTION_ABORTPREFETCH\0"
 115      5F425547 
 115      5F455843 
 115      45505449 
 115      4F4E5F41 
 116 01fb 06       		.sleb128 6
 117 01fc 05       		.uleb128 0x5
 118 01fd 455F4F53 		.ascii "E_OS_BUG_EXCEPTION_ABORTDATA\0"
 118      5F425547 
 118      5F455843 
 118      45505449 
 118      4F4E5F41 
 119 021a 07       		.sleb128 7
 120 021b 05       		.uleb128 0x5
 121 021c 455F4F53 		.ascii "E_OS_BUG_RESET_EXIT_OR_SHUTDOWN_FAILED\0"
 121      5F425547 
 121      5F524553 
 121      45545F45 
 121      5849545F 
 122 0243 08       		.sleb128 8
 123 0244 05       		.uleb128 0x5
 124 0245 455F4F53 		.ascii "E_OS_BUG_CRITICAL_STACK_USAGE\0"
 124      5F425547 
 124      5F435249 
 124      54494341 
 124      4C5F5354 
 125 0263 09       		.sleb128 9
 126 0264 05       		.uleb128 0x5
 127 0265 455F4F53 		.ascii "E_OS_BUG_SVC_NUMBER_MISSING\0"
 127      5F425547 
GAS LISTING C:\Users\PRESID~1\AppData\Local\Temp\ccVEbqnV.s 			page 5


 127      5F535643 
 127      5F4E554D 
 127      4245525F 
 128 0281 0A       		.sleb128 10
 129 0282 05       		.uleb128 0x5
 130 0283 455F4F53 		.ascii "E_OS_BUG_MAX_WAIT_TIME_REACHED\0"
 130      5F425547 
 130      5F4D4158 
 130      5F574149 
 130      545F5449 
 131 02a2 0B       		.sleb128 11
 132 02a3 00       		.byte	0
 133 02a4 04       		.uleb128 0x4
 134 02a5 6F735F73 		.ascii "os_sw_bugs_function_e\0"
 134      775F6275 
 134      67735F66 
 134      756E6374 
 134      696F6E5F 
 135 02bb 04       		.byte	0x4
 136 02bc 02       		.byte	0x2
 137 02bd 39       		.byte	0x39
 138 02be 98040000 		.long	0x498
 139 02c2 05       		.uleb128 0x5
 140 02c3 455F4655 		.ascii "E_FUNC_NOFUNCTION\0"
 140      4E435F4E 
 140      4F46554E 
 140      4354494F 
 140      4E00
 141 02d5 00       		.sleb128 0
 142 02d6 05       		.uleb128 0x5
 143 02d7 455F4655 		.ascii "E_FUNC_SAVETASKENVIRONMENT\0"
 143      4E435F53 
 143      41564554 
 143      41534B45 
 143      4E564952 
 144 02f2 01       		.sleb128 1
 145 02f3 05       		.uleb128 0x5
 146 02f4 455F4655 		.ascii "E_FUNC_RESTORETASKENVIRONMENT\0"
 146      4E435F52 
 146      4553544F 
 146      52455441 
 146      534B454E 
 147 0312 02       		.sleb128 2
 148 0313 05       		.uleb128 0x5
 149 0314 455F4655 		.ascii "E_FUNC_CREATETASKENVIRONMENT\0"
 149      4E435F43 
 149      52454154 
 149      45544153 
 149      4B454E56 
 150 0331 03       		.sleb128 3
 151 0332 05       		.uleb128 0x5
 152 0333 455F4655 		.ascii "E_FUNC_DELETETASKENVIRONMENT\0"
 152      4E435F44 
 152      454C4554 
 152      45544153 
 152      4B454E56 
 153 0350 04       		.sleb128 4
GAS LISTING C:\Users\PRESID~1\AppData\Local\Temp\ccVEbqnV.s 			page 6


 154 0351 05       		.uleb128 0x5
 155 0352 455F4655 		.ascii "E_FUNC_INITTASKENVIRONMENT\0"
 155      4E435F49 
 155      4E495454 
 155      41534B45 
 155      4E564952 
 156 036d 05       		.sleb128 5
 157 036e 05       		.uleb128 0x5
 158 036f 455F4655 		.ascii "E_FUNC_STARTTASK\0"
 158      4E435F53 
 158      54415254 
 158      5441534B 
 158      00
 159 0380 06       		.sleb128 6
 160 0381 05       		.uleb128 0x5
 161 0382 455F4655 		.ascii "E_FUNC_PREEMPTTASK\0"
 161      4E435F50 
 161      5245454D 
 161      50545441 
 161      534B00
 162 0395 07       		.sleb128 7
 163 0396 05       		.uleb128 0x5
 164 0397 455F4655 		.ascii "E_FUNC_TERMINATETASK\0"
 164      4E435F54 
 164      45524D49 
 164      4E415445 
 164      5441534B 
 165 03ac 08       		.sleb128 8
 166 03ad 05       		.uleb128 0x5
 167 03ae 455F4655 		.ascii "E_FUNC_TASKSCHEDULER\0"
 167      4E435F54 
 167      41534B53 
 167      43484544 
 167      554C4552 
 168 03c3 09       		.sleb128 9
 169 03c4 05       		.uleb128 0x5
 170 03c5 455F4655 		.ascii "E_FUNC_INITTASK\0"
 170      4E435F49 
 170      4E495454 
 170      41534B00 
 171 03d5 0A       		.sleb128 10
 172 03d6 05       		.uleb128 0x5
 173 03d7 455F4655 		.ascii "E_FUNC_ACTIVATETASK\0"
 173      4E435F41 
 173      43544956 
 173      41544554 
 173      41534B00 
 174 03eb 0B       		.sleb128 11
 175 03ec 05       		.uleb128 0x5
 176 03ed 455F4655 		.ascii "E_FUNC_TASKSTATEREQUEST\0"
 176      4E435F54 
 176      41534B53 
 176      54415445 
 176      52455155 
 177 0405 0C       		.sleb128 12
 178 0406 05       		.uleb128 0x5
 179 0407 455F4655 		.ascii "E_FUNC_PREEMPT_TASK\0"
GAS LISTING C:\Users\PRESID~1\AppData\Local\Temp\ccVEbqnV.s 			page 7


 179      4E435F50 
 179      5245454D 
 179      50545F54 
 179      41534B00 
 180 041b 0D       		.sleb128 13
 181 041c 05       		.uleb128 0x5
 182 041d 455F4655 		.ascii "E_FUNC_OS_EXCEPTION\0"
 182      4E435F4F 
 182      535F4558 
 182      43455054 
 182      494F4E00 
 183 0431 0E       		.sleb128 14
 184 0432 05       		.uleb128 0x5
 185 0433 455F4655 		.ascii "E_FUNC_CREATETASK\0"
 185      4E435F43 
 185      52454154 
 185      45544153 
 185      4B00
 186 0445 0F       		.sleb128 15
 187 0446 05       		.uleb128 0x5
 188 0447 455F4655 		.ascii "E_FUNC_SHUTDOWN\0"
 188      4E435F53 
 188      48555444 
 188      4F574E00 
 189 0457 10       		.sleb128 16
 190 0458 05       		.uleb128 0x5
 191 0459 455F4655 		.ascii "E_FUNC_STACKCHECK\0"
 191      4E435F53 
 191      5441434B 
 191      43484543 
 191      4B00
 192 046b 11       		.sleb128 17
 193 046c 05       		.uleb128 0x5
 194 046d 455F4655 		.ascii "E_FUNC_ISRHANDLER\0"
 194      4E435F49 
 194      53524841 
 194      4E444C45 
 194      5200
 195 047f 12       		.sleb128 18
 196 0480 05       		.uleb128 0x5
 197 0481 455F4655 		.ascii "E_FUNC_STATE_HANDLER\0"
 197      4E435F53 
 197      54415445 
 197      5F48414E 
 197      444C4552 
 198 0496 13       		.sleb128 19
 199 0497 00       		.byte	0
 200 0498 02       		.uleb128 0x2
 201 0499 04       		.byte	0x4
 202 049a 07       		.byte	0x7
 203 049b 73697A65 		.ascii "sizetype\0"
 203      74797065 
 203      00
 204 04a4 02       		.uleb128 0x2
 205 04a5 04       		.byte	0x4
 206 04a6 07       		.byte	0x7
 207 04a7 756E7369 		.ascii "unsigned int\0"
GAS LISTING C:\Users\PRESID~1\AppData\Local\Temp\ccVEbqnV.s 			page 8


 207      676E6564 
 207      20696E74 
 207      00
 208 04b4 04       		.uleb128 0x4
 209 04b5 6F735F72 		.ascii "os_reset_type_s\0"
 209      65736574 
 209      5F747970 
 209      655F7300 
 210 04c5 04       		.byte	0x4
 211 04c6 03       		.byte	0x3
 212 04c7 03       		.byte	0x3
 213 04c8 0D050000 		.long	0x50d
 214 04cc 05       		.uleb128 0x5
 215 04cd 455F4F53 		.ascii "E_OS_RESET_HARDRESET\0"
 215      5F524553 
 215      45545F48 
 215      41524452 
 215      45534554 
 216 04e2 00       		.sleb128 0
 217 04e3 05       		.uleb128 0x5
 218 04e4 455F4F53 		.ascii "E_OS_RESET_POWERDOWN\0"
 218      5F524553 
 218      45545F50 
 218      4F574552 
 218      444F574E 
 219 04f9 01       		.sleb128 1
 220 04fa 05       		.uleb128 0x5
 221 04fb 455F4F53 		.ascii "E_OS_RESET_EXIT\0"
 221      5F524553 
 221      45545F45 
 221      58495400 
 222 050b 02       		.sleb128 2
 223 050c 00       		.byte	0
 224 050d 06       		.uleb128 0x6
 225 050e 4F535F49 		.ascii "OS_ISRHANDLERC0\0"
 225      53524841 
 225      4E444C45 
 225      52433000 
 226 051e 01       		.byte	0x1
 227 051f 09       		.byte	0x9
 228 0520 00000000 		.long	LFB0
 229 0524 3B000000 		.long	LFE0-LFB0
 230 0528 01       		.uleb128 0x1
 231 0529 9C       		.byte	0x9c
 232 052a 07       		.uleb128 0x7
 233 052b 7376635F 		.ascii "svc_number\0"
 233      6E756D62 
 233      657200
 234 0536 01       		.byte	0x1
 235 0537 09       		.byte	0x9
 236 0538 00010000 		.long	0x100
 237 053c 02       		.uleb128 0x2
 238 053d 91       		.byte	0x91
 239 053e 00       		.sleb128 0
 240 053f 00       		.byte	0
 241 0540 00       		.byte	0
 242              		.section	.debug_abbrev,"dr"
GAS LISTING C:\Users\PRESID~1\AppData\Local\Temp\ccVEbqnV.s 			page 9


 243              	Ldebug_abbrev0:
 244 0000 01       		.uleb128 0x1
 245 0001 11       		.uleb128 0x11
 246 0002 01       		.byte	0x1
 247 0003 25       		.uleb128 0x25
 248 0004 08       		.uleb128 0x8
 249 0005 13       		.uleb128 0x13
 250 0006 0B       		.uleb128 0xb
 251 0007 03       		.uleb128 0x3
 252 0008 08       		.uleb128 0x8
 253 0009 11       		.uleb128 0x11
 254 000a 01       		.uleb128 0x1
 255 000b 12       		.uleb128 0x12
 256 000c 06       		.uleb128 0x6
 257 000d 10       		.uleb128 0x10
 258 000e 17       		.uleb128 0x17
 259 000f 9942     		.uleb128 0x2119
 260 0011 17       		.uleb128 0x17
 261 0012 00       		.byte	0
 262 0013 00       		.byte	0
 263 0014 02       		.uleb128 0x2
 264 0015 24       		.uleb128 0x24
 265 0016 00       		.byte	0
 266 0017 0B       		.uleb128 0xb
 267 0018 0B       		.uleb128 0xb
 268 0019 3E       		.uleb128 0x3e
 269 001a 0B       		.uleb128 0xb
 270 001b 03       		.uleb128 0x3
 271 001c 08       		.uleb128 0x8
 272 001d 00       		.byte	0
 273 001e 00       		.byte	0
 274 001f 03       		.uleb128 0x3
 275 0020 16       		.uleb128 0x16
 276 0021 00       		.byte	0
 277 0022 03       		.uleb128 0x3
 278 0023 08       		.uleb128 0x8
 279 0024 3A       		.uleb128 0x3a
 280 0025 0B       		.uleb128 0xb
 281 0026 3B       		.uleb128 0x3b
 282 0027 0B       		.uleb128 0xb
 283 0028 49       		.uleb128 0x49
 284 0029 13       		.uleb128 0x13
 285 002a 00       		.byte	0
 286 002b 00       		.byte	0
 287 002c 04       		.uleb128 0x4
 288 002d 04       		.uleb128 0x4
 289 002e 01       		.byte	0x1
 290 002f 03       		.uleb128 0x3
 291 0030 08       		.uleb128 0x8
 292 0031 0B       		.uleb128 0xb
 293 0032 0B       		.uleb128 0xb
 294 0033 3A       		.uleb128 0x3a
 295 0034 0B       		.uleb128 0xb
 296 0035 3B       		.uleb128 0x3b
 297 0036 0B       		.uleb128 0xb
 298 0037 01       		.uleb128 0x1
 299 0038 13       		.uleb128 0x13
GAS LISTING C:\Users\PRESID~1\AppData\Local\Temp\ccVEbqnV.s 			page 10


 300 0039 00       		.byte	0
 301 003a 00       		.byte	0
 302 003b 05       		.uleb128 0x5
 303 003c 28       		.uleb128 0x28
 304 003d 00       		.byte	0
 305 003e 03       		.uleb128 0x3
 306 003f 08       		.uleb128 0x8
 307 0040 1C       		.uleb128 0x1c
 308 0041 0D       		.uleb128 0xd
 309 0042 00       		.byte	0
 310 0043 00       		.byte	0
 311 0044 06       		.uleb128 0x6
 312 0045 2E       		.uleb128 0x2e
 313 0046 01       		.byte	0x1
 314 0047 3F       		.uleb128 0x3f
 315 0048 19       		.uleb128 0x19
 316 0049 03       		.uleb128 0x3
 317 004a 08       		.uleb128 0x8
 318 004b 3A       		.uleb128 0x3a
 319 004c 0B       		.uleb128 0xb
 320 004d 3B       		.uleb128 0x3b
 321 004e 0B       		.uleb128 0xb
 322 004f 27       		.uleb128 0x27
 323 0050 19       		.uleb128 0x19
 324 0051 11       		.uleb128 0x11
 325 0052 01       		.uleb128 0x1
 326 0053 12       		.uleb128 0x12
 327 0054 06       		.uleb128 0x6
 328 0055 40       		.uleb128 0x40
 329 0056 18       		.uleb128 0x18
 330 0057 9642     		.uleb128 0x2116
 331 0059 19       		.uleb128 0x19
 332 005a 00       		.byte	0
 333 005b 00       		.byte	0
 334 005c 07       		.uleb128 0x7
 335 005d 05       		.uleb128 0x5
 336 005e 00       		.byte	0
 337 005f 03       		.uleb128 0x3
 338 0060 08       		.uleb128 0x8
 339 0061 3A       		.uleb128 0x3a
 340 0062 0B       		.uleb128 0xb
 341 0063 3B       		.uleb128 0x3b
 342 0064 0B       		.uleb128 0xb
 343 0065 49       		.uleb128 0x49
 344 0066 13       		.uleb128 0x13
 345 0067 02       		.uleb128 0x2
 346 0068 18       		.uleb128 0x18
 347 0069 00       		.byte	0
 348 006a 00       		.byte	0
 349 006b 00       		.byte	0
 350              		.section	.debug_aranges,"dr"
 351 0000 1C000000 		.long	0x1c
 352 0004 0200     		.word	0x2
 353 0006 00000000 		.secrel32	Ldebug_info0
 354 000a 04       		.byte	0x4
 355 000b 00       		.byte	0
 356 000c 0000     		.word	0
GAS LISTING C:\Users\PRESID~1\AppData\Local\Temp\ccVEbqnV.s 			page 11


 357 000e 0000     		.word	0
 358 0010 00000000 		.long	Ltext0
 359 0014 3B000000 		.long	Letext0-Ltext0
 360 0018 00000000 		.long	0
 361 001c 00000000 		.long	0
 362              		.section	.debug_macro,"dr"
 363              	Ldebug_macro0:
 364 0000 0400     		.word	0x4
 365 0002 02       		.byte	0x2
 366 0003 00000000 		.secrel32	Ldebug_line0
 367 0007 01       		.byte	0x1
 368 0008 00       		.uleb128 0
 369 0009 5F5F5354 		.ascii "__STDC__ 1\0"
 369      44435F5F 
 369      203100
 370 0014 01       		.byte	0x1
 371 0015 00       		.uleb128 0
 372 0016 5F5F5354 		.ascii "__STDC_HOSTED__ 1\0"
 372      44435F48 
 372      4F535445 
 372      445F5F20 
 372      3100
 373 0028 01       		.byte	0x1
 374 0029 00       		.uleb128 0
 375 002a 5F5F474E 		.ascii "__GNUC__ 4\0"
 375      55435F5F 
 375      203400
 376 0035 01       		.byte	0x1
 377 0036 00       		.uleb128 0
 378 0037 5F5F474E 		.ascii "__GNUC_MINOR__ 9\0"
 378      55435F4D 
 378      494E4F52 
 378      5F5F2039 
 378      00
 379 0048 01       		.byte	0x1
 380 0049 00       		.uleb128 0
 381 004a 5F5F474E 		.ascii "__GNUC_PATCHLEVEL__ 3\0"
 381      55435F50 
 381      41544348 
 381      4C455645 
 381      4C5F5F20 
 382 0060 01       		.byte	0x1
 383 0061 00       		.uleb128 0
 384 0062 5F5F5645 		.ascii "__VERSION__ \"4.9.3\"\0"
 384      5253494F 
 384      4E5F5F20 
 384      22342E39 
 384      2E332200 
 385 0076 01       		.byte	0x1
 386 0077 00       		.uleb128 0
 387 0078 5F5F4154 		.ascii "__ATOMIC_RELAXED 0\0"
 387      4F4D4943 
 387      5F52454C 
 387      41584544 
 387      203000
 388 008b 01       		.byte	0x1
 389 008c 00       		.uleb128 0
GAS LISTING C:\Users\PRESID~1\AppData\Local\Temp\ccVEbqnV.s 			page 12


 390 008d 5F5F4154 		.ascii "__ATOMIC_SEQ_CST 5\0"
 390      4F4D4943 
 390      5F534551 
 390      5F435354 
 390      203500
 391 00a0 01       		.byte	0x1
 392 00a1 00       		.uleb128 0
 393 00a2 5F5F4154 		.ascii "__ATOMIC_ACQUIRE 2\0"
 393      4F4D4943 
 393      5F414351 
 393      55495245 
 393      203200
 394 00b5 01       		.byte	0x1
 395 00b6 00       		.uleb128 0
 396 00b7 5F5F4154 		.ascii "__ATOMIC_RELEASE 3\0"
 396      4F4D4943 
 396      5F52454C 
 396      45415345 
 396      203300
 397 00ca 01       		.byte	0x1
 398 00cb 00       		.uleb128 0
 399 00cc 5F5F4154 		.ascii "__ATOMIC_ACQ_REL 4\0"
 399      4F4D4943 
 399      5F414351 
 399      5F52454C 
 399      203400
 400 00df 01       		.byte	0x1
 401 00e0 00       		.uleb128 0
 402 00e1 5F5F4154 		.ascii "__ATOMIC_CONSUME 1\0"
 402      4F4D4943 
 402      5F434F4E 
 402      53554D45 
 402      203100
 403 00f4 01       		.byte	0x1
 404 00f5 00       		.uleb128 0
 405 00f6 5F5F4649 		.ascii "__FINITE_MATH_ONLY__ 0\0"
 405      4E495445 
 405      5F4D4154 
 405      485F4F4E 
 405      4C595F5F 
 406 010d 01       		.byte	0x1
 407 010e 00       		.uleb128 0
 408 010f 5F5F5349 		.ascii "__SIZEOF_INT__ 4\0"
 408      5A454F46 
 408      5F494E54 
 408      5F5F2034 
 408      00
 409 0120 01       		.byte	0x1
 410 0121 00       		.uleb128 0
 411 0122 5F5F5349 		.ascii "__SIZEOF_LONG__ 4\0"
 411      5A454F46 
 411      5F4C4F4E 
 411      475F5F20 
 411      3400
 412 0134 01       		.byte	0x1
 413 0135 00       		.uleb128 0
 414 0136 5F5F5349 		.ascii "__SIZEOF_LONG_LONG__ 8\0"
GAS LISTING C:\Users\PRESID~1\AppData\Local\Temp\ccVEbqnV.s 			page 13


 414      5A454F46 
 414      5F4C4F4E 
 414      475F4C4F 
 414      4E475F5F 
 415 014d 01       		.byte	0x1
 416 014e 00       		.uleb128 0
 417 014f 5F5F5349 		.ascii "__SIZEOF_SHORT__ 2\0"
 417      5A454F46 
 417      5F53484F 
 417      52545F5F 
 417      203200
 418 0162 01       		.byte	0x1
 419 0163 00       		.uleb128 0
 420 0164 5F5F5349 		.ascii "__SIZEOF_FLOAT__ 4\0"
 420      5A454F46 
 420      5F464C4F 
 420      41545F5F 
 420      203400
 421 0177 01       		.byte	0x1
 422 0178 00       		.uleb128 0
 423 0179 5F5F5349 		.ascii "__SIZEOF_DOUBLE__ 8\0"
 423      5A454F46 
 423      5F444F55 
 423      424C455F 
 423      5F203800 
 424 018d 01       		.byte	0x1
 425 018e 00       		.uleb128 0
 426 018f 5F5F5349 		.ascii "__SIZEOF_LONG_DOUBLE__ 12\0"
 426      5A454F46 
 426      5F4C4F4E 
 426      475F444F 
 426      55424C45 
 427 01a9 01       		.byte	0x1
 428 01aa 00       		.uleb128 0
 429 01ab 5F5F5349 		.ascii "__SIZEOF_SIZE_T__ 4\0"
 429      5A454F46 
 429      5F53495A 
 429      455F545F 
 429      5F203400 
 430 01bf 01       		.byte	0x1
 431 01c0 00       		.uleb128 0
 432 01c1 5F5F4348 		.ascii "__CHAR_BIT__ 8\0"
 432      41525F42 
 432      49545F5F 
 432      203800
 433 01d0 01       		.byte	0x1
 434 01d1 00       		.uleb128 0
 435 01d2 5F5F4249 		.ascii "__BIGGEST_ALIGNMENT__ 16\0"
 435      47474553 
 435      545F414C 
 435      49474E4D 
 435      454E545F 
 436 01eb 01       		.byte	0x1
 437 01ec 00       		.uleb128 0
 438 01ed 5F5F4F52 		.ascii "__ORDER_LITTLE_ENDIAN__ 1234\0"
 438      4445525F 
 438      4C495454 
GAS LISTING C:\Users\PRESID~1\AppData\Local\Temp\ccVEbqnV.s 			page 14


 438      4C455F45 
 438      4E444941 
 439 020a 01       		.byte	0x1
 440 020b 00       		.uleb128 0
 441 020c 5F5F4F52 		.ascii "__ORDER_BIG_ENDIAN__ 4321\0"
 441      4445525F 
 441      4249475F 
 441      454E4449 
 441      414E5F5F 
 442 0226 01       		.byte	0x1
 443 0227 00       		.uleb128 0
 444 0228 5F5F4F52 		.ascii "__ORDER_PDP_ENDIAN__ 3412\0"
 444      4445525F 
 444      5044505F 
 444      454E4449 
 444      414E5F5F 
 445 0242 01       		.byte	0x1
 446 0243 00       		.uleb128 0
 447 0244 5F5F4259 		.ascii "__BYTE_ORDER__ __ORDER_LITTLE_ENDIAN__\0"
 447      54455F4F 
 447      52444552 
 447      5F5F205F 
 447      5F4F5244 
 448 026b 01       		.byte	0x1
 449 026c 00       		.uleb128 0
 450 026d 5F5F464C 		.ascii "__FLOAT_WORD_ORDER__ __ORDER_LITTLE_ENDIAN__\0"
 450      4F41545F 
 450      574F5244 
 450      5F4F5244 
 450      45525F5F 
 451 029a 01       		.byte	0x1
 452 029b 00       		.uleb128 0
 453 029c 5F5F5349 		.ascii "__SIZEOF_POINTER__ 4\0"
 453      5A454F46 
 453      5F504F49 
 453      4E544552 
 453      5F5F2034 
 454 02b1 01       		.byte	0x1
 455 02b2 00       		.uleb128 0
 456 02b3 5F5F5349 		.ascii "__SIZE_TYPE__ unsigned int\0"
 456      5A455F54 
 456      5950455F 
 456      5F20756E 
 456      7369676E 
 457 02ce 01       		.byte	0x1
 458 02cf 00       		.uleb128 0
 459 02d0 5F5F5054 		.ascii "__PTRDIFF_TYPE__ int\0"
 459      52444946 
 459      465F5459 
 459      50455F5F 
 459      20696E74 
 460 02e5 01       		.byte	0x1
 461 02e6 00       		.uleb128 0
 462 02e7 5F5F5743 		.ascii "__WCHAR_TYPE__ short unsigned int\0"
 462      4841525F 
 462      54595045 
 462      5F5F2073 
GAS LISTING C:\Users\PRESID~1\AppData\Local\Temp\ccVEbqnV.s 			page 15


 462      686F7274 
 463 0309 01       		.byte	0x1
 464 030a 00       		.uleb128 0
 465 030b 5F5F5749 		.ascii "__WINT_TYPE__ short unsigned int\0"
 465      4E545F54 
 465      5950455F 
 465      5F207368 
 465      6F727420 
 466 032c 01       		.byte	0x1
 467 032d 00       		.uleb128 0
 468 032e 5F5F494E 		.ascii "__INTMAX_TYPE__ long long int\0"
 468      544D4158 
 468      5F545950 
 468      455F5F20 
 468      6C6F6E67 
 469 034c 01       		.byte	0x1
 470 034d 00       		.uleb128 0
 471 034e 5F5F5549 		.ascii "__UINTMAX_TYPE__ long long unsigned int\0"
 471      4E544D41 
 471      585F5459 
 471      50455F5F 
 471      206C6F6E 
 472 0376 01       		.byte	0x1
 473 0377 00       		.uleb128 0
 474 0378 5F5F4348 		.ascii "__CHAR16_TYPE__ short unsigned int\0"
 474      41523136 
 474      5F545950 
 474      455F5F20 
 474      73686F72 
 475 039b 01       		.byte	0x1
 476 039c 00       		.uleb128 0
 477 039d 5F5F4348 		.ascii "__CHAR32_TYPE__ unsigned int\0"
 477      41523332 
 477      5F545950 
 477      455F5F20 
 477      756E7369 
 478 03ba 01       		.byte	0x1
 479 03bb 00       		.uleb128 0
 480 03bc 5F5F5349 		.ascii "__SIG_ATOMIC_TYPE__ int\0"
 480      475F4154 
 480      4F4D4943 
 480      5F545950 
 480      455F5F20 
 481 03d4 01       		.byte	0x1
 482 03d5 00       		.uleb128 0
 483 03d6 5F5F494E 		.ascii "__INT8_TYPE__ signed char\0"
 483      54385F54 
 483      5950455F 
 483      5F207369 
 483      676E6564 
 484 03f0 01       		.byte	0x1
 485 03f1 00       		.uleb128 0
 486 03f2 5F5F494E 		.ascii "__INT16_TYPE__ short int\0"
 486      5431365F 
 486      54595045 
 486      5F5F2073 
 486      686F7274 
GAS LISTING C:\Users\PRESID~1\AppData\Local\Temp\ccVEbqnV.s 			page 16


 487 040b 01       		.byte	0x1
 488 040c 00       		.uleb128 0
 489 040d 5F5F494E 		.ascii "__INT32_TYPE__ int\0"
 489      5433325F 
 489      54595045 
 489      5F5F2069 
 489      6E7400
 490 0420 01       		.byte	0x1
 491 0421 00       		.uleb128 0
 492 0422 5F5F494E 		.ascii "__INT64_TYPE__ long long int\0"
 492      5436345F 
 492      54595045 
 492      5F5F206C 
 492      6F6E6720 
 493 043f 01       		.byte	0x1
 494 0440 00       		.uleb128 0
 495 0441 5F5F5549 		.ascii "__UINT8_TYPE__ unsigned char\0"
 495      4E54385F 
 495      54595045 
 495      5F5F2075 
 495      6E736967 
 496 045e 01       		.byte	0x1
 497 045f 00       		.uleb128 0
 498 0460 5F5F5549 		.ascii "__UINT16_TYPE__ short unsigned int\0"
 498      4E543136 
 498      5F545950 
 498      455F5F20 
 498      73686F72 
 499 0483 01       		.byte	0x1
 500 0484 00       		.uleb128 0
 501 0485 5F5F5549 		.ascii "__UINT32_TYPE__ unsigned int\0"
 501      4E543332 
 501      5F545950 
 501      455F5F20 
 501      756E7369 
 502 04a2 01       		.byte	0x1
 503 04a3 00       		.uleb128 0
 504 04a4 5F5F5549 		.ascii "__UINT64_TYPE__ long long unsigned int\0"
 504      4E543634 
 504      5F545950 
 504      455F5F20 
 504      6C6F6E67 
 505 04cb 01       		.byte	0x1
 506 04cc 00       		.uleb128 0
 507 04cd 5F5F494E 		.ascii "__INT_LEAST8_TYPE__ signed char\0"
 507      545F4C45 
 507      41535438 
 507      5F545950 
 507      455F5F20 
 508 04ed 01       		.byte	0x1
 509 04ee 00       		.uleb128 0
 510 04ef 5F5F494E 		.ascii "__INT_LEAST16_TYPE__ short int\0"
 510      545F4C45 
 510      41535431 
 510      365F5459 
 510      50455F5F 
 511 050e 01       		.byte	0x1
GAS LISTING C:\Users\PRESID~1\AppData\Local\Temp\ccVEbqnV.s 			page 17


 512 050f 00       		.uleb128 0
 513 0510 5F5F494E 		.ascii "__INT_LEAST32_TYPE__ int\0"
 513      545F4C45 
 513      41535433 
 513      325F5459 
 513      50455F5F 
 514 0529 01       		.byte	0x1
 515 052a 00       		.uleb128 0
 516 052b 5F5F494E 		.ascii "__INT_LEAST64_TYPE__ long long int\0"
 516      545F4C45 
 516      41535436 
 516      345F5459 
 516      50455F5F 
 517 054e 01       		.byte	0x1
 518 054f 00       		.uleb128 0
 519 0550 5F5F5549 		.ascii "__UINT_LEAST8_TYPE__ unsigned char\0"
 519      4E545F4C 
 519      45415354 
 519      385F5459 
 519      50455F5F 
 520 0573 01       		.byte	0x1
 521 0574 00       		.uleb128 0
 522 0575 5F5F5549 		.ascii "__UINT_LEAST16_TYPE__ short unsigned int\0"
 522      4E545F4C 
 522      45415354 
 522      31365F54 
 522      5950455F 
 523 059e 01       		.byte	0x1
 524 059f 00       		.uleb128 0
 525 05a0 5F5F5549 		.ascii "__UINT_LEAST32_TYPE__ unsigned int\0"
 525      4E545F4C 
 525      45415354 
 525      33325F54 
 525      5950455F 
 526 05c3 01       		.byte	0x1
 527 05c4 00       		.uleb128 0
 528 05c5 5F5F5549 		.ascii "__UINT_LEAST64_TYPE__ long long unsigned int\0"
 528      4E545F4C 
 528      45415354 
 528      36345F54 
 528      5950455F 
 529 05f2 01       		.byte	0x1
 530 05f3 00       		.uleb128 0
 531 05f4 5F5F494E 		.ascii "__INT_FAST8_TYPE__ signed char\0"
 531      545F4641 
 531      5354385F 
 531      54595045 
 531      5F5F2073 
 532 0613 01       		.byte	0x1
 533 0614 00       		.uleb128 0
 534 0615 5F5F494E 		.ascii "__INT_FAST16_TYPE__ short int\0"
 534      545F4641 
 534      53543136 
 534      5F545950 
 534      455F5F20 
 535 0633 01       		.byte	0x1
 536 0634 00       		.uleb128 0
GAS LISTING C:\Users\PRESID~1\AppData\Local\Temp\ccVEbqnV.s 			page 18


 537 0635 5F5F494E 		.ascii "__INT_FAST32_TYPE__ int\0"
 537      545F4641 
 537      53543332 
 537      5F545950 
 537      455F5F20 
 538 064d 01       		.byte	0x1
 539 064e 00       		.uleb128 0
 540 064f 5F5F494E 		.ascii "__INT_FAST64_TYPE__ long long int\0"
 540      545F4641 
 540      53543634 
 540      5F545950 
 540      455F5F20 
 541 0671 01       		.byte	0x1
 542 0672 00       		.uleb128 0
 543 0673 5F5F5549 		.ascii "__UINT_FAST8_TYPE__ unsigned char\0"
 543      4E545F46 
 543      41535438 
 543      5F545950 
 543      455F5F20 
 544 0695 01       		.byte	0x1
 545 0696 00       		.uleb128 0
 546 0697 5F5F5549 		.ascii "__UINT_FAST16_TYPE__ short unsigned int\0"
 546      4E545F46 
 546      41535431 
 546      365F5459 
 546      50455F5F 
 547 06bf 01       		.byte	0x1
 548 06c0 00       		.uleb128 0
 549 06c1 5F5F5549 		.ascii "__UINT_FAST32_TYPE__ unsigned int\0"
 549      4E545F46 
 549      41535433 
 549      325F5459 
 549      50455F5F 
 550 06e3 01       		.byte	0x1
 551 06e4 00       		.uleb128 0
 552 06e5 5F5F5549 		.ascii "__UINT_FAST64_TYPE__ long long unsigned int\0"
 552      4E545F46 
 552      41535436 
 552      345F5459 
 552      50455F5F 
 553 0711 01       		.byte	0x1
 554 0712 00       		.uleb128 0
 555 0713 5F5F494E 		.ascii "__INTPTR_TYPE__ int\0"
 555      54505452 
 555      5F545950 
 555      455F5F20 
 555      696E7400 
 556 0727 01       		.byte	0x1
 557 0728 00       		.uleb128 0
 558 0729 5F5F5549 		.ascii "__UINTPTR_TYPE__ unsigned int\0"
 558      4E545054 
 558      525F5459 
 558      50455F5F 
 558      20756E73 
 559 0747 01       		.byte	0x1
 560 0748 00       		.uleb128 0
 561 0749 5F5F6861 		.ascii "__has_include(STR) __has_include__(STR)\0"
GAS LISTING C:\Users\PRESID~1\AppData\Local\Temp\ccVEbqnV.s 			page 19


 561      735F696E 
 561      636C7564 
 561      65285354 
 561      5229205F 
 562 0771 01       		.byte	0x1
 563 0772 00       		.uleb128 0
 564 0773 5F5F6861 		.ascii "__has_include_next(STR) __has_include_next__(STR)\0"
 564      735F696E 
 564      636C7564 
 564      655F6E65 
 564      78742853 
 565 07a5 01       		.byte	0x1
 566 07a6 00       		.uleb128 0
 567 07a7 5F5F4758 		.ascii "__GXX_ABI_VERSION 1002\0"
 567      585F4142 
 567      495F5645 
 567      5253494F 
 567      4E203130 
 568 07be 01       		.byte	0x1
 569 07bf 00       		.uleb128 0
 570 07c0 5F5F5343 		.ascii "__SCHAR_MAX__ 127\0"
 570      4841525F 
 570      4D41585F 
 570      5F203132 
 570      3700
 571 07d2 01       		.byte	0x1
 572 07d3 00       		.uleb128 0
 573 07d4 5F5F5348 		.ascii "__SHRT_MAX__ 32767\0"
 573      52545F4D 
 573      41585F5F 
 573      20333237 
 573      363700
 574 07e7 01       		.byte	0x1
 575 07e8 00       		.uleb128 0
 576 07e9 5F5F494E 		.ascii "__INT_MAX__ 2147483647\0"
 576      545F4D41 
 576      585F5F20 
 576      32313437 
 576      34383336 
 577 0800 01       		.byte	0x1
 578 0801 00       		.uleb128 0
 579 0802 5F5F4C4F 		.ascii "__LONG_MAX__ 2147483647L\0"
 579      4E475F4D 
 579      41585F5F 
 579      20323134 
 579      37343833 
 580 081b 01       		.byte	0x1
 581 081c 00       		.uleb128 0
 582 081d 5F5F4C4F 		.ascii "__LONG_LONG_MAX__ 9223372036854775807LL\0"
 582      4E475F4C 
 582      4F4E475F 
 582      4D41585F 
 582      5F203932 
 583 0845 01       		.byte	0x1
 584 0846 00       		.uleb128 0
 585 0847 5F5F5743 		.ascii "__WCHAR_MAX__ 65535\0"
 585      4841525F 
GAS LISTING C:\Users\PRESID~1\AppData\Local\Temp\ccVEbqnV.s 			page 20


 585      4D41585F 
 585      5F203635 
 585      35333500 
 586 085b 01       		.byte	0x1
 587 085c 00       		.uleb128 0
 588 085d 5F5F5743 		.ascii "__WCHAR_MIN__ 0\0"
 588      4841525F 
 588      4D494E5F 
 588      5F203000 
 589 086d 01       		.byte	0x1
 590 086e 00       		.uleb128 0
 591 086f 5F5F5749 		.ascii "__WINT_MAX__ 65535\0"
 591      4E545F4D 
 591      41585F5F 
 591      20363535 
 591      333500
 592 0882 01       		.byte	0x1
 593 0883 00       		.uleb128 0
 594 0884 5F5F5749 		.ascii "__WINT_MIN__ 0\0"
 594      4E545F4D 
 594      494E5F5F 
 594      203000
 595 0893 01       		.byte	0x1
 596 0894 00       		.uleb128 0
 597 0895 5F5F5054 		.ascii "__PTRDIFF_MAX__ 2147483647\0"
 597      52444946 
 597      465F4D41 
 597      585F5F20 
 597      32313437 
 598 08b0 01       		.byte	0x1
 599 08b1 00       		.uleb128 0
 600 08b2 5F5F5349 		.ascii "__SIZE_MAX__ 4294967295U\0"
 600      5A455F4D 
 600      41585F5F 
 600      20343239 
 600      34393637 
 601 08cb 01       		.byte	0x1
 602 08cc 00       		.uleb128 0
 603 08cd 5F5F494E 		.ascii "__INTMAX_MAX__ 9223372036854775807LL\0"
 603      544D4158 
 603      5F4D4158 
 603      5F5F2039 
 603      32323333 
 604 08f2 01       		.byte	0x1
 605 08f3 00       		.uleb128 0
 606 08f4 5F5F494E 		.ascii "__INTMAX_C(c) c ## LL\0"
 606      544D4158 
 606      5F432863 
 606      29206320 
 606      2323204C 
 607 090a 01       		.byte	0x1
 608 090b 00       		.uleb128 0
 609 090c 5F5F5549 		.ascii "__UINTMAX_MAX__ 18446744073709551615ULL\0"
 609      4E544D41 
 609      585F4D41 
 609      585F5F20 
 609      31383434 
GAS LISTING C:\Users\PRESID~1\AppData\Local\Temp\ccVEbqnV.s 			page 21


 610 0934 01       		.byte	0x1
 611 0935 00       		.uleb128 0
 612 0936 5F5F5549 		.ascii "__UINTMAX_C(c) c ## ULL\0"
 612      4E544D41 
 612      585F4328 
 612      63292063 
 612      20232320 
 613 094e 01       		.byte	0x1
 614 094f 00       		.uleb128 0
 615 0950 5F5F5349 		.ascii "__SIG_ATOMIC_MAX__ 2147483647\0"
 615      475F4154 
 615      4F4D4943 
 615      5F4D4158 
 615      5F5F2032 
 616 096e 01       		.byte	0x1
 617 096f 00       		.uleb128 0
 618 0970 5F5F5349 		.ascii "__SIG_ATOMIC_MIN__ (-__SIG_ATOMIC_MAX__ - 1)\0"
 618      475F4154 
 618      4F4D4943 
 618      5F4D494E 
 618      5F5F2028 
 619 099d 01       		.byte	0x1
 620 099e 00       		.uleb128 0
 621 099f 5F5F494E 		.ascii "__INT8_MAX__ 127\0"
 621      54385F4D 
 621      41585F5F 
 621      20313237 
 621      00
 622 09b0 01       		.byte	0x1
 623 09b1 00       		.uleb128 0
 624 09b2 5F5F494E 		.ascii "__INT16_MAX__ 32767\0"
 624      5431365F 
 624      4D41585F 
 624      5F203332 
 624      37363700 
 625 09c6 01       		.byte	0x1
 626 09c7 00       		.uleb128 0
 627 09c8 5F5F494E 		.ascii "__INT32_MAX__ 2147483647\0"
 627      5433325F 
 627      4D41585F 
 627      5F203231 
 627      34373438 
 628 09e1 01       		.byte	0x1
 629 09e2 00       		.uleb128 0
 630 09e3 5F5F494E 		.ascii "__INT64_MAX__ 9223372036854775807LL\0"
 630      5436345F 
 630      4D41585F 
 630      5F203932 
 630      32333337 
 631 0a07 01       		.byte	0x1
 632 0a08 00       		.uleb128 0
 633 0a09 5F5F5549 		.ascii "__UINT8_MAX__ 255\0"
 633      4E54385F 
 633      4D41585F 
 633      5F203235 
 633      3500
 634 0a1b 01       		.byte	0x1
GAS LISTING C:\Users\PRESID~1\AppData\Local\Temp\ccVEbqnV.s 			page 22


 635 0a1c 00       		.uleb128 0
 636 0a1d 5F5F5549 		.ascii "__UINT16_MAX__ 65535\0"
 636      4E543136 
 636      5F4D4158 
 636      5F5F2036 
 636      35353335 
 637 0a32 01       		.byte	0x1
 638 0a33 00       		.uleb128 0
 639 0a34 5F5F5549 		.ascii "__UINT32_MAX__ 4294967295U\0"
 639      4E543332 
 639      5F4D4158 
 639      5F5F2034 
 639      32393439 
 640 0a4f 01       		.byte	0x1
 641 0a50 00       		.uleb128 0
 642 0a51 5F5F5549 		.ascii "__UINT64_MAX__ 18446744073709551615ULL\0"
 642      4E543634 
 642      5F4D4158 
 642      5F5F2031 
 642      38343436 
 643 0a78 01       		.byte	0x1
 644 0a79 00       		.uleb128 0
 645 0a7a 5F5F494E 		.ascii "__INT_LEAST8_MAX__ 127\0"
 645      545F4C45 
 645      41535438 
 645      5F4D4158 
 645      5F5F2031 
 646 0a91 01       		.byte	0x1
 647 0a92 00       		.uleb128 0
 648 0a93 5F5F494E 		.ascii "__INT8_C(c) c\0"
 648      54385F43 
 648      28632920 
 648      6300
 649 0aa1 01       		.byte	0x1
 650 0aa2 00       		.uleb128 0
 651 0aa3 5F5F494E 		.ascii "__INT_LEAST16_MAX__ 32767\0"
 651      545F4C45 
 651      41535431 
 651      365F4D41 
 651      585F5F20 
 652 0abd 01       		.byte	0x1
 653 0abe 00       		.uleb128 0
 654 0abf 5F5F494E 		.ascii "__INT16_C(c) c\0"
 654      5431365F 
 654      43286329 
 654      206300
 655 0ace 01       		.byte	0x1
 656 0acf 00       		.uleb128 0
 657 0ad0 5F5F494E 		.ascii "__INT_LEAST32_MAX__ 2147483647\0"
 657      545F4C45 
 657      41535433 
 657      325F4D41 
 657      585F5F20 
 658 0aef 01       		.byte	0x1
 659 0af0 00       		.uleb128 0
 660 0af1 5F5F494E 		.ascii "__INT32_C(c) c\0"
 660      5433325F 
GAS LISTING C:\Users\PRESID~1\AppData\Local\Temp\ccVEbqnV.s 			page 23


 660      43286329 
 660      206300
 661 0b00 01       		.byte	0x1
 662 0b01 00       		.uleb128 0
 663 0b02 5F5F494E 		.ascii "__INT_LEAST64_MAX__ 9223372036854775807LL\0"
 663      545F4C45 
 663      41535436 
 663      345F4D41 
 663      585F5F20 
 664 0b2c 01       		.byte	0x1
 665 0b2d 00       		.uleb128 0
 666 0b2e 5F5F494E 		.ascii "__INT64_C(c) c ## LL\0"
 666      5436345F 
 666      43286329 
 666      20632023 
 666      23204C4C 
 667 0b43 01       		.byte	0x1
 668 0b44 00       		.uleb128 0
 669 0b45 5F5F5549 		.ascii "__UINT_LEAST8_MAX__ 255\0"
 669      4E545F4C 
 669      45415354 
 669      385F4D41 
 669      585F5F20 
 670 0b5d 01       		.byte	0x1
 671 0b5e 00       		.uleb128 0
 672 0b5f 5F5F5549 		.ascii "__UINT8_C(c) c\0"
 672      4E54385F 
 672      43286329 
 672      206300
 673 0b6e 01       		.byte	0x1
 674 0b6f 00       		.uleb128 0
 675 0b70 5F5F5549 		.ascii "__UINT_LEAST16_MAX__ 65535\0"
 675      4E545F4C 
 675      45415354 
 675      31365F4D 
 675      41585F5F 
 676 0b8b 01       		.byte	0x1
 677 0b8c 00       		.uleb128 0
 678 0b8d 5F5F5549 		.ascii "__UINT16_C(c) c\0"
 678      4E543136 
 678      5F432863 
 678      29206300 
 679 0b9d 01       		.byte	0x1
 680 0b9e 00       		.uleb128 0
 681 0b9f 5F5F5549 		.ascii "__UINT_LEAST32_MAX__ 4294967295U\0"
 681      4E545F4C 
 681      45415354 
 681      33325F4D 
 681      41585F5F 
 682 0bc0 01       		.byte	0x1
 683 0bc1 00       		.uleb128 0
 684 0bc2 5F5F5549 		.ascii "__UINT32_C(c) c ## U\0"
 684      4E543332 
 684      5F432863 
 684      29206320 
 684      23232055 
 685 0bd7 01       		.byte	0x1
GAS LISTING C:\Users\PRESID~1\AppData\Local\Temp\ccVEbqnV.s 			page 24


 686 0bd8 00       		.uleb128 0
 687 0bd9 5F5F5549 		.ascii "__UINT_LEAST64_MAX__ 18446744073709551615ULL\0"
 687      4E545F4C 
 687      45415354 
 687      36345F4D 
 687      41585F5F 
 688 0c06 01       		.byte	0x1
 689 0c07 00       		.uleb128 0
 690 0c08 5F5F5549 		.ascii "__UINT64_C(c) c ## ULL\0"
 690      4E543634 
 690      5F432863 
 690      29206320 
 690      23232055 
 691 0c1f 01       		.byte	0x1
 692 0c20 00       		.uleb128 0
 693 0c21 5F5F494E 		.ascii "__INT_FAST8_MAX__ 127\0"
 693      545F4641 
 693      5354385F 
 693      4D41585F 
 693      5F203132 
 694 0c37 01       		.byte	0x1
 695 0c38 00       		.uleb128 0
 696 0c39 5F5F494E 		.ascii "__INT_FAST16_MAX__ 32767\0"
 696      545F4641 
 696      53543136 
 696      5F4D4158 
 696      5F5F2033 
 697 0c52 01       		.byte	0x1
 698 0c53 00       		.uleb128 0
 699 0c54 5F5F494E 		.ascii "__INT_FAST32_MAX__ 2147483647\0"
 699      545F4641 
 699      53543332 
 699      5F4D4158 
 699      5F5F2032 
 700 0c72 01       		.byte	0x1
 701 0c73 00       		.uleb128 0
 702 0c74 5F5F494E 		.ascii "__INT_FAST64_MAX__ 9223372036854775807LL\0"
 702      545F4641 
 702      53543634 
 702      5F4D4158 
 702      5F5F2039 
 703 0c9d 01       		.byte	0x1
 704 0c9e 00       		.uleb128 0
 705 0c9f 5F5F5549 		.ascii "__UINT_FAST8_MAX__ 255\0"
 705      4E545F46 
 705      41535438 
 705      5F4D4158 
 705      5F5F2032 
 706 0cb6 01       		.byte	0x1
 707 0cb7 00       		.uleb128 0
 708 0cb8 5F5F5549 		.ascii "__UINT_FAST16_MAX__ 65535\0"
 708      4E545F46 
 708      41535431 
 708      365F4D41 
 708      585F5F20 
 709 0cd2 01       		.byte	0x1
 710 0cd3 00       		.uleb128 0
GAS LISTING C:\Users\PRESID~1\AppData\Local\Temp\ccVEbqnV.s 			page 25


 711 0cd4 5F5F5549 		.ascii "__UINT_FAST32_MAX__ 4294967295U\0"
 711      4E545F46 
 711      41535433 
 711      325F4D41 
 711      585F5F20 
 712 0cf4 01       		.byte	0x1
 713 0cf5 00       		.uleb128 0
 714 0cf6 5F5F5549 		.ascii "__UINT_FAST64_MAX__ 18446744073709551615ULL\0"
 714      4E545F46 
 714      41535436 
 714      345F4D41 
 714      585F5F20 
 715 0d22 01       		.byte	0x1
 716 0d23 00       		.uleb128 0
 717 0d24 5F5F494E 		.ascii "__INTPTR_MAX__ 2147483647\0"
 717      54505452 
 717      5F4D4158 
 717      5F5F2032 
 717      31343734 
 718 0d3e 01       		.byte	0x1
 719 0d3f 00       		.uleb128 0
 720 0d40 5F5F5549 		.ascii "__UINTPTR_MAX__ 4294967295U\0"
 720      4E545054 
 720      525F4D41 
 720      585F5F20 
 720      34323934 
 721 0d5c 01       		.byte	0x1
 722 0d5d 00       		.uleb128 0
 723 0d5e 5F5F4743 		.ascii "__GCC_IEC_559 2\0"
 723      435F4945 
 723      435F3535 
 723      39203200 
 724 0d6e 01       		.byte	0x1
 725 0d6f 00       		.uleb128 0
 726 0d70 5F5F4743 		.ascii "__GCC_IEC_559_COMPLEX 2\0"
 726      435F4945 
 726      435F3535 
 726      395F434F 
 726      4D504C45 
 727 0d88 01       		.byte	0x1
 728 0d89 00       		.uleb128 0
 729 0d8a 5F5F464C 		.ascii "__FLT_EVAL_METHOD__ 2\0"
 729      545F4556 
 729      414C5F4D 
 729      4554484F 
 729      445F5F20 
 730 0da0 01       		.byte	0x1
 731 0da1 00       		.uleb128 0
 732 0da2 5F5F4445 		.ascii "__DEC_EVAL_METHOD__ 2\0"
 732      435F4556 
 732      414C5F4D 
 732      4554484F 
 732      445F5F20 
 733 0db8 01       		.byte	0x1
 734 0db9 00       		.uleb128 0
 735 0dba 5F5F464C 		.ascii "__FLT_RADIX__ 2\0"
 735      545F5241 
GAS LISTING C:\Users\PRESID~1\AppData\Local\Temp\ccVEbqnV.s 			page 26


 735      4449585F 
 735      5F203200 
 736 0dca 01       		.byte	0x1
 737 0dcb 00       		.uleb128 0
 738 0dcc 5F5F464C 		.ascii "__FLT_MANT_DIG__ 24\0"
 738      545F4D41 
 738      4E545F44 
 738      49475F5F 
 738      20323400 
 739 0de0 01       		.byte	0x1
 740 0de1 00       		.uleb128 0
 741 0de2 5F5F464C 		.ascii "__FLT_DIG__ 6\0"
 741      545F4449 
 741      475F5F20 
 741      3600
 742 0df0 01       		.byte	0x1
 743 0df1 00       		.uleb128 0
 744 0df2 5F5F464C 		.ascii "__FLT_MIN_EXP__ (-125)\0"
 744      545F4D49 
 744      4E5F4558 
 744      505F5F20 
 744      282D3132 
 745 0e09 01       		.byte	0x1
 746 0e0a 00       		.uleb128 0
 747 0e0b 5F5F464C 		.ascii "__FLT_MIN_10_EXP__ (-37)\0"
 747      545F4D49 
 747      4E5F3130 
 747      5F455850 
 747      5F5F2028 
 748 0e24 01       		.byte	0x1
 749 0e25 00       		.uleb128 0
 750 0e26 5F5F464C 		.ascii "__FLT_MAX_EXP__ 128\0"
 750      545F4D41 
 750      585F4558 
 750      505F5F20 
 750      31323800 
 751 0e3a 01       		.byte	0x1
 752 0e3b 00       		.uleb128 0
 753 0e3c 5F5F464C 		.ascii "__FLT_MAX_10_EXP__ 38\0"
 753      545F4D41 
 753      585F3130 
 753      5F455850 
 753      5F5F2033 
 754 0e52 01       		.byte	0x1
 755 0e53 00       		.uleb128 0
 756 0e54 5F5F464C 		.ascii "__FLT_DECIMAL_DIG__ 9\0"
 756      545F4445 
 756      43494D41 
 756      4C5F4449 
 756      475F5F20 
 757 0e6a 01       		.byte	0x1
 758 0e6b 00       		.uleb128 0
 759 0e6c 5F5F464C 		.ascii "__FLT_MAX__ 3.40282346638528859812e+38F\0"
 759      545F4D41 
 759      585F5F20 
 759      332E3430 
 759      32383233 
GAS LISTING C:\Users\PRESID~1\AppData\Local\Temp\ccVEbqnV.s 			page 27


 760 0e94 01       		.byte	0x1
 761 0e95 00       		.uleb128 0
 762 0e96 5F5F464C 		.ascii "__FLT_MIN__ 1.17549435082228750797e-38F\0"
 762      545F4D49 
 762      4E5F5F20 
 762      312E3137 
 762      35343934 
 763 0ebe 01       		.byte	0x1
 764 0ebf 00       		.uleb128 0
 765 0ec0 5F5F464C 		.ascii "__FLT_EPSILON__ 1.19209289550781250000e-7F\0"
 765      545F4550 
 765      53494C4F 
 765      4E5F5F20 
 765      312E3139 
 766 0eeb 01       		.byte	0x1
 767 0eec 00       		.uleb128 0
 768 0eed 5F5F464C 		.ascii "__FLT_DENORM_MIN__ 1.40129846432481707092e-45F\0"
 768      545F4445 
 768      4E4F524D 
 768      5F4D494E 
 768      5F5F2031 
 769 0f1c 01       		.byte	0x1
 770 0f1d 00       		.uleb128 0
 771 0f1e 5F5F464C 		.ascii "__FLT_HAS_DENORM__ 1\0"
 771      545F4841 
 771      535F4445 
 771      4E4F524D 
 771      5F5F2031 
 772 0f33 01       		.byte	0x1
 773 0f34 00       		.uleb128 0
 774 0f35 5F5F464C 		.ascii "__FLT_HAS_INFINITY__ 1\0"
 774      545F4841 
 774      535F494E 
 774      46494E49 
 774      54595F5F 
 775 0f4c 01       		.byte	0x1
 776 0f4d 00       		.uleb128 0
 777 0f4e 5F5F464C 		.ascii "__FLT_HAS_QUIET_NAN__ 1\0"
 777      545F4841 
 777      535F5155 
 777      4945545F 
 777      4E414E5F 
 778 0f66 01       		.byte	0x1
 779 0f67 00       		.uleb128 0
 780 0f68 5F5F4442 		.ascii "__DBL_MANT_DIG__ 53\0"
 780      4C5F4D41 
 780      4E545F44 
 780      49475F5F 
 780      20353300 
 781 0f7c 01       		.byte	0x1
 782 0f7d 00       		.uleb128 0
 783 0f7e 5F5F4442 		.ascii "__DBL_DIG__ 15\0"
 783      4C5F4449 
 783      475F5F20 
 783      313500
 784 0f8d 01       		.byte	0x1
 785 0f8e 00       		.uleb128 0
GAS LISTING C:\Users\PRESID~1\AppData\Local\Temp\ccVEbqnV.s 			page 28


 786 0f8f 5F5F4442 		.ascii "__DBL_MIN_EXP__ (-1021)\0"
 786      4C5F4D49 
 786      4E5F4558 
 786      505F5F20 
 786      282D3130 
 787 0fa7 01       		.byte	0x1
 788 0fa8 00       		.uleb128 0
 789 0fa9 5F5F4442 		.ascii "__DBL_MIN_10_EXP__ (-307)\0"
 789      4C5F4D49 
 789      4E5F3130 
 789      5F455850 
 789      5F5F2028 
 790 0fc3 01       		.byte	0x1
 791 0fc4 00       		.uleb128 0
 792 0fc5 5F5F4442 		.ascii "__DBL_MAX_EXP__ 1024\0"
 792      4C5F4D41 
 792      585F4558 
 792      505F5F20 
 792      31303234 
 793 0fda 01       		.byte	0x1
 794 0fdb 00       		.uleb128 0
 795 0fdc 5F5F4442 		.ascii "__DBL_MAX_10_EXP__ 308\0"
 795      4C5F4D41 
 795      585F3130 
 795      5F455850 
 795      5F5F2033 
 796 0ff3 01       		.byte	0x1
 797 0ff4 00       		.uleb128 0
 798 0ff5 5F5F4442 		.ascii "__DBL_DECIMAL_DIG__ 17\0"
 798      4C5F4445 
 798      43494D41 
 798      4C5F4449 
 798      475F5F20 
 799 100c 01       		.byte	0x1
 800 100d 00       		.uleb128 0
 801 100e 5F5F4442 		.ascii "__DBL_MAX__ ((double)1.79769313486231570815e+308L)\0"
 801      4C5F4D41 
 801      585F5F20 
 801      2828646F 
 801      75626C65 
 802 1041 01       		.byte	0x1
 803 1042 00       		.uleb128 0
 804 1043 5F5F4442 		.ascii "__DBL_MIN__ ((double)2.22507385850720138309e-308L)\0"
 804      4C5F4D49 
 804      4E5F5F20 
 804      2828646F 
 804      75626C65 
 805 1076 01       		.byte	0x1
 806 1077 00       		.uleb128 0
 807 1078 5F5F4442 		.ascii "__DBL_EPSILON__ ((double)2.22044604925031308085e-16L)\0"
 807      4C5F4550 
 807      53494C4F 
 807      4E5F5F20 
 807      2828646F 
 808 10ae 01       		.byte	0x1
 809 10af 00       		.uleb128 0
 810 10b0 5F5F4442 		.ascii "__DBL_DENORM_MIN__ ((double)4.94065645841246544177e-324L)\0"
GAS LISTING C:\Users\PRESID~1\AppData\Local\Temp\ccVEbqnV.s 			page 29


 810      4C5F4445 
 810      4E4F524D 
 810      5F4D494E 
 810      5F5F2028 
 811 10ea 01       		.byte	0x1
 812 10eb 00       		.uleb128 0
 813 10ec 5F5F4442 		.ascii "__DBL_HAS_DENORM__ 1\0"
 813      4C5F4841 
 813      535F4445 
 813      4E4F524D 
 813      5F5F2031 
 814 1101 01       		.byte	0x1
 815 1102 00       		.uleb128 0
 816 1103 5F5F4442 		.ascii "__DBL_HAS_INFINITY__ 1\0"
 816      4C5F4841 
 816      535F494E 
 816      46494E49 
 816      54595F5F 
 817 111a 01       		.byte	0x1
 818 111b 00       		.uleb128 0
 819 111c 5F5F4442 		.ascii "__DBL_HAS_QUIET_NAN__ 1\0"
 819      4C5F4841 
 819      535F5155 
 819      4945545F 
 819      4E414E5F 
 820 1134 01       		.byte	0x1
 821 1135 00       		.uleb128 0
 822 1136 5F5F4C44 		.ascii "__LDBL_MANT_DIG__ 64\0"
 822      424C5F4D 
 822      414E545F 
 822      4449475F 
 822      5F203634 
 823 114b 01       		.byte	0x1
 824 114c 00       		.uleb128 0
 825 114d 5F5F4C44 		.ascii "__LDBL_DIG__ 18\0"
 825      424C5F44 
 825      49475F5F 
 825      20313800 
 826 115d 01       		.byte	0x1
 827 115e 00       		.uleb128 0
 828 115f 5F5F4C44 		.ascii "__LDBL_MIN_EXP__ (-16381)\0"
 828      424C5F4D 
 828      494E5F45 
 828      58505F5F 
 828      20282D31 
 829 1179 01       		.byte	0x1
 830 117a 00       		.uleb128 0
 831 117b 5F5F4C44 		.ascii "__LDBL_MIN_10_EXP__ (-4931)\0"
 831      424C5F4D 
 831      494E5F31 
 831      305F4558 
 831      505F5F20 
 832 1197 01       		.byte	0x1
 833 1198 00       		.uleb128 0
 834 1199 5F5F4C44 		.ascii "__LDBL_MAX_EXP__ 16384\0"
 834      424C5F4D 
 834      41585F45 
GAS LISTING C:\Users\PRESID~1\AppData\Local\Temp\ccVEbqnV.s 			page 30


 834      58505F5F 
 834      20313633 
 835 11b0 01       		.byte	0x1
 836 11b1 00       		.uleb128 0
 837 11b2 5F5F4C44 		.ascii "__LDBL_MAX_10_EXP__ 4932\0"
 837      424C5F4D 
 837      41585F31 
 837      305F4558 
 837      505F5F20 
 838 11cb 01       		.byte	0x1
 839 11cc 00       		.uleb128 0
 840 11cd 5F5F4445 		.ascii "__DECIMAL_DIG__ 21\0"
 840      43494D41 
 840      4C5F4449 
 840      475F5F20 
 840      323100
 841 11e0 01       		.byte	0x1
 842 11e1 00       		.uleb128 0
 843 11e2 5F5F4C44 		.ascii "__LDBL_MAX__ 1.18973149535723176502e+4932L\0"
 843      424C5F4D 
 843      41585F5F 
 843      20312E31 
 843      38393733 
 844 120d 01       		.byte	0x1
 845 120e 00       		.uleb128 0
 846 120f 5F5F4C44 		.ascii "__LDBL_MIN__ 3.36210314311209350626e-4932L\0"
 846      424C5F4D 
 846      494E5F5F 
 846      20332E33 
 846      36323130 
 847 123a 01       		.byte	0x1
 848 123b 00       		.uleb128 0
 849 123c 5F5F4C44 		.ascii "__LDBL_EPSILON__ 1.08420217248550443401e-19L\0"
 849      424C5F45 
 849      5053494C 
 849      4F4E5F5F 
 849      20312E30 
 850 1269 01       		.byte	0x1
 851 126a 00       		.uleb128 0
 852 126b 5F5F4C44 		.ascii "__LDBL_DENORM_MIN__ 3.64519953188247460253e-4951L\0"
 852      424C5F44 
 852      454E4F52 
 852      4D5F4D49 
 852      4E5F5F20 
 853 129d 01       		.byte	0x1
 854 129e 00       		.uleb128 0
 855 129f 5F5F4C44 		.ascii "__LDBL_HAS_DENORM__ 1\0"
 855      424C5F48 
 855      41535F44 
 855      454E4F52 
 855      4D5F5F20 
 856 12b5 01       		.byte	0x1
 857 12b6 00       		.uleb128 0
 858 12b7 5F5F4C44 		.ascii "__LDBL_HAS_INFINITY__ 1\0"
 858      424C5F48 
 858      41535F49 
 858      4E46494E 
GAS LISTING C:\Users\PRESID~1\AppData\Local\Temp\ccVEbqnV.s 			page 31


 858      4954595F 
 859 12cf 01       		.byte	0x1
 860 12d0 00       		.uleb128 0
 861 12d1 5F5F4C44 		.ascii "__LDBL_HAS_QUIET_NAN__ 1\0"
 861      424C5F48 
 861      41535F51 
 861      55494554 
 861      5F4E414E 
 862 12ea 01       		.byte	0x1
 863 12eb 00       		.uleb128 0
 864 12ec 5F5F4445 		.ascii "__DEC32_MANT_DIG__ 7\0"
 864      4333325F 
 864      4D414E54 
 864      5F444947 
 864      5F5F2037 
 865 1301 01       		.byte	0x1
 866 1302 00       		.uleb128 0
 867 1303 5F5F4445 		.ascii "__DEC32_MIN_EXP__ (-94)\0"
 867      4333325F 
 867      4D494E5F 
 867      4558505F 
 867      5F20282D 
 868 131b 01       		.byte	0x1
 869 131c 00       		.uleb128 0
 870 131d 5F5F4445 		.ascii "__DEC32_MAX_EXP__ 97\0"
 870      4333325F 
 870      4D41585F 
 870      4558505F 
 870      5F203937 
 871 1332 01       		.byte	0x1
 872 1333 00       		.uleb128 0
 873 1334 5F5F4445 		.ascii "__DEC32_MIN__ 1E-95DF\0"
 873      4333325F 
 873      4D494E5F 
 873      5F203145 
 873      2D393544 
 874 134a 01       		.byte	0x1
 875 134b 00       		.uleb128 0
 876 134c 5F5F4445 		.ascii "__DEC32_MAX__ 9.999999E96DF\0"
 876      4333325F 
 876      4D41585F 
 876      5F20392E 
 876      39393939 
 877 1368 01       		.byte	0x1
 878 1369 00       		.uleb128 0
 879 136a 5F5F4445 		.ascii "__DEC32_EPSILON__ 1E-6DF\0"
 879      4333325F 
 879      45505349 
 879      4C4F4E5F 
 879      5F203145 
 880 1383 01       		.byte	0x1
 881 1384 00       		.uleb128 0
 882 1385 5F5F4445 		.ascii "__DEC32_SUBNORMAL_MIN__ 0.000001E-95DF\0"
 882      4333325F 
 882      5355424E 
 882      4F524D41 
 882      4C5F4D49 
GAS LISTING C:\Users\PRESID~1\AppData\Local\Temp\ccVEbqnV.s 			page 32


 883 13ac 01       		.byte	0x1
 884 13ad 00       		.uleb128 0
 885 13ae 5F5F4445 		.ascii "__DEC64_MANT_DIG__ 16\0"
 885      4336345F 
 885      4D414E54 
 885      5F444947 
 885      5F5F2031 
 886 13c4 01       		.byte	0x1
 887 13c5 00       		.uleb128 0
 888 13c6 5F5F4445 		.ascii "__DEC64_MIN_EXP__ (-382)\0"
 888      4336345F 
 888      4D494E5F 
 888      4558505F 
 888      5F20282D 
 889 13df 01       		.byte	0x1
 890 13e0 00       		.uleb128 0
 891 13e1 5F5F4445 		.ascii "__DEC64_MAX_EXP__ 385\0"
 891      4336345F 
 891      4D41585F 
 891      4558505F 
 891      5F203338 
 892 13f7 01       		.byte	0x1
 893 13f8 00       		.uleb128 0
 894 13f9 5F5F4445 		.ascii "__DEC64_MIN__ 1E-383DD\0"
 894      4336345F 
 894      4D494E5F 
 894      5F203145 
 894      2D333833 
 895 1410 01       		.byte	0x1
 896 1411 00       		.uleb128 0
 897 1412 5F5F4445 		.ascii "__DEC64_MAX__ 9.999999999999999E384DD\0"
 897      4336345F 
 897      4D41585F 
 897      5F20392E 
 897      39393939 
 898 1438 01       		.byte	0x1
 899 1439 00       		.uleb128 0
 900 143a 5F5F4445 		.ascii "__DEC64_EPSILON__ 1E-15DD\0"
 900      4336345F 
 900      45505349 
 900      4C4F4E5F 
 900      5F203145 
 901 1454 01       		.byte	0x1
 902 1455 00       		.uleb128 0
 903 1456 5F5F4445 		.ascii "__DEC64_SUBNORMAL_MIN__ 0.000000000000001E-383DD\0"
 903      4336345F 
 903      5355424E 
 903      4F524D41 
 903      4C5F4D49 
 904 1487 01       		.byte	0x1
 905 1488 00       		.uleb128 0
 906 1489 5F5F4445 		.ascii "__DEC128_MANT_DIG__ 34\0"
 906      43313238 
 906      5F4D414E 
 906      545F4449 
 906      475F5F20 
 907 14a0 01       		.byte	0x1
GAS LISTING C:\Users\PRESID~1\AppData\Local\Temp\ccVEbqnV.s 			page 33


 908 14a1 00       		.uleb128 0
 909 14a2 5F5F4445 		.ascii "__DEC128_MIN_EXP__ (-6142)\0"
 909      43313238 
 909      5F4D494E 
 909      5F455850 
 909      5F5F2028 
 910 14bd 01       		.byte	0x1
 911 14be 00       		.uleb128 0
 912 14bf 5F5F4445 		.ascii "__DEC128_MAX_EXP__ 6145\0"
 912      43313238 
 912      5F4D4158 
 912      5F455850 
 912      5F5F2036 
 913 14d7 01       		.byte	0x1
 914 14d8 00       		.uleb128 0
 915 14d9 5F5F4445 		.ascii "__DEC128_MIN__ 1E-6143DL\0"
 915      43313238 
 915      5F4D494E 
 915      5F5F2031 
 915      452D3631 
 916 14f2 01       		.byte	0x1
 917 14f3 00       		.uleb128 0
 918 14f4 5F5F4445 		.ascii "__DEC128_MAX__ 9.999999999999999999999999999999999E6144DL\0"
 918      43313238 
 918      5F4D4158 
 918      5F5F2039 
 918      2E393939 
 919 152e 01       		.byte	0x1
 920 152f 00       		.uleb128 0
 921 1530 5F5F4445 		.ascii "__DEC128_EPSILON__ 1E-33DL\0"
 921      43313238 
 921      5F455053 
 921      494C4F4E 
 921      5F5F2031 
 922 154b 01       		.byte	0x1
 923 154c 00       		.uleb128 0
 924 154d 5F5F4445 		.ascii "__DEC128_SUBNORMAL_MIN__ 0.000000000000000000000000000000001E-6143DL\0"
 924      43313238 
 924      5F535542 
 924      4E4F524D 
 924      414C5F4D 
 925 1592 01       		.byte	0x1
 926 1593 00       		.uleb128 0
 927 1594 5F5F5245 		.ascii "__REGISTER_PREFIX__ \0"
 927      47495354 
 927      45525F50 
 927      52454649 
 927      585F5F20 
 928 15a9 01       		.byte	0x1
 929 15aa 00       		.uleb128 0
 930 15ab 5F5F5553 		.ascii "__USER_LABEL_PREFIX__ _\0"
 930      45525F4C 
 930      4142454C 
 930      5F505245 
 930      4649585F 
 931 15c3 01       		.byte	0x1
 932 15c4 00       		.uleb128 0
GAS LISTING C:\Users\PRESID~1\AppData\Local\Temp\ccVEbqnV.s 			page 34


 933 15c5 5F5F474E 		.ascii "__GNUC_GNU_INLINE__ 1\0"
 933      55435F47 
 933      4E555F49 
 933      4E4C494E 
 933      455F5F20 
 934 15db 01       		.byte	0x1
 935 15dc 00       		.uleb128 0
 936 15dd 5F5F4E4F 		.ascii "__NO_INLINE__ 1\0"
 936      5F494E4C 
 936      494E455F 
 936      5F203100 
 937 15ed 01       		.byte	0x1
 938 15ee 00       		.uleb128 0
 939 15ef 5F5F5354 		.ascii "__STRICT_ANSI__ 1\0"
 939      52494354 
 939      5F414E53 
 939      495F5F20 
 939      3100
 940 1601 01       		.byte	0x1
 941 1602 00       		.uleb128 0
 942 1603 5F5F4743 		.ascii "__GCC_ATOMIC_BOOL_LOCK_FREE 1\0"
 942      435F4154 
 942      4F4D4943 
 942      5F424F4F 
 942      4C5F4C4F 
 943 1621 01       		.byte	0x1
 944 1622 00       		.uleb128 0
 945 1623 5F5F4743 		.ascii "__GCC_ATOMIC_CHAR_LOCK_FREE 1\0"
 945      435F4154 
 945      4F4D4943 
 945      5F434841 
 945      525F4C4F 
 946 1641 01       		.byte	0x1
 947 1642 00       		.uleb128 0
 948 1643 5F5F4743 		.ascii "__GCC_ATOMIC_CHAR16_T_LOCK_FREE 1\0"
 948      435F4154 
 948      4F4D4943 
 948      5F434841 
 948      5231365F 
 949 1665 01       		.byte	0x1
 950 1666 00       		.uleb128 0
 951 1667 5F5F4743 		.ascii "__GCC_ATOMIC_CHAR32_T_LOCK_FREE 1\0"
 951      435F4154 
 951      4F4D4943 
 951      5F434841 
 951      5233325F 
 952 1689 01       		.byte	0x1
 953 168a 00       		.uleb128 0
 954 168b 5F5F4743 		.ascii "__GCC_ATOMIC_WCHAR_T_LOCK_FREE 1\0"
 954      435F4154 
 954      4F4D4943 
 954      5F574348 
 954      41525F54 
 955 16ac 01       		.byte	0x1
 956 16ad 00       		.uleb128 0
 957 16ae 5F5F4743 		.ascii "__GCC_ATOMIC_SHORT_LOCK_FREE 1\0"
 957      435F4154 
GAS LISTING C:\Users\PRESID~1\AppData\Local\Temp\ccVEbqnV.s 			page 35


 957      4F4D4943 
 957      5F53484F 
 957      52545F4C 
 958 16cd 01       		.byte	0x1
 959 16ce 00       		.uleb128 0
 960 16cf 5F5F4743 		.ascii "__GCC_ATOMIC_INT_LOCK_FREE 1\0"
 960      435F4154 
 960      4F4D4943 
 960      5F494E54 
 960      5F4C4F43 
 961 16ec 01       		.byte	0x1
 962 16ed 00       		.uleb128 0
 963 16ee 5F5F4743 		.ascii "__GCC_ATOMIC_LONG_LOCK_FREE 1\0"
 963      435F4154 
 963      4F4D4943 
 963      5F4C4F4E 
 963      475F4C4F 
 964 170c 01       		.byte	0x1
 965 170d 00       		.uleb128 0
 966 170e 5F5F4743 		.ascii "__GCC_ATOMIC_LLONG_LOCK_FREE 1\0"
 966      435F4154 
 966      4F4D4943 
 966      5F4C4C4F 
 966      4E475F4C 
 967 172d 01       		.byte	0x1
 968 172e 00       		.uleb128 0
 969 172f 5F5F4743 		.ascii "__GCC_ATOMIC_TEST_AND_SET_TRUEVAL 1\0"
 969      435F4154 
 969      4F4D4943 
 969      5F544553 
 969      545F414E 
 970 1753 01       		.byte	0x1
 971 1754 00       		.uleb128 0
 972 1755 5F5F4743 		.ascii "__GCC_ATOMIC_POINTER_LOCK_FREE 1\0"
 972      435F4154 
 972      4F4D4943 
 972      5F504F49 
 972      4E544552 
 973 1776 01       		.byte	0x1
 974 1777 00       		.uleb128 0
 975 1778 5F5F4743 		.ascii "__GCC_HAVE_DWARF2_CFI_ASM 1\0"
 975      435F4841 
 975      56455F44 
 975      57415246 
 975      325F4346 
 976 1794 01       		.byte	0x1
 977 1795 00       		.uleb128 0
 978 1796 5F5F5052 		.ascii "__PRAGMA_REDEFINE_EXTNAME 1\0"
 978      41474D41 
 978      5F524544 
 978      4546494E 
 978      455F4558 
 979 17b2 01       		.byte	0x1
 980 17b3 00       		.uleb128 0
 981 17b4 5F5F5349 		.ascii "__SIZEOF_WCHAR_T__ 2\0"
 981      5A454F46 
 981      5F574348 
GAS LISTING C:\Users\PRESID~1\AppData\Local\Temp\ccVEbqnV.s 			page 36


 981      41525F54 
 981      5F5F2032 
 982 17c9 01       		.byte	0x1
 983 17ca 00       		.uleb128 0
 984 17cb 5F5F5349 		.ascii "__SIZEOF_WINT_T__ 2\0"
 984      5A454F46 
 984      5F57494E 
 984      545F545F 
 984      5F203200 
 985 17df 01       		.byte	0x1
 986 17e0 00       		.uleb128 0
 987 17e1 5F5F5349 		.ascii "__SIZEOF_PTRDIFF_T__ 4\0"
 987      5A454F46 
 987      5F505452 
 987      44494646 
 987      5F545F5F 
 988 17f8 01       		.byte	0x1
 989 17f9 00       		.uleb128 0
 990 17fa 5F5F6933 		.ascii "__i386 1\0"
 990      38362031 
 990      00
 991 1803 01       		.byte	0x1
 992 1804 00       		.uleb128 0
 993 1805 5F5F6933 		.ascii "__i386__ 1\0"
 993      38365F5F 
 993      203100
 994 1810 01       		.byte	0x1
 995 1811 00       		.uleb128 0
 996 1812 5F5F4154 		.ascii "__ATOMIC_HLE_ACQUIRE 65536\0"
 996      4F4D4943 
 996      5F484C45 
 996      5F414351 
 996      55495245 
 997 182d 01       		.byte	0x1
 998 182e 00       		.uleb128 0
 999 182f 5F5F4154 		.ascii "__ATOMIC_HLE_RELEASE 131072\0"
 999      4F4D4943 
 999      5F484C45 
 999      5F52454C 
 999      45415345 
 1000 184b 01       		.byte	0x1
 1001 184c 00       		.uleb128 0
 1002 184d 5F5F7475 		.ascii "__tune_i386__ 1\0"
 1002      6E655F69 
 1002      3338365F 
 1002      5F203100 
 1003 185d 01       		.byte	0x1
 1004 185e 00       		.uleb128 0
 1005 185f 5F5F636F 		.ascii "__code_model_32__ 1\0"
 1005      64655F6D 
 1005      6F64656C 
 1005      5F33325F 
 1005      5F203100 
 1006 1873 01       		.byte	0x1
 1007 1874 00       		.uleb128 0
 1008 1875 5F583836 		.ascii "_X86_ 1\0"
 1008      5F203100 
GAS LISTING C:\Users\PRESID~1\AppData\Local\Temp\ccVEbqnV.s 			page 37


 1009 187d 01       		.byte	0x1
 1010 187e 00       		.uleb128 0
 1011 187f 5F5F7374 		.ascii "__stdcall __attribute__((__stdcall__))\0"
 1011      6463616C 
 1011      6C205F5F 
 1011      61747472 
 1011      69627574 
 1012 18a6 01       		.byte	0x1
 1013 18a7 00       		.uleb128 0
 1014 18a8 5F5F6661 		.ascii "__fastcall __attribute__((__fastcall__))\0"
 1014      73746361 
 1014      6C6C205F 
 1014      5F617474 
 1014      72696275 
 1015 18d1 01       		.byte	0x1
 1016 18d2 00       		.uleb128 0
 1017 18d3 5F5F7468 		.ascii "__thiscall __attribute__((__thiscall__))\0"
 1017      69736361 
 1017      6C6C205F 
 1017      5F617474 
 1017      72696275 
 1018 18fc 01       		.byte	0x1
 1019 18fd 00       		.uleb128 0
 1020 18fe 5F5F6364 		.ascii "__cdecl __attribute__((__cdecl__))\0"
 1020      65636C20 
 1020      5F5F6174 
 1020      74726962 
 1020      7574655F 
 1021 1921 01       		.byte	0x1
 1022 1922 00       		.uleb128 0
 1023 1923 5F5F4758 		.ascii "__GXX_MERGED_TYPEINFO_NAMES 0\0"
 1023      585F4D45 
 1023      52474544 
 1023      5F545950 
 1023      45494E46 
 1024 1941 01       		.byte	0x1
 1025 1942 00       		.uleb128 0
 1026 1943 5F5F4758 		.ascii "__GXX_TYPEINFO_EQUALITY_INLINE 0\0"
 1026      585F5459 
 1026      5045494E 
 1026      464F5F45 
 1026      5155414C 
 1027 1964 01       		.byte	0x1
 1028 1965 00       		.uleb128 0
 1029 1966 5F5F4D53 		.ascii "__MSVCRT__ 1\0"
 1029      56435254 
 1029      5F5F2031 
 1029      00
 1030 1973 01       		.byte	0x1
 1031 1974 00       		.uleb128 0
 1032 1975 5F5F4D49 		.ascii "__MINGW32__ 1\0"
 1032      4E475733 
 1032      325F5F20 
 1032      3100
 1033 1983 01       		.byte	0x1
 1034 1984 00       		.uleb128 0
 1035 1985 5F57494E 		.ascii "_WIN32 1\0"
GAS LISTING C:\Users\PRESID~1\AppData\Local\Temp\ccVEbqnV.s 			page 38


 1035      33322031 
 1035      00
 1036 198e 01       		.byte	0x1
 1037 198f 00       		.uleb128 0
 1038 1990 5F5F5749 		.ascii "__WIN32 1\0"
 1038      4E333220 
 1038      3100
 1039 199a 01       		.byte	0x1
 1040 199b 00       		.uleb128 0
 1041 199c 5F5F5749 		.ascii "__WIN32__ 1\0"
 1041      4E33325F 
 1041      5F203100 
 1042 19a8 01       		.byte	0x1
 1043 19a9 00       		.uleb128 0
 1044 19aa 5F5F5749 		.ascii "__WINNT 1\0"
 1044      4E4E5420 
 1044      3100
 1045 19b4 01       		.byte	0x1
 1046 19b5 00       		.uleb128 0
 1047 19b6 5F5F5749 		.ascii "__WINNT__ 1\0"
 1047      4E4E545F 
 1047      5F203100 
 1048 19c2 01       		.byte	0x1
 1049 19c3 00       		.uleb128 0
 1050 19c4 5F494E54 		.ascii "_INTEGRAL_MAX_BITS 64\0"
 1050      45475241 
 1050      4C5F4D41 
 1050      585F4249 
 1050      54532036 
 1051 19da 01       		.byte	0x1
 1052 19db 00       		.uleb128 0
 1053 19dc 5F5F6465 		.ascii "__declspec(x) __attribute__((x))\0"
 1053      636C7370 
 1053      65632878 
 1053      29205F5F 
 1053      61747472 
 1054 19fd 01       		.byte	0x1
 1055 19fe 00       		.uleb128 0
 1056 19ff 5F5F4445 		.ascii "__DECIMAL_BID_FORMAT__ 1\0"
 1056      43494D41 
 1056      4C5F4249 
 1056      445F464F 
 1056      524D4154 
 1057 1a18 01       		.byte	0x1
 1058 1a19 00       		.uleb128 0
 1059 1a1a 4346475F 		.ascii "CFG_PROCESSOR 3\0"
 1059      50524F43 
 1059      4553534F 
 1059      52203300 
 1060 1a2a 03       		.byte	0x3
 1061 1a2b 00       		.uleb128 0
 1062 1a2c 01       		.uleb128 0x1
 1063              		.file 5 "E:/NeuOrga/Programmieren/c_cpp/github_os/input/src/os_base/os_firstinc.h"
 1064 1a2d 03       		.byte	0x3
 1065 1a2e 01       		.uleb128 0x1
 1066 1a2f 05       		.uleb128 0x5
 1067 1a30 01       		.byte	0x1
GAS LISTING C:\Users\PRESID~1\AppData\Local\Temp\ccVEbqnV.s 			page 39


 1068 1a31 02       		.uleb128 0x2
 1069 1a32 5F4F535F 		.ascii "_OS_FIRSTINC_H_ \0"
 1069      46495253 
 1069      54494E43 
 1069      5F485F20 
 1069      00
 1070              		.file 6 "E:/NeuOrga/Programmieren/c_cpp/github_os/input/src/os_base/../os_config.h"
 1071 1a43 03       		.byte	0x3
 1072 1a44 04       		.uleb128 0x4
 1073 1a45 06       		.uleb128 0x6
 1074 1a46 01       		.byte	0x1
 1075 1a47 02       		.uleb128 0x2
 1076 1a48 5F4F535F 		.ascii "_OS_CONFIG_H_ \0"
 1076      434F4E46 
 1076      49475F48 
 1076      5F2000
 1077 1a57 01       		.byte	0x1
 1078 1a58 05       		.uleb128 0x5
 1079 1a59 494E5445 		.ascii "INTEGER_LLP64_IL32P64 1u\0"
 1079      4745525F 
 1079      4C4C5036 
 1079      345F494C 
 1079      33325036 
 1080 1a72 01       		.byte	0x1
 1081 1a73 06       		.uleb128 0x6
 1082 1a74 494E5445 		.ascii "INTEGER_LP64_I32LP64 2u\0"
 1082      4745525F 
 1082      4C503634 
 1082      5F493332 
 1082      4C503634 
 1083 1a8c 01       		.byte	0x1
 1084 1a8d 07       		.uleb128 0x7
 1085 1a8e 494E5445 		.ascii "INTEGER_ILP64 3u\0"
 1085      4745525F 
 1085      494C5036 
 1085      34203375 
 1085      00
 1086 1a9f 01       		.byte	0x1
 1087 1aa0 08       		.uleb128 0x8
 1088 1aa1 494E5445 		.ascii "INTEGER_SILP64 4u\0"
 1088      4745525F 
 1088      53494C50 
 1088      36342034 
 1088      7500
 1089 1ab3 01       		.byte	0x1
 1090 1ab4 09       		.uleb128 0x9
 1091 1ab5 494E5445 		.ascii "INTEGER_MODEL INTEGER_LLP64_IL32P64\0"
 1091      4745525F 
 1091      4D4F4445 
 1091      4C20494E 
 1091      54454745 
 1092 1ad9 01       		.byte	0x1
 1093 1ada 0C       		.uleb128 0xc
 1094 1adb 4350505F 		.ascii "CPP_VERSION_NONE 0u\0"
 1094      56455253 
 1094      494F4E5F 
 1094      4E4F4E45 
GAS LISTING C:\Users\PRESID~1\AppData\Local\Temp\ccVEbqnV.s 			page 40


 1094      20307500 
 1095 1aef 01       		.byte	0x1
 1096 1af0 0D       		.uleb128 0xd
 1097 1af1 4350505F 		.ascii "CPP_VERSION_1998 1u\0"
 1097      56455253 
 1097      494F4E5F 
 1097      31393938 
 1097      20317500 
 1098 1b05 01       		.byte	0x1
 1099 1b06 0E       		.uleb128 0xe
 1100 1b07 4350505F 		.ascii "CPP_VERSION_2003 2u\0"
 1100      56455253 
 1100      494F4E5F 
 1100      32303033 
 1100      20327500 
 1101 1b1b 01       		.byte	0x1
 1102 1b1c 0F       		.uleb128 0xf
 1103 1b1d 4350505F 		.ascii "CPP_VERSION_2007 3u\0"
 1103      56455253 
 1103      494F4E5F 
 1103      32303037 
 1103      20337500 
 1104 1b31 01       		.byte	0x1
 1105 1b32 10       		.uleb128 0x10
 1106 1b33 4350505F 		.ascii "CPP_VERSION_2011 4u\0"
 1106      56455253 
 1106      494F4E5F 
 1106      32303131 
 1106      20347500 
 1107 1b47 01       		.byte	0x1
 1108 1b48 11       		.uleb128 0x11
 1109 1b49 49534F5F 		.ascii "ISO_CPP_VERSION CPP_VERSION_1998\0"
 1109      4350505F 
 1109      56455253 
 1109      494F4E20 
 1109      4350505F 
 1110 1b6a 01       		.byte	0x1
 1111 1b6b 14       		.uleb128 0x14
 1112 1b6c 4249475F 		.ascii "BIG_INT_SIZE 16u\0"
 1112      494E545F 
 1112      53495A45 
 1112      20313675 
 1112      00
 1113 1b7d 01       		.byte	0x1
 1114 1b7e 17       		.uleb128 0x17
 1115 1b7f 4E525F4F 		.ascii "NR_OF_CORES 1u\0"
 1115      465F434F 
 1115      52455320 
 1115      317500
 1116 1b8e 01       		.byte	0x1
 1117 1b8f 1B       		.uleb128 0x1b
 1118 1b90 4D43555F 		.ascii "MCU_CLOCK_IN_HZ ((uint32)168000000u)\0"
 1118      434C4F43 
 1118      4B5F494E 
 1118      5F485A20 
 1118      28287569 
 1119 1bb5 01       		.byte	0x1
GAS LISTING C:\Users\PRESID~1\AppData\Local\Temp\ccVEbqnV.s 			page 41


 1120 1bb6 1D       		.uleb128 0x1d
 1121 1bb7 44594E41 		.ascii "DYNAMIC_MEMORY_USED FALSE\0"
 1121      4D49435F 
 1121      4D454D4F 
 1121      52595F55 
 1121      53454420 
 1122 1bd1 01       		.byte	0x1
 1123 1bd2 1E       		.uleb128 0x1e
 1124 1bd3 4C4F4F50 		.ascii "LOOPTIME_IN_USEC ((uint32)10000u)\0"
 1124      54494D45 
 1124      5F494E5F 
 1124      55534543 
 1124      20282875 
 1125 1bf5 01       		.byte	0x1
 1126 1bf6 21       		.uleb128 0x21
 1127 1bf7 48454150 		.ascii "HEAP_SIZE 10000u\0"
 1127      5F53495A 
 1127      45203130 
 1127      30303075 
 1127      00
 1128 1c08 01       		.byte	0x1
 1129 1c09 22       		.uleb128 0x22
 1130 1c0a 4D494E5F 		.ascii "MIN_BLOCK_SIZE_HEAP 8u\0"
 1130      424C4F43 
 1130      4B5F5349 
 1130      5A455F48 
 1130      45415020 
 1131 1c21 01       		.byte	0x1
 1132 1c22 23       		.uleb128 0x23
 1133 1c23 48454150 		.ascii "HEAP_OFFSET_FOR_SIZE 0u\0"
 1133      5F4F4646 
 1133      5345545F 
 1133      464F525F 
 1133      53495A45 
 1134 1c3b 01       		.byte	0x1
 1135 1c3c 24       		.uleb128 0x24
 1136 1c3d 48454150 		.ascii "HEAP_OFFSET_FOR_USED_SIZE 4u\0"
 1136      5F4F4646 
 1136      5345545F 
 1136      464F525F 
 1136      55534544 
 1137 1c5a 01       		.byte	0x1
 1138 1c5b 25       		.uleb128 0x25
 1139 1c5c 48454150 		.ascii "HEAP_OFFSET_FOR_CHUNK 8u\0"
 1139      5F4F4646 
 1139      5345545F 
 1139      464F525F 
 1139      4348554E 
 1140 1c75 01       		.byte	0x1
 1141 1c76 28       		.uleb128 0x28
 1142 1c77 4F535F53 		.ascii "OS_STACK_SIZE 0x200u\0"
 1142      5441434B 
 1142      5F53495A 
 1142      45203078 
 1142      32303075 
 1143 1c8c 04       		.byte	0x4
 1144 1c8d 03       		.byte	0x3
GAS LISTING C:\Users\PRESID~1\AppData\Local\Temp\ccVEbqnV.s 			page 42


 1145 1c8e 05       		.uleb128 0x5
 1146 1c8f 04       		.uleb128 0x4
 1147 1c90 01       		.byte	0x1
 1148 1c91 02       		.uleb128 0x2
 1149 1c92 5F4F535F 		.ascii "_OS_BASE_TYPES_H_ \0"
 1149      42415345 
 1149      5F545950 
 1149      45535F48 
 1149      5F2000
 1150 1ca5 04       		.byte	0x4
 1151 1ca6 03       		.byte	0x3
 1152 1ca7 06       		.uleb128 0x6
 1153 1ca8 02       		.uleb128 0x2
 1154 1ca9 01       		.byte	0x1
 1155 1caa 02       		.uleb128 0x2
 1156 1cab 5F4F535F 		.ascii "_OS_COMMON_H_ \0"
 1156      434F4D4D 
 1156      4F4E5F48 
 1156      5F2000
 1157 1cba 01       		.byte	0x1
 1158 1cbb 06       		.uleb128 0x6
 1159 1cbc 46414C53 		.ascii "FALSE 0u\0"
 1159      45203075 
 1159      00
 1160 1cc5 01       		.byte	0x1
 1161 1cc6 07       		.uleb128 0x7
 1162 1cc7 54525545 		.ascii "TRUE 1u\0"
 1162      20317500 
 1163 1ccf 01       		.byte	0x1
 1164 1cd0 08       		.uleb128 0x8
 1165 1cd1 41434345 		.ascii "ACCEPTED 1u\0"
 1165      50544544 
 1165      20317500 
 1166 1cdd 01       		.byte	0x1
 1167 1cde 09       		.uleb128 0x9
 1168 1cdf 52454A45 		.ascii "REJECTED 0u\0"
 1168      43544544 
 1168      20307500 
 1169 1ceb 01       		.byte	0x1
 1170 1cec 0A       		.uleb128 0xa
 1171 1ced 4C4F4341 		.ascii "LOCAL static\0"
 1171      4C207374 
 1171      61746963 
 1171      00
 1172 1cfa 01       		.byte	0x1
 1173 1cfb 0B       		.uleb128 0xb
 1174 1cfc 4C4F4341 		.ascii "LOCAL_INLINE static __inline__\0"
 1174      4C5F494E 
 1174      4C494E45 
 1174      20737461 
 1174      74696320 
 1175 1d1b 01       		.byte	0x1
 1176 1d1c 0C       		.uleb128 0xc
 1177 1d1d 474C4F42 		.ascii "GLOBAL_INLINE __inline__\0"
 1177      414C5F49 
 1177      4E4C494E 
 1177      45205F5F 
GAS LISTING C:\Users\PRESID~1\AppData\Local\Temp\ccVEbqnV.s 			page 43


 1177      696E6C69 
 1178 1d36 01       		.byte	0x1
 1179 1d37 0D       		.uleb128 0xd
 1180 1d38 52454645 		.ascii "REFERENCE_UNUSED_PARAMETER(x) ((x) = (x))\0"
 1180      52454E43 
 1180      455F554E 
 1180      55534544 
 1180      5F504152 
 1181 1d62 01       		.byte	0x1
 1182 1d63 10       		.uleb128 0x10
 1183 1d64 4D43555F 		.ascii "MCU_X86 3\0"
 1183      58383620 
 1183      3300
 1184 1d6e 01       		.byte	0x1
 1185 1d6f 11       		.uleb128 0x11
 1186 1d70 4D43555F 		.ascii "MCU_CORTEX_M4 4\0"
 1186      434F5254 
 1186      45585F4D 
 1186      34203400 
 1187 1d80 01       		.byte	0x1
 1188 1d81 14       		.uleb128 0x14
 1189 1d82 4457545F 		.ascii "DWT_CTRL ((volatile uint32*)0xE0001000u)\0"
 1189      4354524C 
 1189      20282876 
 1189      6F6C6174 
 1189      696C6520 
 1190 1dab 01       		.byte	0x1
 1191 1dac 15       		.uleb128 0x15
 1192 1dad 4457545F 		.ascii "DWT_CYCCNT ((volatile uint32*)0xE0001004u)\0"
 1192      43594343 
 1192      4E542028 
 1192      28766F6C 
 1192      6174696C 
 1193 1dd8 01       		.byte	0x1
 1194 1dd9 16       		.uleb128 0x16
 1195 1dda 4457545F 		.ascii "DWT_LAR ((volatile uint32*)0xE0001FB0u)\0"
 1195      4C415220 
 1195      2828766F 
 1195      6C617469 
 1195      6C652075 
 1196 1e02 01       		.byte	0x1
 1197 1e03 17       		.uleb128 0x17
 1198 1e04 5343425F 		.ascii "SCB_DEMCR ((volatile uint32*)0xE000EDFCu)\0"
 1198      44454D43 
 1198      52202828 
 1198      766F6C61 
 1198      74696C65 
 1199 1e2e 01       		.byte	0x1
 1200 1e2f 1A       		.uleb128 0x1a
 1201 1e30 44495341 		.ascii "DISABLE_INTERRUPTS() \0"
 1201      424C455F 
 1201      494E5445 
 1201      52525550 
 1201      54532829 
 1202 1e46 01       		.byte	0x1
 1203 1e47 1B       		.uleb128 0x1b
 1204 1e48 454E4142 		.ascii "ENABLE_INTERRUPTS() \0"
GAS LISTING C:\Users\PRESID~1\AppData\Local\Temp\ccVEbqnV.s 			page 44


 1204      4C455F49 
 1204      4E544552 
 1204      52555054 
 1204      53282920 
 1205 1e5d 01       		.byte	0x1
 1206 1e5e 1C       		.uleb128 0x1c
 1207 1e5f 50524956 		.ascii "PRIVILIGE_LEVEL_SAVE_CURRENT() \0"
 1207      494C4947 
 1207      455F4C45 
 1207      56454C5F 
 1207      53415645 
 1208 1e7f 01       		.byte	0x1
 1209 1e80 1D       		.uleb128 0x1d
 1210 1e81 50524956 		.ascii "PRIVILIGE_LEVEL_ENTER_KERNEL_MODE() \0"
 1210      494C4947 
 1210      455F4C45 
 1210      56454C5F 
 1210      454E5445 
 1211 1ea6 01       		.byte	0x1
 1212 1ea7 1E       		.uleb128 0x1e
 1213 1ea8 50524956 		.ascii "PRIVILIGE_LEVEL_RESTORE_SAVED() \0"
 1213      494C4947 
 1213      455F4C45 
 1213      56454C5F 
 1213      52455354 
 1214 1ec9 01       		.byte	0x1
 1215 1eca 1F       		.uleb128 0x1f
 1216 1ecb 48414C54 		.ascii "HALT_MCU() \0"
 1216      5F4D4355 
 1216      28292000 
 1217 1ed7 04       		.byte	0x4
 1218              		.file 7 "E:/NeuOrga/Programmieren/c_cpp/github_os/input/src/os_base/../os_sim/lld_global.h"
 1219 1ed8 03       		.byte	0x3
 1220 1ed9 09       		.uleb128 0x9
 1221 1eda 07       		.uleb128 0x7
 1222 1edb 01       		.byte	0x1
 1223 1edc 02       		.uleb128 0x2
 1224 1edd 5F4C4C44 		.ascii "_LLD_GLOBAL_H_ \0"
 1224      5F474C4F 
 1224      42414C5F 
 1224      485F2000 
 1225              		.file 8 "E:/NeuOrga/Programmieren/c_cpp/github_os/input/src/os_base/../os_sim/lld_core.h"
 1226 1eed 03       		.byte	0x3
 1227 1eee 04       		.uleb128 0x4
 1228 1eef 08       		.uleb128 0x8
 1229 1ef0 01       		.byte	0x1
 1230 1ef1 02       		.uleb128 0x2
 1231 1ef2 5F4C4C44 		.ascii "_LLD_CORE_H_ \0"
 1231      5F434F52 
 1231      455F485F 
 1231      2000
 1232              		.file 9 "E:/NeuOrga/Programmieren/c_cpp/github_os/input/src/os_base/../os_sim/../os_base/os_firsti
 1233 1f00 03       		.byte	0x3
 1234 1f01 03       		.uleb128 0x3
 1235 1f02 09       		.uleb128 0x9
 1236 1f03 04       		.byte	0x4
 1237 1f04 04       		.byte	0x4
GAS LISTING C:\Users\PRESID~1\AppData\Local\Temp\ccVEbqnV.s 			page 45


 1238              		.file 10 "E:/NeuOrga/Programmieren/c_cpp/github_os/input/src/os_base/../os_sim/lld_interrupt.h"
 1239 1f05 03       		.byte	0x3
 1240 1f06 05       		.uleb128 0x5
 1241 1f07 0A       		.uleb128 0xa
 1242 1f08 01       		.byte	0x1
 1243 1f09 02       		.uleb128 0x2
 1244 1f0a 5F4C4C44 		.ascii "_LLD_INTERRUPT_H_ \0"
 1244      5F494E54 
 1244      45525255 
 1244      50545F48 
 1244      5F2000
 1245 1f1d 01       		.byte	0x1
 1246 1f1e 05       		.uleb128 0x5
 1247 1f1f 4F535F49 		.ascii "OS_INTERRUPT_SWI_1 asm(\"swi 1\")\0"
 1247      4E544552 
 1247      52555054 
 1247      5F535749 
 1247      5F312061 
 1248 1f3f 01       		.byte	0x1
 1249 1f40 06       		.uleb128 0x6
 1250 1f41 4F535F49 		.ascii "OS_INTERRUPT_SWI_2 asm(\"swi 2\")\0"
 1250      4E544552 
 1250      52555054 
 1250      5F535749 
 1250      5F322061 
 1251 1f61 01       		.byte	0x1
 1252 1f62 07       		.uleb128 0x7
 1253 1f63 4F535F49 		.ascii "OS_INTERRUPT_SWI_3 asm(\"swi 3\")\0"
 1253      4E544552 
 1253      52555054 
 1253      5F535749 
 1253      5F332061 
 1254 1f83 01       		.byte	0x1
 1255 1f84 08       		.uleb128 0x8
 1256 1f85 4F535F49 		.ascii "OS_INTERRUPT_SWI_4 asm(\"swi 4\")\0"
 1256      4E544552 
 1256      52555054 
 1256      5F535749 
 1256      5F342061 
 1257 1fa5 01       		.byte	0x1
 1258 1fa6 09       		.uleb128 0x9
 1259 1fa7 4F535F49 		.ascii "OS_INTERRUPT_SWI_5 asm(\"swi 5\")\0"
 1259      4E544552 
 1259      52555054 
 1259      5F535749 
 1259      5F352061 
 1260 1fc7 04       		.byte	0x4
 1261              		.file 11 "E:/NeuOrga/Programmieren/c_cpp/github_os/input/src/os_base/../os_sim/lld_mmu.h"
 1262 1fc8 03       		.byte	0x3
 1263 1fc9 06       		.uleb128 0x6
 1264 1fca 0B       		.uleb128 0xb
 1265 1fcb 01       		.byte	0x1
 1266 1fcc 02       		.uleb128 0x2
 1267 1fcd 5F4C4C44 		.ascii "_LLD_MMU_H_ \0"
 1267      5F4D4D55 
 1267      5F485F20 
 1267      00
GAS LISTING C:\Users\PRESID~1\AppData\Local\Temp\ccVEbqnV.s 			page 46


 1268 1fda 04       		.byte	0x4
 1269              		.file 12 "E:/NeuOrga/Programmieren/c_cpp/github_os/input/src/os_base/../os_sim/lld_timer.h"
 1270 1fdb 03       		.byte	0x3
 1271 1fdc 07       		.uleb128 0x7
 1272 1fdd 0C       		.uleb128 0xc
 1273 1fde 01       		.byte	0x1
 1274 1fdf 02       		.uleb128 0x2
 1275 1fe0 5F4C4C44 		.ascii "_LLD_TIMER_H_ \0"
 1275      5F54494D 
 1275      45525F48 
 1275      5F2000
 1276 1fef 04       		.byte	0x4
 1277              		.file 13 "E:/NeuOrga/Programmieren/c_cpp/github_os/input/src/os_base/../os_sim/lld_power.h"
 1278 1ff0 03       		.byte	0x3
 1279 1ff1 08       		.uleb128 0x8
 1280 1ff2 0D       		.uleb128 0xd
 1281 1ff3 01       		.byte	0x1
 1282 1ff4 02       		.uleb128 0x2
 1283 1ff5 5F4C4C44 		.ascii "_LLD_POWER_H_ \0"
 1283      5F504F57 
 1283      45525F48 
 1283      5F2000
 1284 2004 04       		.byte	0x4
 1285              		.file 14 "E:/NeuOrga/Programmieren/c_cpp/github_os/input/src/os_base/../os_sim/lld_ram.h"
 1286 2005 03       		.byte	0x3
 1287 2006 09       		.uleb128 0x9
 1288 2007 0E       		.uleb128 0xe
 1289 2008 01       		.byte	0x1
 1290 2009 02       		.uleb128 0x2
 1291 200a 5F4C4C44 		.ascii "_LLD_RAM_H_ \0"
 1291      5F52414D 
 1291      5F485F20 
 1291      00
 1292 2017 04       		.byte	0x4
 1293              		.file 15 "E:/NeuOrga/Programmieren/c_cpp/github_os/input/src/os_base/../os_sim/../os_base/os_task_
 1294 2018 03       		.byte	0x3
 1295 2019 0A       		.uleb128 0xa
 1296 201a 0F       		.uleb128 0xf
 1297 201b 01       		.byte	0x1
 1298 201c 02       		.uleb128 0x2
 1299 201d 5F4F535F 		.ascii "_OS_TASK_COMMON_H_ \0"
 1299      5441534B 
 1299      5F434F4D 
 1299      4D4F4E5F 
 1299      485F2000 
 1300 2031 03       		.byte	0x3
 1301 2032 03       		.uleb128 0x3
 1302 2033 09       		.uleb128 0x9
 1303 2034 04       		.byte	0x4
 1304              		.file 16 "E:/NeuOrga/Programmieren/c_cpp/github_os/input/src/os_base/../os_sim/../os_base/os_task_
 1305 2035 03       		.byte	0x3
 1306 2036 04       		.uleb128 0x4
 1307 2037 10       		.uleb128 0x10
 1308 2038 01       		.byte	0x1
 1309 2039 02       		.uleb128 0x2
 1310 203a 5F4F535F 		.ascii "_OS_TASK_CONFIG_H_ \0"
 1310      5441534B 
GAS LISTING C:\Users\PRESID~1\AppData\Local\Temp\ccVEbqnV.s 			page 47


 1310      5F434F4E 
 1310      4649475F 
 1310      485F2000 
 1311 204e 01       		.byte	0x1
 1312 204f 05       		.uleb128 0x5
 1313 2050 5441534B 		.ascii "TASK_MIN_TIME (1e0)\0"
 1313      5F4D494E 
 1313      5F54494D 
 1313      45202831 
 1313      65302900 
 1314 2064 01       		.byte	0x1
 1315 2065 06       		.uleb128 0x6
 1316 2066 4E554D42 		.ascii "NUMBER_OF_TASKS 10u\0"
 1316      45525F4F 
 1316      465F5441 
 1316      534B5320 
 1316      31307500 
 1317 207a 01       		.byte	0x1
 1318 207b 07       		.uleb128 0x7
 1319 207c 4D41585F 		.ascii "MAX_RUN_QUEUE_SIZE (NUMBER_OF_TASKS)\0"
 1319      52554E5F 
 1319      51554555 
 1319      455F5349 
 1319      5A452028 
 1320 20a1 01       		.byte	0x1
 1321 20a2 08       		.uleb128 0x8
 1322 20a3 4D41585F 		.ascii "MAX_RUN_PQUEUE_SIZE MAX_RUN_QUEUE_SIZE\0"
 1322      52554E5F 
 1322      50515545 
 1322      55455F53 
 1322      495A4520 
 1323 20ca 01       		.byte	0x1
 1324 20cb 0A       		.uleb128 0xa
 1325 20cc 5441534B 		.ascii "TASK_STACK_SIZE 2000u\0"
 1325      5F535441 
 1325      434B5F53 
 1325      495A4520 
 1325      32303030 
 1326 20e2 01       		.byte	0x1
 1327 20e3 0D       		.uleb128 0xd
 1328 20e4 4D535F50 		.ascii "MS_PER_SEC 1000u\0"
 1328      45525F53 
 1328      45432031 
 1328      30303075 
 1328      00
 1329 20f5 01       		.byte	0x1
 1330 20f6 0E       		.uleb128 0xe
 1331 20f7 5553455F 		.ascii "USE_STATIC_CREATED_TASKS TRUE\0"
 1331      53544154 
 1331      49435F43 
 1331      52454154 
 1331      45445F54 
 1332 2115 04       		.byte	0x4
 1333              		.file 17 "E:/NeuOrga/Programmieren/c_cpp/github_os/input/src/os_base/../os_sim/../os_base/os_init_
 1334 2116 03       		.byte	0x3
 1335 2117 05       		.uleb128 0x5
 1336 2118 11       		.uleb128 0x11
GAS LISTING C:\Users\PRESID~1\AppData\Local\Temp\ccVEbqnV.s 			page 48


 1337 2119 01       		.byte	0x1
 1338 211a 02       		.uleb128 0x2
 1339 211b 5F4F535F 		.ascii "_OS_INIT_TASK_SYSTEM_H_ \0"
 1339      494E4954 
 1339      5F544153 
 1339      4B5F5359 
 1339      5354454D 
 1340 2134 04       		.byte	0x4
 1341 2135 01       		.byte	0x1
 1342 2136 5F       		.uleb128 0x5f
 1343 2137 4F535F53 		.ascii "OS_SAVE_TASK_PTR(task_ptr,task_name) (TASK_PTR[(task_name)] = (task_ptr))\0"
 1343      4156455F 
 1343      5441534B 
 1343      5F505452 
 1343      28746173 
 1344 2181 01       		.byte	0x1
 1345 2182 60       		.uleb128 0x60
 1346 2183 4F535F47 		.ascii "OS_GET_TASK_PTR(task_name) ((task_t*) TASK_PTR[(task_name)])\0"
 1346      45545F54 
 1346      41534B5F 
 1346      50545228 
 1346      7461736B 
 1347 21c0 04       		.byte	0x4
 1348 21c1 04       		.byte	0x4
 1349              		.file 18 "E:/NeuOrga/Programmieren/c_cpp/github_os/input/src/os_base/../os_user_code/led.h"
 1350 21c2 03       		.byte	0x3
 1351 21c3 0D       		.uleb128 0xd
 1352 21c4 12       		.uleb128 0x12
 1353 21c5 01       		.byte	0x1
 1354 21c6 02       		.uleb128 0x2
 1355 21c7 5F4C4544 		.ascii "_LED_H_ \0"
 1355      5F485F20 
 1355      00
 1356 21d0 04       		.byte	0x4
 1357              		.file 19 "E:/NeuOrga/Programmieren/c_cpp/github_os/input/src/os_base/../os_base/os_ram.h"
 1358 21d1 03       		.byte	0x3
 1359 21d2 0F       		.uleb128 0xf
 1360 21d3 13       		.uleb128 0x13
 1361 21d4 01       		.byte	0x1
 1362 21d5 02       		.uleb128 0x2
 1363 21d6 5F4F535F 		.ascii "_OS_RAM_H_ \0"
 1363      52414D5F 
 1363      485F2000 
 1364              		.file 20 "E:/NeuOrga/Programmieren/c_cpp/github_os/input/src/os_base/../os_base/os_firstinc.h"
 1365 21e2 03       		.byte	0x3
 1366 21e3 04       		.uleb128 0x4
 1367 21e4 14       		.uleb128 0x14
 1368 21e5 04       		.byte	0x4
 1369              		.file 21 "E:/NeuOrga/Programmieren/c_cpp/github_os/input/src/os_base/../os_base/os_stack.h"
 1370 21e6 03       		.byte	0x3
 1371 21e7 05       		.uleb128 0x5
 1372 21e8 15       		.uleb128 0x15
 1373 21e9 01       		.byte	0x1
 1374 21ea 02       		.uleb128 0x2
 1375 21eb 5F4F535F 		.ascii "_OS_STACK_H_ \0"
 1375      53544143 
 1375      4B5F485F 
GAS LISTING C:\Users\PRESID~1\AppData\Local\Temp\ccVEbqnV.s 			page 49


 1375      2000
 1376 21f9 04       		.byte	0x4
 1377              		.file 22 "E:/NeuOrga/Programmieren/c_cpp/github_os/input/src/os_base/../os_base/os_heap.h"
 1378 21fa 03       		.byte	0x3
 1379 21fb 06       		.uleb128 0x6
 1380 21fc 16       		.uleb128 0x16
 1381 21fd 01       		.byte	0x1
 1382 21fe 02       		.uleb128 0x2
 1383 21ff 5F4F535F 		.ascii "_OS_HEAP_H_ \0"
 1383      48454150 
 1383      5F485F20 
 1383      00
 1384 220c 04       		.byte	0x4
 1385              		.file 23 "E:/NeuOrga/Programmieren/c_cpp/github_os/input/src/os_base/../os_base/os_main.h"
 1386 220d 03       		.byte	0x3
 1387 220e 07       		.uleb128 0x7
 1388 220f 17       		.uleb128 0x17
 1389 2210 01       		.byte	0x1
 1390 2211 02       		.uleb128 0x2
 1391 2212 5F4F535F 		.ascii "_OS_MAIN_H_ \0"
 1391      4D41494E 
 1391      5F485F20 
 1391      00
 1392 221f 04       		.byte	0x4
 1393              		.file 24 "E:/NeuOrga/Programmieren/c_cpp/github_os/input/src/os_base/../os_base/os_task_config.h"
 1394 2220 03       		.byte	0x3
 1395 2221 08       		.uleb128 0x8
 1396 2222 18       		.uleb128 0x18
 1397 2223 04       		.byte	0x4
 1398              		.file 25 "E:/NeuOrga/Programmieren/c_cpp/github_os/input/src/os_base/../os_base/os_task_common.h"
 1399 2224 03       		.byte	0x3
 1400 2225 09       		.uleb128 0x9
 1401 2226 19       		.uleb128 0x19
 1402 2227 04       		.byte	0x4
 1403 2228 04       		.byte	0x4
 1404              		.file 26 "E:/NeuOrga/Programmieren/c_cpp/github_os/input/src/os_base/../os_base/os_ram_stack.h"
 1405 2229 03       		.byte	0x3
 1406 222a 10       		.uleb128 0x10
 1407 222b 1A       		.uleb128 0x1a
 1408 222c 01       		.byte	0x1
 1409 222d 02       		.uleb128 0x2
 1410 222e 5F4F535F 		.ascii "_OS_RAM_STACK_H_ \0"
 1410      52414D5F 
 1410      53544143 
 1410      4B5F485F 
 1410      2000
 1411 2240 04       		.byte	0x4
 1412 2241 04       		.byte	0x4
 1413              		.file 27 "E:/NeuOrga/Programmieren/c_cpp/github_os/input/src/os_base/os_task_common.h"
 1414 2242 03       		.byte	0x3
 1415 2243 02       		.uleb128 0x2
 1416 2244 1B       		.uleb128 0x1b
 1417 2245 04       		.byte	0x4
 1418              		.file 28 "E:/NeuOrga/Programmieren/c_cpp/github_os/input/src/os_base/os_task_scheduler.h"
 1419 2246 03       		.byte	0x3
 1420 2247 03       		.uleb128 0x3
 1421 2248 1C       		.uleb128 0x1c
GAS LISTING C:\Users\PRESID~1\AppData\Local\Temp\ccVEbqnV.s 			page 50


 1422 2249 01       		.byte	0x1
 1423 224a 02       		.uleb128 0x2
 1424 224b 5F4F535F 		.ascii "_OS_TASK_SCHEDULER_H_ \0"
 1424      5441534B 
 1424      5F534348 
 1424      4544554C 
 1424      45525F48 
 1425 2262 01       		.byte	0x1
 1426 2263 07       		.uleb128 0x7
 1427 2264 5441534B 		.ascii "TASK_0_PTR 0u\0"
 1427      5F305F50 
 1427      54522030 
 1427      7500
 1428 2272 01       		.byte	0x1
 1429 2273 08       		.uleb128 0x8
 1430 2274 5441534B 		.ascii "TASK_1_PTR 1u\0"
 1430      5F315F50 
 1430      54522031 
 1430      7500
 1431 2282 01       		.byte	0x1
 1432 2283 09       		.uleb128 0x9
 1433 2284 5441534B 		.ascii "TASK_2_PTR 2u\0"
 1433      5F325F50 
 1433      54522032 
 1433      7500
 1434 2292 01       		.byte	0x1
 1435 2293 0A       		.uleb128 0xa
 1436 2294 5441534B 		.ascii "TASK_3_PTR 3u\0"
 1436      5F335F50 
 1436      54522033 
 1436      7500
 1437 22a2 04       		.byte	0x4
 1438 22a3 03       		.byte	0x3
 1439 22a4 04       		.uleb128 0x4
 1440 22a5 03       		.uleb128 0x3
 1441 22a6 01       		.byte	0x1
 1442 22a7 02       		.uleb128 0x2
 1443 22a8 5F4F535F 		.ascii "_OS_SHUTDOWN_H_ \0"
 1443      53485554 
 1443      444F574E 
 1443      5F485F20 
 1443      00
 1444 22b9 04       		.byte	0x4
 1445              		.file 29 "E:/NeuOrga/Programmieren/c_cpp/github_os/input/src/os_base/os_exception_isr_handler.h"
 1446 22ba 03       		.byte	0x3
 1447 22bb 05       		.uleb128 0x5
 1448 22bc 1D       		.uleb128 0x1d
 1449 22bd 01       		.byte	0x1
 1450 22be 02       		.uleb128 0x2
 1451 22bf 5F4F535F 		.ascii "_OS_EXCEPTION_ISR_HANDLER_H_ \0"
 1451      45584345 
 1451      5054494F 
 1451      4E5F4953 
 1451      525F4841 
 1452 22dd 01       		.byte	0x1
 1453 22de 04       		.uleb128 0x4
 1454 22df 5356435F 		.ascii "SVC_00 0x00\0"
GAS LISTING C:\Users\PRESID~1\AppData\Local\Temp\ccVEbqnV.s 			page 51


 1454      30302030 
 1454      78303000 
 1455 22eb 04       		.byte	0x4
 1456 22ec 04       		.byte	0x4
 1457 22ed 00       		.byte	0
 1458              		.section	.debug_line,"dr"
 1459              	Ldebug_line0:
 1460 0000 D2030000 		.section	.debug_str,"dr"
 1460      0200AF03 
 1460      00000101 
 1460      FB0E0D00 
 1460      01010101 
 1461              		.ident	"GCC: (GNU) 4.9.3"
GAS LISTING C:\Users\PRESID~1\AppData\Local\Temp\ccVEbqnV.s 			page 52


DEFINED SYMBOLS
                            *ABS*:00000000 os_exception_isr_handler.c
C:\Users\PRESID~1\AppData\Local\Temp\ccVEbqnV.s:6      .text:00000000 _OS_ISRHANDLERC0

UNDEFINED SYMBOLS
_OS_SET_SW_BUG
_OS_SHUTDOWN
