GAS LISTING C:\Users\PRESID~1\AppData\Local\Temp\ccb4SNEJ.s 			page 1


   1              		.file	"os_exception.c"
   2              		.text
   3              	Ltext0:
   4              		.globl	_OS_Exception_HARDFAULT
   6              	_OS_Exception_HARDFAULT:
   7              	LFB0:
   8              		.file 1 "E:/NeuOrga/Programmieren/c_cpp/github_os/input/src/os_base/os_exception.c"
   1:E:/NeuOrga/Programmieren/c_cpp/github_os/input/src/os_base\os_exception.c **** #include "os_firstinc.h"
   2:E:/NeuOrga/Programmieren/c_cpp/github_os/input/src/os_base\os_exception.c **** #include "os_exception_isr_handler.h"
   3:E:/NeuOrga/Programmieren/c_cpp/github_os/input/src/os_base\os_exception.c **** #include "os_shutdown.h"
   4:E:/NeuOrga/Programmieren/c_cpp/github_os/input/src/os_base\os_exception.c **** #include "os_start_os.h"
   5:E:/NeuOrga/Programmieren/c_cpp/github_os/input/src/os_base\os_exception.c **** #include "os_ram.h"
   6:E:/NeuOrga/Programmieren/c_cpp/github_os/input/src/os_base\os_exception.c **** 
   7:E:/NeuOrga/Programmieren/c_cpp/github_os/input/src/os_base\os_exception.c **** /* the Interrupt table is set via the code linked to 0x00 and following ...   */
   8:E:/NeuOrga/Programmieren/c_cpp/github_os/input/src/os_base\os_exception.c **** /* interrupts are disabled during RESET exception and will be enabled by task system */
   9:E:/NeuOrga/Programmieren/c_cpp/github_os/input/src/os_base\os_exception.c **** void OS_Exception_HARDFAULT(void)
  10:E:/NeuOrga/Programmieren/c_cpp/github_os/input/src/os_base\os_exception.c **** {
   9              		.loc 1 10 0
  10              		.cfi_startproc
  11 0000 55       		pushl	%ebp
  12              		.cfi_def_cfa_offset 8
  13              		.cfi_offset 5, -8
  14 0001 89E5     		movl	%esp, %ebp
  15              		.cfi_def_cfa_register 5
  16 0003 83EC10   		subl	$16, %esp
  11:E:/NeuOrga/Programmieren/c_cpp/github_os/input/src/os_base\os_exception.c ****    volatile uint32 ERROR_HARDFAULT = 0;
  17              		.loc 1 11 0
  18 0006 C745FC00 		movl	$0, -4(%ebp)
  18      000000
  12:E:/NeuOrga/Programmieren/c_cpp/github_os/input/src/os_base\os_exception.c ****    ERROR_HARDFAULT = *((uint32*)0xE000ED2Cu);
  19              		.loc 1 12 0
  20 000d B82CED00 		movl	$-536810196, %eax
  20      E0
  21 0012 8B00     		movl	(%eax), %eax
  22 0014 8945FC   		movl	%eax, -4(%ebp)
  23              	L2:
  13:E:/NeuOrga/Programmieren/c_cpp/github_os/input/src/os_base\os_exception.c ****    /*#error "Hardfault generate, use the hardfault exception status register for reason"*/
  14:E:/NeuOrga/Programmieren/c_cpp/github_os/input/src/os_base\os_exception.c ****    while(1){}
  24              		.loc 1 14 0 discriminator 1
  25 0017 EBFE     		jmp	L2
  26              		.cfi_endproc
  27              	LFE0:
  28              		.globl	_OS_Exception_NMI
  30              	_OS_Exception_NMI:
  31              	LFB1:
  15:E:/NeuOrga/Programmieren/c_cpp/github_os/input/src/os_base\os_exception.c **** }
  16:E:/NeuOrga/Programmieren/c_cpp/github_os/input/src/os_base\os_exception.c **** 
  17:E:/NeuOrga/Programmieren/c_cpp/github_os/input/src/os_base\os_exception.c **** 
  18:E:/NeuOrga/Programmieren/c_cpp/github_os/input/src/os_base\os_exception.c **** void OS_Exception_NMI(void)
  19:E:/NeuOrga/Programmieren/c_cpp/github_os/input/src/os_base\os_exception.c **** {
  32              		.loc 1 19 0
  33              		.cfi_startproc
  34 0019 55       		pushl	%ebp
  35              		.cfi_def_cfa_offset 8
  36              		.cfi_offset 5, -8
  37 001a 89E5     		movl	%esp, %ebp
  38              		.cfi_def_cfa_register 5
GAS LISTING C:\Users\PRESID~1\AppData\Local\Temp\ccb4SNEJ.s 			page 2


  39              	L4:
  20:E:/NeuOrga/Programmieren/c_cpp/github_os/input/src/os_base\os_exception.c ****    while(1){}
  40              		.loc 1 20 0 discriminator 1
  41 001c EBFE     		jmp	L4
  42              		.cfi_endproc
  43              	LFE1:
  44              		.globl	_OS_Exception_SWI
  46              	_OS_Exception_SWI:
  47              	LFB2:
  21:E:/NeuOrga/Programmieren/c_cpp/github_os/input/src/os_base\os_exception.c ****    OS_SHUTDOWN(os_reset_hardreset);
  22:E:/NeuOrga/Programmieren/c_cpp/github_os/input/src/os_base\os_exception.c **** }
  23:E:/NeuOrga/Programmieren/c_cpp/github_os/input/src/os_base\os_exception.c **** void OS_Exception_SWI(void)
  24:E:/NeuOrga/Programmieren/c_cpp/github_os/input/src/os_base\os_exception.c **** {
  48              		.loc 1 24 0
  49              		.cfi_startproc
  50 001e 55       		pushl	%ebp
  51              		.cfi_def_cfa_offset 8
  52              		.cfi_offset 5, -8
  53 001f 89E5     		movl	%esp, %ebp
  54              		.cfi_def_cfa_register 5
  55 0021 83EC08   		subl	$8, %esp
  25:E:/NeuOrga/Programmieren/c_cpp/github_os/input/src/os_base\os_exception.c ****    /* Mode: Supervisor:
  26:E:/NeuOrga/Programmieren/c_cpp/github_os/input/src/os_base\os_exception.c ****      Exception SWI is entered, in case a user mode program executed the assembler code "SWI" (SoftW
  27:E:/NeuOrga/Programmieren/c_cpp/github_os/input/src/os_base\os_exception.c ****    OS_ISRHANDLERC0();
  56              		.loc 1 27 0
  57 0024 E8000000 		call	_OS_ISRHANDLERC0
  57      00
  28:E:/NeuOrga/Programmieren/c_cpp/github_os/input/src/os_base\os_exception.c **** }
  58              		.loc 1 28 0
  59 0029 C9       		leave
  60              		.cfi_restore 5
  61              		.cfi_def_cfa 4, 4
  62 002a C3       		ret
  63              		.cfi_endproc
  64              	LFE2:
  65              		.globl	_OS_Exception_BUS_FAULT
  67              	_OS_Exception_BUS_FAULT:
  68              	LFB3:
  29:E:/NeuOrga/Programmieren/c_cpp/github_os/input/src/os_base\os_exception.c **** void OS_Exception_BUS_FAULT(void)
  30:E:/NeuOrga/Programmieren/c_cpp/github_os/input/src/os_base\os_exception.c **** {
  69              		.loc 1 30 0
  70              		.cfi_startproc
  71 002b 55       		pushl	%ebp
  72              		.cfi_def_cfa_offset 8
  73              		.cfi_offset 5, -8
  74 002c 89E5     		movl	%esp, %ebp
  75              		.cfi_def_cfa_register 5
  76              	L7:
  31:E:/NeuOrga/Programmieren/c_cpp/github_os/input/src/os_base\os_exception.c ****    while(1){}
  77              		.loc 1 31 0 discriminator 1
  78 002e EBFE     		jmp	L7
  79              		.cfi_endproc
  80              	LFE3:
  81              		.globl	_OS_Exception_MEM_MANAG_FAULT
  83              	_OS_Exception_MEM_MANAG_FAULT:
  84              	LFB4:
  32:E:/NeuOrga/Programmieren/c_cpp/github_os/input/src/os_base\os_exception.c ****    OS_SHUTDOWN(os_reset_hardreset);
GAS LISTING C:\Users\PRESID~1\AppData\Local\Temp\ccb4SNEJ.s 			page 3


  33:E:/NeuOrga/Programmieren/c_cpp/github_os/input/src/os_base\os_exception.c **** }
  34:E:/NeuOrga/Programmieren/c_cpp/github_os/input/src/os_base\os_exception.c **** void OS_Exception_MEM_MANAG_FAULT(void)
  35:E:/NeuOrga/Programmieren/c_cpp/github_os/input/src/os_base\os_exception.c **** {
  85              		.loc 1 35 0
  86              		.cfi_startproc
  87 0030 55       		pushl	%ebp
  88              		.cfi_def_cfa_offset 8
  89              		.cfi_offset 5, -8
  90 0031 89E5     		movl	%esp, %ebp
  91              		.cfi_def_cfa_register 5
  92              	L9:
  36:E:/NeuOrga/Programmieren/c_cpp/github_os/input/src/os_base\os_exception.c ****    while(1){}
  93              		.loc 1 36 0 discriminator 1
  94 0033 EBFE     		jmp	L9
  95              		.cfi_endproc
  96              	LFE4:
  97              		.globl	_OS_Exception_IRQ
  99              	_OS_Exception_IRQ:
 100              	LFB5:
  37:E:/NeuOrga/Programmieren/c_cpp/github_os/input/src/os_base\os_exception.c ****    OS_SHUTDOWN(os_reset_hardreset);
  38:E:/NeuOrga/Programmieren/c_cpp/github_os/input/src/os_base\os_exception.c **** }
  39:E:/NeuOrga/Programmieren/c_cpp/github_os/input/src/os_base\os_exception.c **** void OS_Exception_IRQ(void)
  40:E:/NeuOrga/Programmieren/c_cpp/github_os/input/src/os_base\os_exception.c **** {
 101              		.loc 1 40 0
 102              		.cfi_startproc
 103 0035 55       		pushl	%ebp
 104              		.cfi_def_cfa_offset 8
 105              		.cfi_offset 5, -8
 106 0036 89E5     		movl	%esp, %ebp
 107              		.cfi_def_cfa_register 5
 108 0038 83EC08   		subl	$8, %esp
  41:E:/NeuOrga/Programmieren/c_cpp/github_os/input/src/os_base\os_exception.c ****    OS_ISRHANDLERC0();
 109              		.loc 1 41 0
 110 003b E8000000 		call	_OS_ISRHANDLERC0
 110      00
  42:E:/NeuOrga/Programmieren/c_cpp/github_os/input/src/os_base\os_exception.c **** }
 111              		.loc 1 42 0
 112 0040 C9       		leave
 113              		.cfi_restore 5
 114              		.cfi_def_cfa 4, 4
 115 0041 C3       		ret
 116              		.cfi_endproc
 117              	LFE5:
 118              		.globl	_OS_Exception_FIQ
 120              	_OS_Exception_FIQ:
 121              	LFB6:
  43:E:/NeuOrga/Programmieren/c_cpp/github_os/input/src/os_base\os_exception.c **** void OS_Exception_FIQ(void)
  44:E:/NeuOrga/Programmieren/c_cpp/github_os/input/src/os_base\os_exception.c **** {
 122              		.loc 1 44 0
 123              		.cfi_startproc
 124 0042 55       		pushl	%ebp
 125              		.cfi_def_cfa_offset 8
 126              		.cfi_offset 5, -8
 127 0043 89E5     		movl	%esp, %ebp
 128              		.cfi_def_cfa_register 5
 129 0045 83EC08   		subl	$8, %esp
  45:E:/NeuOrga/Programmieren/c_cpp/github_os/input/src/os_base\os_exception.c ****    OS_ISRHANDLERC0();
GAS LISTING C:\Users\PRESID~1\AppData\Local\Temp\ccb4SNEJ.s 			page 4


 130              		.loc 1 45 0
 131 0048 E8000000 		call	_OS_ISRHANDLERC0
 131      00
  46:E:/NeuOrga/Programmieren/c_cpp/github_os/input/src/os_base\os_exception.c **** }
 132              		.loc 1 46 0
 133 004d C9       		leave
 134              		.cfi_restore 5
 135              		.cfi_def_cfa 4, 4
 136 004e C3       		ret
 137              		.cfi_endproc
 138              	LFE6:
 139              		.globl	_TCMP1
 141              	_TCMP1:
 142              	LFB7:
  47:E:/NeuOrga/Programmieren/c_cpp/github_os/input/src/os_base\os_exception.c **** 
  48:E:/NeuOrga/Programmieren/c_cpp/github_os/input/src/os_base\os_exception.c **** 
  49:E:/NeuOrga/Programmieren/c_cpp/github_os/input/src/os_base\os_exception.c **** ISR TCMP1(void)
  50:E:/NeuOrga/Programmieren/c_cpp/github_os/input/src/os_base\os_exception.c **** {
 143              		.loc 1 50 0
 144              		.cfi_startproc
 145 004f 55       		pushl	%ebp
 146              		.cfi_def_cfa_offset 8
 147              		.cfi_offset 5, -8
 148 0050 89E5     		movl	%esp, %ebp
 149              		.cfi_def_cfa_register 5
 150 0052 83EC08   		subl	$8, %esp
  51:E:/NeuOrga/Programmieren/c_cpp/github_os/input/src/os_base\os_exception.c ****    OS_ISRHANDLERC0();
 151              		.loc 1 51 0
 152 0055 E8000000 		call	_OS_ISRHANDLERC0
 152      00
  52:E:/NeuOrga/Programmieren/c_cpp/github_os/input/src/os_base\os_exception.c **** }
 153              		.loc 1 52 0
 154 005a C9       		leave
 155              		.cfi_restore 5
 156              		.cfi_def_cfa 4, 4
 157 005b C3       		ret
 158              		.cfi_endproc
 159              	LFE7:
 160              		.globl	_TCMP2
 162              	_TCMP2:
 163              	LFB8:
  53:E:/NeuOrga/Programmieren/c_cpp/github_os/input/src/os_base\os_exception.c **** ISR TCMP2(void)
  54:E:/NeuOrga/Programmieren/c_cpp/github_os/input/src/os_base\os_exception.c **** {
 164              		.loc 1 54 0
 165              		.cfi_startproc
 166 005c 55       		pushl	%ebp
 167              		.cfi_def_cfa_offset 8
 168              		.cfi_offset 5, -8
 169 005d 89E5     		movl	%esp, %ebp
 170              		.cfi_def_cfa_register 5
 171 005f 83EC08   		subl	$8, %esp
  55:E:/NeuOrga/Programmieren/c_cpp/github_os/input/src/os_base\os_exception.c ****    OS_ISRHANDLERC1();
 172              		.loc 1 55 0
 173 0062 E8000000 		call	_OS_ISRHANDLERC1
 173      00
  56:E:/NeuOrga/Programmieren/c_cpp/github_os/input/src/os_base\os_exception.c **** }
 174              		.loc 1 56 0
GAS LISTING C:\Users\PRESID~1\AppData\Local\Temp\ccb4SNEJ.s 			page 5


 175 0067 C9       		leave
 176              		.cfi_restore 5
 177              		.cfi_def_cfa 4, 4
 178 0068 C3       		ret
 179              		.cfi_endproc
 180              	LFE8:
 181              		.globl	_TCMP3
 183              	_TCMP3:
 184              	LFB9:
  57:E:/NeuOrga/Programmieren/c_cpp/github_os/input/src/os_base\os_exception.c **** ISR TCMP3(void)
  58:E:/NeuOrga/Programmieren/c_cpp/github_os/input/src/os_base\os_exception.c **** {
 185              		.loc 1 58 0
 186              		.cfi_startproc
 187 0069 55       		pushl	%ebp
 188              		.cfi_def_cfa_offset 8
 189              		.cfi_offset 5, -8
 190 006a 89E5     		movl	%esp, %ebp
 191              		.cfi_def_cfa_register 5
 192 006c 83EC08   		subl	$8, %esp
  59:E:/NeuOrga/Programmieren/c_cpp/github_os/input/src/os_base\os_exception.c ****    OS_ISRHANDLERC2();
 193              		.loc 1 59 0
 194 006f E8000000 		call	_OS_ISRHANDLERC2
 194      00
  60:E:/NeuOrga/Programmieren/c_cpp/github_os/input/src/os_base\os_exception.c **** }
 195              		.loc 1 60 0
 196 0074 C9       		leave
 197              		.cfi_restore 5
 198              		.cfi_def_cfa 4, 4
 199 0075 C3       		ret
 200              		.cfi_endproc
 201              	LFE9:
 202              		.globl	_TCMP4
 204              	_TCMP4:
 205              	LFB10:
  61:E:/NeuOrga/Programmieren/c_cpp/github_os/input/src/os_base\os_exception.c **** ISR TCMP4(void)
  62:E:/NeuOrga/Programmieren/c_cpp/github_os/input/src/os_base\os_exception.c **** {
 206              		.loc 1 62 0
 207              		.cfi_startproc
 208 0076 55       		pushl	%ebp
 209              		.cfi_def_cfa_offset 8
 210              		.cfi_offset 5, -8
 211 0077 89E5     		movl	%esp, %ebp
 212              		.cfi_def_cfa_register 5
 213 0079 83EC08   		subl	$8, %esp
  63:E:/NeuOrga/Programmieren/c_cpp/github_os/input/src/os_base\os_exception.c ****    OS_ISRHANDLERC3();
 214              		.loc 1 63 0
 215 007c E8000000 		call	_OS_ISRHANDLERC3
 215      00
  64:E:/NeuOrga/Programmieren/c_cpp/github_os/input/src/os_base\os_exception.c **** }
 216              		.loc 1 64 0
 217 0081 C9       		leave
 218              		.cfi_restore 5
 219              		.cfi_def_cfa 4, 4
 220 0082 C3       		ret
 221              		.cfi_endproc
 222              	LFE10:
 223              	Letext0:
GAS LISTING C:\Users\PRESID~1\AppData\Local\Temp\ccb4SNEJ.s 			page 6


 224              		.file 2 "E:/NeuOrga/Programmieren/c_cpp/github_os/input/src/os_base/../os_base/os_base_types.h"
 225              		.file 3 "E:/NeuOrga/Programmieren/c_cpp/github_os/input/src/os_base/os_shutdown.h"
 226 0083 90       		.section	.debug_info,"dr"
 227              	Ldebug_info0:
 228 0000 84020000 		.long	0x284
 229 0004 0400     		.word	0x4
 230 0006 00000000 		.secrel32	Ldebug_abbrev0
 231 000a 04       		.byte	0x4
 232 000b 01       		.uleb128 0x1
 233 000c 474E5520 		.ascii "GNU C 4.9.3 -march=i386 -g3 -O0 -std=c90\0"
 233      4320342E 
 233      392E3320 
 233      2D6D6172 
 233      63683D69 
 234 0035 01       		.byte	0x1
 235 0036 453A5C4E 		.ascii "E:\\NeuOrga\\Programmieren\\c_cpp\\github_os\\input\\src\\os_base\\os_exception.c\0"
 235      65754F72 
 235      67615C50 
 235      726F6772 
 235      616D6D69 
 236 0080 00000000 		.long	Ltext0
 237 0084 83000000 		.long	Letext0-Ltext0
 238 0088 00000000 		.secrel32	Ldebug_line0
 239 008c 00000000 		.secrel32	Ldebug_macro0
 240 0090 02       		.uleb128 0x2
 241 0091 01       		.byte	0x1
 242 0092 08       		.byte	0x8
 243 0093 756E7369 		.ascii "unsigned char\0"
 243      676E6564 
 243      20636861 
 243      7200
 244 00a1 02       		.uleb128 0x2
 245 00a2 02       		.byte	0x2
 246 00a3 07       		.byte	0x7
 247 00a4 73686F72 		.ascii "short unsigned int\0"
 247      7420756E 
 247      7369676E 
 247      65642069 
 247      6E7400
 248 00b7 02       		.uleb128 0x2
 249 00b8 04       		.byte	0x4
 250 00b9 07       		.byte	0x7
 251 00ba 6C6F6E67 		.ascii "long unsigned int\0"
 251      20756E73 
 251      69676E65 
 251      6420696E 
 251      7400
 252 00cc 03       		.uleb128 0x3
 253 00cd 75696E74 		.ascii "uint32\0"
 253      333200
 254 00d4 02       		.byte	0x2
 255 00d5 23       		.byte	0x23
 256 00d6 B7000000 		.long	0xb7
 257 00da 02       		.uleb128 0x2
 258 00db 04       		.byte	0x4
 259 00dc 07       		.byte	0x7
 260 00dd 756E7369 		.ascii "unsigned int\0"
GAS LISTING C:\Users\PRESID~1\AppData\Local\Temp\ccb4SNEJ.s 			page 7


 260      676E6564 
 260      20696E74 
 260      00
 261 00ea 04       		.uleb128 0x4
 262 00eb 6F735F72 		.ascii "os_reset_type_s\0"
 262      65736574 
 262      5F747970 
 262      655F7300 
 263 00fb 04       		.byte	0x4
 264 00fc 03       		.byte	0x3
 265 00fd 03       		.byte	0x3
 266 00fe 2D010000 		.long	0x12d
 267 0102 05       		.uleb128 0x5
 268 0103 6F735F72 		.ascii "os_reset_hardreset\0"
 268      65736574 
 268      5F686172 
 268      64726573 
 268      657400
 269 0116 00       		.sleb128 0
 270 0117 05       		.uleb128 0x5
 271 0118 6F735F72 		.ascii "os_reset_powerdown\0"
 271      65736574 
 271      5F706F77 
 271      6572646F 
 271      776E00
 272 012b 01       		.sleb128 1
 273 012c 00       		.byte	0
 274 012d 06       		.uleb128 0x6
 275 012e 4F535F45 		.ascii "OS_Exception_HARDFAULT\0"
 275      78636570 
 275      74696F6E 
 275      5F484152 
 275      44464155 
 276 0145 01       		.byte	0x1
 277 0146 09       		.byte	0x9
 278 0147 00000000 		.long	LFB0
 279 014b 19000000 		.long	LFE0-LFB0
 280 014f 01       		.uleb128 0x1
 281 0150 9C       		.byte	0x9c
 282 0151 70010000 		.long	0x170
 283 0155 07       		.uleb128 0x7
 284 0156 4552524F 		.ascii "ERROR_HARDFAULT\0"
 284      525F4841 
 284      52444641 
 284      554C5400 
 285 0166 01       		.byte	0x1
 286 0167 0B       		.byte	0xb
 287 0168 70010000 		.long	0x170
 288 016c 02       		.uleb128 0x2
 289 016d 91       		.byte	0x91
 290 016e 74       		.sleb128 -12
 291 016f 00       		.byte	0
 292 0170 08       		.uleb128 0x8
 293 0171 CC000000 		.long	0xcc
 294 0175 09       		.uleb128 0x9
 295 0176 4F535F45 		.ascii "OS_Exception_NMI\0"
 295      78636570 
GAS LISTING C:\Users\PRESID~1\AppData\Local\Temp\ccb4SNEJ.s 			page 8


 295      74696F6E 
 295      5F4E4D49 
 295      00
 296 0187 01       		.byte	0x1
 297 0188 12       		.byte	0x12
 298 0189 19000000 		.long	LFB1
 299 018d 05000000 		.long	LFE1-LFB1
 300 0191 01       		.uleb128 0x1
 301 0192 9C       		.byte	0x9c
 302 0193 0A       		.uleb128 0xa
 303 0194 4F535F45 		.ascii "OS_Exception_SWI\0"
 303      78636570 
 303      74696F6E 
 303      5F535749 
 303      00
 304 01a5 01       		.byte	0x1
 305 01a6 17       		.byte	0x17
 306 01a7 1E000000 		.long	LFB2
 307 01ab 0D000000 		.long	LFE2-LFB2
 308 01af 01       		.uleb128 0x1
 309 01b0 9C       		.byte	0x9c
 310 01b1 09       		.uleb128 0x9
 311 01b2 4F535F45 		.ascii "OS_Exception_BUS_FAULT\0"
 311      78636570 
 311      74696F6E 
 311      5F425553 
 311      5F464155 
 312 01c9 01       		.byte	0x1
 313 01ca 1D       		.byte	0x1d
 314 01cb 2B000000 		.long	LFB3
 315 01cf 05000000 		.long	LFE3-LFB3
 316 01d3 01       		.uleb128 0x1
 317 01d4 9C       		.byte	0x9c
 318 01d5 09       		.uleb128 0x9
 319 01d6 4F535F45 		.ascii "OS_Exception_MEM_MANAG_FAULT\0"
 319      78636570 
 319      74696F6E 
 319      5F4D454D 
 319      5F4D414E 
 320 01f3 01       		.byte	0x1
 321 01f4 22       		.byte	0x22
 322 01f5 30000000 		.long	LFB4
 323 01f9 05000000 		.long	LFE4-LFB4
 324 01fd 01       		.uleb128 0x1
 325 01fe 9C       		.byte	0x9c
 326 01ff 0A       		.uleb128 0xa
 327 0200 4F535F45 		.ascii "OS_Exception_IRQ\0"
 327      78636570 
 327      74696F6E 
 327      5F495251 
 327      00
 328 0211 01       		.byte	0x1
 329 0212 27       		.byte	0x27
 330 0213 35000000 		.long	LFB5
 331 0217 0D000000 		.long	LFE5-LFB5
 332 021b 01       		.uleb128 0x1
 333 021c 9C       		.byte	0x9c
GAS LISTING C:\Users\PRESID~1\AppData\Local\Temp\ccb4SNEJ.s 			page 9


 334 021d 0A       		.uleb128 0xa
 335 021e 4F535F45 		.ascii "OS_Exception_FIQ\0"
 335      78636570 
 335      74696F6E 
 335      5F464951 
 335      00
 336 022f 01       		.byte	0x1
 337 0230 2B       		.byte	0x2b
 338 0231 42000000 		.long	LFB6
 339 0235 0D000000 		.long	LFE6-LFB6
 340 0239 01       		.uleb128 0x1
 341 023a 9C       		.byte	0x9c
 342 023b 0A       		.uleb128 0xa
 343 023c 54434D50 		.ascii "TCMP1\0"
 343      3100
 344 0242 01       		.byte	0x1
 345 0243 31       		.byte	0x31
 346 0244 4F000000 		.long	LFB7
 347 0248 0D000000 		.long	LFE7-LFB7
 348 024c 01       		.uleb128 0x1
 349 024d 9C       		.byte	0x9c
 350 024e 0A       		.uleb128 0xa
 351 024f 54434D50 		.ascii "TCMP2\0"
 351      3200
 352 0255 01       		.byte	0x1
 353 0256 35       		.byte	0x35
 354 0257 5C000000 		.long	LFB8
 355 025b 0D000000 		.long	LFE8-LFB8
 356 025f 01       		.uleb128 0x1
 357 0260 9C       		.byte	0x9c
 358 0261 0A       		.uleb128 0xa
 359 0262 54434D50 		.ascii "TCMP3\0"
 359      3300
 360 0268 01       		.byte	0x1
 361 0269 39       		.byte	0x39
 362 026a 69000000 		.long	LFB9
 363 026e 0D000000 		.long	LFE9-LFB9
 364 0272 01       		.uleb128 0x1
 365 0273 9C       		.byte	0x9c
 366 0274 0A       		.uleb128 0xa
 367 0275 54434D50 		.ascii "TCMP4\0"
 367      3400
 368 027b 01       		.byte	0x1
 369 027c 3D       		.byte	0x3d
 370 027d 76000000 		.long	LFB10
 371 0281 0D000000 		.long	LFE10-LFB10
 372 0285 01       		.uleb128 0x1
 373 0286 9C       		.byte	0x9c
 374 0287 00       		.byte	0
 375              		.section	.debug_abbrev,"dr"
 376              	Ldebug_abbrev0:
 377 0000 01       		.uleb128 0x1
 378 0001 11       		.uleb128 0x11
 379 0002 01       		.byte	0x1
 380 0003 25       		.uleb128 0x25
 381 0004 08       		.uleb128 0x8
 382 0005 13       		.uleb128 0x13
GAS LISTING C:\Users\PRESID~1\AppData\Local\Temp\ccb4SNEJ.s 			page 10


 383 0006 0B       		.uleb128 0xb
 384 0007 03       		.uleb128 0x3
 385 0008 08       		.uleb128 0x8
 386 0009 11       		.uleb128 0x11
 387 000a 01       		.uleb128 0x1
 388 000b 12       		.uleb128 0x12
 389 000c 06       		.uleb128 0x6
 390 000d 10       		.uleb128 0x10
 391 000e 17       		.uleb128 0x17
 392 000f 9942     		.uleb128 0x2119
 393 0011 17       		.uleb128 0x17
 394 0012 00       		.byte	0
 395 0013 00       		.byte	0
 396 0014 02       		.uleb128 0x2
 397 0015 24       		.uleb128 0x24
 398 0016 00       		.byte	0
 399 0017 0B       		.uleb128 0xb
 400 0018 0B       		.uleb128 0xb
 401 0019 3E       		.uleb128 0x3e
 402 001a 0B       		.uleb128 0xb
 403 001b 03       		.uleb128 0x3
 404 001c 08       		.uleb128 0x8
 405 001d 00       		.byte	0
 406 001e 00       		.byte	0
 407 001f 03       		.uleb128 0x3
 408 0020 16       		.uleb128 0x16
 409 0021 00       		.byte	0
 410 0022 03       		.uleb128 0x3
 411 0023 08       		.uleb128 0x8
 412 0024 3A       		.uleb128 0x3a
 413 0025 0B       		.uleb128 0xb
 414 0026 3B       		.uleb128 0x3b
 415 0027 0B       		.uleb128 0xb
 416 0028 49       		.uleb128 0x49
 417 0029 13       		.uleb128 0x13
 418 002a 00       		.byte	0
 419 002b 00       		.byte	0
 420 002c 04       		.uleb128 0x4
 421 002d 04       		.uleb128 0x4
 422 002e 01       		.byte	0x1
 423 002f 03       		.uleb128 0x3
 424 0030 08       		.uleb128 0x8
 425 0031 0B       		.uleb128 0xb
 426 0032 0B       		.uleb128 0xb
 427 0033 3A       		.uleb128 0x3a
 428 0034 0B       		.uleb128 0xb
 429 0035 3B       		.uleb128 0x3b
 430 0036 0B       		.uleb128 0xb
 431 0037 01       		.uleb128 0x1
 432 0038 13       		.uleb128 0x13
 433 0039 00       		.byte	0
 434 003a 00       		.byte	0
 435 003b 05       		.uleb128 0x5
 436 003c 28       		.uleb128 0x28
 437 003d 00       		.byte	0
 438 003e 03       		.uleb128 0x3
 439 003f 08       		.uleb128 0x8
GAS LISTING C:\Users\PRESID~1\AppData\Local\Temp\ccb4SNEJ.s 			page 11


 440 0040 1C       		.uleb128 0x1c
 441 0041 0D       		.uleb128 0xd
 442 0042 00       		.byte	0
 443 0043 00       		.byte	0
 444 0044 06       		.uleb128 0x6
 445 0045 2E       		.uleb128 0x2e
 446 0046 01       		.byte	0x1
 447 0047 3F       		.uleb128 0x3f
 448 0048 19       		.uleb128 0x19
 449 0049 03       		.uleb128 0x3
 450 004a 08       		.uleb128 0x8
 451 004b 3A       		.uleb128 0x3a
 452 004c 0B       		.uleb128 0xb
 453 004d 3B       		.uleb128 0x3b
 454 004e 0B       		.uleb128 0xb
 455 004f 27       		.uleb128 0x27
 456 0050 19       		.uleb128 0x19
 457 0051 11       		.uleb128 0x11
 458 0052 01       		.uleb128 0x1
 459 0053 12       		.uleb128 0x12
 460 0054 06       		.uleb128 0x6
 461 0055 40       		.uleb128 0x40
 462 0056 18       		.uleb128 0x18
 463 0057 9742     		.uleb128 0x2117
 464 0059 19       		.uleb128 0x19
 465 005a 01       		.uleb128 0x1
 466 005b 13       		.uleb128 0x13
 467 005c 00       		.byte	0
 468 005d 00       		.byte	0
 469 005e 07       		.uleb128 0x7
 470 005f 34       		.uleb128 0x34
 471 0060 00       		.byte	0
 472 0061 03       		.uleb128 0x3
 473 0062 08       		.uleb128 0x8
 474 0063 3A       		.uleb128 0x3a
 475 0064 0B       		.uleb128 0xb
 476 0065 3B       		.uleb128 0x3b
 477 0066 0B       		.uleb128 0xb
 478 0067 49       		.uleb128 0x49
 479 0068 13       		.uleb128 0x13
 480 0069 02       		.uleb128 0x2
 481 006a 18       		.uleb128 0x18
 482 006b 00       		.byte	0
 483 006c 00       		.byte	0
 484 006d 08       		.uleb128 0x8
 485 006e 35       		.uleb128 0x35
 486 006f 00       		.byte	0
 487 0070 49       		.uleb128 0x49
 488 0071 13       		.uleb128 0x13
 489 0072 00       		.byte	0
 490 0073 00       		.byte	0
 491 0074 09       		.uleb128 0x9
 492 0075 2E       		.uleb128 0x2e
 493 0076 00       		.byte	0
 494 0077 3F       		.uleb128 0x3f
 495 0078 19       		.uleb128 0x19
 496 0079 03       		.uleb128 0x3
GAS LISTING C:\Users\PRESID~1\AppData\Local\Temp\ccb4SNEJ.s 			page 12


 497 007a 08       		.uleb128 0x8
 498 007b 3A       		.uleb128 0x3a
 499 007c 0B       		.uleb128 0xb
 500 007d 3B       		.uleb128 0x3b
 501 007e 0B       		.uleb128 0xb
 502 007f 27       		.uleb128 0x27
 503 0080 19       		.uleb128 0x19
 504 0081 11       		.uleb128 0x11
 505 0082 01       		.uleb128 0x1
 506 0083 12       		.uleb128 0x12
 507 0084 06       		.uleb128 0x6
 508 0085 40       		.uleb128 0x40
 509 0086 18       		.uleb128 0x18
 510 0087 9742     		.uleb128 0x2117
 511 0089 19       		.uleb128 0x19
 512 008a 00       		.byte	0
 513 008b 00       		.byte	0
 514 008c 0A       		.uleb128 0xa
 515 008d 2E       		.uleb128 0x2e
 516 008e 00       		.byte	0
 517 008f 3F       		.uleb128 0x3f
 518 0090 19       		.uleb128 0x19
 519 0091 03       		.uleb128 0x3
 520 0092 08       		.uleb128 0x8
 521 0093 3A       		.uleb128 0x3a
 522 0094 0B       		.uleb128 0xb
 523 0095 3B       		.uleb128 0x3b
 524 0096 0B       		.uleb128 0xb
 525 0097 27       		.uleb128 0x27
 526 0098 19       		.uleb128 0x19
 527 0099 11       		.uleb128 0x11
 528 009a 01       		.uleb128 0x1
 529 009b 12       		.uleb128 0x12
 530 009c 06       		.uleb128 0x6
 531 009d 40       		.uleb128 0x40
 532 009e 18       		.uleb128 0x18
 533 009f 9642     		.uleb128 0x2116
 534 00a1 19       		.uleb128 0x19
 535 00a2 00       		.byte	0
 536 00a3 00       		.byte	0
 537 00a4 00       		.byte	0
 538              		.section	.debug_aranges,"dr"
 539 0000 1C000000 		.long	0x1c
 540 0004 0200     		.word	0x2
 541 0006 00000000 		.secrel32	Ldebug_info0
 542 000a 04       		.byte	0x4
 543 000b 00       		.byte	0
 544 000c 0000     		.word	0
 545 000e 0000     		.word	0
 546 0010 00000000 		.long	Ltext0
 547 0014 83000000 		.long	Letext0-Ltext0
 548 0018 00000000 		.long	0
 549 001c 00000000 		.long	0
 550              		.section	.debug_macro,"dr"
 551              	Ldebug_macro0:
 552 0000 0400     		.word	0x4
 553 0002 02       		.byte	0x2
GAS LISTING C:\Users\PRESID~1\AppData\Local\Temp\ccb4SNEJ.s 			page 13


 554 0003 00000000 		.secrel32	Ldebug_line0
 555 0007 01       		.byte	0x1
 556 0008 00       		.uleb128 0
 557 0009 5F5F5354 		.ascii "__STDC__ 1\0"
 557      44435F5F 
 557      203100
 558 0014 01       		.byte	0x1
 559 0015 00       		.uleb128 0
 560 0016 5F5F5354 		.ascii "__STDC_HOSTED__ 1\0"
 560      44435F48 
 560      4F535445 
 560      445F5F20 
 560      3100
 561 0028 01       		.byte	0x1
 562 0029 00       		.uleb128 0
 563 002a 5F5F474E 		.ascii "__GNUC__ 4\0"
 563      55435F5F 
 563      203400
 564 0035 01       		.byte	0x1
 565 0036 00       		.uleb128 0
 566 0037 5F5F474E 		.ascii "__GNUC_MINOR__ 9\0"
 566      55435F4D 
 566      494E4F52 
 566      5F5F2039 
 566      00
 567 0048 01       		.byte	0x1
 568 0049 00       		.uleb128 0
 569 004a 5F5F474E 		.ascii "__GNUC_PATCHLEVEL__ 3\0"
 569      55435F50 
 569      41544348 
 569      4C455645 
 569      4C5F5F20 
 570 0060 01       		.byte	0x1
 571 0061 00       		.uleb128 0
 572 0062 5F5F5645 		.ascii "__VERSION__ \"4.9.3\"\0"
 572      5253494F 
 572      4E5F5F20 
 572      22342E39 
 572      2E332200 
 573 0076 01       		.byte	0x1
 574 0077 00       		.uleb128 0
 575 0078 5F5F4154 		.ascii "__ATOMIC_RELAXED 0\0"
 575      4F4D4943 
 575      5F52454C 
 575      41584544 
 575      203000
 576 008b 01       		.byte	0x1
 577 008c 00       		.uleb128 0
 578 008d 5F5F4154 		.ascii "__ATOMIC_SEQ_CST 5\0"
 578      4F4D4943 
 578      5F534551 
 578      5F435354 
 578      203500
 579 00a0 01       		.byte	0x1
 580 00a1 00       		.uleb128 0
 581 00a2 5F5F4154 		.ascii "__ATOMIC_ACQUIRE 2\0"
 581      4F4D4943 
GAS LISTING C:\Users\PRESID~1\AppData\Local\Temp\ccb4SNEJ.s 			page 14


 581      5F414351 
 581      55495245 
 581      203200
 582 00b5 01       		.byte	0x1
 583 00b6 00       		.uleb128 0
 584 00b7 5F5F4154 		.ascii "__ATOMIC_RELEASE 3\0"
 584      4F4D4943 
 584      5F52454C 
 584      45415345 
 584      203300
 585 00ca 01       		.byte	0x1
 586 00cb 00       		.uleb128 0
 587 00cc 5F5F4154 		.ascii "__ATOMIC_ACQ_REL 4\0"
 587      4F4D4943 
 587      5F414351 
 587      5F52454C 
 587      203400
 588 00df 01       		.byte	0x1
 589 00e0 00       		.uleb128 0
 590 00e1 5F5F4154 		.ascii "__ATOMIC_CONSUME 1\0"
 590      4F4D4943 
 590      5F434F4E 
 590      53554D45 
 590      203100
 591 00f4 01       		.byte	0x1
 592 00f5 00       		.uleb128 0
 593 00f6 5F5F4649 		.ascii "__FINITE_MATH_ONLY__ 0\0"
 593      4E495445 
 593      5F4D4154 
 593      485F4F4E 
 593      4C595F5F 
 594 010d 01       		.byte	0x1
 595 010e 00       		.uleb128 0
 596 010f 5F5F5349 		.ascii "__SIZEOF_INT__ 4\0"
 596      5A454F46 
 596      5F494E54 
 596      5F5F2034 
 596      00
 597 0120 01       		.byte	0x1
 598 0121 00       		.uleb128 0
 599 0122 5F5F5349 		.ascii "__SIZEOF_LONG__ 4\0"
 599      5A454F46 
 599      5F4C4F4E 
 599      475F5F20 
 599      3400
 600 0134 01       		.byte	0x1
 601 0135 00       		.uleb128 0
 602 0136 5F5F5349 		.ascii "__SIZEOF_LONG_LONG__ 8\0"
 602      5A454F46 
 602      5F4C4F4E 
 602      475F4C4F 
 602      4E475F5F 
 603 014d 01       		.byte	0x1
 604 014e 00       		.uleb128 0
 605 014f 5F5F5349 		.ascii "__SIZEOF_SHORT__ 2\0"
 605      5A454F46 
 605      5F53484F 
GAS LISTING C:\Users\PRESID~1\AppData\Local\Temp\ccb4SNEJ.s 			page 15


 605      52545F5F 
 605      203200
 606 0162 01       		.byte	0x1
 607 0163 00       		.uleb128 0
 608 0164 5F5F5349 		.ascii "__SIZEOF_FLOAT__ 4\0"
 608      5A454F46 
 608      5F464C4F 
 608      41545F5F 
 608      203400
 609 0177 01       		.byte	0x1
 610 0178 00       		.uleb128 0
 611 0179 5F5F5349 		.ascii "__SIZEOF_DOUBLE__ 8\0"
 611      5A454F46 
 611      5F444F55 
 611      424C455F 
 611      5F203800 
 612 018d 01       		.byte	0x1
 613 018e 00       		.uleb128 0
 614 018f 5F5F5349 		.ascii "__SIZEOF_LONG_DOUBLE__ 12\0"
 614      5A454F46 
 614      5F4C4F4E 
 614      475F444F 
 614      55424C45 
 615 01a9 01       		.byte	0x1
 616 01aa 00       		.uleb128 0
 617 01ab 5F5F5349 		.ascii "__SIZEOF_SIZE_T__ 4\0"
 617      5A454F46 
 617      5F53495A 
 617      455F545F 
 617      5F203400 
 618 01bf 01       		.byte	0x1
 619 01c0 00       		.uleb128 0
 620 01c1 5F5F4348 		.ascii "__CHAR_BIT__ 8\0"
 620      41525F42 
 620      49545F5F 
 620      203800
 621 01d0 01       		.byte	0x1
 622 01d1 00       		.uleb128 0
 623 01d2 5F5F4249 		.ascii "__BIGGEST_ALIGNMENT__ 16\0"
 623      47474553 
 623      545F414C 
 623      49474E4D 
 623      454E545F 
 624 01eb 01       		.byte	0x1
 625 01ec 00       		.uleb128 0
 626 01ed 5F5F4F52 		.ascii "__ORDER_LITTLE_ENDIAN__ 1234\0"
 626      4445525F 
 626      4C495454 
 626      4C455F45 
 626      4E444941 
 627 020a 01       		.byte	0x1
 628 020b 00       		.uleb128 0
 629 020c 5F5F4F52 		.ascii "__ORDER_BIG_ENDIAN__ 4321\0"
 629      4445525F 
 629      4249475F 
 629      454E4449 
 629      414E5F5F 
GAS LISTING C:\Users\PRESID~1\AppData\Local\Temp\ccb4SNEJ.s 			page 16


 630 0226 01       		.byte	0x1
 631 0227 00       		.uleb128 0
 632 0228 5F5F4F52 		.ascii "__ORDER_PDP_ENDIAN__ 3412\0"
 632      4445525F 
 632      5044505F 
 632      454E4449 
 632      414E5F5F 
 633 0242 01       		.byte	0x1
 634 0243 00       		.uleb128 0
 635 0244 5F5F4259 		.ascii "__BYTE_ORDER__ __ORDER_LITTLE_ENDIAN__\0"
 635      54455F4F 
 635      52444552 
 635      5F5F205F 
 635      5F4F5244 
 636 026b 01       		.byte	0x1
 637 026c 00       		.uleb128 0
 638 026d 5F5F464C 		.ascii "__FLOAT_WORD_ORDER__ __ORDER_LITTLE_ENDIAN__\0"
 638      4F41545F 
 638      574F5244 
 638      5F4F5244 
 638      45525F5F 
 639 029a 01       		.byte	0x1
 640 029b 00       		.uleb128 0
 641 029c 5F5F5349 		.ascii "__SIZEOF_POINTER__ 4\0"
 641      5A454F46 
 641      5F504F49 
 641      4E544552 
 641      5F5F2034 
 642 02b1 01       		.byte	0x1
 643 02b2 00       		.uleb128 0
 644 02b3 5F5F5349 		.ascii "__SIZE_TYPE__ unsigned int\0"
 644      5A455F54 
 644      5950455F 
 644      5F20756E 
 644      7369676E 
 645 02ce 01       		.byte	0x1
 646 02cf 00       		.uleb128 0
 647 02d0 5F5F5054 		.ascii "__PTRDIFF_TYPE__ int\0"
 647      52444946 
 647      465F5459 
 647      50455F5F 
 647      20696E74 
 648 02e5 01       		.byte	0x1
 649 02e6 00       		.uleb128 0
 650 02e7 5F5F5743 		.ascii "__WCHAR_TYPE__ short unsigned int\0"
 650      4841525F 
 650      54595045 
 650      5F5F2073 
 650      686F7274 
 651 0309 01       		.byte	0x1
 652 030a 00       		.uleb128 0
 653 030b 5F5F5749 		.ascii "__WINT_TYPE__ short unsigned int\0"
 653      4E545F54 
 653      5950455F 
 653      5F207368 
 653      6F727420 
 654 032c 01       		.byte	0x1
GAS LISTING C:\Users\PRESID~1\AppData\Local\Temp\ccb4SNEJ.s 			page 17


 655 032d 00       		.uleb128 0
 656 032e 5F5F494E 		.ascii "__INTMAX_TYPE__ long long int\0"
 656      544D4158 
 656      5F545950 
 656      455F5F20 
 656      6C6F6E67 
 657 034c 01       		.byte	0x1
 658 034d 00       		.uleb128 0
 659 034e 5F5F5549 		.ascii "__UINTMAX_TYPE__ long long unsigned int\0"
 659      4E544D41 
 659      585F5459 
 659      50455F5F 
 659      206C6F6E 
 660 0376 01       		.byte	0x1
 661 0377 00       		.uleb128 0
 662 0378 5F5F4348 		.ascii "__CHAR16_TYPE__ short unsigned int\0"
 662      41523136 
 662      5F545950 
 662      455F5F20 
 662      73686F72 
 663 039b 01       		.byte	0x1
 664 039c 00       		.uleb128 0
 665 039d 5F5F4348 		.ascii "__CHAR32_TYPE__ unsigned int\0"
 665      41523332 
 665      5F545950 
 665      455F5F20 
 665      756E7369 
 666 03ba 01       		.byte	0x1
 667 03bb 00       		.uleb128 0
 668 03bc 5F5F5349 		.ascii "__SIG_ATOMIC_TYPE__ int\0"
 668      475F4154 
 668      4F4D4943 
 668      5F545950 
 668      455F5F20 
 669 03d4 01       		.byte	0x1
 670 03d5 00       		.uleb128 0
 671 03d6 5F5F494E 		.ascii "__INT8_TYPE__ signed char\0"
 671      54385F54 
 671      5950455F 
 671      5F207369 
 671      676E6564 
 672 03f0 01       		.byte	0x1
 673 03f1 00       		.uleb128 0
 674 03f2 5F5F494E 		.ascii "__INT16_TYPE__ short int\0"
 674      5431365F 
 674      54595045 
 674      5F5F2073 
 674      686F7274 
 675 040b 01       		.byte	0x1
 676 040c 00       		.uleb128 0
 677 040d 5F5F494E 		.ascii "__INT32_TYPE__ int\0"
 677      5433325F 
 677      54595045 
 677      5F5F2069 
 677      6E7400
 678 0420 01       		.byte	0x1
 679 0421 00       		.uleb128 0
GAS LISTING C:\Users\PRESID~1\AppData\Local\Temp\ccb4SNEJ.s 			page 18


 680 0422 5F5F494E 		.ascii "__INT64_TYPE__ long long int\0"
 680      5436345F 
 680      54595045 
 680      5F5F206C 
 680      6F6E6720 
 681 043f 01       		.byte	0x1
 682 0440 00       		.uleb128 0
 683 0441 5F5F5549 		.ascii "__UINT8_TYPE__ unsigned char\0"
 683      4E54385F 
 683      54595045 
 683      5F5F2075 
 683      6E736967 
 684 045e 01       		.byte	0x1
 685 045f 00       		.uleb128 0
 686 0460 5F5F5549 		.ascii "__UINT16_TYPE__ short unsigned int\0"
 686      4E543136 
 686      5F545950 
 686      455F5F20 
 686      73686F72 
 687 0483 01       		.byte	0x1
 688 0484 00       		.uleb128 0
 689 0485 5F5F5549 		.ascii "__UINT32_TYPE__ unsigned int\0"
 689      4E543332 
 689      5F545950 
 689      455F5F20 
 689      756E7369 
 690 04a2 01       		.byte	0x1
 691 04a3 00       		.uleb128 0
 692 04a4 5F5F5549 		.ascii "__UINT64_TYPE__ long long unsigned int\0"
 692      4E543634 
 692      5F545950 
 692      455F5F20 
 692      6C6F6E67 
 693 04cb 01       		.byte	0x1
 694 04cc 00       		.uleb128 0
 695 04cd 5F5F494E 		.ascii "__INT_LEAST8_TYPE__ signed char\0"
 695      545F4C45 
 695      41535438 
 695      5F545950 
 695      455F5F20 
 696 04ed 01       		.byte	0x1
 697 04ee 00       		.uleb128 0
 698 04ef 5F5F494E 		.ascii "__INT_LEAST16_TYPE__ short int\0"
 698      545F4C45 
 698      41535431 
 698      365F5459 
 698      50455F5F 
 699 050e 01       		.byte	0x1
 700 050f 00       		.uleb128 0
 701 0510 5F5F494E 		.ascii "__INT_LEAST32_TYPE__ int\0"
 701      545F4C45 
 701      41535433 
 701      325F5459 
 701      50455F5F 
 702 0529 01       		.byte	0x1
 703 052a 00       		.uleb128 0
 704 052b 5F5F494E 		.ascii "__INT_LEAST64_TYPE__ long long int\0"
GAS LISTING C:\Users\PRESID~1\AppData\Local\Temp\ccb4SNEJ.s 			page 19


 704      545F4C45 
 704      41535436 
 704      345F5459 
 704      50455F5F 
 705 054e 01       		.byte	0x1
 706 054f 00       		.uleb128 0
 707 0550 5F5F5549 		.ascii "__UINT_LEAST8_TYPE__ unsigned char\0"
 707      4E545F4C 
 707      45415354 
 707      385F5459 
 707      50455F5F 
 708 0573 01       		.byte	0x1
 709 0574 00       		.uleb128 0
 710 0575 5F5F5549 		.ascii "__UINT_LEAST16_TYPE__ short unsigned int\0"
 710      4E545F4C 
 710      45415354 
 710      31365F54 
 710      5950455F 
 711 059e 01       		.byte	0x1
 712 059f 00       		.uleb128 0
 713 05a0 5F5F5549 		.ascii "__UINT_LEAST32_TYPE__ unsigned int\0"
 713      4E545F4C 
 713      45415354 
 713      33325F54 
 713      5950455F 
 714 05c3 01       		.byte	0x1
 715 05c4 00       		.uleb128 0
 716 05c5 5F5F5549 		.ascii "__UINT_LEAST64_TYPE__ long long unsigned int\0"
 716      4E545F4C 
 716      45415354 
 716      36345F54 
 716      5950455F 
 717 05f2 01       		.byte	0x1
 718 05f3 00       		.uleb128 0
 719 05f4 5F5F494E 		.ascii "__INT_FAST8_TYPE__ signed char\0"
 719      545F4641 
 719      5354385F 
 719      54595045 
 719      5F5F2073 
 720 0613 01       		.byte	0x1
 721 0614 00       		.uleb128 0
 722 0615 5F5F494E 		.ascii "__INT_FAST16_TYPE__ short int\0"
 722      545F4641 
 722      53543136 
 722      5F545950 
 722      455F5F20 
 723 0633 01       		.byte	0x1
 724 0634 00       		.uleb128 0
 725 0635 5F5F494E 		.ascii "__INT_FAST32_TYPE__ int\0"
 725      545F4641 
 725      53543332 
 725      5F545950 
 725      455F5F20 
 726 064d 01       		.byte	0x1
 727 064e 00       		.uleb128 0
 728 064f 5F5F494E 		.ascii "__INT_FAST64_TYPE__ long long int\0"
 728      545F4641 
GAS LISTING C:\Users\PRESID~1\AppData\Local\Temp\ccb4SNEJ.s 			page 20


 728      53543634 
 728      5F545950 
 728      455F5F20 
 729 0671 01       		.byte	0x1
 730 0672 00       		.uleb128 0
 731 0673 5F5F5549 		.ascii "__UINT_FAST8_TYPE__ unsigned char\0"
 731      4E545F46 
 731      41535438 
 731      5F545950 
 731      455F5F20 
 732 0695 01       		.byte	0x1
 733 0696 00       		.uleb128 0
 734 0697 5F5F5549 		.ascii "__UINT_FAST16_TYPE__ short unsigned int\0"
 734      4E545F46 
 734      41535431 
 734      365F5459 
 734      50455F5F 
 735 06bf 01       		.byte	0x1
 736 06c0 00       		.uleb128 0
 737 06c1 5F5F5549 		.ascii "__UINT_FAST32_TYPE__ unsigned int\0"
 737      4E545F46 
 737      41535433 
 737      325F5459 
 737      50455F5F 
 738 06e3 01       		.byte	0x1
 739 06e4 00       		.uleb128 0
 740 06e5 5F5F5549 		.ascii "__UINT_FAST64_TYPE__ long long unsigned int\0"
 740      4E545F46 
 740      41535436 
 740      345F5459 
 740      50455F5F 
 741 0711 01       		.byte	0x1
 742 0712 00       		.uleb128 0
 743 0713 5F5F494E 		.ascii "__INTPTR_TYPE__ int\0"
 743      54505452 
 743      5F545950 
 743      455F5F20 
 743      696E7400 
 744 0727 01       		.byte	0x1
 745 0728 00       		.uleb128 0
 746 0729 5F5F5549 		.ascii "__UINTPTR_TYPE__ unsigned int\0"
 746      4E545054 
 746      525F5459 
 746      50455F5F 
 746      20756E73 
 747 0747 01       		.byte	0x1
 748 0748 00       		.uleb128 0
 749 0749 5F5F6861 		.ascii "__has_include(STR) __has_include__(STR)\0"
 749      735F696E 
 749      636C7564 
 749      65285354 
 749      5229205F 
 750 0771 01       		.byte	0x1
 751 0772 00       		.uleb128 0
 752 0773 5F5F6861 		.ascii "__has_include_next(STR) __has_include_next__(STR)\0"
 752      735F696E 
 752      636C7564 
GAS LISTING C:\Users\PRESID~1\AppData\Local\Temp\ccb4SNEJ.s 			page 21


 752      655F6E65 
 752      78742853 
 753 07a5 01       		.byte	0x1
 754 07a6 00       		.uleb128 0
 755 07a7 5F5F4758 		.ascii "__GXX_ABI_VERSION 1002\0"
 755      585F4142 
 755      495F5645 
 755      5253494F 
 755      4E203130 
 756 07be 01       		.byte	0x1
 757 07bf 00       		.uleb128 0
 758 07c0 5F5F5343 		.ascii "__SCHAR_MAX__ 127\0"
 758      4841525F 
 758      4D41585F 
 758      5F203132 
 758      3700
 759 07d2 01       		.byte	0x1
 760 07d3 00       		.uleb128 0
 761 07d4 5F5F5348 		.ascii "__SHRT_MAX__ 32767\0"
 761      52545F4D 
 761      41585F5F 
 761      20333237 
 761      363700
 762 07e7 01       		.byte	0x1
 763 07e8 00       		.uleb128 0
 764 07e9 5F5F494E 		.ascii "__INT_MAX__ 2147483647\0"
 764      545F4D41 
 764      585F5F20 
 764      32313437 
 764      34383336 
 765 0800 01       		.byte	0x1
 766 0801 00       		.uleb128 0
 767 0802 5F5F4C4F 		.ascii "__LONG_MAX__ 2147483647L\0"
 767      4E475F4D 
 767      41585F5F 
 767      20323134 
 767      37343833 
 768 081b 01       		.byte	0x1
 769 081c 00       		.uleb128 0
 770 081d 5F5F4C4F 		.ascii "__LONG_LONG_MAX__ 9223372036854775807LL\0"
 770      4E475F4C 
 770      4F4E475F 
 770      4D41585F 
 770      5F203932 
 771 0845 01       		.byte	0x1
 772 0846 00       		.uleb128 0
 773 0847 5F5F5743 		.ascii "__WCHAR_MAX__ 65535\0"
 773      4841525F 
 773      4D41585F 
 773      5F203635 
 773      35333500 
 774 085b 01       		.byte	0x1
 775 085c 00       		.uleb128 0
 776 085d 5F5F5743 		.ascii "__WCHAR_MIN__ 0\0"
 776      4841525F 
 776      4D494E5F 
 776      5F203000 
GAS LISTING C:\Users\PRESID~1\AppData\Local\Temp\ccb4SNEJ.s 			page 22


 777 086d 01       		.byte	0x1
 778 086e 00       		.uleb128 0
 779 086f 5F5F5749 		.ascii "__WINT_MAX__ 65535\0"
 779      4E545F4D 
 779      41585F5F 
 779      20363535 
 779      333500
 780 0882 01       		.byte	0x1
 781 0883 00       		.uleb128 0
 782 0884 5F5F5749 		.ascii "__WINT_MIN__ 0\0"
 782      4E545F4D 
 782      494E5F5F 
 782      203000
 783 0893 01       		.byte	0x1
 784 0894 00       		.uleb128 0
 785 0895 5F5F5054 		.ascii "__PTRDIFF_MAX__ 2147483647\0"
 785      52444946 
 785      465F4D41 
 785      585F5F20 
 785      32313437 
 786 08b0 01       		.byte	0x1
 787 08b1 00       		.uleb128 0
 788 08b2 5F5F5349 		.ascii "__SIZE_MAX__ 4294967295U\0"
 788      5A455F4D 
 788      41585F5F 
 788      20343239 
 788      34393637 
 789 08cb 01       		.byte	0x1
 790 08cc 00       		.uleb128 0
 791 08cd 5F5F494E 		.ascii "__INTMAX_MAX__ 9223372036854775807LL\0"
 791      544D4158 
 791      5F4D4158 
 791      5F5F2039 
 791      32323333 
 792 08f2 01       		.byte	0x1
 793 08f3 00       		.uleb128 0
 794 08f4 5F5F494E 		.ascii "__INTMAX_C(c) c ## LL\0"
 794      544D4158 
 794      5F432863 
 794      29206320 
 794      2323204C 
 795 090a 01       		.byte	0x1
 796 090b 00       		.uleb128 0
 797 090c 5F5F5549 		.ascii "__UINTMAX_MAX__ 18446744073709551615ULL\0"
 797      4E544D41 
 797      585F4D41 
 797      585F5F20 
 797      31383434 
 798 0934 01       		.byte	0x1
 799 0935 00       		.uleb128 0
 800 0936 5F5F5549 		.ascii "__UINTMAX_C(c) c ## ULL\0"
 800      4E544D41 
 800      585F4328 
 800      63292063 
 800      20232320 
 801 094e 01       		.byte	0x1
 802 094f 00       		.uleb128 0
GAS LISTING C:\Users\PRESID~1\AppData\Local\Temp\ccb4SNEJ.s 			page 23


 803 0950 5F5F5349 		.ascii "__SIG_ATOMIC_MAX__ 2147483647\0"
 803      475F4154 
 803      4F4D4943 
 803      5F4D4158 
 803      5F5F2032 
 804 096e 01       		.byte	0x1
 805 096f 00       		.uleb128 0
 806 0970 5F5F5349 		.ascii "__SIG_ATOMIC_MIN__ (-__SIG_ATOMIC_MAX__ - 1)\0"
 806      475F4154 
 806      4F4D4943 
 806      5F4D494E 
 806      5F5F2028 
 807 099d 01       		.byte	0x1
 808 099e 00       		.uleb128 0
 809 099f 5F5F494E 		.ascii "__INT8_MAX__ 127\0"
 809      54385F4D 
 809      41585F5F 
 809      20313237 
 809      00
 810 09b0 01       		.byte	0x1
 811 09b1 00       		.uleb128 0
 812 09b2 5F5F494E 		.ascii "__INT16_MAX__ 32767\0"
 812      5431365F 
 812      4D41585F 
 812      5F203332 
 812      37363700 
 813 09c6 01       		.byte	0x1
 814 09c7 00       		.uleb128 0
 815 09c8 5F5F494E 		.ascii "__INT32_MAX__ 2147483647\0"
 815      5433325F 
 815      4D41585F 
 815      5F203231 
 815      34373438 
 816 09e1 01       		.byte	0x1
 817 09e2 00       		.uleb128 0
 818 09e3 5F5F494E 		.ascii "__INT64_MAX__ 9223372036854775807LL\0"
 818      5436345F 
 818      4D41585F 
 818      5F203932 
 818      32333337 
 819 0a07 01       		.byte	0x1
 820 0a08 00       		.uleb128 0
 821 0a09 5F5F5549 		.ascii "__UINT8_MAX__ 255\0"
 821      4E54385F 
 821      4D41585F 
 821      5F203235 
 821      3500
 822 0a1b 01       		.byte	0x1
 823 0a1c 00       		.uleb128 0
 824 0a1d 5F5F5549 		.ascii "__UINT16_MAX__ 65535\0"
 824      4E543136 
 824      5F4D4158 
 824      5F5F2036 
 824      35353335 
 825 0a32 01       		.byte	0x1
 826 0a33 00       		.uleb128 0
 827 0a34 5F5F5549 		.ascii "__UINT32_MAX__ 4294967295U\0"
GAS LISTING C:\Users\PRESID~1\AppData\Local\Temp\ccb4SNEJ.s 			page 24


 827      4E543332 
 827      5F4D4158 
 827      5F5F2034 
 827      32393439 
 828 0a4f 01       		.byte	0x1
 829 0a50 00       		.uleb128 0
 830 0a51 5F5F5549 		.ascii "__UINT64_MAX__ 18446744073709551615ULL\0"
 830      4E543634 
 830      5F4D4158 
 830      5F5F2031 
 830      38343436 
 831 0a78 01       		.byte	0x1
 832 0a79 00       		.uleb128 0
 833 0a7a 5F5F494E 		.ascii "__INT_LEAST8_MAX__ 127\0"
 833      545F4C45 
 833      41535438 
 833      5F4D4158 
 833      5F5F2031 
 834 0a91 01       		.byte	0x1
 835 0a92 00       		.uleb128 0
 836 0a93 5F5F494E 		.ascii "__INT8_C(c) c\0"
 836      54385F43 
 836      28632920 
 836      6300
 837 0aa1 01       		.byte	0x1
 838 0aa2 00       		.uleb128 0
 839 0aa3 5F5F494E 		.ascii "__INT_LEAST16_MAX__ 32767\0"
 839      545F4C45 
 839      41535431 
 839      365F4D41 
 839      585F5F20 
 840 0abd 01       		.byte	0x1
 841 0abe 00       		.uleb128 0
 842 0abf 5F5F494E 		.ascii "__INT16_C(c) c\0"
 842      5431365F 
 842      43286329 
 842      206300
 843 0ace 01       		.byte	0x1
 844 0acf 00       		.uleb128 0
 845 0ad0 5F5F494E 		.ascii "__INT_LEAST32_MAX__ 2147483647\0"
 845      545F4C45 
 845      41535433 
 845      325F4D41 
 845      585F5F20 
 846 0aef 01       		.byte	0x1
 847 0af0 00       		.uleb128 0
 848 0af1 5F5F494E 		.ascii "__INT32_C(c) c\0"
 848      5433325F 
 848      43286329 
 848      206300
 849 0b00 01       		.byte	0x1
 850 0b01 00       		.uleb128 0
 851 0b02 5F5F494E 		.ascii "__INT_LEAST64_MAX__ 9223372036854775807LL\0"
 851      545F4C45 
 851      41535436 
 851      345F4D41 
 851      585F5F20 
GAS LISTING C:\Users\PRESID~1\AppData\Local\Temp\ccb4SNEJ.s 			page 25


 852 0b2c 01       		.byte	0x1
 853 0b2d 00       		.uleb128 0
 854 0b2e 5F5F494E 		.ascii "__INT64_C(c) c ## LL\0"
 854      5436345F 
 854      43286329 
 854      20632023 
 854      23204C4C 
 855 0b43 01       		.byte	0x1
 856 0b44 00       		.uleb128 0
 857 0b45 5F5F5549 		.ascii "__UINT_LEAST8_MAX__ 255\0"
 857      4E545F4C 
 857      45415354 
 857      385F4D41 
 857      585F5F20 
 858 0b5d 01       		.byte	0x1
 859 0b5e 00       		.uleb128 0
 860 0b5f 5F5F5549 		.ascii "__UINT8_C(c) c\0"
 860      4E54385F 
 860      43286329 
 860      206300
 861 0b6e 01       		.byte	0x1
 862 0b6f 00       		.uleb128 0
 863 0b70 5F5F5549 		.ascii "__UINT_LEAST16_MAX__ 65535\0"
 863      4E545F4C 
 863      45415354 
 863      31365F4D 
 863      41585F5F 
 864 0b8b 01       		.byte	0x1
 865 0b8c 00       		.uleb128 0
 866 0b8d 5F5F5549 		.ascii "__UINT16_C(c) c\0"
 866      4E543136 
 866      5F432863 
 866      29206300 
 867 0b9d 01       		.byte	0x1
 868 0b9e 00       		.uleb128 0
 869 0b9f 5F5F5549 		.ascii "__UINT_LEAST32_MAX__ 4294967295U\0"
 869      4E545F4C 
 869      45415354 
 869      33325F4D 
 869      41585F5F 
 870 0bc0 01       		.byte	0x1
 871 0bc1 00       		.uleb128 0
 872 0bc2 5F5F5549 		.ascii "__UINT32_C(c) c ## U\0"
 872      4E543332 
 872      5F432863 
 872      29206320 
 872      23232055 
 873 0bd7 01       		.byte	0x1
 874 0bd8 00       		.uleb128 0
 875 0bd9 5F5F5549 		.ascii "__UINT_LEAST64_MAX__ 18446744073709551615ULL\0"
 875      4E545F4C 
 875      45415354 
 875      36345F4D 
 875      41585F5F 
 876 0c06 01       		.byte	0x1
 877 0c07 00       		.uleb128 0
 878 0c08 5F5F5549 		.ascii "__UINT64_C(c) c ## ULL\0"
GAS LISTING C:\Users\PRESID~1\AppData\Local\Temp\ccb4SNEJ.s 			page 26


 878      4E543634 
 878      5F432863 
 878      29206320 
 878      23232055 
 879 0c1f 01       		.byte	0x1
 880 0c20 00       		.uleb128 0
 881 0c21 5F5F494E 		.ascii "__INT_FAST8_MAX__ 127\0"
 881      545F4641 
 881      5354385F 
 881      4D41585F 
 881      5F203132 
 882 0c37 01       		.byte	0x1
 883 0c38 00       		.uleb128 0
 884 0c39 5F5F494E 		.ascii "__INT_FAST16_MAX__ 32767\0"
 884      545F4641 
 884      53543136 
 884      5F4D4158 
 884      5F5F2033 
 885 0c52 01       		.byte	0x1
 886 0c53 00       		.uleb128 0
 887 0c54 5F5F494E 		.ascii "__INT_FAST32_MAX__ 2147483647\0"
 887      545F4641 
 887      53543332 
 887      5F4D4158 
 887      5F5F2032 
 888 0c72 01       		.byte	0x1
 889 0c73 00       		.uleb128 0
 890 0c74 5F5F494E 		.ascii "__INT_FAST64_MAX__ 9223372036854775807LL\0"
 890      545F4641 
 890      53543634 
 890      5F4D4158 
 890      5F5F2039 
 891 0c9d 01       		.byte	0x1
 892 0c9e 00       		.uleb128 0
 893 0c9f 5F5F5549 		.ascii "__UINT_FAST8_MAX__ 255\0"
 893      4E545F46 
 893      41535438 
 893      5F4D4158 
 893      5F5F2032 
 894 0cb6 01       		.byte	0x1
 895 0cb7 00       		.uleb128 0
 896 0cb8 5F5F5549 		.ascii "__UINT_FAST16_MAX__ 65535\0"
 896      4E545F46 
 896      41535431 
 896      365F4D41 
 896      585F5F20 
 897 0cd2 01       		.byte	0x1
 898 0cd3 00       		.uleb128 0
 899 0cd4 5F5F5549 		.ascii "__UINT_FAST32_MAX__ 4294967295U\0"
 899      4E545F46 
 899      41535433 
 899      325F4D41 
 899      585F5F20 
 900 0cf4 01       		.byte	0x1
 901 0cf5 00       		.uleb128 0
 902 0cf6 5F5F5549 		.ascii "__UINT_FAST64_MAX__ 18446744073709551615ULL\0"
 902      4E545F46 
GAS LISTING C:\Users\PRESID~1\AppData\Local\Temp\ccb4SNEJ.s 			page 27


 902      41535436 
 902      345F4D41 
 902      585F5F20 
 903 0d22 01       		.byte	0x1
 904 0d23 00       		.uleb128 0
 905 0d24 5F5F494E 		.ascii "__INTPTR_MAX__ 2147483647\0"
 905      54505452 
 905      5F4D4158 
 905      5F5F2032 
 905      31343734 
 906 0d3e 01       		.byte	0x1
 907 0d3f 00       		.uleb128 0
 908 0d40 5F5F5549 		.ascii "__UINTPTR_MAX__ 4294967295U\0"
 908      4E545054 
 908      525F4D41 
 908      585F5F20 
 908      34323934 
 909 0d5c 01       		.byte	0x1
 910 0d5d 00       		.uleb128 0
 911 0d5e 5F5F4743 		.ascii "__GCC_IEC_559 2\0"
 911      435F4945 
 911      435F3535 
 911      39203200 
 912 0d6e 01       		.byte	0x1
 913 0d6f 00       		.uleb128 0
 914 0d70 5F5F4743 		.ascii "__GCC_IEC_559_COMPLEX 2\0"
 914      435F4945 
 914      435F3535 
 914      395F434F 
 914      4D504C45 
 915 0d88 01       		.byte	0x1
 916 0d89 00       		.uleb128 0
 917 0d8a 5F5F464C 		.ascii "__FLT_EVAL_METHOD__ 2\0"
 917      545F4556 
 917      414C5F4D 
 917      4554484F 
 917      445F5F20 
 918 0da0 01       		.byte	0x1
 919 0da1 00       		.uleb128 0
 920 0da2 5F5F4445 		.ascii "__DEC_EVAL_METHOD__ 2\0"
 920      435F4556 
 920      414C5F4D 
 920      4554484F 
 920      445F5F20 
 921 0db8 01       		.byte	0x1
 922 0db9 00       		.uleb128 0
 923 0dba 5F5F464C 		.ascii "__FLT_RADIX__ 2\0"
 923      545F5241 
 923      4449585F 
 923      5F203200 
 924 0dca 01       		.byte	0x1
 925 0dcb 00       		.uleb128 0
 926 0dcc 5F5F464C 		.ascii "__FLT_MANT_DIG__ 24\0"
 926      545F4D41 
 926      4E545F44 
 926      49475F5F 
 926      20323400 
GAS LISTING C:\Users\PRESID~1\AppData\Local\Temp\ccb4SNEJ.s 			page 28


 927 0de0 01       		.byte	0x1
 928 0de1 00       		.uleb128 0
 929 0de2 5F5F464C 		.ascii "__FLT_DIG__ 6\0"
 929      545F4449 
 929      475F5F20 
 929      3600
 930 0df0 01       		.byte	0x1
 931 0df1 00       		.uleb128 0
 932 0df2 5F5F464C 		.ascii "__FLT_MIN_EXP__ (-125)\0"
 932      545F4D49 
 932      4E5F4558 
 932      505F5F20 
 932      282D3132 
 933 0e09 01       		.byte	0x1
 934 0e0a 00       		.uleb128 0
 935 0e0b 5F5F464C 		.ascii "__FLT_MIN_10_EXP__ (-37)\0"
 935      545F4D49 
 935      4E5F3130 
 935      5F455850 
 935      5F5F2028 
 936 0e24 01       		.byte	0x1
 937 0e25 00       		.uleb128 0
 938 0e26 5F5F464C 		.ascii "__FLT_MAX_EXP__ 128\0"
 938      545F4D41 
 938      585F4558 
 938      505F5F20 
 938      31323800 
 939 0e3a 01       		.byte	0x1
 940 0e3b 00       		.uleb128 0
 941 0e3c 5F5F464C 		.ascii "__FLT_MAX_10_EXP__ 38\0"
 941      545F4D41 
 941      585F3130 
 941      5F455850 
 941      5F5F2033 
 942 0e52 01       		.byte	0x1
 943 0e53 00       		.uleb128 0
 944 0e54 5F5F464C 		.ascii "__FLT_DECIMAL_DIG__ 9\0"
 944      545F4445 
 944      43494D41 
 944      4C5F4449 
 944      475F5F20 
 945 0e6a 01       		.byte	0x1
 946 0e6b 00       		.uleb128 0
 947 0e6c 5F5F464C 		.ascii "__FLT_MAX__ 3.40282346638528859812e+38F\0"
 947      545F4D41 
 947      585F5F20 
 947      332E3430 
 947      32383233 
 948 0e94 01       		.byte	0x1
 949 0e95 00       		.uleb128 0
 950 0e96 5F5F464C 		.ascii "__FLT_MIN__ 1.17549435082228750797e-38F\0"
 950      545F4D49 
 950      4E5F5F20 
 950      312E3137 
 950      35343934 
 951 0ebe 01       		.byte	0x1
 952 0ebf 00       		.uleb128 0
GAS LISTING C:\Users\PRESID~1\AppData\Local\Temp\ccb4SNEJ.s 			page 29


 953 0ec0 5F5F464C 		.ascii "__FLT_EPSILON__ 1.19209289550781250000e-7F\0"
 953      545F4550 
 953      53494C4F 
 953      4E5F5F20 
 953      312E3139 
 954 0eeb 01       		.byte	0x1
 955 0eec 00       		.uleb128 0
 956 0eed 5F5F464C 		.ascii "__FLT_DENORM_MIN__ 1.40129846432481707092e-45F\0"
 956      545F4445 
 956      4E4F524D 
 956      5F4D494E 
 956      5F5F2031 
 957 0f1c 01       		.byte	0x1
 958 0f1d 00       		.uleb128 0
 959 0f1e 5F5F464C 		.ascii "__FLT_HAS_DENORM__ 1\0"
 959      545F4841 
 959      535F4445 
 959      4E4F524D 
 959      5F5F2031 
 960 0f33 01       		.byte	0x1
 961 0f34 00       		.uleb128 0
 962 0f35 5F5F464C 		.ascii "__FLT_HAS_INFINITY__ 1\0"
 962      545F4841 
 962      535F494E 
 962      46494E49 
 962      54595F5F 
 963 0f4c 01       		.byte	0x1
 964 0f4d 00       		.uleb128 0
 965 0f4e 5F5F464C 		.ascii "__FLT_HAS_QUIET_NAN__ 1\0"
 965      545F4841 
 965      535F5155 
 965      4945545F 
 965      4E414E5F 
 966 0f66 01       		.byte	0x1
 967 0f67 00       		.uleb128 0
 968 0f68 5F5F4442 		.ascii "__DBL_MANT_DIG__ 53\0"
 968      4C5F4D41 
 968      4E545F44 
 968      49475F5F 
 968      20353300 
 969 0f7c 01       		.byte	0x1
 970 0f7d 00       		.uleb128 0
 971 0f7e 5F5F4442 		.ascii "__DBL_DIG__ 15\0"
 971      4C5F4449 
 971      475F5F20 
 971      313500
 972 0f8d 01       		.byte	0x1
 973 0f8e 00       		.uleb128 0
 974 0f8f 5F5F4442 		.ascii "__DBL_MIN_EXP__ (-1021)\0"
 974      4C5F4D49 
 974      4E5F4558 
 974      505F5F20 
 974      282D3130 
 975 0fa7 01       		.byte	0x1
 976 0fa8 00       		.uleb128 0
 977 0fa9 5F5F4442 		.ascii "__DBL_MIN_10_EXP__ (-307)\0"
 977      4C5F4D49 
GAS LISTING C:\Users\PRESID~1\AppData\Local\Temp\ccb4SNEJ.s 			page 30


 977      4E5F3130 
 977      5F455850 
 977      5F5F2028 
 978 0fc3 01       		.byte	0x1
 979 0fc4 00       		.uleb128 0
 980 0fc5 5F5F4442 		.ascii "__DBL_MAX_EXP__ 1024\0"
 980      4C5F4D41 
 980      585F4558 
 980      505F5F20 
 980      31303234 
 981 0fda 01       		.byte	0x1
 982 0fdb 00       		.uleb128 0
 983 0fdc 5F5F4442 		.ascii "__DBL_MAX_10_EXP__ 308\0"
 983      4C5F4D41 
 983      585F3130 
 983      5F455850 
 983      5F5F2033 
 984 0ff3 01       		.byte	0x1
 985 0ff4 00       		.uleb128 0
 986 0ff5 5F5F4442 		.ascii "__DBL_DECIMAL_DIG__ 17\0"
 986      4C5F4445 
 986      43494D41 
 986      4C5F4449 
 986      475F5F20 
 987 100c 01       		.byte	0x1
 988 100d 00       		.uleb128 0
 989 100e 5F5F4442 		.ascii "__DBL_MAX__ ((double)1.79769313486231570815e+308L)\0"
 989      4C5F4D41 
 989      585F5F20 
 989      2828646F 
 989      75626C65 
 990 1041 01       		.byte	0x1
 991 1042 00       		.uleb128 0
 992 1043 5F5F4442 		.ascii "__DBL_MIN__ ((double)2.22507385850720138309e-308L)\0"
 992      4C5F4D49 
 992      4E5F5F20 
 992      2828646F 
 992      75626C65 
 993 1076 01       		.byte	0x1
 994 1077 00       		.uleb128 0
 995 1078 5F5F4442 		.ascii "__DBL_EPSILON__ ((double)2.22044604925031308085e-16L)\0"
 995      4C5F4550 
 995      53494C4F 
 995      4E5F5F20 
 995      2828646F 
 996 10ae 01       		.byte	0x1
 997 10af 00       		.uleb128 0
 998 10b0 5F5F4442 		.ascii "__DBL_DENORM_MIN__ ((double)4.94065645841246544177e-324L)\0"
 998      4C5F4445 
 998      4E4F524D 
 998      5F4D494E 
 998      5F5F2028 
 999 10ea 01       		.byte	0x1
 1000 10eb 00       		.uleb128 0
 1001 10ec 5F5F4442 		.ascii "__DBL_HAS_DENORM__ 1\0"
 1001      4C5F4841 
 1001      535F4445 
GAS LISTING C:\Users\PRESID~1\AppData\Local\Temp\ccb4SNEJ.s 			page 31


 1001      4E4F524D 
 1001      5F5F2031 
 1002 1101 01       		.byte	0x1
 1003 1102 00       		.uleb128 0
 1004 1103 5F5F4442 		.ascii "__DBL_HAS_INFINITY__ 1\0"
 1004      4C5F4841 
 1004      535F494E 
 1004      46494E49 
 1004      54595F5F 
 1005 111a 01       		.byte	0x1
 1006 111b 00       		.uleb128 0
 1007 111c 5F5F4442 		.ascii "__DBL_HAS_QUIET_NAN__ 1\0"
 1007      4C5F4841 
 1007      535F5155 
 1007      4945545F 
 1007      4E414E5F 
 1008 1134 01       		.byte	0x1
 1009 1135 00       		.uleb128 0
 1010 1136 5F5F4C44 		.ascii "__LDBL_MANT_DIG__ 64\0"
 1010      424C5F4D 
 1010      414E545F 
 1010      4449475F 
 1010      5F203634 
 1011 114b 01       		.byte	0x1
 1012 114c 00       		.uleb128 0
 1013 114d 5F5F4C44 		.ascii "__LDBL_DIG__ 18\0"
 1013      424C5F44 
 1013      49475F5F 
 1013      20313800 
 1014 115d 01       		.byte	0x1
 1015 115e 00       		.uleb128 0
 1016 115f 5F5F4C44 		.ascii "__LDBL_MIN_EXP__ (-16381)\0"
 1016      424C5F4D 
 1016      494E5F45 
 1016      58505F5F 
 1016      20282D31 
 1017 1179 01       		.byte	0x1
 1018 117a 00       		.uleb128 0
 1019 117b 5F5F4C44 		.ascii "__LDBL_MIN_10_EXP__ (-4931)\0"
 1019      424C5F4D 
 1019      494E5F31 
 1019      305F4558 
 1019      505F5F20 
 1020 1197 01       		.byte	0x1
 1021 1198 00       		.uleb128 0
 1022 1199 5F5F4C44 		.ascii "__LDBL_MAX_EXP__ 16384\0"
 1022      424C5F4D 
 1022      41585F45 
 1022      58505F5F 
 1022      20313633 
 1023 11b0 01       		.byte	0x1
 1024 11b1 00       		.uleb128 0
 1025 11b2 5F5F4C44 		.ascii "__LDBL_MAX_10_EXP__ 4932\0"
 1025      424C5F4D 
 1025      41585F31 
 1025      305F4558 
 1025      505F5F20 
GAS LISTING C:\Users\PRESID~1\AppData\Local\Temp\ccb4SNEJ.s 			page 32


 1026 11cb 01       		.byte	0x1
 1027 11cc 00       		.uleb128 0
 1028 11cd 5F5F4445 		.ascii "__DECIMAL_DIG__ 21\0"
 1028      43494D41 
 1028      4C5F4449 
 1028      475F5F20 
 1028      323100
 1029 11e0 01       		.byte	0x1
 1030 11e1 00       		.uleb128 0
 1031 11e2 5F5F4C44 		.ascii "__LDBL_MAX__ 1.18973149535723176502e+4932L\0"
 1031      424C5F4D 
 1031      41585F5F 
 1031      20312E31 
 1031      38393733 
 1032 120d 01       		.byte	0x1
 1033 120e 00       		.uleb128 0
 1034 120f 5F5F4C44 		.ascii "__LDBL_MIN__ 3.36210314311209350626e-4932L\0"
 1034      424C5F4D 
 1034      494E5F5F 
 1034      20332E33 
 1034      36323130 
 1035 123a 01       		.byte	0x1
 1036 123b 00       		.uleb128 0
 1037 123c 5F5F4C44 		.ascii "__LDBL_EPSILON__ 1.08420217248550443401e-19L\0"
 1037      424C5F45 
 1037      5053494C 
 1037      4F4E5F5F 
 1037      20312E30 
 1038 1269 01       		.byte	0x1
 1039 126a 00       		.uleb128 0
 1040 126b 5F5F4C44 		.ascii "__LDBL_DENORM_MIN__ 3.64519953188247460253e-4951L\0"
 1040      424C5F44 
 1040      454E4F52 
 1040      4D5F4D49 
 1040      4E5F5F20 
 1041 129d 01       		.byte	0x1
 1042 129e 00       		.uleb128 0
 1043 129f 5F5F4C44 		.ascii "__LDBL_HAS_DENORM__ 1\0"
 1043      424C5F48 
 1043      41535F44 
 1043      454E4F52 
 1043      4D5F5F20 
 1044 12b5 01       		.byte	0x1
 1045 12b6 00       		.uleb128 0
 1046 12b7 5F5F4C44 		.ascii "__LDBL_HAS_INFINITY__ 1\0"
 1046      424C5F48 
 1046      41535F49 
 1046      4E46494E 
 1046      4954595F 
 1047 12cf 01       		.byte	0x1
 1048 12d0 00       		.uleb128 0
 1049 12d1 5F5F4C44 		.ascii "__LDBL_HAS_QUIET_NAN__ 1\0"
 1049      424C5F48 
 1049      41535F51 
 1049      55494554 
 1049      5F4E414E 
 1050 12ea 01       		.byte	0x1
GAS LISTING C:\Users\PRESID~1\AppData\Local\Temp\ccb4SNEJ.s 			page 33


 1051 12eb 00       		.uleb128 0
 1052 12ec 5F5F4445 		.ascii "__DEC32_MANT_DIG__ 7\0"
 1052      4333325F 
 1052      4D414E54 
 1052      5F444947 
 1052      5F5F2037 
 1053 1301 01       		.byte	0x1
 1054 1302 00       		.uleb128 0
 1055 1303 5F5F4445 		.ascii "__DEC32_MIN_EXP__ (-94)\0"
 1055      4333325F 
 1055      4D494E5F 
 1055      4558505F 
 1055      5F20282D 
 1056 131b 01       		.byte	0x1
 1057 131c 00       		.uleb128 0
 1058 131d 5F5F4445 		.ascii "__DEC32_MAX_EXP__ 97\0"
 1058      4333325F 
 1058      4D41585F 
 1058      4558505F 
 1058      5F203937 
 1059 1332 01       		.byte	0x1
 1060 1333 00       		.uleb128 0
 1061 1334 5F5F4445 		.ascii "__DEC32_MIN__ 1E-95DF\0"
 1061      4333325F 
 1061      4D494E5F 
 1061      5F203145 
 1061      2D393544 
 1062 134a 01       		.byte	0x1
 1063 134b 00       		.uleb128 0
 1064 134c 5F5F4445 		.ascii "__DEC32_MAX__ 9.999999E96DF\0"
 1064      4333325F 
 1064      4D41585F 
 1064      5F20392E 
 1064      39393939 
 1065 1368 01       		.byte	0x1
 1066 1369 00       		.uleb128 0
 1067 136a 5F5F4445 		.ascii "__DEC32_EPSILON__ 1E-6DF\0"
 1067      4333325F 
 1067      45505349 
 1067      4C4F4E5F 
 1067      5F203145 
 1068 1383 01       		.byte	0x1
 1069 1384 00       		.uleb128 0
 1070 1385 5F5F4445 		.ascii "__DEC32_SUBNORMAL_MIN__ 0.000001E-95DF\0"
 1070      4333325F 
 1070      5355424E 
 1070      4F524D41 
 1070      4C5F4D49 
 1071 13ac 01       		.byte	0x1
 1072 13ad 00       		.uleb128 0
 1073 13ae 5F5F4445 		.ascii "__DEC64_MANT_DIG__ 16\0"
 1073      4336345F 
 1073      4D414E54 
 1073      5F444947 
 1073      5F5F2031 
 1074 13c4 01       		.byte	0x1
 1075 13c5 00       		.uleb128 0
GAS LISTING C:\Users\PRESID~1\AppData\Local\Temp\ccb4SNEJ.s 			page 34


 1076 13c6 5F5F4445 		.ascii "__DEC64_MIN_EXP__ (-382)\0"
 1076      4336345F 
 1076      4D494E5F 
 1076      4558505F 
 1076      5F20282D 
 1077 13df 01       		.byte	0x1
 1078 13e0 00       		.uleb128 0
 1079 13e1 5F5F4445 		.ascii "__DEC64_MAX_EXP__ 385\0"
 1079      4336345F 
 1079      4D41585F 
 1079      4558505F 
 1079      5F203338 
 1080 13f7 01       		.byte	0x1
 1081 13f8 00       		.uleb128 0
 1082 13f9 5F5F4445 		.ascii "__DEC64_MIN__ 1E-383DD\0"
 1082      4336345F 
 1082      4D494E5F 
 1082      5F203145 
 1082      2D333833 
 1083 1410 01       		.byte	0x1
 1084 1411 00       		.uleb128 0
 1085 1412 5F5F4445 		.ascii "__DEC64_MAX__ 9.999999999999999E384DD\0"
 1085      4336345F 
 1085      4D41585F 
 1085      5F20392E 
 1085      39393939 
 1086 1438 01       		.byte	0x1
 1087 1439 00       		.uleb128 0
 1088 143a 5F5F4445 		.ascii "__DEC64_EPSILON__ 1E-15DD\0"
 1088      4336345F 
 1088      45505349 
 1088      4C4F4E5F 
 1088      5F203145 
 1089 1454 01       		.byte	0x1
 1090 1455 00       		.uleb128 0
 1091 1456 5F5F4445 		.ascii "__DEC64_SUBNORMAL_MIN__ 0.000000000000001E-383DD\0"
 1091      4336345F 
 1091      5355424E 
 1091      4F524D41 
 1091      4C5F4D49 
 1092 1487 01       		.byte	0x1
 1093 1488 00       		.uleb128 0
 1094 1489 5F5F4445 		.ascii "__DEC128_MANT_DIG__ 34\0"
 1094      43313238 
 1094      5F4D414E 
 1094      545F4449 
 1094      475F5F20 
 1095 14a0 01       		.byte	0x1
 1096 14a1 00       		.uleb128 0
 1097 14a2 5F5F4445 		.ascii "__DEC128_MIN_EXP__ (-6142)\0"
 1097      43313238 
 1097      5F4D494E 
 1097      5F455850 
 1097      5F5F2028 
 1098 14bd 01       		.byte	0x1
 1099 14be 00       		.uleb128 0
 1100 14bf 5F5F4445 		.ascii "__DEC128_MAX_EXP__ 6145\0"
GAS LISTING C:\Users\PRESID~1\AppData\Local\Temp\ccb4SNEJ.s 			page 35


 1100      43313238 
 1100      5F4D4158 
 1100      5F455850 
 1100      5F5F2036 
 1101 14d7 01       		.byte	0x1
 1102 14d8 00       		.uleb128 0
 1103 14d9 5F5F4445 		.ascii "__DEC128_MIN__ 1E-6143DL\0"
 1103      43313238 
 1103      5F4D494E 
 1103      5F5F2031 
 1103      452D3631 
 1104 14f2 01       		.byte	0x1
 1105 14f3 00       		.uleb128 0
 1106 14f4 5F5F4445 		.ascii "__DEC128_MAX__ 9.999999999999999999999999999999999E6144DL\0"
 1106      43313238 
 1106      5F4D4158 
 1106      5F5F2039 
 1106      2E393939 
 1107 152e 01       		.byte	0x1
 1108 152f 00       		.uleb128 0
 1109 1530 5F5F4445 		.ascii "__DEC128_EPSILON__ 1E-33DL\0"
 1109      43313238 
 1109      5F455053 
 1109      494C4F4E 
 1109      5F5F2031 
 1110 154b 01       		.byte	0x1
 1111 154c 00       		.uleb128 0
 1112 154d 5F5F4445 		.ascii "__DEC128_SUBNORMAL_MIN__ 0.000000000000000000000000000000001E-6143DL\0"
 1112      43313238 
 1112      5F535542 
 1112      4E4F524D 
 1112      414C5F4D 
 1113 1592 01       		.byte	0x1
 1114 1593 00       		.uleb128 0
 1115 1594 5F5F5245 		.ascii "__REGISTER_PREFIX__ \0"
 1115      47495354 
 1115      45525F50 
 1115      52454649 
 1115      585F5F20 
 1116 15a9 01       		.byte	0x1
 1117 15aa 00       		.uleb128 0
 1118 15ab 5F5F5553 		.ascii "__USER_LABEL_PREFIX__ _\0"
 1118      45525F4C 
 1118      4142454C 
 1118      5F505245 
 1118      4649585F 
 1119 15c3 01       		.byte	0x1
 1120 15c4 00       		.uleb128 0
 1121 15c5 5F5F474E 		.ascii "__GNUC_GNU_INLINE__ 1\0"
 1121      55435F47 
 1121      4E555F49 
 1121      4E4C494E 
 1121      455F5F20 
 1122 15db 01       		.byte	0x1
 1123 15dc 00       		.uleb128 0
 1124 15dd 5F5F4E4F 		.ascii "__NO_INLINE__ 1\0"
 1124      5F494E4C 
GAS LISTING C:\Users\PRESID~1\AppData\Local\Temp\ccb4SNEJ.s 			page 36


 1124      494E455F 
 1124      5F203100 
 1125 15ed 01       		.byte	0x1
 1126 15ee 00       		.uleb128 0
 1127 15ef 5F5F5354 		.ascii "__STRICT_ANSI__ 1\0"
 1127      52494354 
 1127      5F414E53 
 1127      495F5F20 
 1127      3100
 1128 1601 01       		.byte	0x1
 1129 1602 00       		.uleb128 0
 1130 1603 5F5F4743 		.ascii "__GCC_ATOMIC_BOOL_LOCK_FREE 1\0"
 1130      435F4154 
 1130      4F4D4943 
 1130      5F424F4F 
 1130      4C5F4C4F 
 1131 1621 01       		.byte	0x1
 1132 1622 00       		.uleb128 0
 1133 1623 5F5F4743 		.ascii "__GCC_ATOMIC_CHAR_LOCK_FREE 1\0"
 1133      435F4154 
 1133      4F4D4943 
 1133      5F434841 
 1133      525F4C4F 
 1134 1641 01       		.byte	0x1
 1135 1642 00       		.uleb128 0
 1136 1643 5F5F4743 		.ascii "__GCC_ATOMIC_CHAR16_T_LOCK_FREE 1\0"
 1136      435F4154 
 1136      4F4D4943 
 1136      5F434841 
 1136      5231365F 
 1137 1665 01       		.byte	0x1
 1138 1666 00       		.uleb128 0
 1139 1667 5F5F4743 		.ascii "__GCC_ATOMIC_CHAR32_T_LOCK_FREE 1\0"
 1139      435F4154 
 1139      4F4D4943 
 1139      5F434841 
 1139      5233325F 
 1140 1689 01       		.byte	0x1
 1141 168a 00       		.uleb128 0
 1142 168b 5F5F4743 		.ascii "__GCC_ATOMIC_WCHAR_T_LOCK_FREE 1\0"
 1142      435F4154 
 1142      4F4D4943 
 1142      5F574348 
 1142      41525F54 
 1143 16ac 01       		.byte	0x1
 1144 16ad 00       		.uleb128 0
 1145 16ae 5F5F4743 		.ascii "__GCC_ATOMIC_SHORT_LOCK_FREE 1\0"
 1145      435F4154 
 1145      4F4D4943 
 1145      5F53484F 
 1145      52545F4C 
 1146 16cd 01       		.byte	0x1
 1147 16ce 00       		.uleb128 0
 1148 16cf 5F5F4743 		.ascii "__GCC_ATOMIC_INT_LOCK_FREE 1\0"
 1148      435F4154 
 1148      4F4D4943 
 1148      5F494E54 
GAS LISTING C:\Users\PRESID~1\AppData\Local\Temp\ccb4SNEJ.s 			page 37


 1148      5F4C4F43 
 1149 16ec 01       		.byte	0x1
 1150 16ed 00       		.uleb128 0
 1151 16ee 5F5F4743 		.ascii "__GCC_ATOMIC_LONG_LOCK_FREE 1\0"
 1151      435F4154 
 1151      4F4D4943 
 1151      5F4C4F4E 
 1151      475F4C4F 
 1152 170c 01       		.byte	0x1
 1153 170d 00       		.uleb128 0
 1154 170e 5F5F4743 		.ascii "__GCC_ATOMIC_LLONG_LOCK_FREE 1\0"
 1154      435F4154 
 1154      4F4D4943 
 1154      5F4C4C4F 
 1154      4E475F4C 
 1155 172d 01       		.byte	0x1
 1156 172e 00       		.uleb128 0
 1157 172f 5F5F4743 		.ascii "__GCC_ATOMIC_TEST_AND_SET_TRUEVAL 1\0"
 1157      435F4154 
 1157      4F4D4943 
 1157      5F544553 
 1157      545F414E 
 1158 1753 01       		.byte	0x1
 1159 1754 00       		.uleb128 0
 1160 1755 5F5F4743 		.ascii "__GCC_ATOMIC_POINTER_LOCK_FREE 1\0"
 1160      435F4154 
 1160      4F4D4943 
 1160      5F504F49 
 1160      4E544552 
 1161 1776 01       		.byte	0x1
 1162 1777 00       		.uleb128 0
 1163 1778 5F5F4743 		.ascii "__GCC_HAVE_DWARF2_CFI_ASM 1\0"
 1163      435F4841 
 1163      56455F44 
 1163      57415246 
 1163      325F4346 
 1164 1794 01       		.byte	0x1
 1165 1795 00       		.uleb128 0
 1166 1796 5F5F5052 		.ascii "__PRAGMA_REDEFINE_EXTNAME 1\0"
 1166      41474D41 
 1166      5F524544 
 1166      4546494E 
 1166      455F4558 
 1167 17b2 01       		.byte	0x1
 1168 17b3 00       		.uleb128 0
 1169 17b4 5F5F5349 		.ascii "__SIZEOF_WCHAR_T__ 2\0"
 1169      5A454F46 
 1169      5F574348 
 1169      41525F54 
 1169      5F5F2032 
 1170 17c9 01       		.byte	0x1
 1171 17ca 00       		.uleb128 0
 1172 17cb 5F5F5349 		.ascii "__SIZEOF_WINT_T__ 2\0"
 1172      5A454F46 
 1172      5F57494E 
 1172      545F545F 
 1172      5F203200 
GAS LISTING C:\Users\PRESID~1\AppData\Local\Temp\ccb4SNEJ.s 			page 38


 1173 17df 01       		.byte	0x1
 1174 17e0 00       		.uleb128 0
 1175 17e1 5F5F5349 		.ascii "__SIZEOF_PTRDIFF_T__ 4\0"
 1175      5A454F46 
 1175      5F505452 
 1175      44494646 
 1175      5F545F5F 
 1176 17f8 01       		.byte	0x1
 1177 17f9 00       		.uleb128 0
 1178 17fa 5F5F6933 		.ascii "__i386 1\0"
 1178      38362031 
 1178      00
 1179 1803 01       		.byte	0x1
 1180 1804 00       		.uleb128 0
 1181 1805 5F5F6933 		.ascii "__i386__ 1\0"
 1181      38365F5F 
 1181      203100
 1182 1810 01       		.byte	0x1
 1183 1811 00       		.uleb128 0
 1184 1812 5F5F4154 		.ascii "__ATOMIC_HLE_ACQUIRE 65536\0"
 1184      4F4D4943 
 1184      5F484C45 
 1184      5F414351 
 1184      55495245 
 1185 182d 01       		.byte	0x1
 1186 182e 00       		.uleb128 0
 1187 182f 5F5F4154 		.ascii "__ATOMIC_HLE_RELEASE 131072\0"
 1187      4F4D4943 
 1187      5F484C45 
 1187      5F52454C 
 1187      45415345 
 1188 184b 01       		.byte	0x1
 1189 184c 00       		.uleb128 0
 1190 184d 5F5F7475 		.ascii "__tune_i386__ 1\0"
 1190      6E655F69 
 1190      3338365F 
 1190      5F203100 
 1191 185d 01       		.byte	0x1
 1192 185e 00       		.uleb128 0
 1193 185f 5F5F636F 		.ascii "__code_model_32__ 1\0"
 1193      64655F6D 
 1193      6F64656C 
 1193      5F33325F 
 1193      5F203100 
 1194 1873 01       		.byte	0x1
 1195 1874 00       		.uleb128 0
 1196 1875 5F583836 		.ascii "_X86_ 1\0"
 1196      5F203100 
 1197 187d 01       		.byte	0x1
 1198 187e 00       		.uleb128 0
 1199 187f 5F5F7374 		.ascii "__stdcall __attribute__((__stdcall__))\0"
 1199      6463616C 
 1199      6C205F5F 
 1199      61747472 
 1199      69627574 
 1200 18a6 01       		.byte	0x1
 1201 18a7 00       		.uleb128 0
GAS LISTING C:\Users\PRESID~1\AppData\Local\Temp\ccb4SNEJ.s 			page 39


 1202 18a8 5F5F6661 		.ascii "__fastcall __attribute__((__fastcall__))\0"
 1202      73746361 
 1202      6C6C205F 
 1202      5F617474 
 1202      72696275 
 1203 18d1 01       		.byte	0x1
 1204 18d2 00       		.uleb128 0
 1205 18d3 5F5F7468 		.ascii "__thiscall __attribute__((__thiscall__))\0"
 1205      69736361 
 1205      6C6C205F 
 1205      5F617474 
 1205      72696275 
 1206 18fc 01       		.byte	0x1
 1207 18fd 00       		.uleb128 0
 1208 18fe 5F5F6364 		.ascii "__cdecl __attribute__((__cdecl__))\0"
 1208      65636C20 
 1208      5F5F6174 
 1208      74726962 
 1208      7574655F 
 1209 1921 01       		.byte	0x1
 1210 1922 00       		.uleb128 0
 1211 1923 5F5F4758 		.ascii "__GXX_MERGED_TYPEINFO_NAMES 0\0"
 1211      585F4D45 
 1211      52474544 
 1211      5F545950 
 1211      45494E46 
 1212 1941 01       		.byte	0x1
 1213 1942 00       		.uleb128 0
 1214 1943 5F5F4758 		.ascii "__GXX_TYPEINFO_EQUALITY_INLINE 0\0"
 1214      585F5459 
 1214      5045494E 
 1214      464F5F45 
 1214      5155414C 
 1215 1964 01       		.byte	0x1
 1216 1965 00       		.uleb128 0
 1217 1966 5F5F4D53 		.ascii "__MSVCRT__ 1\0"
 1217      56435254 
 1217      5F5F2031 
 1217      00
 1218 1973 01       		.byte	0x1
 1219 1974 00       		.uleb128 0
 1220 1975 5F5F4D49 		.ascii "__MINGW32__ 1\0"
 1220      4E475733 
 1220      325F5F20 
 1220      3100
 1221 1983 01       		.byte	0x1
 1222 1984 00       		.uleb128 0
 1223 1985 5F57494E 		.ascii "_WIN32 1\0"
 1223      33322031 
 1223      00
 1224 198e 01       		.byte	0x1
 1225 198f 00       		.uleb128 0
 1226 1990 5F5F5749 		.ascii "__WIN32 1\0"
 1226      4E333220 
 1226      3100
 1227 199a 01       		.byte	0x1
 1228 199b 00       		.uleb128 0
GAS LISTING C:\Users\PRESID~1\AppData\Local\Temp\ccb4SNEJ.s 			page 40


 1229 199c 5F5F5749 		.ascii "__WIN32__ 1\0"
 1229      4E33325F 
 1229      5F203100 
 1230 19a8 01       		.byte	0x1
 1231 19a9 00       		.uleb128 0
 1232 19aa 5F5F5749 		.ascii "__WINNT 1\0"
 1232      4E4E5420 
 1232      3100
 1233 19b4 01       		.byte	0x1
 1234 19b5 00       		.uleb128 0
 1235 19b6 5F5F5749 		.ascii "__WINNT__ 1\0"
 1235      4E4E545F 
 1235      5F203100 
 1236 19c2 01       		.byte	0x1
 1237 19c3 00       		.uleb128 0
 1238 19c4 5F494E54 		.ascii "_INTEGRAL_MAX_BITS 64\0"
 1238      45475241 
 1238      4C5F4D41 
 1238      585F4249 
 1238      54532036 
 1239 19da 01       		.byte	0x1
 1240 19db 00       		.uleb128 0
 1241 19dc 5F5F6465 		.ascii "__declspec(x) __attribute__((x))\0"
 1241      636C7370 
 1241      65632878 
 1241      29205F5F 
 1241      61747472 
 1242 19fd 01       		.byte	0x1
 1243 19fe 00       		.uleb128 0
 1244 19ff 5F5F4445 		.ascii "__DECIMAL_BID_FORMAT__ 1\0"
 1244      43494D41 
 1244      4C5F4249 
 1244      445F464F 
 1244      524D4154 
 1245 1a18 01       		.byte	0x1
 1246 1a19 00       		.uleb128 0
 1247 1a1a 4346475F 		.ascii "CFG_PROCESSOR 3\0"
 1247      50524F43 
 1247      4553534F 
 1247      52203300 
 1248 1a2a 03       		.byte	0x3
 1249 1a2b 00       		.uleb128 0
 1250 1a2c 01       		.uleb128 0x1
 1251              		.file 4 "E:/NeuOrga/Programmieren/c_cpp/github_os/input/src/os_base/os_firstinc.h"
 1252 1a2d 03       		.byte	0x3
 1253 1a2e 01       		.uleb128 0x1
 1254 1a2f 04       		.uleb128 0x4
 1255 1a30 01       		.byte	0x1
 1256 1a31 02       		.uleb128 0x2
 1257 1a32 5F6F735F 		.ascii "_os_firstinc_h_ \0"
 1257      66697273 
 1257      74696E63 
 1257      5F685F20 
 1257      00
 1258 1a43 03       		.byte	0x3
 1259 1a44 04       		.uleb128 0x4
 1260 1a45 02       		.uleb128 0x2
GAS LISTING C:\Users\PRESID~1\AppData\Local\Temp\ccb4SNEJ.s 			page 41


 1261 1a46 01       		.byte	0x1
 1262 1a47 02       		.uleb128 0x2
 1263 1a48 5F424153 		.ascii "_BASE_TYPES_H_ \0"
 1263      455F5459 
 1263      5045535F 
 1263      485F2000 
 1264 1a58 01       		.byte	0x1
 1265 1a59 04       		.uleb128 0x4
 1266 1a5a 494E5445 		.ascii "INTEGER_LLP64_IL32P64 1\0"
 1266      4745525F 
 1266      4C4C5036 
 1266      345F494C 
 1266      33325036 
 1267 1a72 01       		.byte	0x1
 1268 1a73 05       		.uleb128 0x5
 1269 1a74 494E5445 		.ascii "INTEGER_LP64_I32LP64 2\0"
 1269      4745525F 
 1269      4C503634 
 1269      5F493332 
 1269      4C503634 
 1270 1a8b 01       		.byte	0x1
 1271 1a8c 06       		.uleb128 0x6
 1272 1a8d 494E5445 		.ascii "INTEGER_ILP64 3\0"
 1272      4745525F 
 1272      494C5036 
 1272      34203300 
 1273 1a9d 01       		.byte	0x1
 1274 1a9e 07       		.uleb128 0x7
 1275 1a9f 494E5445 		.ascii "INTEGER_SILP64 4\0"
 1275      4745525F 
 1275      53494C50 
 1275      36342034 
 1275      00
 1276 1ab0 01       		.byte	0x1
 1277 1ab1 09       		.uleb128 0x9
 1278 1ab2 4350505F 		.ascii "CPP_VERSION_NONE 0\0"
 1278      56455253 
 1278      494F4E5F 
 1278      4E4F4E45 
 1278      203000
 1279 1ac5 01       		.byte	0x1
 1280 1ac6 0A       		.uleb128 0xa
 1281 1ac7 4350505F 		.ascii "CPP_VERSION_1998 1\0"
 1281      56455253 
 1281      494F4E5F 
 1281      31393938 
 1281      203100
 1282 1ada 01       		.byte	0x1
 1283 1adb 0B       		.uleb128 0xb
 1284 1adc 4350505F 		.ascii "CPP_VERSION_2003 2\0"
 1284      56455253 
 1284      494F4E5F 
 1284      32303033 
 1284      203200
 1285 1aef 01       		.byte	0x1
 1286 1af0 0C       		.uleb128 0xc
 1287 1af1 4350505F 		.ascii "CPP_VERSION_2007 3\0"
GAS LISTING C:\Users\PRESID~1\AppData\Local\Temp\ccb4SNEJ.s 			page 42


 1287      56455253 
 1287      494F4E5F 
 1287      32303037 
 1287      203300
 1288 1b04 01       		.byte	0x1
 1289 1b05 0D       		.uleb128 0xd
 1290 1b06 4350505F 		.ascii "CPP_VERSION_2011 4\0"
 1290      56455253 
 1290      494F4E5F 
 1290      32303131 
 1290      203400
 1291 1b19 01       		.byte	0x1
 1292 1b1a 0E       		.uleb128 0xe
 1293 1b1b 49534F5F 		.ascii "ISO_CPP_VERSION CPP_VERSION_1998\0"
 1293      4350505F 
 1293      56455253 
 1293      494F4E20 
 1293      4350505F 
 1294 1b3c 01       		.byte	0x1
 1295 1b3d 10       		.uleb128 0x10
 1296 1b3e 494E5445 		.ascii "INTEGER_MODEL INTEGER_LLP64_IL32P64\0"
 1296      4745525F 
 1296      4D4F4445 
 1296      4C20494E 
 1296      54454745 
 1297 1b62 04       		.byte	0x4
 1298              		.file 5 "E:/NeuOrga/Programmieren/c_cpp/github_os/input/src/os_base/../os_base/os_common.h"
 1299 1b63 03       		.byte	0x3
 1300 1b64 05       		.uleb128 0x5
 1301 1b65 05       		.uleb128 0x5
 1302 1b66 01       		.byte	0x1
 1303 1b67 02       		.uleb128 0x2
 1304 1b68 5F6F735F 		.ascii "_os_common_h_ \0"
 1304      636F6D6D 
 1304      6F6E5F68 
 1304      5F2000
 1305 1b77 01       		.byte	0x1
 1306 1b78 06       		.uleb128 0x6
 1307 1b79 46616C73 		.ascii "False 0\0"
 1307      65203000 
 1308 1b81 01       		.byte	0x1
 1309 1b82 07       		.uleb128 0x7
 1310 1b83 54727565 		.ascii "True 1\0"
 1310      203100
 1311 1b8a 01       		.byte	0x1
 1312 1b8b 08       		.uleb128 0x8
 1313 1b8c 46414C53 		.ascii "FALSE False\0"
 1313      45204661 
 1313      6C736500 
 1314 1b98 01       		.byte	0x1
 1315 1b99 09       		.uleb128 0x9
 1316 1b9a 54525545 		.ascii "TRUE True\0"
 1316      20547275 
 1316      6500
 1317 1ba4 01       		.byte	0x1
 1318 1ba5 0A       		.uleb128 0xa
 1319 1ba6 41636365 		.ascii "Accepted 1\0"
GAS LISTING C:\Users\PRESID~1\AppData\Local\Temp\ccb4SNEJ.s 			page 43


 1319      70746564 
 1319      203100
 1320 1bb1 01       		.byte	0x1
 1321 1bb2 0B       		.uleb128 0xb
 1322 1bb3 52656A65 		.ascii "Rejected 0\0"
 1322      63746564 
 1322      203000
 1323 1bbe 01       		.byte	0x1
 1324 1bbf 0C       		.uleb128 0xc
 1325 1bc0 4C6F6361 		.ascii "Local static\0"
 1325      6C207374 
 1325      61746963 
 1325      00
 1326 1bcd 01       		.byte	0x1
 1327 1bce 0D       		.uleb128 0xd
 1328 1bcf 4C6F6361 		.ascii "Local_inline static __inline__\0"
 1328      6C5F696E 
 1328      6C696E65 
 1328      20737461 
 1328      74696320 
 1329 1bee 01       		.byte	0x1
 1330 1bef 0E       		.uleb128 0xe
 1331 1bf0 476C6F62 		.ascii "Global_inline __inline__\0"
 1331      616C5F69 
 1331      6E6C696E 
 1331      65205F5F 
 1331      696E6C69 
 1332 1c09 01       		.byte	0x1
 1333 1c0a 0F       		.uleb128 0xf
 1334 1c0b 52656665 		.ascii "ReferenceUnusedParameter(x) ((x) = (x))\0"
 1334      72656E63 
 1334      65556E75 
 1334      73656450 
 1334      6172616D 
 1335 1c33 01       		.byte	0x1
 1336 1c34 12       		.uleb128 0x12
 1337 1c35 634D4355 		.ascii "cMCU_SIMULATION 1\0"
 1337      5F53494D 
 1337      554C4154 
 1337      494F4E20 
 1337      3100
 1338 1c47 01       		.byte	0x1
 1339 1c48 13       		.uleb128 0x13
 1340 1c49 634D4355 		.ascii "cMCU_POWERPC 2\0"
 1340      5F504F57 
 1340      45525043 
 1340      203200
 1341 1c58 01       		.byte	0x1
 1342 1c59 14       		.uleb128 0x14
 1343 1c5a 634D4355 		.ascii "cMCU_X86 3\0"
 1343      5F583836 
 1343      203300
 1344 1c65 01       		.byte	0x1
 1345 1c66 15       		.uleb128 0x15
 1346 1c67 634D4355 		.ascii "cMCU_CORTEX_M4 4\0"
 1346      5F434F52 
 1346      5445585F 
GAS LISTING C:\Users\PRESID~1\AppData\Local\Temp\ccb4SNEJ.s 			page 44


 1346      4D342034 
 1346      00
 1347 1c78 01       		.byte	0x1
 1348 1c79 18       		.uleb128 0x18
 1349 1c7a 4E525F4F 		.ascii "NR_OF_CORES 1\0"
 1349      465F434F 
 1349      52455320 
 1349      3100
 1350 1c88 01       		.byte	0x1
 1351 1c89 25       		.uleb128 0x25
 1352 1c8a 44697361 		.ascii "DisableInterrupts() \0"
 1352      626C6549 
 1352      6E746572 
 1352      72757074 
 1352      73282920 
 1353 1c9f 01       		.byte	0x1
 1354 1ca0 26       		.uleb128 0x26
 1355 1ca1 456E6162 		.ascii "EnableInterrupts() \0"
 1355      6C65496E 
 1355      74657272 
 1355      75707473 
 1355      28292000 
 1356 1cb5 01       		.byte	0x1
 1357 1cb6 27       		.uleb128 0x27
 1358 1cb7 50726976 		.ascii "Privilige_level_save_current() \0"
 1358      696C6967 
 1358      655F6C65 
 1358      76656C5F 
 1358      73617665 
 1359 1cd7 01       		.byte	0x1
 1360 1cd8 28       		.uleb128 0x28
 1361 1cd9 50726976 		.ascii "Privilige_level_enter_kernel_mode() \0"
 1361      696C6967 
 1361      655F6C65 
 1361      76656C5F 
 1361      656E7465 
 1362 1cfe 01       		.byte	0x1
 1363 1cff 29       		.uleb128 0x29
 1364 1d00 50726976 		.ascii "Privilige_level_restore_saved() \0"
 1364      696C6967 
 1364      655F6C65 
 1364      76656C5F 
 1364      72657374 
 1365 1d21 01       		.byte	0x1
 1366 1d22 2A       		.uleb128 0x2a
 1367 1d23 48616C74 		.ascii "HaltMcu() \0"
 1367      4D637528 
 1367      292000
 1368 1d2e 04       		.byte	0x4
 1369              		.file 6 "E:/NeuOrga/Programmieren/c_cpp/github_os/input/src/os_base/../os_base/os_ram.h"
 1370 1d2f 03       		.byte	0x3
 1371 1d30 07       		.uleb128 0x7
 1372 1d31 06       		.uleb128 0x6
 1373 1d32 01       		.byte	0x1
 1374 1d33 02       		.uleb128 0x2
 1375 1d34 5F4F535F 		.ascii "_OS_RAM_H_ \0"
 1375      52414D5F 
GAS LISTING C:\Users\PRESID~1\AppData\Local\Temp\ccb4SNEJ.s 			page 45


 1375      485F2000 
 1376              		.file 7 "E:/NeuOrga/Programmieren/c_cpp/github_os/input/src/os_base/../os_base/os_firstinc.h"
 1377 1d40 03       		.byte	0x3
 1378 1d41 04       		.uleb128 0x4
 1379 1d42 07       		.uleb128 0x7
 1380 1d43 04       		.byte	0x4
 1381              		.file 8 "E:/NeuOrga/Programmieren/c_cpp/github_os/input/src/os_base/../os_base/os_stack.h"
 1382 1d44 03       		.byte	0x3
 1383 1d45 05       		.uleb128 0x5
 1384 1d46 08       		.uleb128 0x8
 1385 1d47 01       		.byte	0x1
 1386 1d48 02       		.uleb128 0x2
 1387 1d49 5F6F735F 		.ascii "_os_stack_h_ \0"
 1387      73746163 
 1387      6B5F685F 
 1387      2000
 1388 1d57 01       		.byte	0x1
 1389 1d58 04       		.uleb128 0x4
 1390 1d59 4F535F53 		.ascii "OS_STACK_SIZE 0x100\0"
 1390      5441434B 
 1390      5F53495A 
 1390      45203078 
 1390      31303000 
 1391 1d6d 01       		.byte	0x1
 1392 1d6e 06       		.uleb128 0x6
 1393 1d6f 4F535F53 		.ascii "OS_STACK_SIZE_END 0x01u\0"
 1393      5441434B 
 1393      5F53495A 
 1393      455F454E 
 1393      44203078 
 1394 1d87 04       		.byte	0x4
 1395              		.file 9 "E:/NeuOrga/Programmieren/c_cpp/github_os/input/src/os_base/../os_base/os_heap.h"
 1396 1d88 03       		.byte	0x3
 1397 1d89 06       		.uleb128 0x6
 1398 1d8a 09       		.uleb128 0x9
 1399 1d8b 01       		.byte	0x1
 1400 1d8c 02       		.uleb128 0x2
 1401 1d8d 5F6F735F 		.ascii "_os_heap_h_ \0"
 1401      68656170 
 1401      5F685F20 
 1401      00
 1402 1d9a 01       		.byte	0x1
 1403 1d9b 05       		.uleb128 0x5
 1404 1d9c 48454150 		.ascii "HEAP_SIZE 10000\0"
 1404      5F53495A 
 1404      45203130 
 1404      30303000 
 1405 1dac 01       		.byte	0x1
 1406 1dad 06       		.uleb128 0x6
 1407 1dae 4D494E5F 		.ascii "MIN_BLOCK_SIZE_HEAP 8\0"
 1407      424C4F43 
 1407      4B5F5349 
 1407      5A455F48 
 1407      45415020 
 1408 1dc4 01       		.byte	0x1
 1409 1dc5 09       		.uleb128 0x9
 1410 1dc6 48454150 		.ascii "HEAP_OFFSET_FOR_SIZE 0\0"
GAS LISTING C:\Users\PRESID~1\AppData\Local\Temp\ccb4SNEJ.s 			page 46


 1410      5F4F4646 
 1410      5345545F 
 1410      464F525F 
 1410      53495A45 
 1411 1ddd 01       		.byte	0x1
 1412 1dde 0A       		.uleb128 0xa
 1413 1ddf 48454150 		.ascii "HEAP_OFFSET_FOR_USED_SIZE 4\0"
 1413      5F4F4646 
 1413      5345545F 
 1413      464F525F 
 1413      55534544 
 1414 1dfb 01       		.byte	0x1
 1415 1dfc 0B       		.uleb128 0xb
 1416 1dfd 48454150 		.ascii "HEAP_OFFSET_FOR_CHUNK 8\0"
 1416      5F4F4646 
 1416      5345545F 
 1416      464F525F 
 1416      4348554E 
 1417 1e15 04       		.byte	0x4
 1418 1e16 04       		.byte	0x4
 1419              		.file 10 "E:/NeuOrga/Programmieren/c_cpp/github_os/input/src/os_base/../os_sim/lld_global.h"
 1420 1e17 03       		.byte	0x3
 1421 1e18 0A       		.uleb128 0xa
 1422 1e19 0A       		.uleb128 0xa
 1423 1e1a 01       		.byte	0x1
 1424 1e1b 02       		.uleb128 0x2
 1425 1e1c 5F6C6C64 		.ascii "_lld_global_h_ \0"
 1425      5F676C6F 
 1425      62616C5F 
 1425      685F2000 
 1426              		.file 11 "E:/NeuOrga/Programmieren/c_cpp/github_os/input/src/os_base/../os_sim/lld_core.h"
 1427 1e2c 03       		.byte	0x3
 1428 1e2d 04       		.uleb128 0x4
 1429 1e2e 0B       		.uleb128 0xb
 1430 1e2f 01       		.byte	0x1
 1431 1e30 02       		.uleb128 0x2
 1432 1e31 5F6C6C64 		.ascii "_lld_core_h_ \0"
 1432      5F636F72 
 1432      655F685F 
 1432      2000
 1433              		.file 12 "E:/NeuOrga/Programmieren/c_cpp/github_os/input/src/os_base/../os_sim/../os_base/os_first
 1434 1e3f 03       		.byte	0x3
 1435 1e40 03       		.uleb128 0x3
 1436 1e41 0C       		.uleb128 0xc
 1437 1e42 04       		.byte	0x4
 1438 1e43 04       		.byte	0x4
 1439              		.file 13 "E:/NeuOrga/Programmieren/c_cpp/github_os/input/src/os_base/../os_sim/lld_interrupt.h"
 1440 1e44 03       		.byte	0x3
 1441 1e45 05       		.uleb128 0x5
 1442 1e46 0D       		.uleb128 0xd
 1443 1e47 01       		.byte	0x1
 1444 1e48 02       		.uleb128 0x2
 1445 1e49 5F6C6C64 		.ascii "_lld_interrupt_h_ \0"
 1445      5F696E74 
 1445      65727275 
 1445      70745F68 
 1445      5F2000
GAS LISTING C:\Users\PRESID~1\AppData\Local\Temp\ccb4SNEJ.s 			page 47


 1446 1e5c 01       		.byte	0x1
 1447 1e5d 05       		.uleb128 0x5
 1448 1e5e 6F735F69 		.ascii "os_interrupt_swi_1 asm(\"swi 1\")\0"
 1448      6E746572 
 1448      72757074 
 1448      5F737769 
 1448      5F312061 
 1449 1e7e 01       		.byte	0x1
 1450 1e7f 06       		.uleb128 0x6
 1451 1e80 6F735F69 		.ascii "os_interrupt_swi_2 asm(\"swi 2\")\0"
 1451      6E746572 
 1451      72757074 
 1451      5F737769 
 1451      5F322061 
 1452 1ea0 01       		.byte	0x1
 1453 1ea1 07       		.uleb128 0x7
 1454 1ea2 6F735F69 		.ascii "os_interrupt_swi_3 asm(\"swi 3\")\0"
 1454      6E746572 
 1454      72757074 
 1454      5F737769 
 1454      5F332061 
 1455 1ec2 01       		.byte	0x1
 1456 1ec3 08       		.uleb128 0x8
 1457 1ec4 6F735F69 		.ascii "os_interrupt_swi_4 asm(\"swi 4\")\0"
 1457      6E746572 
 1457      72757074 
 1457      5F737769 
 1457      5F342061 
 1458 1ee4 01       		.byte	0x1
 1459 1ee5 09       		.uleb128 0x9
 1460 1ee6 6F735F69 		.ascii "os_interrupt_swi_5 asm(\"swi 5\")\0"
 1460      6E746572 
 1460      72757074 
 1460      5F737769 
 1460      5F352061 
 1461 1f06 04       		.byte	0x4
 1462              		.file 14 "E:/NeuOrga/Programmieren/c_cpp/github_os/input/src/os_base/../os_sim/lld_mmu.h"
 1463 1f07 03       		.byte	0x3
 1464 1f08 06       		.uleb128 0x6
 1465 1f09 0E       		.uleb128 0xe
 1466 1f0a 01       		.byte	0x1
 1467 1f0b 02       		.uleb128 0x2
 1468 1f0c 5F6C6C64 		.ascii "_lld_mmu_h_ \0"
 1468      5F6D6D75 
 1468      5F685F20 
 1468      00
 1469 1f19 04       		.byte	0x4
 1470              		.file 15 "E:/NeuOrga/Programmieren/c_cpp/github_os/input/src/os_base/../os_sim/lld_timer.h"
 1471 1f1a 03       		.byte	0x3
 1472 1f1b 07       		.uleb128 0x7
 1473 1f1c 0F       		.uleb128 0xf
 1474 1f1d 01       		.byte	0x1
 1475 1f1e 02       		.uleb128 0x2
 1476 1f1f 5F6C6C64 		.ascii "_lld_timer_h_ \0"
 1476      5F74696D 
 1476      65725F68 
 1476      5F2000
GAS LISTING C:\Users\PRESID~1\AppData\Local\Temp\ccb4SNEJ.s 			page 48


 1477 1f2e 04       		.byte	0x4
 1478              		.file 16 "E:/NeuOrga/Programmieren/c_cpp/github_os/input/src/os_base/../os_sim/lld_power.h"
 1479 1f2f 03       		.byte	0x3
 1480 1f30 08       		.uleb128 0x8
 1481 1f31 10       		.uleb128 0x10
 1482 1f32 01       		.byte	0x1
 1483 1f33 02       		.uleb128 0x2
 1484 1f34 5F6C6C64 		.ascii "_lld_power_h_ \0"
 1484      5F706F77 
 1484      65725F68 
 1484      5F2000
 1485 1f43 04       		.byte	0x4
 1486              		.file 17 "E:/NeuOrga/Programmieren/c_cpp/github_os/input/src/os_base/../os_sim/lld_ram.h"
 1487 1f44 03       		.byte	0x3
 1488 1f45 09       		.uleb128 0x9
 1489 1f46 11       		.uleb128 0x11
 1490 1f47 01       		.byte	0x1
 1491 1f48 02       		.uleb128 0x2
 1492 1f49 5F6C6C64 		.ascii "_lld_ram_h_ \0"
 1492      5F72616D 
 1492      5F685F20 
 1492      00
 1493 1f56 04       		.byte	0x4
 1494              		.file 18 "E:/NeuOrga/Programmieren/c_cpp/github_os/input/src/os_base/../os_sim/../os_base/os_task_
 1495 1f57 03       		.byte	0x3
 1496 1f58 0A       		.uleb128 0xa
 1497 1f59 12       		.uleb128 0x12
 1498 1f5a 01       		.byte	0x1
 1499 1f5b 02       		.uleb128 0x2
 1500 1f5c 5F6F735F 		.ascii "_os_task_common_h_ \0"
 1500      7461736B 
 1500      5F636F6D 
 1500      6D6F6E5F 
 1500      685F2000 
 1501              		.file 19 "E:/NeuOrga/Programmieren/c_cpp/github_os/input/src/os_base/../os_sim/../os_base/os_task_
 1502 1f70 03       		.byte	0x3
 1503 1f71 04       		.uleb128 0x4
 1504 1f72 13       		.uleb128 0x13
 1505 1f73 01       		.byte	0x1
 1506 1f74 02       		.uleb128 0x2
 1507 1f75 5F6F735F 		.ascii "_os_task_config_h_ \0"
 1507      7461736B 
 1507      5F636F6E 
 1507      6669675F 
 1507      685F2000 
 1508 1f89 01       		.byte	0x1
 1509 1f8a 05       		.uleb128 0x5
 1510 1f8b 53636865 		.ascii "SchedulerFrequency (1.0e3)\0"
 1510      64756C65 
 1510      72467265 
 1510      7175656E 
 1510      63792028 
 1511 1fa6 01       		.byte	0x1
 1512 1fa7 06       		.uleb128 0x6
 1513 1fa8 4D696E54 		.ascii "MinTimeSlice_s (1.0/SchedulerFrequency)\0"
 1513      696D6553 
 1513      6C696365 
GAS LISTING C:\Users\PRESID~1\AppData\Local\Temp\ccb4SNEJ.s 			page 49


 1513      5F732028 
 1513      312E302F 
 1514 1fd0 01       		.byte	0x1
 1515 1fd1 07       		.uleb128 0x7
 1516 1fd2 4D696E54 		.ascii "MinTimeSlice_us ((1.0/SchedulerFrequency)*1e6)\0"
 1516      696D6553 
 1516      6C696365 
 1516      5F757320 
 1516      2828312E 
 1517 2001 01       		.byte	0x1
 1518 2002 08       		.uleb128 0x8
 1519 2003 5461736B 		.ascii "Task_min_time (1e0)\0"
 1519      5F6D696E 
 1519      5F74696D 
 1519      65202831 
 1519      65302900 
 1520 2017 01       		.byte	0x1
 1521 2018 09       		.uleb128 0x9
 1522 2019 4E554D42 		.ascii "NUMBER_OF_TASKS 5\0"
 1522      45525F4F 
 1522      465F5441 
 1522      534B5320 
 1522      3500
 1523 202b 01       		.byte	0x1
 1524 202c 0A       		.uleb128 0xa
 1525 202d 4D41585F 		.ascii "MAX_RUN_QUEUE_SIZE (NUMBER_OF_TASKS)\0"
 1525      52554E5F 
 1525      51554555 
 1525      455F5349 
 1525      5A452028 
 1526 2052 01       		.byte	0x1
 1527 2053 0B       		.uleb128 0xb
 1528 2054 4D41585F 		.ascii "MAX_RUN_PQUEUE_SIZE MAX_RUN_QUEUE_SIZE\0"
 1528      52554E5F 
 1528      50515545 
 1528      55455F53 
 1528      495A4520 
 1529 207b 01       		.byte	0x1
 1530 207c 0D       		.uleb128 0xd
 1531 207d 5441534B 		.ascii "TASK_STACK_SIZE 200\0"
 1531      5F535441 
 1531      434B5F53 
 1531      495A4520 
 1531      32303000 
 1532 2091 01       		.byte	0x1
 1533 2092 10       		.uleb128 0x10
 1534 2093 4D535F50 		.ascii "MS_PER_SEC (1000)\0"
 1534      45525F53 
 1534      45432028 
 1534      31303030 
 1534      2900
 1535 20a5 01       		.byte	0x1
 1536 20a6 11       		.uleb128 0x11
 1537 20a7 5553455F 		.ascii "USE_STATIC_CREATED_TASKS True\0"
 1537      53544154 
 1537      49435F43 
 1537      52454154 
GAS LISTING C:\Users\PRESID~1\AppData\Local\Temp\ccb4SNEJ.s 			page 50


 1537      45445F54 
 1538 20c5 04       		.byte	0x4
 1539              		.file 20 "E:/NeuOrga/Programmieren/c_cpp/github_os/input/src/os_base/../os_sim/../os_base/os_init_
 1540 20c6 03       		.byte	0x3
 1541 20c7 05       		.uleb128 0x5
 1542 20c8 14       		.uleb128 0x14
 1543 20c9 01       		.byte	0x1
 1544 20ca 02       		.uleb128 0x2
 1545 20cb 5F6F735F 		.ascii "_os_init_task_system_h_ \0"
 1545      696E6974 
 1545      5F746173 
 1545      6B5F7379 
 1545      7374656D 
 1546 20e4 04       		.byte	0x4
 1547 20e5 01       		.byte	0x1
 1548 20e6 5C       		.uleb128 0x5c
 1549 20e7 6F735F53 		.ascii "os_SaveTaskPtr(task_ptr,task_name) (TASK_PTR[(task_name)] = (task_ptr))\0"
 1549      61766554 
 1549      61736B50 
 1549      74722874 
 1549      61736B5F 
 1550 212f 01       		.byte	0x1
 1551 2130 5D       		.uleb128 0x5d
 1552 2131 6F735F47 		.ascii "os_GetTaskPtr(task_name) ((task_t*) TASK_PTR[(task_name)])\0"
 1552      65745461 
 1552      736B5074 
 1552      72287461 
 1552      736B5F6E 
 1553 216c 04       		.byte	0x4
 1554 216d 04       		.byte	0x4
 1555              		.file 21 "E:/NeuOrga/Programmieren/c_cpp/github_os/input/src/os_base/../os_user_code/led.h"
 1556 216e 03       		.byte	0x3
 1557 216f 0E       		.uleb128 0xe
 1558 2170 15       		.uleb128 0x15
 1559 2171 01       		.byte	0x1
 1560 2172 02       		.uleb128 0x2
 1561 2173 5F4C4544 		.ascii "_LED_H_ \0"
 1561      5F485F20 
 1561      00
 1562 217c 04       		.byte	0x4
 1563 217d 04       		.byte	0x4
 1564              		.file 22 "E:/NeuOrga/Programmieren/c_cpp/github_os/input/src/os_base/os_exception_isr_handler.h"
 1565 217e 03       		.byte	0x3
 1566 217f 02       		.uleb128 0x2
 1567 2180 16       		.uleb128 0x16
 1568 2181 01       		.byte	0x1
 1569 2182 02       		.uleb128 0x2
 1570 2183 5F6F735F 		.ascii "_os_exception_isr_handler_h_ \0"
 1570      65786365 
 1570      7074696F 
 1570      6E5F6973 
 1570      725F6861 
 1571 21a1 01       		.byte	0x1
 1572 21a2 04       		.uleb128 0x4
 1573 21a3 49535220 		.ascii "ISR void\0"
 1573      766F6964 
 1573      00
GAS LISTING C:\Users\PRESID~1\AppData\Local\Temp\ccb4SNEJ.s 			page 51


 1574 21ac 04       		.byte	0x4
 1575 21ad 03       		.byte	0x3
 1576 21ae 03       		.uleb128 0x3
 1577 21af 03       		.uleb128 0x3
 1578 21b0 01       		.byte	0x1
 1579 21b1 02       		.uleb128 0x2
 1580 21b2 5F6F735F 		.ascii "_os_shutdown_h_ \0"
 1580      73687574 
 1580      646F776E 
 1580      5F685F20 
 1580      00
 1581 21c3 04       		.byte	0x4
 1582              		.file 23 "E:/NeuOrga/Programmieren/c_cpp/github_os/input/src/os_base/os_start_os.h"
 1583 21c4 03       		.byte	0x3
 1584 21c5 04       		.uleb128 0x4
 1585 21c6 17       		.uleb128 0x17
 1586 21c7 01       		.byte	0x1
 1587 21c8 02       		.uleb128 0x2
 1588 21c9 5F6F735F 		.ascii "_os_start_os_h_ \0"
 1588      73746172 
 1588      745F6F73 
 1588      5F685F20 
 1588      00
 1589 21da 04       		.byte	0x4
 1590              		.file 24 "E:/NeuOrga/Programmieren/c_cpp/github_os/input/src/os_base/os_ram.h"
 1591 21db 03       		.byte	0x3
 1592 21dc 05       		.uleb128 0x5
 1593 21dd 18       		.uleb128 0x18
 1594 21de 04       		.byte	0x4
 1595 21df 04       		.byte	0x4
 1596 21e0 00       		.byte	0
 1597              		.section	.debug_line,"dr"
 1598              	Ldebug_line0:
 1599 0000 44030000 		.section	.debug_str,"dr"
 1599      02000103 
 1599      00000101 
 1599      FB0E0D00 
 1599      01010101 
 1600              		.ident	"GCC: (GNU) 4.9.3"
GAS LISTING C:\Users\PRESID~1\AppData\Local\Temp\ccb4SNEJ.s 			page 52


DEFINED SYMBOLS
                            *ABS*:00000000 os_exception.c
C:\Users\PRESID~1\AppData\Local\Temp\ccb4SNEJ.s:6      .text:00000000 _OS_Exception_HARDFAULT
C:\Users\PRESID~1\AppData\Local\Temp\ccb4SNEJ.s:30     .text:00000019 _OS_Exception_NMI
C:\Users\PRESID~1\AppData\Local\Temp\ccb4SNEJ.s:46     .text:0000001e _OS_Exception_SWI
C:\Users\PRESID~1\AppData\Local\Temp\ccb4SNEJ.s:67     .text:0000002b _OS_Exception_BUS_FAULT
C:\Users\PRESID~1\AppData\Local\Temp\ccb4SNEJ.s:83     .text:00000030 _OS_Exception_MEM_MANAG_FAULT
C:\Users\PRESID~1\AppData\Local\Temp\ccb4SNEJ.s:99     .text:00000035 _OS_Exception_IRQ
C:\Users\PRESID~1\AppData\Local\Temp\ccb4SNEJ.s:120    .text:00000042 _OS_Exception_FIQ
C:\Users\PRESID~1\AppData\Local\Temp\ccb4SNEJ.s:141    .text:0000004f _TCMP1
C:\Users\PRESID~1\AppData\Local\Temp\ccb4SNEJ.s:162    .text:0000005c _TCMP2
C:\Users\PRESID~1\AppData\Local\Temp\ccb4SNEJ.s:183    .text:00000069 _TCMP3
C:\Users\PRESID~1\AppData\Local\Temp\ccb4SNEJ.s:204    .text:00000076 _TCMP4

UNDEFINED SYMBOLS
_OS_ISRHANDLERC0
_OS_ISRHANDLERC1
_OS_ISRHANDLERC2
_OS_ISRHANDLERC3
