GAS LISTING C:\Users\PRESID~1\AppData\Local\Temp\cc0RC5e7.s 			page 1


   1              		.file	"os_memory_mmu_setup.c"
   2              		.text
   3              	Ltext0:
   4              		.globl	_OS_MmuSetup
   6              	_OS_MmuSetup:
   7              	LFB0:
   8              		.file 1 "E:/NeuOrga/Programmieren/c_cpp/github_os/input/src/os_base/os_memory_mmu_setup.c"
   1:E:/NeuOrga/Programmieren/c_cpp/github_os/input/src/os_base\os_memory_mmu_setup.c **** #include "os_firstinc.h"
   2:E:/NeuOrga/Programmieren/c_cpp/github_os/input/src/os_base\os_memory_mmu_setup.c **** 
   3:E:/NeuOrga/Programmieren/c_cpp/github_os/input/src/os_base\os_memory_mmu_setup.c **** /*
   4:E:/NeuOrga/Programmieren/c_cpp/github_os/input/src/os_base\os_memory_mmu_setup.c **** RQ: the MMU might be configured for every task, because every task has own ACL / access rights!!
   5:E:/NeuOrga/Programmieren/c_cpp/github_os/input/src/os_base\os_memory_mmu_setup.c **** for documentation of the MPU please read:
   6:E:/NeuOrga/Programmieren/c_cpp/github_os/input/src/os_base\os_memory_mmu_setup.c ****    ST  AN4838
   7:E:/NeuOrga/Programmieren/c_cpp/github_os/input/src/os_base\os_memory_mmu_setup.c ****    Application note
   8:E:/NeuOrga/Programmieren/c_cpp/github_os/input/src/os_base\os_memory_mmu_setup.c ****    Managing memory protection unit (MPU) in STM32 MCUs
   9:E:/NeuOrga/Programmieren/c_cpp/github_os/input/src/os_base\os_memory_mmu_setup.c **** */
  10:E:/NeuOrga/Programmieren/c_cpp/github_os/input/src/os_base\os_memory_mmu_setup.c **** #define MPU_RNR  ((volatile uint32*)0xE000ED98)
  11:E:/NeuOrga/Programmieren/c_cpp/github_os/input/src/os_base\os_memory_mmu_setup.c **** #define MPU_RBAR ((volatile uint32*)0xE000ED9C)
  12:E:/NeuOrga/Programmieren/c_cpp/github_os/input/src/os_base\os_memory_mmu_setup.c **** #define MPU_RASR ((volatile uint32*)0xE000EDA0)
  13:E:/NeuOrga/Programmieren/c_cpp/github_os/input/src/os_base\os_memory_mmu_setup.c **** 
  14:E:/NeuOrga/Programmieren/c_cpp/github_os/input/src/os_base\os_memory_mmu_setup.c **** #define MPU_ASR_NON_CACHABLE                    0x00080000 
  15:E:/NeuOrga/Programmieren/c_cpp/github_os/input/src/os_base\os_memory_mmu_setup.c **** #define MPU_ASR_STRONGLY_ORDERED                0x00000000 
  16:E:/NeuOrga/Programmieren/c_cpp/github_os/input/src/os_base\os_memory_mmu_setup.c **** 
  17:E:/NeuOrga/Programmieren/c_cpp/github_os/input/src/os_base\os_memory_mmu_setup.c **** #define MPU_ASR_ACCESS_PRIV_RO_UNPRIV_RO        0x07000000
  18:E:/NeuOrga/Programmieren/c_cpp/github_os/input/src/os_base\os_memory_mmu_setup.c **** #define MPU_ASR_ACCESS_PRIV_RW_UNPRIV_RW        0x03000000
  19:E:/NeuOrga/Programmieren/c_cpp/github_os/input/src/os_base\os_memory_mmu_setup.c **** #define MPU_ASR_ACCESS_PRIV_RW_UNPRIV_NOACCESS  0x01000000
  20:E:/NeuOrga/Programmieren/c_cpp/github_os/input/src/os_base\os_memory_mmu_setup.c **** 
  21:E:/NeuOrga/Programmieren/c_cpp/github_os/input/src/os_base\os_memory_mmu_setup.c **** #define MPU_ASR_REGION_SIZE_FLASH       0x20000000
  22:E:/NeuOrga/Programmieren/c_cpp/github_os/input/src/os_base\os_memory_mmu_setup.c **** #define MPU_ASR_REGION_SIZE_RAM         0x20000000
  23:E:/NeuOrga/Programmieren/c_cpp/github_os/input/src/os_base\os_memory_mmu_setup.c **** #define MPU_ASR_REGION_SIZE_PERIPHERIE  0x20000000
  24:E:/NeuOrga/Programmieren/c_cpp/github_os/input/src/os_base\os_memory_mmu_setup.c **** #define MPU_ASR_REGION_ENABLE           0x00000001
  25:E:/NeuOrga/Programmieren/c_cpp/github_os/input/src/os_base\os_memory_mmu_setup.c **** 
  26:E:/NeuOrga/Programmieren/c_cpp/github_os/input/src/os_base\os_memory_mmu_setup.c **** void OS_MmuSetup(void)
  27:E:/NeuOrga/Programmieren/c_cpp/github_os/input/src/os_base\os_memory_mmu_setup.c **** {
   9              		.loc 1 27 0
  10              		.cfi_startproc
  11 0000 55       		pushl	%ebp
  12              		.cfi_def_cfa_offset 8
  13              		.cfi_offset 5, -8
  14 0001 89E5     		movl	%esp, %ebp
  15              		.cfi_def_cfa_register 5
  16 0003 83EC08   		subl	$8, %esp
  28:E:/NeuOrga/Programmieren/c_cpp/github_os/input/src/os_base\os_memory_mmu_setup.c ****    /* assign every task a mmu region + the scheduler an own region */
  29:E:/NeuOrga/Programmieren/c_cpp/github_os/input/src/os_base\os_memory_mmu_setup.c ****    /* the mmu needs to be reconfigured before and after every task switch, because the tasks might 
  30:E:/NeuOrga/Programmieren/c_cpp/github_os/input/src/os_base\os_memory_mmu_setup.c ****       hardware register access shall be only possible in supervisor / kernel mode via system call..
  31:E:/NeuOrga/Programmieren/c_cpp/github_os/input/src/os_base\os_memory_mmu_setup.c ****    /* the MPU is implementation depended in STM32F4 MCU..., the eval board does have a MPU with 8 r
  32:E:/NeuOrga/Programmieren/c_cpp/github_os/input/src/os_base\os_memory_mmu_setup.c **** 
  33:E:/NeuOrga/Programmieren/c_cpp/github_os/input/src/os_base\os_memory_mmu_setup.c ****    /* FLASH: Start Addr: 0x08000000, Length: 1024K */
  34:E:/NeuOrga/Programmieren/c_cpp/github_os/input/src/os_base\os_memory_mmu_setup.c **** 
  35:E:/NeuOrga/Programmieren/c_cpp/github_os/input/src/os_base\os_memory_mmu_setup.c ****    /* RAM:   Start Addr: 0x20000000, Length: 112kB *//* + 64kB CCM, 16 kB SysRAM */
  36:E:/NeuOrga/Programmieren/c_cpp/github_os/input/src/os_base\os_memory_mmu_setup.c **** 
  37:E:/NeuOrga/Programmieren/c_cpp/github_os/input/src/os_base\os_memory_mmu_setup.c ****    /* peripherie Start Addr: 0x40000000, Length: 0xFFFFFFFF - 0x40000000 + 1 *//* + 64kB CCM, 16 kB
  38:E:/NeuOrga/Programmieren/c_cpp/github_os/input/src/os_base\os_memory_mmu_setup.c **** 
  39:E:/NeuOrga/Programmieren/c_cpp/github_os/input/src/os_base\os_memory_mmu_setup.c ****    /* interrupts are still disabled at this point of startup, no 2nd disable required... */
  40:E:/NeuOrga/Programmieren/c_cpp/github_os/input/src/os_base\os_memory_mmu_setup.c ****    /* region 0 FLASH */
  41:E:/NeuOrga/Programmieren/c_cpp/github_os/input/src/os_base\os_memory_mmu_setup.c ****    *MPU_RNR  = 0;
  17              		.loc 1 41 0
GAS LISTING C:\Users\PRESID~1\AppData\Local\Temp\cc0RC5e7.s 			page 2


  18 0006 B898ED00 		movl	$-536810088, %eax
  18      E0
  19 000b C7000000 		movl	$0, (%eax)
  19      0000
  42:E:/NeuOrga/Programmieren/c_cpp/github_os/input/src/os_base\os_memory_mmu_setup.c ****    *MPU_RBAR = 0x08000000;/* FLASH Start */
  20              		.loc 1 42 0
  21 0011 B89CED00 		movl	$-536810084, %eax
  21      E0
  22 0016 C7000000 		movl	$134217728, (%eax)
  22      0008
  43:E:/NeuOrga/Programmieren/c_cpp/github_os/input/src/os_base\os_memory_mmu_setup.c ****    *MPU_RASR = MPU_ASR_NON_CACHABLE | MPU_ASR_ACCESS_PRIV_RO_UNPRIV_RO | MPU_ASR_REGION_SIZE_FLASH 
  23              		.loc 1 43 0
  24 001c B8A0ED00 		movl	$-536810080, %eax
  24      E0
  25 0021 C7000100 		movl	$654835713, (%eax)
  25      0827
  44:E:/NeuOrga/Programmieren/c_cpp/github_os/input/src/os_base\os_memory_mmu_setup.c ****    
  45:E:/NeuOrga/Programmieren/c_cpp/github_os/input/src/os_base\os_memory_mmu_setup.c ****    /* region 1 RAM */
  46:E:/NeuOrga/Programmieren/c_cpp/github_os/input/src/os_base\os_memory_mmu_setup.c ****    *MPU_RNR  = 1;
  26              		.loc 1 46 0
  27 0027 B898ED00 		movl	$-536810088, %eax
  27      E0
  28 002c C7000100 		movl	$1, (%eax)
  28      0000
  47:E:/NeuOrga/Programmieren/c_cpp/github_os/input/src/os_base\os_memory_mmu_setup.c ****    *MPU_RBAR = 0x20000000;/* RAM Start */
  29              		.loc 1 47 0
  30 0032 B89CED00 		movl	$-536810084, %eax
  30      E0
  31 0037 C7000000 		movl	$536870912, (%eax)
  31      0020
  48:E:/NeuOrga/Programmieren/c_cpp/github_os/input/src/os_base\os_memory_mmu_setup.c ****    *MPU_RASR = MPU_ASR_NON_CACHABLE | MPU_ASR_ACCESS_PRIV_RW_UNPRIV_RW | MPU_ASR_REGION_SIZE_RAM | 
  32              		.loc 1 48 0
  33 003d B8A0ED00 		movl	$-536810080, %eax
  33      E0
  34 0042 C7000100 		movl	$587726849, (%eax)
  34      0823
  49:E:/NeuOrga/Programmieren/c_cpp/github_os/input/src/os_base\os_memory_mmu_setup.c ****    
  50:E:/NeuOrga/Programmieren/c_cpp/github_os/input/src/os_base\os_memory_mmu_setup.c ****    /* region 2 Peripherie */
  51:E:/NeuOrga/Programmieren/c_cpp/github_os/input/src/os_base\os_memory_mmu_setup.c ****    *MPU_RNR  = 2;
  35              		.loc 1 51 0
  36 0048 B898ED00 		movl	$-536810088, %eax
  36      E0
  37 004d C7000200 		movl	$2, (%eax)
  37      0000
  52:E:/NeuOrga/Programmieren/c_cpp/github_os/input/src/os_base\os_memory_mmu_setup.c ****    *MPU_RBAR = 0x40000000;/* Peripherie Start */
  38              		.loc 1 52 0
  39 0053 B89CED00 		movl	$-536810084, %eax
  39      E0
  40 0058 C7000000 		movl	$1073741824, (%eax)
  40      0040
  53:E:/NeuOrga/Programmieren/c_cpp/github_os/input/src/os_base\os_memory_mmu_setup.c ****    *MPU_RASR = MPU_ASR_STRONGLY_ORDERED | MPU_ASR_ACCESS_PRIV_RW_UNPRIV_NOACCESS | MPU_ASR_REGION_S
  41              		.loc 1 53 0
  42 005e B8A0ED00 		movl	$-536810080, %eax
  42      E0
  43 0063 C7000100 		movl	$553648129, (%eax)
  43      0021
  54:E:/NeuOrga/Programmieren/c_cpp/github_os/input/src/os_base\os_memory_mmu_setup.c ****    /* region 3 Peripherie 2 */
GAS LISTING C:\Users\PRESID~1\AppData\Local\Temp\cc0RC5e7.s 			page 3


  55:E:/NeuOrga/Programmieren/c_cpp/github_os/input/src/os_base\os_memory_mmu_setup.c ****    *MPU_RNR  = 3;
  44              		.loc 1 55 0
  45 0069 B898ED00 		movl	$-536810088, %eax
  45      E0
  46 006e C7000300 		movl	$3, (%eax)
  46      0000
  56:E:/NeuOrga/Programmieren/c_cpp/github_os/input/src/os_base\os_memory_mmu_setup.c ****    *MPU_RBAR = 0xE0000000;/* Peripherie Start */
  47              		.loc 1 56 0
  48 0074 B89CED00 		movl	$-536810084, %eax
  48      E0
  49 0079 C7000000 		movl	$-536870912, (%eax)
  49      00E0
  57:E:/NeuOrga/Programmieren/c_cpp/github_os/input/src/os_base\os_memory_mmu_setup.c ****    *MPU_RASR = MPU_ASR_STRONGLY_ORDERED | MPU_ASR_ACCESS_PRIV_RW_UNPRIV_NOACCESS | MPU_ASR_REGION_S
  50              		.loc 1 57 0
  51 007f B8A0ED00 		movl	$-536810080, %eax
  51      E0
  52 0084 C7000100 		movl	$553648129, (%eax)
  52      0021
  58:E:/NeuOrga/Programmieren/c_cpp/github_os/input/src/os_base\os_memory_mmu_setup.c ****    /* region 4 */
  59:E:/NeuOrga/Programmieren/c_cpp/github_os/input/src/os_base\os_memory_mmu_setup.c ****    /* region 5 */
  60:E:/NeuOrga/Programmieren/c_cpp/github_os/input/src/os_base\os_memory_mmu_setup.c ****    /* region 6 */
  61:E:/NeuOrga/Programmieren/c_cpp/github_os/input/src/os_base\os_memory_mmu_setup.c ****    /* region 7 */
  62:E:/NeuOrga/Programmieren/c_cpp/github_os/input/src/os_base\os_memory_mmu_setup.c ****    
  63:E:/NeuOrga/Programmieren/c_cpp/github_os/input/src/os_base\os_memory_mmu_setup.c ****    /* now activate the MPU */
  64:E:/NeuOrga/Programmieren/c_cpp/github_os/input/src/os_base\os_memory_mmu_setup.c ****    LLF_MPU_ENABLE();
  53              		.loc 1 64 0
  54 008a E8000000 		call	_LLF_MPU_ENABLE
  54      00
  65:E:/NeuOrga/Programmieren/c_cpp/github_os/input/src/os_base\os_memory_mmu_setup.c **** }
  55              		.loc 1 65 0
  56 008f C9       		leave
  57              		.cfi_restore 5
  58              		.cfi_def_cfa 4, 4
  59 0090 C3       		ret
  60              		.cfi_endproc
  61              	LFE0:
  62              	Letext0:
  63              		.file 2 "E:/NeuOrga/Programmieren/c_cpp/github_os/input/src/os_base/../os_base/os_base_types.h"
  64 0091 909090   		.section	.debug_info,"dr"
  65              	Ldebug_info0:
  66 0000 3B010000 		.long	0x13b
  67 0004 0400     		.word	0x4
  68 0006 00000000 		.secrel32	Ldebug_abbrev0
  69 000a 04       		.byte	0x4
  70 000b 01       		.uleb128 0x1
  71 000c 474E5520 		.ascii "GNU C 4.9.3 -march=i386 -g3 -O0 -std=c90\0"
  71      4320342E 
  71      392E3320 
  71      2D6D6172 
  71      63683D69 
  72 0035 01       		.byte	0x1
  73 0036 453A5C4E 		.ascii "E:\\NeuOrga\\Programmieren\\c_cpp\\github_os\\input\\src\\os_base\\os_memory_mmu_setup.c\0
  73      65754F72 
  73      67615C50 
  73      726F6772 
  73      616D6D69 
  74 0087 00000000 		.long	Ltext0
GAS LISTING C:\Users\PRESID~1\AppData\Local\Temp\cc0RC5e7.s 			page 4


  75 008b 91000000 		.long	Letext0-Ltext0
  76 008f 00000000 		.secrel32	Ldebug_line0
  77 0093 00000000 		.secrel32	Ldebug_macro0
  78 0097 02       		.uleb128 0x2
  79 0098 01       		.byte	0x1
  80 0099 08       		.byte	0x8
  81 009a 756E7369 		.ascii "unsigned char\0"
  81      676E6564 
  81      20636861 
  81      7200
  82 00a8 02       		.uleb128 0x2
  83 00a9 01       		.byte	0x1
  84 00aa 06       		.byte	0x6
  85 00ab 7369676E 		.ascii "signed char\0"
  85      65642063 
  85      68617200 
  86 00b7 02       		.uleb128 0x2
  87 00b8 02       		.byte	0x2
  88 00b9 07       		.byte	0x7
  89 00ba 73686F72 		.ascii "short unsigned int\0"
  89      7420756E 
  89      7369676E 
  89      65642069 
  89      6E7400
  90 00cd 02       		.uleb128 0x2
  91 00ce 02       		.byte	0x2
  92 00cf 05       		.byte	0x5
  93 00d0 73686F72 		.ascii "short int\0"
  93      7420696E 
  93      7400
  94 00da 02       		.uleb128 0x2
  95 00db 04       		.byte	0x4
  96 00dc 07       		.byte	0x7
  97 00dd 6C6F6E67 		.ascii "long unsigned int\0"
  97      20756E73 
  97      69676E65 
  97      6420696E 
  97      7400
  98 00ef 02       		.uleb128 0x2
  99 00f0 04       		.byte	0x4
 100 00f1 05       		.byte	0x5
 101 00f2 6C6F6E67 		.ascii "long int\0"
 101      20696E74 
 101      00
 102 00fb 03       		.uleb128 0x3
 103 00fc 75696E74 		.ascii "uint32\0"
 103      333200
 104 0103 02       		.byte	0x2
 105 0104 29       		.byte	0x29
 106 0105 DA000000 		.long	0xda
 107 0109 02       		.uleb128 0x2
 108 010a 04       		.byte	0x4
 109 010b 07       		.byte	0x7
 110 010c 73697A65 		.ascii "sizetype\0"
 110      74797065 
 110      00
 111 0115 02       		.uleb128 0x2
GAS LISTING C:\Users\PRESID~1\AppData\Local\Temp\cc0RC5e7.s 			page 5


 112 0116 04       		.byte	0x4
 113 0117 07       		.byte	0x7
 114 0118 756E7369 		.ascii "unsigned int\0"
 114      676E6564 
 114      20696E74 
 114      00
 115 0125 04       		.uleb128 0x4
 116 0126 4F535F4D 		.ascii "OS_MmuSetup\0"
 116      6D755365 
 116      74757000 
 117 0132 01       		.byte	0x1
 118 0133 1A       		.byte	0x1a
 119 0134 00000000 		.long	LFB0
 120 0138 91000000 		.long	LFE0-LFB0
 121 013c 01       		.uleb128 0x1
 122 013d 9C       		.byte	0x9c
 123 013e 00       		.byte	0
 124              		.section	.debug_abbrev,"dr"
 125              	Ldebug_abbrev0:
 126 0000 01       		.uleb128 0x1
 127 0001 11       		.uleb128 0x11
 128 0002 01       		.byte	0x1
 129 0003 25       		.uleb128 0x25
 130 0004 08       		.uleb128 0x8
 131 0005 13       		.uleb128 0x13
 132 0006 0B       		.uleb128 0xb
 133 0007 03       		.uleb128 0x3
 134 0008 08       		.uleb128 0x8
 135 0009 11       		.uleb128 0x11
 136 000a 01       		.uleb128 0x1
 137 000b 12       		.uleb128 0x12
 138 000c 06       		.uleb128 0x6
 139 000d 10       		.uleb128 0x10
 140 000e 17       		.uleb128 0x17
 141 000f 9942     		.uleb128 0x2119
 142 0011 17       		.uleb128 0x17
 143 0012 00       		.byte	0
 144 0013 00       		.byte	0
 145 0014 02       		.uleb128 0x2
 146 0015 24       		.uleb128 0x24
 147 0016 00       		.byte	0
 148 0017 0B       		.uleb128 0xb
 149 0018 0B       		.uleb128 0xb
 150 0019 3E       		.uleb128 0x3e
 151 001a 0B       		.uleb128 0xb
 152 001b 03       		.uleb128 0x3
 153 001c 08       		.uleb128 0x8
 154 001d 00       		.byte	0
 155 001e 00       		.byte	0
 156 001f 03       		.uleb128 0x3
 157 0020 16       		.uleb128 0x16
 158 0021 00       		.byte	0
 159 0022 03       		.uleb128 0x3
 160 0023 08       		.uleb128 0x8
 161 0024 3A       		.uleb128 0x3a
 162 0025 0B       		.uleb128 0xb
 163 0026 3B       		.uleb128 0x3b
GAS LISTING C:\Users\PRESID~1\AppData\Local\Temp\cc0RC5e7.s 			page 6


 164 0027 0B       		.uleb128 0xb
 165 0028 49       		.uleb128 0x49
 166 0029 13       		.uleb128 0x13
 167 002a 00       		.byte	0
 168 002b 00       		.byte	0
 169 002c 04       		.uleb128 0x4
 170 002d 2E       		.uleb128 0x2e
 171 002e 00       		.byte	0
 172 002f 3F       		.uleb128 0x3f
 173 0030 19       		.uleb128 0x19
 174 0031 03       		.uleb128 0x3
 175 0032 08       		.uleb128 0x8
 176 0033 3A       		.uleb128 0x3a
 177 0034 0B       		.uleb128 0xb
 178 0035 3B       		.uleb128 0x3b
 179 0036 0B       		.uleb128 0xb
 180 0037 27       		.uleb128 0x27
 181 0038 19       		.uleb128 0x19
 182 0039 11       		.uleb128 0x11
 183 003a 01       		.uleb128 0x1
 184 003b 12       		.uleb128 0x12
 185 003c 06       		.uleb128 0x6
 186 003d 40       		.uleb128 0x40
 187 003e 18       		.uleb128 0x18
 188 003f 9642     		.uleb128 0x2116
 189 0041 19       		.uleb128 0x19
 190 0042 00       		.byte	0
 191 0043 00       		.byte	0
 192 0044 00       		.byte	0
 193              		.section	.debug_aranges,"dr"
 194 0000 1C000000 		.long	0x1c
 195 0004 0200     		.word	0x2
 196 0006 00000000 		.secrel32	Ldebug_info0
 197 000a 04       		.byte	0x4
 198 000b 00       		.byte	0
 199 000c 0000     		.word	0
 200 000e 0000     		.word	0
 201 0010 00000000 		.long	Ltext0
 202 0014 91000000 		.long	Letext0-Ltext0
 203 0018 00000000 		.long	0
 204 001c 00000000 		.long	0
 205              		.section	.debug_macro,"dr"
 206              	Ldebug_macro0:
 207 0000 0400     		.word	0x4
 208 0002 02       		.byte	0x2
 209 0003 00000000 		.secrel32	Ldebug_line0
 210 0007 01       		.byte	0x1
 211 0008 00       		.uleb128 0
 212 0009 5F5F5354 		.ascii "__STDC__ 1\0"
 212      44435F5F 
 212      203100
 213 0014 01       		.byte	0x1
 214 0015 00       		.uleb128 0
 215 0016 5F5F5354 		.ascii "__STDC_HOSTED__ 1\0"
 215      44435F48 
 215      4F535445 
 215      445F5F20 
GAS LISTING C:\Users\PRESID~1\AppData\Local\Temp\cc0RC5e7.s 			page 7


 215      3100
 216 0028 01       		.byte	0x1
 217 0029 00       		.uleb128 0
 218 002a 5F5F474E 		.ascii "__GNUC__ 4\0"
 218      55435F5F 
 218      203400
 219 0035 01       		.byte	0x1
 220 0036 00       		.uleb128 0
 221 0037 5F5F474E 		.ascii "__GNUC_MINOR__ 9\0"
 221      55435F4D 
 221      494E4F52 
 221      5F5F2039 
 221      00
 222 0048 01       		.byte	0x1
 223 0049 00       		.uleb128 0
 224 004a 5F5F474E 		.ascii "__GNUC_PATCHLEVEL__ 3\0"
 224      55435F50 
 224      41544348 
 224      4C455645 
 224      4C5F5F20 
 225 0060 01       		.byte	0x1
 226 0061 00       		.uleb128 0
 227 0062 5F5F5645 		.ascii "__VERSION__ \"4.9.3\"\0"
 227      5253494F 
 227      4E5F5F20 
 227      22342E39 
 227      2E332200 
 228 0076 01       		.byte	0x1
 229 0077 00       		.uleb128 0
 230 0078 5F5F4154 		.ascii "__ATOMIC_RELAXED 0\0"
 230      4F4D4943 
 230      5F52454C 
 230      41584544 
 230      203000
 231 008b 01       		.byte	0x1
 232 008c 00       		.uleb128 0
 233 008d 5F5F4154 		.ascii "__ATOMIC_SEQ_CST 5\0"
 233      4F4D4943 
 233      5F534551 
 233      5F435354 
 233      203500
 234 00a0 01       		.byte	0x1
 235 00a1 00       		.uleb128 0
 236 00a2 5F5F4154 		.ascii "__ATOMIC_ACQUIRE 2\0"
 236      4F4D4943 
 236      5F414351 
 236      55495245 
 236      203200
 237 00b5 01       		.byte	0x1
 238 00b6 00       		.uleb128 0
 239 00b7 5F5F4154 		.ascii "__ATOMIC_RELEASE 3\0"
 239      4F4D4943 
 239      5F52454C 
 239      45415345 
 239      203300
 240 00ca 01       		.byte	0x1
 241 00cb 00       		.uleb128 0
GAS LISTING C:\Users\PRESID~1\AppData\Local\Temp\cc0RC5e7.s 			page 8


 242 00cc 5F5F4154 		.ascii "__ATOMIC_ACQ_REL 4\0"
 242      4F4D4943 
 242      5F414351 
 242      5F52454C 
 242      203400
 243 00df 01       		.byte	0x1
 244 00e0 00       		.uleb128 0
 245 00e1 5F5F4154 		.ascii "__ATOMIC_CONSUME 1\0"
 245      4F4D4943 
 245      5F434F4E 
 245      53554D45 
 245      203100
 246 00f4 01       		.byte	0x1
 247 00f5 00       		.uleb128 0
 248 00f6 5F5F4649 		.ascii "__FINITE_MATH_ONLY__ 0\0"
 248      4E495445 
 248      5F4D4154 
 248      485F4F4E 
 248      4C595F5F 
 249 010d 01       		.byte	0x1
 250 010e 00       		.uleb128 0
 251 010f 5F5F5349 		.ascii "__SIZEOF_INT__ 4\0"
 251      5A454F46 
 251      5F494E54 
 251      5F5F2034 
 251      00
 252 0120 01       		.byte	0x1
 253 0121 00       		.uleb128 0
 254 0122 5F5F5349 		.ascii "__SIZEOF_LONG__ 4\0"
 254      5A454F46 
 254      5F4C4F4E 
 254      475F5F20 
 254      3400
 255 0134 01       		.byte	0x1
 256 0135 00       		.uleb128 0
 257 0136 5F5F5349 		.ascii "__SIZEOF_LONG_LONG__ 8\0"
 257      5A454F46 
 257      5F4C4F4E 
 257      475F4C4F 
 257      4E475F5F 
 258 014d 01       		.byte	0x1
 259 014e 00       		.uleb128 0
 260 014f 5F5F5349 		.ascii "__SIZEOF_SHORT__ 2\0"
 260      5A454F46 
 260      5F53484F 
 260      52545F5F 
 260      203200
 261 0162 01       		.byte	0x1
 262 0163 00       		.uleb128 0
 263 0164 5F5F5349 		.ascii "__SIZEOF_FLOAT__ 4\0"
 263      5A454F46 
 263      5F464C4F 
 263      41545F5F 
 263      203400
 264 0177 01       		.byte	0x1
 265 0178 00       		.uleb128 0
 266 0179 5F5F5349 		.ascii "__SIZEOF_DOUBLE__ 8\0"
GAS LISTING C:\Users\PRESID~1\AppData\Local\Temp\cc0RC5e7.s 			page 9


 266      5A454F46 
 266      5F444F55 
 266      424C455F 
 266      5F203800 
 267 018d 01       		.byte	0x1
 268 018e 00       		.uleb128 0
 269 018f 5F5F5349 		.ascii "__SIZEOF_LONG_DOUBLE__ 12\0"
 269      5A454F46 
 269      5F4C4F4E 
 269      475F444F 
 269      55424C45 
 270 01a9 01       		.byte	0x1
 271 01aa 00       		.uleb128 0
 272 01ab 5F5F5349 		.ascii "__SIZEOF_SIZE_T__ 4\0"
 272      5A454F46 
 272      5F53495A 
 272      455F545F 
 272      5F203400 
 273 01bf 01       		.byte	0x1
 274 01c0 00       		.uleb128 0
 275 01c1 5F5F4348 		.ascii "__CHAR_BIT__ 8\0"
 275      41525F42 
 275      49545F5F 
 275      203800
 276 01d0 01       		.byte	0x1
 277 01d1 00       		.uleb128 0
 278 01d2 5F5F4249 		.ascii "__BIGGEST_ALIGNMENT__ 16\0"
 278      47474553 
 278      545F414C 
 278      49474E4D 
 278      454E545F 
 279 01eb 01       		.byte	0x1
 280 01ec 00       		.uleb128 0
 281 01ed 5F5F4F52 		.ascii "__ORDER_LITTLE_ENDIAN__ 1234\0"
 281      4445525F 
 281      4C495454 
 281      4C455F45 
 281      4E444941 
 282 020a 01       		.byte	0x1
 283 020b 00       		.uleb128 0
 284 020c 5F5F4F52 		.ascii "__ORDER_BIG_ENDIAN__ 4321\0"
 284      4445525F 
 284      4249475F 
 284      454E4449 
 284      414E5F5F 
 285 0226 01       		.byte	0x1
 286 0227 00       		.uleb128 0
 287 0228 5F5F4F52 		.ascii "__ORDER_PDP_ENDIAN__ 3412\0"
 287      4445525F 
 287      5044505F 
 287      454E4449 
 287      414E5F5F 
 288 0242 01       		.byte	0x1
 289 0243 00       		.uleb128 0
 290 0244 5F5F4259 		.ascii "__BYTE_ORDER__ __ORDER_LITTLE_ENDIAN__\0"
 290      54455F4F 
 290      52444552 
GAS LISTING C:\Users\PRESID~1\AppData\Local\Temp\cc0RC5e7.s 			page 10


 290      5F5F205F 
 290      5F4F5244 
 291 026b 01       		.byte	0x1
 292 026c 00       		.uleb128 0
 293 026d 5F5F464C 		.ascii "__FLOAT_WORD_ORDER__ __ORDER_LITTLE_ENDIAN__\0"
 293      4F41545F 
 293      574F5244 
 293      5F4F5244 
 293      45525F5F 
 294 029a 01       		.byte	0x1
 295 029b 00       		.uleb128 0
 296 029c 5F5F5349 		.ascii "__SIZEOF_POINTER__ 4\0"
 296      5A454F46 
 296      5F504F49 
 296      4E544552 
 296      5F5F2034 
 297 02b1 01       		.byte	0x1
 298 02b2 00       		.uleb128 0
 299 02b3 5F5F5349 		.ascii "__SIZE_TYPE__ unsigned int\0"
 299      5A455F54 
 299      5950455F 
 299      5F20756E 
 299      7369676E 
 300 02ce 01       		.byte	0x1
 301 02cf 00       		.uleb128 0
 302 02d0 5F5F5054 		.ascii "__PTRDIFF_TYPE__ int\0"
 302      52444946 
 302      465F5459 
 302      50455F5F 
 302      20696E74 
 303 02e5 01       		.byte	0x1
 304 02e6 00       		.uleb128 0
 305 02e7 5F5F5743 		.ascii "__WCHAR_TYPE__ short unsigned int\0"
 305      4841525F 
 305      54595045 
 305      5F5F2073 
 305      686F7274 
 306 0309 01       		.byte	0x1
 307 030a 00       		.uleb128 0
 308 030b 5F5F5749 		.ascii "__WINT_TYPE__ short unsigned int\0"
 308      4E545F54 
 308      5950455F 
 308      5F207368 
 308      6F727420 
 309 032c 01       		.byte	0x1
 310 032d 00       		.uleb128 0
 311 032e 5F5F494E 		.ascii "__INTMAX_TYPE__ long long int\0"
 311      544D4158 
 311      5F545950 
 311      455F5F20 
 311      6C6F6E67 
 312 034c 01       		.byte	0x1
 313 034d 00       		.uleb128 0
 314 034e 5F5F5549 		.ascii "__UINTMAX_TYPE__ long long unsigned int\0"
 314      4E544D41 
 314      585F5459 
 314      50455F5F 
GAS LISTING C:\Users\PRESID~1\AppData\Local\Temp\cc0RC5e7.s 			page 11


 314      206C6F6E 
 315 0376 01       		.byte	0x1
 316 0377 00       		.uleb128 0
 317 0378 5F5F4348 		.ascii "__CHAR16_TYPE__ short unsigned int\0"
 317      41523136 
 317      5F545950 
 317      455F5F20 
 317      73686F72 
 318 039b 01       		.byte	0x1
 319 039c 00       		.uleb128 0
 320 039d 5F5F4348 		.ascii "__CHAR32_TYPE__ unsigned int\0"
 320      41523332 
 320      5F545950 
 320      455F5F20 
 320      756E7369 
 321 03ba 01       		.byte	0x1
 322 03bb 00       		.uleb128 0
 323 03bc 5F5F5349 		.ascii "__SIG_ATOMIC_TYPE__ int\0"
 323      475F4154 
 323      4F4D4943 
 323      5F545950 
 323      455F5F20 
 324 03d4 01       		.byte	0x1
 325 03d5 00       		.uleb128 0
 326 03d6 5F5F494E 		.ascii "__INT8_TYPE__ signed char\0"
 326      54385F54 
 326      5950455F 
 326      5F207369 
 326      676E6564 
 327 03f0 01       		.byte	0x1
 328 03f1 00       		.uleb128 0
 329 03f2 5F5F494E 		.ascii "__INT16_TYPE__ short int\0"
 329      5431365F 
 329      54595045 
 329      5F5F2073 
 329      686F7274 
 330 040b 01       		.byte	0x1
 331 040c 00       		.uleb128 0
 332 040d 5F5F494E 		.ascii "__INT32_TYPE__ int\0"
 332      5433325F 
 332      54595045 
 332      5F5F2069 
 332      6E7400
 333 0420 01       		.byte	0x1
 334 0421 00       		.uleb128 0
 335 0422 5F5F494E 		.ascii "__INT64_TYPE__ long long int\0"
 335      5436345F 
 335      54595045 
 335      5F5F206C 
 335      6F6E6720 
 336 043f 01       		.byte	0x1
 337 0440 00       		.uleb128 0
 338 0441 5F5F5549 		.ascii "__UINT8_TYPE__ unsigned char\0"
 338      4E54385F 
 338      54595045 
 338      5F5F2075 
 338      6E736967 
GAS LISTING C:\Users\PRESID~1\AppData\Local\Temp\cc0RC5e7.s 			page 12


 339 045e 01       		.byte	0x1
 340 045f 00       		.uleb128 0
 341 0460 5F5F5549 		.ascii "__UINT16_TYPE__ short unsigned int\0"
 341      4E543136 
 341      5F545950 
 341      455F5F20 
 341      73686F72 
 342 0483 01       		.byte	0x1
 343 0484 00       		.uleb128 0
 344 0485 5F5F5549 		.ascii "__UINT32_TYPE__ unsigned int\0"
 344      4E543332 
 344      5F545950 
 344      455F5F20 
 344      756E7369 
 345 04a2 01       		.byte	0x1
 346 04a3 00       		.uleb128 0
 347 04a4 5F5F5549 		.ascii "__UINT64_TYPE__ long long unsigned int\0"
 347      4E543634 
 347      5F545950 
 347      455F5F20 
 347      6C6F6E67 
 348 04cb 01       		.byte	0x1
 349 04cc 00       		.uleb128 0
 350 04cd 5F5F494E 		.ascii "__INT_LEAST8_TYPE__ signed char\0"
 350      545F4C45 
 350      41535438 
 350      5F545950 
 350      455F5F20 
 351 04ed 01       		.byte	0x1
 352 04ee 00       		.uleb128 0
 353 04ef 5F5F494E 		.ascii "__INT_LEAST16_TYPE__ short int\0"
 353      545F4C45 
 353      41535431 
 353      365F5459 
 353      50455F5F 
 354 050e 01       		.byte	0x1
 355 050f 00       		.uleb128 0
 356 0510 5F5F494E 		.ascii "__INT_LEAST32_TYPE__ int\0"
 356      545F4C45 
 356      41535433 
 356      325F5459 
 356      50455F5F 
 357 0529 01       		.byte	0x1
 358 052a 00       		.uleb128 0
 359 052b 5F5F494E 		.ascii "__INT_LEAST64_TYPE__ long long int\0"
 359      545F4C45 
 359      41535436 
 359      345F5459 
 359      50455F5F 
 360 054e 01       		.byte	0x1
 361 054f 00       		.uleb128 0
 362 0550 5F5F5549 		.ascii "__UINT_LEAST8_TYPE__ unsigned char\0"
 362      4E545F4C 
 362      45415354 
 362      385F5459 
 362      50455F5F 
 363 0573 01       		.byte	0x1
GAS LISTING C:\Users\PRESID~1\AppData\Local\Temp\cc0RC5e7.s 			page 13


 364 0574 00       		.uleb128 0
 365 0575 5F5F5549 		.ascii "__UINT_LEAST16_TYPE__ short unsigned int\0"
 365      4E545F4C 
 365      45415354 
 365      31365F54 
 365      5950455F 
 366 059e 01       		.byte	0x1
 367 059f 00       		.uleb128 0
 368 05a0 5F5F5549 		.ascii "__UINT_LEAST32_TYPE__ unsigned int\0"
 368      4E545F4C 
 368      45415354 
 368      33325F54 
 368      5950455F 
 369 05c3 01       		.byte	0x1
 370 05c4 00       		.uleb128 0
 371 05c5 5F5F5549 		.ascii "__UINT_LEAST64_TYPE__ long long unsigned int\0"
 371      4E545F4C 
 371      45415354 
 371      36345F54 
 371      5950455F 
 372 05f2 01       		.byte	0x1
 373 05f3 00       		.uleb128 0
 374 05f4 5F5F494E 		.ascii "__INT_FAST8_TYPE__ signed char\0"
 374      545F4641 
 374      5354385F 
 374      54595045 
 374      5F5F2073 
 375 0613 01       		.byte	0x1
 376 0614 00       		.uleb128 0
 377 0615 5F5F494E 		.ascii "__INT_FAST16_TYPE__ short int\0"
 377      545F4641 
 377      53543136 
 377      5F545950 
 377      455F5F20 
 378 0633 01       		.byte	0x1
 379 0634 00       		.uleb128 0
 380 0635 5F5F494E 		.ascii "__INT_FAST32_TYPE__ int\0"
 380      545F4641 
 380      53543332 
 380      5F545950 
 380      455F5F20 
 381 064d 01       		.byte	0x1
 382 064e 00       		.uleb128 0
 383 064f 5F5F494E 		.ascii "__INT_FAST64_TYPE__ long long int\0"
 383      545F4641 
 383      53543634 
 383      5F545950 
 383      455F5F20 
 384 0671 01       		.byte	0x1
 385 0672 00       		.uleb128 0
 386 0673 5F5F5549 		.ascii "__UINT_FAST8_TYPE__ unsigned char\0"
 386      4E545F46 
 386      41535438 
 386      5F545950 
 386      455F5F20 
 387 0695 01       		.byte	0x1
 388 0696 00       		.uleb128 0
GAS LISTING C:\Users\PRESID~1\AppData\Local\Temp\cc0RC5e7.s 			page 14


 389 0697 5F5F5549 		.ascii "__UINT_FAST16_TYPE__ short unsigned int\0"
 389      4E545F46 
 389      41535431 
 389      365F5459 
 389      50455F5F 
 390 06bf 01       		.byte	0x1
 391 06c0 00       		.uleb128 0
 392 06c1 5F5F5549 		.ascii "__UINT_FAST32_TYPE__ unsigned int\0"
 392      4E545F46 
 392      41535433 
 392      325F5459 
 392      50455F5F 
 393 06e3 01       		.byte	0x1
 394 06e4 00       		.uleb128 0
 395 06e5 5F5F5549 		.ascii "__UINT_FAST64_TYPE__ long long unsigned int\0"
 395      4E545F46 
 395      41535436 
 395      345F5459 
 395      50455F5F 
 396 0711 01       		.byte	0x1
 397 0712 00       		.uleb128 0
 398 0713 5F5F494E 		.ascii "__INTPTR_TYPE__ int\0"
 398      54505452 
 398      5F545950 
 398      455F5F20 
 398      696E7400 
 399 0727 01       		.byte	0x1
 400 0728 00       		.uleb128 0
 401 0729 5F5F5549 		.ascii "__UINTPTR_TYPE__ unsigned int\0"
 401      4E545054 
 401      525F5459 
 401      50455F5F 
 401      20756E73 
 402 0747 01       		.byte	0x1
 403 0748 00       		.uleb128 0
 404 0749 5F5F6861 		.ascii "__has_include(STR) __has_include__(STR)\0"
 404      735F696E 
 404      636C7564 
 404      65285354 
 404      5229205F 
 405 0771 01       		.byte	0x1
 406 0772 00       		.uleb128 0
 407 0773 5F5F6861 		.ascii "__has_include_next(STR) __has_include_next__(STR)\0"
 407      735F696E 
 407      636C7564 
 407      655F6E65 
 407      78742853 
 408 07a5 01       		.byte	0x1
 409 07a6 00       		.uleb128 0
 410 07a7 5F5F4758 		.ascii "__GXX_ABI_VERSION 1002\0"
 410      585F4142 
 410      495F5645 
 410      5253494F 
 410      4E203130 
 411 07be 01       		.byte	0x1
 412 07bf 00       		.uleb128 0
 413 07c0 5F5F5343 		.ascii "__SCHAR_MAX__ 127\0"
GAS LISTING C:\Users\PRESID~1\AppData\Local\Temp\cc0RC5e7.s 			page 15


 413      4841525F 
 413      4D41585F 
 413      5F203132 
 413      3700
 414 07d2 01       		.byte	0x1
 415 07d3 00       		.uleb128 0
 416 07d4 5F5F5348 		.ascii "__SHRT_MAX__ 32767\0"
 416      52545F4D 
 416      41585F5F 
 416      20333237 
 416      363700
 417 07e7 01       		.byte	0x1
 418 07e8 00       		.uleb128 0
 419 07e9 5F5F494E 		.ascii "__INT_MAX__ 2147483647\0"
 419      545F4D41 
 419      585F5F20 
 419      32313437 
 419      34383336 
 420 0800 01       		.byte	0x1
 421 0801 00       		.uleb128 0
 422 0802 5F5F4C4F 		.ascii "__LONG_MAX__ 2147483647L\0"
 422      4E475F4D 
 422      41585F5F 
 422      20323134 
 422      37343833 
 423 081b 01       		.byte	0x1
 424 081c 00       		.uleb128 0
 425 081d 5F5F4C4F 		.ascii "__LONG_LONG_MAX__ 9223372036854775807LL\0"
 425      4E475F4C 
 425      4F4E475F 
 425      4D41585F 
 425      5F203932 
 426 0845 01       		.byte	0x1
 427 0846 00       		.uleb128 0
 428 0847 5F5F5743 		.ascii "__WCHAR_MAX__ 65535\0"
 428      4841525F 
 428      4D41585F 
 428      5F203635 
 428      35333500 
 429 085b 01       		.byte	0x1
 430 085c 00       		.uleb128 0
 431 085d 5F5F5743 		.ascii "__WCHAR_MIN__ 0\0"
 431      4841525F 
 431      4D494E5F 
 431      5F203000 
 432 086d 01       		.byte	0x1
 433 086e 00       		.uleb128 0
 434 086f 5F5F5749 		.ascii "__WINT_MAX__ 65535\0"
 434      4E545F4D 
 434      41585F5F 
 434      20363535 
 434      333500
 435 0882 01       		.byte	0x1
 436 0883 00       		.uleb128 0
 437 0884 5F5F5749 		.ascii "__WINT_MIN__ 0\0"
 437      4E545F4D 
 437      494E5F5F 
GAS LISTING C:\Users\PRESID~1\AppData\Local\Temp\cc0RC5e7.s 			page 16


 437      203000
 438 0893 01       		.byte	0x1
 439 0894 00       		.uleb128 0
 440 0895 5F5F5054 		.ascii "__PTRDIFF_MAX__ 2147483647\0"
 440      52444946 
 440      465F4D41 
 440      585F5F20 
 440      32313437 
 441 08b0 01       		.byte	0x1
 442 08b1 00       		.uleb128 0
 443 08b2 5F5F5349 		.ascii "__SIZE_MAX__ 4294967295U\0"
 443      5A455F4D 
 443      41585F5F 
 443      20343239 
 443      34393637 
 444 08cb 01       		.byte	0x1
 445 08cc 00       		.uleb128 0
 446 08cd 5F5F494E 		.ascii "__INTMAX_MAX__ 9223372036854775807LL\0"
 446      544D4158 
 446      5F4D4158 
 446      5F5F2039 
 446      32323333 
 447 08f2 01       		.byte	0x1
 448 08f3 00       		.uleb128 0
 449 08f4 5F5F494E 		.ascii "__INTMAX_C(c) c ## LL\0"
 449      544D4158 
 449      5F432863 
 449      29206320 
 449      2323204C 
 450 090a 01       		.byte	0x1
 451 090b 00       		.uleb128 0
 452 090c 5F5F5549 		.ascii "__UINTMAX_MAX__ 18446744073709551615ULL\0"
 452      4E544D41 
 452      585F4D41 
 452      585F5F20 
 452      31383434 
 453 0934 01       		.byte	0x1
 454 0935 00       		.uleb128 0
 455 0936 5F5F5549 		.ascii "__UINTMAX_C(c) c ## ULL\0"
 455      4E544D41 
 455      585F4328 
 455      63292063 
 455      20232320 
 456 094e 01       		.byte	0x1
 457 094f 00       		.uleb128 0
 458 0950 5F5F5349 		.ascii "__SIG_ATOMIC_MAX__ 2147483647\0"
 458      475F4154 
 458      4F4D4943 
 458      5F4D4158 
 458      5F5F2032 
 459 096e 01       		.byte	0x1
 460 096f 00       		.uleb128 0
 461 0970 5F5F5349 		.ascii "__SIG_ATOMIC_MIN__ (-__SIG_ATOMIC_MAX__ - 1)\0"
 461      475F4154 
 461      4F4D4943 
 461      5F4D494E 
 461      5F5F2028 
GAS LISTING C:\Users\PRESID~1\AppData\Local\Temp\cc0RC5e7.s 			page 17


 462 099d 01       		.byte	0x1
 463 099e 00       		.uleb128 0
 464 099f 5F5F494E 		.ascii "__INT8_MAX__ 127\0"
 464      54385F4D 
 464      41585F5F 
 464      20313237 
 464      00
 465 09b0 01       		.byte	0x1
 466 09b1 00       		.uleb128 0
 467 09b2 5F5F494E 		.ascii "__INT16_MAX__ 32767\0"
 467      5431365F 
 467      4D41585F 
 467      5F203332 
 467      37363700 
 468 09c6 01       		.byte	0x1
 469 09c7 00       		.uleb128 0
 470 09c8 5F5F494E 		.ascii "__INT32_MAX__ 2147483647\0"
 470      5433325F 
 470      4D41585F 
 470      5F203231 
 470      34373438 
 471 09e1 01       		.byte	0x1
 472 09e2 00       		.uleb128 0
 473 09e3 5F5F494E 		.ascii "__INT64_MAX__ 9223372036854775807LL\0"
 473      5436345F 
 473      4D41585F 
 473      5F203932 
 473      32333337 
 474 0a07 01       		.byte	0x1
 475 0a08 00       		.uleb128 0
 476 0a09 5F5F5549 		.ascii "__UINT8_MAX__ 255\0"
 476      4E54385F 
 476      4D41585F 
 476      5F203235 
 476      3500
 477 0a1b 01       		.byte	0x1
 478 0a1c 00       		.uleb128 0
 479 0a1d 5F5F5549 		.ascii "__UINT16_MAX__ 65535\0"
 479      4E543136 
 479      5F4D4158 
 479      5F5F2036 
 479      35353335 
 480 0a32 01       		.byte	0x1
 481 0a33 00       		.uleb128 0
 482 0a34 5F5F5549 		.ascii "__UINT32_MAX__ 4294967295U\0"
 482      4E543332 
 482      5F4D4158 
 482      5F5F2034 
 482      32393439 
 483 0a4f 01       		.byte	0x1
 484 0a50 00       		.uleb128 0
 485 0a51 5F5F5549 		.ascii "__UINT64_MAX__ 18446744073709551615ULL\0"
 485      4E543634 
 485      5F4D4158 
 485      5F5F2031 
 485      38343436 
 486 0a78 01       		.byte	0x1
GAS LISTING C:\Users\PRESID~1\AppData\Local\Temp\cc0RC5e7.s 			page 18


 487 0a79 00       		.uleb128 0
 488 0a7a 5F5F494E 		.ascii "__INT_LEAST8_MAX__ 127\0"
 488      545F4C45 
 488      41535438 
 488      5F4D4158 
 488      5F5F2031 
 489 0a91 01       		.byte	0x1
 490 0a92 00       		.uleb128 0
 491 0a93 5F5F494E 		.ascii "__INT8_C(c) c\0"
 491      54385F43 
 491      28632920 
 491      6300
 492 0aa1 01       		.byte	0x1
 493 0aa2 00       		.uleb128 0
 494 0aa3 5F5F494E 		.ascii "__INT_LEAST16_MAX__ 32767\0"
 494      545F4C45 
 494      41535431 
 494      365F4D41 
 494      585F5F20 
 495 0abd 01       		.byte	0x1
 496 0abe 00       		.uleb128 0
 497 0abf 5F5F494E 		.ascii "__INT16_C(c) c\0"
 497      5431365F 
 497      43286329 
 497      206300
 498 0ace 01       		.byte	0x1
 499 0acf 00       		.uleb128 0
 500 0ad0 5F5F494E 		.ascii "__INT_LEAST32_MAX__ 2147483647\0"
 500      545F4C45 
 500      41535433 
 500      325F4D41 
 500      585F5F20 
 501 0aef 01       		.byte	0x1
 502 0af0 00       		.uleb128 0
 503 0af1 5F5F494E 		.ascii "__INT32_C(c) c\0"
 503      5433325F 
 503      43286329 
 503      206300
 504 0b00 01       		.byte	0x1
 505 0b01 00       		.uleb128 0
 506 0b02 5F5F494E 		.ascii "__INT_LEAST64_MAX__ 9223372036854775807LL\0"
 506      545F4C45 
 506      41535436 
 506      345F4D41 
 506      585F5F20 
 507 0b2c 01       		.byte	0x1
 508 0b2d 00       		.uleb128 0
 509 0b2e 5F5F494E 		.ascii "__INT64_C(c) c ## LL\0"
 509      5436345F 
 509      43286329 
 509      20632023 
 509      23204C4C 
 510 0b43 01       		.byte	0x1
 511 0b44 00       		.uleb128 0
 512 0b45 5F5F5549 		.ascii "__UINT_LEAST8_MAX__ 255\0"
 512      4E545F4C 
 512      45415354 
GAS LISTING C:\Users\PRESID~1\AppData\Local\Temp\cc0RC5e7.s 			page 19


 512      385F4D41 
 512      585F5F20 
 513 0b5d 01       		.byte	0x1
 514 0b5e 00       		.uleb128 0
 515 0b5f 5F5F5549 		.ascii "__UINT8_C(c) c\0"
 515      4E54385F 
 515      43286329 
 515      206300
 516 0b6e 01       		.byte	0x1
 517 0b6f 00       		.uleb128 0
 518 0b70 5F5F5549 		.ascii "__UINT_LEAST16_MAX__ 65535\0"
 518      4E545F4C 
 518      45415354 
 518      31365F4D 
 518      41585F5F 
 519 0b8b 01       		.byte	0x1
 520 0b8c 00       		.uleb128 0
 521 0b8d 5F5F5549 		.ascii "__UINT16_C(c) c\0"
 521      4E543136 
 521      5F432863 
 521      29206300 
 522 0b9d 01       		.byte	0x1
 523 0b9e 00       		.uleb128 0
 524 0b9f 5F5F5549 		.ascii "__UINT_LEAST32_MAX__ 4294967295U\0"
 524      4E545F4C 
 524      45415354 
 524      33325F4D 
 524      41585F5F 
 525 0bc0 01       		.byte	0x1
 526 0bc1 00       		.uleb128 0
 527 0bc2 5F5F5549 		.ascii "__UINT32_C(c) c ## U\0"
 527      4E543332 
 527      5F432863 
 527      29206320 
 527      23232055 
 528 0bd7 01       		.byte	0x1
 529 0bd8 00       		.uleb128 0
 530 0bd9 5F5F5549 		.ascii "__UINT_LEAST64_MAX__ 18446744073709551615ULL\0"
 530      4E545F4C 
 530      45415354 
 530      36345F4D 
 530      41585F5F 
 531 0c06 01       		.byte	0x1
 532 0c07 00       		.uleb128 0
 533 0c08 5F5F5549 		.ascii "__UINT64_C(c) c ## ULL\0"
 533      4E543634 
 533      5F432863 
 533      29206320 
 533      23232055 
 534 0c1f 01       		.byte	0x1
 535 0c20 00       		.uleb128 0
 536 0c21 5F5F494E 		.ascii "__INT_FAST8_MAX__ 127\0"
 536      545F4641 
 536      5354385F 
 536      4D41585F 
 536      5F203132 
 537 0c37 01       		.byte	0x1
GAS LISTING C:\Users\PRESID~1\AppData\Local\Temp\cc0RC5e7.s 			page 20


 538 0c38 00       		.uleb128 0
 539 0c39 5F5F494E 		.ascii "__INT_FAST16_MAX__ 32767\0"
 539      545F4641 
 539      53543136 
 539      5F4D4158 
 539      5F5F2033 
 540 0c52 01       		.byte	0x1
 541 0c53 00       		.uleb128 0
 542 0c54 5F5F494E 		.ascii "__INT_FAST32_MAX__ 2147483647\0"
 542      545F4641 
 542      53543332 
 542      5F4D4158 
 542      5F5F2032 
 543 0c72 01       		.byte	0x1
 544 0c73 00       		.uleb128 0
 545 0c74 5F5F494E 		.ascii "__INT_FAST64_MAX__ 9223372036854775807LL\0"
 545      545F4641 
 545      53543634 
 545      5F4D4158 
 545      5F5F2039 
 546 0c9d 01       		.byte	0x1
 547 0c9e 00       		.uleb128 0
 548 0c9f 5F5F5549 		.ascii "__UINT_FAST8_MAX__ 255\0"
 548      4E545F46 
 548      41535438 
 548      5F4D4158 
 548      5F5F2032 
 549 0cb6 01       		.byte	0x1
 550 0cb7 00       		.uleb128 0
 551 0cb8 5F5F5549 		.ascii "__UINT_FAST16_MAX__ 65535\0"
 551      4E545F46 
 551      41535431 
 551      365F4D41 
 551      585F5F20 
 552 0cd2 01       		.byte	0x1
 553 0cd3 00       		.uleb128 0
 554 0cd4 5F5F5549 		.ascii "__UINT_FAST32_MAX__ 4294967295U\0"
 554      4E545F46 
 554      41535433 
 554      325F4D41 
 554      585F5F20 
 555 0cf4 01       		.byte	0x1
 556 0cf5 00       		.uleb128 0
 557 0cf6 5F5F5549 		.ascii "__UINT_FAST64_MAX__ 18446744073709551615ULL\0"
 557      4E545F46 
 557      41535436 
 557      345F4D41 
 557      585F5F20 
 558 0d22 01       		.byte	0x1
 559 0d23 00       		.uleb128 0
 560 0d24 5F5F494E 		.ascii "__INTPTR_MAX__ 2147483647\0"
 560      54505452 
 560      5F4D4158 
 560      5F5F2032 
 560      31343734 
 561 0d3e 01       		.byte	0x1
 562 0d3f 00       		.uleb128 0
GAS LISTING C:\Users\PRESID~1\AppData\Local\Temp\cc0RC5e7.s 			page 21


 563 0d40 5F5F5549 		.ascii "__UINTPTR_MAX__ 4294967295U\0"
 563      4E545054 
 563      525F4D41 
 563      585F5F20 
 563      34323934 
 564 0d5c 01       		.byte	0x1
 565 0d5d 00       		.uleb128 0
 566 0d5e 5F5F4743 		.ascii "__GCC_IEC_559 2\0"
 566      435F4945 
 566      435F3535 
 566      39203200 
 567 0d6e 01       		.byte	0x1
 568 0d6f 00       		.uleb128 0
 569 0d70 5F5F4743 		.ascii "__GCC_IEC_559_COMPLEX 2\0"
 569      435F4945 
 569      435F3535 
 569      395F434F 
 569      4D504C45 
 570 0d88 01       		.byte	0x1
 571 0d89 00       		.uleb128 0
 572 0d8a 5F5F464C 		.ascii "__FLT_EVAL_METHOD__ 2\0"
 572      545F4556 
 572      414C5F4D 
 572      4554484F 
 572      445F5F20 
 573 0da0 01       		.byte	0x1
 574 0da1 00       		.uleb128 0
 575 0da2 5F5F4445 		.ascii "__DEC_EVAL_METHOD__ 2\0"
 575      435F4556 
 575      414C5F4D 
 575      4554484F 
 575      445F5F20 
 576 0db8 01       		.byte	0x1
 577 0db9 00       		.uleb128 0
 578 0dba 5F5F464C 		.ascii "__FLT_RADIX__ 2\0"
 578      545F5241 
 578      4449585F 
 578      5F203200 
 579 0dca 01       		.byte	0x1
 580 0dcb 00       		.uleb128 0
 581 0dcc 5F5F464C 		.ascii "__FLT_MANT_DIG__ 24\0"
 581      545F4D41 
 581      4E545F44 
 581      49475F5F 
 581      20323400 
 582 0de0 01       		.byte	0x1
 583 0de1 00       		.uleb128 0
 584 0de2 5F5F464C 		.ascii "__FLT_DIG__ 6\0"
 584      545F4449 
 584      475F5F20 
 584      3600
 585 0df0 01       		.byte	0x1
 586 0df1 00       		.uleb128 0
 587 0df2 5F5F464C 		.ascii "__FLT_MIN_EXP__ (-125)\0"
 587      545F4D49 
 587      4E5F4558 
 587      505F5F20 
GAS LISTING C:\Users\PRESID~1\AppData\Local\Temp\cc0RC5e7.s 			page 22


 587      282D3132 
 588 0e09 01       		.byte	0x1
 589 0e0a 00       		.uleb128 0
 590 0e0b 5F5F464C 		.ascii "__FLT_MIN_10_EXP__ (-37)\0"
 590      545F4D49 
 590      4E5F3130 
 590      5F455850 
 590      5F5F2028 
 591 0e24 01       		.byte	0x1
 592 0e25 00       		.uleb128 0
 593 0e26 5F5F464C 		.ascii "__FLT_MAX_EXP__ 128\0"
 593      545F4D41 
 593      585F4558 
 593      505F5F20 
 593      31323800 
 594 0e3a 01       		.byte	0x1
 595 0e3b 00       		.uleb128 0
 596 0e3c 5F5F464C 		.ascii "__FLT_MAX_10_EXP__ 38\0"
 596      545F4D41 
 596      585F3130 
 596      5F455850 
 596      5F5F2033 
 597 0e52 01       		.byte	0x1
 598 0e53 00       		.uleb128 0
 599 0e54 5F5F464C 		.ascii "__FLT_DECIMAL_DIG__ 9\0"
 599      545F4445 
 599      43494D41 
 599      4C5F4449 
 599      475F5F20 
 600 0e6a 01       		.byte	0x1
 601 0e6b 00       		.uleb128 0
 602 0e6c 5F5F464C 		.ascii "__FLT_MAX__ 3.40282346638528859812e+38F\0"
 602      545F4D41 
 602      585F5F20 
 602      332E3430 
 602      32383233 
 603 0e94 01       		.byte	0x1
 604 0e95 00       		.uleb128 0
 605 0e96 5F5F464C 		.ascii "__FLT_MIN__ 1.17549435082228750797e-38F\0"
 605      545F4D49 
 605      4E5F5F20 
 605      312E3137 
 605      35343934 
 606 0ebe 01       		.byte	0x1
 607 0ebf 00       		.uleb128 0
 608 0ec0 5F5F464C 		.ascii "__FLT_EPSILON__ 1.19209289550781250000e-7F\0"
 608      545F4550 
 608      53494C4F 
 608      4E5F5F20 
 608      312E3139 
 609 0eeb 01       		.byte	0x1
 610 0eec 00       		.uleb128 0
 611 0eed 5F5F464C 		.ascii "__FLT_DENORM_MIN__ 1.40129846432481707092e-45F\0"
 611      545F4445 
 611      4E4F524D 
 611      5F4D494E 
 611      5F5F2031 
GAS LISTING C:\Users\PRESID~1\AppData\Local\Temp\cc0RC5e7.s 			page 23


 612 0f1c 01       		.byte	0x1
 613 0f1d 00       		.uleb128 0
 614 0f1e 5F5F464C 		.ascii "__FLT_HAS_DENORM__ 1\0"
 614      545F4841 
 614      535F4445 
 614      4E4F524D 
 614      5F5F2031 
 615 0f33 01       		.byte	0x1
 616 0f34 00       		.uleb128 0
 617 0f35 5F5F464C 		.ascii "__FLT_HAS_INFINITY__ 1\0"
 617      545F4841 
 617      535F494E 
 617      46494E49 
 617      54595F5F 
 618 0f4c 01       		.byte	0x1
 619 0f4d 00       		.uleb128 0
 620 0f4e 5F5F464C 		.ascii "__FLT_HAS_QUIET_NAN__ 1\0"
 620      545F4841 
 620      535F5155 
 620      4945545F 
 620      4E414E5F 
 621 0f66 01       		.byte	0x1
 622 0f67 00       		.uleb128 0
 623 0f68 5F5F4442 		.ascii "__DBL_MANT_DIG__ 53\0"
 623      4C5F4D41 
 623      4E545F44 
 623      49475F5F 
 623      20353300 
 624 0f7c 01       		.byte	0x1
 625 0f7d 00       		.uleb128 0
 626 0f7e 5F5F4442 		.ascii "__DBL_DIG__ 15\0"
 626      4C5F4449 
 626      475F5F20 
 626      313500
 627 0f8d 01       		.byte	0x1
 628 0f8e 00       		.uleb128 0
 629 0f8f 5F5F4442 		.ascii "__DBL_MIN_EXP__ (-1021)\0"
 629      4C5F4D49 
 629      4E5F4558 
 629      505F5F20 
 629      282D3130 
 630 0fa7 01       		.byte	0x1
 631 0fa8 00       		.uleb128 0
 632 0fa9 5F5F4442 		.ascii "__DBL_MIN_10_EXP__ (-307)\0"
 632      4C5F4D49 
 632      4E5F3130 
 632      5F455850 
 632      5F5F2028 
 633 0fc3 01       		.byte	0x1
 634 0fc4 00       		.uleb128 0
 635 0fc5 5F5F4442 		.ascii "__DBL_MAX_EXP__ 1024\0"
 635      4C5F4D41 
 635      585F4558 
 635      505F5F20 
 635      31303234 
 636 0fda 01       		.byte	0x1
 637 0fdb 00       		.uleb128 0
GAS LISTING C:\Users\PRESID~1\AppData\Local\Temp\cc0RC5e7.s 			page 24


 638 0fdc 5F5F4442 		.ascii "__DBL_MAX_10_EXP__ 308\0"
 638      4C5F4D41 
 638      585F3130 
 638      5F455850 
 638      5F5F2033 
 639 0ff3 01       		.byte	0x1
 640 0ff4 00       		.uleb128 0
 641 0ff5 5F5F4442 		.ascii "__DBL_DECIMAL_DIG__ 17\0"
 641      4C5F4445 
 641      43494D41 
 641      4C5F4449 
 641      475F5F20 
 642 100c 01       		.byte	0x1
 643 100d 00       		.uleb128 0
 644 100e 5F5F4442 		.ascii "__DBL_MAX__ ((double)1.79769313486231570815e+308L)\0"
 644      4C5F4D41 
 644      585F5F20 
 644      2828646F 
 644      75626C65 
 645 1041 01       		.byte	0x1
 646 1042 00       		.uleb128 0
 647 1043 5F5F4442 		.ascii "__DBL_MIN__ ((double)2.22507385850720138309e-308L)\0"
 647      4C5F4D49 
 647      4E5F5F20 
 647      2828646F 
 647      75626C65 
 648 1076 01       		.byte	0x1
 649 1077 00       		.uleb128 0
 650 1078 5F5F4442 		.ascii "__DBL_EPSILON__ ((double)2.22044604925031308085e-16L)\0"
 650      4C5F4550 
 650      53494C4F 
 650      4E5F5F20 
 650      2828646F 
 651 10ae 01       		.byte	0x1
 652 10af 00       		.uleb128 0
 653 10b0 5F5F4442 		.ascii "__DBL_DENORM_MIN__ ((double)4.94065645841246544177e-324L)\0"
 653      4C5F4445 
 653      4E4F524D 
 653      5F4D494E 
 653      5F5F2028 
 654 10ea 01       		.byte	0x1
 655 10eb 00       		.uleb128 0
 656 10ec 5F5F4442 		.ascii "__DBL_HAS_DENORM__ 1\0"
 656      4C5F4841 
 656      535F4445 
 656      4E4F524D 
 656      5F5F2031 
 657 1101 01       		.byte	0x1
 658 1102 00       		.uleb128 0
 659 1103 5F5F4442 		.ascii "__DBL_HAS_INFINITY__ 1\0"
 659      4C5F4841 
 659      535F494E 
 659      46494E49 
 659      54595F5F 
 660 111a 01       		.byte	0x1
 661 111b 00       		.uleb128 0
 662 111c 5F5F4442 		.ascii "__DBL_HAS_QUIET_NAN__ 1\0"
GAS LISTING C:\Users\PRESID~1\AppData\Local\Temp\cc0RC5e7.s 			page 25


 662      4C5F4841 
 662      535F5155 
 662      4945545F 
 662      4E414E5F 
 663 1134 01       		.byte	0x1
 664 1135 00       		.uleb128 0
 665 1136 5F5F4C44 		.ascii "__LDBL_MANT_DIG__ 64\0"
 665      424C5F4D 
 665      414E545F 
 665      4449475F 
 665      5F203634 
 666 114b 01       		.byte	0x1
 667 114c 00       		.uleb128 0
 668 114d 5F5F4C44 		.ascii "__LDBL_DIG__ 18\0"
 668      424C5F44 
 668      49475F5F 
 668      20313800 
 669 115d 01       		.byte	0x1
 670 115e 00       		.uleb128 0
 671 115f 5F5F4C44 		.ascii "__LDBL_MIN_EXP__ (-16381)\0"
 671      424C5F4D 
 671      494E5F45 
 671      58505F5F 
 671      20282D31 
 672 1179 01       		.byte	0x1
 673 117a 00       		.uleb128 0
 674 117b 5F5F4C44 		.ascii "__LDBL_MIN_10_EXP__ (-4931)\0"
 674      424C5F4D 
 674      494E5F31 
 674      305F4558 
 674      505F5F20 
 675 1197 01       		.byte	0x1
 676 1198 00       		.uleb128 0
 677 1199 5F5F4C44 		.ascii "__LDBL_MAX_EXP__ 16384\0"
 677      424C5F4D 
 677      41585F45 
 677      58505F5F 
 677      20313633 
 678 11b0 01       		.byte	0x1
 679 11b1 00       		.uleb128 0
 680 11b2 5F5F4C44 		.ascii "__LDBL_MAX_10_EXP__ 4932\0"
 680      424C5F4D 
 680      41585F31 
 680      305F4558 
 680      505F5F20 
 681 11cb 01       		.byte	0x1
 682 11cc 00       		.uleb128 0
 683 11cd 5F5F4445 		.ascii "__DECIMAL_DIG__ 21\0"
 683      43494D41 
 683      4C5F4449 
 683      475F5F20 
 683      323100
 684 11e0 01       		.byte	0x1
 685 11e1 00       		.uleb128 0
 686 11e2 5F5F4C44 		.ascii "__LDBL_MAX__ 1.18973149535723176502e+4932L\0"
 686      424C5F4D 
 686      41585F5F 
GAS LISTING C:\Users\PRESID~1\AppData\Local\Temp\cc0RC5e7.s 			page 26


 686      20312E31 
 686      38393733 
 687 120d 01       		.byte	0x1
 688 120e 00       		.uleb128 0
 689 120f 5F5F4C44 		.ascii "__LDBL_MIN__ 3.36210314311209350626e-4932L\0"
 689      424C5F4D 
 689      494E5F5F 
 689      20332E33 
 689      36323130 
 690 123a 01       		.byte	0x1
 691 123b 00       		.uleb128 0
 692 123c 5F5F4C44 		.ascii "__LDBL_EPSILON__ 1.08420217248550443401e-19L\0"
 692      424C5F45 
 692      5053494C 
 692      4F4E5F5F 
 692      20312E30 
 693 1269 01       		.byte	0x1
 694 126a 00       		.uleb128 0
 695 126b 5F5F4C44 		.ascii "__LDBL_DENORM_MIN__ 3.64519953188247460253e-4951L\0"
 695      424C5F44 
 695      454E4F52 
 695      4D5F4D49 
 695      4E5F5F20 
 696 129d 01       		.byte	0x1
 697 129e 00       		.uleb128 0
 698 129f 5F5F4C44 		.ascii "__LDBL_HAS_DENORM__ 1\0"
 698      424C5F48 
 698      41535F44 
 698      454E4F52 
 698      4D5F5F20 
 699 12b5 01       		.byte	0x1
 700 12b6 00       		.uleb128 0
 701 12b7 5F5F4C44 		.ascii "__LDBL_HAS_INFINITY__ 1\0"
 701      424C5F48 
 701      41535F49 
 701      4E46494E 
 701      4954595F 
 702 12cf 01       		.byte	0x1
 703 12d0 00       		.uleb128 0
 704 12d1 5F5F4C44 		.ascii "__LDBL_HAS_QUIET_NAN__ 1\0"
 704      424C5F48 
 704      41535F51 
 704      55494554 
 704      5F4E414E 
 705 12ea 01       		.byte	0x1
 706 12eb 00       		.uleb128 0
 707 12ec 5F5F4445 		.ascii "__DEC32_MANT_DIG__ 7\0"
 707      4333325F 
 707      4D414E54 
 707      5F444947 
 707      5F5F2037 
 708 1301 01       		.byte	0x1
 709 1302 00       		.uleb128 0
 710 1303 5F5F4445 		.ascii "__DEC32_MIN_EXP__ (-94)\0"
 710      4333325F 
 710      4D494E5F 
 710      4558505F 
GAS LISTING C:\Users\PRESID~1\AppData\Local\Temp\cc0RC5e7.s 			page 27


 710      5F20282D 
 711 131b 01       		.byte	0x1
 712 131c 00       		.uleb128 0
 713 131d 5F5F4445 		.ascii "__DEC32_MAX_EXP__ 97\0"
 713      4333325F 
 713      4D41585F 
 713      4558505F 
 713      5F203937 
 714 1332 01       		.byte	0x1
 715 1333 00       		.uleb128 0
 716 1334 5F5F4445 		.ascii "__DEC32_MIN__ 1E-95DF\0"
 716      4333325F 
 716      4D494E5F 
 716      5F203145 
 716      2D393544 
 717 134a 01       		.byte	0x1
 718 134b 00       		.uleb128 0
 719 134c 5F5F4445 		.ascii "__DEC32_MAX__ 9.999999E96DF\0"
 719      4333325F 
 719      4D41585F 
 719      5F20392E 
 719      39393939 
 720 1368 01       		.byte	0x1
 721 1369 00       		.uleb128 0
 722 136a 5F5F4445 		.ascii "__DEC32_EPSILON__ 1E-6DF\0"
 722      4333325F 
 722      45505349 
 722      4C4F4E5F 
 722      5F203145 
 723 1383 01       		.byte	0x1
 724 1384 00       		.uleb128 0
 725 1385 5F5F4445 		.ascii "__DEC32_SUBNORMAL_MIN__ 0.000001E-95DF\0"
 725      4333325F 
 725      5355424E 
 725      4F524D41 
 725      4C5F4D49 
 726 13ac 01       		.byte	0x1
 727 13ad 00       		.uleb128 0
 728 13ae 5F5F4445 		.ascii "__DEC64_MANT_DIG__ 16\0"
 728      4336345F 
 728      4D414E54 
 728      5F444947 
 728      5F5F2031 
 729 13c4 01       		.byte	0x1
 730 13c5 00       		.uleb128 0
 731 13c6 5F5F4445 		.ascii "__DEC64_MIN_EXP__ (-382)\0"
 731      4336345F 
 731      4D494E5F 
 731      4558505F 
 731      5F20282D 
 732 13df 01       		.byte	0x1
 733 13e0 00       		.uleb128 0
 734 13e1 5F5F4445 		.ascii "__DEC64_MAX_EXP__ 385\0"
 734      4336345F 
 734      4D41585F 
 734      4558505F 
 734      5F203338 
GAS LISTING C:\Users\PRESID~1\AppData\Local\Temp\cc0RC5e7.s 			page 28


 735 13f7 01       		.byte	0x1
 736 13f8 00       		.uleb128 0
 737 13f9 5F5F4445 		.ascii "__DEC64_MIN__ 1E-383DD\0"
 737      4336345F 
 737      4D494E5F 
 737      5F203145 
 737      2D333833 
 738 1410 01       		.byte	0x1
 739 1411 00       		.uleb128 0
 740 1412 5F5F4445 		.ascii "__DEC64_MAX__ 9.999999999999999E384DD\0"
 740      4336345F 
 740      4D41585F 
 740      5F20392E 
 740      39393939 
 741 1438 01       		.byte	0x1
 742 1439 00       		.uleb128 0
 743 143a 5F5F4445 		.ascii "__DEC64_EPSILON__ 1E-15DD\0"
 743      4336345F 
 743      45505349 
 743      4C4F4E5F 
 743      5F203145 
 744 1454 01       		.byte	0x1
 745 1455 00       		.uleb128 0
 746 1456 5F5F4445 		.ascii "__DEC64_SUBNORMAL_MIN__ 0.000000000000001E-383DD\0"
 746      4336345F 
 746      5355424E 
 746      4F524D41 
 746      4C5F4D49 
 747 1487 01       		.byte	0x1
 748 1488 00       		.uleb128 0
 749 1489 5F5F4445 		.ascii "__DEC128_MANT_DIG__ 34\0"
 749      43313238 
 749      5F4D414E 
 749      545F4449 
 749      475F5F20 
 750 14a0 01       		.byte	0x1
 751 14a1 00       		.uleb128 0
 752 14a2 5F5F4445 		.ascii "__DEC128_MIN_EXP__ (-6142)\0"
 752      43313238 
 752      5F4D494E 
 752      5F455850 
 752      5F5F2028 
 753 14bd 01       		.byte	0x1
 754 14be 00       		.uleb128 0
 755 14bf 5F5F4445 		.ascii "__DEC128_MAX_EXP__ 6145\0"
 755      43313238 
 755      5F4D4158 
 755      5F455850 
 755      5F5F2036 
 756 14d7 01       		.byte	0x1
 757 14d8 00       		.uleb128 0
 758 14d9 5F5F4445 		.ascii "__DEC128_MIN__ 1E-6143DL\0"
 758      43313238 
 758      5F4D494E 
 758      5F5F2031 
 758      452D3631 
 759 14f2 01       		.byte	0x1
GAS LISTING C:\Users\PRESID~1\AppData\Local\Temp\cc0RC5e7.s 			page 29


 760 14f3 00       		.uleb128 0
 761 14f4 5F5F4445 		.ascii "__DEC128_MAX__ 9.999999999999999999999999999999999E6144DL\0"
 761      43313238 
 761      5F4D4158 
 761      5F5F2039 
 761      2E393939 
 762 152e 01       		.byte	0x1
 763 152f 00       		.uleb128 0
 764 1530 5F5F4445 		.ascii "__DEC128_EPSILON__ 1E-33DL\0"
 764      43313238 
 764      5F455053 
 764      494C4F4E 
 764      5F5F2031 
 765 154b 01       		.byte	0x1
 766 154c 00       		.uleb128 0
 767 154d 5F5F4445 		.ascii "__DEC128_SUBNORMAL_MIN__ 0.000000000000000000000000000000001E-6143DL\0"
 767      43313238 
 767      5F535542 
 767      4E4F524D 
 767      414C5F4D 
 768 1592 01       		.byte	0x1
 769 1593 00       		.uleb128 0
 770 1594 5F5F5245 		.ascii "__REGISTER_PREFIX__ \0"
 770      47495354 
 770      45525F50 
 770      52454649 
 770      585F5F20 
 771 15a9 01       		.byte	0x1
 772 15aa 00       		.uleb128 0
 773 15ab 5F5F5553 		.ascii "__USER_LABEL_PREFIX__ _\0"
 773      45525F4C 
 773      4142454C 
 773      5F505245 
 773      4649585F 
 774 15c3 01       		.byte	0x1
 775 15c4 00       		.uleb128 0
 776 15c5 5F5F474E 		.ascii "__GNUC_GNU_INLINE__ 1\0"
 776      55435F47 
 776      4E555F49 
 776      4E4C494E 
 776      455F5F20 
 777 15db 01       		.byte	0x1
 778 15dc 00       		.uleb128 0
 779 15dd 5F5F4E4F 		.ascii "__NO_INLINE__ 1\0"
 779      5F494E4C 
 779      494E455F 
 779      5F203100 
 780 15ed 01       		.byte	0x1
 781 15ee 00       		.uleb128 0
 782 15ef 5F5F5354 		.ascii "__STRICT_ANSI__ 1\0"
 782      52494354 
 782      5F414E53 
 782      495F5F20 
 782      3100
 783 1601 01       		.byte	0x1
 784 1602 00       		.uleb128 0
 785 1603 5F5F4743 		.ascii "__GCC_ATOMIC_BOOL_LOCK_FREE 1\0"
GAS LISTING C:\Users\PRESID~1\AppData\Local\Temp\cc0RC5e7.s 			page 30


 785      435F4154 
 785      4F4D4943 
 785      5F424F4F 
 785      4C5F4C4F 
 786 1621 01       		.byte	0x1
 787 1622 00       		.uleb128 0
 788 1623 5F5F4743 		.ascii "__GCC_ATOMIC_CHAR_LOCK_FREE 1\0"
 788      435F4154 
 788      4F4D4943 
 788      5F434841 
 788      525F4C4F 
 789 1641 01       		.byte	0x1
 790 1642 00       		.uleb128 0
 791 1643 5F5F4743 		.ascii "__GCC_ATOMIC_CHAR16_T_LOCK_FREE 1\0"
 791      435F4154 
 791      4F4D4943 
 791      5F434841 
 791      5231365F 
 792 1665 01       		.byte	0x1
 793 1666 00       		.uleb128 0
 794 1667 5F5F4743 		.ascii "__GCC_ATOMIC_CHAR32_T_LOCK_FREE 1\0"
 794      435F4154 
 794      4F4D4943 
 794      5F434841 
 794      5233325F 
 795 1689 01       		.byte	0x1
 796 168a 00       		.uleb128 0
 797 168b 5F5F4743 		.ascii "__GCC_ATOMIC_WCHAR_T_LOCK_FREE 1\0"
 797      435F4154 
 797      4F4D4943 
 797      5F574348 
 797      41525F54 
 798 16ac 01       		.byte	0x1
 799 16ad 00       		.uleb128 0
 800 16ae 5F5F4743 		.ascii "__GCC_ATOMIC_SHORT_LOCK_FREE 1\0"
 800      435F4154 
 800      4F4D4943 
 800      5F53484F 
 800      52545F4C 
 801 16cd 01       		.byte	0x1
 802 16ce 00       		.uleb128 0
 803 16cf 5F5F4743 		.ascii "__GCC_ATOMIC_INT_LOCK_FREE 1\0"
 803      435F4154 
 803      4F4D4943 
 803      5F494E54 
 803      5F4C4F43 
 804 16ec 01       		.byte	0x1
 805 16ed 00       		.uleb128 0
 806 16ee 5F5F4743 		.ascii "__GCC_ATOMIC_LONG_LOCK_FREE 1\0"
 806      435F4154 
 806      4F4D4943 
 806      5F4C4F4E 
 806      475F4C4F 
 807 170c 01       		.byte	0x1
 808 170d 00       		.uleb128 0
 809 170e 5F5F4743 		.ascii "__GCC_ATOMIC_LLONG_LOCK_FREE 1\0"
 809      435F4154 
GAS LISTING C:\Users\PRESID~1\AppData\Local\Temp\cc0RC5e7.s 			page 31


 809      4F4D4943 
 809      5F4C4C4F 
 809      4E475F4C 
 810 172d 01       		.byte	0x1
 811 172e 00       		.uleb128 0
 812 172f 5F5F4743 		.ascii "__GCC_ATOMIC_TEST_AND_SET_TRUEVAL 1\0"
 812      435F4154 
 812      4F4D4943 
 812      5F544553 
 812      545F414E 
 813 1753 01       		.byte	0x1
 814 1754 00       		.uleb128 0
 815 1755 5F5F4743 		.ascii "__GCC_ATOMIC_POINTER_LOCK_FREE 1\0"
 815      435F4154 
 815      4F4D4943 
 815      5F504F49 
 815      4E544552 
 816 1776 01       		.byte	0x1
 817 1777 00       		.uleb128 0
 818 1778 5F5F4743 		.ascii "__GCC_HAVE_DWARF2_CFI_ASM 1\0"
 818      435F4841 
 818      56455F44 
 818      57415246 
 818      325F4346 
 819 1794 01       		.byte	0x1
 820 1795 00       		.uleb128 0
 821 1796 5F5F5052 		.ascii "__PRAGMA_REDEFINE_EXTNAME 1\0"
 821      41474D41 
 821      5F524544 
 821      4546494E 
 821      455F4558 
 822 17b2 01       		.byte	0x1
 823 17b3 00       		.uleb128 0
 824 17b4 5F5F5349 		.ascii "__SIZEOF_WCHAR_T__ 2\0"
 824      5A454F46 
 824      5F574348 
 824      41525F54 
 824      5F5F2032 
 825 17c9 01       		.byte	0x1
 826 17ca 00       		.uleb128 0
 827 17cb 5F5F5349 		.ascii "__SIZEOF_WINT_T__ 2\0"
 827      5A454F46 
 827      5F57494E 
 827      545F545F 
 827      5F203200 
 828 17df 01       		.byte	0x1
 829 17e0 00       		.uleb128 0
 830 17e1 5F5F5349 		.ascii "__SIZEOF_PTRDIFF_T__ 4\0"
 830      5A454F46 
 830      5F505452 
 830      44494646 
 830      5F545F5F 
 831 17f8 01       		.byte	0x1
 832 17f9 00       		.uleb128 0
 833 17fa 5F5F6933 		.ascii "__i386 1\0"
 833      38362031 
 833      00
GAS LISTING C:\Users\PRESID~1\AppData\Local\Temp\cc0RC5e7.s 			page 32


 834 1803 01       		.byte	0x1
 835 1804 00       		.uleb128 0
 836 1805 5F5F6933 		.ascii "__i386__ 1\0"
 836      38365F5F 
 836      203100
 837 1810 01       		.byte	0x1
 838 1811 00       		.uleb128 0
 839 1812 5F5F4154 		.ascii "__ATOMIC_HLE_ACQUIRE 65536\0"
 839      4F4D4943 
 839      5F484C45 
 839      5F414351 
 839      55495245 
 840 182d 01       		.byte	0x1
 841 182e 00       		.uleb128 0
 842 182f 5F5F4154 		.ascii "__ATOMIC_HLE_RELEASE 131072\0"
 842      4F4D4943 
 842      5F484C45 
 842      5F52454C 
 842      45415345 
 843 184b 01       		.byte	0x1
 844 184c 00       		.uleb128 0
 845 184d 5F5F7475 		.ascii "__tune_i386__ 1\0"
 845      6E655F69 
 845      3338365F 
 845      5F203100 
 846 185d 01       		.byte	0x1
 847 185e 00       		.uleb128 0
 848 185f 5F5F636F 		.ascii "__code_model_32__ 1\0"
 848      64655F6D 
 848      6F64656C 
 848      5F33325F 
 848      5F203100 
 849 1873 01       		.byte	0x1
 850 1874 00       		.uleb128 0
 851 1875 5F583836 		.ascii "_X86_ 1\0"
 851      5F203100 
 852 187d 01       		.byte	0x1
 853 187e 00       		.uleb128 0
 854 187f 5F5F7374 		.ascii "__stdcall __attribute__((__stdcall__))\0"
 854      6463616C 
 854      6C205F5F 
 854      61747472 
 854      69627574 
 855 18a6 01       		.byte	0x1
 856 18a7 00       		.uleb128 0
 857 18a8 5F5F6661 		.ascii "__fastcall __attribute__((__fastcall__))\0"
 857      73746361 
 857      6C6C205F 
 857      5F617474 
 857      72696275 
 858 18d1 01       		.byte	0x1
 859 18d2 00       		.uleb128 0
 860 18d3 5F5F7468 		.ascii "__thiscall __attribute__((__thiscall__))\0"
 860      69736361 
 860      6C6C205F 
 860      5F617474 
 860      72696275 
GAS LISTING C:\Users\PRESID~1\AppData\Local\Temp\cc0RC5e7.s 			page 33


 861 18fc 01       		.byte	0x1
 862 18fd 00       		.uleb128 0
 863 18fe 5F5F6364 		.ascii "__cdecl __attribute__((__cdecl__))\0"
 863      65636C20 
 863      5F5F6174 
 863      74726962 
 863      7574655F 
 864 1921 01       		.byte	0x1
 865 1922 00       		.uleb128 0
 866 1923 5F5F4758 		.ascii "__GXX_MERGED_TYPEINFO_NAMES 0\0"
 866      585F4D45 
 866      52474544 
 866      5F545950 
 866      45494E46 
 867 1941 01       		.byte	0x1
 868 1942 00       		.uleb128 0
 869 1943 5F5F4758 		.ascii "__GXX_TYPEINFO_EQUALITY_INLINE 0\0"
 869      585F5459 
 869      5045494E 
 869      464F5F45 
 869      5155414C 
 870 1964 01       		.byte	0x1
 871 1965 00       		.uleb128 0
 872 1966 5F5F4D53 		.ascii "__MSVCRT__ 1\0"
 872      56435254 
 872      5F5F2031 
 872      00
 873 1973 01       		.byte	0x1
 874 1974 00       		.uleb128 0
 875 1975 5F5F4D49 		.ascii "__MINGW32__ 1\0"
 875      4E475733 
 875      325F5F20 
 875      3100
 876 1983 01       		.byte	0x1
 877 1984 00       		.uleb128 0
 878 1985 5F57494E 		.ascii "_WIN32 1\0"
 878      33322031 
 878      00
 879 198e 01       		.byte	0x1
 880 198f 00       		.uleb128 0
 881 1990 5F5F5749 		.ascii "__WIN32 1\0"
 881      4E333220 
 881      3100
 882 199a 01       		.byte	0x1
 883 199b 00       		.uleb128 0
 884 199c 5F5F5749 		.ascii "__WIN32__ 1\0"
 884      4E33325F 
 884      5F203100 
 885 19a8 01       		.byte	0x1
 886 19a9 00       		.uleb128 0
 887 19aa 5F5F5749 		.ascii "__WINNT 1\0"
 887      4E4E5420 
 887      3100
 888 19b4 01       		.byte	0x1
 889 19b5 00       		.uleb128 0
 890 19b6 5F5F5749 		.ascii "__WINNT__ 1\0"
 890      4E4E545F 
GAS LISTING C:\Users\PRESID~1\AppData\Local\Temp\cc0RC5e7.s 			page 34


 890      5F203100 
 891 19c2 01       		.byte	0x1
 892 19c3 00       		.uleb128 0
 893 19c4 5F494E54 		.ascii "_INTEGRAL_MAX_BITS 64\0"
 893      45475241 
 893      4C5F4D41 
 893      585F4249 
 893      54532036 
 894 19da 01       		.byte	0x1
 895 19db 00       		.uleb128 0
 896 19dc 5F5F6465 		.ascii "__declspec(x) __attribute__((x))\0"
 896      636C7370 
 896      65632878 
 896      29205F5F 
 896      61747472 
 897 19fd 01       		.byte	0x1
 898 19fe 00       		.uleb128 0
 899 19ff 5F5F4445 		.ascii "__DECIMAL_BID_FORMAT__ 1\0"
 899      43494D41 
 899      4C5F4249 
 899      445F464F 
 899      524D4154 
 900 1a18 01       		.byte	0x1
 901 1a19 00       		.uleb128 0
 902 1a1a 4346475F 		.ascii "CFG_PROCESSOR 3\0"
 902      50524F43 
 902      4553534F 
 902      52203300 
 903 1a2a 03       		.byte	0x3
 904 1a2b 00       		.uleb128 0
 905 1a2c 01       		.uleb128 0x1
 906              		.file 3 "E:/NeuOrga/Programmieren/c_cpp/github_os/input/src/os_base/os_firstinc.h"
 907 1a2d 03       		.byte	0x3
 908 1a2e 01       		.uleb128 0x1
 909 1a2f 03       		.uleb128 0x3
 910 1a30 01       		.byte	0x1
 911 1a31 02       		.uleb128 0x2
 912 1a32 5F6F735F 		.ascii "_os_firstinc_h_ \0"
 912      66697273 
 912      74696E63 
 912      5F685F20 
 912      00
 913 1a43 03       		.byte	0x3
 914 1a44 04       		.uleb128 0x4
 915 1a45 02       		.uleb128 0x2
 916 1a46 01       		.byte	0x1
 917 1a47 02       		.uleb128 0x2
 918 1a48 5F424153 		.ascii "_BASE_TYPES_H_ \0"
 918      455F5459 
 918      5045535F 
 918      485F2000 
 919 1a58 01       		.byte	0x1
 920 1a59 04       		.uleb128 0x4
 921 1a5a 494E5445 		.ascii "INTEGER_LLP64_IL32P64 1\0"
 921      4745525F 
 921      4C4C5036 
 921      345F494C 
GAS LISTING C:\Users\PRESID~1\AppData\Local\Temp\cc0RC5e7.s 			page 35


 921      33325036 
 922 1a72 01       		.byte	0x1
 923 1a73 05       		.uleb128 0x5
 924 1a74 494E5445 		.ascii "INTEGER_LP64_I32LP64 2\0"
 924      4745525F 
 924      4C503634 
 924      5F493332 
 924      4C503634 
 925 1a8b 01       		.byte	0x1
 926 1a8c 06       		.uleb128 0x6
 927 1a8d 494E5445 		.ascii "INTEGER_ILP64 3\0"
 927      4745525F 
 927      494C5036 
 927      34203300 
 928 1a9d 01       		.byte	0x1
 929 1a9e 07       		.uleb128 0x7
 930 1a9f 494E5445 		.ascii "INTEGER_SILP64 4\0"
 930      4745525F 
 930      53494C50 
 930      36342034 
 930      00
 931 1ab0 01       		.byte	0x1
 932 1ab1 09       		.uleb128 0x9
 933 1ab2 4350505F 		.ascii "CPP_VERSION_NONE 0\0"
 933      56455253 
 933      494F4E5F 
 933      4E4F4E45 
 933      203000
 934 1ac5 01       		.byte	0x1
 935 1ac6 0A       		.uleb128 0xa
 936 1ac7 4350505F 		.ascii "CPP_VERSION_1998 1\0"
 936      56455253 
 936      494F4E5F 
 936      31393938 
 936      203100
 937 1ada 01       		.byte	0x1
 938 1adb 0B       		.uleb128 0xb
 939 1adc 4350505F 		.ascii "CPP_VERSION_2003 2\0"
 939      56455253 
 939      494F4E5F 
 939      32303033 
 939      203200
 940 1aef 01       		.byte	0x1
 941 1af0 0C       		.uleb128 0xc
 942 1af1 4350505F 		.ascii "CPP_VERSION_2007 3\0"
 942      56455253 
 942      494F4E5F 
 942      32303037 
 942      203300
 943 1b04 01       		.byte	0x1
 944 1b05 0D       		.uleb128 0xd
 945 1b06 4350505F 		.ascii "CPP_VERSION_2011 4\0"
 945      56455253 
 945      494F4E5F 
 945      32303131 
 945      203400
 946 1b19 01       		.byte	0x1
GAS LISTING C:\Users\PRESID~1\AppData\Local\Temp\cc0RC5e7.s 			page 36


 947 1b1a 0E       		.uleb128 0xe
 948 1b1b 49534F5F 		.ascii "ISO_CPP_VERSION CPP_VERSION_1998\0"
 948      4350505F 
 948      56455253 
 948      494F4E20 
 948      4350505F 
 949 1b3c 01       		.byte	0x1
 950 1b3d 10       		.uleb128 0x10
 951 1b3e 494E5445 		.ascii "INTEGER_MODEL INTEGER_LLP64_IL32P64\0"
 951      4745525F 
 951      4D4F4445 
 951      4C20494E 
 951      54454745 
 952 1b62 04       		.byte	0x4
 953              		.file 4 "E:/NeuOrga/Programmieren/c_cpp/github_os/input/src/os_base/../os_base/os_common.h"
 954 1b63 03       		.byte	0x3
 955 1b64 05       		.uleb128 0x5
 956 1b65 04       		.uleb128 0x4
 957 1b66 01       		.byte	0x1
 958 1b67 02       		.uleb128 0x2
 959 1b68 5F6F735F 		.ascii "_os_common_h_ \0"
 959      636F6D6D 
 959      6F6E5F68 
 959      5F2000
 960 1b77 01       		.byte	0x1
 961 1b78 06       		.uleb128 0x6
 962 1b79 46616C73 		.ascii "False 0\0"
 962      65203000 
 963 1b81 01       		.byte	0x1
 964 1b82 07       		.uleb128 0x7
 965 1b83 54727565 		.ascii "True 1\0"
 965      203100
 966 1b8a 01       		.byte	0x1
 967 1b8b 08       		.uleb128 0x8
 968 1b8c 46414C53 		.ascii "FALSE False\0"
 968      45204661 
 968      6C736500 
 969 1b98 01       		.byte	0x1
 970 1b99 09       		.uleb128 0x9
 971 1b9a 54525545 		.ascii "TRUE True\0"
 971      20547275 
 971      6500
 972 1ba4 01       		.byte	0x1
 973 1ba5 0A       		.uleb128 0xa
 974 1ba6 41636365 		.ascii "Accepted 1\0"
 974      70746564 
 974      203100
 975 1bb1 01       		.byte	0x1
 976 1bb2 0B       		.uleb128 0xb
 977 1bb3 52656A65 		.ascii "Rejected 0\0"
 977      63746564 
 977      203000
 978 1bbe 01       		.byte	0x1
 979 1bbf 0C       		.uleb128 0xc
 980 1bc0 4C6F6361 		.ascii "Local static\0"
 980      6C207374 
 980      61746963 
GAS LISTING C:\Users\PRESID~1\AppData\Local\Temp\cc0RC5e7.s 			page 37


 980      00
 981 1bcd 01       		.byte	0x1
 982 1bce 0D       		.uleb128 0xd
 983 1bcf 4C6F6361 		.ascii "Local_inline static __inline__\0"
 983      6C5F696E 
 983      6C696E65 
 983      20737461 
 983      74696320 
 984 1bee 01       		.byte	0x1
 985 1bef 0E       		.uleb128 0xe
 986 1bf0 476C6F62 		.ascii "Global_inline __inline__\0"
 986      616C5F69 
 986      6E6C696E 
 986      65205F5F 
 986      696E6C69 
 987 1c09 01       		.byte	0x1
 988 1c0a 0F       		.uleb128 0xf
 989 1c0b 52656665 		.ascii "ReferenceUnusedParameter(x) ((x) = (x))\0"
 989      72656E63 
 989      65556E75 
 989      73656450 
 989      6172616D 
 990 1c33 01       		.byte	0x1
 991 1c34 10       		.uleb128 0x10
 992 1c35 44796E61 		.ascii "DynamicMemoryUsed False\0"
 992      6D69634D 
 992      656D6F72 
 992      79557365 
 992      64204661 
 993 1c4d 01       		.byte	0x1
 994 1c4e 13       		.uleb128 0x13
 995 1c4f 634D4355 		.ascii "cMCU_X86 3\0"
 995      5F583836 
 995      203300
 996 1c5a 01       		.byte	0x1
 997 1c5b 14       		.uleb128 0x14
 998 1c5c 634D4355 		.ascii "cMCU_CORTEX_M4 4\0"
 998      5F434F52 
 998      5445585F 
 998      4D342034 
 998      00
 999 1c6d 01       		.byte	0x1
 1000 1c6e 17       		.uleb128 0x17
 1001 1c6f 4E525F4F 		.ascii "NR_OF_CORES 1\0"
 1001      465F434F 
 1001      52455320 
 1001      3100
 1002 1c7d 01       		.byte	0x1
 1003 1c7e 19       		.uleb128 0x19
 1004 1c7f 4D43555F 		.ascii "MCU_CLOCK_IN_HZ ((uint32)168000000u)\0"
 1004      434C4F43 
 1004      4B5F494E 
 1004      5F485A20 
 1004      28287569 
 1005 1ca4 01       		.byte	0x1
 1006 1ca5 1D       		.uleb128 0x1d
 1007 1ca6 44697361 		.ascii "DisableInterrupts() \0"
GAS LISTING C:\Users\PRESID~1\AppData\Local\Temp\cc0RC5e7.s 			page 38


 1007      626C6549 
 1007      6E746572 
 1007      72757074 
 1007      73282920 
 1008 1cbb 01       		.byte	0x1
 1009 1cbc 1E       		.uleb128 0x1e
 1010 1cbd 456E6162 		.ascii "EnableInterrupts() \0"
 1010      6C65496E 
 1010      74657272 
 1010      75707473 
 1010      28292000 
 1011 1cd1 01       		.byte	0x1
 1012 1cd2 1F       		.uleb128 0x1f
 1013 1cd3 50726976 		.ascii "Privilige_level_save_current() \0"
 1013      696C6967 
 1013      655F6C65 
 1013      76656C5F 
 1013      73617665 
 1014 1cf3 01       		.byte	0x1
 1015 1cf4 20       		.uleb128 0x20
 1016 1cf5 50726976 		.ascii "Privilige_level_enter_kernel_mode() \0"
 1016      696C6967 
 1016      655F6C65 
 1016      76656C5F 
 1016      656E7465 
 1017 1d1a 01       		.byte	0x1
 1018 1d1b 21       		.uleb128 0x21
 1019 1d1c 50726976 		.ascii "Privilige_level_restore_saved() \0"
 1019      696C6967 
 1019      655F6C65 
 1019      76656C5F 
 1019      72657374 
 1020 1d3d 01       		.byte	0x1
 1021 1d3e 22       		.uleb128 0x22
 1022 1d3f 48616C74 		.ascii "HaltMcu() \0"
 1022      4D637528 
 1022      292000
 1023 1d4a 01       		.byte	0x1
 1024 1d4b 58       		.uleb128 0x58
 1025 1d4c 42696749 		.ascii "BigIntSize 16\0"
 1025      6E745369 
 1025      7A652031 
 1025      3600
 1026 1d5a 04       		.byte	0x4
 1027              		.file 5 "E:/NeuOrga/Programmieren/c_cpp/github_os/input/src/os_base/../os_sim/lld_global.h"
 1028 1d5b 03       		.byte	0x3
 1029 1d5c 08       		.uleb128 0x8
 1030 1d5d 05       		.uleb128 0x5
 1031 1d5e 01       		.byte	0x1
 1032 1d5f 02       		.uleb128 0x2
 1033 1d60 5F6C6C64 		.ascii "_lld_global_h_ \0"
 1033      5F676C6F 
 1033      62616C5F 
 1033      685F2000 
 1034              		.file 6 "E:/NeuOrga/Programmieren/c_cpp/github_os/input/src/os_base/../os_sim/lld_core.h"
 1035 1d70 03       		.byte	0x3
 1036 1d71 04       		.uleb128 0x4
GAS LISTING C:\Users\PRESID~1\AppData\Local\Temp\cc0RC5e7.s 			page 39


 1037 1d72 06       		.uleb128 0x6
 1038 1d73 01       		.byte	0x1
 1039 1d74 02       		.uleb128 0x2
 1040 1d75 5F6C6C64 		.ascii "_lld_core_h_ \0"
 1040      5F636F72 
 1040      655F685F 
 1040      2000
 1041              		.file 7 "E:/NeuOrga/Programmieren/c_cpp/github_os/input/src/os_base/../os_sim/../os_base/os_firsti
 1042 1d83 03       		.byte	0x3
 1043 1d84 03       		.uleb128 0x3
 1044 1d85 07       		.uleb128 0x7
 1045 1d86 04       		.byte	0x4
 1046 1d87 04       		.byte	0x4
 1047              		.file 8 "E:/NeuOrga/Programmieren/c_cpp/github_os/input/src/os_base/../os_sim/lld_interrupt.h"
 1048 1d88 03       		.byte	0x3
 1049 1d89 05       		.uleb128 0x5
 1050 1d8a 08       		.uleb128 0x8
 1051 1d8b 01       		.byte	0x1
 1052 1d8c 02       		.uleb128 0x2
 1053 1d8d 5F6C6C64 		.ascii "_lld_interrupt_h_ \0"
 1053      5F696E74 
 1053      65727275 
 1053      70745F68 
 1053      5F2000
 1054 1da0 01       		.byte	0x1
 1055 1da1 05       		.uleb128 0x5
 1056 1da2 6F735F69 		.ascii "os_interrupt_swi_1 asm(\"swi 1\")\0"
 1056      6E746572 
 1056      72757074 
 1056      5F737769 
 1056      5F312061 
 1057 1dc2 01       		.byte	0x1
 1058 1dc3 06       		.uleb128 0x6
 1059 1dc4 6F735F69 		.ascii "os_interrupt_swi_2 asm(\"swi 2\")\0"
 1059      6E746572 
 1059      72757074 
 1059      5F737769 
 1059      5F322061 
 1060 1de4 01       		.byte	0x1
 1061 1de5 07       		.uleb128 0x7
 1062 1de6 6F735F69 		.ascii "os_interrupt_swi_3 asm(\"swi 3\")\0"
 1062      6E746572 
 1062      72757074 
 1062      5F737769 
 1062      5F332061 
 1063 1e06 01       		.byte	0x1
 1064 1e07 08       		.uleb128 0x8
 1065 1e08 6F735F69 		.ascii "os_interrupt_swi_4 asm(\"swi 4\")\0"
 1065      6E746572 
 1065      72757074 
 1065      5F737769 
 1065      5F342061 
 1066 1e28 01       		.byte	0x1
 1067 1e29 09       		.uleb128 0x9
 1068 1e2a 6F735F69 		.ascii "os_interrupt_swi_5 asm(\"swi 5\")\0"
 1068      6E746572 
 1068      72757074 
GAS LISTING C:\Users\PRESID~1\AppData\Local\Temp\cc0RC5e7.s 			page 40


 1068      5F737769 
 1068      5F352061 
 1069 1e4a 04       		.byte	0x4
 1070              		.file 9 "E:/NeuOrga/Programmieren/c_cpp/github_os/input/src/os_base/../os_sim/lld_mmu.h"
 1071 1e4b 03       		.byte	0x3
 1072 1e4c 06       		.uleb128 0x6
 1073 1e4d 09       		.uleb128 0x9
 1074 1e4e 01       		.byte	0x1
 1075 1e4f 02       		.uleb128 0x2
 1076 1e50 5F6C6C64 		.ascii "_lld_mmu_h_ \0"
 1076      5F6D6D75 
 1076      5F685F20 
 1076      00
 1077 1e5d 04       		.byte	0x4
 1078              		.file 10 "E:/NeuOrga/Programmieren/c_cpp/github_os/input/src/os_base/../os_sim/lld_timer.h"
 1079 1e5e 03       		.byte	0x3
 1080 1e5f 07       		.uleb128 0x7
 1081 1e60 0A       		.uleb128 0xa
 1082 1e61 01       		.byte	0x1
 1083 1e62 02       		.uleb128 0x2
 1084 1e63 5F6C6C64 		.ascii "_lld_timer_h_ \0"
 1084      5F74696D 
 1084      65725F68 
 1084      5F2000
 1085 1e72 04       		.byte	0x4
 1086              		.file 11 "E:/NeuOrga/Programmieren/c_cpp/github_os/input/src/os_base/../os_sim/lld_power.h"
 1087 1e73 03       		.byte	0x3
 1088 1e74 08       		.uleb128 0x8
 1089 1e75 0B       		.uleb128 0xb
 1090 1e76 01       		.byte	0x1
 1091 1e77 02       		.uleb128 0x2
 1092 1e78 5F6C6C64 		.ascii "_lld_power_h_ \0"
 1092      5F706F77 
 1092      65725F68 
 1092      5F2000
 1093 1e87 04       		.byte	0x4
 1094              		.file 12 "E:/NeuOrga/Programmieren/c_cpp/github_os/input/src/os_base/../os_sim/lld_ram.h"
 1095 1e88 03       		.byte	0x3
 1096 1e89 09       		.uleb128 0x9
 1097 1e8a 0C       		.uleb128 0xc
 1098 1e8b 01       		.byte	0x1
 1099 1e8c 02       		.uleb128 0x2
 1100 1e8d 5F6C6C64 		.ascii "_lld_ram_h_ \0"
 1100      5F72616D 
 1100      5F685F20 
 1100      00
 1101 1e9a 04       		.byte	0x4
 1102              		.file 13 "E:/NeuOrga/Programmieren/c_cpp/github_os/input/src/os_base/../os_sim/../os_base/os_task_
 1103 1e9b 03       		.byte	0x3
 1104 1e9c 0A       		.uleb128 0xa
 1105 1e9d 0D       		.uleb128 0xd
 1106 1e9e 01       		.byte	0x1
 1107 1e9f 02       		.uleb128 0x2
 1108 1ea0 5F6F735F 		.ascii "_os_task_common_h_ \0"
 1108      7461736B 
 1108      5F636F6D 
 1108      6D6F6E5F 
GAS LISTING C:\Users\PRESID~1\AppData\Local\Temp\cc0RC5e7.s 			page 41


 1108      685F2000 
 1109 1eb4 03       		.byte	0x3
 1110 1eb5 03       		.uleb128 0x3
 1111 1eb6 07       		.uleb128 0x7
 1112 1eb7 04       		.byte	0x4
 1113              		.file 14 "E:/NeuOrga/Programmieren/c_cpp/github_os/input/src/os_base/../os_sim/../os_base/os_task_
 1114 1eb8 03       		.byte	0x3
 1115 1eb9 04       		.uleb128 0x4
 1116 1eba 0E       		.uleb128 0xe
 1117 1ebb 01       		.byte	0x1
 1118 1ebc 02       		.uleb128 0x2
 1119 1ebd 5F6F735F 		.ascii "_os_task_config_h_ \0"
 1119      7461736B 
 1119      5F636F6E 
 1119      6669675F 
 1119      685F2000 
 1120 1ed1 01       		.byte	0x1
 1121 1ed2 05       		.uleb128 0x5
 1122 1ed3 53636865 		.ascii "SchedulerFrequency (1.0e3)\0"
 1122      64756C65 
 1122      72467265 
 1122      7175656E 
 1122      63792028 
 1123 1eee 01       		.byte	0x1
 1124 1eef 06       		.uleb128 0x6
 1125 1ef0 4D696E54 		.ascii "MinTimeSlice_s (1.0/SchedulerFrequency)\0"
 1125      696D6553 
 1125      6C696365 
 1125      5F732028 
 1125      312E302F 
 1126 1f18 01       		.byte	0x1
 1127 1f19 07       		.uleb128 0x7
 1128 1f1a 4D696E54 		.ascii "MinTimeSlice_us ((1.0/SchedulerFrequency)*1e6)\0"
 1128      696D6553 
 1128      6C696365 
 1128      5F757320 
 1128      2828312E 
 1129 1f49 01       		.byte	0x1
 1130 1f4a 08       		.uleb128 0x8
 1131 1f4b 5461736B 		.ascii "Task_min_time (1e0)\0"
 1131      5F6D696E 
 1131      5F74696D 
 1131      65202831 
 1131      65302900 
 1132 1f5f 01       		.byte	0x1
 1133 1f60 09       		.uleb128 0x9
 1134 1f61 4E554D42 		.ascii "NUMBER_OF_TASKS 10\0"
 1134      45525F4F 
 1134      465F5441 
 1134      534B5320 
 1134      313000
 1135 1f74 01       		.byte	0x1
 1136 1f75 0A       		.uleb128 0xa
 1137 1f76 4D41585F 		.ascii "MAX_RUN_QUEUE_SIZE (NUMBER_OF_TASKS)\0"
 1137      52554E5F 
 1137      51554555 
 1137      455F5349 
GAS LISTING C:\Users\PRESID~1\AppData\Local\Temp\cc0RC5e7.s 			page 42


 1137      5A452028 
 1138 1f9b 01       		.byte	0x1
 1139 1f9c 0B       		.uleb128 0xb
 1140 1f9d 4D41585F 		.ascii "MAX_RUN_PQUEUE_SIZE MAX_RUN_QUEUE_SIZE\0"
 1140      52554E5F 
 1140      50515545 
 1140      55455F53 
 1140      495A4520 
 1141 1fc4 01       		.byte	0x1
 1142 1fc5 0D       		.uleb128 0xd
 1143 1fc6 5441534B 		.ascii "TASK_STACK_SIZE 2000\0"
 1143      5F535441 
 1143      434B5F53 
 1143      495A4520 
 1143      32303030 
 1144 1fdb 01       		.byte	0x1
 1145 1fdc 10       		.uleb128 0x10
 1146 1fdd 4D535F50 		.ascii "MS_PER_SEC (1000)\0"
 1146      45525F53 
 1146      45432028 
 1146      31303030 
 1146      2900
 1147 1fef 01       		.byte	0x1
 1148 1ff0 11       		.uleb128 0x11
 1149 1ff1 5553455F 		.ascii "USE_STATIC_CREATED_TASKS True\0"
 1149      53544154 
 1149      49435F43 
 1149      52454154 
 1149      45445F54 
 1150 200f 04       		.byte	0x4
 1151              		.file 15 "E:/NeuOrga/Programmieren/c_cpp/github_os/input/src/os_base/../os_sim/../os_base/os_init_
 1152 2010 03       		.byte	0x3
 1153 2011 05       		.uleb128 0x5
 1154 2012 0F       		.uleb128 0xf
 1155 2013 01       		.byte	0x1
 1156 2014 02       		.uleb128 0x2
 1157 2015 5F6F735F 		.ascii "_os_init_task_system_h_ \0"
 1157      696E6974 
 1157      5F746173 
 1157      6B5F7379 
 1157      7374656D 
 1158 202e 04       		.byte	0x4
 1159 202f 01       		.byte	0x1
 1160 2030 5F       		.uleb128 0x5f
 1161 2031 6F735F53 		.ascii "os_SaveTaskPtr(task_ptr,task_name) (TASK_PTR[(task_name)] = (task_ptr))\0"
 1161      61766554 
 1161      61736B50 
 1161      74722874 
 1161      61736B5F 
 1162 2079 01       		.byte	0x1
 1163 207a 60       		.uleb128 0x60
 1164 207b 6F735F47 		.ascii "os_GetTaskPtr(task_name) ((task_t*) TASK_PTR[(task_name)])\0"
 1164      65745461 
 1164      736B5074 
 1164      72287461 
 1164      736B5F6E 
 1165 20b6 04       		.byte	0x4
GAS LISTING C:\Users\PRESID~1\AppData\Local\Temp\cc0RC5e7.s 			page 43


 1166 20b7 04       		.byte	0x4
 1167              		.file 16 "E:/NeuOrga/Programmieren/c_cpp/github_os/input/src/os_base/../os_user_code/led.h"
 1168 20b8 03       		.byte	0x3
 1169 20b9 0C       		.uleb128 0xc
 1170 20ba 10       		.uleb128 0x10
 1171 20bb 01       		.byte	0x1
 1172 20bc 02       		.uleb128 0x2
 1173 20bd 5F4C4544 		.ascii "_LED_H_ \0"
 1173      5F485F20 
 1173      00
 1174 20c6 04       		.byte	0x4
 1175              		.file 17 "E:/NeuOrga/Programmieren/c_cpp/github_os/input/src/os_base/../os_base/os_ram.h"
 1176 20c7 03       		.byte	0x3
 1177 20c8 0E       		.uleb128 0xe
 1178 20c9 11       		.uleb128 0x11
 1179 20ca 01       		.byte	0x1
 1180 20cb 02       		.uleb128 0x2
 1181 20cc 5F4F535F 		.ascii "_OS_RAM_H_ \0"
 1181      52414D5F 
 1181      485F2000 
 1182              		.file 18 "E:/NeuOrga/Programmieren/c_cpp/github_os/input/src/os_base/../os_base/os_firstinc.h"
 1183 20d8 03       		.byte	0x3
 1184 20d9 04       		.uleb128 0x4
 1185 20da 12       		.uleb128 0x12
 1186 20db 04       		.byte	0x4
 1187              		.file 19 "E:/NeuOrga/Programmieren/c_cpp/github_os/input/src/os_base/../os_base/os_stack.h"
 1188 20dc 03       		.byte	0x3
 1189 20dd 05       		.uleb128 0x5
 1190 20de 13       		.uleb128 0x13
 1191 20df 01       		.byte	0x1
 1192 20e0 02       		.uleb128 0x2
 1193 20e1 5F6F735F 		.ascii "_os_stack_h_ \0"
 1193      73746163 
 1193      6B5F685F 
 1193      2000
 1194 20ef 01       		.byte	0x1
 1195 20f0 04       		.uleb128 0x4
 1196 20f1 4F535F53 		.ascii "OS_STACK_SIZE 0x5000u\0"
 1196      5441434B 
 1196      5F53495A 
 1196      45203078 
 1196      35303030 
 1197 2107 04       		.byte	0x4
 1198              		.file 20 "E:/NeuOrga/Programmieren/c_cpp/github_os/input/src/os_base/../os_base/os_heap.h"
 1199 2108 03       		.byte	0x3
 1200 2109 06       		.uleb128 0x6
 1201 210a 14       		.uleb128 0x14
 1202 210b 01       		.byte	0x1
 1203 210c 02       		.uleb128 0x2
 1204 210d 5F6F735F 		.ascii "_os_heap_h_ \0"
 1204      68656170 
 1204      5F685F20 
 1204      00
 1205 211a 01       		.byte	0x1
 1206 211b 05       		.uleb128 0x5
 1207 211c 48454150 		.ascii "HEAP_SIZE 10000\0"
 1207      5F53495A 
GAS LISTING C:\Users\PRESID~1\AppData\Local\Temp\cc0RC5e7.s 			page 44


 1207      45203130 
 1207      30303000 
 1208 212c 01       		.byte	0x1
 1209 212d 06       		.uleb128 0x6
 1210 212e 4D494E5F 		.ascii "MIN_BLOCK_SIZE_HEAP 8\0"
 1210      424C4F43 
 1210      4B5F5349 
 1210      5A455F48 
 1210      45415020 
 1211 2144 01       		.byte	0x1
 1212 2145 09       		.uleb128 0x9
 1213 2146 48454150 		.ascii "HEAP_OFFSET_FOR_SIZE 0\0"
 1213      5F4F4646 
 1213      5345545F 
 1213      464F525F 
 1213      53495A45 
 1214 215d 01       		.byte	0x1
 1215 215e 0A       		.uleb128 0xa
 1216 215f 48454150 		.ascii "HEAP_OFFSET_FOR_USED_SIZE 4\0"
 1216      5F4F4646 
 1216      5345545F 
 1216      464F525F 
 1216      55534544 
 1217 217b 01       		.byte	0x1
 1218 217c 0B       		.uleb128 0xb
 1219 217d 48454150 		.ascii "HEAP_OFFSET_FOR_CHUNK 8\0"
 1219      5F4F4646 
 1219      5345545F 
 1219      464F525F 
 1219      4348554E 
 1220 2195 04       		.byte	0x4
 1221              		.file 21 "E:/NeuOrga/Programmieren/c_cpp/github_os/input/src/os_base/../os_base/os_main.h"
 1222 2196 03       		.byte	0x3
 1223 2197 07       		.uleb128 0x7
 1224 2198 15       		.uleb128 0x15
 1225 2199 01       		.byte	0x1
 1226 219a 02       		.uleb128 0x2
 1227 219b 5F6F735F 		.ascii "_os_main_h_ \0"
 1227      6D61696E 
 1227      5F685F20 
 1227      00
 1228 21a8 01       		.byte	0x1
 1229 21a9 03       		.uleb128 0x3
 1230 21aa 6F735F69 		.ascii "os_init 0\0"
 1230      6E697420 
 1230      3000
 1231 21b4 01       		.byte	0x1
 1232 21b5 04       		.uleb128 0x4
 1233 21b6 6F735F72 		.ascii "os_running 1\0"
 1233      756E6E69 
 1233      6E672031 
 1233      00
 1234 21c3 01       		.byte	0x1
 1235 21c4 05       		.uleb128 0x5
 1236 21c5 6F735F73 		.ascii "os_shutdown 2\0"
 1236      68757464 
 1236      6F776E20 
GAS LISTING C:\Users\PRESID~1\AppData\Local\Temp\cc0RC5e7.s 			page 45


 1236      3200
 1237 21d3 04       		.byte	0x4
 1238              		.file 22 "E:/NeuOrga/Programmieren/c_cpp/github_os/input/src/os_base/../os_base/os_task_config.h"
 1239 21d4 03       		.byte	0x3
 1240 21d5 08       		.uleb128 0x8
 1241 21d6 16       		.uleb128 0x16
 1242 21d7 04       		.byte	0x4
 1243              		.file 23 "E:/NeuOrga/Programmieren/c_cpp/github_os/input/src/os_base/../os_base/os_task_common.h"
 1244 21d8 03       		.byte	0x3
 1245 21d9 09       		.uleb128 0x9
 1246 21da 17       		.uleb128 0x17
 1247 21db 04       		.byte	0x4
 1248 21dc 04       		.byte	0x4
 1249 21dd 04       		.byte	0x4
 1250 21de 01       		.byte	0x1
 1251 21df 0A       		.uleb128 0xa
 1252 21e0 4D50555F 		.ascii "MPU_RNR ((volatile uint32*)0xE000ED98)\0"
 1252      524E5220 
 1252      2828766F 
 1252      6C617469 
 1252      6C652075 
 1253 2207 01       		.byte	0x1
 1254 2208 0B       		.uleb128 0xb
 1255 2209 4D50555F 		.ascii "MPU_RBAR ((volatile uint32*)0xE000ED9C)\0"
 1255      52424152 
 1255      20282876 
 1255      6F6C6174 
 1255      696C6520 
 1256 2231 01       		.byte	0x1
 1257 2232 0C       		.uleb128 0xc
 1258 2233 4D50555F 		.ascii "MPU_RASR ((volatile uint32*)0xE000EDA0)\0"
 1258      52415352 
 1258      20282876 
 1258      6F6C6174 
 1258      696C6520 
 1259 225b 01       		.byte	0x1
 1260 225c 0E       		.uleb128 0xe
 1261 225d 4D50555F 		.ascii "MPU_ASR_NON_CACHABLE 0x00080000\0"
 1261      4153525F 
 1261      4E4F4E5F 
 1261      43414348 
 1261      41424C45 
 1262 227d 01       		.byte	0x1
 1263 227e 0F       		.uleb128 0xf
 1264 227f 4D50555F 		.ascii "MPU_ASR_STRONGLY_ORDERED 0x00000000\0"
 1264      4153525F 
 1264      5354524F 
 1264      4E474C59 
 1264      5F4F5244 
 1265 22a3 01       		.byte	0x1
 1266 22a4 11       		.uleb128 0x11
 1267 22a5 4D50555F 		.ascii "MPU_ASR_ACCESS_PRIV_RO_UNPRIV_RO 0x07000000\0"
 1267      4153525F 
 1267      41434345 
 1267      53535F50 
 1267      5249565F 
 1268 22d1 01       		.byte	0x1
GAS LISTING C:\Users\PRESID~1\AppData\Local\Temp\cc0RC5e7.s 			page 46


 1269 22d2 12       		.uleb128 0x12
 1270 22d3 4D50555F 		.ascii "MPU_ASR_ACCESS_PRIV_RW_UNPRIV_RW 0x03000000\0"
 1270      4153525F 
 1270      41434345 
 1270      53535F50 
 1270      5249565F 
 1271 22ff 01       		.byte	0x1
 1272 2300 13       		.uleb128 0x13
 1273 2301 4D50555F 		.ascii "MPU_ASR_ACCESS_PRIV_RW_UNPRIV_NOACCESS 0x01000000\0"
 1273      4153525F 
 1273      41434345 
 1273      53535F50 
 1273      5249565F 
 1274 2333 01       		.byte	0x1
 1275 2334 15       		.uleb128 0x15
 1276 2335 4D50555F 		.ascii "MPU_ASR_REGION_SIZE_FLASH 0x20000000\0"
 1276      4153525F 
 1276      52454749 
 1276      4F4E5F53 
 1276      495A455F 
 1277 235a 01       		.byte	0x1
 1278 235b 16       		.uleb128 0x16
 1279 235c 4D50555F 		.ascii "MPU_ASR_REGION_SIZE_RAM 0x20000000\0"
 1279      4153525F 
 1279      52454749 
 1279      4F4E5F53 
 1279      495A455F 
 1280 237f 01       		.byte	0x1
 1281 2380 17       		.uleb128 0x17
 1282 2381 4D50555F 		.ascii "MPU_ASR_REGION_SIZE_PERIPHERIE 0x20000000\0"
 1282      4153525F 
 1282      52454749 
 1282      4F4E5F53 
 1282      495A455F 
 1283 23ab 01       		.byte	0x1
 1284 23ac 18       		.uleb128 0x18
 1285 23ad 4D50555F 		.ascii "MPU_ASR_REGION_ENABLE 0x00000001\0"
 1285      4153525F 
 1285      52454749 
 1285      4F4E5F45 
 1285      4E41424C 
 1286 23ce 04       		.byte	0x4
 1287 23cf 00       		.byte	0
 1288              		.section	.debug_line,"dr"
 1289              	Ldebug_line0:
 1290 0000 16030000 		.section	.debug_str,"dr"
 1290      0200F102 
 1290      00000101 
 1290      FB0E0D00 
 1290      01010101 
 1291              		.ident	"GCC: (GNU) 4.9.3"
GAS LISTING C:\Users\PRESID~1\AppData\Local\Temp\cc0RC5e7.s 			page 47


DEFINED SYMBOLS
                            *ABS*:00000000 os_memory_mmu_setup.c
C:\Users\PRESID~1\AppData\Local\Temp\cc0RC5e7.s:6      .text:00000000 _OS_MmuSetup

UNDEFINED SYMBOLS
_LLF_MPU_ENABLE
