GAS LISTING C:\Users\PRESID~1\AppData\Local\Temp\ccuLcSFr.s 			page 1


   1              		.file	"os_ram_stack.c"
   2              		.text
   3              	Ltext0:
   4              		.comm	_OS_MAIN_STACK, 512, 5
   5              	Letext0:
   6              		.file 1 "E:/NeuOrga/Programmieren/c_cpp/github_os/input/src/os_base/../os_base/os_base_types.h"
   7              		.file 2 "E:/NeuOrga/Programmieren/c_cpp/github_os/input/src/os_base/os_ram_stack.c"
   8              		.section	.debug_info,"dr"
   9              	Ldebug_info0:
  10 0000 48010000 		.long	0x148
  11 0004 0400     		.word	0x4
  12 0006 00000000 		.secrel32	Ldebug_abbrev0
  13 000a 04       		.byte	0x4
  14 000b 01       		.uleb128 0x1
  15 000c 474E5520 		.ascii "GNU C 4.9.3 -march=i386 -g3 -O0 -std=c90\0"
  15      4320342E 
  15      392E3320 
  15      2D6D6172 
  15      63683D69 
  16 0035 01       		.byte	0x1
  17 0036 453A5C4E 		.ascii "E:\\NeuOrga\\Programmieren\\c_cpp\\github_os\\input\\src\\os_base\\os_ram_stack.c\0"
  17      65754F72 
  17      67615C50 
  17      726F6772 
  17      616D6D69 
  18 0080 00000000 		.secrel32	Ldebug_line0
  19 0084 00000000 		.secrel32	Ldebug_macro0
  20 0088 02       		.uleb128 0x2
  21 0089 756E7369 		.ascii "unsigned_char_t\0"
  21      676E6564 
  21      5F636861 
  21      725F7400 
  22 0099 01       		.byte	0x1
  23 009a 1D       		.byte	0x1d
  24 009b 9F000000 		.long	0x9f
  25 009f 03       		.uleb128 0x3
  26 00a0 01       		.byte	0x1
  27 00a1 08       		.byte	0x8
  28 00a2 756E7369 		.ascii "unsigned char\0"
  28      676E6564 
  28      20636861 
  28      7200
  29 00b0 03       		.uleb128 0x3
  30 00b1 01       		.byte	0x1
  31 00b2 06       		.byte	0x6
  32 00b3 7369676E 		.ascii "signed char\0"
  32      65642063 
  32      68617200 
  33 00bf 03       		.uleb128 0x3
  34 00c0 02       		.byte	0x2
  35 00c1 07       		.byte	0x7
  36 00c2 73686F72 		.ascii "short unsigned int\0"
  36      7420756E 
  36      7369676E 
  36      65642069 
  36      6E7400
  37 00d5 03       		.uleb128 0x3
GAS LISTING C:\Users\PRESID~1\AppData\Local\Temp\ccuLcSFr.s 			page 2


  38 00d6 02       		.byte	0x2
  39 00d7 05       		.byte	0x5
  40 00d8 73686F72 		.ascii "short int\0"
  40      7420696E 
  40      7400
  41 00e2 03       		.uleb128 0x3
  42 00e3 04       		.byte	0x4
  43 00e4 07       		.byte	0x7
  44 00e5 6C6F6E67 		.ascii "long unsigned int\0"
  44      20756E73 
  44      69676E65 
  44      6420696E 
  44      7400
  45 00f7 03       		.uleb128 0x3
  46 00f8 04       		.byte	0x4
  47 00f9 05       		.byte	0x5
  48 00fa 6C6F6E67 		.ascii "long int\0"
  48      20696E74 
  48      00
  49 0103 03       		.uleb128 0x3
  50 0104 04       		.byte	0x4
  51 0105 07       		.byte	0x7
  52 0106 73697A65 		.ascii "sizetype\0"
  52      74797065 
  52      00
  53 010f 03       		.uleb128 0x3
  54 0110 04       		.byte	0x4
  55 0111 07       		.byte	0x7
  56 0112 756E7369 		.ascii "unsigned int\0"
  56      676E6564 
  56      20696E74 
  56      00
  57 011f 04       		.uleb128 0x4
  58 0120 88000000 		.long	0x88
  59 0124 30010000 		.long	0x130
  60 0128 05       		.uleb128 0x5
  61 0129 03010000 		.long	0x103
  62 012d FF01     		.word	0x1ff
  63 012f 00       		.byte	0
  64 0130 06       		.uleb128 0x6
  65 0131 4F535F4D 		.ascii "OS_MAIN_STACK\0"
  65      41494E5F 
  65      53544143 
  65      4B00
  66 013f 02       		.byte	0x2
  67 0140 09       		.byte	0x9
  68 0141 1F010000 		.long	0x11f
  69 0145 05       		.uleb128 0x5
  70 0146 03       		.byte	0x3
  71 0147 00000000 		.long	_OS_MAIN_STACK
  72 014b 00       		.byte	0
  73              		.section	.debug_abbrev,"dr"
  74              	Ldebug_abbrev0:
  75 0000 01       		.uleb128 0x1
  76 0001 11       		.uleb128 0x11
  77 0002 01       		.byte	0x1
  78 0003 25       		.uleb128 0x25
GAS LISTING C:\Users\PRESID~1\AppData\Local\Temp\ccuLcSFr.s 			page 3


  79 0004 08       		.uleb128 0x8
  80 0005 13       		.uleb128 0x13
  81 0006 0B       		.uleb128 0xb
  82 0007 03       		.uleb128 0x3
  83 0008 08       		.uleb128 0x8
  84 0009 10       		.uleb128 0x10
  85 000a 17       		.uleb128 0x17
  86 000b 9942     		.uleb128 0x2119
  87 000d 17       		.uleb128 0x17
  88 000e 00       		.byte	0
  89 000f 00       		.byte	0
  90 0010 02       		.uleb128 0x2
  91 0011 16       		.uleb128 0x16
  92 0012 00       		.byte	0
  93 0013 03       		.uleb128 0x3
  94 0014 08       		.uleb128 0x8
  95 0015 3A       		.uleb128 0x3a
  96 0016 0B       		.uleb128 0xb
  97 0017 3B       		.uleb128 0x3b
  98 0018 0B       		.uleb128 0xb
  99 0019 49       		.uleb128 0x49
 100 001a 13       		.uleb128 0x13
 101 001b 00       		.byte	0
 102 001c 00       		.byte	0
 103 001d 03       		.uleb128 0x3
 104 001e 24       		.uleb128 0x24
 105 001f 00       		.byte	0
 106 0020 0B       		.uleb128 0xb
 107 0021 0B       		.uleb128 0xb
 108 0022 3E       		.uleb128 0x3e
 109 0023 0B       		.uleb128 0xb
 110 0024 03       		.uleb128 0x3
 111 0025 08       		.uleb128 0x8
 112 0026 00       		.byte	0
 113 0027 00       		.byte	0
 114 0028 04       		.uleb128 0x4
 115 0029 01       		.uleb128 0x1
 116 002a 01       		.byte	0x1
 117 002b 49       		.uleb128 0x49
 118 002c 13       		.uleb128 0x13
 119 002d 01       		.uleb128 0x1
 120 002e 13       		.uleb128 0x13
 121 002f 00       		.byte	0
 122 0030 00       		.byte	0
 123 0031 05       		.uleb128 0x5
 124 0032 21       		.uleb128 0x21
 125 0033 00       		.byte	0
 126 0034 49       		.uleb128 0x49
 127 0035 13       		.uleb128 0x13
 128 0036 2F       		.uleb128 0x2f
 129 0037 05       		.uleb128 0x5
 130 0038 00       		.byte	0
 131 0039 00       		.byte	0
 132 003a 06       		.uleb128 0x6
 133 003b 34       		.uleb128 0x34
 134 003c 00       		.byte	0
 135 003d 03       		.uleb128 0x3
GAS LISTING C:\Users\PRESID~1\AppData\Local\Temp\ccuLcSFr.s 			page 4


 136 003e 08       		.uleb128 0x8
 137 003f 3A       		.uleb128 0x3a
 138 0040 0B       		.uleb128 0xb
 139 0041 3B       		.uleb128 0x3b
 140 0042 0B       		.uleb128 0xb
 141 0043 49       		.uleb128 0x49
 142 0044 13       		.uleb128 0x13
 143 0045 3F       		.uleb128 0x3f
 144 0046 19       		.uleb128 0x19
 145 0047 02       		.uleb128 0x2
 146 0048 18       		.uleb128 0x18
 147 0049 00       		.byte	0
 148 004a 00       		.byte	0
 149 004b 00       		.byte	0
 150              		.section	.debug_aranges,"dr"
 151 0000 14000000 		.long	0x14
 152 0004 0200     		.word	0x2
 153 0006 00000000 		.secrel32	Ldebug_info0
 154 000a 04       		.byte	0x4
 155 000b 00       		.byte	0
 156 000c 0000     		.word	0
 157 000e 0000     		.word	0
 158 0010 00000000 		.long	0
 159 0014 00000000 		.long	0
 160              		.section	.debug_macro,"dr"
 161              	Ldebug_macro0:
 162 0000 0400     		.word	0x4
 163 0002 02       		.byte	0x2
 164 0003 00000000 		.secrel32	Ldebug_line0
 165 0007 01       		.byte	0x1
 166 0008 00       		.uleb128 0
 167 0009 5F5F5354 		.ascii "__STDC__ 1\0"
 167      44435F5F 
 167      203100
 168 0014 01       		.byte	0x1
 169 0015 00       		.uleb128 0
 170 0016 5F5F5354 		.ascii "__STDC_HOSTED__ 1\0"
 170      44435F48 
 170      4F535445 
 170      445F5F20 
 170      3100
 171 0028 01       		.byte	0x1
 172 0029 00       		.uleb128 0
 173 002a 5F5F474E 		.ascii "__GNUC__ 4\0"
 173      55435F5F 
 173      203400
 174 0035 01       		.byte	0x1
 175 0036 00       		.uleb128 0
 176 0037 5F5F474E 		.ascii "__GNUC_MINOR__ 9\0"
 176      55435F4D 
 176      494E4F52 
 176      5F5F2039 
 176      00
 177 0048 01       		.byte	0x1
 178 0049 00       		.uleb128 0
 179 004a 5F5F474E 		.ascii "__GNUC_PATCHLEVEL__ 3\0"
 179      55435F50 
GAS LISTING C:\Users\PRESID~1\AppData\Local\Temp\ccuLcSFr.s 			page 5


 179      41544348 
 179      4C455645 
 179      4C5F5F20 
 180 0060 01       		.byte	0x1
 181 0061 00       		.uleb128 0
 182 0062 5F5F5645 		.ascii "__VERSION__ \"4.9.3\"\0"
 182      5253494F 
 182      4E5F5F20 
 182      22342E39 
 182      2E332200 
 183 0076 01       		.byte	0x1
 184 0077 00       		.uleb128 0
 185 0078 5F5F4154 		.ascii "__ATOMIC_RELAXED 0\0"
 185      4F4D4943 
 185      5F52454C 
 185      41584544 
 185      203000
 186 008b 01       		.byte	0x1
 187 008c 00       		.uleb128 0
 188 008d 5F5F4154 		.ascii "__ATOMIC_SEQ_CST 5\0"
 188      4F4D4943 
 188      5F534551 
 188      5F435354 
 188      203500
 189 00a0 01       		.byte	0x1
 190 00a1 00       		.uleb128 0
 191 00a2 5F5F4154 		.ascii "__ATOMIC_ACQUIRE 2\0"
 191      4F4D4943 
 191      5F414351 
 191      55495245 
 191      203200
 192 00b5 01       		.byte	0x1
 193 00b6 00       		.uleb128 0
 194 00b7 5F5F4154 		.ascii "__ATOMIC_RELEASE 3\0"
 194      4F4D4943 
 194      5F52454C 
 194      45415345 
 194      203300
 195 00ca 01       		.byte	0x1
 196 00cb 00       		.uleb128 0
 197 00cc 5F5F4154 		.ascii "__ATOMIC_ACQ_REL 4\0"
 197      4F4D4943 
 197      5F414351 
 197      5F52454C 
 197      203400
 198 00df 01       		.byte	0x1
 199 00e0 00       		.uleb128 0
 200 00e1 5F5F4154 		.ascii "__ATOMIC_CONSUME 1\0"
 200      4F4D4943 
 200      5F434F4E 
 200      53554D45 
 200      203100
 201 00f4 01       		.byte	0x1
 202 00f5 00       		.uleb128 0
 203 00f6 5F5F4649 		.ascii "__FINITE_MATH_ONLY__ 0\0"
 203      4E495445 
 203      5F4D4154 
GAS LISTING C:\Users\PRESID~1\AppData\Local\Temp\ccuLcSFr.s 			page 6


 203      485F4F4E 
 203      4C595F5F 
 204 010d 01       		.byte	0x1
 205 010e 00       		.uleb128 0
 206 010f 5F5F5349 		.ascii "__SIZEOF_INT__ 4\0"
 206      5A454F46 
 206      5F494E54 
 206      5F5F2034 
 206      00
 207 0120 01       		.byte	0x1
 208 0121 00       		.uleb128 0
 209 0122 5F5F5349 		.ascii "__SIZEOF_LONG__ 4\0"
 209      5A454F46 
 209      5F4C4F4E 
 209      475F5F20 
 209      3400
 210 0134 01       		.byte	0x1
 211 0135 00       		.uleb128 0
 212 0136 5F5F5349 		.ascii "__SIZEOF_LONG_LONG__ 8\0"
 212      5A454F46 
 212      5F4C4F4E 
 212      475F4C4F 
 212      4E475F5F 
 213 014d 01       		.byte	0x1
 214 014e 00       		.uleb128 0
 215 014f 5F5F5349 		.ascii "__SIZEOF_SHORT__ 2\0"
 215      5A454F46 
 215      5F53484F 
 215      52545F5F 
 215      203200
 216 0162 01       		.byte	0x1
 217 0163 00       		.uleb128 0
 218 0164 5F5F5349 		.ascii "__SIZEOF_FLOAT__ 4\0"
 218      5A454F46 
 218      5F464C4F 
 218      41545F5F 
 218      203400
 219 0177 01       		.byte	0x1
 220 0178 00       		.uleb128 0
 221 0179 5F5F5349 		.ascii "__SIZEOF_DOUBLE__ 8\0"
 221      5A454F46 
 221      5F444F55 
 221      424C455F 
 221      5F203800 
 222 018d 01       		.byte	0x1
 223 018e 00       		.uleb128 0
 224 018f 5F5F5349 		.ascii "__SIZEOF_LONG_DOUBLE__ 12\0"
 224      5A454F46 
 224      5F4C4F4E 
 224      475F444F 
 224      55424C45 
 225 01a9 01       		.byte	0x1
 226 01aa 00       		.uleb128 0
 227 01ab 5F5F5349 		.ascii "__SIZEOF_SIZE_T__ 4\0"
 227      5A454F46 
 227      5F53495A 
 227      455F545F 
GAS LISTING C:\Users\PRESID~1\AppData\Local\Temp\ccuLcSFr.s 			page 7


 227      5F203400 
 228 01bf 01       		.byte	0x1
 229 01c0 00       		.uleb128 0
 230 01c1 5F5F4348 		.ascii "__CHAR_BIT__ 8\0"
 230      41525F42 
 230      49545F5F 
 230      203800
 231 01d0 01       		.byte	0x1
 232 01d1 00       		.uleb128 0
 233 01d2 5F5F4249 		.ascii "__BIGGEST_ALIGNMENT__ 16\0"
 233      47474553 
 233      545F414C 
 233      49474E4D 
 233      454E545F 
 234 01eb 01       		.byte	0x1
 235 01ec 00       		.uleb128 0
 236 01ed 5F5F4F52 		.ascii "__ORDER_LITTLE_ENDIAN__ 1234\0"
 236      4445525F 
 236      4C495454 
 236      4C455F45 
 236      4E444941 
 237 020a 01       		.byte	0x1
 238 020b 00       		.uleb128 0
 239 020c 5F5F4F52 		.ascii "__ORDER_BIG_ENDIAN__ 4321\0"
 239      4445525F 
 239      4249475F 
 239      454E4449 
 239      414E5F5F 
 240 0226 01       		.byte	0x1
 241 0227 00       		.uleb128 0
 242 0228 5F5F4F52 		.ascii "__ORDER_PDP_ENDIAN__ 3412\0"
 242      4445525F 
 242      5044505F 
 242      454E4449 
 242      414E5F5F 
 243 0242 01       		.byte	0x1
 244 0243 00       		.uleb128 0
 245 0244 5F5F4259 		.ascii "__BYTE_ORDER__ __ORDER_LITTLE_ENDIAN__\0"
 245      54455F4F 
 245      52444552 
 245      5F5F205F 
 245      5F4F5244 
 246 026b 01       		.byte	0x1
 247 026c 00       		.uleb128 0
 248 026d 5F5F464C 		.ascii "__FLOAT_WORD_ORDER__ __ORDER_LITTLE_ENDIAN__\0"
 248      4F41545F 
 248      574F5244 
 248      5F4F5244 
 248      45525F5F 
 249 029a 01       		.byte	0x1
 250 029b 00       		.uleb128 0
 251 029c 5F5F5349 		.ascii "__SIZEOF_POINTER__ 4\0"
 251      5A454F46 
 251      5F504F49 
 251      4E544552 
 251      5F5F2034 
 252 02b1 01       		.byte	0x1
GAS LISTING C:\Users\PRESID~1\AppData\Local\Temp\ccuLcSFr.s 			page 8


 253 02b2 00       		.uleb128 0
 254 02b3 5F5F5349 		.ascii "__SIZE_TYPE__ unsigned int\0"
 254      5A455F54 
 254      5950455F 
 254      5F20756E 
 254      7369676E 
 255 02ce 01       		.byte	0x1
 256 02cf 00       		.uleb128 0
 257 02d0 5F5F5054 		.ascii "__PTRDIFF_TYPE__ int\0"
 257      52444946 
 257      465F5459 
 257      50455F5F 
 257      20696E74 
 258 02e5 01       		.byte	0x1
 259 02e6 00       		.uleb128 0
 260 02e7 5F5F5743 		.ascii "__WCHAR_TYPE__ short unsigned int\0"
 260      4841525F 
 260      54595045 
 260      5F5F2073 
 260      686F7274 
 261 0309 01       		.byte	0x1
 262 030a 00       		.uleb128 0
 263 030b 5F5F5749 		.ascii "__WINT_TYPE__ short unsigned int\0"
 263      4E545F54 
 263      5950455F 
 263      5F207368 
 263      6F727420 
 264 032c 01       		.byte	0x1
 265 032d 00       		.uleb128 0
 266 032e 5F5F494E 		.ascii "__INTMAX_TYPE__ long long int\0"
 266      544D4158 
 266      5F545950 
 266      455F5F20 
 266      6C6F6E67 
 267 034c 01       		.byte	0x1
 268 034d 00       		.uleb128 0
 269 034e 5F5F5549 		.ascii "__UINTMAX_TYPE__ long long unsigned int\0"
 269      4E544D41 
 269      585F5459 
 269      50455F5F 
 269      206C6F6E 
 270 0376 01       		.byte	0x1
 271 0377 00       		.uleb128 0
 272 0378 5F5F4348 		.ascii "__CHAR16_TYPE__ short unsigned int\0"
 272      41523136 
 272      5F545950 
 272      455F5F20 
 272      73686F72 
 273 039b 01       		.byte	0x1
 274 039c 00       		.uleb128 0
 275 039d 5F5F4348 		.ascii "__CHAR32_TYPE__ unsigned int\0"
 275      41523332 
 275      5F545950 
 275      455F5F20 
 275      756E7369 
 276 03ba 01       		.byte	0x1
 277 03bb 00       		.uleb128 0
GAS LISTING C:\Users\PRESID~1\AppData\Local\Temp\ccuLcSFr.s 			page 9


 278 03bc 5F5F5349 		.ascii "__SIG_ATOMIC_TYPE__ int\0"
 278      475F4154 
 278      4F4D4943 
 278      5F545950 
 278      455F5F20 
 279 03d4 01       		.byte	0x1
 280 03d5 00       		.uleb128 0
 281 03d6 5F5F494E 		.ascii "__INT8_TYPE__ signed char\0"
 281      54385F54 
 281      5950455F 
 281      5F207369 
 281      676E6564 
 282 03f0 01       		.byte	0x1
 283 03f1 00       		.uleb128 0
 284 03f2 5F5F494E 		.ascii "__INT16_TYPE__ short int\0"
 284      5431365F 
 284      54595045 
 284      5F5F2073 
 284      686F7274 
 285 040b 01       		.byte	0x1
 286 040c 00       		.uleb128 0
 287 040d 5F5F494E 		.ascii "__INT32_TYPE__ int\0"
 287      5433325F 
 287      54595045 
 287      5F5F2069 
 287      6E7400
 288 0420 01       		.byte	0x1
 289 0421 00       		.uleb128 0
 290 0422 5F5F494E 		.ascii "__INT64_TYPE__ long long int\0"
 290      5436345F 
 290      54595045 
 290      5F5F206C 
 290      6F6E6720 
 291 043f 01       		.byte	0x1
 292 0440 00       		.uleb128 0
 293 0441 5F5F5549 		.ascii "__UINT8_TYPE__ unsigned char\0"
 293      4E54385F 
 293      54595045 
 293      5F5F2075 
 293      6E736967 
 294 045e 01       		.byte	0x1
 295 045f 00       		.uleb128 0
 296 0460 5F5F5549 		.ascii "__UINT16_TYPE__ short unsigned int\0"
 296      4E543136 
 296      5F545950 
 296      455F5F20 
 296      73686F72 
 297 0483 01       		.byte	0x1
 298 0484 00       		.uleb128 0
 299 0485 5F5F5549 		.ascii "__UINT32_TYPE__ unsigned int\0"
 299      4E543332 
 299      5F545950 
 299      455F5F20 
 299      756E7369 
 300 04a2 01       		.byte	0x1
 301 04a3 00       		.uleb128 0
 302 04a4 5F5F5549 		.ascii "__UINT64_TYPE__ long long unsigned int\0"
GAS LISTING C:\Users\PRESID~1\AppData\Local\Temp\ccuLcSFr.s 			page 10


 302      4E543634 
 302      5F545950 
 302      455F5F20 
 302      6C6F6E67 
 303 04cb 01       		.byte	0x1
 304 04cc 00       		.uleb128 0
 305 04cd 5F5F494E 		.ascii "__INT_LEAST8_TYPE__ signed char\0"
 305      545F4C45 
 305      41535438 
 305      5F545950 
 305      455F5F20 
 306 04ed 01       		.byte	0x1
 307 04ee 00       		.uleb128 0
 308 04ef 5F5F494E 		.ascii "__INT_LEAST16_TYPE__ short int\0"
 308      545F4C45 
 308      41535431 
 308      365F5459 
 308      50455F5F 
 309 050e 01       		.byte	0x1
 310 050f 00       		.uleb128 0
 311 0510 5F5F494E 		.ascii "__INT_LEAST32_TYPE__ int\0"
 311      545F4C45 
 311      41535433 
 311      325F5459 
 311      50455F5F 
 312 0529 01       		.byte	0x1
 313 052a 00       		.uleb128 0
 314 052b 5F5F494E 		.ascii "__INT_LEAST64_TYPE__ long long int\0"
 314      545F4C45 
 314      41535436 
 314      345F5459 
 314      50455F5F 
 315 054e 01       		.byte	0x1
 316 054f 00       		.uleb128 0
 317 0550 5F5F5549 		.ascii "__UINT_LEAST8_TYPE__ unsigned char\0"
 317      4E545F4C 
 317      45415354 
 317      385F5459 
 317      50455F5F 
 318 0573 01       		.byte	0x1
 319 0574 00       		.uleb128 0
 320 0575 5F5F5549 		.ascii "__UINT_LEAST16_TYPE__ short unsigned int\0"
 320      4E545F4C 
 320      45415354 
 320      31365F54 
 320      5950455F 
 321 059e 01       		.byte	0x1
 322 059f 00       		.uleb128 0
 323 05a0 5F5F5549 		.ascii "__UINT_LEAST32_TYPE__ unsigned int\0"
 323      4E545F4C 
 323      45415354 
 323      33325F54 
 323      5950455F 
 324 05c3 01       		.byte	0x1
 325 05c4 00       		.uleb128 0
 326 05c5 5F5F5549 		.ascii "__UINT_LEAST64_TYPE__ long long unsigned int\0"
 326      4E545F4C 
GAS LISTING C:\Users\PRESID~1\AppData\Local\Temp\ccuLcSFr.s 			page 11


 326      45415354 
 326      36345F54 
 326      5950455F 
 327 05f2 01       		.byte	0x1
 328 05f3 00       		.uleb128 0
 329 05f4 5F5F494E 		.ascii "__INT_FAST8_TYPE__ signed char\0"
 329      545F4641 
 329      5354385F 
 329      54595045 
 329      5F5F2073 
 330 0613 01       		.byte	0x1
 331 0614 00       		.uleb128 0
 332 0615 5F5F494E 		.ascii "__INT_FAST16_TYPE__ short int\0"
 332      545F4641 
 332      53543136 
 332      5F545950 
 332      455F5F20 
 333 0633 01       		.byte	0x1
 334 0634 00       		.uleb128 0
 335 0635 5F5F494E 		.ascii "__INT_FAST32_TYPE__ int\0"
 335      545F4641 
 335      53543332 
 335      5F545950 
 335      455F5F20 
 336 064d 01       		.byte	0x1
 337 064e 00       		.uleb128 0
 338 064f 5F5F494E 		.ascii "__INT_FAST64_TYPE__ long long int\0"
 338      545F4641 
 338      53543634 
 338      5F545950 
 338      455F5F20 
 339 0671 01       		.byte	0x1
 340 0672 00       		.uleb128 0
 341 0673 5F5F5549 		.ascii "__UINT_FAST8_TYPE__ unsigned char\0"
 341      4E545F46 
 341      41535438 
 341      5F545950 
 341      455F5F20 
 342 0695 01       		.byte	0x1
 343 0696 00       		.uleb128 0
 344 0697 5F5F5549 		.ascii "__UINT_FAST16_TYPE__ short unsigned int\0"
 344      4E545F46 
 344      41535431 
 344      365F5459 
 344      50455F5F 
 345 06bf 01       		.byte	0x1
 346 06c0 00       		.uleb128 0
 347 06c1 5F5F5549 		.ascii "__UINT_FAST32_TYPE__ unsigned int\0"
 347      4E545F46 
 347      41535433 
 347      325F5459 
 347      50455F5F 
 348 06e3 01       		.byte	0x1
 349 06e4 00       		.uleb128 0
 350 06e5 5F5F5549 		.ascii "__UINT_FAST64_TYPE__ long long unsigned int\0"
 350      4E545F46 
 350      41535436 
GAS LISTING C:\Users\PRESID~1\AppData\Local\Temp\ccuLcSFr.s 			page 12


 350      345F5459 
 350      50455F5F 
 351 0711 01       		.byte	0x1
 352 0712 00       		.uleb128 0
 353 0713 5F5F494E 		.ascii "__INTPTR_TYPE__ int\0"
 353      54505452 
 353      5F545950 
 353      455F5F20 
 353      696E7400 
 354 0727 01       		.byte	0x1
 355 0728 00       		.uleb128 0
 356 0729 5F5F5549 		.ascii "__UINTPTR_TYPE__ unsigned int\0"
 356      4E545054 
 356      525F5459 
 356      50455F5F 
 356      20756E73 
 357 0747 01       		.byte	0x1
 358 0748 00       		.uleb128 0
 359 0749 5F5F6861 		.ascii "__has_include(STR) __has_include__(STR)\0"
 359      735F696E 
 359      636C7564 
 359      65285354 
 359      5229205F 
 360 0771 01       		.byte	0x1
 361 0772 00       		.uleb128 0
 362 0773 5F5F6861 		.ascii "__has_include_next(STR) __has_include_next__(STR)\0"
 362      735F696E 
 362      636C7564 
 362      655F6E65 
 362      78742853 
 363 07a5 01       		.byte	0x1
 364 07a6 00       		.uleb128 0
 365 07a7 5F5F4758 		.ascii "__GXX_ABI_VERSION 1002\0"
 365      585F4142 
 365      495F5645 
 365      5253494F 
 365      4E203130 
 366 07be 01       		.byte	0x1
 367 07bf 00       		.uleb128 0
 368 07c0 5F5F5343 		.ascii "__SCHAR_MAX__ 127\0"
 368      4841525F 
 368      4D41585F 
 368      5F203132 
 368      3700
 369 07d2 01       		.byte	0x1
 370 07d3 00       		.uleb128 0
 371 07d4 5F5F5348 		.ascii "__SHRT_MAX__ 32767\0"
 371      52545F4D 
 371      41585F5F 
 371      20333237 
 371      363700
 372 07e7 01       		.byte	0x1
 373 07e8 00       		.uleb128 0
 374 07e9 5F5F494E 		.ascii "__INT_MAX__ 2147483647\0"
 374      545F4D41 
 374      585F5F20 
 374      32313437 
GAS LISTING C:\Users\PRESID~1\AppData\Local\Temp\ccuLcSFr.s 			page 13


 374      34383336 
 375 0800 01       		.byte	0x1
 376 0801 00       		.uleb128 0
 377 0802 5F5F4C4F 		.ascii "__LONG_MAX__ 2147483647L\0"
 377      4E475F4D 
 377      41585F5F 
 377      20323134 
 377      37343833 
 378 081b 01       		.byte	0x1
 379 081c 00       		.uleb128 0
 380 081d 5F5F4C4F 		.ascii "__LONG_LONG_MAX__ 9223372036854775807LL\0"
 380      4E475F4C 
 380      4F4E475F 
 380      4D41585F 
 380      5F203932 
 381 0845 01       		.byte	0x1
 382 0846 00       		.uleb128 0
 383 0847 5F5F5743 		.ascii "__WCHAR_MAX__ 65535\0"
 383      4841525F 
 383      4D41585F 
 383      5F203635 
 383      35333500 
 384 085b 01       		.byte	0x1
 385 085c 00       		.uleb128 0
 386 085d 5F5F5743 		.ascii "__WCHAR_MIN__ 0\0"
 386      4841525F 
 386      4D494E5F 
 386      5F203000 
 387 086d 01       		.byte	0x1
 388 086e 00       		.uleb128 0
 389 086f 5F5F5749 		.ascii "__WINT_MAX__ 65535\0"
 389      4E545F4D 
 389      41585F5F 
 389      20363535 
 389      333500
 390 0882 01       		.byte	0x1
 391 0883 00       		.uleb128 0
 392 0884 5F5F5749 		.ascii "__WINT_MIN__ 0\0"
 392      4E545F4D 
 392      494E5F5F 
 392      203000
 393 0893 01       		.byte	0x1
 394 0894 00       		.uleb128 0
 395 0895 5F5F5054 		.ascii "__PTRDIFF_MAX__ 2147483647\0"
 395      52444946 
 395      465F4D41 
 395      585F5F20 
 395      32313437 
 396 08b0 01       		.byte	0x1
 397 08b1 00       		.uleb128 0
 398 08b2 5F5F5349 		.ascii "__SIZE_MAX__ 4294967295U\0"
 398      5A455F4D 
 398      41585F5F 
 398      20343239 
 398      34393637 
 399 08cb 01       		.byte	0x1
 400 08cc 00       		.uleb128 0
GAS LISTING C:\Users\PRESID~1\AppData\Local\Temp\ccuLcSFr.s 			page 14


 401 08cd 5F5F494E 		.ascii "__INTMAX_MAX__ 9223372036854775807LL\0"
 401      544D4158 
 401      5F4D4158 
 401      5F5F2039 
 401      32323333 
 402 08f2 01       		.byte	0x1
 403 08f3 00       		.uleb128 0
 404 08f4 5F5F494E 		.ascii "__INTMAX_C(c) c ## LL\0"
 404      544D4158 
 404      5F432863 
 404      29206320 
 404      2323204C 
 405 090a 01       		.byte	0x1
 406 090b 00       		.uleb128 0
 407 090c 5F5F5549 		.ascii "__UINTMAX_MAX__ 18446744073709551615ULL\0"
 407      4E544D41 
 407      585F4D41 
 407      585F5F20 
 407      31383434 
 408 0934 01       		.byte	0x1
 409 0935 00       		.uleb128 0
 410 0936 5F5F5549 		.ascii "__UINTMAX_C(c) c ## ULL\0"
 410      4E544D41 
 410      585F4328 
 410      63292063 
 410      20232320 
 411 094e 01       		.byte	0x1
 412 094f 00       		.uleb128 0
 413 0950 5F5F5349 		.ascii "__SIG_ATOMIC_MAX__ 2147483647\0"
 413      475F4154 
 413      4F4D4943 
 413      5F4D4158 
 413      5F5F2032 
 414 096e 01       		.byte	0x1
 415 096f 00       		.uleb128 0
 416 0970 5F5F5349 		.ascii "__SIG_ATOMIC_MIN__ (-__SIG_ATOMIC_MAX__ - 1)\0"
 416      475F4154 
 416      4F4D4943 
 416      5F4D494E 
 416      5F5F2028 
 417 099d 01       		.byte	0x1
 418 099e 00       		.uleb128 0
 419 099f 5F5F494E 		.ascii "__INT8_MAX__ 127\0"
 419      54385F4D 
 419      41585F5F 
 419      20313237 
 419      00
 420 09b0 01       		.byte	0x1
 421 09b1 00       		.uleb128 0
 422 09b2 5F5F494E 		.ascii "__INT16_MAX__ 32767\0"
 422      5431365F 
 422      4D41585F 
 422      5F203332 
 422      37363700 
 423 09c6 01       		.byte	0x1
 424 09c7 00       		.uleb128 0
 425 09c8 5F5F494E 		.ascii "__INT32_MAX__ 2147483647\0"
GAS LISTING C:\Users\PRESID~1\AppData\Local\Temp\ccuLcSFr.s 			page 15


 425      5433325F 
 425      4D41585F 
 425      5F203231 
 425      34373438 
 426 09e1 01       		.byte	0x1
 427 09e2 00       		.uleb128 0
 428 09e3 5F5F494E 		.ascii "__INT64_MAX__ 9223372036854775807LL\0"
 428      5436345F 
 428      4D41585F 
 428      5F203932 
 428      32333337 
 429 0a07 01       		.byte	0x1
 430 0a08 00       		.uleb128 0
 431 0a09 5F5F5549 		.ascii "__UINT8_MAX__ 255\0"
 431      4E54385F 
 431      4D41585F 
 431      5F203235 
 431      3500
 432 0a1b 01       		.byte	0x1
 433 0a1c 00       		.uleb128 0
 434 0a1d 5F5F5549 		.ascii "__UINT16_MAX__ 65535\0"
 434      4E543136 
 434      5F4D4158 
 434      5F5F2036 
 434      35353335 
 435 0a32 01       		.byte	0x1
 436 0a33 00       		.uleb128 0
 437 0a34 5F5F5549 		.ascii "__UINT32_MAX__ 4294967295U\0"
 437      4E543332 
 437      5F4D4158 
 437      5F5F2034 
 437      32393439 
 438 0a4f 01       		.byte	0x1
 439 0a50 00       		.uleb128 0
 440 0a51 5F5F5549 		.ascii "__UINT64_MAX__ 18446744073709551615ULL\0"
 440      4E543634 
 440      5F4D4158 
 440      5F5F2031 
 440      38343436 
 441 0a78 01       		.byte	0x1
 442 0a79 00       		.uleb128 0
 443 0a7a 5F5F494E 		.ascii "__INT_LEAST8_MAX__ 127\0"
 443      545F4C45 
 443      41535438 
 443      5F4D4158 
 443      5F5F2031 
 444 0a91 01       		.byte	0x1
 445 0a92 00       		.uleb128 0
 446 0a93 5F5F494E 		.ascii "__INT8_C(c) c\0"
 446      54385F43 
 446      28632920 
 446      6300
 447 0aa1 01       		.byte	0x1
 448 0aa2 00       		.uleb128 0
 449 0aa3 5F5F494E 		.ascii "__INT_LEAST16_MAX__ 32767\0"
 449      545F4C45 
 449      41535431 
GAS LISTING C:\Users\PRESID~1\AppData\Local\Temp\ccuLcSFr.s 			page 16


 449      365F4D41 
 449      585F5F20 
 450 0abd 01       		.byte	0x1
 451 0abe 00       		.uleb128 0
 452 0abf 5F5F494E 		.ascii "__INT16_C(c) c\0"
 452      5431365F 
 452      43286329 
 452      206300
 453 0ace 01       		.byte	0x1
 454 0acf 00       		.uleb128 0
 455 0ad0 5F5F494E 		.ascii "__INT_LEAST32_MAX__ 2147483647\0"
 455      545F4C45 
 455      41535433 
 455      325F4D41 
 455      585F5F20 
 456 0aef 01       		.byte	0x1
 457 0af0 00       		.uleb128 0
 458 0af1 5F5F494E 		.ascii "__INT32_C(c) c\0"
 458      5433325F 
 458      43286329 
 458      206300
 459 0b00 01       		.byte	0x1
 460 0b01 00       		.uleb128 0
 461 0b02 5F5F494E 		.ascii "__INT_LEAST64_MAX__ 9223372036854775807LL\0"
 461      545F4C45 
 461      41535436 
 461      345F4D41 
 461      585F5F20 
 462 0b2c 01       		.byte	0x1
 463 0b2d 00       		.uleb128 0
 464 0b2e 5F5F494E 		.ascii "__INT64_C(c) c ## LL\0"
 464      5436345F 
 464      43286329 
 464      20632023 
 464      23204C4C 
 465 0b43 01       		.byte	0x1
 466 0b44 00       		.uleb128 0
 467 0b45 5F5F5549 		.ascii "__UINT_LEAST8_MAX__ 255\0"
 467      4E545F4C 
 467      45415354 
 467      385F4D41 
 467      585F5F20 
 468 0b5d 01       		.byte	0x1
 469 0b5e 00       		.uleb128 0
 470 0b5f 5F5F5549 		.ascii "__UINT8_C(c) c\0"
 470      4E54385F 
 470      43286329 
 470      206300
 471 0b6e 01       		.byte	0x1
 472 0b6f 00       		.uleb128 0
 473 0b70 5F5F5549 		.ascii "__UINT_LEAST16_MAX__ 65535\0"
 473      4E545F4C 
 473      45415354 
 473      31365F4D 
 473      41585F5F 
 474 0b8b 01       		.byte	0x1
 475 0b8c 00       		.uleb128 0
GAS LISTING C:\Users\PRESID~1\AppData\Local\Temp\ccuLcSFr.s 			page 17


 476 0b8d 5F5F5549 		.ascii "__UINT16_C(c) c\0"
 476      4E543136 
 476      5F432863 
 476      29206300 
 477 0b9d 01       		.byte	0x1
 478 0b9e 00       		.uleb128 0
 479 0b9f 5F5F5549 		.ascii "__UINT_LEAST32_MAX__ 4294967295U\0"
 479      4E545F4C 
 479      45415354 
 479      33325F4D 
 479      41585F5F 
 480 0bc0 01       		.byte	0x1
 481 0bc1 00       		.uleb128 0
 482 0bc2 5F5F5549 		.ascii "__UINT32_C(c) c ## U\0"
 482      4E543332 
 482      5F432863 
 482      29206320 
 482      23232055 
 483 0bd7 01       		.byte	0x1
 484 0bd8 00       		.uleb128 0
 485 0bd9 5F5F5549 		.ascii "__UINT_LEAST64_MAX__ 18446744073709551615ULL\0"
 485      4E545F4C 
 485      45415354 
 485      36345F4D 
 485      41585F5F 
 486 0c06 01       		.byte	0x1
 487 0c07 00       		.uleb128 0
 488 0c08 5F5F5549 		.ascii "__UINT64_C(c) c ## ULL\0"
 488      4E543634 
 488      5F432863 
 488      29206320 
 488      23232055 
 489 0c1f 01       		.byte	0x1
 490 0c20 00       		.uleb128 0
 491 0c21 5F5F494E 		.ascii "__INT_FAST8_MAX__ 127\0"
 491      545F4641 
 491      5354385F 
 491      4D41585F 
 491      5F203132 
 492 0c37 01       		.byte	0x1
 493 0c38 00       		.uleb128 0
 494 0c39 5F5F494E 		.ascii "__INT_FAST16_MAX__ 32767\0"
 494      545F4641 
 494      53543136 
 494      5F4D4158 
 494      5F5F2033 
 495 0c52 01       		.byte	0x1
 496 0c53 00       		.uleb128 0
 497 0c54 5F5F494E 		.ascii "__INT_FAST32_MAX__ 2147483647\0"
 497      545F4641 
 497      53543332 
 497      5F4D4158 
 497      5F5F2032 
 498 0c72 01       		.byte	0x1
 499 0c73 00       		.uleb128 0
 500 0c74 5F5F494E 		.ascii "__INT_FAST64_MAX__ 9223372036854775807LL\0"
 500      545F4641 
GAS LISTING C:\Users\PRESID~1\AppData\Local\Temp\ccuLcSFr.s 			page 18


 500      53543634 
 500      5F4D4158 
 500      5F5F2039 
 501 0c9d 01       		.byte	0x1
 502 0c9e 00       		.uleb128 0
 503 0c9f 5F5F5549 		.ascii "__UINT_FAST8_MAX__ 255\0"
 503      4E545F46 
 503      41535438 
 503      5F4D4158 
 503      5F5F2032 
 504 0cb6 01       		.byte	0x1
 505 0cb7 00       		.uleb128 0
 506 0cb8 5F5F5549 		.ascii "__UINT_FAST16_MAX__ 65535\0"
 506      4E545F46 
 506      41535431 
 506      365F4D41 
 506      585F5F20 
 507 0cd2 01       		.byte	0x1
 508 0cd3 00       		.uleb128 0
 509 0cd4 5F5F5549 		.ascii "__UINT_FAST32_MAX__ 4294967295U\0"
 509      4E545F46 
 509      41535433 
 509      325F4D41 
 509      585F5F20 
 510 0cf4 01       		.byte	0x1
 511 0cf5 00       		.uleb128 0
 512 0cf6 5F5F5549 		.ascii "__UINT_FAST64_MAX__ 18446744073709551615ULL\0"
 512      4E545F46 
 512      41535436 
 512      345F4D41 
 512      585F5F20 
 513 0d22 01       		.byte	0x1
 514 0d23 00       		.uleb128 0
 515 0d24 5F5F494E 		.ascii "__INTPTR_MAX__ 2147483647\0"
 515      54505452 
 515      5F4D4158 
 515      5F5F2032 
 515      31343734 
 516 0d3e 01       		.byte	0x1
 517 0d3f 00       		.uleb128 0
 518 0d40 5F5F5549 		.ascii "__UINTPTR_MAX__ 4294967295U\0"
 518      4E545054 
 518      525F4D41 
 518      585F5F20 
 518      34323934 
 519 0d5c 01       		.byte	0x1
 520 0d5d 00       		.uleb128 0
 521 0d5e 5F5F4743 		.ascii "__GCC_IEC_559 2\0"
 521      435F4945 
 521      435F3535 
 521      39203200 
 522 0d6e 01       		.byte	0x1
 523 0d6f 00       		.uleb128 0
 524 0d70 5F5F4743 		.ascii "__GCC_IEC_559_COMPLEX 2\0"
 524      435F4945 
 524      435F3535 
 524      395F434F 
GAS LISTING C:\Users\PRESID~1\AppData\Local\Temp\ccuLcSFr.s 			page 19


 524      4D504C45 
 525 0d88 01       		.byte	0x1
 526 0d89 00       		.uleb128 0
 527 0d8a 5F5F464C 		.ascii "__FLT_EVAL_METHOD__ 2\0"
 527      545F4556 
 527      414C5F4D 
 527      4554484F 
 527      445F5F20 
 528 0da0 01       		.byte	0x1
 529 0da1 00       		.uleb128 0
 530 0da2 5F5F4445 		.ascii "__DEC_EVAL_METHOD__ 2\0"
 530      435F4556 
 530      414C5F4D 
 530      4554484F 
 530      445F5F20 
 531 0db8 01       		.byte	0x1
 532 0db9 00       		.uleb128 0
 533 0dba 5F5F464C 		.ascii "__FLT_RADIX__ 2\0"
 533      545F5241 
 533      4449585F 
 533      5F203200 
 534 0dca 01       		.byte	0x1
 535 0dcb 00       		.uleb128 0
 536 0dcc 5F5F464C 		.ascii "__FLT_MANT_DIG__ 24\0"
 536      545F4D41 
 536      4E545F44 
 536      49475F5F 
 536      20323400 
 537 0de0 01       		.byte	0x1
 538 0de1 00       		.uleb128 0
 539 0de2 5F5F464C 		.ascii "__FLT_DIG__ 6\0"
 539      545F4449 
 539      475F5F20 
 539      3600
 540 0df0 01       		.byte	0x1
 541 0df1 00       		.uleb128 0
 542 0df2 5F5F464C 		.ascii "__FLT_MIN_EXP__ (-125)\0"
 542      545F4D49 
 542      4E5F4558 
 542      505F5F20 
 542      282D3132 
 543 0e09 01       		.byte	0x1
 544 0e0a 00       		.uleb128 0
 545 0e0b 5F5F464C 		.ascii "__FLT_MIN_10_EXP__ (-37)\0"
 545      545F4D49 
 545      4E5F3130 
 545      5F455850 
 545      5F5F2028 
 546 0e24 01       		.byte	0x1
 547 0e25 00       		.uleb128 0
 548 0e26 5F5F464C 		.ascii "__FLT_MAX_EXP__ 128\0"
 548      545F4D41 
 548      585F4558 
 548      505F5F20 
 548      31323800 
 549 0e3a 01       		.byte	0x1
 550 0e3b 00       		.uleb128 0
GAS LISTING C:\Users\PRESID~1\AppData\Local\Temp\ccuLcSFr.s 			page 20


 551 0e3c 5F5F464C 		.ascii "__FLT_MAX_10_EXP__ 38\0"
 551      545F4D41 
 551      585F3130 
 551      5F455850 
 551      5F5F2033 
 552 0e52 01       		.byte	0x1
 553 0e53 00       		.uleb128 0
 554 0e54 5F5F464C 		.ascii "__FLT_DECIMAL_DIG__ 9\0"
 554      545F4445 
 554      43494D41 
 554      4C5F4449 
 554      475F5F20 
 555 0e6a 01       		.byte	0x1
 556 0e6b 00       		.uleb128 0
 557 0e6c 5F5F464C 		.ascii "__FLT_MAX__ 3.40282346638528859812e+38F\0"
 557      545F4D41 
 557      585F5F20 
 557      332E3430 
 557      32383233 
 558 0e94 01       		.byte	0x1
 559 0e95 00       		.uleb128 0
 560 0e96 5F5F464C 		.ascii "__FLT_MIN__ 1.17549435082228750797e-38F\0"
 560      545F4D49 
 560      4E5F5F20 
 560      312E3137 
 560      35343934 
 561 0ebe 01       		.byte	0x1
 562 0ebf 00       		.uleb128 0
 563 0ec0 5F5F464C 		.ascii "__FLT_EPSILON__ 1.19209289550781250000e-7F\0"
 563      545F4550 
 563      53494C4F 
 563      4E5F5F20 
 563      312E3139 
 564 0eeb 01       		.byte	0x1
 565 0eec 00       		.uleb128 0
 566 0eed 5F5F464C 		.ascii "__FLT_DENORM_MIN__ 1.40129846432481707092e-45F\0"
 566      545F4445 
 566      4E4F524D 
 566      5F4D494E 
 566      5F5F2031 
 567 0f1c 01       		.byte	0x1
 568 0f1d 00       		.uleb128 0
 569 0f1e 5F5F464C 		.ascii "__FLT_HAS_DENORM__ 1\0"
 569      545F4841 
 569      535F4445 
 569      4E4F524D 
 569      5F5F2031 
 570 0f33 01       		.byte	0x1
 571 0f34 00       		.uleb128 0
 572 0f35 5F5F464C 		.ascii "__FLT_HAS_INFINITY__ 1\0"
 572      545F4841 
 572      535F494E 
 572      46494E49 
 572      54595F5F 
 573 0f4c 01       		.byte	0x1
 574 0f4d 00       		.uleb128 0
 575 0f4e 5F5F464C 		.ascii "__FLT_HAS_QUIET_NAN__ 1\0"
GAS LISTING C:\Users\PRESID~1\AppData\Local\Temp\ccuLcSFr.s 			page 21


 575      545F4841 
 575      535F5155 
 575      4945545F 
 575      4E414E5F 
 576 0f66 01       		.byte	0x1
 577 0f67 00       		.uleb128 0
 578 0f68 5F5F4442 		.ascii "__DBL_MANT_DIG__ 53\0"
 578      4C5F4D41 
 578      4E545F44 
 578      49475F5F 
 578      20353300 
 579 0f7c 01       		.byte	0x1
 580 0f7d 00       		.uleb128 0
 581 0f7e 5F5F4442 		.ascii "__DBL_DIG__ 15\0"
 581      4C5F4449 
 581      475F5F20 
 581      313500
 582 0f8d 01       		.byte	0x1
 583 0f8e 00       		.uleb128 0
 584 0f8f 5F5F4442 		.ascii "__DBL_MIN_EXP__ (-1021)\0"
 584      4C5F4D49 
 584      4E5F4558 
 584      505F5F20 
 584      282D3130 
 585 0fa7 01       		.byte	0x1
 586 0fa8 00       		.uleb128 0
 587 0fa9 5F5F4442 		.ascii "__DBL_MIN_10_EXP__ (-307)\0"
 587      4C5F4D49 
 587      4E5F3130 
 587      5F455850 
 587      5F5F2028 
 588 0fc3 01       		.byte	0x1
 589 0fc4 00       		.uleb128 0
 590 0fc5 5F5F4442 		.ascii "__DBL_MAX_EXP__ 1024\0"
 590      4C5F4D41 
 590      585F4558 
 590      505F5F20 
 590      31303234 
 591 0fda 01       		.byte	0x1
 592 0fdb 00       		.uleb128 0
 593 0fdc 5F5F4442 		.ascii "__DBL_MAX_10_EXP__ 308\0"
 593      4C5F4D41 
 593      585F3130 
 593      5F455850 
 593      5F5F2033 
 594 0ff3 01       		.byte	0x1
 595 0ff4 00       		.uleb128 0
 596 0ff5 5F5F4442 		.ascii "__DBL_DECIMAL_DIG__ 17\0"
 596      4C5F4445 
 596      43494D41 
 596      4C5F4449 
 596      475F5F20 
 597 100c 01       		.byte	0x1
 598 100d 00       		.uleb128 0
 599 100e 5F5F4442 		.ascii "__DBL_MAX__ ((double)1.79769313486231570815e+308L)\0"
 599      4C5F4D41 
 599      585F5F20 
GAS LISTING C:\Users\PRESID~1\AppData\Local\Temp\ccuLcSFr.s 			page 22


 599      2828646F 
 599      75626C65 
 600 1041 01       		.byte	0x1
 601 1042 00       		.uleb128 0
 602 1043 5F5F4442 		.ascii "__DBL_MIN__ ((double)2.22507385850720138309e-308L)\0"
 602      4C5F4D49 
 602      4E5F5F20 
 602      2828646F 
 602      75626C65 
 603 1076 01       		.byte	0x1
 604 1077 00       		.uleb128 0
 605 1078 5F5F4442 		.ascii "__DBL_EPSILON__ ((double)2.22044604925031308085e-16L)\0"
 605      4C5F4550 
 605      53494C4F 
 605      4E5F5F20 
 605      2828646F 
 606 10ae 01       		.byte	0x1
 607 10af 00       		.uleb128 0
 608 10b0 5F5F4442 		.ascii "__DBL_DENORM_MIN__ ((double)4.94065645841246544177e-324L)\0"
 608      4C5F4445 
 608      4E4F524D 
 608      5F4D494E 
 608      5F5F2028 
 609 10ea 01       		.byte	0x1
 610 10eb 00       		.uleb128 0
 611 10ec 5F5F4442 		.ascii "__DBL_HAS_DENORM__ 1\0"
 611      4C5F4841 
 611      535F4445 
 611      4E4F524D 
 611      5F5F2031 
 612 1101 01       		.byte	0x1
 613 1102 00       		.uleb128 0
 614 1103 5F5F4442 		.ascii "__DBL_HAS_INFINITY__ 1\0"
 614      4C5F4841 
 614      535F494E 
 614      46494E49 
 614      54595F5F 
 615 111a 01       		.byte	0x1
 616 111b 00       		.uleb128 0
 617 111c 5F5F4442 		.ascii "__DBL_HAS_QUIET_NAN__ 1\0"
 617      4C5F4841 
 617      535F5155 
 617      4945545F 
 617      4E414E5F 
 618 1134 01       		.byte	0x1
 619 1135 00       		.uleb128 0
 620 1136 5F5F4C44 		.ascii "__LDBL_MANT_DIG__ 64\0"
 620      424C5F4D 
 620      414E545F 
 620      4449475F 
 620      5F203634 
 621 114b 01       		.byte	0x1
 622 114c 00       		.uleb128 0
 623 114d 5F5F4C44 		.ascii "__LDBL_DIG__ 18\0"
 623      424C5F44 
 623      49475F5F 
 623      20313800 
GAS LISTING C:\Users\PRESID~1\AppData\Local\Temp\ccuLcSFr.s 			page 23


 624 115d 01       		.byte	0x1
 625 115e 00       		.uleb128 0
 626 115f 5F5F4C44 		.ascii "__LDBL_MIN_EXP__ (-16381)\0"
 626      424C5F4D 
 626      494E5F45 
 626      58505F5F 
 626      20282D31 
 627 1179 01       		.byte	0x1
 628 117a 00       		.uleb128 0
 629 117b 5F5F4C44 		.ascii "__LDBL_MIN_10_EXP__ (-4931)\0"
 629      424C5F4D 
 629      494E5F31 
 629      305F4558 
 629      505F5F20 
 630 1197 01       		.byte	0x1
 631 1198 00       		.uleb128 0
 632 1199 5F5F4C44 		.ascii "__LDBL_MAX_EXP__ 16384\0"
 632      424C5F4D 
 632      41585F45 
 632      58505F5F 
 632      20313633 
 633 11b0 01       		.byte	0x1
 634 11b1 00       		.uleb128 0
 635 11b2 5F5F4C44 		.ascii "__LDBL_MAX_10_EXP__ 4932\0"
 635      424C5F4D 
 635      41585F31 
 635      305F4558 
 635      505F5F20 
 636 11cb 01       		.byte	0x1
 637 11cc 00       		.uleb128 0
 638 11cd 5F5F4445 		.ascii "__DECIMAL_DIG__ 21\0"
 638      43494D41 
 638      4C5F4449 
 638      475F5F20 
 638      323100
 639 11e0 01       		.byte	0x1
 640 11e1 00       		.uleb128 0
 641 11e2 5F5F4C44 		.ascii "__LDBL_MAX__ 1.18973149535723176502e+4932L\0"
 641      424C5F4D 
 641      41585F5F 
 641      20312E31 
 641      38393733 
 642 120d 01       		.byte	0x1
 643 120e 00       		.uleb128 0
 644 120f 5F5F4C44 		.ascii "__LDBL_MIN__ 3.36210314311209350626e-4932L\0"
 644      424C5F4D 
 644      494E5F5F 
 644      20332E33 
 644      36323130 
 645 123a 01       		.byte	0x1
 646 123b 00       		.uleb128 0
 647 123c 5F5F4C44 		.ascii "__LDBL_EPSILON__ 1.08420217248550443401e-19L\0"
 647      424C5F45 
 647      5053494C 
 647      4F4E5F5F 
 647      20312E30 
 648 1269 01       		.byte	0x1
GAS LISTING C:\Users\PRESID~1\AppData\Local\Temp\ccuLcSFr.s 			page 24


 649 126a 00       		.uleb128 0
 650 126b 5F5F4C44 		.ascii "__LDBL_DENORM_MIN__ 3.64519953188247460253e-4951L\0"
 650      424C5F44 
 650      454E4F52 
 650      4D5F4D49 
 650      4E5F5F20 
 651 129d 01       		.byte	0x1
 652 129e 00       		.uleb128 0
 653 129f 5F5F4C44 		.ascii "__LDBL_HAS_DENORM__ 1\0"
 653      424C5F48 
 653      41535F44 
 653      454E4F52 
 653      4D5F5F20 
 654 12b5 01       		.byte	0x1
 655 12b6 00       		.uleb128 0
 656 12b7 5F5F4C44 		.ascii "__LDBL_HAS_INFINITY__ 1\0"
 656      424C5F48 
 656      41535F49 
 656      4E46494E 
 656      4954595F 
 657 12cf 01       		.byte	0x1
 658 12d0 00       		.uleb128 0
 659 12d1 5F5F4C44 		.ascii "__LDBL_HAS_QUIET_NAN__ 1\0"
 659      424C5F48 
 659      41535F51 
 659      55494554 
 659      5F4E414E 
 660 12ea 01       		.byte	0x1
 661 12eb 00       		.uleb128 0
 662 12ec 5F5F4445 		.ascii "__DEC32_MANT_DIG__ 7\0"
 662      4333325F 
 662      4D414E54 
 662      5F444947 
 662      5F5F2037 
 663 1301 01       		.byte	0x1
 664 1302 00       		.uleb128 0
 665 1303 5F5F4445 		.ascii "__DEC32_MIN_EXP__ (-94)\0"
 665      4333325F 
 665      4D494E5F 
 665      4558505F 
 665      5F20282D 
 666 131b 01       		.byte	0x1
 667 131c 00       		.uleb128 0
 668 131d 5F5F4445 		.ascii "__DEC32_MAX_EXP__ 97\0"
 668      4333325F 
 668      4D41585F 
 668      4558505F 
 668      5F203937 
 669 1332 01       		.byte	0x1
 670 1333 00       		.uleb128 0
 671 1334 5F5F4445 		.ascii "__DEC32_MIN__ 1E-95DF\0"
 671      4333325F 
 671      4D494E5F 
 671      5F203145 
 671      2D393544 
 672 134a 01       		.byte	0x1
 673 134b 00       		.uleb128 0
GAS LISTING C:\Users\PRESID~1\AppData\Local\Temp\ccuLcSFr.s 			page 25


 674 134c 5F5F4445 		.ascii "__DEC32_MAX__ 9.999999E96DF\0"
 674      4333325F 
 674      4D41585F 
 674      5F20392E 
 674      39393939 
 675 1368 01       		.byte	0x1
 676 1369 00       		.uleb128 0
 677 136a 5F5F4445 		.ascii "__DEC32_EPSILON__ 1E-6DF\0"
 677      4333325F 
 677      45505349 
 677      4C4F4E5F 
 677      5F203145 
 678 1383 01       		.byte	0x1
 679 1384 00       		.uleb128 0
 680 1385 5F5F4445 		.ascii "__DEC32_SUBNORMAL_MIN__ 0.000001E-95DF\0"
 680      4333325F 
 680      5355424E 
 680      4F524D41 
 680      4C5F4D49 
 681 13ac 01       		.byte	0x1
 682 13ad 00       		.uleb128 0
 683 13ae 5F5F4445 		.ascii "__DEC64_MANT_DIG__ 16\0"
 683      4336345F 
 683      4D414E54 
 683      5F444947 
 683      5F5F2031 
 684 13c4 01       		.byte	0x1
 685 13c5 00       		.uleb128 0
 686 13c6 5F5F4445 		.ascii "__DEC64_MIN_EXP__ (-382)\0"
 686      4336345F 
 686      4D494E5F 
 686      4558505F 
 686      5F20282D 
 687 13df 01       		.byte	0x1
 688 13e0 00       		.uleb128 0
 689 13e1 5F5F4445 		.ascii "__DEC64_MAX_EXP__ 385\0"
 689      4336345F 
 689      4D41585F 
 689      4558505F 
 689      5F203338 
 690 13f7 01       		.byte	0x1
 691 13f8 00       		.uleb128 0
 692 13f9 5F5F4445 		.ascii "__DEC64_MIN__ 1E-383DD\0"
 692      4336345F 
 692      4D494E5F 
 692      5F203145 
 692      2D333833 
 693 1410 01       		.byte	0x1
 694 1411 00       		.uleb128 0
 695 1412 5F5F4445 		.ascii "__DEC64_MAX__ 9.999999999999999E384DD\0"
 695      4336345F 
 695      4D41585F 
 695      5F20392E 
 695      39393939 
 696 1438 01       		.byte	0x1
 697 1439 00       		.uleb128 0
 698 143a 5F5F4445 		.ascii "__DEC64_EPSILON__ 1E-15DD\0"
GAS LISTING C:\Users\PRESID~1\AppData\Local\Temp\ccuLcSFr.s 			page 26


 698      4336345F 
 698      45505349 
 698      4C4F4E5F 
 698      5F203145 
 699 1454 01       		.byte	0x1
 700 1455 00       		.uleb128 0
 701 1456 5F5F4445 		.ascii "__DEC64_SUBNORMAL_MIN__ 0.000000000000001E-383DD\0"
 701      4336345F 
 701      5355424E 
 701      4F524D41 
 701      4C5F4D49 
 702 1487 01       		.byte	0x1
 703 1488 00       		.uleb128 0
 704 1489 5F5F4445 		.ascii "__DEC128_MANT_DIG__ 34\0"
 704      43313238 
 704      5F4D414E 
 704      545F4449 
 704      475F5F20 
 705 14a0 01       		.byte	0x1
 706 14a1 00       		.uleb128 0
 707 14a2 5F5F4445 		.ascii "__DEC128_MIN_EXP__ (-6142)\0"
 707      43313238 
 707      5F4D494E 
 707      5F455850 
 707      5F5F2028 
 708 14bd 01       		.byte	0x1
 709 14be 00       		.uleb128 0
 710 14bf 5F5F4445 		.ascii "__DEC128_MAX_EXP__ 6145\0"
 710      43313238 
 710      5F4D4158 
 710      5F455850 
 710      5F5F2036 
 711 14d7 01       		.byte	0x1
 712 14d8 00       		.uleb128 0
 713 14d9 5F5F4445 		.ascii "__DEC128_MIN__ 1E-6143DL\0"
 713      43313238 
 713      5F4D494E 
 713      5F5F2031 
 713      452D3631 
 714 14f2 01       		.byte	0x1
 715 14f3 00       		.uleb128 0
 716 14f4 5F5F4445 		.ascii "__DEC128_MAX__ 9.999999999999999999999999999999999E6144DL\0"
 716      43313238 
 716      5F4D4158 
 716      5F5F2039 
 716      2E393939 
 717 152e 01       		.byte	0x1
 718 152f 00       		.uleb128 0
 719 1530 5F5F4445 		.ascii "__DEC128_EPSILON__ 1E-33DL\0"
 719      43313238 
 719      5F455053 
 719      494C4F4E 
 719      5F5F2031 
 720 154b 01       		.byte	0x1
 721 154c 00       		.uleb128 0
 722 154d 5F5F4445 		.ascii "__DEC128_SUBNORMAL_MIN__ 0.000000000000000000000000000000001E-6143DL\0"
 722      43313238 
GAS LISTING C:\Users\PRESID~1\AppData\Local\Temp\ccuLcSFr.s 			page 27


 722      5F535542 
 722      4E4F524D 
 722      414C5F4D 
 723 1592 01       		.byte	0x1
 724 1593 00       		.uleb128 0
 725 1594 5F5F5245 		.ascii "__REGISTER_PREFIX__ \0"
 725      47495354 
 725      45525F50 
 725      52454649 
 725      585F5F20 
 726 15a9 01       		.byte	0x1
 727 15aa 00       		.uleb128 0
 728 15ab 5F5F5553 		.ascii "__USER_LABEL_PREFIX__ _\0"
 728      45525F4C 
 728      4142454C 
 728      5F505245 
 728      4649585F 
 729 15c3 01       		.byte	0x1
 730 15c4 00       		.uleb128 0
 731 15c5 5F5F474E 		.ascii "__GNUC_GNU_INLINE__ 1\0"
 731      55435F47 
 731      4E555F49 
 731      4E4C494E 
 731      455F5F20 
 732 15db 01       		.byte	0x1
 733 15dc 00       		.uleb128 0
 734 15dd 5F5F4E4F 		.ascii "__NO_INLINE__ 1\0"
 734      5F494E4C 
 734      494E455F 
 734      5F203100 
 735 15ed 01       		.byte	0x1
 736 15ee 00       		.uleb128 0
 737 15ef 5F5F5354 		.ascii "__STRICT_ANSI__ 1\0"
 737      52494354 
 737      5F414E53 
 737      495F5F20 
 737      3100
 738 1601 01       		.byte	0x1
 739 1602 00       		.uleb128 0
 740 1603 5F5F4743 		.ascii "__GCC_ATOMIC_BOOL_LOCK_FREE 1\0"
 740      435F4154 
 740      4F4D4943 
 740      5F424F4F 
 740      4C5F4C4F 
 741 1621 01       		.byte	0x1
 742 1622 00       		.uleb128 0
 743 1623 5F5F4743 		.ascii "__GCC_ATOMIC_CHAR_LOCK_FREE 1\0"
 743      435F4154 
 743      4F4D4943 
 743      5F434841 
 743      525F4C4F 
 744 1641 01       		.byte	0x1
 745 1642 00       		.uleb128 0
 746 1643 5F5F4743 		.ascii "__GCC_ATOMIC_CHAR16_T_LOCK_FREE 1\0"
 746      435F4154 
 746      4F4D4943 
 746      5F434841 
GAS LISTING C:\Users\PRESID~1\AppData\Local\Temp\ccuLcSFr.s 			page 28


 746      5231365F 
 747 1665 01       		.byte	0x1
 748 1666 00       		.uleb128 0
 749 1667 5F5F4743 		.ascii "__GCC_ATOMIC_CHAR32_T_LOCK_FREE 1\0"
 749      435F4154 
 749      4F4D4943 
 749      5F434841 
 749      5233325F 
 750 1689 01       		.byte	0x1
 751 168a 00       		.uleb128 0
 752 168b 5F5F4743 		.ascii "__GCC_ATOMIC_WCHAR_T_LOCK_FREE 1\0"
 752      435F4154 
 752      4F4D4943 
 752      5F574348 
 752      41525F54 
 753 16ac 01       		.byte	0x1
 754 16ad 00       		.uleb128 0
 755 16ae 5F5F4743 		.ascii "__GCC_ATOMIC_SHORT_LOCK_FREE 1\0"
 755      435F4154 
 755      4F4D4943 
 755      5F53484F 
 755      52545F4C 
 756 16cd 01       		.byte	0x1
 757 16ce 00       		.uleb128 0
 758 16cf 5F5F4743 		.ascii "__GCC_ATOMIC_INT_LOCK_FREE 1\0"
 758      435F4154 
 758      4F4D4943 
 758      5F494E54 
 758      5F4C4F43 
 759 16ec 01       		.byte	0x1
 760 16ed 00       		.uleb128 0
 761 16ee 5F5F4743 		.ascii "__GCC_ATOMIC_LONG_LOCK_FREE 1\0"
 761      435F4154 
 761      4F4D4943 
 761      5F4C4F4E 
 761      475F4C4F 
 762 170c 01       		.byte	0x1
 763 170d 00       		.uleb128 0
 764 170e 5F5F4743 		.ascii "__GCC_ATOMIC_LLONG_LOCK_FREE 1\0"
 764      435F4154 
 764      4F4D4943 
 764      5F4C4C4F 
 764      4E475F4C 
 765 172d 01       		.byte	0x1
 766 172e 00       		.uleb128 0
 767 172f 5F5F4743 		.ascii "__GCC_ATOMIC_TEST_AND_SET_TRUEVAL 1\0"
 767      435F4154 
 767      4F4D4943 
 767      5F544553 
 767      545F414E 
 768 1753 01       		.byte	0x1
 769 1754 00       		.uleb128 0
 770 1755 5F5F4743 		.ascii "__GCC_ATOMIC_POINTER_LOCK_FREE 1\0"
 770      435F4154 
 770      4F4D4943 
 770      5F504F49 
 770      4E544552 
GAS LISTING C:\Users\PRESID~1\AppData\Local\Temp\ccuLcSFr.s 			page 29


 771 1776 01       		.byte	0x1
 772 1777 00       		.uleb128 0
 773 1778 5F5F4743 		.ascii "__GCC_HAVE_DWARF2_CFI_ASM 1\0"
 773      435F4841 
 773      56455F44 
 773      57415246 
 773      325F4346 
 774 1794 01       		.byte	0x1
 775 1795 00       		.uleb128 0
 776 1796 5F5F5052 		.ascii "__PRAGMA_REDEFINE_EXTNAME 1\0"
 776      41474D41 
 776      5F524544 
 776      4546494E 
 776      455F4558 
 777 17b2 01       		.byte	0x1
 778 17b3 00       		.uleb128 0
 779 17b4 5F5F5349 		.ascii "__SIZEOF_WCHAR_T__ 2\0"
 779      5A454F46 
 779      5F574348 
 779      41525F54 
 779      5F5F2032 
 780 17c9 01       		.byte	0x1
 781 17ca 00       		.uleb128 0
 782 17cb 5F5F5349 		.ascii "__SIZEOF_WINT_T__ 2\0"
 782      5A454F46 
 782      5F57494E 
 782      545F545F 
 782      5F203200 
 783 17df 01       		.byte	0x1
 784 17e0 00       		.uleb128 0
 785 17e1 5F5F5349 		.ascii "__SIZEOF_PTRDIFF_T__ 4\0"
 785      5A454F46 
 785      5F505452 
 785      44494646 
 785      5F545F5F 
 786 17f8 01       		.byte	0x1
 787 17f9 00       		.uleb128 0
 788 17fa 5F5F6933 		.ascii "__i386 1\0"
 788      38362031 
 788      00
 789 1803 01       		.byte	0x1
 790 1804 00       		.uleb128 0
 791 1805 5F5F6933 		.ascii "__i386__ 1\0"
 791      38365F5F 
 791      203100
 792 1810 01       		.byte	0x1
 793 1811 00       		.uleb128 0
 794 1812 5F5F4154 		.ascii "__ATOMIC_HLE_ACQUIRE 65536\0"
 794      4F4D4943 
 794      5F484C45 
 794      5F414351 
 794      55495245 
 795 182d 01       		.byte	0x1
 796 182e 00       		.uleb128 0
 797 182f 5F5F4154 		.ascii "__ATOMIC_HLE_RELEASE 131072\0"
 797      4F4D4943 
 797      5F484C45 
GAS LISTING C:\Users\PRESID~1\AppData\Local\Temp\ccuLcSFr.s 			page 30


 797      5F52454C 
 797      45415345 
 798 184b 01       		.byte	0x1
 799 184c 00       		.uleb128 0
 800 184d 5F5F7475 		.ascii "__tune_i386__ 1\0"
 800      6E655F69 
 800      3338365F 
 800      5F203100 
 801 185d 01       		.byte	0x1
 802 185e 00       		.uleb128 0
 803 185f 5F5F636F 		.ascii "__code_model_32__ 1\0"
 803      64655F6D 
 803      6F64656C 
 803      5F33325F 
 803      5F203100 
 804 1873 01       		.byte	0x1
 805 1874 00       		.uleb128 0
 806 1875 5F583836 		.ascii "_X86_ 1\0"
 806      5F203100 
 807 187d 01       		.byte	0x1
 808 187e 00       		.uleb128 0
 809 187f 5F5F7374 		.ascii "__stdcall __attribute__((__stdcall__))\0"
 809      6463616C 
 809      6C205F5F 
 809      61747472 
 809      69627574 
 810 18a6 01       		.byte	0x1
 811 18a7 00       		.uleb128 0
 812 18a8 5F5F6661 		.ascii "__fastcall __attribute__((__fastcall__))\0"
 812      73746361 
 812      6C6C205F 
 812      5F617474 
 812      72696275 
 813 18d1 01       		.byte	0x1
 814 18d2 00       		.uleb128 0
 815 18d3 5F5F7468 		.ascii "__thiscall __attribute__((__thiscall__))\0"
 815      69736361 
 815      6C6C205F 
 815      5F617474 
 815      72696275 
 816 18fc 01       		.byte	0x1
 817 18fd 00       		.uleb128 0
 818 18fe 5F5F6364 		.ascii "__cdecl __attribute__((__cdecl__))\0"
 818      65636C20 
 818      5F5F6174 
 818      74726962 
 818      7574655F 
 819 1921 01       		.byte	0x1
 820 1922 00       		.uleb128 0
 821 1923 5F5F4758 		.ascii "__GXX_MERGED_TYPEINFO_NAMES 0\0"
 821      585F4D45 
 821      52474544 
 821      5F545950 
 821      45494E46 
 822 1941 01       		.byte	0x1
 823 1942 00       		.uleb128 0
 824 1943 5F5F4758 		.ascii "__GXX_TYPEINFO_EQUALITY_INLINE 0\0"
GAS LISTING C:\Users\PRESID~1\AppData\Local\Temp\ccuLcSFr.s 			page 31


 824      585F5459 
 824      5045494E 
 824      464F5F45 
 824      5155414C 
 825 1964 01       		.byte	0x1
 826 1965 00       		.uleb128 0
 827 1966 5F5F4D53 		.ascii "__MSVCRT__ 1\0"
 827      56435254 
 827      5F5F2031 
 827      00
 828 1973 01       		.byte	0x1
 829 1974 00       		.uleb128 0
 830 1975 5F5F4D49 		.ascii "__MINGW32__ 1\0"
 830      4E475733 
 830      325F5F20 
 830      3100
 831 1983 01       		.byte	0x1
 832 1984 00       		.uleb128 0
 833 1985 5F57494E 		.ascii "_WIN32 1\0"
 833      33322031 
 833      00
 834 198e 01       		.byte	0x1
 835 198f 00       		.uleb128 0
 836 1990 5F5F5749 		.ascii "__WIN32 1\0"
 836      4E333220 
 836      3100
 837 199a 01       		.byte	0x1
 838 199b 00       		.uleb128 0
 839 199c 5F5F5749 		.ascii "__WIN32__ 1\0"
 839      4E33325F 
 839      5F203100 
 840 19a8 01       		.byte	0x1
 841 19a9 00       		.uleb128 0
 842 19aa 5F5F5749 		.ascii "__WINNT 1\0"
 842      4E4E5420 
 842      3100
 843 19b4 01       		.byte	0x1
 844 19b5 00       		.uleb128 0
 845 19b6 5F5F5749 		.ascii "__WINNT__ 1\0"
 845      4E4E545F 
 845      5F203100 
 846 19c2 01       		.byte	0x1
 847 19c3 00       		.uleb128 0
 848 19c4 5F494E54 		.ascii "_INTEGRAL_MAX_BITS 64\0"
 848      45475241 
 848      4C5F4D41 
 848      585F4249 
 848      54532036 
 849 19da 01       		.byte	0x1
 850 19db 00       		.uleb128 0
 851 19dc 5F5F6465 		.ascii "__declspec(x) __attribute__((x))\0"
 851      636C7370 
 851      65632878 
 851      29205F5F 
 851      61747472 
 852 19fd 01       		.byte	0x1
 853 19fe 00       		.uleb128 0
GAS LISTING C:\Users\PRESID~1\AppData\Local\Temp\ccuLcSFr.s 			page 32


 854 19ff 5F5F4445 		.ascii "__DECIMAL_BID_FORMAT__ 1\0"
 854      43494D41 
 854      4C5F4249 
 854      445F464F 
 854      524D4154 
 855 1a18 01       		.byte	0x1
 856 1a19 00       		.uleb128 0
 857 1a1a 4346475F 		.ascii "CFG_PROCESSOR 3\0"
 857      50524F43 
 857      4553534F 
 857      52203300 
 858 1a2a 03       		.byte	0x3
 859 1a2b 00       		.uleb128 0
 860 1a2c 02       		.uleb128 0x2
 861              		.file 3 "E:/NeuOrga/Programmieren/c_cpp/github_os/input/src/os_base/os_firstinc.h"
 862 1a2d 03       		.byte	0x3
 863 1a2e 01       		.uleb128 0x1
 864 1a2f 03       		.uleb128 0x3
 865 1a30 01       		.byte	0x1
 866 1a31 02       		.uleb128 0x2
 867 1a32 5F6F735F 		.ascii "_os_firstinc_h_ \0"
 867      66697273 
 867      74696E63 
 867      5F685F20 
 867      00
 868 1a43 03       		.byte	0x3
 869 1a44 04       		.uleb128 0x4
 870 1a45 01       		.uleb128 0x1
 871 1a46 01       		.byte	0x1
 872 1a47 02       		.uleb128 0x2
 873 1a48 5F424153 		.ascii "_BASE_TYPES_H_ \0"
 873      455F5459 
 873      5045535F 
 873      485F2000 
 874 1a58 01       		.byte	0x1
 875 1a59 04       		.uleb128 0x4
 876 1a5a 494E5445 		.ascii "INTEGER_LLP64_IL32P64 1\0"
 876      4745525F 
 876      4C4C5036 
 876      345F494C 
 876      33325036 
 877 1a72 01       		.byte	0x1
 878 1a73 05       		.uleb128 0x5
 879 1a74 494E5445 		.ascii "INTEGER_LP64_I32LP64 2\0"
 879      4745525F 
 879      4C503634 
 879      5F493332 
 879      4C503634 
 880 1a8b 01       		.byte	0x1
 881 1a8c 06       		.uleb128 0x6
 882 1a8d 494E5445 		.ascii "INTEGER_ILP64 3\0"
 882      4745525F 
 882      494C5036 
 882      34203300 
 883 1a9d 01       		.byte	0x1
 884 1a9e 07       		.uleb128 0x7
 885 1a9f 494E5445 		.ascii "INTEGER_SILP64 4\0"
GAS LISTING C:\Users\PRESID~1\AppData\Local\Temp\ccuLcSFr.s 			page 33


 885      4745525F 
 885      53494C50 
 885      36342034 
 885      00
 886 1ab0 01       		.byte	0x1
 887 1ab1 09       		.uleb128 0x9
 888 1ab2 4350505F 		.ascii "CPP_VERSION_NONE 0\0"
 888      56455253 
 888      494F4E5F 
 888      4E4F4E45 
 888      203000
 889 1ac5 01       		.byte	0x1
 890 1ac6 0A       		.uleb128 0xa
 891 1ac7 4350505F 		.ascii "CPP_VERSION_1998 1\0"
 891      56455253 
 891      494F4E5F 
 891      31393938 
 891      203100
 892 1ada 01       		.byte	0x1
 893 1adb 0B       		.uleb128 0xb
 894 1adc 4350505F 		.ascii "CPP_VERSION_2003 2\0"
 894      56455253 
 894      494F4E5F 
 894      32303033 
 894      203200
 895 1aef 01       		.byte	0x1
 896 1af0 0C       		.uleb128 0xc
 897 1af1 4350505F 		.ascii "CPP_VERSION_2007 3\0"
 897      56455253 
 897      494F4E5F 
 897      32303037 
 897      203300
 898 1b04 01       		.byte	0x1
 899 1b05 0D       		.uleb128 0xd
 900 1b06 4350505F 		.ascii "CPP_VERSION_2011 4\0"
 900      56455253 
 900      494F4E5F 
 900      32303131 
 900      203400
 901 1b19 01       		.byte	0x1
 902 1b1a 0E       		.uleb128 0xe
 903 1b1b 49534F5F 		.ascii "ISO_CPP_VERSION CPP_VERSION_1998\0"
 903      4350505F 
 903      56455253 
 903      494F4E20 
 903      4350505F 
 904 1b3c 01       		.byte	0x1
 905 1b3d 10       		.uleb128 0x10
 906 1b3e 494E5445 		.ascii "INTEGER_MODEL INTEGER_LLP64_IL32P64\0"
 906      4745525F 
 906      4D4F4445 
 906      4C20494E 
 906      54454745 
 907 1b62 04       		.byte	0x4
 908              		.file 4 "E:/NeuOrga/Programmieren/c_cpp/github_os/input/src/os_base/../os_base/os_common.h"
 909 1b63 03       		.byte	0x3
 910 1b64 05       		.uleb128 0x5
GAS LISTING C:\Users\PRESID~1\AppData\Local\Temp\ccuLcSFr.s 			page 34


 911 1b65 04       		.uleb128 0x4
 912 1b66 01       		.byte	0x1
 913 1b67 02       		.uleb128 0x2
 914 1b68 5F6F735F 		.ascii "_os_common_h_ \0"
 914      636F6D6D 
 914      6F6E5F68 
 914      5F2000
 915 1b77 01       		.byte	0x1
 916 1b78 06       		.uleb128 0x6
 917 1b79 46616C73 		.ascii "False 0\0"
 917      65203000 
 918 1b81 01       		.byte	0x1
 919 1b82 07       		.uleb128 0x7
 920 1b83 54727565 		.ascii "True 1\0"
 920      203100
 921 1b8a 01       		.byte	0x1
 922 1b8b 08       		.uleb128 0x8
 923 1b8c 46414C53 		.ascii "FALSE False\0"
 923      45204661 
 923      6C736500 
 924 1b98 01       		.byte	0x1
 925 1b99 09       		.uleb128 0x9
 926 1b9a 54525545 		.ascii "TRUE True\0"
 926      20547275 
 926      6500
 927 1ba4 01       		.byte	0x1
 928 1ba5 0A       		.uleb128 0xa
 929 1ba6 41636365 		.ascii "Accepted 1\0"
 929      70746564 
 929      203100
 930 1bb1 01       		.byte	0x1
 931 1bb2 0B       		.uleb128 0xb
 932 1bb3 52656A65 		.ascii "Rejected 0\0"
 932      63746564 
 932      203000
 933 1bbe 01       		.byte	0x1
 934 1bbf 0C       		.uleb128 0xc
 935 1bc0 4C6F6361 		.ascii "Local static\0"
 935      6C207374 
 935      61746963 
 935      00
 936 1bcd 01       		.byte	0x1
 937 1bce 0D       		.uleb128 0xd
 938 1bcf 4C6F6361 		.ascii "Local_inline static __inline__\0"
 938      6C5F696E 
 938      6C696E65 
 938      20737461 
 938      74696320 
 939 1bee 01       		.byte	0x1
 940 1bef 0E       		.uleb128 0xe
 941 1bf0 476C6F62 		.ascii "Global_inline __inline__\0"
 941      616C5F69 
 941      6E6C696E 
 941      65205F5F 
 941      696E6C69 
 942 1c09 01       		.byte	0x1
 943 1c0a 0F       		.uleb128 0xf
GAS LISTING C:\Users\PRESID~1\AppData\Local\Temp\ccuLcSFr.s 			page 35


 944 1c0b 52656665 		.ascii "ReferenceUnusedParameter(x) ((x) = (x))\0"
 944      72656E63 
 944      65556E75 
 944      73656450 
 944      6172616D 
 945 1c33 01       		.byte	0x1
 946 1c34 10       		.uleb128 0x10
 947 1c35 44796E61 		.ascii "DynamicMemoryUsed False\0"
 947      6D69634D 
 947      656D6F72 
 947      79557365 
 947      64204661 
 948 1c4d 01       		.byte	0x1
 949 1c4e 13       		.uleb128 0x13
 950 1c4f 634D4355 		.ascii "cMCU_X86 3\0"
 950      5F583836 
 950      203300
 951 1c5a 01       		.byte	0x1
 952 1c5b 14       		.uleb128 0x14
 953 1c5c 634D4355 		.ascii "cMCU_CORTEX_M4 4\0"
 953      5F434F52 
 953      5445585F 
 953      4D342034 
 953      00
 954 1c6d 01       		.byte	0x1
 955 1c6e 17       		.uleb128 0x17
 956 1c6f 4E525F4F 		.ascii "NR_OF_CORES 1\0"
 956      465F434F 
 956      52455320 
 956      3100
 957 1c7d 01       		.byte	0x1
 958 1c7e 19       		.uleb128 0x19
 959 1c7f 4D43555F 		.ascii "MCU_CLOCK_IN_HZ ((uint32)168000000u)\0"
 959      434C4F43 
 959      4B5F494E 
 959      5F485A20 
 959      28287569 
 960 1ca4 01       		.byte	0x1
 961 1ca5 1D       		.uleb128 0x1d
 962 1ca6 44697361 		.ascii "DisableInterrupts() \0"
 962      626C6549 
 962      6E746572 
 962      72757074 
 962      73282920 
 963 1cbb 01       		.byte	0x1
 964 1cbc 1E       		.uleb128 0x1e
 965 1cbd 456E6162 		.ascii "EnableInterrupts() \0"
 965      6C65496E 
 965      74657272 
 965      75707473 
 965      28292000 
 966 1cd1 01       		.byte	0x1
 967 1cd2 1F       		.uleb128 0x1f
 968 1cd3 50726976 		.ascii "Privilige_level_save_current() \0"
 968      696C6967 
 968      655F6C65 
 968      76656C5F 
GAS LISTING C:\Users\PRESID~1\AppData\Local\Temp\ccuLcSFr.s 			page 36


 968      73617665 
 969 1cf3 01       		.byte	0x1
 970 1cf4 20       		.uleb128 0x20
 971 1cf5 50726976 		.ascii "Privilige_level_enter_kernel_mode() \0"
 971      696C6967 
 971      655F6C65 
 971      76656C5F 
 971      656E7465 
 972 1d1a 01       		.byte	0x1
 973 1d1b 21       		.uleb128 0x21
 974 1d1c 50726976 		.ascii "Privilige_level_restore_saved() \0"
 974      696C6967 
 974      655F6C65 
 974      76656C5F 
 974      72657374 
 975 1d3d 01       		.byte	0x1
 976 1d3e 22       		.uleb128 0x22
 977 1d3f 48616C74 		.ascii "HaltMcu() \0"
 977      4D637528 
 977      292000
 978 1d4a 01       		.byte	0x1
 979 1d4b 5A       		.uleb128 0x5a
 980 1d4c 42696749 		.ascii "BigIntSize 16\0"
 980      6E745369 
 980      7A652031 
 980      3600
 981 1d5a 04       		.byte	0x4
 982              		.file 5 "E:/NeuOrga/Programmieren/c_cpp/github_os/input/src/os_base/../os_sim/lld_global.h"
 983 1d5b 03       		.byte	0x3
 984 1d5c 08       		.uleb128 0x8
 985 1d5d 05       		.uleb128 0x5
 986 1d5e 01       		.byte	0x1
 987 1d5f 02       		.uleb128 0x2
 988 1d60 5F6C6C64 		.ascii "_lld_global_h_ \0"
 988      5F676C6F 
 988      62616C5F 
 988      685F2000 
 989              		.file 6 "E:/NeuOrga/Programmieren/c_cpp/github_os/input/src/os_base/../os_sim/lld_core.h"
 990 1d70 03       		.byte	0x3
 991 1d71 04       		.uleb128 0x4
 992 1d72 06       		.uleb128 0x6
 993 1d73 01       		.byte	0x1
 994 1d74 02       		.uleb128 0x2
 995 1d75 5F6C6C64 		.ascii "_lld_core_h_ \0"
 995      5F636F72 
 995      655F685F 
 995      2000
 996              		.file 7 "E:/NeuOrga/Programmieren/c_cpp/github_os/input/src/os_base/../os_sim/../os_base/os_firsti
 997 1d83 03       		.byte	0x3
 998 1d84 03       		.uleb128 0x3
 999 1d85 07       		.uleb128 0x7
 1000 1d86 04       		.byte	0x4
 1001 1d87 04       		.byte	0x4
 1002              		.file 8 "E:/NeuOrga/Programmieren/c_cpp/github_os/input/src/os_base/../os_sim/lld_interrupt.h"
 1003 1d88 03       		.byte	0x3
 1004 1d89 05       		.uleb128 0x5
 1005 1d8a 08       		.uleb128 0x8
GAS LISTING C:\Users\PRESID~1\AppData\Local\Temp\ccuLcSFr.s 			page 37


 1006 1d8b 01       		.byte	0x1
 1007 1d8c 02       		.uleb128 0x2
 1008 1d8d 5F6C6C64 		.ascii "_lld_interrupt_h_ \0"
 1008      5F696E74 
 1008      65727275 
 1008      70745F68 
 1008      5F2000
 1009 1da0 01       		.byte	0x1
 1010 1da1 05       		.uleb128 0x5
 1011 1da2 6F735F69 		.ascii "os_interrupt_swi_1 asm(\"swi 1\")\0"
 1011      6E746572 
 1011      72757074 
 1011      5F737769 
 1011      5F312061 
 1012 1dc2 01       		.byte	0x1
 1013 1dc3 06       		.uleb128 0x6
 1014 1dc4 6F735F69 		.ascii "os_interrupt_swi_2 asm(\"swi 2\")\0"
 1014      6E746572 
 1014      72757074 
 1014      5F737769 
 1014      5F322061 
 1015 1de4 01       		.byte	0x1
 1016 1de5 07       		.uleb128 0x7
 1017 1de6 6F735F69 		.ascii "os_interrupt_swi_3 asm(\"swi 3\")\0"
 1017      6E746572 
 1017      72757074 
 1017      5F737769 
 1017      5F332061 
 1018 1e06 01       		.byte	0x1
 1019 1e07 08       		.uleb128 0x8
 1020 1e08 6F735F69 		.ascii "os_interrupt_swi_4 asm(\"swi 4\")\0"
 1020      6E746572 
 1020      72757074 
 1020      5F737769 
 1020      5F342061 
 1021 1e28 01       		.byte	0x1
 1022 1e29 09       		.uleb128 0x9
 1023 1e2a 6F735F69 		.ascii "os_interrupt_swi_5 asm(\"swi 5\")\0"
 1023      6E746572 
 1023      72757074 
 1023      5F737769 
 1023      5F352061 
 1024 1e4a 04       		.byte	0x4
 1025              		.file 9 "E:/NeuOrga/Programmieren/c_cpp/github_os/input/src/os_base/../os_sim/lld_mmu.h"
 1026 1e4b 03       		.byte	0x3
 1027 1e4c 06       		.uleb128 0x6
 1028 1e4d 09       		.uleb128 0x9
 1029 1e4e 01       		.byte	0x1
 1030 1e4f 02       		.uleb128 0x2
 1031 1e50 5F6C6C64 		.ascii "_lld_mmu_h_ \0"
 1031      5F6D6D75 
 1031      5F685F20 
 1031      00
 1032 1e5d 04       		.byte	0x4
 1033              		.file 10 "E:/NeuOrga/Programmieren/c_cpp/github_os/input/src/os_base/../os_sim/lld_timer.h"
 1034 1e5e 03       		.byte	0x3
 1035 1e5f 07       		.uleb128 0x7
GAS LISTING C:\Users\PRESID~1\AppData\Local\Temp\ccuLcSFr.s 			page 38


 1036 1e60 0A       		.uleb128 0xa
 1037 1e61 01       		.byte	0x1
 1038 1e62 02       		.uleb128 0x2
 1039 1e63 5F6C6C64 		.ascii "_lld_timer_h_ \0"
 1039      5F74696D 
 1039      65725F68 
 1039      5F2000
 1040 1e72 04       		.byte	0x4
 1041              		.file 11 "E:/NeuOrga/Programmieren/c_cpp/github_os/input/src/os_base/../os_sim/lld_power.h"
 1042 1e73 03       		.byte	0x3
 1043 1e74 08       		.uleb128 0x8
 1044 1e75 0B       		.uleb128 0xb
 1045 1e76 01       		.byte	0x1
 1046 1e77 02       		.uleb128 0x2
 1047 1e78 5F6C6C64 		.ascii "_lld_power_h_ \0"
 1047      5F706F77 
 1047      65725F68 
 1047      5F2000
 1048 1e87 04       		.byte	0x4
 1049              		.file 12 "E:/NeuOrga/Programmieren/c_cpp/github_os/input/src/os_base/../os_sim/lld_ram.h"
 1050 1e88 03       		.byte	0x3
 1051 1e89 09       		.uleb128 0x9
 1052 1e8a 0C       		.uleb128 0xc
 1053 1e8b 01       		.byte	0x1
 1054 1e8c 02       		.uleb128 0x2
 1055 1e8d 5F6C6C64 		.ascii "_lld_ram_h_ \0"
 1055      5F72616D 
 1055      5F685F20 
 1055      00
 1056 1e9a 04       		.byte	0x4
 1057              		.file 13 "E:/NeuOrga/Programmieren/c_cpp/github_os/input/src/os_base/../os_sim/../os_base/os_task_
 1058 1e9b 03       		.byte	0x3
 1059 1e9c 0A       		.uleb128 0xa
 1060 1e9d 0D       		.uleb128 0xd
 1061 1e9e 01       		.byte	0x1
 1062 1e9f 02       		.uleb128 0x2
 1063 1ea0 5F6F735F 		.ascii "_os_task_common_h_ \0"
 1063      7461736B 
 1063      5F636F6D 
 1063      6D6F6E5F 
 1063      685F2000 
 1064 1eb4 03       		.byte	0x3
 1065 1eb5 03       		.uleb128 0x3
 1066 1eb6 07       		.uleb128 0x7
 1067 1eb7 04       		.byte	0x4
 1068              		.file 14 "E:/NeuOrga/Programmieren/c_cpp/github_os/input/src/os_base/../os_sim/../os_base/os_task_
 1069 1eb8 03       		.byte	0x3
 1070 1eb9 04       		.uleb128 0x4
 1071 1eba 0E       		.uleb128 0xe
 1072 1ebb 01       		.byte	0x1
 1073 1ebc 02       		.uleb128 0x2
 1074 1ebd 5F6F735F 		.ascii "_os_task_config_h_ \0"
 1074      7461736B 
 1074      5F636F6E 
 1074      6669675F 
 1074      685F2000 
 1075 1ed1 01       		.byte	0x1
GAS LISTING C:\Users\PRESID~1\AppData\Local\Temp\ccuLcSFr.s 			page 39


 1076 1ed2 05       		.uleb128 0x5
 1077 1ed3 53636865 		.ascii "SchedulerFrequency (1.0e3)\0"
 1077      64756C65 
 1077      72467265 
 1077      7175656E 
 1077      63792028 
 1078 1eee 01       		.byte	0x1
 1079 1eef 06       		.uleb128 0x6
 1080 1ef0 4D696E54 		.ascii "MinTimeSlice_s (1.0/SchedulerFrequency)\0"
 1080      696D6553 
 1080      6C696365 
 1080      5F732028 
 1080      312E302F 
 1081 1f18 01       		.byte	0x1
 1082 1f19 07       		.uleb128 0x7
 1083 1f1a 4D696E54 		.ascii "MinTimeSlice_us ((1.0/SchedulerFrequency)*1e6)\0"
 1083      696D6553 
 1083      6C696365 
 1083      5F757320 
 1083      2828312E 
 1084 1f49 01       		.byte	0x1
 1085 1f4a 08       		.uleb128 0x8
 1086 1f4b 5461736B 		.ascii "Task_min_time (1e0)\0"
 1086      5F6D696E 
 1086      5F74696D 
 1086      65202831 
 1086      65302900 
 1087 1f5f 01       		.byte	0x1
 1088 1f60 09       		.uleb128 0x9
 1089 1f61 4E554D42 		.ascii "NUMBER_OF_TASKS 10\0"
 1089      45525F4F 
 1089      465F5441 
 1089      534B5320 
 1089      313000
 1090 1f74 01       		.byte	0x1
 1091 1f75 0A       		.uleb128 0xa
 1092 1f76 4D41585F 		.ascii "MAX_RUN_QUEUE_SIZE (NUMBER_OF_TASKS)\0"
 1092      52554E5F 
 1092      51554555 
 1092      455F5349 
 1092      5A452028 
 1093 1f9b 01       		.byte	0x1
 1094 1f9c 0B       		.uleb128 0xb
 1095 1f9d 4D41585F 		.ascii "MAX_RUN_PQUEUE_SIZE MAX_RUN_QUEUE_SIZE\0"
 1095      52554E5F 
 1095      50515545 
 1095      55455F53 
 1095      495A4520 
 1096 1fc4 01       		.byte	0x1
 1097 1fc5 0D       		.uleb128 0xd
 1098 1fc6 5441534B 		.ascii "TASK_STACK_SIZE 2000\0"
 1098      5F535441 
 1098      434B5F53 
 1098      495A4520 
 1098      32303030 
 1099 1fdb 01       		.byte	0x1
 1100 1fdc 10       		.uleb128 0x10
GAS LISTING C:\Users\PRESID~1\AppData\Local\Temp\ccuLcSFr.s 			page 40


 1101 1fdd 4D535F50 		.ascii "MS_PER_SEC (1000)\0"
 1101      45525F53 
 1101      45432028 
 1101      31303030 
 1101      2900
 1102 1fef 01       		.byte	0x1
 1103 1ff0 11       		.uleb128 0x11
 1104 1ff1 5553455F 		.ascii "USE_STATIC_CREATED_TASKS True\0"
 1104      53544154 
 1104      49435F43 
 1104      52454154 
 1104      45445F54 
 1105 200f 04       		.byte	0x4
 1106              		.file 15 "E:/NeuOrga/Programmieren/c_cpp/github_os/input/src/os_base/../os_sim/../os_base/os_init_
 1107 2010 03       		.byte	0x3
 1108 2011 05       		.uleb128 0x5
 1109 2012 0F       		.uleb128 0xf
 1110 2013 01       		.byte	0x1
 1111 2014 02       		.uleb128 0x2
 1112 2015 5F6F735F 		.ascii "_os_init_task_system_h_ \0"
 1112      696E6974 
 1112      5F746173 
 1112      6B5F7379 
 1112      7374656D 
 1113 202e 04       		.byte	0x4
 1114 202f 01       		.byte	0x1
 1115 2030 61       		.uleb128 0x61
 1116 2031 6F735F53 		.ascii "os_SaveTaskPtr(task_ptr,task_name) (TASK_PTR[(task_name)] = (task_ptr))\0"
 1116      61766554 
 1116      61736B50 
 1116      74722874 
 1116      61736B5F 
 1117 2079 01       		.byte	0x1
 1118 207a 62       		.uleb128 0x62
 1119 207b 6F735F47 		.ascii "os_GetTaskPtr(task_name) ((task_t*) TASK_PTR[(task_name)])\0"
 1119      65745461 
 1119      736B5074 
 1119      72287461 
 1119      736B5F6E 
 1120 20b6 04       		.byte	0x4
 1121 20b7 04       		.byte	0x4
 1122              		.file 16 "E:/NeuOrga/Programmieren/c_cpp/github_os/input/src/os_base/../os_user_code/led.h"
 1123 20b8 03       		.byte	0x3
 1124 20b9 0C       		.uleb128 0xc
 1125 20ba 10       		.uleb128 0x10
 1126 20bb 01       		.byte	0x1
 1127 20bc 02       		.uleb128 0x2
 1128 20bd 5F4C4544 		.ascii "_LED_H_ \0"
 1128      5F485F20 
 1128      00
 1129 20c6 04       		.byte	0x4
 1130              		.file 17 "E:/NeuOrga/Programmieren/c_cpp/github_os/input/src/os_base/../os_base/os_ram.h"
 1131 20c7 03       		.byte	0x3
 1132 20c8 0E       		.uleb128 0xe
 1133 20c9 11       		.uleb128 0x11
 1134 20ca 01       		.byte	0x1
 1135 20cb 02       		.uleb128 0x2
GAS LISTING C:\Users\PRESID~1\AppData\Local\Temp\ccuLcSFr.s 			page 41


 1136 20cc 5F4F535F 		.ascii "_OS_RAM_H_ \0"
 1136      52414D5F 
 1136      485F2000 
 1137              		.file 18 "E:/NeuOrga/Programmieren/c_cpp/github_os/input/src/os_base/../os_base/os_firstinc.h"
 1138 20d8 03       		.byte	0x3
 1139 20d9 04       		.uleb128 0x4
 1140 20da 12       		.uleb128 0x12
 1141 20db 04       		.byte	0x4
 1142              		.file 19 "E:/NeuOrga/Programmieren/c_cpp/github_os/input/src/os_base/../os_base/os_stack.h"
 1143 20dc 03       		.byte	0x3
 1144 20dd 05       		.uleb128 0x5
 1145 20de 13       		.uleb128 0x13
 1146 20df 01       		.byte	0x1
 1147 20e0 02       		.uleb128 0x2
 1148 20e1 5F6F735F 		.ascii "_os_stack_h_ \0"
 1148      73746163 
 1148      6B5F685F 
 1148      2000
 1149 20ef 01       		.byte	0x1
 1150 20f0 04       		.uleb128 0x4
 1151 20f1 4F535F53 		.ascii "OS_STACK_SIZE 0x200u\0"
 1151      5441434B 
 1151      5F53495A 
 1151      45203078 
 1151      32303075 
 1152 2106 04       		.byte	0x4
 1153              		.file 20 "E:/NeuOrga/Programmieren/c_cpp/github_os/input/src/os_base/../os_base/os_heap.h"
 1154 2107 03       		.byte	0x3
 1155 2108 06       		.uleb128 0x6
 1156 2109 14       		.uleb128 0x14
 1157 210a 01       		.byte	0x1
 1158 210b 02       		.uleb128 0x2
 1159 210c 5F6F735F 		.ascii "_os_heap_h_ \0"
 1159      68656170 
 1159      5F685F20 
 1159      00
 1160 2119 01       		.byte	0x1
 1161 211a 05       		.uleb128 0x5
 1162 211b 48454150 		.ascii "HEAP_SIZE 10000\0"
 1162      5F53495A 
 1162      45203130 
 1162      30303000 
 1163 212b 01       		.byte	0x1
 1164 212c 06       		.uleb128 0x6
 1165 212d 4D494E5F 		.ascii "MIN_BLOCK_SIZE_HEAP 8\0"
 1165      424C4F43 
 1165      4B5F5349 
 1165      5A455F48 
 1165      45415020 
 1166 2143 01       		.byte	0x1
 1167 2144 09       		.uleb128 0x9
 1168 2145 48454150 		.ascii "HEAP_OFFSET_FOR_SIZE 0\0"
 1168      5F4F4646 
 1168      5345545F 
 1168      464F525F 
 1168      53495A45 
 1169 215c 01       		.byte	0x1
GAS LISTING C:\Users\PRESID~1\AppData\Local\Temp\ccuLcSFr.s 			page 42


 1170 215d 0A       		.uleb128 0xa
 1171 215e 48454150 		.ascii "HEAP_OFFSET_FOR_USED_SIZE 4\0"
 1171      5F4F4646 
 1171      5345545F 
 1171      464F525F 
 1171      55534544 
 1172 217a 01       		.byte	0x1
 1173 217b 0B       		.uleb128 0xb
 1174 217c 48454150 		.ascii "HEAP_OFFSET_FOR_CHUNK 8\0"
 1174      5F4F4646 
 1174      5345545F 
 1174      464F525F 
 1174      4348554E 
 1175 2194 04       		.byte	0x4
 1176              		.file 21 "E:/NeuOrga/Programmieren/c_cpp/github_os/input/src/os_base/../os_base/os_main.h"
 1177 2195 03       		.byte	0x3
 1178 2196 07       		.uleb128 0x7
 1179 2197 15       		.uleb128 0x15
 1180 2198 01       		.byte	0x1
 1181 2199 02       		.uleb128 0x2
 1182 219a 5F6F735F 		.ascii "_os_main_h_ \0"
 1182      6D61696E 
 1182      5F685F20 
 1182      00
 1183 21a7 01       		.byte	0x1
 1184 21a8 03       		.uleb128 0x3
 1185 21a9 6F735F69 		.ascii "os_init 0\0"
 1185      6E697420 
 1185      3000
 1186 21b3 01       		.byte	0x1
 1187 21b4 04       		.uleb128 0x4
 1188 21b5 6F735F72 		.ascii "os_running 1\0"
 1188      756E6E69 
 1188      6E672031 
 1188      00
 1189 21c2 01       		.byte	0x1
 1190 21c3 05       		.uleb128 0x5
 1191 21c4 6F735F73 		.ascii "os_shutdown 2\0"
 1191      68757464 
 1191      6F776E20 
 1191      3200
 1192 21d2 04       		.byte	0x4
 1193              		.file 22 "E:/NeuOrga/Programmieren/c_cpp/github_os/input/src/os_base/../os_base/os_task_config.h"
 1194 21d3 03       		.byte	0x3
 1195 21d4 08       		.uleb128 0x8
 1196 21d5 16       		.uleb128 0x16
 1197 21d6 04       		.byte	0x4
 1198              		.file 23 "E:/NeuOrga/Programmieren/c_cpp/github_os/input/src/os_base/../os_base/os_task_common.h"
 1199 21d7 03       		.byte	0x3
 1200 21d8 09       		.uleb128 0x9
 1201 21d9 17       		.uleb128 0x17
 1202 21da 04       		.byte	0x4
 1203 21db 04       		.byte	0x4
 1204              		.file 24 "E:/NeuOrga/Programmieren/c_cpp/github_os/input/src/os_base/../os_base/os_ram_stack.h"
 1205 21dc 03       		.byte	0x3
 1206 21dd 0F       		.uleb128 0xf
 1207 21de 18       		.uleb128 0x18
GAS LISTING C:\Users\PRESID~1\AppData\Local\Temp\ccuLcSFr.s 			page 43


 1208 21df 01       		.byte	0x1
 1209 21e0 02       		.uleb128 0x2
 1210 21e1 5F4F535F 		.ascii "_OS_RAM_STACK_H_ \0"
 1210      52414D5F 
 1210      53544143 
 1210      4B5F485F 
 1210      2000
 1211 21f3 04       		.byte	0x4
 1212 21f4 04       		.byte	0x4
 1213              		.file 25 "E:/NeuOrga/Programmieren/c_cpp/github_os/input/src/os_base/os_stack.h"
 1214 21f5 03       		.byte	0x3
 1215 21f6 02       		.uleb128 0x2
 1216 21f7 19       		.uleb128 0x19
 1217 21f8 04       		.byte	0x4
 1218 21f9 04       		.byte	0x4
 1219 21fa 00       		.byte	0
 1220              		.section	.debug_line,"dr"
 1221              	Ldebug_line0:
 1222 0000 10030000 		.section	.debug_str,"dr"
 1222      02000A03 
 1222      00000101 
 1222      FB0E0D00 
 1222      01010101 
 1223              		.ident	"GCC: (GNU) 4.9.3"
GAS LISTING C:\Users\PRESID~1\AppData\Local\Temp\ccuLcSFr.s 			page 44


DEFINED SYMBOLS
                            *ABS*:00000000 os_ram_stack.c
                            *COM*:00000200 _OS_MAIN_STACK

NO UNDEFINED SYMBOLS
