GAS LISTING C:\Users\PRESID~1\AppData\Local\Temp\ccPQNdDI.s 			page 1


   1              		.file	"os_ram.c"
   2              		.text
   3              	Ltext0:
   4              		.comm	_HEAP, 10000, 5
   5              		.comm	_OS_STACK, 256, 5
   6              		.comm	_OS_MAIN_STACK, 256, 5
   7              		.comm	_VAR_HARDFAULT_STATUS_REG, 4, 2
   8              		.comm	_VAR_MEM_MANAG_FAULT_STATUS_REG, 4, 2
   9              		.comm	_VAR_USAGE_FAULT_STATUS_REG, 4, 2
  10              		.comm	_VAR_FAULT_STATUS_REG, 4, 2
  11              		.comm	_VAR_MEM_FAULT_ADDR_REG, 4, 2
  12              		.comm	_VAR_BUS_FAULT_ADDR_REG, 4, 2
  13              		.comm	_VAR_AUX_FAULT_STATUS_REG, 4, 2
  14              		.comm	_VAR_BUS_FAULT_STATUS_REG, 4, 2
  15              	Letext0:
  16              		.file 1 "E:/NeuOrga/Programmieren/c_cpp/github_os/input/src/os_base/../os_base/os_base_types.h"
  17              		.file 2 "E:/NeuOrga/Programmieren/c_cpp/github_os/input/src/os_base/os_ram.c"
  18              		.section	.debug_info,"dr"
  19              	Ldebug_info0:
  20 0000 AB020000 		.long	0x2ab
  21 0004 0400     		.word	0x4
  22 0006 00000000 		.secrel32	Ldebug_abbrev0
  23 000a 04       		.byte	0x4
  24 000b 01       		.uleb128 0x1
  25 000c 474E5520 		.ascii "GNU C 4.9.3 -march=i386 -g3 -O0 -std=c90\0"
  25      4320342E 
  25      392E3320 
  25      2D6D6172 
  25      63683D69 
  26 0035 01       		.byte	0x1
  27 0036 453A5C4E 		.ascii "E:\\NeuOrga\\Programmieren\\c_cpp\\github_os\\input\\src\\os_base\\os_ram.c\0"
  27      65754F72 
  27      67615C50 
  27      726F6772 
  27      616D6D69 
  28 007a 00000000 		.secrel32	Ldebug_line0
  29 007e 00000000 		.secrel32	Ldebug_macro0
  30 0082 02       		.uleb128 0x2
  31 0083 756E7369 		.ascii "unsigned_char_t\0"
  31      676E6564 
  31      5F636861 
  31      725F7400 
  32 0093 01       		.byte	0x1
  33 0094 1D       		.byte	0x1d
  34 0095 99000000 		.long	0x99
  35 0099 03       		.uleb128 0x3
  36 009a 01       		.byte	0x1
  37 009b 08       		.byte	0x8
  38 009c 756E7369 		.ascii "unsigned char\0"
  38      676E6564 
  38      20636861 
  38      7200
  39 00aa 03       		.uleb128 0x3
  40 00ab 02       		.byte	0x2
  41 00ac 07       		.byte	0x7
  42 00ad 73686F72 		.ascii "short unsigned int\0"
  42      7420756E 
GAS LISTING C:\Users\PRESID~1\AppData\Local\Temp\ccPQNdDI.s 			page 2


  42      7369676E 
  42      65642069 
  42      6E7400
  43 00c0 03       		.uleb128 0x3
  44 00c1 04       		.byte	0x4
  45 00c2 07       		.byte	0x7
  46 00c3 6C6F6E67 		.ascii "long unsigned int\0"
  46      20756E73 
  46      69676E65 
  46      6420696E 
  46      7400
  47 00d5 02       		.uleb128 0x2
  48 00d6 75696E74 		.ascii "uint32\0"
  48      333200
  49 00dd 01       		.byte	0x1
  50 00de 23       		.byte	0x23
  51 00df C0000000 		.long	0xc0
  52 00e3 03       		.uleb128 0x3
  53 00e4 04       		.byte	0x4
  54 00e5 07       		.byte	0x7
  55 00e6 756E7369 		.ascii "unsigned int\0"
  55      676E6564 
  55      20696E74 
  55      00
  56 00f3 04       		.uleb128 0x4
  57 00f4 82000000 		.long	0x82
  58 00f8 04010000 		.long	0x104
  59 00fc 05       		.uleb128 0x5
  60 00fd 04010000 		.long	0x104
  61 0101 0F27     		.word	0x270f
  62 0103 00       		.byte	0
  63 0104 03       		.uleb128 0x3
  64 0105 04       		.byte	0x4
  65 0106 07       		.byte	0x7
  66 0107 73697A65 		.ascii "sizetype\0"
  66      74797065 
  66      00
  67 0110 06       		.uleb128 0x6
  68 0111 48454150 		.ascii "HEAP\0"
  68      00
  69 0116 02       		.byte	0x2
  70 0117 06       		.byte	0x6
  71 0118 F3000000 		.long	0xf3
  72 011c 05       		.uleb128 0x5
  73 011d 03       		.byte	0x3
  74 011e 00000000 		.long	_HEAP
  75 0122 04       		.uleb128 0x4
  76 0123 82000000 		.long	0x82
  77 0127 38010000 		.long	0x138
  78 012b 07       		.uleb128 0x7
  79 012c 04010000 		.long	0x104
  80 0130 00       		.byte	0
  81 0131 07       		.uleb128 0x7
  82 0132 04010000 		.long	0x104
  83 0136 FF       		.byte	0xff
  84 0137 00       		.byte	0
  85 0138 06       		.uleb128 0x6
GAS LISTING C:\Users\PRESID~1\AppData\Local\Temp\ccPQNdDI.s 			page 3


  86 0139 4F535F53 		.ascii "OS_STACK\0"
  86      5441434B 
  86      00
  87 0142 02       		.byte	0x2
  88 0143 09       		.byte	0x9
  89 0144 22010000 		.long	0x122
  90 0148 05       		.uleb128 0x5
  91 0149 03       		.byte	0x3
  92 014a 00000000 		.long	_OS_STACK
  93 014e 04       		.uleb128 0x4
  94 014f 82000000 		.long	0x82
  95 0153 5E010000 		.long	0x15e
  96 0157 07       		.uleb128 0x7
  97 0158 04010000 		.long	0x104
  98 015c FF       		.byte	0xff
  99 015d 00       		.byte	0
 100 015e 06       		.uleb128 0x6
 101 015f 4F535F4D 		.ascii "OS_MAIN_STACK\0"
 101      41494E5F 
 101      53544143 
 101      4B00
 102 016d 02       		.byte	0x2
 103 016e 0A       		.byte	0xa
 104 016f 4E010000 		.long	0x14e
 105 0173 05       		.uleb128 0x5
 106 0174 03       		.byte	0x3
 107 0175 00000000 		.long	_OS_MAIN_STACK
 108 0179 06       		.uleb128 0x6
 109 017a 5641525F 		.ascii "VAR_HARDFAULT_STATUS_REG\0"
 109      48415244 
 109      4641554C 
 109      545F5354 
 109      41545553 
 110 0193 02       		.byte	0x2
 111 0194 0B       		.byte	0xb
 112 0195 9F010000 		.long	0x19f
 113 0199 05       		.uleb128 0x5
 114 019a 03       		.byte	0x3
 115 019b 00000000 		.long	_VAR_HARDFAULT_STATUS_REG
 116 019f 08       		.uleb128 0x8
 117 01a0 D5000000 		.long	0xd5
 118 01a4 06       		.uleb128 0x6
 119 01a5 5641525F 		.ascii "VAR_MEM_MANAG_FAULT_STATUS_REG\0"
 119      4D454D5F 
 119      4D414E41 
 119      475F4641 
 119      554C545F 
 120 01c4 02       		.byte	0x2
 121 01c5 0C       		.byte	0xc
 122 01c6 9F010000 		.long	0x19f
 123 01ca 05       		.uleb128 0x5
 124 01cb 03       		.byte	0x3
 125 01cc 00000000 		.long	_VAR_MEM_MANAG_FAULT_STATUS_REG
 126 01d0 06       		.uleb128 0x6
 127 01d1 5641525F 		.ascii "VAR_USAGE_FAULT_STATUS_REG\0"
 127      55534147 
 127      455F4641 
GAS LISTING C:\Users\PRESID~1\AppData\Local\Temp\ccPQNdDI.s 			page 4


 127      554C545F 
 127      53544154 
 128 01ec 02       		.byte	0x2
 129 01ed 0D       		.byte	0xd
 130 01ee 9F010000 		.long	0x19f
 131 01f2 05       		.uleb128 0x5
 132 01f3 03       		.byte	0x3
 133 01f4 00000000 		.long	_VAR_USAGE_FAULT_STATUS_REG
 134 01f8 06       		.uleb128 0x6
 135 01f9 5641525F 		.ascii "VAR_FAULT_STATUS_REG\0"
 135      4641554C 
 135      545F5354 
 135      41545553 
 135      5F524547 
 136 020e 02       		.byte	0x2
 137 020f 0E       		.byte	0xe
 138 0210 9F010000 		.long	0x19f
 139 0214 05       		.uleb128 0x5
 140 0215 03       		.byte	0x3
 141 0216 00000000 		.long	_VAR_FAULT_STATUS_REG
 142 021a 06       		.uleb128 0x6
 143 021b 5641525F 		.ascii "VAR_MEM_FAULT_ADDR_REG\0"
 143      4D454D5F 
 143      4641554C 
 143      545F4144 
 143      44525F52 
 144 0232 02       		.byte	0x2
 145 0233 0F       		.byte	0xf
 146 0234 9F010000 		.long	0x19f
 147 0238 05       		.uleb128 0x5
 148 0239 03       		.byte	0x3
 149 023a 00000000 		.long	_VAR_MEM_FAULT_ADDR_REG
 150 023e 06       		.uleb128 0x6
 151 023f 5641525F 		.ascii "VAR_BUS_FAULT_ADDR_REG\0"
 151      4255535F 
 151      4641554C 
 151      545F4144 
 151      44525F52 
 152 0256 02       		.byte	0x2
 153 0257 10       		.byte	0x10
 154 0258 9F010000 		.long	0x19f
 155 025c 05       		.uleb128 0x5
 156 025d 03       		.byte	0x3
 157 025e 00000000 		.long	_VAR_BUS_FAULT_ADDR_REG
 158 0262 06       		.uleb128 0x6
 159 0263 5641525F 		.ascii "VAR_AUX_FAULT_STATUS_REG\0"
 159      4155585F 
 159      4641554C 
 159      545F5354 
 159      41545553 
 160 027c 02       		.byte	0x2
 161 027d 11       		.byte	0x11
 162 027e 9F010000 		.long	0x19f
 163 0282 05       		.uleb128 0x5
 164 0283 03       		.byte	0x3
 165 0284 00000000 		.long	_VAR_AUX_FAULT_STATUS_REG
 166 0288 06       		.uleb128 0x6
GAS LISTING C:\Users\PRESID~1\AppData\Local\Temp\ccPQNdDI.s 			page 5


 167 0289 5641525F 		.ascii "VAR_BUS_FAULT_STATUS_REG\0"
 167      4255535F 
 167      4641554C 
 167      545F5354 
 167      41545553 
 168 02a2 02       		.byte	0x2
 169 02a3 12       		.byte	0x12
 170 02a4 9F010000 		.long	0x19f
 171 02a8 05       		.uleb128 0x5
 172 02a9 03       		.byte	0x3
 173 02aa 00000000 		.long	_VAR_BUS_FAULT_STATUS_REG
 174 02ae 00       		.byte	0
 175              		.section	.debug_abbrev,"dr"
 176              	Ldebug_abbrev0:
 177 0000 01       		.uleb128 0x1
 178 0001 11       		.uleb128 0x11
 179 0002 01       		.byte	0x1
 180 0003 25       		.uleb128 0x25
 181 0004 08       		.uleb128 0x8
 182 0005 13       		.uleb128 0x13
 183 0006 0B       		.uleb128 0xb
 184 0007 03       		.uleb128 0x3
 185 0008 08       		.uleb128 0x8
 186 0009 10       		.uleb128 0x10
 187 000a 17       		.uleb128 0x17
 188 000b 9942     		.uleb128 0x2119
 189 000d 17       		.uleb128 0x17
 190 000e 00       		.byte	0
 191 000f 00       		.byte	0
 192 0010 02       		.uleb128 0x2
 193 0011 16       		.uleb128 0x16
 194 0012 00       		.byte	0
 195 0013 03       		.uleb128 0x3
 196 0014 08       		.uleb128 0x8
 197 0015 3A       		.uleb128 0x3a
 198 0016 0B       		.uleb128 0xb
 199 0017 3B       		.uleb128 0x3b
 200 0018 0B       		.uleb128 0xb
 201 0019 49       		.uleb128 0x49
 202 001a 13       		.uleb128 0x13
 203 001b 00       		.byte	0
 204 001c 00       		.byte	0
 205 001d 03       		.uleb128 0x3
 206 001e 24       		.uleb128 0x24
 207 001f 00       		.byte	0
 208 0020 0B       		.uleb128 0xb
 209 0021 0B       		.uleb128 0xb
 210 0022 3E       		.uleb128 0x3e
 211 0023 0B       		.uleb128 0xb
 212 0024 03       		.uleb128 0x3
 213 0025 08       		.uleb128 0x8
 214 0026 00       		.byte	0
 215 0027 00       		.byte	0
 216 0028 04       		.uleb128 0x4
 217 0029 01       		.uleb128 0x1
 218 002a 01       		.byte	0x1
 219 002b 49       		.uleb128 0x49
GAS LISTING C:\Users\PRESID~1\AppData\Local\Temp\ccPQNdDI.s 			page 6


 220 002c 13       		.uleb128 0x13
 221 002d 01       		.uleb128 0x1
 222 002e 13       		.uleb128 0x13
 223 002f 00       		.byte	0
 224 0030 00       		.byte	0
 225 0031 05       		.uleb128 0x5
 226 0032 21       		.uleb128 0x21
 227 0033 00       		.byte	0
 228 0034 49       		.uleb128 0x49
 229 0035 13       		.uleb128 0x13
 230 0036 2F       		.uleb128 0x2f
 231 0037 05       		.uleb128 0x5
 232 0038 00       		.byte	0
 233 0039 00       		.byte	0
 234 003a 06       		.uleb128 0x6
 235 003b 34       		.uleb128 0x34
 236 003c 00       		.byte	0
 237 003d 03       		.uleb128 0x3
 238 003e 08       		.uleb128 0x8
 239 003f 3A       		.uleb128 0x3a
 240 0040 0B       		.uleb128 0xb
 241 0041 3B       		.uleb128 0x3b
 242 0042 0B       		.uleb128 0xb
 243 0043 49       		.uleb128 0x49
 244 0044 13       		.uleb128 0x13
 245 0045 3F       		.uleb128 0x3f
 246 0046 19       		.uleb128 0x19
 247 0047 02       		.uleb128 0x2
 248 0048 18       		.uleb128 0x18
 249 0049 00       		.byte	0
 250 004a 00       		.byte	0
 251 004b 07       		.uleb128 0x7
 252 004c 21       		.uleb128 0x21
 253 004d 00       		.byte	0
 254 004e 49       		.uleb128 0x49
 255 004f 13       		.uleb128 0x13
 256 0050 2F       		.uleb128 0x2f
 257 0051 0B       		.uleb128 0xb
 258 0052 00       		.byte	0
 259 0053 00       		.byte	0
 260 0054 08       		.uleb128 0x8
 261 0055 35       		.uleb128 0x35
 262 0056 00       		.byte	0
 263 0057 49       		.uleb128 0x49
 264 0058 13       		.uleb128 0x13
 265 0059 00       		.byte	0
 266 005a 00       		.byte	0
 267 005b 00       		.byte	0
 268              		.section	.debug_aranges,"dr"
 269 0000 14000000 		.long	0x14
 270 0004 0200     		.word	0x2
 271 0006 00000000 		.secrel32	Ldebug_info0
 272 000a 04       		.byte	0x4
 273 000b 00       		.byte	0
 274 000c 0000     		.word	0
 275 000e 0000     		.word	0
 276 0010 00000000 		.long	0
GAS LISTING C:\Users\PRESID~1\AppData\Local\Temp\ccPQNdDI.s 			page 7


 277 0014 00000000 		.long	0
 278              		.section	.debug_macro,"dr"
 279              	Ldebug_macro0:
 280 0000 0400     		.word	0x4
 281 0002 02       		.byte	0x2
 282 0003 00000000 		.secrel32	Ldebug_line0
 283 0007 01       		.byte	0x1
 284 0008 00       		.uleb128 0
 285 0009 5F5F5354 		.ascii "__STDC__ 1\0"
 285      44435F5F 
 285      203100
 286 0014 01       		.byte	0x1
 287 0015 00       		.uleb128 0
 288 0016 5F5F5354 		.ascii "__STDC_HOSTED__ 1\0"
 288      44435F48 
 288      4F535445 
 288      445F5F20 
 288      3100
 289 0028 01       		.byte	0x1
 290 0029 00       		.uleb128 0
 291 002a 5F5F474E 		.ascii "__GNUC__ 4\0"
 291      55435F5F 
 291      203400
 292 0035 01       		.byte	0x1
 293 0036 00       		.uleb128 0
 294 0037 5F5F474E 		.ascii "__GNUC_MINOR__ 9\0"
 294      55435F4D 
 294      494E4F52 
 294      5F5F2039 
 294      00
 295 0048 01       		.byte	0x1
 296 0049 00       		.uleb128 0
 297 004a 5F5F474E 		.ascii "__GNUC_PATCHLEVEL__ 3\0"
 297      55435F50 
 297      41544348 
 297      4C455645 
 297      4C5F5F20 
 298 0060 01       		.byte	0x1
 299 0061 00       		.uleb128 0
 300 0062 5F5F5645 		.ascii "__VERSION__ \"4.9.3\"\0"
 300      5253494F 
 300      4E5F5F20 
 300      22342E39 
 300      2E332200 
 301 0076 01       		.byte	0x1
 302 0077 00       		.uleb128 0
 303 0078 5F5F4154 		.ascii "__ATOMIC_RELAXED 0\0"
 303      4F4D4943 
 303      5F52454C 
 303      41584544 
 303      203000
 304 008b 01       		.byte	0x1
 305 008c 00       		.uleb128 0
 306 008d 5F5F4154 		.ascii "__ATOMIC_SEQ_CST 5\0"
 306      4F4D4943 
 306      5F534551 
 306      5F435354 
GAS LISTING C:\Users\PRESID~1\AppData\Local\Temp\ccPQNdDI.s 			page 8


 306      203500
 307 00a0 01       		.byte	0x1
 308 00a1 00       		.uleb128 0
 309 00a2 5F5F4154 		.ascii "__ATOMIC_ACQUIRE 2\0"
 309      4F4D4943 
 309      5F414351 
 309      55495245 
 309      203200
 310 00b5 01       		.byte	0x1
 311 00b6 00       		.uleb128 0
 312 00b7 5F5F4154 		.ascii "__ATOMIC_RELEASE 3\0"
 312      4F4D4943 
 312      5F52454C 
 312      45415345 
 312      203300
 313 00ca 01       		.byte	0x1
 314 00cb 00       		.uleb128 0
 315 00cc 5F5F4154 		.ascii "__ATOMIC_ACQ_REL 4\0"
 315      4F4D4943 
 315      5F414351 
 315      5F52454C 
 315      203400
 316 00df 01       		.byte	0x1
 317 00e0 00       		.uleb128 0
 318 00e1 5F5F4154 		.ascii "__ATOMIC_CONSUME 1\0"
 318      4F4D4943 
 318      5F434F4E 
 318      53554D45 
 318      203100
 319 00f4 01       		.byte	0x1
 320 00f5 00       		.uleb128 0
 321 00f6 5F5F4649 		.ascii "__FINITE_MATH_ONLY__ 0\0"
 321      4E495445 
 321      5F4D4154 
 321      485F4F4E 
 321      4C595F5F 
 322 010d 01       		.byte	0x1
 323 010e 00       		.uleb128 0
 324 010f 5F5F5349 		.ascii "__SIZEOF_INT__ 4\0"
 324      5A454F46 
 324      5F494E54 
 324      5F5F2034 
 324      00
 325 0120 01       		.byte	0x1
 326 0121 00       		.uleb128 0
 327 0122 5F5F5349 		.ascii "__SIZEOF_LONG__ 4\0"
 327      5A454F46 
 327      5F4C4F4E 
 327      475F5F20 
 327      3400
 328 0134 01       		.byte	0x1
 329 0135 00       		.uleb128 0
 330 0136 5F5F5349 		.ascii "__SIZEOF_LONG_LONG__ 8\0"
 330      5A454F46 
 330      5F4C4F4E 
 330      475F4C4F 
 330      4E475F5F 
GAS LISTING C:\Users\PRESID~1\AppData\Local\Temp\ccPQNdDI.s 			page 9


 331 014d 01       		.byte	0x1
 332 014e 00       		.uleb128 0
 333 014f 5F5F5349 		.ascii "__SIZEOF_SHORT__ 2\0"
 333      5A454F46 
 333      5F53484F 
 333      52545F5F 
 333      203200
 334 0162 01       		.byte	0x1
 335 0163 00       		.uleb128 0
 336 0164 5F5F5349 		.ascii "__SIZEOF_FLOAT__ 4\0"
 336      5A454F46 
 336      5F464C4F 
 336      41545F5F 
 336      203400
 337 0177 01       		.byte	0x1
 338 0178 00       		.uleb128 0
 339 0179 5F5F5349 		.ascii "__SIZEOF_DOUBLE__ 8\0"
 339      5A454F46 
 339      5F444F55 
 339      424C455F 
 339      5F203800 
 340 018d 01       		.byte	0x1
 341 018e 00       		.uleb128 0
 342 018f 5F5F5349 		.ascii "__SIZEOF_LONG_DOUBLE__ 12\0"
 342      5A454F46 
 342      5F4C4F4E 
 342      475F444F 
 342      55424C45 
 343 01a9 01       		.byte	0x1
 344 01aa 00       		.uleb128 0
 345 01ab 5F5F5349 		.ascii "__SIZEOF_SIZE_T__ 4\0"
 345      5A454F46 
 345      5F53495A 
 345      455F545F 
 345      5F203400 
 346 01bf 01       		.byte	0x1
 347 01c0 00       		.uleb128 0
 348 01c1 5F5F4348 		.ascii "__CHAR_BIT__ 8\0"
 348      41525F42 
 348      49545F5F 
 348      203800
 349 01d0 01       		.byte	0x1
 350 01d1 00       		.uleb128 0
 351 01d2 5F5F4249 		.ascii "__BIGGEST_ALIGNMENT__ 16\0"
 351      47474553 
 351      545F414C 
 351      49474E4D 
 351      454E545F 
 352 01eb 01       		.byte	0x1
 353 01ec 00       		.uleb128 0
 354 01ed 5F5F4F52 		.ascii "__ORDER_LITTLE_ENDIAN__ 1234\0"
 354      4445525F 
 354      4C495454 
 354      4C455F45 
 354      4E444941 
 355 020a 01       		.byte	0x1
 356 020b 00       		.uleb128 0
GAS LISTING C:\Users\PRESID~1\AppData\Local\Temp\ccPQNdDI.s 			page 10


 357 020c 5F5F4F52 		.ascii "__ORDER_BIG_ENDIAN__ 4321\0"
 357      4445525F 
 357      4249475F 
 357      454E4449 
 357      414E5F5F 
 358 0226 01       		.byte	0x1
 359 0227 00       		.uleb128 0
 360 0228 5F5F4F52 		.ascii "__ORDER_PDP_ENDIAN__ 3412\0"
 360      4445525F 
 360      5044505F 
 360      454E4449 
 360      414E5F5F 
 361 0242 01       		.byte	0x1
 362 0243 00       		.uleb128 0
 363 0244 5F5F4259 		.ascii "__BYTE_ORDER__ __ORDER_LITTLE_ENDIAN__\0"
 363      54455F4F 
 363      52444552 
 363      5F5F205F 
 363      5F4F5244 
 364 026b 01       		.byte	0x1
 365 026c 00       		.uleb128 0
 366 026d 5F5F464C 		.ascii "__FLOAT_WORD_ORDER__ __ORDER_LITTLE_ENDIAN__\0"
 366      4F41545F 
 366      574F5244 
 366      5F4F5244 
 366      45525F5F 
 367 029a 01       		.byte	0x1
 368 029b 00       		.uleb128 0
 369 029c 5F5F5349 		.ascii "__SIZEOF_POINTER__ 4\0"
 369      5A454F46 
 369      5F504F49 
 369      4E544552 
 369      5F5F2034 
 370 02b1 01       		.byte	0x1
 371 02b2 00       		.uleb128 0
 372 02b3 5F5F5349 		.ascii "__SIZE_TYPE__ unsigned int\0"
 372      5A455F54 
 372      5950455F 
 372      5F20756E 
 372      7369676E 
 373 02ce 01       		.byte	0x1
 374 02cf 00       		.uleb128 0
 375 02d0 5F5F5054 		.ascii "__PTRDIFF_TYPE__ int\0"
 375      52444946 
 375      465F5459 
 375      50455F5F 
 375      20696E74 
 376 02e5 01       		.byte	0x1
 377 02e6 00       		.uleb128 0
 378 02e7 5F5F5743 		.ascii "__WCHAR_TYPE__ short unsigned int\0"
 378      4841525F 
 378      54595045 
 378      5F5F2073 
 378      686F7274 
 379 0309 01       		.byte	0x1
 380 030a 00       		.uleb128 0
 381 030b 5F5F5749 		.ascii "__WINT_TYPE__ short unsigned int\0"
GAS LISTING C:\Users\PRESID~1\AppData\Local\Temp\ccPQNdDI.s 			page 11


 381      4E545F54 
 381      5950455F 
 381      5F207368 
 381      6F727420 
 382 032c 01       		.byte	0x1
 383 032d 00       		.uleb128 0
 384 032e 5F5F494E 		.ascii "__INTMAX_TYPE__ long long int\0"
 384      544D4158 
 384      5F545950 
 384      455F5F20 
 384      6C6F6E67 
 385 034c 01       		.byte	0x1
 386 034d 00       		.uleb128 0
 387 034e 5F5F5549 		.ascii "__UINTMAX_TYPE__ long long unsigned int\0"
 387      4E544D41 
 387      585F5459 
 387      50455F5F 
 387      206C6F6E 
 388 0376 01       		.byte	0x1
 389 0377 00       		.uleb128 0
 390 0378 5F5F4348 		.ascii "__CHAR16_TYPE__ short unsigned int\0"
 390      41523136 
 390      5F545950 
 390      455F5F20 
 390      73686F72 
 391 039b 01       		.byte	0x1
 392 039c 00       		.uleb128 0
 393 039d 5F5F4348 		.ascii "__CHAR32_TYPE__ unsigned int\0"
 393      41523332 
 393      5F545950 
 393      455F5F20 
 393      756E7369 
 394 03ba 01       		.byte	0x1
 395 03bb 00       		.uleb128 0
 396 03bc 5F5F5349 		.ascii "__SIG_ATOMIC_TYPE__ int\0"
 396      475F4154 
 396      4F4D4943 
 396      5F545950 
 396      455F5F20 
 397 03d4 01       		.byte	0x1
 398 03d5 00       		.uleb128 0
 399 03d6 5F5F494E 		.ascii "__INT8_TYPE__ signed char\0"
 399      54385F54 
 399      5950455F 
 399      5F207369 
 399      676E6564 
 400 03f0 01       		.byte	0x1
 401 03f1 00       		.uleb128 0
 402 03f2 5F5F494E 		.ascii "__INT16_TYPE__ short int\0"
 402      5431365F 
 402      54595045 
 402      5F5F2073 
 402      686F7274 
 403 040b 01       		.byte	0x1
 404 040c 00       		.uleb128 0
 405 040d 5F5F494E 		.ascii "__INT32_TYPE__ int\0"
 405      5433325F 
GAS LISTING C:\Users\PRESID~1\AppData\Local\Temp\ccPQNdDI.s 			page 12


 405      54595045 
 405      5F5F2069 
 405      6E7400
 406 0420 01       		.byte	0x1
 407 0421 00       		.uleb128 0
 408 0422 5F5F494E 		.ascii "__INT64_TYPE__ long long int\0"
 408      5436345F 
 408      54595045 
 408      5F5F206C 
 408      6F6E6720 
 409 043f 01       		.byte	0x1
 410 0440 00       		.uleb128 0
 411 0441 5F5F5549 		.ascii "__UINT8_TYPE__ unsigned char\0"
 411      4E54385F 
 411      54595045 
 411      5F5F2075 
 411      6E736967 
 412 045e 01       		.byte	0x1
 413 045f 00       		.uleb128 0
 414 0460 5F5F5549 		.ascii "__UINT16_TYPE__ short unsigned int\0"
 414      4E543136 
 414      5F545950 
 414      455F5F20 
 414      73686F72 
 415 0483 01       		.byte	0x1
 416 0484 00       		.uleb128 0
 417 0485 5F5F5549 		.ascii "__UINT32_TYPE__ unsigned int\0"
 417      4E543332 
 417      5F545950 
 417      455F5F20 
 417      756E7369 
 418 04a2 01       		.byte	0x1
 419 04a3 00       		.uleb128 0
 420 04a4 5F5F5549 		.ascii "__UINT64_TYPE__ long long unsigned int\0"
 420      4E543634 
 420      5F545950 
 420      455F5F20 
 420      6C6F6E67 
 421 04cb 01       		.byte	0x1
 422 04cc 00       		.uleb128 0
 423 04cd 5F5F494E 		.ascii "__INT_LEAST8_TYPE__ signed char\0"
 423      545F4C45 
 423      41535438 
 423      5F545950 
 423      455F5F20 
 424 04ed 01       		.byte	0x1
 425 04ee 00       		.uleb128 0
 426 04ef 5F5F494E 		.ascii "__INT_LEAST16_TYPE__ short int\0"
 426      545F4C45 
 426      41535431 
 426      365F5459 
 426      50455F5F 
 427 050e 01       		.byte	0x1
 428 050f 00       		.uleb128 0
 429 0510 5F5F494E 		.ascii "__INT_LEAST32_TYPE__ int\0"
 429      545F4C45 
 429      41535433 
GAS LISTING C:\Users\PRESID~1\AppData\Local\Temp\ccPQNdDI.s 			page 13


 429      325F5459 
 429      50455F5F 
 430 0529 01       		.byte	0x1
 431 052a 00       		.uleb128 0
 432 052b 5F5F494E 		.ascii "__INT_LEAST64_TYPE__ long long int\0"
 432      545F4C45 
 432      41535436 
 432      345F5459 
 432      50455F5F 
 433 054e 01       		.byte	0x1
 434 054f 00       		.uleb128 0
 435 0550 5F5F5549 		.ascii "__UINT_LEAST8_TYPE__ unsigned char\0"
 435      4E545F4C 
 435      45415354 
 435      385F5459 
 435      50455F5F 
 436 0573 01       		.byte	0x1
 437 0574 00       		.uleb128 0
 438 0575 5F5F5549 		.ascii "__UINT_LEAST16_TYPE__ short unsigned int\0"
 438      4E545F4C 
 438      45415354 
 438      31365F54 
 438      5950455F 
 439 059e 01       		.byte	0x1
 440 059f 00       		.uleb128 0
 441 05a0 5F5F5549 		.ascii "__UINT_LEAST32_TYPE__ unsigned int\0"
 441      4E545F4C 
 441      45415354 
 441      33325F54 
 441      5950455F 
 442 05c3 01       		.byte	0x1
 443 05c4 00       		.uleb128 0
 444 05c5 5F5F5549 		.ascii "__UINT_LEAST64_TYPE__ long long unsigned int\0"
 444      4E545F4C 
 444      45415354 
 444      36345F54 
 444      5950455F 
 445 05f2 01       		.byte	0x1
 446 05f3 00       		.uleb128 0
 447 05f4 5F5F494E 		.ascii "__INT_FAST8_TYPE__ signed char\0"
 447      545F4641 
 447      5354385F 
 447      54595045 
 447      5F5F2073 
 448 0613 01       		.byte	0x1
 449 0614 00       		.uleb128 0
 450 0615 5F5F494E 		.ascii "__INT_FAST16_TYPE__ short int\0"
 450      545F4641 
 450      53543136 
 450      5F545950 
 450      455F5F20 
 451 0633 01       		.byte	0x1
 452 0634 00       		.uleb128 0
 453 0635 5F5F494E 		.ascii "__INT_FAST32_TYPE__ int\0"
 453      545F4641 
 453      53543332 
 453      5F545950 
GAS LISTING C:\Users\PRESID~1\AppData\Local\Temp\ccPQNdDI.s 			page 14


 453      455F5F20 
 454 064d 01       		.byte	0x1
 455 064e 00       		.uleb128 0
 456 064f 5F5F494E 		.ascii "__INT_FAST64_TYPE__ long long int\0"
 456      545F4641 
 456      53543634 
 456      5F545950 
 456      455F5F20 
 457 0671 01       		.byte	0x1
 458 0672 00       		.uleb128 0
 459 0673 5F5F5549 		.ascii "__UINT_FAST8_TYPE__ unsigned char\0"
 459      4E545F46 
 459      41535438 
 459      5F545950 
 459      455F5F20 
 460 0695 01       		.byte	0x1
 461 0696 00       		.uleb128 0
 462 0697 5F5F5549 		.ascii "__UINT_FAST16_TYPE__ short unsigned int\0"
 462      4E545F46 
 462      41535431 
 462      365F5459 
 462      50455F5F 
 463 06bf 01       		.byte	0x1
 464 06c0 00       		.uleb128 0
 465 06c1 5F5F5549 		.ascii "__UINT_FAST32_TYPE__ unsigned int\0"
 465      4E545F46 
 465      41535433 
 465      325F5459 
 465      50455F5F 
 466 06e3 01       		.byte	0x1
 467 06e4 00       		.uleb128 0
 468 06e5 5F5F5549 		.ascii "__UINT_FAST64_TYPE__ long long unsigned int\0"
 468      4E545F46 
 468      41535436 
 468      345F5459 
 468      50455F5F 
 469 0711 01       		.byte	0x1
 470 0712 00       		.uleb128 0
 471 0713 5F5F494E 		.ascii "__INTPTR_TYPE__ int\0"
 471      54505452 
 471      5F545950 
 471      455F5F20 
 471      696E7400 
 472 0727 01       		.byte	0x1
 473 0728 00       		.uleb128 0
 474 0729 5F5F5549 		.ascii "__UINTPTR_TYPE__ unsigned int\0"
 474      4E545054 
 474      525F5459 
 474      50455F5F 
 474      20756E73 
 475 0747 01       		.byte	0x1
 476 0748 00       		.uleb128 0
 477 0749 5F5F6861 		.ascii "__has_include(STR) __has_include__(STR)\0"
 477      735F696E 
 477      636C7564 
 477      65285354 
 477      5229205F 
GAS LISTING C:\Users\PRESID~1\AppData\Local\Temp\ccPQNdDI.s 			page 15


 478 0771 01       		.byte	0x1
 479 0772 00       		.uleb128 0
 480 0773 5F5F6861 		.ascii "__has_include_next(STR) __has_include_next__(STR)\0"
 480      735F696E 
 480      636C7564 
 480      655F6E65 
 480      78742853 
 481 07a5 01       		.byte	0x1
 482 07a6 00       		.uleb128 0
 483 07a7 5F5F4758 		.ascii "__GXX_ABI_VERSION 1002\0"
 483      585F4142 
 483      495F5645 
 483      5253494F 
 483      4E203130 
 484 07be 01       		.byte	0x1
 485 07bf 00       		.uleb128 0
 486 07c0 5F5F5343 		.ascii "__SCHAR_MAX__ 127\0"
 486      4841525F 
 486      4D41585F 
 486      5F203132 
 486      3700
 487 07d2 01       		.byte	0x1
 488 07d3 00       		.uleb128 0
 489 07d4 5F5F5348 		.ascii "__SHRT_MAX__ 32767\0"
 489      52545F4D 
 489      41585F5F 
 489      20333237 
 489      363700
 490 07e7 01       		.byte	0x1
 491 07e8 00       		.uleb128 0
 492 07e9 5F5F494E 		.ascii "__INT_MAX__ 2147483647\0"
 492      545F4D41 
 492      585F5F20 
 492      32313437 
 492      34383336 
 493 0800 01       		.byte	0x1
 494 0801 00       		.uleb128 0
 495 0802 5F5F4C4F 		.ascii "__LONG_MAX__ 2147483647L\0"
 495      4E475F4D 
 495      41585F5F 
 495      20323134 
 495      37343833 
 496 081b 01       		.byte	0x1
 497 081c 00       		.uleb128 0
 498 081d 5F5F4C4F 		.ascii "__LONG_LONG_MAX__ 9223372036854775807LL\0"
 498      4E475F4C 
 498      4F4E475F 
 498      4D41585F 
 498      5F203932 
 499 0845 01       		.byte	0x1
 500 0846 00       		.uleb128 0
 501 0847 5F5F5743 		.ascii "__WCHAR_MAX__ 65535\0"
 501      4841525F 
 501      4D41585F 
 501      5F203635 
 501      35333500 
 502 085b 01       		.byte	0x1
GAS LISTING C:\Users\PRESID~1\AppData\Local\Temp\ccPQNdDI.s 			page 16


 503 085c 00       		.uleb128 0
 504 085d 5F5F5743 		.ascii "__WCHAR_MIN__ 0\0"
 504      4841525F 
 504      4D494E5F 
 504      5F203000 
 505 086d 01       		.byte	0x1
 506 086e 00       		.uleb128 0
 507 086f 5F5F5749 		.ascii "__WINT_MAX__ 65535\0"
 507      4E545F4D 
 507      41585F5F 
 507      20363535 
 507      333500
 508 0882 01       		.byte	0x1
 509 0883 00       		.uleb128 0
 510 0884 5F5F5749 		.ascii "__WINT_MIN__ 0\0"
 510      4E545F4D 
 510      494E5F5F 
 510      203000
 511 0893 01       		.byte	0x1
 512 0894 00       		.uleb128 0
 513 0895 5F5F5054 		.ascii "__PTRDIFF_MAX__ 2147483647\0"
 513      52444946 
 513      465F4D41 
 513      585F5F20 
 513      32313437 
 514 08b0 01       		.byte	0x1
 515 08b1 00       		.uleb128 0
 516 08b2 5F5F5349 		.ascii "__SIZE_MAX__ 4294967295U\0"
 516      5A455F4D 
 516      41585F5F 
 516      20343239 
 516      34393637 
 517 08cb 01       		.byte	0x1
 518 08cc 00       		.uleb128 0
 519 08cd 5F5F494E 		.ascii "__INTMAX_MAX__ 9223372036854775807LL\0"
 519      544D4158 
 519      5F4D4158 
 519      5F5F2039 
 519      32323333 
 520 08f2 01       		.byte	0x1
 521 08f3 00       		.uleb128 0
 522 08f4 5F5F494E 		.ascii "__INTMAX_C(c) c ## LL\0"
 522      544D4158 
 522      5F432863 
 522      29206320 
 522      2323204C 
 523 090a 01       		.byte	0x1
 524 090b 00       		.uleb128 0
 525 090c 5F5F5549 		.ascii "__UINTMAX_MAX__ 18446744073709551615ULL\0"
 525      4E544D41 
 525      585F4D41 
 525      585F5F20 
 525      31383434 
 526 0934 01       		.byte	0x1
 527 0935 00       		.uleb128 0
 528 0936 5F5F5549 		.ascii "__UINTMAX_C(c) c ## ULL\0"
 528      4E544D41 
GAS LISTING C:\Users\PRESID~1\AppData\Local\Temp\ccPQNdDI.s 			page 17


 528      585F4328 
 528      63292063 
 528      20232320 
 529 094e 01       		.byte	0x1
 530 094f 00       		.uleb128 0
 531 0950 5F5F5349 		.ascii "__SIG_ATOMIC_MAX__ 2147483647\0"
 531      475F4154 
 531      4F4D4943 
 531      5F4D4158 
 531      5F5F2032 
 532 096e 01       		.byte	0x1
 533 096f 00       		.uleb128 0
 534 0970 5F5F5349 		.ascii "__SIG_ATOMIC_MIN__ (-__SIG_ATOMIC_MAX__ - 1)\0"
 534      475F4154 
 534      4F4D4943 
 534      5F4D494E 
 534      5F5F2028 
 535 099d 01       		.byte	0x1
 536 099e 00       		.uleb128 0
 537 099f 5F5F494E 		.ascii "__INT8_MAX__ 127\0"
 537      54385F4D 
 537      41585F5F 
 537      20313237 
 537      00
 538 09b0 01       		.byte	0x1
 539 09b1 00       		.uleb128 0
 540 09b2 5F5F494E 		.ascii "__INT16_MAX__ 32767\0"
 540      5431365F 
 540      4D41585F 
 540      5F203332 
 540      37363700 
 541 09c6 01       		.byte	0x1
 542 09c7 00       		.uleb128 0
 543 09c8 5F5F494E 		.ascii "__INT32_MAX__ 2147483647\0"
 543      5433325F 
 543      4D41585F 
 543      5F203231 
 543      34373438 
 544 09e1 01       		.byte	0x1
 545 09e2 00       		.uleb128 0
 546 09e3 5F5F494E 		.ascii "__INT64_MAX__ 9223372036854775807LL\0"
 546      5436345F 
 546      4D41585F 
 546      5F203932 
 546      32333337 
 547 0a07 01       		.byte	0x1
 548 0a08 00       		.uleb128 0
 549 0a09 5F5F5549 		.ascii "__UINT8_MAX__ 255\0"
 549      4E54385F 
 549      4D41585F 
 549      5F203235 
 549      3500
 550 0a1b 01       		.byte	0x1
 551 0a1c 00       		.uleb128 0
 552 0a1d 5F5F5549 		.ascii "__UINT16_MAX__ 65535\0"
 552      4E543136 
 552      5F4D4158 
GAS LISTING C:\Users\PRESID~1\AppData\Local\Temp\ccPQNdDI.s 			page 18


 552      5F5F2036 
 552      35353335 
 553 0a32 01       		.byte	0x1
 554 0a33 00       		.uleb128 0
 555 0a34 5F5F5549 		.ascii "__UINT32_MAX__ 4294967295U\0"
 555      4E543332 
 555      5F4D4158 
 555      5F5F2034 
 555      32393439 
 556 0a4f 01       		.byte	0x1
 557 0a50 00       		.uleb128 0
 558 0a51 5F5F5549 		.ascii "__UINT64_MAX__ 18446744073709551615ULL\0"
 558      4E543634 
 558      5F4D4158 
 558      5F5F2031 
 558      38343436 
 559 0a78 01       		.byte	0x1
 560 0a79 00       		.uleb128 0
 561 0a7a 5F5F494E 		.ascii "__INT_LEAST8_MAX__ 127\0"
 561      545F4C45 
 561      41535438 
 561      5F4D4158 
 561      5F5F2031 
 562 0a91 01       		.byte	0x1
 563 0a92 00       		.uleb128 0
 564 0a93 5F5F494E 		.ascii "__INT8_C(c) c\0"
 564      54385F43 
 564      28632920 
 564      6300
 565 0aa1 01       		.byte	0x1
 566 0aa2 00       		.uleb128 0
 567 0aa3 5F5F494E 		.ascii "__INT_LEAST16_MAX__ 32767\0"
 567      545F4C45 
 567      41535431 
 567      365F4D41 
 567      585F5F20 
 568 0abd 01       		.byte	0x1
 569 0abe 00       		.uleb128 0
 570 0abf 5F5F494E 		.ascii "__INT16_C(c) c\0"
 570      5431365F 
 570      43286329 
 570      206300
 571 0ace 01       		.byte	0x1
 572 0acf 00       		.uleb128 0
 573 0ad0 5F5F494E 		.ascii "__INT_LEAST32_MAX__ 2147483647\0"
 573      545F4C45 
 573      41535433 
 573      325F4D41 
 573      585F5F20 
 574 0aef 01       		.byte	0x1
 575 0af0 00       		.uleb128 0
 576 0af1 5F5F494E 		.ascii "__INT32_C(c) c\0"
 576      5433325F 
 576      43286329 
 576      206300
 577 0b00 01       		.byte	0x1
 578 0b01 00       		.uleb128 0
GAS LISTING C:\Users\PRESID~1\AppData\Local\Temp\ccPQNdDI.s 			page 19


 579 0b02 5F5F494E 		.ascii "__INT_LEAST64_MAX__ 9223372036854775807LL\0"
 579      545F4C45 
 579      41535436 
 579      345F4D41 
 579      585F5F20 
 580 0b2c 01       		.byte	0x1
 581 0b2d 00       		.uleb128 0
 582 0b2e 5F5F494E 		.ascii "__INT64_C(c) c ## LL\0"
 582      5436345F 
 582      43286329 
 582      20632023 
 582      23204C4C 
 583 0b43 01       		.byte	0x1
 584 0b44 00       		.uleb128 0
 585 0b45 5F5F5549 		.ascii "__UINT_LEAST8_MAX__ 255\0"
 585      4E545F4C 
 585      45415354 
 585      385F4D41 
 585      585F5F20 
 586 0b5d 01       		.byte	0x1
 587 0b5e 00       		.uleb128 0
 588 0b5f 5F5F5549 		.ascii "__UINT8_C(c) c\0"
 588      4E54385F 
 588      43286329 
 588      206300
 589 0b6e 01       		.byte	0x1
 590 0b6f 00       		.uleb128 0
 591 0b70 5F5F5549 		.ascii "__UINT_LEAST16_MAX__ 65535\0"
 591      4E545F4C 
 591      45415354 
 591      31365F4D 
 591      41585F5F 
 592 0b8b 01       		.byte	0x1
 593 0b8c 00       		.uleb128 0
 594 0b8d 5F5F5549 		.ascii "__UINT16_C(c) c\0"
 594      4E543136 
 594      5F432863 
 594      29206300 
 595 0b9d 01       		.byte	0x1
 596 0b9e 00       		.uleb128 0
 597 0b9f 5F5F5549 		.ascii "__UINT_LEAST32_MAX__ 4294967295U\0"
 597      4E545F4C 
 597      45415354 
 597      33325F4D 
 597      41585F5F 
 598 0bc0 01       		.byte	0x1
 599 0bc1 00       		.uleb128 0
 600 0bc2 5F5F5549 		.ascii "__UINT32_C(c) c ## U\0"
 600      4E543332 
 600      5F432863 
 600      29206320 
 600      23232055 
 601 0bd7 01       		.byte	0x1
 602 0bd8 00       		.uleb128 0
 603 0bd9 5F5F5549 		.ascii "__UINT_LEAST64_MAX__ 18446744073709551615ULL\0"
 603      4E545F4C 
 603      45415354 
GAS LISTING C:\Users\PRESID~1\AppData\Local\Temp\ccPQNdDI.s 			page 20


 603      36345F4D 
 603      41585F5F 
 604 0c06 01       		.byte	0x1
 605 0c07 00       		.uleb128 0
 606 0c08 5F5F5549 		.ascii "__UINT64_C(c) c ## ULL\0"
 606      4E543634 
 606      5F432863 
 606      29206320 
 606      23232055 
 607 0c1f 01       		.byte	0x1
 608 0c20 00       		.uleb128 0
 609 0c21 5F5F494E 		.ascii "__INT_FAST8_MAX__ 127\0"
 609      545F4641 
 609      5354385F 
 609      4D41585F 
 609      5F203132 
 610 0c37 01       		.byte	0x1
 611 0c38 00       		.uleb128 0
 612 0c39 5F5F494E 		.ascii "__INT_FAST16_MAX__ 32767\0"
 612      545F4641 
 612      53543136 
 612      5F4D4158 
 612      5F5F2033 
 613 0c52 01       		.byte	0x1
 614 0c53 00       		.uleb128 0
 615 0c54 5F5F494E 		.ascii "__INT_FAST32_MAX__ 2147483647\0"
 615      545F4641 
 615      53543332 
 615      5F4D4158 
 615      5F5F2032 
 616 0c72 01       		.byte	0x1
 617 0c73 00       		.uleb128 0
 618 0c74 5F5F494E 		.ascii "__INT_FAST64_MAX__ 9223372036854775807LL\0"
 618      545F4641 
 618      53543634 
 618      5F4D4158 
 618      5F5F2039 
 619 0c9d 01       		.byte	0x1
 620 0c9e 00       		.uleb128 0
 621 0c9f 5F5F5549 		.ascii "__UINT_FAST8_MAX__ 255\0"
 621      4E545F46 
 621      41535438 
 621      5F4D4158 
 621      5F5F2032 
 622 0cb6 01       		.byte	0x1
 623 0cb7 00       		.uleb128 0
 624 0cb8 5F5F5549 		.ascii "__UINT_FAST16_MAX__ 65535\0"
 624      4E545F46 
 624      41535431 
 624      365F4D41 
 624      585F5F20 
 625 0cd2 01       		.byte	0x1
 626 0cd3 00       		.uleb128 0
 627 0cd4 5F5F5549 		.ascii "__UINT_FAST32_MAX__ 4294967295U\0"
 627      4E545F46 
 627      41535433 
 627      325F4D41 
GAS LISTING C:\Users\PRESID~1\AppData\Local\Temp\ccPQNdDI.s 			page 21


 627      585F5F20 
 628 0cf4 01       		.byte	0x1
 629 0cf5 00       		.uleb128 0
 630 0cf6 5F5F5549 		.ascii "__UINT_FAST64_MAX__ 18446744073709551615ULL\0"
 630      4E545F46 
 630      41535436 
 630      345F4D41 
 630      585F5F20 
 631 0d22 01       		.byte	0x1
 632 0d23 00       		.uleb128 0
 633 0d24 5F5F494E 		.ascii "__INTPTR_MAX__ 2147483647\0"
 633      54505452 
 633      5F4D4158 
 633      5F5F2032 
 633      31343734 
 634 0d3e 01       		.byte	0x1
 635 0d3f 00       		.uleb128 0
 636 0d40 5F5F5549 		.ascii "__UINTPTR_MAX__ 4294967295U\0"
 636      4E545054 
 636      525F4D41 
 636      585F5F20 
 636      34323934 
 637 0d5c 01       		.byte	0x1
 638 0d5d 00       		.uleb128 0
 639 0d5e 5F5F4743 		.ascii "__GCC_IEC_559 2\0"
 639      435F4945 
 639      435F3535 
 639      39203200 
 640 0d6e 01       		.byte	0x1
 641 0d6f 00       		.uleb128 0
 642 0d70 5F5F4743 		.ascii "__GCC_IEC_559_COMPLEX 2\0"
 642      435F4945 
 642      435F3535 
 642      395F434F 
 642      4D504C45 
 643 0d88 01       		.byte	0x1
 644 0d89 00       		.uleb128 0
 645 0d8a 5F5F464C 		.ascii "__FLT_EVAL_METHOD__ 2\0"
 645      545F4556 
 645      414C5F4D 
 645      4554484F 
 645      445F5F20 
 646 0da0 01       		.byte	0x1
 647 0da1 00       		.uleb128 0
 648 0da2 5F5F4445 		.ascii "__DEC_EVAL_METHOD__ 2\0"
 648      435F4556 
 648      414C5F4D 
 648      4554484F 
 648      445F5F20 
 649 0db8 01       		.byte	0x1
 650 0db9 00       		.uleb128 0
 651 0dba 5F5F464C 		.ascii "__FLT_RADIX__ 2\0"
 651      545F5241 
 651      4449585F 
 651      5F203200 
 652 0dca 01       		.byte	0x1
 653 0dcb 00       		.uleb128 0
GAS LISTING C:\Users\PRESID~1\AppData\Local\Temp\ccPQNdDI.s 			page 22


 654 0dcc 5F5F464C 		.ascii "__FLT_MANT_DIG__ 24\0"
 654      545F4D41 
 654      4E545F44 
 654      49475F5F 
 654      20323400 
 655 0de0 01       		.byte	0x1
 656 0de1 00       		.uleb128 0
 657 0de2 5F5F464C 		.ascii "__FLT_DIG__ 6\0"
 657      545F4449 
 657      475F5F20 
 657      3600
 658 0df0 01       		.byte	0x1
 659 0df1 00       		.uleb128 0
 660 0df2 5F5F464C 		.ascii "__FLT_MIN_EXP__ (-125)\0"
 660      545F4D49 
 660      4E5F4558 
 660      505F5F20 
 660      282D3132 
 661 0e09 01       		.byte	0x1
 662 0e0a 00       		.uleb128 0
 663 0e0b 5F5F464C 		.ascii "__FLT_MIN_10_EXP__ (-37)\0"
 663      545F4D49 
 663      4E5F3130 
 663      5F455850 
 663      5F5F2028 
 664 0e24 01       		.byte	0x1
 665 0e25 00       		.uleb128 0
 666 0e26 5F5F464C 		.ascii "__FLT_MAX_EXP__ 128\0"
 666      545F4D41 
 666      585F4558 
 666      505F5F20 
 666      31323800 
 667 0e3a 01       		.byte	0x1
 668 0e3b 00       		.uleb128 0
 669 0e3c 5F5F464C 		.ascii "__FLT_MAX_10_EXP__ 38\0"
 669      545F4D41 
 669      585F3130 
 669      5F455850 
 669      5F5F2033 
 670 0e52 01       		.byte	0x1
 671 0e53 00       		.uleb128 0
 672 0e54 5F5F464C 		.ascii "__FLT_DECIMAL_DIG__ 9\0"
 672      545F4445 
 672      43494D41 
 672      4C5F4449 
 672      475F5F20 
 673 0e6a 01       		.byte	0x1
 674 0e6b 00       		.uleb128 0
 675 0e6c 5F5F464C 		.ascii "__FLT_MAX__ 3.40282346638528859812e+38F\0"
 675      545F4D41 
 675      585F5F20 
 675      332E3430 
 675      32383233 
 676 0e94 01       		.byte	0x1
 677 0e95 00       		.uleb128 0
 678 0e96 5F5F464C 		.ascii "__FLT_MIN__ 1.17549435082228750797e-38F\0"
 678      545F4D49 
GAS LISTING C:\Users\PRESID~1\AppData\Local\Temp\ccPQNdDI.s 			page 23


 678      4E5F5F20 
 678      312E3137 
 678      35343934 
 679 0ebe 01       		.byte	0x1
 680 0ebf 00       		.uleb128 0
 681 0ec0 5F5F464C 		.ascii "__FLT_EPSILON__ 1.19209289550781250000e-7F\0"
 681      545F4550 
 681      53494C4F 
 681      4E5F5F20 
 681      312E3139 
 682 0eeb 01       		.byte	0x1
 683 0eec 00       		.uleb128 0
 684 0eed 5F5F464C 		.ascii "__FLT_DENORM_MIN__ 1.40129846432481707092e-45F\0"
 684      545F4445 
 684      4E4F524D 
 684      5F4D494E 
 684      5F5F2031 
 685 0f1c 01       		.byte	0x1
 686 0f1d 00       		.uleb128 0
 687 0f1e 5F5F464C 		.ascii "__FLT_HAS_DENORM__ 1\0"
 687      545F4841 
 687      535F4445 
 687      4E4F524D 
 687      5F5F2031 
 688 0f33 01       		.byte	0x1
 689 0f34 00       		.uleb128 0
 690 0f35 5F5F464C 		.ascii "__FLT_HAS_INFINITY__ 1\0"
 690      545F4841 
 690      535F494E 
 690      46494E49 
 690      54595F5F 
 691 0f4c 01       		.byte	0x1
 692 0f4d 00       		.uleb128 0
 693 0f4e 5F5F464C 		.ascii "__FLT_HAS_QUIET_NAN__ 1\0"
 693      545F4841 
 693      535F5155 
 693      4945545F 
 693      4E414E5F 
 694 0f66 01       		.byte	0x1
 695 0f67 00       		.uleb128 0
 696 0f68 5F5F4442 		.ascii "__DBL_MANT_DIG__ 53\0"
 696      4C5F4D41 
 696      4E545F44 
 696      49475F5F 
 696      20353300 
 697 0f7c 01       		.byte	0x1
 698 0f7d 00       		.uleb128 0
 699 0f7e 5F5F4442 		.ascii "__DBL_DIG__ 15\0"
 699      4C5F4449 
 699      475F5F20 
 699      313500
 700 0f8d 01       		.byte	0x1
 701 0f8e 00       		.uleb128 0
 702 0f8f 5F5F4442 		.ascii "__DBL_MIN_EXP__ (-1021)\0"
 702      4C5F4D49 
 702      4E5F4558 
 702      505F5F20 
GAS LISTING C:\Users\PRESID~1\AppData\Local\Temp\ccPQNdDI.s 			page 24


 702      282D3130 
 703 0fa7 01       		.byte	0x1
 704 0fa8 00       		.uleb128 0
 705 0fa9 5F5F4442 		.ascii "__DBL_MIN_10_EXP__ (-307)\0"
 705      4C5F4D49 
 705      4E5F3130 
 705      5F455850 
 705      5F5F2028 
 706 0fc3 01       		.byte	0x1
 707 0fc4 00       		.uleb128 0
 708 0fc5 5F5F4442 		.ascii "__DBL_MAX_EXP__ 1024\0"
 708      4C5F4D41 
 708      585F4558 
 708      505F5F20 
 708      31303234 
 709 0fda 01       		.byte	0x1
 710 0fdb 00       		.uleb128 0
 711 0fdc 5F5F4442 		.ascii "__DBL_MAX_10_EXP__ 308\0"
 711      4C5F4D41 
 711      585F3130 
 711      5F455850 
 711      5F5F2033 
 712 0ff3 01       		.byte	0x1
 713 0ff4 00       		.uleb128 0
 714 0ff5 5F5F4442 		.ascii "__DBL_DECIMAL_DIG__ 17\0"
 714      4C5F4445 
 714      43494D41 
 714      4C5F4449 
 714      475F5F20 
 715 100c 01       		.byte	0x1
 716 100d 00       		.uleb128 0
 717 100e 5F5F4442 		.ascii "__DBL_MAX__ ((double)1.79769313486231570815e+308L)\0"
 717      4C5F4D41 
 717      585F5F20 
 717      2828646F 
 717      75626C65 
 718 1041 01       		.byte	0x1
 719 1042 00       		.uleb128 0
 720 1043 5F5F4442 		.ascii "__DBL_MIN__ ((double)2.22507385850720138309e-308L)\0"
 720      4C5F4D49 
 720      4E5F5F20 
 720      2828646F 
 720      75626C65 
 721 1076 01       		.byte	0x1
 722 1077 00       		.uleb128 0
 723 1078 5F5F4442 		.ascii "__DBL_EPSILON__ ((double)2.22044604925031308085e-16L)\0"
 723      4C5F4550 
 723      53494C4F 
 723      4E5F5F20 
 723      2828646F 
 724 10ae 01       		.byte	0x1
 725 10af 00       		.uleb128 0
 726 10b0 5F5F4442 		.ascii "__DBL_DENORM_MIN__ ((double)4.94065645841246544177e-324L)\0"
 726      4C5F4445 
 726      4E4F524D 
 726      5F4D494E 
 726      5F5F2028 
GAS LISTING C:\Users\PRESID~1\AppData\Local\Temp\ccPQNdDI.s 			page 25


 727 10ea 01       		.byte	0x1
 728 10eb 00       		.uleb128 0
 729 10ec 5F5F4442 		.ascii "__DBL_HAS_DENORM__ 1\0"
 729      4C5F4841 
 729      535F4445 
 729      4E4F524D 
 729      5F5F2031 
 730 1101 01       		.byte	0x1
 731 1102 00       		.uleb128 0
 732 1103 5F5F4442 		.ascii "__DBL_HAS_INFINITY__ 1\0"
 732      4C5F4841 
 732      535F494E 
 732      46494E49 
 732      54595F5F 
 733 111a 01       		.byte	0x1
 734 111b 00       		.uleb128 0
 735 111c 5F5F4442 		.ascii "__DBL_HAS_QUIET_NAN__ 1\0"
 735      4C5F4841 
 735      535F5155 
 735      4945545F 
 735      4E414E5F 
 736 1134 01       		.byte	0x1
 737 1135 00       		.uleb128 0
 738 1136 5F5F4C44 		.ascii "__LDBL_MANT_DIG__ 64\0"
 738      424C5F4D 
 738      414E545F 
 738      4449475F 
 738      5F203634 
 739 114b 01       		.byte	0x1
 740 114c 00       		.uleb128 0
 741 114d 5F5F4C44 		.ascii "__LDBL_DIG__ 18\0"
 741      424C5F44 
 741      49475F5F 
 741      20313800 
 742 115d 01       		.byte	0x1
 743 115e 00       		.uleb128 0
 744 115f 5F5F4C44 		.ascii "__LDBL_MIN_EXP__ (-16381)\0"
 744      424C5F4D 
 744      494E5F45 
 744      58505F5F 
 744      20282D31 
 745 1179 01       		.byte	0x1
 746 117a 00       		.uleb128 0
 747 117b 5F5F4C44 		.ascii "__LDBL_MIN_10_EXP__ (-4931)\0"
 747      424C5F4D 
 747      494E5F31 
 747      305F4558 
 747      505F5F20 
 748 1197 01       		.byte	0x1
 749 1198 00       		.uleb128 0
 750 1199 5F5F4C44 		.ascii "__LDBL_MAX_EXP__ 16384\0"
 750      424C5F4D 
 750      41585F45 
 750      58505F5F 
 750      20313633 
 751 11b0 01       		.byte	0x1
 752 11b1 00       		.uleb128 0
GAS LISTING C:\Users\PRESID~1\AppData\Local\Temp\ccPQNdDI.s 			page 26


 753 11b2 5F5F4C44 		.ascii "__LDBL_MAX_10_EXP__ 4932\0"
 753      424C5F4D 
 753      41585F31 
 753      305F4558 
 753      505F5F20 
 754 11cb 01       		.byte	0x1
 755 11cc 00       		.uleb128 0
 756 11cd 5F5F4445 		.ascii "__DECIMAL_DIG__ 21\0"
 756      43494D41 
 756      4C5F4449 
 756      475F5F20 
 756      323100
 757 11e0 01       		.byte	0x1
 758 11e1 00       		.uleb128 0
 759 11e2 5F5F4C44 		.ascii "__LDBL_MAX__ 1.18973149535723176502e+4932L\0"
 759      424C5F4D 
 759      41585F5F 
 759      20312E31 
 759      38393733 
 760 120d 01       		.byte	0x1
 761 120e 00       		.uleb128 0
 762 120f 5F5F4C44 		.ascii "__LDBL_MIN__ 3.36210314311209350626e-4932L\0"
 762      424C5F4D 
 762      494E5F5F 
 762      20332E33 
 762      36323130 
 763 123a 01       		.byte	0x1
 764 123b 00       		.uleb128 0
 765 123c 5F5F4C44 		.ascii "__LDBL_EPSILON__ 1.08420217248550443401e-19L\0"
 765      424C5F45 
 765      5053494C 
 765      4F4E5F5F 
 765      20312E30 
 766 1269 01       		.byte	0x1
 767 126a 00       		.uleb128 0
 768 126b 5F5F4C44 		.ascii "__LDBL_DENORM_MIN__ 3.64519953188247460253e-4951L\0"
 768      424C5F44 
 768      454E4F52 
 768      4D5F4D49 
 768      4E5F5F20 
 769 129d 01       		.byte	0x1
 770 129e 00       		.uleb128 0
 771 129f 5F5F4C44 		.ascii "__LDBL_HAS_DENORM__ 1\0"
 771      424C5F48 
 771      41535F44 
 771      454E4F52 
 771      4D5F5F20 
 772 12b5 01       		.byte	0x1
 773 12b6 00       		.uleb128 0
 774 12b7 5F5F4C44 		.ascii "__LDBL_HAS_INFINITY__ 1\0"
 774      424C5F48 
 774      41535F49 
 774      4E46494E 
 774      4954595F 
 775 12cf 01       		.byte	0x1
 776 12d0 00       		.uleb128 0
 777 12d1 5F5F4C44 		.ascii "__LDBL_HAS_QUIET_NAN__ 1\0"
GAS LISTING C:\Users\PRESID~1\AppData\Local\Temp\ccPQNdDI.s 			page 27


 777      424C5F48 
 777      41535F51 
 777      55494554 
 777      5F4E414E 
 778 12ea 01       		.byte	0x1
 779 12eb 00       		.uleb128 0
 780 12ec 5F5F4445 		.ascii "__DEC32_MANT_DIG__ 7\0"
 780      4333325F 
 780      4D414E54 
 780      5F444947 
 780      5F5F2037 
 781 1301 01       		.byte	0x1
 782 1302 00       		.uleb128 0
 783 1303 5F5F4445 		.ascii "__DEC32_MIN_EXP__ (-94)\0"
 783      4333325F 
 783      4D494E5F 
 783      4558505F 
 783      5F20282D 
 784 131b 01       		.byte	0x1
 785 131c 00       		.uleb128 0
 786 131d 5F5F4445 		.ascii "__DEC32_MAX_EXP__ 97\0"
 786      4333325F 
 786      4D41585F 
 786      4558505F 
 786      5F203937 
 787 1332 01       		.byte	0x1
 788 1333 00       		.uleb128 0
 789 1334 5F5F4445 		.ascii "__DEC32_MIN__ 1E-95DF\0"
 789      4333325F 
 789      4D494E5F 
 789      5F203145 
 789      2D393544 
 790 134a 01       		.byte	0x1
 791 134b 00       		.uleb128 0
 792 134c 5F5F4445 		.ascii "__DEC32_MAX__ 9.999999E96DF\0"
 792      4333325F 
 792      4D41585F 
 792      5F20392E 
 792      39393939 
 793 1368 01       		.byte	0x1
 794 1369 00       		.uleb128 0
 795 136a 5F5F4445 		.ascii "__DEC32_EPSILON__ 1E-6DF\0"
 795      4333325F 
 795      45505349 
 795      4C4F4E5F 
 795      5F203145 
 796 1383 01       		.byte	0x1
 797 1384 00       		.uleb128 0
 798 1385 5F5F4445 		.ascii "__DEC32_SUBNORMAL_MIN__ 0.000001E-95DF\0"
 798      4333325F 
 798      5355424E 
 798      4F524D41 
 798      4C5F4D49 
 799 13ac 01       		.byte	0x1
 800 13ad 00       		.uleb128 0
 801 13ae 5F5F4445 		.ascii "__DEC64_MANT_DIG__ 16\0"
 801      4336345F 
GAS LISTING C:\Users\PRESID~1\AppData\Local\Temp\ccPQNdDI.s 			page 28


 801      4D414E54 
 801      5F444947 
 801      5F5F2031 
 802 13c4 01       		.byte	0x1
 803 13c5 00       		.uleb128 0
 804 13c6 5F5F4445 		.ascii "__DEC64_MIN_EXP__ (-382)\0"
 804      4336345F 
 804      4D494E5F 
 804      4558505F 
 804      5F20282D 
 805 13df 01       		.byte	0x1
 806 13e0 00       		.uleb128 0
 807 13e1 5F5F4445 		.ascii "__DEC64_MAX_EXP__ 385\0"
 807      4336345F 
 807      4D41585F 
 807      4558505F 
 807      5F203338 
 808 13f7 01       		.byte	0x1
 809 13f8 00       		.uleb128 0
 810 13f9 5F5F4445 		.ascii "__DEC64_MIN__ 1E-383DD\0"
 810      4336345F 
 810      4D494E5F 
 810      5F203145 
 810      2D333833 
 811 1410 01       		.byte	0x1
 812 1411 00       		.uleb128 0
 813 1412 5F5F4445 		.ascii "__DEC64_MAX__ 9.999999999999999E384DD\0"
 813      4336345F 
 813      4D41585F 
 813      5F20392E 
 813      39393939 
 814 1438 01       		.byte	0x1
 815 1439 00       		.uleb128 0
 816 143a 5F5F4445 		.ascii "__DEC64_EPSILON__ 1E-15DD\0"
 816      4336345F 
 816      45505349 
 816      4C4F4E5F 
 816      5F203145 
 817 1454 01       		.byte	0x1
 818 1455 00       		.uleb128 0
 819 1456 5F5F4445 		.ascii "__DEC64_SUBNORMAL_MIN__ 0.000000000000001E-383DD\0"
 819      4336345F 
 819      5355424E 
 819      4F524D41 
 819      4C5F4D49 
 820 1487 01       		.byte	0x1
 821 1488 00       		.uleb128 0
 822 1489 5F5F4445 		.ascii "__DEC128_MANT_DIG__ 34\0"
 822      43313238 
 822      5F4D414E 
 822      545F4449 
 822      475F5F20 
 823 14a0 01       		.byte	0x1
 824 14a1 00       		.uleb128 0
 825 14a2 5F5F4445 		.ascii "__DEC128_MIN_EXP__ (-6142)\0"
 825      43313238 
 825      5F4D494E 
GAS LISTING C:\Users\PRESID~1\AppData\Local\Temp\ccPQNdDI.s 			page 29


 825      5F455850 
 825      5F5F2028 
 826 14bd 01       		.byte	0x1
 827 14be 00       		.uleb128 0
 828 14bf 5F5F4445 		.ascii "__DEC128_MAX_EXP__ 6145\0"
 828      43313238 
 828      5F4D4158 
 828      5F455850 
 828      5F5F2036 
 829 14d7 01       		.byte	0x1
 830 14d8 00       		.uleb128 0
 831 14d9 5F5F4445 		.ascii "__DEC128_MIN__ 1E-6143DL\0"
 831      43313238 
 831      5F4D494E 
 831      5F5F2031 
 831      452D3631 
 832 14f2 01       		.byte	0x1
 833 14f3 00       		.uleb128 0
 834 14f4 5F5F4445 		.ascii "__DEC128_MAX__ 9.999999999999999999999999999999999E6144DL\0"
 834      43313238 
 834      5F4D4158 
 834      5F5F2039 
 834      2E393939 
 835 152e 01       		.byte	0x1
 836 152f 00       		.uleb128 0
 837 1530 5F5F4445 		.ascii "__DEC128_EPSILON__ 1E-33DL\0"
 837      43313238 
 837      5F455053 
 837      494C4F4E 
 837      5F5F2031 
 838 154b 01       		.byte	0x1
 839 154c 00       		.uleb128 0
 840 154d 5F5F4445 		.ascii "__DEC128_SUBNORMAL_MIN__ 0.000000000000000000000000000000001E-6143DL\0"
 840      43313238 
 840      5F535542 
 840      4E4F524D 
 840      414C5F4D 
 841 1592 01       		.byte	0x1
 842 1593 00       		.uleb128 0
 843 1594 5F5F5245 		.ascii "__REGISTER_PREFIX__ \0"
 843      47495354 
 843      45525F50 
 843      52454649 
 843      585F5F20 
 844 15a9 01       		.byte	0x1
 845 15aa 00       		.uleb128 0
 846 15ab 5F5F5553 		.ascii "__USER_LABEL_PREFIX__ _\0"
 846      45525F4C 
 846      4142454C 
 846      5F505245 
 846      4649585F 
 847 15c3 01       		.byte	0x1
 848 15c4 00       		.uleb128 0
 849 15c5 5F5F474E 		.ascii "__GNUC_GNU_INLINE__ 1\0"
 849      55435F47 
 849      4E555F49 
 849      4E4C494E 
GAS LISTING C:\Users\PRESID~1\AppData\Local\Temp\ccPQNdDI.s 			page 30


 849      455F5F20 
 850 15db 01       		.byte	0x1
 851 15dc 00       		.uleb128 0
 852 15dd 5F5F4E4F 		.ascii "__NO_INLINE__ 1\0"
 852      5F494E4C 
 852      494E455F 
 852      5F203100 
 853 15ed 01       		.byte	0x1
 854 15ee 00       		.uleb128 0
 855 15ef 5F5F5354 		.ascii "__STRICT_ANSI__ 1\0"
 855      52494354 
 855      5F414E53 
 855      495F5F20 
 855      3100
 856 1601 01       		.byte	0x1
 857 1602 00       		.uleb128 0
 858 1603 5F5F4743 		.ascii "__GCC_ATOMIC_BOOL_LOCK_FREE 1\0"
 858      435F4154 
 858      4F4D4943 
 858      5F424F4F 
 858      4C5F4C4F 
 859 1621 01       		.byte	0x1
 860 1622 00       		.uleb128 0
 861 1623 5F5F4743 		.ascii "__GCC_ATOMIC_CHAR_LOCK_FREE 1\0"
 861      435F4154 
 861      4F4D4943 
 861      5F434841 
 861      525F4C4F 
 862 1641 01       		.byte	0x1
 863 1642 00       		.uleb128 0
 864 1643 5F5F4743 		.ascii "__GCC_ATOMIC_CHAR16_T_LOCK_FREE 1\0"
 864      435F4154 
 864      4F4D4943 
 864      5F434841 
 864      5231365F 
 865 1665 01       		.byte	0x1
 866 1666 00       		.uleb128 0
 867 1667 5F5F4743 		.ascii "__GCC_ATOMIC_CHAR32_T_LOCK_FREE 1\0"
 867      435F4154 
 867      4F4D4943 
 867      5F434841 
 867      5233325F 
 868 1689 01       		.byte	0x1
 869 168a 00       		.uleb128 0
 870 168b 5F5F4743 		.ascii "__GCC_ATOMIC_WCHAR_T_LOCK_FREE 1\0"
 870      435F4154 
 870      4F4D4943 
 870      5F574348 
 870      41525F54 
 871 16ac 01       		.byte	0x1
 872 16ad 00       		.uleb128 0
 873 16ae 5F5F4743 		.ascii "__GCC_ATOMIC_SHORT_LOCK_FREE 1\0"
 873      435F4154 
 873      4F4D4943 
 873      5F53484F 
 873      52545F4C 
 874 16cd 01       		.byte	0x1
GAS LISTING C:\Users\PRESID~1\AppData\Local\Temp\ccPQNdDI.s 			page 31


 875 16ce 00       		.uleb128 0
 876 16cf 5F5F4743 		.ascii "__GCC_ATOMIC_INT_LOCK_FREE 1\0"
 876      435F4154 
 876      4F4D4943 
 876      5F494E54 
 876      5F4C4F43 
 877 16ec 01       		.byte	0x1
 878 16ed 00       		.uleb128 0
 879 16ee 5F5F4743 		.ascii "__GCC_ATOMIC_LONG_LOCK_FREE 1\0"
 879      435F4154 
 879      4F4D4943 
 879      5F4C4F4E 
 879      475F4C4F 
 880 170c 01       		.byte	0x1
 881 170d 00       		.uleb128 0
 882 170e 5F5F4743 		.ascii "__GCC_ATOMIC_LLONG_LOCK_FREE 1\0"
 882      435F4154 
 882      4F4D4943 
 882      5F4C4C4F 
 882      4E475F4C 
 883 172d 01       		.byte	0x1
 884 172e 00       		.uleb128 0
 885 172f 5F5F4743 		.ascii "__GCC_ATOMIC_TEST_AND_SET_TRUEVAL 1\0"
 885      435F4154 
 885      4F4D4943 
 885      5F544553 
 885      545F414E 
 886 1753 01       		.byte	0x1
 887 1754 00       		.uleb128 0
 888 1755 5F5F4743 		.ascii "__GCC_ATOMIC_POINTER_LOCK_FREE 1\0"
 888      435F4154 
 888      4F4D4943 
 888      5F504F49 
 888      4E544552 
 889 1776 01       		.byte	0x1
 890 1777 00       		.uleb128 0
 891 1778 5F5F4743 		.ascii "__GCC_HAVE_DWARF2_CFI_ASM 1\0"
 891      435F4841 
 891      56455F44 
 891      57415246 
 891      325F4346 
 892 1794 01       		.byte	0x1
 893 1795 00       		.uleb128 0
 894 1796 5F5F5052 		.ascii "__PRAGMA_REDEFINE_EXTNAME 1\0"
 894      41474D41 
 894      5F524544 
 894      4546494E 
 894      455F4558 
 895 17b2 01       		.byte	0x1
 896 17b3 00       		.uleb128 0
 897 17b4 5F5F5349 		.ascii "__SIZEOF_WCHAR_T__ 2\0"
 897      5A454F46 
 897      5F574348 
 897      41525F54 
 897      5F5F2032 
 898 17c9 01       		.byte	0x1
 899 17ca 00       		.uleb128 0
GAS LISTING C:\Users\PRESID~1\AppData\Local\Temp\ccPQNdDI.s 			page 32


 900 17cb 5F5F5349 		.ascii "__SIZEOF_WINT_T__ 2\0"
 900      5A454F46 
 900      5F57494E 
 900      545F545F 
 900      5F203200 
 901 17df 01       		.byte	0x1
 902 17e0 00       		.uleb128 0
 903 17e1 5F5F5349 		.ascii "__SIZEOF_PTRDIFF_T__ 4\0"
 903      5A454F46 
 903      5F505452 
 903      44494646 
 903      5F545F5F 
 904 17f8 01       		.byte	0x1
 905 17f9 00       		.uleb128 0
 906 17fa 5F5F6933 		.ascii "__i386 1\0"
 906      38362031 
 906      00
 907 1803 01       		.byte	0x1
 908 1804 00       		.uleb128 0
 909 1805 5F5F6933 		.ascii "__i386__ 1\0"
 909      38365F5F 
 909      203100
 910 1810 01       		.byte	0x1
 911 1811 00       		.uleb128 0
 912 1812 5F5F4154 		.ascii "__ATOMIC_HLE_ACQUIRE 65536\0"
 912      4F4D4943 
 912      5F484C45 
 912      5F414351 
 912      55495245 
 913 182d 01       		.byte	0x1
 914 182e 00       		.uleb128 0
 915 182f 5F5F4154 		.ascii "__ATOMIC_HLE_RELEASE 131072\0"
 915      4F4D4943 
 915      5F484C45 
 915      5F52454C 
 915      45415345 
 916 184b 01       		.byte	0x1
 917 184c 00       		.uleb128 0
 918 184d 5F5F7475 		.ascii "__tune_i386__ 1\0"
 918      6E655F69 
 918      3338365F 
 918      5F203100 
 919 185d 01       		.byte	0x1
 920 185e 00       		.uleb128 0
 921 185f 5F5F636F 		.ascii "__code_model_32__ 1\0"
 921      64655F6D 
 921      6F64656C 
 921      5F33325F 
 921      5F203100 
 922 1873 01       		.byte	0x1
 923 1874 00       		.uleb128 0
 924 1875 5F583836 		.ascii "_X86_ 1\0"
 924      5F203100 
 925 187d 01       		.byte	0x1
 926 187e 00       		.uleb128 0
 927 187f 5F5F7374 		.ascii "__stdcall __attribute__((__stdcall__))\0"
 927      6463616C 
GAS LISTING C:\Users\PRESID~1\AppData\Local\Temp\ccPQNdDI.s 			page 33


 927      6C205F5F 
 927      61747472 
 927      69627574 
 928 18a6 01       		.byte	0x1
 929 18a7 00       		.uleb128 0
 930 18a8 5F5F6661 		.ascii "__fastcall __attribute__((__fastcall__))\0"
 930      73746361 
 930      6C6C205F 
 930      5F617474 
 930      72696275 
 931 18d1 01       		.byte	0x1
 932 18d2 00       		.uleb128 0
 933 18d3 5F5F7468 		.ascii "__thiscall __attribute__((__thiscall__))\0"
 933      69736361 
 933      6C6C205F 
 933      5F617474 
 933      72696275 
 934 18fc 01       		.byte	0x1
 935 18fd 00       		.uleb128 0
 936 18fe 5F5F6364 		.ascii "__cdecl __attribute__((__cdecl__))\0"
 936      65636C20 
 936      5F5F6174 
 936      74726962 
 936      7574655F 
 937 1921 01       		.byte	0x1
 938 1922 00       		.uleb128 0
 939 1923 5F5F4758 		.ascii "__GXX_MERGED_TYPEINFO_NAMES 0\0"
 939      585F4D45 
 939      52474544 
 939      5F545950 
 939      45494E46 
 940 1941 01       		.byte	0x1
 941 1942 00       		.uleb128 0
 942 1943 5F5F4758 		.ascii "__GXX_TYPEINFO_EQUALITY_INLINE 0\0"
 942      585F5459 
 942      5045494E 
 942      464F5F45 
 942      5155414C 
 943 1964 01       		.byte	0x1
 944 1965 00       		.uleb128 0
 945 1966 5F5F4D53 		.ascii "__MSVCRT__ 1\0"
 945      56435254 
 945      5F5F2031 
 945      00
 946 1973 01       		.byte	0x1
 947 1974 00       		.uleb128 0
 948 1975 5F5F4D49 		.ascii "__MINGW32__ 1\0"
 948      4E475733 
 948      325F5F20 
 948      3100
 949 1983 01       		.byte	0x1
 950 1984 00       		.uleb128 0
 951 1985 5F57494E 		.ascii "_WIN32 1\0"
 951      33322031 
 951      00
 952 198e 01       		.byte	0x1
 953 198f 00       		.uleb128 0
GAS LISTING C:\Users\PRESID~1\AppData\Local\Temp\ccPQNdDI.s 			page 34


 954 1990 5F5F5749 		.ascii "__WIN32 1\0"
 954      4E333220 
 954      3100
 955 199a 01       		.byte	0x1
 956 199b 00       		.uleb128 0
 957 199c 5F5F5749 		.ascii "__WIN32__ 1\0"
 957      4E33325F 
 957      5F203100 
 958 19a8 01       		.byte	0x1
 959 19a9 00       		.uleb128 0
 960 19aa 5F5F5749 		.ascii "__WINNT 1\0"
 960      4E4E5420 
 960      3100
 961 19b4 01       		.byte	0x1
 962 19b5 00       		.uleb128 0
 963 19b6 5F5F5749 		.ascii "__WINNT__ 1\0"
 963      4E4E545F 
 963      5F203100 
 964 19c2 01       		.byte	0x1
 965 19c3 00       		.uleb128 0
 966 19c4 5F494E54 		.ascii "_INTEGRAL_MAX_BITS 64\0"
 966      45475241 
 966      4C5F4D41 
 966      585F4249 
 966      54532036 
 967 19da 01       		.byte	0x1
 968 19db 00       		.uleb128 0
 969 19dc 5F5F6465 		.ascii "__declspec(x) __attribute__((x))\0"
 969      636C7370 
 969      65632878 
 969      29205F5F 
 969      61747472 
 970 19fd 01       		.byte	0x1
 971 19fe 00       		.uleb128 0
 972 19ff 5F5F4445 		.ascii "__DECIMAL_BID_FORMAT__ 1\0"
 972      43494D41 
 972      4C5F4249 
 972      445F464F 
 972      524D4154 
 973 1a18 01       		.byte	0x1
 974 1a19 00       		.uleb128 0
 975 1a1a 4346475F 		.ascii "CFG_PROCESSOR 3\0"
 975      50524F43 
 975      4553534F 
 975      52203300 
 976 1a2a 03       		.byte	0x3
 977 1a2b 00       		.uleb128 0
 978 1a2c 02       		.uleb128 0x2
 979              		.file 3 "E:/NeuOrga/Programmieren/c_cpp/github_os/input/src/os_base/os_firstinc.h"
 980 1a2d 03       		.byte	0x3
 981 1a2e 01       		.uleb128 0x1
 982 1a2f 03       		.uleb128 0x3
 983 1a30 01       		.byte	0x1
 984 1a31 02       		.uleb128 0x2
 985 1a32 5F6F735F 		.ascii "_os_firstinc_h_ \0"
 985      66697273 
 985      74696E63 
GAS LISTING C:\Users\PRESID~1\AppData\Local\Temp\ccPQNdDI.s 			page 35


 985      5F685F20 
 985      00
 986 1a43 03       		.byte	0x3
 987 1a44 04       		.uleb128 0x4
 988 1a45 01       		.uleb128 0x1
 989 1a46 01       		.byte	0x1
 990 1a47 02       		.uleb128 0x2
 991 1a48 5F424153 		.ascii "_BASE_TYPES_H_ \0"
 991      455F5459 
 991      5045535F 
 991      485F2000 
 992 1a58 01       		.byte	0x1
 993 1a59 04       		.uleb128 0x4
 994 1a5a 494E5445 		.ascii "INTEGER_LLP64_IL32P64 1\0"
 994      4745525F 
 994      4C4C5036 
 994      345F494C 
 994      33325036 
 995 1a72 01       		.byte	0x1
 996 1a73 05       		.uleb128 0x5
 997 1a74 494E5445 		.ascii "INTEGER_LP64_I32LP64 2\0"
 997      4745525F 
 997      4C503634 
 997      5F493332 
 997      4C503634 
 998 1a8b 01       		.byte	0x1
 999 1a8c 06       		.uleb128 0x6
 1000 1a8d 494E5445 		.ascii "INTEGER_ILP64 3\0"
 1000      4745525F 
 1000      494C5036 
 1000      34203300 
 1001 1a9d 01       		.byte	0x1
 1002 1a9e 07       		.uleb128 0x7
 1003 1a9f 494E5445 		.ascii "INTEGER_SILP64 4\0"
 1003      4745525F 
 1003      53494C50 
 1003      36342034 
 1003      00
 1004 1ab0 01       		.byte	0x1
 1005 1ab1 09       		.uleb128 0x9
 1006 1ab2 4350505F 		.ascii "CPP_VERSION_NONE 0\0"
 1006      56455253 
 1006      494F4E5F 
 1006      4E4F4E45 
 1006      203000
 1007 1ac5 01       		.byte	0x1
 1008 1ac6 0A       		.uleb128 0xa
 1009 1ac7 4350505F 		.ascii "CPP_VERSION_1998 1\0"
 1009      56455253 
 1009      494F4E5F 
 1009      31393938 
 1009      203100
 1010 1ada 01       		.byte	0x1
 1011 1adb 0B       		.uleb128 0xb
 1012 1adc 4350505F 		.ascii "CPP_VERSION_2003 2\0"
 1012      56455253 
 1012      494F4E5F 
GAS LISTING C:\Users\PRESID~1\AppData\Local\Temp\ccPQNdDI.s 			page 36


 1012      32303033 
 1012      203200
 1013 1aef 01       		.byte	0x1
 1014 1af0 0C       		.uleb128 0xc
 1015 1af1 4350505F 		.ascii "CPP_VERSION_2007 3\0"
 1015      56455253 
 1015      494F4E5F 
 1015      32303037 
 1015      203300
 1016 1b04 01       		.byte	0x1
 1017 1b05 0D       		.uleb128 0xd
 1018 1b06 4350505F 		.ascii "CPP_VERSION_2011 4\0"
 1018      56455253 
 1018      494F4E5F 
 1018      32303131 
 1018      203400
 1019 1b19 01       		.byte	0x1
 1020 1b1a 0E       		.uleb128 0xe
 1021 1b1b 49534F5F 		.ascii "ISO_CPP_VERSION CPP_VERSION_1998\0"
 1021      4350505F 
 1021      56455253 
 1021      494F4E20 
 1021      4350505F 
 1022 1b3c 01       		.byte	0x1
 1023 1b3d 10       		.uleb128 0x10
 1024 1b3e 494E5445 		.ascii "INTEGER_MODEL INTEGER_LLP64_IL32P64\0"
 1024      4745525F 
 1024      4D4F4445 
 1024      4C20494E 
 1024      54454745 
 1025 1b62 04       		.byte	0x4
 1026              		.file 4 "E:/NeuOrga/Programmieren/c_cpp/github_os/input/src/os_base/../os_base/os_common.h"
 1027 1b63 03       		.byte	0x3
 1028 1b64 05       		.uleb128 0x5
 1029 1b65 04       		.uleb128 0x4
 1030 1b66 01       		.byte	0x1
 1031 1b67 02       		.uleb128 0x2
 1032 1b68 5F6F735F 		.ascii "_os_common_h_ \0"
 1032      636F6D6D 
 1032      6F6E5F68 
 1032      5F2000
 1033 1b77 01       		.byte	0x1
 1034 1b78 06       		.uleb128 0x6
 1035 1b79 46616C73 		.ascii "False 0\0"
 1035      65203000 
 1036 1b81 01       		.byte	0x1
 1037 1b82 07       		.uleb128 0x7
 1038 1b83 54727565 		.ascii "True 1\0"
 1038      203100
 1039 1b8a 01       		.byte	0x1
 1040 1b8b 08       		.uleb128 0x8
 1041 1b8c 46414C53 		.ascii "FALSE False\0"
 1041      45204661 
 1041      6C736500 
 1042 1b98 01       		.byte	0x1
 1043 1b99 09       		.uleb128 0x9
 1044 1b9a 54525545 		.ascii "TRUE True\0"
GAS LISTING C:\Users\PRESID~1\AppData\Local\Temp\ccPQNdDI.s 			page 37


 1044      20547275 
 1044      6500
 1045 1ba4 01       		.byte	0x1
 1046 1ba5 0A       		.uleb128 0xa
 1047 1ba6 41636365 		.ascii "Accepted 1\0"
 1047      70746564 
 1047      203100
 1048 1bb1 01       		.byte	0x1
 1049 1bb2 0B       		.uleb128 0xb
 1050 1bb3 52656A65 		.ascii "Rejected 0\0"
 1050      63746564 
 1050      203000
 1051 1bbe 01       		.byte	0x1
 1052 1bbf 0C       		.uleb128 0xc
 1053 1bc0 4C6F6361 		.ascii "Local static\0"
 1053      6C207374 
 1053      61746963 
 1053      00
 1054 1bcd 01       		.byte	0x1
 1055 1bce 0D       		.uleb128 0xd
 1056 1bcf 4C6F6361 		.ascii "Local_inline static __inline__\0"
 1056      6C5F696E 
 1056      6C696E65 
 1056      20737461 
 1056      74696320 
 1057 1bee 01       		.byte	0x1
 1058 1bef 0E       		.uleb128 0xe
 1059 1bf0 476C6F62 		.ascii "Global_inline __inline__\0"
 1059      616C5F69 
 1059      6E6C696E 
 1059      65205F5F 
 1059      696E6C69 
 1060 1c09 01       		.byte	0x1
 1061 1c0a 0F       		.uleb128 0xf
 1062 1c0b 52656665 		.ascii "ReferenceUnusedParameter(x) ((x) = (x))\0"
 1062      72656E63 
 1062      65556E75 
 1062      73656450 
 1062      6172616D 
 1063 1c33 01       		.byte	0x1
 1064 1c34 12       		.uleb128 0x12
 1065 1c35 634D4355 		.ascii "cMCU_SIMULATION 1\0"
 1065      5F53494D 
 1065      554C4154 
 1065      494F4E20 
 1065      3100
 1066 1c47 01       		.byte	0x1
 1067 1c48 13       		.uleb128 0x13
 1068 1c49 634D4355 		.ascii "cMCU_POWERPC 2\0"
 1068      5F504F57 
 1068      45525043 
 1068      203200
 1069 1c58 01       		.byte	0x1
 1070 1c59 14       		.uleb128 0x14
 1071 1c5a 634D4355 		.ascii "cMCU_X86 3\0"
 1071      5F583836 
 1071      203300
GAS LISTING C:\Users\PRESID~1\AppData\Local\Temp\ccPQNdDI.s 			page 38


 1072 1c65 01       		.byte	0x1
 1073 1c66 15       		.uleb128 0x15
 1074 1c67 634D4355 		.ascii "cMCU_CORTEX_M4 4\0"
 1074      5F434F52 
 1074      5445585F 
 1074      4D342034 
 1074      00
 1075 1c78 01       		.byte	0x1
 1076 1c79 18       		.uleb128 0x18
 1077 1c7a 4E525F4F 		.ascii "NR_OF_CORES 1\0"
 1077      465F434F 
 1077      52455320 
 1077      3100
 1078 1c88 01       		.byte	0x1
 1079 1c89 25       		.uleb128 0x25
 1080 1c8a 44697361 		.ascii "DisableInterrupts() \0"
 1080      626C6549 
 1080      6E746572 
 1080      72757074 
 1080      73282920 
 1081 1c9f 01       		.byte	0x1
 1082 1ca0 26       		.uleb128 0x26
 1083 1ca1 456E6162 		.ascii "EnableInterrupts() \0"
 1083      6C65496E 
 1083      74657272 
 1083      75707473 
 1083      28292000 
 1084 1cb5 01       		.byte	0x1
 1085 1cb6 27       		.uleb128 0x27
 1086 1cb7 50726976 		.ascii "Privilige_level_save_current() \0"
 1086      696C6967 
 1086      655F6C65 
 1086      76656C5F 
 1086      73617665 
 1087 1cd7 01       		.byte	0x1
 1088 1cd8 28       		.uleb128 0x28
 1089 1cd9 50726976 		.ascii "Privilige_level_enter_kernel_mode() \0"
 1089      696C6967 
 1089      655F6C65 
 1089      76656C5F 
 1089      656E7465 
 1090 1cfe 01       		.byte	0x1
 1091 1cff 29       		.uleb128 0x29
 1092 1d00 50726976 		.ascii "Privilige_level_restore_saved() \0"
 1092      696C6967 
 1092      655F6C65 
 1092      76656C5F 
 1092      72657374 
 1093 1d21 01       		.byte	0x1
 1094 1d22 2A       		.uleb128 0x2a
 1095 1d23 48616C74 		.ascii "HaltMcu() \0"
 1095      4D637528 
 1095      292000
 1096 1d2e 04       		.byte	0x4
 1097              		.file 5 "E:/NeuOrga/Programmieren/c_cpp/github_os/input/src/os_base/../os_base/os_ram.h"
 1098 1d2f 03       		.byte	0x3
 1099 1d30 07       		.uleb128 0x7
GAS LISTING C:\Users\PRESID~1\AppData\Local\Temp\ccPQNdDI.s 			page 39


 1100 1d31 05       		.uleb128 0x5
 1101 1d32 01       		.byte	0x1
 1102 1d33 02       		.uleb128 0x2
 1103 1d34 5F4F535F 		.ascii "_OS_RAM_H_ \0"
 1103      52414D5F 
 1103      485F2000 
 1104              		.file 6 "E:/NeuOrga/Programmieren/c_cpp/github_os/input/src/os_base/../os_base/os_firstinc.h"
 1105 1d40 03       		.byte	0x3
 1106 1d41 04       		.uleb128 0x4
 1107 1d42 06       		.uleb128 0x6
 1108 1d43 04       		.byte	0x4
 1109              		.file 7 "E:/NeuOrga/Programmieren/c_cpp/github_os/input/src/os_base/../os_base/os_stack.h"
 1110 1d44 03       		.byte	0x3
 1111 1d45 05       		.uleb128 0x5
 1112 1d46 07       		.uleb128 0x7
 1113 1d47 01       		.byte	0x1
 1114 1d48 02       		.uleb128 0x2
 1115 1d49 5F6F735F 		.ascii "_os_stack_h_ \0"
 1115      73746163 
 1115      6B5F685F 
 1115      2000
 1116 1d57 01       		.byte	0x1
 1117 1d58 04       		.uleb128 0x4
 1118 1d59 4F535F53 		.ascii "OS_STACK_SIZE 0x100\0"
 1118      5441434B 
 1118      5F53495A 
 1118      45203078 
 1118      31303000 
 1119 1d6d 01       		.byte	0x1
 1120 1d6e 06       		.uleb128 0x6
 1121 1d6f 4F535F53 		.ascii "OS_STACK_SIZE_END 0x01u\0"
 1121      5441434B 
 1121      5F53495A 
 1121      455F454E 
 1121      44203078 
 1122 1d87 04       		.byte	0x4
 1123              		.file 8 "E:/NeuOrga/Programmieren/c_cpp/github_os/input/src/os_base/../os_base/os_heap.h"
 1124 1d88 03       		.byte	0x3
 1125 1d89 06       		.uleb128 0x6
 1126 1d8a 08       		.uleb128 0x8
 1127 1d8b 01       		.byte	0x1
 1128 1d8c 02       		.uleb128 0x2
 1129 1d8d 5F6F735F 		.ascii "_os_heap_h_ \0"
 1129      68656170 
 1129      5F685F20 
 1129      00
 1130 1d9a 01       		.byte	0x1
 1131 1d9b 05       		.uleb128 0x5
 1132 1d9c 48454150 		.ascii "HEAP_SIZE 10000\0"
 1132      5F53495A 
 1132      45203130 
 1132      30303000 
 1133 1dac 01       		.byte	0x1
 1134 1dad 06       		.uleb128 0x6
 1135 1dae 4D494E5F 		.ascii "MIN_BLOCK_SIZE_HEAP 8\0"
 1135      424C4F43 
 1135      4B5F5349 
GAS LISTING C:\Users\PRESID~1\AppData\Local\Temp\ccPQNdDI.s 			page 40


 1135      5A455F48 
 1135      45415020 
 1136 1dc4 01       		.byte	0x1
 1137 1dc5 09       		.uleb128 0x9
 1138 1dc6 48454150 		.ascii "HEAP_OFFSET_FOR_SIZE 0\0"
 1138      5F4F4646 
 1138      5345545F 
 1138      464F525F 
 1138      53495A45 
 1139 1ddd 01       		.byte	0x1
 1140 1dde 0A       		.uleb128 0xa
 1141 1ddf 48454150 		.ascii "HEAP_OFFSET_FOR_USED_SIZE 4\0"
 1141      5F4F4646 
 1141      5345545F 
 1141      464F525F 
 1141      55534544 
 1142 1dfb 01       		.byte	0x1
 1143 1dfc 0B       		.uleb128 0xb
 1144 1dfd 48454150 		.ascii "HEAP_OFFSET_FOR_CHUNK 8\0"
 1144      5F4F4646 
 1144      5345545F 
 1144      464F525F 
 1144      4348554E 
 1145 1e15 04       		.byte	0x4
 1146 1e16 04       		.byte	0x4
 1147              		.file 9 "E:/NeuOrga/Programmieren/c_cpp/github_os/input/src/os_base/../os_sim/lld_global.h"
 1148 1e17 03       		.byte	0x3
 1149 1e18 0A       		.uleb128 0xa
 1150 1e19 09       		.uleb128 0x9
 1151 1e1a 01       		.byte	0x1
 1152 1e1b 02       		.uleb128 0x2
 1153 1e1c 5F6C6C64 		.ascii "_lld_global_h_ \0"
 1153      5F676C6F 
 1153      62616C5F 
 1153      685F2000 
 1154              		.file 10 "E:/NeuOrga/Programmieren/c_cpp/github_os/input/src/os_base/../os_sim/lld_core.h"
 1155 1e2c 03       		.byte	0x3
 1156 1e2d 04       		.uleb128 0x4
 1157 1e2e 0A       		.uleb128 0xa
 1158 1e2f 01       		.byte	0x1
 1159 1e30 02       		.uleb128 0x2
 1160 1e31 5F6C6C64 		.ascii "_lld_core_h_ \0"
 1160      5F636F72 
 1160      655F685F 
 1160      2000
 1161              		.file 11 "E:/NeuOrga/Programmieren/c_cpp/github_os/input/src/os_base/../os_sim/../os_base/os_first
 1162 1e3f 03       		.byte	0x3
 1163 1e40 03       		.uleb128 0x3
 1164 1e41 0B       		.uleb128 0xb
 1165 1e42 04       		.byte	0x4
 1166 1e43 04       		.byte	0x4
 1167              		.file 12 "E:/NeuOrga/Programmieren/c_cpp/github_os/input/src/os_base/../os_sim/lld_interrupt.h"
 1168 1e44 03       		.byte	0x3
 1169 1e45 05       		.uleb128 0x5
 1170 1e46 0C       		.uleb128 0xc
 1171 1e47 01       		.byte	0x1
 1172 1e48 02       		.uleb128 0x2
GAS LISTING C:\Users\PRESID~1\AppData\Local\Temp\ccPQNdDI.s 			page 41


 1173 1e49 5F6C6C64 		.ascii "_lld_interrupt_h_ \0"
 1173      5F696E74 
 1173      65727275 
 1173      70745F68 
 1173      5F2000
 1174 1e5c 01       		.byte	0x1
 1175 1e5d 05       		.uleb128 0x5
 1176 1e5e 6F735F69 		.ascii "os_interrupt_swi_1 asm(\"swi 1\")\0"
 1176      6E746572 
 1176      72757074 
 1176      5F737769 
 1176      5F312061 
 1177 1e7e 01       		.byte	0x1
 1178 1e7f 06       		.uleb128 0x6
 1179 1e80 6F735F69 		.ascii "os_interrupt_swi_2 asm(\"swi 2\")\0"
 1179      6E746572 
 1179      72757074 
 1179      5F737769 
 1179      5F322061 
 1180 1ea0 01       		.byte	0x1
 1181 1ea1 07       		.uleb128 0x7
 1182 1ea2 6F735F69 		.ascii "os_interrupt_swi_3 asm(\"swi 3\")\0"
 1182      6E746572 
 1182      72757074 
 1182      5F737769 
 1182      5F332061 
 1183 1ec2 01       		.byte	0x1
 1184 1ec3 08       		.uleb128 0x8
 1185 1ec4 6F735F69 		.ascii "os_interrupt_swi_4 asm(\"swi 4\")\0"
 1185      6E746572 
 1185      72757074 
 1185      5F737769 
 1185      5F342061 
 1186 1ee4 01       		.byte	0x1
 1187 1ee5 09       		.uleb128 0x9
 1188 1ee6 6F735F69 		.ascii "os_interrupt_swi_5 asm(\"swi 5\")\0"
 1188      6E746572 
 1188      72757074 
 1188      5F737769 
 1188      5F352061 
 1189 1f06 04       		.byte	0x4
 1190              		.file 13 "E:/NeuOrga/Programmieren/c_cpp/github_os/input/src/os_base/../os_sim/lld_mmu.h"
 1191 1f07 03       		.byte	0x3
 1192 1f08 06       		.uleb128 0x6
 1193 1f09 0D       		.uleb128 0xd
 1194 1f0a 01       		.byte	0x1
 1195 1f0b 02       		.uleb128 0x2
 1196 1f0c 5F6C6C64 		.ascii "_lld_mmu_h_ \0"
 1196      5F6D6D75 
 1196      5F685F20 
 1196      00
 1197 1f19 04       		.byte	0x4
 1198              		.file 14 "E:/NeuOrga/Programmieren/c_cpp/github_os/input/src/os_base/../os_sim/lld_timer.h"
 1199 1f1a 03       		.byte	0x3
 1200 1f1b 07       		.uleb128 0x7
 1201 1f1c 0E       		.uleb128 0xe
 1202 1f1d 01       		.byte	0x1
GAS LISTING C:\Users\PRESID~1\AppData\Local\Temp\ccPQNdDI.s 			page 42


 1203 1f1e 02       		.uleb128 0x2
 1204 1f1f 5F6C6C64 		.ascii "_lld_timer_h_ \0"
 1204      5F74696D 
 1204      65725F68 
 1204      5F2000
 1205 1f2e 04       		.byte	0x4
 1206              		.file 15 "E:/NeuOrga/Programmieren/c_cpp/github_os/input/src/os_base/../os_sim/lld_power.h"
 1207 1f2f 03       		.byte	0x3
 1208 1f30 08       		.uleb128 0x8
 1209 1f31 0F       		.uleb128 0xf
 1210 1f32 01       		.byte	0x1
 1211 1f33 02       		.uleb128 0x2
 1212 1f34 5F6C6C64 		.ascii "_lld_power_h_ \0"
 1212      5F706F77 
 1212      65725F68 
 1212      5F2000
 1213 1f43 04       		.byte	0x4
 1214              		.file 16 "E:/NeuOrga/Programmieren/c_cpp/github_os/input/src/os_base/../os_sim/lld_ram.h"
 1215 1f44 03       		.byte	0x3
 1216 1f45 09       		.uleb128 0x9
 1217 1f46 10       		.uleb128 0x10
 1218 1f47 01       		.byte	0x1
 1219 1f48 02       		.uleb128 0x2
 1220 1f49 5F6C6C64 		.ascii "_lld_ram_h_ \0"
 1220      5F72616D 
 1220      5F685F20 
 1220      00
 1221 1f56 04       		.byte	0x4
 1222              		.file 17 "E:/NeuOrga/Programmieren/c_cpp/github_os/input/src/os_base/../os_sim/../os_base/os_task_
 1223 1f57 03       		.byte	0x3
 1224 1f58 0A       		.uleb128 0xa
 1225 1f59 11       		.uleb128 0x11
 1226 1f5a 01       		.byte	0x1
 1227 1f5b 02       		.uleb128 0x2
 1228 1f5c 5F6F735F 		.ascii "_os_task_common_h_ \0"
 1228      7461736B 
 1228      5F636F6D 
 1228      6D6F6E5F 
 1228      685F2000 
 1229              		.file 18 "E:/NeuOrga/Programmieren/c_cpp/github_os/input/src/os_base/../os_sim/../os_base/os_task_
 1230 1f70 03       		.byte	0x3
 1231 1f71 04       		.uleb128 0x4
 1232 1f72 12       		.uleb128 0x12
 1233 1f73 01       		.byte	0x1
 1234 1f74 02       		.uleb128 0x2
 1235 1f75 5F6F735F 		.ascii "_os_task_config_h_ \0"
 1235      7461736B 
 1235      5F636F6E 
 1235      6669675F 
 1235      685F2000 
 1236 1f89 01       		.byte	0x1
 1237 1f8a 05       		.uleb128 0x5
 1238 1f8b 53636865 		.ascii "SchedulerFrequency (1.0e3)\0"
 1238      64756C65 
 1238      72467265 
 1238      7175656E 
 1238      63792028 
GAS LISTING C:\Users\PRESID~1\AppData\Local\Temp\ccPQNdDI.s 			page 43


 1239 1fa6 01       		.byte	0x1
 1240 1fa7 06       		.uleb128 0x6
 1241 1fa8 4D696E54 		.ascii "MinTimeSlice_s (1.0/SchedulerFrequency)\0"
 1241      696D6553 
 1241      6C696365 
 1241      5F732028 
 1241      312E302F 
 1242 1fd0 01       		.byte	0x1
 1243 1fd1 07       		.uleb128 0x7
 1244 1fd2 4D696E54 		.ascii "MinTimeSlice_us ((1.0/SchedulerFrequency)*1e6)\0"
 1244      696D6553 
 1244      6C696365 
 1244      5F757320 
 1244      2828312E 
 1245 2001 01       		.byte	0x1
 1246 2002 08       		.uleb128 0x8
 1247 2003 5461736B 		.ascii "Task_min_time (1e0)\0"
 1247      5F6D696E 
 1247      5F74696D 
 1247      65202831 
 1247      65302900 
 1248 2017 01       		.byte	0x1
 1249 2018 09       		.uleb128 0x9
 1250 2019 4E554D42 		.ascii "NUMBER_OF_TASKS 5\0"
 1250      45525F4F 
 1250      465F5441 
 1250      534B5320 
 1250      3500
 1251 202b 01       		.byte	0x1
 1252 202c 0A       		.uleb128 0xa
 1253 202d 4D41585F 		.ascii "MAX_RUN_QUEUE_SIZE (NUMBER_OF_TASKS)\0"
 1253      52554E5F 
 1253      51554555 
 1253      455F5349 
 1253      5A452028 
 1254 2052 01       		.byte	0x1
 1255 2053 0B       		.uleb128 0xb
 1256 2054 4D41585F 		.ascii "MAX_RUN_PQUEUE_SIZE MAX_RUN_QUEUE_SIZE\0"
 1256      52554E5F 
 1256      50515545 
 1256      55455F53 
 1256      495A4520 
 1257 207b 01       		.byte	0x1
 1258 207c 0D       		.uleb128 0xd
 1259 207d 5441534B 		.ascii "TASK_STACK_SIZE 200\0"
 1259      5F535441 
 1259      434B5F53 
 1259      495A4520 
 1259      32303000 
 1260 2091 01       		.byte	0x1
 1261 2092 10       		.uleb128 0x10
 1262 2093 4D535F50 		.ascii "MS_PER_SEC (1000)\0"
 1262      45525F53 
 1262      45432028 
 1262      31303030 
 1262      2900
 1263 20a5 01       		.byte	0x1
GAS LISTING C:\Users\PRESID~1\AppData\Local\Temp\ccPQNdDI.s 			page 44


 1264 20a6 11       		.uleb128 0x11
 1265 20a7 5553455F 		.ascii "USE_STATIC_CREATED_TASKS True\0"
 1265      53544154 
 1265      49435F43 
 1265      52454154 
 1265      45445F54 
 1266 20c5 04       		.byte	0x4
 1267              		.file 19 "E:/NeuOrga/Programmieren/c_cpp/github_os/input/src/os_base/../os_sim/../os_base/os_init_
 1268 20c6 03       		.byte	0x3
 1269 20c7 05       		.uleb128 0x5
 1270 20c8 13       		.uleb128 0x13
 1271 20c9 01       		.byte	0x1
 1272 20ca 02       		.uleb128 0x2
 1273 20cb 5F6F735F 		.ascii "_os_init_task_system_h_ \0"
 1273      696E6974 
 1273      5F746173 
 1273      6B5F7379 
 1273      7374656D 
 1274 20e4 04       		.byte	0x4
 1275 20e5 01       		.byte	0x1
 1276 20e6 5C       		.uleb128 0x5c
 1277 20e7 6F735F53 		.ascii "os_SaveTaskPtr(task_ptr,task_name) (TASK_PTR[(task_name)] = (task_ptr))\0"
 1277      61766554 
 1277      61736B50 
 1277      74722874 
 1277      61736B5F 
 1278 212f 01       		.byte	0x1
 1279 2130 5D       		.uleb128 0x5d
 1280 2131 6F735F47 		.ascii "os_GetTaskPtr(task_name) ((task_t*) TASK_PTR[(task_name)])\0"
 1280      65745461 
 1280      736B5074 
 1280      72287461 
 1280      736B5F6E 
 1281 216c 04       		.byte	0x4
 1282 216d 04       		.byte	0x4
 1283              		.file 20 "E:/NeuOrga/Programmieren/c_cpp/github_os/input/src/os_base/../os_user_code/led.h"
 1284 216e 03       		.byte	0x3
 1285 216f 0E       		.uleb128 0xe
 1286 2170 14       		.uleb128 0x14
 1287 2171 01       		.byte	0x1
 1288 2172 02       		.uleb128 0x2
 1289 2173 5F4C4544 		.ascii "_LED_H_ \0"
 1289      5F485F20 
 1289      00
 1290 217c 04       		.byte	0x4
 1291 217d 04       		.byte	0x4
 1292              		.file 21 "E:/NeuOrga/Programmieren/c_cpp/github_os/input/src/os_base/os_stack.h"
 1293 217e 03       		.byte	0x3
 1294 217f 02       		.uleb128 0x2
 1295 2180 15       		.uleb128 0x15
 1296 2181 04       		.byte	0x4
 1297              		.file 22 "E:/NeuOrga/Programmieren/c_cpp/github_os/input/src/os_base/os_heap.h"
 1298 2182 03       		.byte	0x3
 1299 2183 03       		.uleb128 0x3
 1300 2184 16       		.uleb128 0x16
 1301 2185 04       		.byte	0x4
 1302 2186 04       		.byte	0x4
GAS LISTING C:\Users\PRESID~1\AppData\Local\Temp\ccPQNdDI.s 			page 45


 1303 2187 00       		.byte	0
 1304              		.section	.debug_line,"dr"
 1305              	Ldebug_line0:
 1306 0000 D0020000 		.section	.debug_str,"dr"
 1306      0200CA02 
 1306      00000101 
 1306      FB0E0D00 
 1306      01010101 
 1307              		.ident	"GCC: (GNU) 4.9.3"
GAS LISTING C:\Users\PRESID~1\AppData\Local\Temp\ccPQNdDI.s 			page 46


DEFINED SYMBOLS
                            *ABS*:00000000 os_ram.c
                            *COM*:00002710 _HEAP
                            *COM*:00000100 _OS_STACK
                            *COM*:00000100 _OS_MAIN_STACK
                            *COM*:00000004 _VAR_HARDFAULT_STATUS_REG
                            *COM*:00000004 _VAR_MEM_MANAG_FAULT_STATUS_REG
                            *COM*:00000004 _VAR_USAGE_FAULT_STATUS_REG
                            *COM*:00000004 _VAR_FAULT_STATUS_REG
                            *COM*:00000004 _VAR_MEM_FAULT_ADDR_REG
                            *COM*:00000004 _VAR_BUS_FAULT_ADDR_REG
                            *COM*:00000004 _VAR_AUX_FAULT_STATUS_REG
                            *COM*:00000004 _VAR_BUS_FAULT_STATUS_REG

NO UNDEFINED SYMBOLS
