GAS LISTING C:\Users\PRESID~1\AppData\Local\Temp\ccc3TbDG.s 			page 1


   1              		.file	"os_start_os.c"
   2              		.text
   3              	Ltext0:
   4              		.globl	_OS_START_OS
   6              	_OS_START_OS:
   7              	LFB0:
   8              		.file 1 "E:/NeuOrga/Programmieren/c_cpp/github_os/input/src/os_base/os_start_os.c"
   1:E:/NeuOrga/Programmieren/c_cpp/github_os/input/src/os_base\os_start_os.c **** #include "os_firstinc.h"
   2:E:/NeuOrga/Programmieren/c_cpp/github_os/input/src/os_base\os_start_os.c **** #include "os_main.h"
   3:E:/NeuOrga/Programmieren/c_cpp/github_os/input/src/os_base\os_start_os.c **** 
   4:E:/NeuOrga/Programmieren/c_cpp/github_os/input/src/os_base\os_start_os.c **** #define SYS_HANDLER_CTRL_STATE_REG ((uint32*)0xE000ED24)
   5:E:/NeuOrga/Programmieren/c_cpp/github_os/input/src/os_base\os_start_os.c **** #define SYS_HANDLER_CTRL_STATE_BIT_MASK_USGFAULTENA ((uint32)0x00040000)
   6:E:/NeuOrga/Programmieren/c_cpp/github_os/input/src/os_base\os_start_os.c **** #define SYS_HANDLER_CTRL_STATE_BIT_MASK_BUSFAULTENA ((uint32)0x00020000)
   7:E:/NeuOrga/Programmieren/c_cpp/github_os/input/src/os_base\os_start_os.c **** #define SYS_HANDLER_CTRL_STATE_BIT_MASK_MEMFAULTENA ((uint32)0x00010000)
   8:E:/NeuOrga/Programmieren/c_cpp/github_os/input/src/os_base\os_start_os.c **** #define SYS_HANDLER_CTRL_STATE_ENA_ALL_EXCEP (*SYS_HANDLER_CTRL_STATE_REG = *SYS_HANDLER_CTRL_STATE
   9:E:/NeuOrga/Programmieren/c_cpp/github_os/input/src/os_base\os_start_os.c **** 
  10:E:/NeuOrga/Programmieren/c_cpp/github_os/input/src/os_base\os_start_os.c **** void OS_START_OS(void)
  11:E:/NeuOrga/Programmieren/c_cpp/github_os/input/src/os_base\os_start_os.c **** {
   9              		.loc 1 11 0
  10              		.cfi_startproc
  11 0000 55       		pushl	%ebp
  12              		.cfi_def_cfa_offset 8
  13              		.cfi_offset 5, -8
  14 0001 89E5     		movl	%esp, %ebp
  15              		.cfi_def_cfa_register 5
  16 0003 83EC08   		subl	$8, %esp
  12:E:/NeuOrga/Programmieren/c_cpp/github_os/input/src/os_base\os_start_os.c ****    /* activate all exception to improve the debug capabilities */
  13:E:/NeuOrga/Programmieren/c_cpp/github_os/input/src/os_base\os_start_os.c ****    SYS_HANDLER_CTRL_STATE_ENA_ALL_EXCEP; 
  17              		.loc 1 13 0
  18 0006 B824ED00 		movl	$-536810204, %eax
  18      E0
  19 000b BA24ED00 		movl	$-536810204, %edx
  19      E0
  20 0010 8B12     		movl	(%edx), %edx
  21 0012 81CA0000 		orl	$458752, %edx
  21      0700
  22 0018 8910     		movl	%edx, (%eax)
  14:E:/NeuOrga/Programmieren/c_cpp/github_os/input/src/os_base\os_start_os.c **** 
  15:E:/NeuOrga/Programmieren/c_cpp/github_os/input/src/os_base\os_start_os.c ****    /* triggers hw & sw init (OS parts), interrupt system init (including MMU) */
  16:E:/NeuOrga/Programmieren/c_cpp/github_os/input/src/os_base\os_start_os.c ****    OS_STATE_HANDLER();
  23              		.loc 1 16 0
  24 001a E8000000 		call	_OS_STATE_HANDLER
  24      00
  17:E:/NeuOrga/Programmieren/c_cpp/github_os/input/src/os_base\os_start_os.c **** }...
  25              		.loc 1 17 0
  26 001f C9       		leave
  27              		.cfi_restore 5
  28              		.cfi_def_cfa 4, 4
  29 0020 C3       		ret
  30              		.cfi_endproc
  31              	LFE0:
  32              	Letext0:
  33              		.file 2 "E:/NeuOrga/Programmieren/c_cpp/github_os/input/src/os_base/../os_base/os_base_types.h"
  34 0021 909090   		.section	.debug_info,"dr"
  35              	Ldebug_info0:
  36 0000 FF000000 		.long	0xff
  37 0004 0400     		.word	0x4
GAS LISTING C:\Users\PRESID~1\AppData\Local\Temp\ccc3TbDG.s 			page 2


  38 0006 00000000 		.secrel32	Ldebug_abbrev0
  39 000a 04       		.byte	0x4
  40 000b 01       		.uleb128 0x1
  41 000c 474E5520 		.ascii "GNU C 4.9.3 -march=i386 -g3 -O0 -std=c90\0"
  41      4320342E 
  41      392E3320 
  41      2D6D6172 
  41      63683D69 
  42 0035 01       		.byte	0x1
  43 0036 453A5C4E 		.ascii "E:\\NeuOrga\\Programmieren\\c_cpp\\github_os\\input\\src\\os_base\\os_start_os.c\0"
  43      65754F72 
  43      67615C50 
  43      726F6772 
  43      616D6D69 
  44 007f 00000000 		.long	Ltext0
  45 0083 21000000 		.long	Letext0-Ltext0
  46 0087 00000000 		.secrel32	Ldebug_line0
  47 008b 00000000 		.secrel32	Ldebug_macro0
  48 008f 02       		.uleb128 0x2
  49 0090 01       		.byte	0x1
  50 0091 08       		.byte	0x8
  51 0092 756E7369 		.ascii "unsigned char\0"
  51      676E6564 
  51      20636861 
  51      7200
  52 00a0 02       		.uleb128 0x2
  53 00a1 02       		.byte	0x2
  54 00a2 07       		.byte	0x7
  55 00a3 73686F72 		.ascii "short unsigned int\0"
  55      7420756E 
  55      7369676E 
  55      65642069 
  55      6E7400
  56 00b6 02       		.uleb128 0x2
  57 00b7 04       		.byte	0x4
  58 00b8 07       		.byte	0x7
  59 00b9 6C6F6E67 		.ascii "long unsigned int\0"
  59      20756E73 
  59      69676E65 
  59      6420696E 
  59      7400
  60 00cb 03       		.uleb128 0x3
  61 00cc 75696E74 		.ascii "uint32\0"
  61      333200
  62 00d3 02       		.byte	0x2
  63 00d4 23       		.byte	0x23
  64 00d5 B6000000 		.long	0xb6
  65 00d9 02       		.uleb128 0x2
  66 00da 04       		.byte	0x4
  67 00db 07       		.byte	0x7
  68 00dc 756E7369 		.ascii "unsigned int\0"
  68      676E6564 
  68      20696E74 
  68      00
  69 00e9 04       		.uleb128 0x4
  70 00ea 4F535F53 		.ascii "OS_START_OS\0"
  70      54415254 
GAS LISTING C:\Users\PRESID~1\AppData\Local\Temp\ccc3TbDG.s 			page 3


  70      5F4F5300 
  71 00f6 01       		.byte	0x1
  72 00f7 0A       		.byte	0xa
  73 00f8 00000000 		.long	LFB0
  74 00fc 21000000 		.long	LFE0-LFB0
  75 0100 01       		.uleb128 0x1
  76 0101 9C       		.byte	0x9c
  77 0102 00       		.byte	0
  78              		.section	.debug_abbrev,"dr"
  79              	Ldebug_abbrev0:
  80 0000 01       		.uleb128 0x1
  81 0001 11       		.uleb128 0x11
  82 0002 01       		.byte	0x1
  83 0003 25       		.uleb128 0x25
  84 0004 08       		.uleb128 0x8
  85 0005 13       		.uleb128 0x13
  86 0006 0B       		.uleb128 0xb
  87 0007 03       		.uleb128 0x3
  88 0008 08       		.uleb128 0x8
  89 0009 11       		.uleb128 0x11
  90 000a 01       		.uleb128 0x1
  91 000b 12       		.uleb128 0x12
  92 000c 06       		.uleb128 0x6
  93 000d 10       		.uleb128 0x10
  94 000e 17       		.uleb128 0x17
  95 000f 9942     		.uleb128 0x2119
  96 0011 17       		.uleb128 0x17
  97 0012 00       		.byte	0
  98 0013 00       		.byte	0
  99 0014 02       		.uleb128 0x2
 100 0015 24       		.uleb128 0x24
 101 0016 00       		.byte	0
 102 0017 0B       		.uleb128 0xb
 103 0018 0B       		.uleb128 0xb
 104 0019 3E       		.uleb128 0x3e
 105 001a 0B       		.uleb128 0xb
 106 001b 03       		.uleb128 0x3
 107 001c 08       		.uleb128 0x8
 108 001d 00       		.byte	0
 109 001e 00       		.byte	0
 110 001f 03       		.uleb128 0x3
 111 0020 16       		.uleb128 0x16
 112 0021 00       		.byte	0
 113 0022 03       		.uleb128 0x3
 114 0023 08       		.uleb128 0x8
 115 0024 3A       		.uleb128 0x3a
 116 0025 0B       		.uleb128 0xb
 117 0026 3B       		.uleb128 0x3b
 118 0027 0B       		.uleb128 0xb
 119 0028 49       		.uleb128 0x49
 120 0029 13       		.uleb128 0x13
 121 002a 00       		.byte	0
 122 002b 00       		.byte	0
 123 002c 04       		.uleb128 0x4
 124 002d 2E       		.uleb128 0x2e
 125 002e 00       		.byte	0
 126 002f 3F       		.uleb128 0x3f
GAS LISTING C:\Users\PRESID~1\AppData\Local\Temp\ccc3TbDG.s 			page 4


 127 0030 19       		.uleb128 0x19
 128 0031 03       		.uleb128 0x3
 129 0032 08       		.uleb128 0x8
 130 0033 3A       		.uleb128 0x3a
 131 0034 0B       		.uleb128 0xb
 132 0035 3B       		.uleb128 0x3b
 133 0036 0B       		.uleb128 0xb
 134 0037 27       		.uleb128 0x27
 135 0038 19       		.uleb128 0x19
 136 0039 11       		.uleb128 0x11
 137 003a 01       		.uleb128 0x1
 138 003b 12       		.uleb128 0x12
 139 003c 06       		.uleb128 0x6
 140 003d 40       		.uleb128 0x40
 141 003e 18       		.uleb128 0x18
 142 003f 9642     		.uleb128 0x2116
 143 0041 19       		.uleb128 0x19
 144 0042 00       		.byte	0
 145 0043 00       		.byte	0
 146 0044 00       		.byte	0
 147              		.section	.debug_aranges,"dr"
 148 0000 1C000000 		.long	0x1c
 149 0004 0200     		.word	0x2
 150 0006 00000000 		.secrel32	Ldebug_info0
 151 000a 04       		.byte	0x4
 152 000b 00       		.byte	0
 153 000c 0000     		.word	0
 154 000e 0000     		.word	0
 155 0010 00000000 		.long	Ltext0
 156 0014 21000000 		.long	Letext0-Ltext0
 157 0018 00000000 		.long	0
 158 001c 00000000 		.long	0
 159              		.section	.debug_macro,"dr"
 160              	Ldebug_macro0:
 161 0000 0400     		.word	0x4
 162 0002 02       		.byte	0x2
 163 0003 00000000 		.secrel32	Ldebug_line0
 164 0007 01       		.byte	0x1
 165 0008 00       		.uleb128 0
 166 0009 5F5F5354 		.ascii "__STDC__ 1\0"
 166      44435F5F 
 166      203100
 167 0014 01       		.byte	0x1
 168 0015 00       		.uleb128 0
 169 0016 5F5F5354 		.ascii "__STDC_HOSTED__ 1\0"
 169      44435F48 
 169      4F535445 
 169      445F5F20 
 169      3100
 170 0028 01       		.byte	0x1
 171 0029 00       		.uleb128 0
 172 002a 5F5F474E 		.ascii "__GNUC__ 4\0"
 172      55435F5F 
 172      203400
 173 0035 01       		.byte	0x1
 174 0036 00       		.uleb128 0
 175 0037 5F5F474E 		.ascii "__GNUC_MINOR__ 9\0"
GAS LISTING C:\Users\PRESID~1\AppData\Local\Temp\ccc3TbDG.s 			page 5


 175      55435F4D 
 175      494E4F52 
 175      5F5F2039 
 175      00
 176 0048 01       		.byte	0x1
 177 0049 00       		.uleb128 0
 178 004a 5F5F474E 		.ascii "__GNUC_PATCHLEVEL__ 3\0"
 178      55435F50 
 178      41544348 
 178      4C455645 
 178      4C5F5F20 
 179 0060 01       		.byte	0x1
 180 0061 00       		.uleb128 0
 181 0062 5F5F5645 		.ascii "__VERSION__ \"4.9.3\"\0"
 181      5253494F 
 181      4E5F5F20 
 181      22342E39 
 181      2E332200 
 182 0076 01       		.byte	0x1
 183 0077 00       		.uleb128 0
 184 0078 5F5F4154 		.ascii "__ATOMIC_RELAXED 0\0"
 184      4F4D4943 
 184      5F52454C 
 184      41584544 
 184      203000
 185 008b 01       		.byte	0x1
 186 008c 00       		.uleb128 0
 187 008d 5F5F4154 		.ascii "__ATOMIC_SEQ_CST 5\0"
 187      4F4D4943 
 187      5F534551 
 187      5F435354 
 187      203500
 188 00a0 01       		.byte	0x1
 189 00a1 00       		.uleb128 0
 190 00a2 5F5F4154 		.ascii "__ATOMIC_ACQUIRE 2\0"
 190      4F4D4943 
 190      5F414351 
 190      55495245 
 190      203200
 191 00b5 01       		.byte	0x1
 192 00b6 00       		.uleb128 0
 193 00b7 5F5F4154 		.ascii "__ATOMIC_RELEASE 3\0"
 193      4F4D4943 
 193      5F52454C 
 193      45415345 
 193      203300
 194 00ca 01       		.byte	0x1
 195 00cb 00       		.uleb128 0
 196 00cc 5F5F4154 		.ascii "__ATOMIC_ACQ_REL 4\0"
 196      4F4D4943 
 196      5F414351 
 196      5F52454C 
 196      203400
 197 00df 01       		.byte	0x1
 198 00e0 00       		.uleb128 0
 199 00e1 5F5F4154 		.ascii "__ATOMIC_CONSUME 1\0"
 199      4F4D4943 
GAS LISTING C:\Users\PRESID~1\AppData\Local\Temp\ccc3TbDG.s 			page 6


 199      5F434F4E 
 199      53554D45 
 199      203100
 200 00f4 01       		.byte	0x1
 201 00f5 00       		.uleb128 0
 202 00f6 5F5F4649 		.ascii "__FINITE_MATH_ONLY__ 0\0"
 202      4E495445 
 202      5F4D4154 
 202      485F4F4E 
 202      4C595F5F 
 203 010d 01       		.byte	0x1
 204 010e 00       		.uleb128 0
 205 010f 5F5F5349 		.ascii "__SIZEOF_INT__ 4\0"
 205      5A454F46 
 205      5F494E54 
 205      5F5F2034 
 205      00
 206 0120 01       		.byte	0x1
 207 0121 00       		.uleb128 0
 208 0122 5F5F5349 		.ascii "__SIZEOF_LONG__ 4\0"
 208      5A454F46 
 208      5F4C4F4E 
 208      475F5F20 
 208      3400
 209 0134 01       		.byte	0x1
 210 0135 00       		.uleb128 0
 211 0136 5F5F5349 		.ascii "__SIZEOF_LONG_LONG__ 8\0"
 211      5A454F46 
 211      5F4C4F4E 
 211      475F4C4F 
 211      4E475F5F 
 212 014d 01       		.byte	0x1
 213 014e 00       		.uleb128 0
 214 014f 5F5F5349 		.ascii "__SIZEOF_SHORT__ 2\0"
 214      5A454F46 
 214      5F53484F 
 214      52545F5F 
 214      203200
 215 0162 01       		.byte	0x1
 216 0163 00       		.uleb128 0
 217 0164 5F5F5349 		.ascii "__SIZEOF_FLOAT__ 4\0"
 217      5A454F46 
 217      5F464C4F 
 217      41545F5F 
 217      203400
 218 0177 01       		.byte	0x1
 219 0178 00       		.uleb128 0
 220 0179 5F5F5349 		.ascii "__SIZEOF_DOUBLE__ 8\0"
 220      5A454F46 
 220      5F444F55 
 220      424C455F 
 220      5F203800 
 221 018d 01       		.byte	0x1
 222 018e 00       		.uleb128 0
 223 018f 5F5F5349 		.ascii "__SIZEOF_LONG_DOUBLE__ 12\0"
 223      5A454F46 
 223      5F4C4F4E 
GAS LISTING C:\Users\PRESID~1\AppData\Local\Temp\ccc3TbDG.s 			page 7


 223      475F444F 
 223      55424C45 
 224 01a9 01       		.byte	0x1
 225 01aa 00       		.uleb128 0
 226 01ab 5F5F5349 		.ascii "__SIZEOF_SIZE_T__ 4\0"
 226      5A454F46 
 226      5F53495A 
 226      455F545F 
 226      5F203400 
 227 01bf 01       		.byte	0x1
 228 01c0 00       		.uleb128 0
 229 01c1 5F5F4348 		.ascii "__CHAR_BIT__ 8\0"
 229      41525F42 
 229      49545F5F 
 229      203800
 230 01d0 01       		.byte	0x1
 231 01d1 00       		.uleb128 0
 232 01d2 5F5F4249 		.ascii "__BIGGEST_ALIGNMENT__ 16\0"
 232      47474553 
 232      545F414C 
 232      49474E4D 
 232      454E545F 
 233 01eb 01       		.byte	0x1
 234 01ec 00       		.uleb128 0
 235 01ed 5F5F4F52 		.ascii "__ORDER_LITTLE_ENDIAN__ 1234\0"
 235      4445525F 
 235      4C495454 
 235      4C455F45 
 235      4E444941 
 236 020a 01       		.byte	0x1
 237 020b 00       		.uleb128 0
 238 020c 5F5F4F52 		.ascii "__ORDER_BIG_ENDIAN__ 4321\0"
 238      4445525F 
 238      4249475F 
 238      454E4449 
 238      414E5F5F 
 239 0226 01       		.byte	0x1
 240 0227 00       		.uleb128 0
 241 0228 5F5F4F52 		.ascii "__ORDER_PDP_ENDIAN__ 3412\0"
 241      4445525F 
 241      5044505F 
 241      454E4449 
 241      414E5F5F 
 242 0242 01       		.byte	0x1
 243 0243 00       		.uleb128 0
 244 0244 5F5F4259 		.ascii "__BYTE_ORDER__ __ORDER_LITTLE_ENDIAN__\0"
 244      54455F4F 
 244      52444552 
 244      5F5F205F 
 244      5F4F5244 
 245 026b 01       		.byte	0x1
 246 026c 00       		.uleb128 0
 247 026d 5F5F464C 		.ascii "__FLOAT_WORD_ORDER__ __ORDER_LITTLE_ENDIAN__\0"
 247      4F41545F 
 247      574F5244 
 247      5F4F5244 
 247      45525F5F 
GAS LISTING C:\Users\PRESID~1\AppData\Local\Temp\ccc3TbDG.s 			page 8


 248 029a 01       		.byte	0x1
 249 029b 00       		.uleb128 0
 250 029c 5F5F5349 		.ascii "__SIZEOF_POINTER__ 4\0"
 250      5A454F46 
 250      5F504F49 
 250      4E544552 
 250      5F5F2034 
 251 02b1 01       		.byte	0x1
 252 02b2 00       		.uleb128 0
 253 02b3 5F5F5349 		.ascii "__SIZE_TYPE__ unsigned int\0"
 253      5A455F54 
 253      5950455F 
 253      5F20756E 
 253      7369676E 
 254 02ce 01       		.byte	0x1
 255 02cf 00       		.uleb128 0
 256 02d0 5F5F5054 		.ascii "__PTRDIFF_TYPE__ int\0"
 256      52444946 
 256      465F5459 
 256      50455F5F 
 256      20696E74 
 257 02e5 01       		.byte	0x1
 258 02e6 00       		.uleb128 0
 259 02e7 5F5F5743 		.ascii "__WCHAR_TYPE__ short unsigned int\0"
 259      4841525F 
 259      54595045 
 259      5F5F2073 
 259      686F7274 
 260 0309 01       		.byte	0x1
 261 030a 00       		.uleb128 0
 262 030b 5F5F5749 		.ascii "__WINT_TYPE__ short unsigned int\0"
 262      4E545F54 
 262      5950455F 
 262      5F207368 
 262      6F727420 
 263 032c 01       		.byte	0x1
 264 032d 00       		.uleb128 0
 265 032e 5F5F494E 		.ascii "__INTMAX_TYPE__ long long int\0"
 265      544D4158 
 265      5F545950 
 265      455F5F20 
 265      6C6F6E67 
 266 034c 01       		.byte	0x1
 267 034d 00       		.uleb128 0
 268 034e 5F5F5549 		.ascii "__UINTMAX_TYPE__ long long unsigned int\0"
 268      4E544D41 
 268      585F5459 
 268      50455F5F 
 268      206C6F6E 
 269 0376 01       		.byte	0x1
 270 0377 00       		.uleb128 0
 271 0378 5F5F4348 		.ascii "__CHAR16_TYPE__ short unsigned int\0"
 271      41523136 
 271      5F545950 
 271      455F5F20 
 271      73686F72 
 272 039b 01       		.byte	0x1
GAS LISTING C:\Users\PRESID~1\AppData\Local\Temp\ccc3TbDG.s 			page 9


 273 039c 00       		.uleb128 0
 274 039d 5F5F4348 		.ascii "__CHAR32_TYPE__ unsigned int\0"
 274      41523332 
 274      5F545950 
 274      455F5F20 
 274      756E7369 
 275 03ba 01       		.byte	0x1
 276 03bb 00       		.uleb128 0
 277 03bc 5F5F5349 		.ascii "__SIG_ATOMIC_TYPE__ int\0"
 277      475F4154 
 277      4F4D4943 
 277      5F545950 
 277      455F5F20 
 278 03d4 01       		.byte	0x1
 279 03d5 00       		.uleb128 0
 280 03d6 5F5F494E 		.ascii "__INT8_TYPE__ signed char\0"
 280      54385F54 
 280      5950455F 
 280      5F207369 
 280      676E6564 
 281 03f0 01       		.byte	0x1
 282 03f1 00       		.uleb128 0
 283 03f2 5F5F494E 		.ascii "__INT16_TYPE__ short int\0"
 283      5431365F 
 283      54595045 
 283      5F5F2073 
 283      686F7274 
 284 040b 01       		.byte	0x1
 285 040c 00       		.uleb128 0
 286 040d 5F5F494E 		.ascii "__INT32_TYPE__ int\0"
 286      5433325F 
 286      54595045 
 286      5F5F2069 
 286      6E7400
 287 0420 01       		.byte	0x1
 288 0421 00       		.uleb128 0
 289 0422 5F5F494E 		.ascii "__INT64_TYPE__ long long int\0"
 289      5436345F 
 289      54595045 
 289      5F5F206C 
 289      6F6E6720 
 290 043f 01       		.byte	0x1
 291 0440 00       		.uleb128 0
 292 0441 5F5F5549 		.ascii "__UINT8_TYPE__ unsigned char\0"
 292      4E54385F 
 292      54595045 
 292      5F5F2075 
 292      6E736967 
 293 045e 01       		.byte	0x1
 294 045f 00       		.uleb128 0
 295 0460 5F5F5549 		.ascii "__UINT16_TYPE__ short unsigned int\0"
 295      4E543136 
 295      5F545950 
 295      455F5F20 
 295      73686F72 
 296 0483 01       		.byte	0x1
 297 0484 00       		.uleb128 0
GAS LISTING C:\Users\PRESID~1\AppData\Local\Temp\ccc3TbDG.s 			page 10


 298 0485 5F5F5549 		.ascii "__UINT32_TYPE__ unsigned int\0"
 298      4E543332 
 298      5F545950 
 298      455F5F20 
 298      756E7369 
 299 04a2 01       		.byte	0x1
 300 04a3 00       		.uleb128 0
 301 04a4 5F5F5549 		.ascii "__UINT64_TYPE__ long long unsigned int\0"
 301      4E543634 
 301      5F545950 
 301      455F5F20 
 301      6C6F6E67 
 302 04cb 01       		.byte	0x1
 303 04cc 00       		.uleb128 0
 304 04cd 5F5F494E 		.ascii "__INT_LEAST8_TYPE__ signed char\0"
 304      545F4C45 
 304      41535438 
 304      5F545950 
 304      455F5F20 
 305 04ed 01       		.byte	0x1
 306 04ee 00       		.uleb128 0
 307 04ef 5F5F494E 		.ascii "__INT_LEAST16_TYPE__ short int\0"
 307      545F4C45 
 307      41535431 
 307      365F5459 
 307      50455F5F 
 308 050e 01       		.byte	0x1
 309 050f 00       		.uleb128 0
 310 0510 5F5F494E 		.ascii "__INT_LEAST32_TYPE__ int\0"
 310      545F4C45 
 310      41535433 
 310      325F5459 
 310      50455F5F 
 311 0529 01       		.byte	0x1
 312 052a 00       		.uleb128 0
 313 052b 5F5F494E 		.ascii "__INT_LEAST64_TYPE__ long long int\0"
 313      545F4C45 
 313      41535436 
 313      345F5459 
 313      50455F5F 
 314 054e 01       		.byte	0x1
 315 054f 00       		.uleb128 0
 316 0550 5F5F5549 		.ascii "__UINT_LEAST8_TYPE__ unsigned char\0"
 316      4E545F4C 
 316      45415354 
 316      385F5459 
 316      50455F5F 
 317 0573 01       		.byte	0x1
 318 0574 00       		.uleb128 0
 319 0575 5F5F5549 		.ascii "__UINT_LEAST16_TYPE__ short unsigned int\0"
 319      4E545F4C 
 319      45415354 
 319      31365F54 
 319      5950455F 
 320 059e 01       		.byte	0x1
 321 059f 00       		.uleb128 0
 322 05a0 5F5F5549 		.ascii "__UINT_LEAST32_TYPE__ unsigned int\0"
GAS LISTING C:\Users\PRESID~1\AppData\Local\Temp\ccc3TbDG.s 			page 11


 322      4E545F4C 
 322      45415354 
 322      33325F54 
 322      5950455F 
 323 05c3 01       		.byte	0x1
 324 05c4 00       		.uleb128 0
 325 05c5 5F5F5549 		.ascii "__UINT_LEAST64_TYPE__ long long unsigned int\0"
 325      4E545F4C 
 325      45415354 
 325      36345F54 
 325      5950455F 
 326 05f2 01       		.byte	0x1
 327 05f3 00       		.uleb128 0
 328 05f4 5F5F494E 		.ascii "__INT_FAST8_TYPE__ signed char\0"
 328      545F4641 
 328      5354385F 
 328      54595045 
 328      5F5F2073 
 329 0613 01       		.byte	0x1
 330 0614 00       		.uleb128 0
 331 0615 5F5F494E 		.ascii "__INT_FAST16_TYPE__ short int\0"
 331      545F4641 
 331      53543136 
 331      5F545950 
 331      455F5F20 
 332 0633 01       		.byte	0x1
 333 0634 00       		.uleb128 0
 334 0635 5F5F494E 		.ascii "__INT_FAST32_TYPE__ int\0"
 334      545F4641 
 334      53543332 
 334      5F545950 
 334      455F5F20 
 335 064d 01       		.byte	0x1
 336 064e 00       		.uleb128 0
 337 064f 5F5F494E 		.ascii "__INT_FAST64_TYPE__ long long int\0"
 337      545F4641 
 337      53543634 
 337      5F545950 
 337      455F5F20 
 338 0671 01       		.byte	0x1
 339 0672 00       		.uleb128 0
 340 0673 5F5F5549 		.ascii "__UINT_FAST8_TYPE__ unsigned char\0"
 340      4E545F46 
 340      41535438 
 340      5F545950 
 340      455F5F20 
 341 0695 01       		.byte	0x1
 342 0696 00       		.uleb128 0
 343 0697 5F5F5549 		.ascii "__UINT_FAST16_TYPE__ short unsigned int\0"
 343      4E545F46 
 343      41535431 
 343      365F5459 
 343      50455F5F 
 344 06bf 01       		.byte	0x1
 345 06c0 00       		.uleb128 0
 346 06c1 5F5F5549 		.ascii "__UINT_FAST32_TYPE__ unsigned int\0"
 346      4E545F46 
GAS LISTING C:\Users\PRESID~1\AppData\Local\Temp\ccc3TbDG.s 			page 12


 346      41535433 
 346      325F5459 
 346      50455F5F 
 347 06e3 01       		.byte	0x1
 348 06e4 00       		.uleb128 0
 349 06e5 5F5F5549 		.ascii "__UINT_FAST64_TYPE__ long long unsigned int\0"
 349      4E545F46 
 349      41535436 
 349      345F5459 
 349      50455F5F 
 350 0711 01       		.byte	0x1
 351 0712 00       		.uleb128 0
 352 0713 5F5F494E 		.ascii "__INTPTR_TYPE__ int\0"
 352      54505452 
 352      5F545950 
 352      455F5F20 
 352      696E7400 
 353 0727 01       		.byte	0x1
 354 0728 00       		.uleb128 0
 355 0729 5F5F5549 		.ascii "__UINTPTR_TYPE__ unsigned int\0"
 355      4E545054 
 355      525F5459 
 355      50455F5F 
 355      20756E73 
 356 0747 01       		.byte	0x1
 357 0748 00       		.uleb128 0
 358 0749 5F5F6861 		.ascii "__has_include(STR) __has_include__(STR)\0"
 358      735F696E 
 358      636C7564 
 358      65285354 
 358      5229205F 
 359 0771 01       		.byte	0x1
 360 0772 00       		.uleb128 0
 361 0773 5F5F6861 		.ascii "__has_include_next(STR) __has_include_next__(STR)\0"
 361      735F696E 
 361      636C7564 
 361      655F6E65 
 361      78742853 
 362 07a5 01       		.byte	0x1
 363 07a6 00       		.uleb128 0
 364 07a7 5F5F4758 		.ascii "__GXX_ABI_VERSION 1002\0"
 364      585F4142 
 364      495F5645 
 364      5253494F 
 364      4E203130 
 365 07be 01       		.byte	0x1
 366 07bf 00       		.uleb128 0
 367 07c0 5F5F5343 		.ascii "__SCHAR_MAX__ 127\0"
 367      4841525F 
 367      4D41585F 
 367      5F203132 
 367      3700
 368 07d2 01       		.byte	0x1
 369 07d3 00       		.uleb128 0
 370 07d4 5F5F5348 		.ascii "__SHRT_MAX__ 32767\0"
 370      52545F4D 
 370      41585F5F 
GAS LISTING C:\Users\PRESID~1\AppData\Local\Temp\ccc3TbDG.s 			page 13


 370      20333237 
 370      363700
 371 07e7 01       		.byte	0x1
 372 07e8 00       		.uleb128 0
 373 07e9 5F5F494E 		.ascii "__INT_MAX__ 2147483647\0"
 373      545F4D41 
 373      585F5F20 
 373      32313437 
 373      34383336 
 374 0800 01       		.byte	0x1
 375 0801 00       		.uleb128 0
 376 0802 5F5F4C4F 		.ascii "__LONG_MAX__ 2147483647L\0"
 376      4E475F4D 
 376      41585F5F 
 376      20323134 
 376      37343833 
 377 081b 01       		.byte	0x1
 378 081c 00       		.uleb128 0
 379 081d 5F5F4C4F 		.ascii "__LONG_LONG_MAX__ 9223372036854775807LL\0"
 379      4E475F4C 
 379      4F4E475F 
 379      4D41585F 
 379      5F203932 
 380 0845 01       		.byte	0x1
 381 0846 00       		.uleb128 0
 382 0847 5F5F5743 		.ascii "__WCHAR_MAX__ 65535\0"
 382      4841525F 
 382      4D41585F 
 382      5F203635 
 382      35333500 
 383 085b 01       		.byte	0x1
 384 085c 00       		.uleb128 0
 385 085d 5F5F5743 		.ascii "__WCHAR_MIN__ 0\0"
 385      4841525F 
 385      4D494E5F 
 385      5F203000 
 386 086d 01       		.byte	0x1
 387 086e 00       		.uleb128 0
 388 086f 5F5F5749 		.ascii "__WINT_MAX__ 65535\0"
 388      4E545F4D 
 388      41585F5F 
 388      20363535 
 388      333500
 389 0882 01       		.byte	0x1
 390 0883 00       		.uleb128 0
 391 0884 5F5F5749 		.ascii "__WINT_MIN__ 0\0"
 391      4E545F4D 
 391      494E5F5F 
 391      203000
 392 0893 01       		.byte	0x1
 393 0894 00       		.uleb128 0
 394 0895 5F5F5054 		.ascii "__PTRDIFF_MAX__ 2147483647\0"
 394      52444946 
 394      465F4D41 
 394      585F5F20 
 394      32313437 
 395 08b0 01       		.byte	0x1
GAS LISTING C:\Users\PRESID~1\AppData\Local\Temp\ccc3TbDG.s 			page 14


 396 08b1 00       		.uleb128 0
 397 08b2 5F5F5349 		.ascii "__SIZE_MAX__ 4294967295U\0"
 397      5A455F4D 
 397      41585F5F 
 397      20343239 
 397      34393637 
 398 08cb 01       		.byte	0x1
 399 08cc 00       		.uleb128 0
 400 08cd 5F5F494E 		.ascii "__INTMAX_MAX__ 9223372036854775807LL\0"
 400      544D4158 
 400      5F4D4158 
 400      5F5F2039 
 400      32323333 
 401 08f2 01       		.byte	0x1
 402 08f3 00       		.uleb128 0
 403 08f4 5F5F494E 		.ascii "__INTMAX_C(c) c ## LL\0"
 403      544D4158 
 403      5F432863 
 403      29206320 
 403      2323204C 
 404 090a 01       		.byte	0x1
 405 090b 00       		.uleb128 0
 406 090c 5F5F5549 		.ascii "__UINTMAX_MAX__ 18446744073709551615ULL\0"
 406      4E544D41 
 406      585F4D41 
 406      585F5F20 
 406      31383434 
 407 0934 01       		.byte	0x1
 408 0935 00       		.uleb128 0
 409 0936 5F5F5549 		.ascii "__UINTMAX_C(c) c ## ULL\0"
 409      4E544D41 
 409      585F4328 
 409      63292063 
 409      20232320 
 410 094e 01       		.byte	0x1
 411 094f 00       		.uleb128 0
 412 0950 5F5F5349 		.ascii "__SIG_ATOMIC_MAX__ 2147483647\0"
 412      475F4154 
 412      4F4D4943 
 412      5F4D4158 
 412      5F5F2032 
 413 096e 01       		.byte	0x1
 414 096f 00       		.uleb128 0
 415 0970 5F5F5349 		.ascii "__SIG_ATOMIC_MIN__ (-__SIG_ATOMIC_MAX__ - 1)\0"
 415      475F4154 
 415      4F4D4943 
 415      5F4D494E 
 415      5F5F2028 
 416 099d 01       		.byte	0x1
 417 099e 00       		.uleb128 0
 418 099f 5F5F494E 		.ascii "__INT8_MAX__ 127\0"
 418      54385F4D 
 418      41585F5F 
 418      20313237 
 418      00
 419 09b0 01       		.byte	0x1
 420 09b1 00       		.uleb128 0
GAS LISTING C:\Users\PRESID~1\AppData\Local\Temp\ccc3TbDG.s 			page 15


 421 09b2 5F5F494E 		.ascii "__INT16_MAX__ 32767\0"
 421      5431365F 
 421      4D41585F 
 421      5F203332 
 421      37363700 
 422 09c6 01       		.byte	0x1
 423 09c7 00       		.uleb128 0
 424 09c8 5F5F494E 		.ascii "__INT32_MAX__ 2147483647\0"
 424      5433325F 
 424      4D41585F 
 424      5F203231 
 424      34373438 
 425 09e1 01       		.byte	0x1
 426 09e2 00       		.uleb128 0
 427 09e3 5F5F494E 		.ascii "__INT64_MAX__ 9223372036854775807LL\0"
 427      5436345F 
 427      4D41585F 
 427      5F203932 
 427      32333337 
 428 0a07 01       		.byte	0x1
 429 0a08 00       		.uleb128 0
 430 0a09 5F5F5549 		.ascii "__UINT8_MAX__ 255\0"
 430      4E54385F 
 430      4D41585F 
 430      5F203235 
 430      3500
 431 0a1b 01       		.byte	0x1
 432 0a1c 00       		.uleb128 0
 433 0a1d 5F5F5549 		.ascii "__UINT16_MAX__ 65535\0"
 433      4E543136 
 433      5F4D4158 
 433      5F5F2036 
 433      35353335 
 434 0a32 01       		.byte	0x1
 435 0a33 00       		.uleb128 0
 436 0a34 5F5F5549 		.ascii "__UINT32_MAX__ 4294967295U\0"
 436      4E543332 
 436      5F4D4158 
 436      5F5F2034 
 436      32393439 
 437 0a4f 01       		.byte	0x1
 438 0a50 00       		.uleb128 0
 439 0a51 5F5F5549 		.ascii "__UINT64_MAX__ 18446744073709551615ULL\0"
 439      4E543634 
 439      5F4D4158 
 439      5F5F2031 
 439      38343436 
 440 0a78 01       		.byte	0x1
 441 0a79 00       		.uleb128 0
 442 0a7a 5F5F494E 		.ascii "__INT_LEAST8_MAX__ 127\0"
 442      545F4C45 
 442      41535438 
 442      5F4D4158 
 442      5F5F2031 
 443 0a91 01       		.byte	0x1
 444 0a92 00       		.uleb128 0
 445 0a93 5F5F494E 		.ascii "__INT8_C(c) c\0"
GAS LISTING C:\Users\PRESID~1\AppData\Local\Temp\ccc3TbDG.s 			page 16


 445      54385F43 
 445      28632920 
 445      6300
 446 0aa1 01       		.byte	0x1
 447 0aa2 00       		.uleb128 0
 448 0aa3 5F5F494E 		.ascii "__INT_LEAST16_MAX__ 32767\0"
 448      545F4C45 
 448      41535431 
 448      365F4D41 
 448      585F5F20 
 449 0abd 01       		.byte	0x1
 450 0abe 00       		.uleb128 0
 451 0abf 5F5F494E 		.ascii "__INT16_C(c) c\0"
 451      5431365F 
 451      43286329 
 451      206300
 452 0ace 01       		.byte	0x1
 453 0acf 00       		.uleb128 0
 454 0ad0 5F5F494E 		.ascii "__INT_LEAST32_MAX__ 2147483647\0"
 454      545F4C45 
 454      41535433 
 454      325F4D41 
 454      585F5F20 
 455 0aef 01       		.byte	0x1
 456 0af0 00       		.uleb128 0
 457 0af1 5F5F494E 		.ascii "__INT32_C(c) c\0"
 457      5433325F 
 457      43286329 
 457      206300
 458 0b00 01       		.byte	0x1
 459 0b01 00       		.uleb128 0
 460 0b02 5F5F494E 		.ascii "__INT_LEAST64_MAX__ 9223372036854775807LL\0"
 460      545F4C45 
 460      41535436 
 460      345F4D41 
 460      585F5F20 
 461 0b2c 01       		.byte	0x1
 462 0b2d 00       		.uleb128 0
 463 0b2e 5F5F494E 		.ascii "__INT64_C(c) c ## LL\0"
 463      5436345F 
 463      43286329 
 463      20632023 
 463      23204C4C 
 464 0b43 01       		.byte	0x1
 465 0b44 00       		.uleb128 0
 466 0b45 5F5F5549 		.ascii "__UINT_LEAST8_MAX__ 255\0"
 466      4E545F4C 
 466      45415354 
 466      385F4D41 
 466      585F5F20 
 467 0b5d 01       		.byte	0x1
 468 0b5e 00       		.uleb128 0
 469 0b5f 5F5F5549 		.ascii "__UINT8_C(c) c\0"
 469      4E54385F 
 469      43286329 
 469      206300
 470 0b6e 01       		.byte	0x1
GAS LISTING C:\Users\PRESID~1\AppData\Local\Temp\ccc3TbDG.s 			page 17


 471 0b6f 00       		.uleb128 0
 472 0b70 5F5F5549 		.ascii "__UINT_LEAST16_MAX__ 65535\0"
 472      4E545F4C 
 472      45415354 
 472      31365F4D 
 472      41585F5F 
 473 0b8b 01       		.byte	0x1
 474 0b8c 00       		.uleb128 0
 475 0b8d 5F5F5549 		.ascii "__UINT16_C(c) c\0"
 475      4E543136 
 475      5F432863 
 475      29206300 
 476 0b9d 01       		.byte	0x1
 477 0b9e 00       		.uleb128 0
 478 0b9f 5F5F5549 		.ascii "__UINT_LEAST32_MAX__ 4294967295U\0"
 478      4E545F4C 
 478      45415354 
 478      33325F4D 
 478      41585F5F 
 479 0bc0 01       		.byte	0x1
 480 0bc1 00       		.uleb128 0
 481 0bc2 5F5F5549 		.ascii "__UINT32_C(c) c ## U\0"
 481      4E543332 
 481      5F432863 
 481      29206320 
 481      23232055 
 482 0bd7 01       		.byte	0x1
 483 0bd8 00       		.uleb128 0
 484 0bd9 5F5F5549 		.ascii "__UINT_LEAST64_MAX__ 18446744073709551615ULL\0"
 484      4E545F4C 
 484      45415354 
 484      36345F4D 
 484      41585F5F 
 485 0c06 01       		.byte	0x1
 486 0c07 00       		.uleb128 0
 487 0c08 5F5F5549 		.ascii "__UINT64_C(c) c ## ULL\0"
 487      4E543634 
 487      5F432863 
 487      29206320 
 487      23232055 
 488 0c1f 01       		.byte	0x1
 489 0c20 00       		.uleb128 0
 490 0c21 5F5F494E 		.ascii "__INT_FAST8_MAX__ 127\0"
 490      545F4641 
 490      5354385F 
 490      4D41585F 
 490      5F203132 
 491 0c37 01       		.byte	0x1
 492 0c38 00       		.uleb128 0
 493 0c39 5F5F494E 		.ascii "__INT_FAST16_MAX__ 32767\0"
 493      545F4641 
 493      53543136 
 493      5F4D4158 
 493      5F5F2033 
 494 0c52 01       		.byte	0x1
 495 0c53 00       		.uleb128 0
 496 0c54 5F5F494E 		.ascii "__INT_FAST32_MAX__ 2147483647\0"
GAS LISTING C:\Users\PRESID~1\AppData\Local\Temp\ccc3TbDG.s 			page 18


 496      545F4641 
 496      53543332 
 496      5F4D4158 
 496      5F5F2032 
 497 0c72 01       		.byte	0x1
 498 0c73 00       		.uleb128 0
 499 0c74 5F5F494E 		.ascii "__INT_FAST64_MAX__ 9223372036854775807LL\0"
 499      545F4641 
 499      53543634 
 499      5F4D4158 
 499      5F5F2039 
 500 0c9d 01       		.byte	0x1
 501 0c9e 00       		.uleb128 0
 502 0c9f 5F5F5549 		.ascii "__UINT_FAST8_MAX__ 255\0"
 502      4E545F46 
 502      41535438 
 502      5F4D4158 
 502      5F5F2032 
 503 0cb6 01       		.byte	0x1
 504 0cb7 00       		.uleb128 0
 505 0cb8 5F5F5549 		.ascii "__UINT_FAST16_MAX__ 65535\0"
 505      4E545F46 
 505      41535431 
 505      365F4D41 
 505      585F5F20 
 506 0cd2 01       		.byte	0x1
 507 0cd3 00       		.uleb128 0
 508 0cd4 5F5F5549 		.ascii "__UINT_FAST32_MAX__ 4294967295U\0"
 508      4E545F46 
 508      41535433 
 508      325F4D41 
 508      585F5F20 
 509 0cf4 01       		.byte	0x1
 510 0cf5 00       		.uleb128 0
 511 0cf6 5F5F5549 		.ascii "__UINT_FAST64_MAX__ 18446744073709551615ULL\0"
 511      4E545F46 
 511      41535436 
 511      345F4D41 
 511      585F5F20 
 512 0d22 01       		.byte	0x1
 513 0d23 00       		.uleb128 0
 514 0d24 5F5F494E 		.ascii "__INTPTR_MAX__ 2147483647\0"
 514      54505452 
 514      5F4D4158 
 514      5F5F2032 
 514      31343734 
 515 0d3e 01       		.byte	0x1
 516 0d3f 00       		.uleb128 0
 517 0d40 5F5F5549 		.ascii "__UINTPTR_MAX__ 4294967295U\0"
 517      4E545054 
 517      525F4D41 
 517      585F5F20 
 517      34323934 
 518 0d5c 01       		.byte	0x1
 519 0d5d 00       		.uleb128 0
 520 0d5e 5F5F4743 		.ascii "__GCC_IEC_559 2\0"
 520      435F4945 
GAS LISTING C:\Users\PRESID~1\AppData\Local\Temp\ccc3TbDG.s 			page 19


 520      435F3535 
 520      39203200 
 521 0d6e 01       		.byte	0x1
 522 0d6f 00       		.uleb128 0
 523 0d70 5F5F4743 		.ascii "__GCC_IEC_559_COMPLEX 2\0"
 523      435F4945 
 523      435F3535 
 523      395F434F 
 523      4D504C45 
 524 0d88 01       		.byte	0x1
 525 0d89 00       		.uleb128 0
 526 0d8a 5F5F464C 		.ascii "__FLT_EVAL_METHOD__ 2\0"
 526      545F4556 
 526      414C5F4D 
 526      4554484F 
 526      445F5F20 
 527 0da0 01       		.byte	0x1
 528 0da1 00       		.uleb128 0
 529 0da2 5F5F4445 		.ascii "__DEC_EVAL_METHOD__ 2\0"
 529      435F4556 
 529      414C5F4D 
 529      4554484F 
 529      445F5F20 
 530 0db8 01       		.byte	0x1
 531 0db9 00       		.uleb128 0
 532 0dba 5F5F464C 		.ascii "__FLT_RADIX__ 2\0"
 532      545F5241 
 532      4449585F 
 532      5F203200 
 533 0dca 01       		.byte	0x1
 534 0dcb 00       		.uleb128 0
 535 0dcc 5F5F464C 		.ascii "__FLT_MANT_DIG__ 24\0"
 535      545F4D41 
 535      4E545F44 
 535      49475F5F 
 535      20323400 
 536 0de0 01       		.byte	0x1
 537 0de1 00       		.uleb128 0
 538 0de2 5F5F464C 		.ascii "__FLT_DIG__ 6\0"
 538      545F4449 
 538      475F5F20 
 538      3600
 539 0df0 01       		.byte	0x1
 540 0df1 00       		.uleb128 0
 541 0df2 5F5F464C 		.ascii "__FLT_MIN_EXP__ (-125)\0"
 541      545F4D49 
 541      4E5F4558 
 541      505F5F20 
 541      282D3132 
 542 0e09 01       		.byte	0x1
 543 0e0a 00       		.uleb128 0
 544 0e0b 5F5F464C 		.ascii "__FLT_MIN_10_EXP__ (-37)\0"
 544      545F4D49 
 544      4E5F3130 
 544      5F455850 
 544      5F5F2028 
 545 0e24 01       		.byte	0x1
GAS LISTING C:\Users\PRESID~1\AppData\Local\Temp\ccc3TbDG.s 			page 20


 546 0e25 00       		.uleb128 0
 547 0e26 5F5F464C 		.ascii "__FLT_MAX_EXP__ 128\0"
 547      545F4D41 
 547      585F4558 
 547      505F5F20 
 547      31323800 
 548 0e3a 01       		.byte	0x1
 549 0e3b 00       		.uleb128 0
 550 0e3c 5F5F464C 		.ascii "__FLT_MAX_10_EXP__ 38\0"
 550      545F4D41 
 550      585F3130 
 550      5F455850 
 550      5F5F2033 
 551 0e52 01       		.byte	0x1
 552 0e53 00       		.uleb128 0
 553 0e54 5F5F464C 		.ascii "__FLT_DECIMAL_DIG__ 9\0"
 553      545F4445 
 553      43494D41 
 553      4C5F4449 
 553      475F5F20 
 554 0e6a 01       		.byte	0x1
 555 0e6b 00       		.uleb128 0
 556 0e6c 5F5F464C 		.ascii "__FLT_MAX__ 3.40282346638528859812e+38F\0"
 556      545F4D41 
 556      585F5F20 
 556      332E3430 
 556      32383233 
 557 0e94 01       		.byte	0x1
 558 0e95 00       		.uleb128 0
 559 0e96 5F5F464C 		.ascii "__FLT_MIN__ 1.17549435082228750797e-38F\0"
 559      545F4D49 
 559      4E5F5F20 
 559      312E3137 
 559      35343934 
 560 0ebe 01       		.byte	0x1
 561 0ebf 00       		.uleb128 0
 562 0ec0 5F5F464C 		.ascii "__FLT_EPSILON__ 1.19209289550781250000e-7F\0"
 562      545F4550 
 562      53494C4F 
 562      4E5F5F20 
 562      312E3139 
 563 0eeb 01       		.byte	0x1
 564 0eec 00       		.uleb128 0
 565 0eed 5F5F464C 		.ascii "__FLT_DENORM_MIN__ 1.40129846432481707092e-45F\0"
 565      545F4445 
 565      4E4F524D 
 565      5F4D494E 
 565      5F5F2031 
 566 0f1c 01       		.byte	0x1
 567 0f1d 00       		.uleb128 0
 568 0f1e 5F5F464C 		.ascii "__FLT_HAS_DENORM__ 1\0"
 568      545F4841 
 568      535F4445 
 568      4E4F524D 
 568      5F5F2031 
 569 0f33 01       		.byte	0x1
 570 0f34 00       		.uleb128 0
GAS LISTING C:\Users\PRESID~1\AppData\Local\Temp\ccc3TbDG.s 			page 21


 571 0f35 5F5F464C 		.ascii "__FLT_HAS_INFINITY__ 1\0"
 571      545F4841 
 571      535F494E 
 571      46494E49 
 571      54595F5F 
 572 0f4c 01       		.byte	0x1
 573 0f4d 00       		.uleb128 0
 574 0f4e 5F5F464C 		.ascii "__FLT_HAS_QUIET_NAN__ 1\0"
 574      545F4841 
 574      535F5155 
 574      4945545F 
 574      4E414E5F 
 575 0f66 01       		.byte	0x1
 576 0f67 00       		.uleb128 0
 577 0f68 5F5F4442 		.ascii "__DBL_MANT_DIG__ 53\0"
 577      4C5F4D41 
 577      4E545F44 
 577      49475F5F 
 577      20353300 
 578 0f7c 01       		.byte	0x1
 579 0f7d 00       		.uleb128 0
 580 0f7e 5F5F4442 		.ascii "__DBL_DIG__ 15\0"
 580      4C5F4449 
 580      475F5F20 
 580      313500
 581 0f8d 01       		.byte	0x1
 582 0f8e 00       		.uleb128 0
 583 0f8f 5F5F4442 		.ascii "__DBL_MIN_EXP__ (-1021)\0"
 583      4C5F4D49 
 583      4E5F4558 
 583      505F5F20 
 583      282D3130 
 584 0fa7 01       		.byte	0x1
 585 0fa8 00       		.uleb128 0
 586 0fa9 5F5F4442 		.ascii "__DBL_MIN_10_EXP__ (-307)\0"
 586      4C5F4D49 
 586      4E5F3130 
 586      5F455850 
 586      5F5F2028 
 587 0fc3 01       		.byte	0x1
 588 0fc4 00       		.uleb128 0
 589 0fc5 5F5F4442 		.ascii "__DBL_MAX_EXP__ 1024\0"
 589      4C5F4D41 
 589      585F4558 
 589      505F5F20 
 589      31303234 
 590 0fda 01       		.byte	0x1
 591 0fdb 00       		.uleb128 0
 592 0fdc 5F5F4442 		.ascii "__DBL_MAX_10_EXP__ 308\0"
 592      4C5F4D41 
 592      585F3130 
 592      5F455850 
 592      5F5F2033 
 593 0ff3 01       		.byte	0x1
 594 0ff4 00       		.uleb128 0
 595 0ff5 5F5F4442 		.ascii "__DBL_DECIMAL_DIG__ 17\0"
 595      4C5F4445 
GAS LISTING C:\Users\PRESID~1\AppData\Local\Temp\ccc3TbDG.s 			page 22


 595      43494D41 
 595      4C5F4449 
 595      475F5F20 
 596 100c 01       		.byte	0x1
 597 100d 00       		.uleb128 0
 598 100e 5F5F4442 		.ascii "__DBL_MAX__ ((double)1.79769313486231570815e+308L)\0"
 598      4C5F4D41 
 598      585F5F20 
 598      2828646F 
 598      75626C65 
 599 1041 01       		.byte	0x1
 600 1042 00       		.uleb128 0
 601 1043 5F5F4442 		.ascii "__DBL_MIN__ ((double)2.22507385850720138309e-308L)\0"
 601      4C5F4D49 
 601      4E5F5F20 
 601      2828646F 
 601      75626C65 
 602 1076 01       		.byte	0x1
 603 1077 00       		.uleb128 0
 604 1078 5F5F4442 		.ascii "__DBL_EPSILON__ ((double)2.22044604925031308085e-16L)\0"
 604      4C5F4550 
 604      53494C4F 
 604      4E5F5F20 
 604      2828646F 
 605 10ae 01       		.byte	0x1
 606 10af 00       		.uleb128 0
 607 10b0 5F5F4442 		.ascii "__DBL_DENORM_MIN__ ((double)4.94065645841246544177e-324L)\0"
 607      4C5F4445 
 607      4E4F524D 
 607      5F4D494E 
 607      5F5F2028 
 608 10ea 01       		.byte	0x1
 609 10eb 00       		.uleb128 0
 610 10ec 5F5F4442 		.ascii "__DBL_HAS_DENORM__ 1\0"
 610      4C5F4841 
 610      535F4445 
 610      4E4F524D 
 610      5F5F2031 
 611 1101 01       		.byte	0x1
 612 1102 00       		.uleb128 0
 613 1103 5F5F4442 		.ascii "__DBL_HAS_INFINITY__ 1\0"
 613      4C5F4841 
 613      535F494E 
 613      46494E49 
 613      54595F5F 
 614 111a 01       		.byte	0x1
 615 111b 00       		.uleb128 0
 616 111c 5F5F4442 		.ascii "__DBL_HAS_QUIET_NAN__ 1\0"
 616      4C5F4841 
 616      535F5155 
 616      4945545F 
 616      4E414E5F 
 617 1134 01       		.byte	0x1
 618 1135 00       		.uleb128 0
 619 1136 5F5F4C44 		.ascii "__LDBL_MANT_DIG__ 64\0"
 619      424C5F4D 
 619      414E545F 
GAS LISTING C:\Users\PRESID~1\AppData\Local\Temp\ccc3TbDG.s 			page 23


 619      4449475F 
 619      5F203634 
 620 114b 01       		.byte	0x1
 621 114c 00       		.uleb128 0
 622 114d 5F5F4C44 		.ascii "__LDBL_DIG__ 18\0"
 622      424C5F44 
 622      49475F5F 
 622      20313800 
 623 115d 01       		.byte	0x1
 624 115e 00       		.uleb128 0
 625 115f 5F5F4C44 		.ascii "__LDBL_MIN_EXP__ (-16381)\0"
 625      424C5F4D 
 625      494E5F45 
 625      58505F5F 
 625      20282D31 
 626 1179 01       		.byte	0x1
 627 117a 00       		.uleb128 0
 628 117b 5F5F4C44 		.ascii "__LDBL_MIN_10_EXP__ (-4931)\0"
 628      424C5F4D 
 628      494E5F31 
 628      305F4558 
 628      505F5F20 
 629 1197 01       		.byte	0x1
 630 1198 00       		.uleb128 0
 631 1199 5F5F4C44 		.ascii "__LDBL_MAX_EXP__ 16384\0"
 631      424C5F4D 
 631      41585F45 
 631      58505F5F 
 631      20313633 
 632 11b0 01       		.byte	0x1
 633 11b1 00       		.uleb128 0
 634 11b2 5F5F4C44 		.ascii "__LDBL_MAX_10_EXP__ 4932\0"
 634      424C5F4D 
 634      41585F31 
 634      305F4558 
 634      505F5F20 
 635 11cb 01       		.byte	0x1
 636 11cc 00       		.uleb128 0
 637 11cd 5F5F4445 		.ascii "__DECIMAL_DIG__ 21\0"
 637      43494D41 
 637      4C5F4449 
 637      475F5F20 
 637      323100
 638 11e0 01       		.byte	0x1
 639 11e1 00       		.uleb128 0
 640 11e2 5F5F4C44 		.ascii "__LDBL_MAX__ 1.18973149535723176502e+4932L\0"
 640      424C5F4D 
 640      41585F5F 
 640      20312E31 
 640      38393733 
 641 120d 01       		.byte	0x1
 642 120e 00       		.uleb128 0
 643 120f 5F5F4C44 		.ascii "__LDBL_MIN__ 3.36210314311209350626e-4932L\0"
 643      424C5F4D 
 643      494E5F5F 
 643      20332E33 
 643      36323130 
GAS LISTING C:\Users\PRESID~1\AppData\Local\Temp\ccc3TbDG.s 			page 24


 644 123a 01       		.byte	0x1
 645 123b 00       		.uleb128 0
 646 123c 5F5F4C44 		.ascii "__LDBL_EPSILON__ 1.08420217248550443401e-19L\0"
 646      424C5F45 
 646      5053494C 
 646      4F4E5F5F 
 646      20312E30 
 647 1269 01       		.byte	0x1
 648 126a 00       		.uleb128 0
 649 126b 5F5F4C44 		.ascii "__LDBL_DENORM_MIN__ 3.64519953188247460253e-4951L\0"
 649      424C5F44 
 649      454E4F52 
 649      4D5F4D49 
 649      4E5F5F20 
 650 129d 01       		.byte	0x1
 651 129e 00       		.uleb128 0
 652 129f 5F5F4C44 		.ascii "__LDBL_HAS_DENORM__ 1\0"
 652      424C5F48 
 652      41535F44 
 652      454E4F52 
 652      4D5F5F20 
 653 12b5 01       		.byte	0x1
 654 12b6 00       		.uleb128 0
 655 12b7 5F5F4C44 		.ascii "__LDBL_HAS_INFINITY__ 1\0"
 655      424C5F48 
 655      41535F49 
 655      4E46494E 
 655      4954595F 
 656 12cf 01       		.byte	0x1
 657 12d0 00       		.uleb128 0
 658 12d1 5F5F4C44 		.ascii "__LDBL_HAS_QUIET_NAN__ 1\0"
 658      424C5F48 
 658      41535F51 
 658      55494554 
 658      5F4E414E 
 659 12ea 01       		.byte	0x1
 660 12eb 00       		.uleb128 0
 661 12ec 5F5F4445 		.ascii "__DEC32_MANT_DIG__ 7\0"
 661      4333325F 
 661      4D414E54 
 661      5F444947 
 661      5F5F2037 
 662 1301 01       		.byte	0x1
 663 1302 00       		.uleb128 0
 664 1303 5F5F4445 		.ascii "__DEC32_MIN_EXP__ (-94)\0"
 664      4333325F 
 664      4D494E5F 
 664      4558505F 
 664      5F20282D 
 665 131b 01       		.byte	0x1
 666 131c 00       		.uleb128 0
 667 131d 5F5F4445 		.ascii "__DEC32_MAX_EXP__ 97\0"
 667      4333325F 
 667      4D41585F 
 667      4558505F 
 667      5F203937 
 668 1332 01       		.byte	0x1
GAS LISTING C:\Users\PRESID~1\AppData\Local\Temp\ccc3TbDG.s 			page 25


 669 1333 00       		.uleb128 0
 670 1334 5F5F4445 		.ascii "__DEC32_MIN__ 1E-95DF\0"
 670      4333325F 
 670      4D494E5F 
 670      5F203145 
 670      2D393544 
 671 134a 01       		.byte	0x1
 672 134b 00       		.uleb128 0
 673 134c 5F5F4445 		.ascii "__DEC32_MAX__ 9.999999E96DF\0"
 673      4333325F 
 673      4D41585F 
 673      5F20392E 
 673      39393939 
 674 1368 01       		.byte	0x1
 675 1369 00       		.uleb128 0
 676 136a 5F5F4445 		.ascii "__DEC32_EPSILON__ 1E-6DF\0"
 676      4333325F 
 676      45505349 
 676      4C4F4E5F 
 676      5F203145 
 677 1383 01       		.byte	0x1
 678 1384 00       		.uleb128 0
 679 1385 5F5F4445 		.ascii "__DEC32_SUBNORMAL_MIN__ 0.000001E-95DF\0"
 679      4333325F 
 679      5355424E 
 679      4F524D41 
 679      4C5F4D49 
 680 13ac 01       		.byte	0x1
 681 13ad 00       		.uleb128 0
 682 13ae 5F5F4445 		.ascii "__DEC64_MANT_DIG__ 16\0"
 682      4336345F 
 682      4D414E54 
 682      5F444947 
 682      5F5F2031 
 683 13c4 01       		.byte	0x1
 684 13c5 00       		.uleb128 0
 685 13c6 5F5F4445 		.ascii "__DEC64_MIN_EXP__ (-382)\0"
 685      4336345F 
 685      4D494E5F 
 685      4558505F 
 685      5F20282D 
 686 13df 01       		.byte	0x1
 687 13e0 00       		.uleb128 0
 688 13e1 5F5F4445 		.ascii "__DEC64_MAX_EXP__ 385\0"
 688      4336345F 
 688      4D41585F 
 688      4558505F 
 688      5F203338 
 689 13f7 01       		.byte	0x1
 690 13f8 00       		.uleb128 0
 691 13f9 5F5F4445 		.ascii "__DEC64_MIN__ 1E-383DD\0"
 691      4336345F 
 691      4D494E5F 
 691      5F203145 
 691      2D333833 
 692 1410 01       		.byte	0x1
 693 1411 00       		.uleb128 0
GAS LISTING C:\Users\PRESID~1\AppData\Local\Temp\ccc3TbDG.s 			page 26


 694 1412 5F5F4445 		.ascii "__DEC64_MAX__ 9.999999999999999E384DD\0"
 694      4336345F 
 694      4D41585F 
 694      5F20392E 
 694      39393939 
 695 1438 01       		.byte	0x1
 696 1439 00       		.uleb128 0
 697 143a 5F5F4445 		.ascii "__DEC64_EPSILON__ 1E-15DD\0"
 697      4336345F 
 697      45505349 
 697      4C4F4E5F 
 697      5F203145 
 698 1454 01       		.byte	0x1
 699 1455 00       		.uleb128 0
 700 1456 5F5F4445 		.ascii "__DEC64_SUBNORMAL_MIN__ 0.000000000000001E-383DD\0"
 700      4336345F 
 700      5355424E 
 700      4F524D41 
 700      4C5F4D49 
 701 1487 01       		.byte	0x1
 702 1488 00       		.uleb128 0
 703 1489 5F5F4445 		.ascii "__DEC128_MANT_DIG__ 34\0"
 703      43313238 
 703      5F4D414E 
 703      545F4449 
 703      475F5F20 
 704 14a0 01       		.byte	0x1
 705 14a1 00       		.uleb128 0
 706 14a2 5F5F4445 		.ascii "__DEC128_MIN_EXP__ (-6142)\0"
 706      43313238 
 706      5F4D494E 
 706      5F455850 
 706      5F5F2028 
 707 14bd 01       		.byte	0x1
 708 14be 00       		.uleb128 0
 709 14bf 5F5F4445 		.ascii "__DEC128_MAX_EXP__ 6145\0"
 709      43313238 
 709      5F4D4158 
 709      5F455850 
 709      5F5F2036 
 710 14d7 01       		.byte	0x1
 711 14d8 00       		.uleb128 0
 712 14d9 5F5F4445 		.ascii "__DEC128_MIN__ 1E-6143DL\0"
 712      43313238 
 712      5F4D494E 
 712      5F5F2031 
 712      452D3631 
 713 14f2 01       		.byte	0x1
 714 14f3 00       		.uleb128 0
 715 14f4 5F5F4445 		.ascii "__DEC128_MAX__ 9.999999999999999999999999999999999E6144DL\0"
 715      43313238 
 715      5F4D4158 
 715      5F5F2039 
 715      2E393939 
 716 152e 01       		.byte	0x1
 717 152f 00       		.uleb128 0
 718 1530 5F5F4445 		.ascii "__DEC128_EPSILON__ 1E-33DL\0"
GAS LISTING C:\Users\PRESID~1\AppData\Local\Temp\ccc3TbDG.s 			page 27


 718      43313238 
 718      5F455053 
 718      494C4F4E 
 718      5F5F2031 
 719 154b 01       		.byte	0x1
 720 154c 00       		.uleb128 0
 721 154d 5F5F4445 		.ascii "__DEC128_SUBNORMAL_MIN__ 0.000000000000000000000000000000001E-6143DL\0"
 721      43313238 
 721      5F535542 
 721      4E4F524D 
 721      414C5F4D 
 722 1592 01       		.byte	0x1
 723 1593 00       		.uleb128 0
 724 1594 5F5F5245 		.ascii "__REGISTER_PREFIX__ \0"
 724      47495354 
 724      45525F50 
 724      52454649 
 724      585F5F20 
 725 15a9 01       		.byte	0x1
 726 15aa 00       		.uleb128 0
 727 15ab 5F5F5553 		.ascii "__USER_LABEL_PREFIX__ _\0"
 727      45525F4C 
 727      4142454C 
 727      5F505245 
 727      4649585F 
 728 15c3 01       		.byte	0x1
 729 15c4 00       		.uleb128 0
 730 15c5 5F5F474E 		.ascii "__GNUC_GNU_INLINE__ 1\0"
 730      55435F47 
 730      4E555F49 
 730      4E4C494E 
 730      455F5F20 
 731 15db 01       		.byte	0x1
 732 15dc 00       		.uleb128 0
 733 15dd 5F5F4E4F 		.ascii "__NO_INLINE__ 1\0"
 733      5F494E4C 
 733      494E455F 
 733      5F203100 
 734 15ed 01       		.byte	0x1
 735 15ee 00       		.uleb128 0
 736 15ef 5F5F5354 		.ascii "__STRICT_ANSI__ 1\0"
 736      52494354 
 736      5F414E53 
 736      495F5F20 
 736      3100
 737 1601 01       		.byte	0x1
 738 1602 00       		.uleb128 0
 739 1603 5F5F4743 		.ascii "__GCC_ATOMIC_BOOL_LOCK_FREE 1\0"
 739      435F4154 
 739      4F4D4943 
 739      5F424F4F 
 739      4C5F4C4F 
 740 1621 01       		.byte	0x1
 741 1622 00       		.uleb128 0
 742 1623 5F5F4743 		.ascii "__GCC_ATOMIC_CHAR_LOCK_FREE 1\0"
 742      435F4154 
 742      4F4D4943 
GAS LISTING C:\Users\PRESID~1\AppData\Local\Temp\ccc3TbDG.s 			page 28


 742      5F434841 
 742      525F4C4F 
 743 1641 01       		.byte	0x1
 744 1642 00       		.uleb128 0
 745 1643 5F5F4743 		.ascii "__GCC_ATOMIC_CHAR16_T_LOCK_FREE 1\0"
 745      435F4154 
 745      4F4D4943 
 745      5F434841 
 745      5231365F 
 746 1665 01       		.byte	0x1
 747 1666 00       		.uleb128 0
 748 1667 5F5F4743 		.ascii "__GCC_ATOMIC_CHAR32_T_LOCK_FREE 1\0"
 748      435F4154 
 748      4F4D4943 
 748      5F434841 
 748      5233325F 
 749 1689 01       		.byte	0x1
 750 168a 00       		.uleb128 0
 751 168b 5F5F4743 		.ascii "__GCC_ATOMIC_WCHAR_T_LOCK_FREE 1\0"
 751      435F4154 
 751      4F4D4943 
 751      5F574348 
 751      41525F54 
 752 16ac 01       		.byte	0x1
 753 16ad 00       		.uleb128 0
 754 16ae 5F5F4743 		.ascii "__GCC_ATOMIC_SHORT_LOCK_FREE 1\0"
 754      435F4154 
 754      4F4D4943 
 754      5F53484F 
 754      52545F4C 
 755 16cd 01       		.byte	0x1
 756 16ce 00       		.uleb128 0
 757 16cf 5F5F4743 		.ascii "__GCC_ATOMIC_INT_LOCK_FREE 1\0"
 757      435F4154 
 757      4F4D4943 
 757      5F494E54 
 757      5F4C4F43 
 758 16ec 01       		.byte	0x1
 759 16ed 00       		.uleb128 0
 760 16ee 5F5F4743 		.ascii "__GCC_ATOMIC_LONG_LOCK_FREE 1\0"
 760      435F4154 
 760      4F4D4943 
 760      5F4C4F4E 
 760      475F4C4F 
 761 170c 01       		.byte	0x1
 762 170d 00       		.uleb128 0
 763 170e 5F5F4743 		.ascii "__GCC_ATOMIC_LLONG_LOCK_FREE 1\0"
 763      435F4154 
 763      4F4D4943 
 763      5F4C4C4F 
 763      4E475F4C 
 764 172d 01       		.byte	0x1
 765 172e 00       		.uleb128 0
 766 172f 5F5F4743 		.ascii "__GCC_ATOMIC_TEST_AND_SET_TRUEVAL 1\0"
 766      435F4154 
 766      4F4D4943 
 766      5F544553 
GAS LISTING C:\Users\PRESID~1\AppData\Local\Temp\ccc3TbDG.s 			page 29


 766      545F414E 
 767 1753 01       		.byte	0x1
 768 1754 00       		.uleb128 0
 769 1755 5F5F4743 		.ascii "__GCC_ATOMIC_POINTER_LOCK_FREE 1\0"
 769      435F4154 
 769      4F4D4943 
 769      5F504F49 
 769      4E544552 
 770 1776 01       		.byte	0x1
 771 1777 00       		.uleb128 0
 772 1778 5F5F4743 		.ascii "__GCC_HAVE_DWARF2_CFI_ASM 1\0"
 772      435F4841 
 772      56455F44 
 772      57415246 
 772      325F4346 
 773 1794 01       		.byte	0x1
 774 1795 00       		.uleb128 0
 775 1796 5F5F5052 		.ascii "__PRAGMA_REDEFINE_EXTNAME 1\0"
 775      41474D41 
 775      5F524544 
 775      4546494E 
 775      455F4558 
 776 17b2 01       		.byte	0x1
 777 17b3 00       		.uleb128 0
 778 17b4 5F5F5349 		.ascii "__SIZEOF_WCHAR_T__ 2\0"
 778      5A454F46 
 778      5F574348 
 778      41525F54 
 778      5F5F2032 
 779 17c9 01       		.byte	0x1
 780 17ca 00       		.uleb128 0
 781 17cb 5F5F5349 		.ascii "__SIZEOF_WINT_T__ 2\0"
 781      5A454F46 
 781      5F57494E 
 781      545F545F 
 781      5F203200 
 782 17df 01       		.byte	0x1
 783 17e0 00       		.uleb128 0
 784 17e1 5F5F5349 		.ascii "__SIZEOF_PTRDIFF_T__ 4\0"
 784      5A454F46 
 784      5F505452 
 784      44494646 
 784      5F545F5F 
 785 17f8 01       		.byte	0x1
 786 17f9 00       		.uleb128 0
 787 17fa 5F5F6933 		.ascii "__i386 1\0"
 787      38362031 
 787      00
 788 1803 01       		.byte	0x1
 789 1804 00       		.uleb128 0
 790 1805 5F5F6933 		.ascii "__i386__ 1\0"
 790      38365F5F 
 790      203100
 791 1810 01       		.byte	0x1
 792 1811 00       		.uleb128 0
 793 1812 5F5F4154 		.ascii "__ATOMIC_HLE_ACQUIRE 65536\0"
 793      4F4D4943 
GAS LISTING C:\Users\PRESID~1\AppData\Local\Temp\ccc3TbDG.s 			page 30


 793      5F484C45 
 793      5F414351 
 793      55495245 
 794 182d 01       		.byte	0x1
 795 182e 00       		.uleb128 0
 796 182f 5F5F4154 		.ascii "__ATOMIC_HLE_RELEASE 131072\0"
 796      4F4D4943 
 796      5F484C45 
 796      5F52454C 
 796      45415345 
 797 184b 01       		.byte	0x1
 798 184c 00       		.uleb128 0
 799 184d 5F5F7475 		.ascii "__tune_i386__ 1\0"
 799      6E655F69 
 799      3338365F 
 799      5F203100 
 800 185d 01       		.byte	0x1
 801 185e 00       		.uleb128 0
 802 185f 5F5F636F 		.ascii "__code_model_32__ 1\0"
 802      64655F6D 
 802      6F64656C 
 802      5F33325F 
 802      5F203100 
 803 1873 01       		.byte	0x1
 804 1874 00       		.uleb128 0
 805 1875 5F583836 		.ascii "_X86_ 1\0"
 805      5F203100 
 806 187d 01       		.byte	0x1
 807 187e 00       		.uleb128 0
 808 187f 5F5F7374 		.ascii "__stdcall __attribute__((__stdcall__))\0"
 808      6463616C 
 808      6C205F5F 
 808      61747472 
 808      69627574 
 809 18a6 01       		.byte	0x1
 810 18a7 00       		.uleb128 0
 811 18a8 5F5F6661 		.ascii "__fastcall __attribute__((__fastcall__))\0"
 811      73746361 
 811      6C6C205F 
 811      5F617474 
 811      72696275 
 812 18d1 01       		.byte	0x1
 813 18d2 00       		.uleb128 0
 814 18d3 5F5F7468 		.ascii "__thiscall __attribute__((__thiscall__))\0"
 814      69736361 
 814      6C6C205F 
 814      5F617474 
 814      72696275 
 815 18fc 01       		.byte	0x1
 816 18fd 00       		.uleb128 0
 817 18fe 5F5F6364 		.ascii "__cdecl __attribute__((__cdecl__))\0"
 817      65636C20 
 817      5F5F6174 
 817      74726962 
 817      7574655F 
 818 1921 01       		.byte	0x1
 819 1922 00       		.uleb128 0
GAS LISTING C:\Users\PRESID~1\AppData\Local\Temp\ccc3TbDG.s 			page 31


 820 1923 5F5F4758 		.ascii "__GXX_MERGED_TYPEINFO_NAMES 0\0"
 820      585F4D45 
 820      52474544 
 820      5F545950 
 820      45494E46 
 821 1941 01       		.byte	0x1
 822 1942 00       		.uleb128 0
 823 1943 5F5F4758 		.ascii "__GXX_TYPEINFO_EQUALITY_INLINE 0\0"
 823      585F5459 
 823      5045494E 
 823      464F5F45 
 823      5155414C 
 824 1964 01       		.byte	0x1
 825 1965 00       		.uleb128 0
 826 1966 5F5F4D53 		.ascii "__MSVCRT__ 1\0"
 826      56435254 
 826      5F5F2031 
 826      00
 827 1973 01       		.byte	0x1
 828 1974 00       		.uleb128 0
 829 1975 5F5F4D49 		.ascii "__MINGW32__ 1\0"
 829      4E475733 
 829      325F5F20 
 829      3100
 830 1983 01       		.byte	0x1
 831 1984 00       		.uleb128 0
 832 1985 5F57494E 		.ascii "_WIN32 1\0"
 832      33322031 
 832      00
 833 198e 01       		.byte	0x1
 834 198f 00       		.uleb128 0
 835 1990 5F5F5749 		.ascii "__WIN32 1\0"
 835      4E333220 
 835      3100
 836 199a 01       		.byte	0x1
 837 199b 00       		.uleb128 0
 838 199c 5F5F5749 		.ascii "__WIN32__ 1\0"
 838      4E33325F 
 838      5F203100 
 839 19a8 01       		.byte	0x1
 840 19a9 00       		.uleb128 0
 841 19aa 5F5F5749 		.ascii "__WINNT 1\0"
 841      4E4E5420 
 841      3100
 842 19b4 01       		.byte	0x1
 843 19b5 00       		.uleb128 0
 844 19b6 5F5F5749 		.ascii "__WINNT__ 1\0"
 844      4E4E545F 
 844      5F203100 
 845 19c2 01       		.byte	0x1
 846 19c3 00       		.uleb128 0
 847 19c4 5F494E54 		.ascii "_INTEGRAL_MAX_BITS 64\0"
 847      45475241 
 847      4C5F4D41 
 847      585F4249 
 847      54532036 
 848 19da 01       		.byte	0x1
GAS LISTING C:\Users\PRESID~1\AppData\Local\Temp\ccc3TbDG.s 			page 32


 849 19db 00       		.uleb128 0
 850 19dc 5F5F6465 		.ascii "__declspec(x) __attribute__((x))\0"
 850      636C7370 
 850      65632878 
 850      29205F5F 
 850      61747472 
 851 19fd 01       		.byte	0x1
 852 19fe 00       		.uleb128 0
 853 19ff 5F5F4445 		.ascii "__DECIMAL_BID_FORMAT__ 1\0"
 853      43494D41 
 853      4C5F4249 
 853      445F464F 
 853      524D4154 
 854 1a18 01       		.byte	0x1
 855 1a19 00       		.uleb128 0
 856 1a1a 4346475F 		.ascii "CFG_PROCESSOR 3\0"
 856      50524F43 
 856      4553534F 
 856      52203300 
 857 1a2a 03       		.byte	0x3
 858 1a2b 00       		.uleb128 0
 859 1a2c 01       		.uleb128 0x1
 860              		.file 3 "E:/NeuOrga/Programmieren/c_cpp/github_os/input/src/os_base/os_firstinc.h"
 861 1a2d 03       		.byte	0x3
 862 1a2e 01       		.uleb128 0x1
 863 1a2f 03       		.uleb128 0x3
 864 1a30 01       		.byte	0x1
 865 1a31 02       		.uleb128 0x2
 866 1a32 5F6F735F 		.ascii "_os_firstinc_h_ \0"
 866      66697273 
 866      74696E63 
 866      5F685F20 
 866      00
 867 1a43 03       		.byte	0x3
 868 1a44 04       		.uleb128 0x4
 869 1a45 02       		.uleb128 0x2
 870 1a46 01       		.byte	0x1
 871 1a47 02       		.uleb128 0x2
 872 1a48 5F424153 		.ascii "_BASE_TYPES_H_ \0"
 872      455F5459 
 872      5045535F 
 872      485F2000 
 873 1a58 01       		.byte	0x1
 874 1a59 04       		.uleb128 0x4
 875 1a5a 494E5445 		.ascii "INTEGER_LLP64_IL32P64 1\0"
 875      4745525F 
 875      4C4C5036 
 875      345F494C 
 875      33325036 
 876 1a72 01       		.byte	0x1
 877 1a73 05       		.uleb128 0x5
 878 1a74 494E5445 		.ascii "INTEGER_LP64_I32LP64 2\0"
 878      4745525F 
 878      4C503634 
 878      5F493332 
 878      4C503634 
 879 1a8b 01       		.byte	0x1
GAS LISTING C:\Users\PRESID~1\AppData\Local\Temp\ccc3TbDG.s 			page 33


 880 1a8c 06       		.uleb128 0x6
 881 1a8d 494E5445 		.ascii "INTEGER_ILP64 3\0"
 881      4745525F 
 881      494C5036 
 881      34203300 
 882 1a9d 01       		.byte	0x1
 883 1a9e 07       		.uleb128 0x7
 884 1a9f 494E5445 		.ascii "INTEGER_SILP64 4\0"
 884      4745525F 
 884      53494C50 
 884      36342034 
 884      00
 885 1ab0 01       		.byte	0x1
 886 1ab1 09       		.uleb128 0x9
 887 1ab2 4350505F 		.ascii "CPP_VERSION_NONE 0\0"
 887      56455253 
 887      494F4E5F 
 887      4E4F4E45 
 887      203000
 888 1ac5 01       		.byte	0x1
 889 1ac6 0A       		.uleb128 0xa
 890 1ac7 4350505F 		.ascii "CPP_VERSION_1998 1\0"
 890      56455253 
 890      494F4E5F 
 890      31393938 
 890      203100
 891 1ada 01       		.byte	0x1
 892 1adb 0B       		.uleb128 0xb
 893 1adc 4350505F 		.ascii "CPP_VERSION_2003 2\0"
 893      56455253 
 893      494F4E5F 
 893      32303033 
 893      203200
 894 1aef 01       		.byte	0x1
 895 1af0 0C       		.uleb128 0xc
 896 1af1 4350505F 		.ascii "CPP_VERSION_2007 3\0"
 896      56455253 
 896      494F4E5F 
 896      32303037 
 896      203300
 897 1b04 01       		.byte	0x1
 898 1b05 0D       		.uleb128 0xd
 899 1b06 4350505F 		.ascii "CPP_VERSION_2011 4\0"
 899      56455253 
 899      494F4E5F 
 899      32303131 
 899      203400
 900 1b19 01       		.byte	0x1
 901 1b1a 0E       		.uleb128 0xe
 902 1b1b 49534F5F 		.ascii "ISO_CPP_VERSION CPP_VERSION_1998\0"
 902      4350505F 
 902      56455253 
 902      494F4E20 
 902      4350505F 
 903 1b3c 01       		.byte	0x1
 904 1b3d 10       		.uleb128 0x10
 905 1b3e 494E5445 		.ascii "INTEGER_MODEL INTEGER_LLP64_IL32P64\0"
GAS LISTING C:\Users\PRESID~1\AppData\Local\Temp\ccc3TbDG.s 			page 34


 905      4745525F 
 905      4D4F4445 
 905      4C20494E 
 905      54454745 
 906 1b62 04       		.byte	0x4
 907              		.file 4 "E:/NeuOrga/Programmieren/c_cpp/github_os/input/src/os_base/../os_base/os_common.h"
 908 1b63 03       		.byte	0x3
 909 1b64 05       		.uleb128 0x5
 910 1b65 04       		.uleb128 0x4
 911 1b66 01       		.byte	0x1
 912 1b67 02       		.uleb128 0x2
 913 1b68 5F6F735F 		.ascii "_os_common_h_ \0"
 913      636F6D6D 
 913      6F6E5F68 
 913      5F2000
 914 1b77 01       		.byte	0x1
 915 1b78 06       		.uleb128 0x6
 916 1b79 46616C73 		.ascii "False 0\0"
 916      65203000 
 917 1b81 01       		.byte	0x1
 918 1b82 07       		.uleb128 0x7
 919 1b83 54727565 		.ascii "True 1\0"
 919      203100
 920 1b8a 01       		.byte	0x1
 921 1b8b 08       		.uleb128 0x8
 922 1b8c 46414C53 		.ascii "FALSE False\0"
 922      45204661 
 922      6C736500 
 923 1b98 01       		.byte	0x1
 924 1b99 09       		.uleb128 0x9
 925 1b9a 54525545 		.ascii "TRUE True\0"
 925      20547275 
 925      6500
 926 1ba4 01       		.byte	0x1
 927 1ba5 0A       		.uleb128 0xa
 928 1ba6 41636365 		.ascii "Accepted 1\0"
 928      70746564 
 928      203100
 929 1bb1 01       		.byte	0x1
 930 1bb2 0B       		.uleb128 0xb
 931 1bb3 52656A65 		.ascii "Rejected 0\0"
 931      63746564 
 931      203000
 932 1bbe 01       		.byte	0x1
 933 1bbf 0C       		.uleb128 0xc
 934 1bc0 4C6F6361 		.ascii "Local static\0"
 934      6C207374 
 934      61746963 
 934      00
 935 1bcd 01       		.byte	0x1
 936 1bce 0D       		.uleb128 0xd
 937 1bcf 4C6F6361 		.ascii "Local_inline static __inline__\0"
 937      6C5F696E 
 937      6C696E65 
 937      20737461 
 937      74696320 
 938 1bee 01       		.byte	0x1
GAS LISTING C:\Users\PRESID~1\AppData\Local\Temp\ccc3TbDG.s 			page 35


 939 1bef 0E       		.uleb128 0xe
 940 1bf0 476C6F62 		.ascii "Global_inline __inline__\0"
 940      616C5F69 
 940      6E6C696E 
 940      65205F5F 
 940      696E6C69 
 941 1c09 01       		.byte	0x1
 942 1c0a 0F       		.uleb128 0xf
 943 1c0b 52656665 		.ascii "ReferenceUnusedParameter(x) ((x) = (x))\0"
 943      72656E63 
 943      65556E75 
 943      73656450 
 943      6172616D 
 944 1c33 01       		.byte	0x1
 945 1c34 12       		.uleb128 0x12
 946 1c35 634D4355 		.ascii "cMCU_SIMULATION 1\0"
 946      5F53494D 
 946      554C4154 
 946      494F4E20 
 946      3100
 947 1c47 01       		.byte	0x1
 948 1c48 13       		.uleb128 0x13
 949 1c49 634D4355 		.ascii "cMCU_POWERPC 2\0"
 949      5F504F57 
 949      45525043 
 949      203200
 950 1c58 01       		.byte	0x1
 951 1c59 14       		.uleb128 0x14
 952 1c5a 634D4355 		.ascii "cMCU_X86 3\0"
 952      5F583836 
 952      203300
 953 1c65 01       		.byte	0x1
 954 1c66 15       		.uleb128 0x15
 955 1c67 634D4355 		.ascii "cMCU_CORTEX_M4 4\0"
 955      5F434F52 
 955      5445585F 
 955      4D342034 
 955      00
 956 1c78 01       		.byte	0x1
 957 1c79 18       		.uleb128 0x18
 958 1c7a 4E525F4F 		.ascii "NR_OF_CORES 1\0"
 958      465F434F 
 958      52455320 
 958      3100
 959 1c88 01       		.byte	0x1
 960 1c89 25       		.uleb128 0x25
 961 1c8a 44697361 		.ascii "DisableInterrupts() \0"
 961      626C6549 
 961      6E746572 
 961      72757074 
 961      73282920 
 962 1c9f 01       		.byte	0x1
 963 1ca0 26       		.uleb128 0x26
 964 1ca1 456E6162 		.ascii "EnableInterrupts() \0"
 964      6C65496E 
 964      74657272 
 964      75707473 
GAS LISTING C:\Users\PRESID~1\AppData\Local\Temp\ccc3TbDG.s 			page 36


 964      28292000 
 965 1cb5 01       		.byte	0x1
 966 1cb6 27       		.uleb128 0x27
 967 1cb7 50726976 		.ascii "Privilige_level_save_current() \0"
 967      696C6967 
 967      655F6C65 
 967      76656C5F 
 967      73617665 
 968 1cd7 01       		.byte	0x1
 969 1cd8 28       		.uleb128 0x28
 970 1cd9 50726976 		.ascii "Privilige_level_enter_kernel_mode() \0"
 970      696C6967 
 970      655F6C65 
 970      76656C5F 
 970      656E7465 
 971 1cfe 01       		.byte	0x1
 972 1cff 29       		.uleb128 0x29
 973 1d00 50726976 		.ascii "Privilige_level_restore_saved() \0"
 973      696C6967 
 973      655F6C65 
 973      76656C5F 
 973      72657374 
 974 1d21 01       		.byte	0x1
 975 1d22 2A       		.uleb128 0x2a
 976 1d23 48616C74 		.ascii "HaltMcu() \0"
 976      4D637528 
 976      292000
 977 1d2e 04       		.byte	0x4
 978              		.file 5 "E:/NeuOrga/Programmieren/c_cpp/github_os/input/src/os_base/../os_base/os_ram.h"
 979 1d2f 03       		.byte	0x3
 980 1d30 07       		.uleb128 0x7
 981 1d31 05       		.uleb128 0x5
 982 1d32 01       		.byte	0x1
 983 1d33 02       		.uleb128 0x2
 984 1d34 5F4F535F 		.ascii "_OS_RAM_H_ \0"
 984      52414D5F 
 984      485F2000 
 985              		.file 6 "E:/NeuOrga/Programmieren/c_cpp/github_os/input/src/os_base/../os_base/os_firstinc.h"
 986 1d40 03       		.byte	0x3
 987 1d41 04       		.uleb128 0x4
 988 1d42 06       		.uleb128 0x6
 989 1d43 04       		.byte	0x4
 990              		.file 7 "E:/NeuOrga/Programmieren/c_cpp/github_os/input/src/os_base/../os_base/os_stack.h"
 991 1d44 03       		.byte	0x3
 992 1d45 05       		.uleb128 0x5
 993 1d46 07       		.uleb128 0x7
 994 1d47 01       		.byte	0x1
 995 1d48 02       		.uleb128 0x2
 996 1d49 5F6F735F 		.ascii "_os_stack_h_ \0"
 996      73746163 
 996      6B5F685F 
 996      2000
 997 1d57 01       		.byte	0x1
 998 1d58 04       		.uleb128 0x4
 999 1d59 4F535F53 		.ascii "OS_STACK_SIZE 0x100\0"
 999      5441434B 
 999      5F53495A 
GAS LISTING C:\Users\PRESID~1\AppData\Local\Temp\ccc3TbDG.s 			page 37


 999      45203078 
 999      31303000 
 1000 1d6d 01       		.byte	0x1
 1001 1d6e 06       		.uleb128 0x6
 1002 1d6f 4F535F53 		.ascii "OS_STACK_SIZE_END 0x01u\0"
 1002      5441434B 
 1002      5F53495A 
 1002      455F454E 
 1002      44203078 
 1003 1d87 04       		.byte	0x4
 1004              		.file 8 "E:/NeuOrga/Programmieren/c_cpp/github_os/input/src/os_base/../os_base/os_heap.h"
 1005 1d88 03       		.byte	0x3
 1006 1d89 06       		.uleb128 0x6
 1007 1d8a 08       		.uleb128 0x8
 1008 1d8b 01       		.byte	0x1
 1009 1d8c 02       		.uleb128 0x2
 1010 1d8d 5F6F735F 		.ascii "_os_heap_h_ \0"
 1010      68656170 
 1010      5F685F20 
 1010      00
 1011 1d9a 01       		.byte	0x1
 1012 1d9b 05       		.uleb128 0x5
 1013 1d9c 48454150 		.ascii "HEAP_SIZE 10000\0"
 1013      5F53495A 
 1013      45203130 
 1013      30303000 
 1014 1dac 01       		.byte	0x1
 1015 1dad 06       		.uleb128 0x6
 1016 1dae 4D494E5F 		.ascii "MIN_BLOCK_SIZE_HEAP 8\0"
 1016      424C4F43 
 1016      4B5F5349 
 1016      5A455F48 
 1016      45415020 
 1017 1dc4 01       		.byte	0x1
 1018 1dc5 09       		.uleb128 0x9
 1019 1dc6 48454150 		.ascii "HEAP_OFFSET_FOR_SIZE 0\0"
 1019      5F4F4646 
 1019      5345545F 
 1019      464F525F 
 1019      53495A45 
 1020 1ddd 01       		.byte	0x1
 1021 1dde 0A       		.uleb128 0xa
 1022 1ddf 48454150 		.ascii "HEAP_OFFSET_FOR_USED_SIZE 4\0"
 1022      5F4F4646 
 1022      5345545F 
 1022      464F525F 
 1022      55534544 
 1023 1dfb 01       		.byte	0x1
 1024 1dfc 0B       		.uleb128 0xb
 1025 1dfd 48454150 		.ascii "HEAP_OFFSET_FOR_CHUNK 8\0"
 1025      5F4F4646 
 1025      5345545F 
 1025      464F525F 
 1025      4348554E 
 1026 1e15 04       		.byte	0x4
 1027 1e16 04       		.byte	0x4
 1028              		.file 9 "E:/NeuOrga/Programmieren/c_cpp/github_os/input/src/os_base/../os_sim/lld_global.h"
GAS LISTING C:\Users\PRESID~1\AppData\Local\Temp\ccc3TbDG.s 			page 38


 1029 1e17 03       		.byte	0x3
 1030 1e18 0A       		.uleb128 0xa
 1031 1e19 09       		.uleb128 0x9
 1032 1e1a 01       		.byte	0x1
 1033 1e1b 02       		.uleb128 0x2
 1034 1e1c 5F6C6C64 		.ascii "_lld_global_h_ \0"
 1034      5F676C6F 
 1034      62616C5F 
 1034      685F2000 
 1035              		.file 10 "E:/NeuOrga/Programmieren/c_cpp/github_os/input/src/os_base/../os_sim/lld_core.h"
 1036 1e2c 03       		.byte	0x3
 1037 1e2d 04       		.uleb128 0x4
 1038 1e2e 0A       		.uleb128 0xa
 1039 1e2f 01       		.byte	0x1
 1040 1e30 02       		.uleb128 0x2
 1041 1e31 5F6C6C64 		.ascii "_lld_core_h_ \0"
 1041      5F636F72 
 1041      655F685F 
 1041      2000
 1042              		.file 11 "E:/NeuOrga/Programmieren/c_cpp/github_os/input/src/os_base/../os_sim/../os_base/os_first
 1043 1e3f 03       		.byte	0x3
 1044 1e40 03       		.uleb128 0x3
 1045 1e41 0B       		.uleb128 0xb
 1046 1e42 04       		.byte	0x4
 1047 1e43 04       		.byte	0x4
 1048              		.file 12 "E:/NeuOrga/Programmieren/c_cpp/github_os/input/src/os_base/../os_sim/lld_interrupt.h"
 1049 1e44 03       		.byte	0x3
 1050 1e45 05       		.uleb128 0x5
 1051 1e46 0C       		.uleb128 0xc
 1052 1e47 01       		.byte	0x1
 1053 1e48 02       		.uleb128 0x2
 1054 1e49 5F6C6C64 		.ascii "_lld_interrupt_h_ \0"
 1054      5F696E74 
 1054      65727275 
 1054      70745F68 
 1054      5F2000
 1055 1e5c 01       		.byte	0x1
 1056 1e5d 05       		.uleb128 0x5
 1057 1e5e 6F735F69 		.ascii "os_interrupt_swi_1 asm(\"swi 1\")\0"
 1057      6E746572 
 1057      72757074 
 1057      5F737769 
 1057      5F312061 
 1058 1e7e 01       		.byte	0x1
 1059 1e7f 06       		.uleb128 0x6
 1060 1e80 6F735F69 		.ascii "os_interrupt_swi_2 asm(\"swi 2\")\0"
 1060      6E746572 
 1060      72757074 
 1060      5F737769 
 1060      5F322061 
 1061 1ea0 01       		.byte	0x1
 1062 1ea1 07       		.uleb128 0x7
 1063 1ea2 6F735F69 		.ascii "os_interrupt_swi_3 asm(\"swi 3\")\0"
 1063      6E746572 
 1063      72757074 
 1063      5F737769 
 1063      5F332061 
GAS LISTING C:\Users\PRESID~1\AppData\Local\Temp\ccc3TbDG.s 			page 39


 1064 1ec2 01       		.byte	0x1
 1065 1ec3 08       		.uleb128 0x8
 1066 1ec4 6F735F69 		.ascii "os_interrupt_swi_4 asm(\"swi 4\")\0"
 1066      6E746572 
 1066      72757074 
 1066      5F737769 
 1066      5F342061 
 1067 1ee4 01       		.byte	0x1
 1068 1ee5 09       		.uleb128 0x9
 1069 1ee6 6F735F69 		.ascii "os_interrupt_swi_5 asm(\"swi 5\")\0"
 1069      6E746572 
 1069      72757074 
 1069      5F737769 
 1069      5F352061 
 1070 1f06 04       		.byte	0x4
 1071              		.file 13 "E:/NeuOrga/Programmieren/c_cpp/github_os/input/src/os_base/../os_sim/lld_mmu.h"
 1072 1f07 03       		.byte	0x3
 1073 1f08 06       		.uleb128 0x6
 1074 1f09 0D       		.uleb128 0xd
 1075 1f0a 01       		.byte	0x1
 1076 1f0b 02       		.uleb128 0x2
 1077 1f0c 5F6C6C64 		.ascii "_lld_mmu_h_ \0"
 1077      5F6D6D75 
 1077      5F685F20 
 1077      00
 1078 1f19 04       		.byte	0x4
 1079              		.file 14 "E:/NeuOrga/Programmieren/c_cpp/github_os/input/src/os_base/../os_sim/lld_timer.h"
 1080 1f1a 03       		.byte	0x3
 1081 1f1b 07       		.uleb128 0x7
 1082 1f1c 0E       		.uleb128 0xe
 1083 1f1d 01       		.byte	0x1
 1084 1f1e 02       		.uleb128 0x2
 1085 1f1f 5F6C6C64 		.ascii "_lld_timer_h_ \0"
 1085      5F74696D 
 1085      65725F68 
 1085      5F2000
 1086 1f2e 04       		.byte	0x4
 1087              		.file 15 "E:/NeuOrga/Programmieren/c_cpp/github_os/input/src/os_base/../os_sim/lld_power.h"
 1088 1f2f 03       		.byte	0x3
 1089 1f30 08       		.uleb128 0x8
 1090 1f31 0F       		.uleb128 0xf
 1091 1f32 01       		.byte	0x1
 1092 1f33 02       		.uleb128 0x2
 1093 1f34 5F6C6C64 		.ascii "_lld_power_h_ \0"
 1093      5F706F77 
 1093      65725F68 
 1093      5F2000
 1094 1f43 04       		.byte	0x4
 1095              		.file 16 "E:/NeuOrga/Programmieren/c_cpp/github_os/input/src/os_base/../os_sim/lld_ram.h"
 1096 1f44 03       		.byte	0x3
 1097 1f45 09       		.uleb128 0x9
 1098 1f46 10       		.uleb128 0x10
 1099 1f47 01       		.byte	0x1
 1100 1f48 02       		.uleb128 0x2
 1101 1f49 5F6C6C64 		.ascii "_lld_ram_h_ \0"
 1101      5F72616D 
 1101      5F685F20 
GAS LISTING C:\Users\PRESID~1\AppData\Local\Temp\ccc3TbDG.s 			page 40


 1101      00
 1102 1f56 04       		.byte	0x4
 1103              		.file 17 "E:/NeuOrga/Programmieren/c_cpp/github_os/input/src/os_base/../os_sim/../os_base/os_task_
 1104 1f57 03       		.byte	0x3
 1105 1f58 0A       		.uleb128 0xa
 1106 1f59 11       		.uleb128 0x11
 1107 1f5a 01       		.byte	0x1
 1108 1f5b 02       		.uleb128 0x2
 1109 1f5c 5F6F735F 		.ascii "_os_task_common_h_ \0"
 1109      7461736B 
 1109      5F636F6D 
 1109      6D6F6E5F 
 1109      685F2000 
 1110              		.file 18 "E:/NeuOrga/Programmieren/c_cpp/github_os/input/src/os_base/../os_sim/../os_base/os_task_
 1111 1f70 03       		.byte	0x3
 1112 1f71 04       		.uleb128 0x4
 1113 1f72 12       		.uleb128 0x12
 1114 1f73 01       		.byte	0x1
 1115 1f74 02       		.uleb128 0x2
 1116 1f75 5F6F735F 		.ascii "_os_task_config_h_ \0"
 1116      7461736B 
 1116      5F636F6E 
 1116      6669675F 
 1116      685F2000 
 1117 1f89 01       		.byte	0x1
 1118 1f8a 05       		.uleb128 0x5
 1119 1f8b 53636865 		.ascii "SchedulerFrequency (1.0e3)\0"
 1119      64756C65 
 1119      72467265 
 1119      7175656E 
 1119      63792028 
 1120 1fa6 01       		.byte	0x1
 1121 1fa7 06       		.uleb128 0x6
 1122 1fa8 4D696E54 		.ascii "MinTimeSlice_s (1.0/SchedulerFrequency)\0"
 1122      696D6553 
 1122      6C696365 
 1122      5F732028 
 1122      312E302F 
 1123 1fd0 01       		.byte	0x1
 1124 1fd1 07       		.uleb128 0x7
 1125 1fd2 4D696E54 		.ascii "MinTimeSlice_us ((1.0/SchedulerFrequency)*1e6)\0"
 1125      696D6553 
 1125      6C696365 
 1125      5F757320 
 1125      2828312E 
 1126 2001 01       		.byte	0x1
 1127 2002 08       		.uleb128 0x8
 1128 2003 5461736B 		.ascii "Task_min_time (1e0)\0"
 1128      5F6D696E 
 1128      5F74696D 
 1128      65202831 
 1128      65302900 
 1129 2017 01       		.byte	0x1
 1130 2018 09       		.uleb128 0x9
 1131 2019 4E554D42 		.ascii "NUMBER_OF_TASKS 5\0"
 1131      45525F4F 
 1131      465F5441 
GAS LISTING C:\Users\PRESID~1\AppData\Local\Temp\ccc3TbDG.s 			page 41


 1131      534B5320 
 1131      3500
 1132 202b 01       		.byte	0x1
 1133 202c 0A       		.uleb128 0xa
 1134 202d 4D41585F 		.ascii "MAX_RUN_QUEUE_SIZE (NUMBER_OF_TASKS)\0"
 1134      52554E5F 
 1134      51554555 
 1134      455F5349 
 1134      5A452028 
 1135 2052 01       		.byte	0x1
 1136 2053 0B       		.uleb128 0xb
 1137 2054 4D41585F 		.ascii "MAX_RUN_PQUEUE_SIZE MAX_RUN_QUEUE_SIZE\0"
 1137      52554E5F 
 1137      50515545 
 1137      55455F53 
 1137      495A4520 
 1138 207b 01       		.byte	0x1
 1139 207c 0D       		.uleb128 0xd
 1140 207d 5441534B 		.ascii "TASK_STACK_SIZE 200\0"
 1140      5F535441 
 1140      434B5F53 
 1140      495A4520 
 1140      32303000 
 1141 2091 01       		.byte	0x1
 1142 2092 10       		.uleb128 0x10
 1143 2093 4D535F50 		.ascii "MS_PER_SEC (1000)\0"
 1143      45525F53 
 1143      45432028 
 1143      31303030 
 1143      2900
 1144 20a5 01       		.byte	0x1
 1145 20a6 11       		.uleb128 0x11
 1146 20a7 5553455F 		.ascii "USE_STATIC_CREATED_TASKS True\0"
 1146      53544154 
 1146      49435F43 
 1146      52454154 
 1146      45445F54 
 1147 20c5 04       		.byte	0x4
 1148              		.file 19 "E:/NeuOrga/Programmieren/c_cpp/github_os/input/src/os_base/../os_sim/../os_base/os_init_
 1149 20c6 03       		.byte	0x3
 1150 20c7 05       		.uleb128 0x5
 1151 20c8 13       		.uleb128 0x13
 1152 20c9 01       		.byte	0x1
 1153 20ca 02       		.uleb128 0x2
 1154 20cb 5F6F735F 		.ascii "_os_init_task_system_h_ \0"
 1154      696E6974 
 1154      5F746173 
 1154      6B5F7379 
 1154      7374656D 
 1155 20e4 04       		.byte	0x4
 1156 20e5 01       		.byte	0x1
 1157 20e6 5C       		.uleb128 0x5c
 1158 20e7 6F735F53 		.ascii "os_SaveTaskPtr(task_ptr,task_name) (TASK_PTR[(task_name)] = (task_ptr))\0"
 1158      61766554 
 1158      61736B50 
 1158      74722874 
 1158      61736B5F 
GAS LISTING C:\Users\PRESID~1\AppData\Local\Temp\ccc3TbDG.s 			page 42


 1159 212f 01       		.byte	0x1
 1160 2130 5D       		.uleb128 0x5d
 1161 2131 6F735F47 		.ascii "os_GetTaskPtr(task_name) ((task_t*) TASK_PTR[(task_name)])\0"
 1161      65745461 
 1161      736B5074 
 1161      72287461 
 1161      736B5F6E 
 1162 216c 04       		.byte	0x4
 1163 216d 04       		.byte	0x4
 1164              		.file 20 "E:/NeuOrga/Programmieren/c_cpp/github_os/input/src/os_base/../os_user_code/led.h"
 1165 216e 03       		.byte	0x3
 1166 216f 0E       		.uleb128 0xe
 1167 2170 14       		.uleb128 0x14
 1168 2171 01       		.byte	0x1
 1169 2172 02       		.uleb128 0x2
 1170 2173 5F4C4544 		.ascii "_LED_H_ \0"
 1170      5F485F20 
 1170      00
 1171 217c 04       		.byte	0x4
 1172 217d 04       		.byte	0x4
 1173              		.file 21 "E:/NeuOrga/Programmieren/c_cpp/github_os/input/src/os_base/os_main.h"
 1174 217e 03       		.byte	0x3
 1175 217f 02       		.uleb128 0x2
 1176 2180 15       		.uleb128 0x15
 1177 2181 01       		.byte	0x1
 1178 2182 02       		.uleb128 0x2
 1179 2183 5F6F735F 		.ascii "_os_main_h_ \0"
 1179      6D61696E 
 1179      5F685F20 
 1179      00
 1180 2190 04       		.byte	0x4
 1181 2191 01       		.byte	0x1
 1182 2192 04       		.uleb128 0x4
 1183 2193 5359535F 		.ascii "SYS_HANDLER_CTRL_STATE_REG ((uint32*)0xE000ED24)\0"
 1183      48414E44 
 1183      4C45525F 
 1183      4354524C 
 1183      5F535441 
 1184 21c4 01       		.byte	0x1
 1185 21c5 05       		.uleb128 0x5
 1186 21c6 5359535F 		.ascii "SYS_HANDLER_CTRL_STATE_BIT_MASK_USGFAULTENA ((uint32)0x00040000)\0"
 1186      48414E44 
 1186      4C45525F 
 1186      4354524C 
 1186      5F535441 
 1187 2207 01       		.byte	0x1
 1188 2208 06       		.uleb128 0x6
 1189 2209 5359535F 		.ascii "SYS_HANDLER_CTRL_STATE_BIT_MASK_BUSFAULTENA ((uint32)0x00020000)\0"
 1189      48414E44 
 1189      4C45525F 
 1189      4354524C 
 1189      5F535441 
 1190 224a 01       		.byte	0x1
 1191 224b 07       		.uleb128 0x7
 1192 224c 5359535F 		.ascii "SYS_HANDLER_CTRL_STATE_BIT_MASK_MEMFAULTENA ((uint32)0x00010000)\0"
 1192      48414E44 
 1192      4C45525F 
GAS LISTING C:\Users\PRESID~1\AppData\Local\Temp\ccc3TbDG.s 			page 43


 1192      4354524C 
 1192      5F535441 
 1193 228d 01       		.byte	0x1
 1194 228e 08       		.uleb128 0x8
 1195 228f 5359535F 		.ascii "SYS_HANDLER_CTRL_STATE_ENA_ALL_EXCEP (*SYS_HANDLER_CTRL_STATE_REG = *SYS_HANDLER_CTRL_STAT
 1195      48414E44 
 1195      4C45525F 
 1195      4354524C 
 1195      5F535441 
 1196 237a 04       		.byte	0x4
 1197 237b 00       		.byte	0
 1198              		.section	.debug_line,"dr"
 1199              	Ldebug_line0:
 1200 0000 DA020000 		.section	.debug_str,"dr"
 1200      0200C102 
 1200      00000101 
 1200      FB0E0D00 
 1200      01010101 
 1201              		.ident	"GCC: (GNU) 4.9.3"
GAS LISTING C:\Users\PRESID~1\AppData\Local\Temp\ccc3TbDG.s 			page 44


DEFINED SYMBOLS
                            *ABS*:00000000 os_start_os.c
C:\Users\PRESID~1\AppData\Local\Temp\ccc3TbDG.s:6      .text:00000000 _OS_START_OS

UNDEFINED SYMBOLS
_OS_STATE_HANDLER
