GAS LISTING C:\Users\PRESID~1\AppData\Local\Temp\ccqK67g8.s 			page 1


   1              		.file	"os_start_ext_prg.c"
   2              		.text
   3              	Ltext0:
   5              	_os_signatur_valid:
   6              	LFB0:
   7              		.file 1 "E:/NeuOrga/Programmieren/c_cpp/github_os/input/src/os_base/os_start_ext_prg.c"
   1:E:/NeuOrga/Programmieren/c_cpp/github_os/input/src/os_base\os_start_ext_prg.c **** #include "os_firstinc.h"
   2:E:/NeuOrga/Programmieren/c_cpp/github_os/input/src/os_base\os_start_ext_prg.c **** /*
   3:E:/NeuOrga/Programmieren/c_cpp/github_os/input/src/os_base\os_start_ext_prg.c ****    os_StartExtPrg: to be called with supervisor rights!!
   4:E:/NeuOrga/Programmieren/c_cpp/github_os/input/src/os_base\os_start_ext_prg.c **** */
   5:E:/NeuOrga/Programmieren/c_cpp/github_os/input/src/os_base\os_start_ext_prg.c **** Local unsigned_char_t os_signatur_valid(func_ptr_t LoadProgAddr, uint32 PrgSignatur, uint32 PrgSize
   6:E:/NeuOrga/Programmieren/c_cpp/github_os/input/src/os_base\os_start_ext_prg.c **** 
   7:E:/NeuOrga/Programmieren/c_cpp/github_os/input/src/os_base\os_start_ext_prg.c **** unsigned_char_t os_signatur_valid(func_ptr_t LoadProgAddr, uint32 PrgSignatur, uint32 PrgSize)
   8:E:/NeuOrga/Programmieren/c_cpp/github_os/input/src/os_base\os_start_ext_prg.c **** {
   8              		.loc 1 8 0
   9              		.cfi_startproc
  10 0000 55       		pushl	%ebp
  11              		.cfi_def_cfa_offset 8
  12              		.cfi_offset 5, -8
  13 0001 89E5     		movl	%esp, %ebp
  14              		.cfi_def_cfa_register 5
   9:E:/NeuOrga/Programmieren/c_cpp/github_os/input/src/os_base\os_start_ext_prg.c ****    /* no signature check currently wanted, because
  10:E:/NeuOrga/Programmieren/c_cpp/github_os/input/src/os_base\os_start_ext_prg.c ****    1. Asymetric Signature calculation takes lots of time
  11:E:/NeuOrga/Programmieren/c_cpp/github_os/input/src/os_base\os_start_ext_prg.c ****    2. Sym Hash + Asym Signature lack of official embedded implementation free to use
  12:E:/NeuOrga/Programmieren/c_cpp/github_os/input/src/os_base\os_start_ext_prg.c ****    3. Signature not in the scope of the project
  13:E:/NeuOrga/Programmieren/c_cpp/github_os/input/src/os_base\os_start_ext_prg.c ****    */
  14:E:/NeuOrga/Programmieren/c_cpp/github_os/input/src/os_base\os_start_ext_prg.c ****    ReferenceUnusedParameter(LoadProgAddr);
  15:E:/NeuOrga/Programmieren/c_cpp/github_os/input/src/os_base\os_start_ext_prg.c ****    ReferenceUnusedParameter(PrgSignatur);
  16:E:/NeuOrga/Programmieren/c_cpp/github_os/input/src/os_base\os_start_ext_prg.c ****    ReferenceUnusedParameter(PrgSize);
  17:E:/NeuOrga/Programmieren/c_cpp/github_os/input/src/os_base\os_start_ext_prg.c ****    return True;
  15              		.loc 1 17 0
  16 0003 B001     		movb	$1, %al
  18:E:/NeuOrga/Programmieren/c_cpp/github_os/input/src/os_base\os_start_ext_prg.c **** }
  17              		.loc 1 18 0
  18 0005 5D       		popl	%ebp
  19              		.cfi_restore 5
  20              		.cfi_def_cfa 4, 4
  21 0006 C3       		ret
  22              		.cfi_endproc
  23              	LFE0:
  24              		.globl	_OS_StartExtPrg
  26              	_OS_StartExtPrg:
  27              	LFB1:
  19:E:/NeuOrga/Programmieren/c_cpp/github_os/input/src/os_base\os_start_ext_prg.c **** void OS_StartExtPrg(func_ptr_t LoadProgAddr, uint32 PrgSignatur, uint32 PrgSize)
  20:E:/NeuOrga/Programmieren/c_cpp/github_os/input/src/os_base\os_start_ext_prg.c **** {
  28              		.loc 1 20 0
  29              		.cfi_startproc
  30 0007 55       		pushl	%ebp
  31              		.cfi_def_cfa_offset 8
  32              		.cfi_offset 5, -8
  33 0008 89E5     		movl	%esp, %ebp
  34              		.cfi_def_cfa_register 5
  35 000a 83EC18   		subl	$24, %esp
  21:E:/NeuOrga/Programmieren/c_cpp/github_os/input/src/os_base\os_start_ext_prg.c ****    /* 1. Check Program Signatur and size -> is it a signed Programm? (Chain of Trust) */
  22:E:/NeuOrga/Programmieren/c_cpp/github_os/input/src/os_base\os_start_ext_prg.c ****    if(os_signatur_valid(LoadProgAddr, PrgSignatur, PrgSize) == False)
  36              		.loc 1 22 0
  37 000d 8B4510   		movl	16(%ebp), %eax
GAS LISTING C:\Users\PRESID~1\AppData\Local\Temp\ccqK67g8.s 			page 2


  38 0010 89442408 		movl	%eax, 8(%esp)
  39 0014 8B450C   		movl	12(%ebp), %eax
  40 0017 89442404 		movl	%eax, 4(%esp)
  41 001b 8B4508   		movl	8(%ebp), %eax
  42 001e 890424   		movl	%eax, (%esp)
  43 0021 E8DAFFFF 		call	_os_signatur_valid
  43      FF
  44 0026 84C0     		testb	%al, %al
  45 0028 7502     		jne	L4
  23:E:/NeuOrga/Programmieren/c_cpp/github_os/input/src/os_base\os_start_ext_prg.c ****    {
  24:E:/NeuOrga/Programmieren/c_cpp/github_os/input/src/os_base\os_start_ext_prg.c ****       return;
  46              		.loc 1 24 0
  47 002a EB0F     		jmp	L3
  48              	L4:
  25:E:/NeuOrga/Programmieren/c_cpp/github_os/input/src/os_base\os_start_ext_prg.c ****    }
  26:E:/NeuOrga/Programmieren/c_cpp/github_os/input/src/os_base\os_start_ext_prg.c **** 
  27:E:/NeuOrga/Programmieren/c_cpp/github_os/input/src/os_base\os_start_ext_prg.c ****    /* 2. Switch off MMU (system mpu and core mpu, perhaps more mpu parts need to be switched off...
  28:E:/NeuOrga/Programmieren/c_cpp/github_os/input/src/os_base\os_start_ext_prg.c ****    LLF_MPU_DISABLE();
  49              		.loc 1 28 0
  50 002c E8000000 		call	_LLF_MPU_DISABLE
  50      00
  29:E:/NeuOrga/Programmieren/c_cpp/github_os/input/src/os_base\os_start_ext_prg.c ****    LLF_MPU_SWITCH_OFF_ALL_REGIONS();
  51              		.loc 1 29 0
  52 0031 E8000000 		call	_LLF_MPU_SWITCH_OFF_ALL_REGIONS
  52      00
  30:E:/NeuOrga/Programmieren/c_cpp/github_os/input/src/os_base\os_start_ext_prg.c ****    
  31:E:/NeuOrga/Programmieren/c_cpp/github_os/input/src/os_base\os_start_ext_prg.c **** 
  32:E:/NeuOrga/Programmieren/c_cpp/github_os/input/src/os_base\os_start_ext_prg.c ****    /* 3. Start ExtPrg */
  33:E:/NeuOrga/Programmieren/c_cpp/github_os/input/src/os_base\os_start_ext_prg.c ****    /*
  34:E:/NeuOrga/Programmieren/c_cpp/github_os/input/src/os_base\os_start_ext_prg.c ****    call function:
  35:E:/NeuOrga/Programmieren/c_cpp/github_os/input/src/os_base\os_start_ext_prg.c ****    different processors have different alignment requirements... be aware!!
  36:E:/NeuOrga/Programmieren/c_cpp/github_os/input/src/os_base\os_start_ext_prg.c ****    Might cause non alignment failures, in case the code in not aligned correctly
  37:E:/NeuOrga/Programmieren/c_cpp/github_os/input/src/os_base\os_start_ext_prg.c ****    */
  38:E:/NeuOrga/Programmieren/c_cpp/github_os/input/src/os_base\os_start_ext_prg.c ****    LoadProgAddr();
  53              		.loc 1 38 0
  54 0036 8B4508   		movl	8(%ebp), %eax
  55 0039 FFD0     		call	*%eax
  56              	L3:
  39:E:/NeuOrga/Programmieren/c_cpp/github_os/input/src/os_base\os_start_ext_prg.c **** }...
  57              		.loc 1 39 0
  58 003b C9       		leave
  59              		.cfi_restore 5
  60              		.cfi_def_cfa 4, 4
  61 003c C3       		ret
  62              		.cfi_endproc
  63              	LFE1:
  64              	Letext0:
  65              		.file 2 "E:/NeuOrga/Programmieren/c_cpp/github_os/input/src/os_base/../os_base/os_base_types.h"
  66              		.file 3 "E:/NeuOrga/Programmieren/c_cpp/github_os/input/src/os_base/../os_base/os_common.h"
  67 003d 909090   		.section	.debug_info,"dr"
  68              	Ldebug_info0:
  69 0000 0C020000 		.long	0x20c
  70 0004 0400     		.word	0x4
  71 0006 00000000 		.secrel32	Ldebug_abbrev0
  72 000a 04       		.byte	0x4
  73 000b 01       		.uleb128 0x1
  74 000c 474E5520 		.ascii "GNU C 4.9.3 -march=i386 -g3 -O0 -std=c90\0"
GAS LISTING C:\Users\PRESID~1\AppData\Local\Temp\ccqK67g8.s 			page 3


  74      4320342E 
  74      392E3320 
  74      2D6D6172 
  74      63683D69 
  75 0035 01       		.byte	0x1
  76 0036 453A5C4E 		.ascii "E:\\NeuOrga\\Programmieren\\c_cpp\\github_os\\input\\src\\os_base\\os_start_ext_prg.c\0"
  76      65754F72 
  76      67615C50 
  76      726F6772 
  76      616D6D69 
  77 0084 00000000 		.long	Ltext0
  78 0088 3D000000 		.long	Letext0-Ltext0
  79 008c 00000000 		.secrel32	Ldebug_line0
  80 0090 00000000 		.secrel32	Ldebug_macro0
  81 0094 02       		.uleb128 0x2
  82 0095 756E7369 		.ascii "unsigned_char_t\0"
  82      676E6564 
  82      5F636861 
  82      725F7400 
  83 00a5 02       		.byte	0x2
  84 00a6 1D       		.byte	0x1d
  85 00a7 AB000000 		.long	0xab
  86 00ab 03       		.uleb128 0x3
  87 00ac 01       		.byte	0x1
  88 00ad 08       		.byte	0x8
  89 00ae 756E7369 		.ascii "unsigned char\0"
  89      676E6564 
  89      20636861 
  89      7200
  90 00bc 03       		.uleb128 0x3
  91 00bd 02       		.byte	0x2
  92 00be 07       		.byte	0x7
  93 00bf 73686F72 		.ascii "short unsigned int\0"
  93      7420756E 
  93      7369676E 
  93      65642069 
  93      6E7400
  94 00d2 03       		.uleb128 0x3
  95 00d3 04       		.byte	0x4
  96 00d4 07       		.byte	0x7
  97 00d5 6C6F6E67 		.ascii "long unsigned int\0"
  97      20756E73 
  97      69676E65 
  97      6420696E 
  97      7400
  98 00e7 02       		.uleb128 0x2
  99 00e8 75696E74 		.ascii "uint32\0"
  99      333200
 100 00ef 02       		.byte	0x2
 101 00f0 23       		.byte	0x23
 102 00f1 D2000000 		.long	0xd2
 103 00f5 02       		.uleb128 0x2
 104 00f6 66756E63 		.ascii "func_ptr_t\0"
 104      5F707472 
 104      5F7400
 105 0101 03       		.byte	0x3
 106 0102 53       		.byte	0x53
GAS LISTING C:\Users\PRESID~1\AppData\Local\Temp\ccqK67g8.s 			page 4


 107 0103 07010000 		.long	0x107
 108 0107 04       		.uleb128 0x4
 109 0108 04       		.byte	0x4
 110 0109 0D010000 		.long	0x10d
 111 010d 05       		.uleb128 0x5
 112 010e 03       		.uleb128 0x3
 113 010f 04       		.byte	0x4
 114 0110 07       		.byte	0x7
 115 0111 756E7369 		.ascii "unsigned int\0"
 115      676E6564 
 115      20696E74 
 115      00
 116 011e 06       		.uleb128 0x6
 117 011f 6F735F73 		.ascii "os_signatur_valid\0"
 117      69676E61 
 117      7475725F 
 117      76616C69 
 117      6400
 118 0131 01       		.byte	0x1
 119 0132 07       		.byte	0x7
 120 0133 94000000 		.long	0x94
 121 0137 00000000 		.long	LFB0
 122 013b 07000000 		.long	LFE0-LFB0
 123 013f 01       		.uleb128 0x1
 124 0140 9C       		.byte	0x9c
 125 0141 74010000 		.long	0x174
 126 0145 07       		.uleb128 0x7
 127 0146 00000000 		.secrel32	LASF0
 128 014a 01       		.byte	0x1
 129 014b 07       		.byte	0x7
 130 014c F5000000 		.long	0xf5
 131 0150 02       		.uleb128 0x2
 132 0151 91       		.byte	0x91
 133 0152 00       		.sleb128 0
 134 0153 07       		.uleb128 0x7
 135 0154 0D000000 		.secrel32	LASF1
 136 0158 01       		.byte	0x1
 137 0159 07       		.byte	0x7
 138 015a E7000000 		.long	0xe7
 139 015e 02       		.uleb128 0x2
 140 015f 91       		.byte	0x91
 141 0160 04       		.sleb128 4
 142 0161 08       		.uleb128 0x8
 143 0162 50726753 		.ascii "PrgSize\0"
 143      697A6500 
 144 016a 01       		.byte	0x1
 145 016b 07       		.byte	0x7
 146 016c E7000000 		.long	0xe7
 147 0170 02       		.uleb128 0x2
 148 0171 91       		.byte	0x91
 149 0172 08       		.sleb128 8
 150 0173 00       		.byte	0
 151 0174 09       		.uleb128 0x9
 152 0175 4F535F53 		.ascii "OS_StartExtPrg\0"
 152      74617274 
 152      45787450 
 152      726700
GAS LISTING C:\Users\PRESID~1\AppData\Local\Temp\ccqK67g8.s 			page 5


 153 0184 01       		.byte	0x1
 154 0185 13       		.byte	0x13
 155 0186 07000000 		.long	LFB1
 156 018a 36000000 		.long	LFE1-LFB1
 157 018e 01       		.uleb128 0x1
 158 018f 9C       		.byte	0x9c
 159 0190 08020000 		.long	0x208
 160 0194 07       		.uleb128 0x7
 161 0195 00000000 		.secrel32	LASF0
 162 0199 01       		.byte	0x1
 163 019a 13       		.byte	0x13
 164 019b F5000000 		.long	0xf5
 165 019f 02       		.uleb128 0x2
 166 01a0 91       		.byte	0x91
 167 01a1 00       		.sleb128 0
 168 01a2 07       		.uleb128 0x7
 169 01a3 0D000000 		.secrel32	LASF1
 170 01a7 01       		.byte	0x1
 171 01a8 13       		.byte	0x13
 172 01a9 E7000000 		.long	0xe7
 173 01ad 02       		.uleb128 0x2
 174 01ae 91       		.byte	0x91
 175 01af 04       		.sleb128 4
 176 01b0 08       		.uleb128 0x8
 177 01b1 50726753 		.ascii "PrgSize\0"
 177      697A6500 
 178 01b9 01       		.byte	0x1
 179 01ba 13       		.byte	0x13
 180 01bb E7000000 		.long	0xe7
 181 01bf 02       		.uleb128 0x2
 182 01c0 91       		.byte	0x91
 183 01c1 08       		.sleb128 8
 184 01c2 0A       		.uleb128 0xa
 185 01c3 4C4C465F 		.ascii "LLF_MPU_DISABLE\0"
 185      4D50555F 
 185      44495341 
 185      424C4500 
 186 01d3 01       		.byte	0x1
 187 01d4 1C       		.byte	0x1c
 188 01d5 08020000 		.long	0x208
 189 01d9 DF010000 		.long	0x1df
 190 01dd 0B       		.uleb128 0xb
 191 01de 00       		.byte	0
 192 01df 0C       		.uleb128 0xc
 193 01e0 4C4C465F 		.ascii "LLF_MPU_SWITCH_OFF_ALL_REGIONS\0"
 193      4D50555F 
 193      53574954 
 193      43485F4F 
 193      46465F41 
 194 01ff 01       		.byte	0x1
 195 0200 1D       		.byte	0x1d
 196 0201 08020000 		.long	0x208
 197 0205 0B       		.uleb128 0xb
 198 0206 00       		.byte	0
 199 0207 00       		.byte	0
 200 0208 03       		.uleb128 0x3
 201 0209 04       		.byte	0x4
GAS LISTING C:\Users\PRESID~1\AppData\Local\Temp\ccqK67g8.s 			page 6


 202 020a 05       		.byte	0x5
 203 020b 696E7400 		.ascii "int\0"
 204 020f 00       		.byte	0
 205              		.section	.debug_abbrev,"dr"
 206              	Ldebug_abbrev0:
 207 0000 01       		.uleb128 0x1
 208 0001 11       		.uleb128 0x11
 209 0002 01       		.byte	0x1
 210 0003 25       		.uleb128 0x25
 211 0004 08       		.uleb128 0x8
 212 0005 13       		.uleb128 0x13
 213 0006 0B       		.uleb128 0xb
 214 0007 03       		.uleb128 0x3
 215 0008 08       		.uleb128 0x8
 216 0009 11       		.uleb128 0x11
 217 000a 01       		.uleb128 0x1
 218 000b 12       		.uleb128 0x12
 219 000c 06       		.uleb128 0x6
 220 000d 10       		.uleb128 0x10
 221 000e 17       		.uleb128 0x17
 222 000f 9942     		.uleb128 0x2119
 223 0011 17       		.uleb128 0x17
 224 0012 00       		.byte	0
 225 0013 00       		.byte	0
 226 0014 02       		.uleb128 0x2
 227 0015 16       		.uleb128 0x16
 228 0016 00       		.byte	0
 229 0017 03       		.uleb128 0x3
 230 0018 08       		.uleb128 0x8
 231 0019 3A       		.uleb128 0x3a
 232 001a 0B       		.uleb128 0xb
 233 001b 3B       		.uleb128 0x3b
 234 001c 0B       		.uleb128 0xb
 235 001d 49       		.uleb128 0x49
 236 001e 13       		.uleb128 0x13
 237 001f 00       		.byte	0
 238 0020 00       		.byte	0
 239 0021 03       		.uleb128 0x3
 240 0022 24       		.uleb128 0x24
 241 0023 00       		.byte	0
 242 0024 0B       		.uleb128 0xb
 243 0025 0B       		.uleb128 0xb
 244 0026 3E       		.uleb128 0x3e
 245 0027 0B       		.uleb128 0xb
 246 0028 03       		.uleb128 0x3
 247 0029 08       		.uleb128 0x8
 248 002a 00       		.byte	0
 249 002b 00       		.byte	0
 250 002c 04       		.uleb128 0x4
 251 002d 0F       		.uleb128 0xf
 252 002e 00       		.byte	0
 253 002f 0B       		.uleb128 0xb
 254 0030 0B       		.uleb128 0xb
 255 0031 49       		.uleb128 0x49
 256 0032 13       		.uleb128 0x13
 257 0033 00       		.byte	0
 258 0034 00       		.byte	0
GAS LISTING C:\Users\PRESID~1\AppData\Local\Temp\ccqK67g8.s 			page 7


 259 0035 05       		.uleb128 0x5
 260 0036 15       		.uleb128 0x15
 261 0037 00       		.byte	0
 262 0038 27       		.uleb128 0x27
 263 0039 19       		.uleb128 0x19
 264 003a 00       		.byte	0
 265 003b 00       		.byte	0
 266 003c 06       		.uleb128 0x6
 267 003d 2E       		.uleb128 0x2e
 268 003e 01       		.byte	0x1
 269 003f 03       		.uleb128 0x3
 270 0040 08       		.uleb128 0x8
 271 0041 3A       		.uleb128 0x3a
 272 0042 0B       		.uleb128 0xb
 273 0043 3B       		.uleb128 0x3b
 274 0044 0B       		.uleb128 0xb
 275 0045 27       		.uleb128 0x27
 276 0046 19       		.uleb128 0x19
 277 0047 49       		.uleb128 0x49
 278 0048 13       		.uleb128 0x13
 279 0049 11       		.uleb128 0x11
 280 004a 01       		.uleb128 0x1
 281 004b 12       		.uleb128 0x12
 282 004c 06       		.uleb128 0x6
 283 004d 40       		.uleb128 0x40
 284 004e 18       		.uleb128 0x18
 285 004f 9742     		.uleb128 0x2117
 286 0051 19       		.uleb128 0x19
 287 0052 01       		.uleb128 0x1
 288 0053 13       		.uleb128 0x13
 289 0054 00       		.byte	0
 290 0055 00       		.byte	0
 291 0056 07       		.uleb128 0x7
 292 0057 05       		.uleb128 0x5
 293 0058 00       		.byte	0
 294 0059 03       		.uleb128 0x3
 295 005a 0E       		.uleb128 0xe
 296 005b 3A       		.uleb128 0x3a
 297 005c 0B       		.uleb128 0xb
 298 005d 3B       		.uleb128 0x3b
 299 005e 0B       		.uleb128 0xb
 300 005f 49       		.uleb128 0x49
 301 0060 13       		.uleb128 0x13
 302 0061 02       		.uleb128 0x2
 303 0062 18       		.uleb128 0x18
 304 0063 00       		.byte	0
 305 0064 00       		.byte	0
 306 0065 08       		.uleb128 0x8
 307 0066 05       		.uleb128 0x5
 308 0067 00       		.byte	0
 309 0068 03       		.uleb128 0x3
 310 0069 08       		.uleb128 0x8
 311 006a 3A       		.uleb128 0x3a
 312 006b 0B       		.uleb128 0xb
 313 006c 3B       		.uleb128 0x3b
 314 006d 0B       		.uleb128 0xb
 315 006e 49       		.uleb128 0x49
GAS LISTING C:\Users\PRESID~1\AppData\Local\Temp\ccqK67g8.s 			page 8


 316 006f 13       		.uleb128 0x13
 317 0070 02       		.uleb128 0x2
 318 0071 18       		.uleb128 0x18
 319 0072 00       		.byte	0
 320 0073 00       		.byte	0
 321 0074 09       		.uleb128 0x9
 322 0075 2E       		.uleb128 0x2e
 323 0076 01       		.byte	0x1
 324 0077 3F       		.uleb128 0x3f
 325 0078 19       		.uleb128 0x19
 326 0079 03       		.uleb128 0x3
 327 007a 08       		.uleb128 0x8
 328 007b 3A       		.uleb128 0x3a
 329 007c 0B       		.uleb128 0xb
 330 007d 3B       		.uleb128 0x3b
 331 007e 0B       		.uleb128 0xb
 332 007f 27       		.uleb128 0x27
 333 0080 19       		.uleb128 0x19
 334 0081 11       		.uleb128 0x11
 335 0082 01       		.uleb128 0x1
 336 0083 12       		.uleb128 0x12
 337 0084 06       		.uleb128 0x6
 338 0085 40       		.uleb128 0x40
 339 0086 18       		.uleb128 0x18
 340 0087 9642     		.uleb128 0x2116
 341 0089 19       		.uleb128 0x19
 342 008a 01       		.uleb128 0x1
 343 008b 13       		.uleb128 0x13
 344 008c 00       		.byte	0
 345 008d 00       		.byte	0
 346 008e 0A       		.uleb128 0xa
 347 008f 2E       		.uleb128 0x2e
 348 0090 01       		.byte	0x1
 349 0091 3F       		.uleb128 0x3f
 350 0092 19       		.uleb128 0x19
 351 0093 03       		.uleb128 0x3
 352 0094 08       		.uleb128 0x8
 353 0095 3A       		.uleb128 0x3a
 354 0096 0B       		.uleb128 0xb
 355 0097 3B       		.uleb128 0x3b
 356 0098 0B       		.uleb128 0xb
 357 0099 49       		.uleb128 0x49
 358 009a 13       		.uleb128 0x13
 359 009b 3C       		.uleb128 0x3c
 360 009c 19       		.uleb128 0x19
 361 009d 01       		.uleb128 0x1
 362 009e 13       		.uleb128 0x13
 363 009f 00       		.byte	0
 364 00a0 00       		.byte	0
 365 00a1 0B       		.uleb128 0xb
 366 00a2 18       		.uleb128 0x18
 367 00a3 00       		.byte	0
 368 00a4 00       		.byte	0
 369 00a5 00       		.byte	0
 370 00a6 0C       		.uleb128 0xc
 371 00a7 2E       		.uleb128 0x2e
 372 00a8 01       		.byte	0x1
GAS LISTING C:\Users\PRESID~1\AppData\Local\Temp\ccqK67g8.s 			page 9


 373 00a9 3F       		.uleb128 0x3f
 374 00aa 19       		.uleb128 0x19
 375 00ab 03       		.uleb128 0x3
 376 00ac 08       		.uleb128 0x8
 377 00ad 3A       		.uleb128 0x3a
 378 00ae 0B       		.uleb128 0xb
 379 00af 3B       		.uleb128 0x3b
 380 00b0 0B       		.uleb128 0xb
 381 00b1 49       		.uleb128 0x49
 382 00b2 13       		.uleb128 0x13
 383 00b3 3C       		.uleb128 0x3c
 384 00b4 19       		.uleb128 0x19
 385 00b5 00       		.byte	0
 386 00b6 00       		.byte	0
 387 00b7 00       		.byte	0
 388              		.section	.debug_aranges,"dr"
 389 0000 1C000000 		.long	0x1c
 390 0004 0200     		.word	0x2
 391 0006 00000000 		.secrel32	Ldebug_info0
 392 000a 04       		.byte	0x4
 393 000b 00       		.byte	0
 394 000c 0000     		.word	0
 395 000e 0000     		.word	0
 396 0010 00000000 		.long	Ltext0
 397 0014 3D000000 		.long	Letext0-Ltext0
 398 0018 00000000 		.long	0
 399 001c 00000000 		.long	0
 400              		.section	.debug_macro,"dr"
 401              	Ldebug_macro0:
 402 0000 0400     		.word	0x4
 403 0002 02       		.byte	0x2
 404 0003 00000000 		.secrel32	Ldebug_line0
 405 0007 01       		.byte	0x1
 406 0008 00       		.uleb128 0
 407 0009 5F5F5354 		.ascii "__STDC__ 1\0"
 407      44435F5F 
 407      203100
 408 0014 01       		.byte	0x1
 409 0015 00       		.uleb128 0
 410 0016 5F5F5354 		.ascii "__STDC_HOSTED__ 1\0"
 410      44435F48 
 410      4F535445 
 410      445F5F20 
 410      3100
 411 0028 01       		.byte	0x1
 412 0029 00       		.uleb128 0
 413 002a 5F5F474E 		.ascii "__GNUC__ 4\0"
 413      55435F5F 
 413      203400
 414 0035 01       		.byte	0x1
 415 0036 00       		.uleb128 0
 416 0037 5F5F474E 		.ascii "__GNUC_MINOR__ 9\0"
 416      55435F4D 
 416      494E4F52 
 416      5F5F2039 
 416      00
 417 0048 01       		.byte	0x1
GAS LISTING C:\Users\PRESID~1\AppData\Local\Temp\ccqK67g8.s 			page 10


 418 0049 00       		.uleb128 0
 419 004a 5F5F474E 		.ascii "__GNUC_PATCHLEVEL__ 3\0"
 419      55435F50 
 419      41544348 
 419      4C455645 
 419      4C5F5F20 
 420 0060 01       		.byte	0x1
 421 0061 00       		.uleb128 0
 422 0062 5F5F5645 		.ascii "__VERSION__ \"4.9.3\"\0"
 422      5253494F 
 422      4E5F5F20 
 422      22342E39 
 422      2E332200 
 423 0076 01       		.byte	0x1
 424 0077 00       		.uleb128 0
 425 0078 5F5F4154 		.ascii "__ATOMIC_RELAXED 0\0"
 425      4F4D4943 
 425      5F52454C 
 425      41584544 
 425      203000
 426 008b 01       		.byte	0x1
 427 008c 00       		.uleb128 0
 428 008d 5F5F4154 		.ascii "__ATOMIC_SEQ_CST 5\0"
 428      4F4D4943 
 428      5F534551 
 428      5F435354 
 428      203500
 429 00a0 01       		.byte	0x1
 430 00a1 00       		.uleb128 0
 431 00a2 5F5F4154 		.ascii "__ATOMIC_ACQUIRE 2\0"
 431      4F4D4943 
 431      5F414351 
 431      55495245 
 431      203200
 432 00b5 01       		.byte	0x1
 433 00b6 00       		.uleb128 0
 434 00b7 5F5F4154 		.ascii "__ATOMIC_RELEASE 3\0"
 434      4F4D4943 
 434      5F52454C 
 434      45415345 
 434      203300
 435 00ca 01       		.byte	0x1
 436 00cb 00       		.uleb128 0
 437 00cc 5F5F4154 		.ascii "__ATOMIC_ACQ_REL 4\0"
 437      4F4D4943 
 437      5F414351 
 437      5F52454C 
 437      203400
 438 00df 01       		.byte	0x1
 439 00e0 00       		.uleb128 0
 440 00e1 5F5F4154 		.ascii "__ATOMIC_CONSUME 1\0"
 440      4F4D4943 
 440      5F434F4E 
 440      53554D45 
 440      203100
 441 00f4 01       		.byte	0x1
 442 00f5 00       		.uleb128 0
GAS LISTING C:\Users\PRESID~1\AppData\Local\Temp\ccqK67g8.s 			page 11


 443 00f6 5F5F4649 		.ascii "__FINITE_MATH_ONLY__ 0\0"
 443      4E495445 
 443      5F4D4154 
 443      485F4F4E 
 443      4C595F5F 
 444 010d 01       		.byte	0x1
 445 010e 00       		.uleb128 0
 446 010f 5F5F5349 		.ascii "__SIZEOF_INT__ 4\0"
 446      5A454F46 
 446      5F494E54 
 446      5F5F2034 
 446      00
 447 0120 01       		.byte	0x1
 448 0121 00       		.uleb128 0
 449 0122 5F5F5349 		.ascii "__SIZEOF_LONG__ 4\0"
 449      5A454F46 
 449      5F4C4F4E 
 449      475F5F20 
 449      3400
 450 0134 01       		.byte	0x1
 451 0135 00       		.uleb128 0
 452 0136 5F5F5349 		.ascii "__SIZEOF_LONG_LONG__ 8\0"
 452      5A454F46 
 452      5F4C4F4E 
 452      475F4C4F 
 452      4E475F5F 
 453 014d 01       		.byte	0x1
 454 014e 00       		.uleb128 0
 455 014f 5F5F5349 		.ascii "__SIZEOF_SHORT__ 2\0"
 455      5A454F46 
 455      5F53484F 
 455      52545F5F 
 455      203200
 456 0162 01       		.byte	0x1
 457 0163 00       		.uleb128 0
 458 0164 5F5F5349 		.ascii "__SIZEOF_FLOAT__ 4\0"
 458      5A454F46 
 458      5F464C4F 
 458      41545F5F 
 458      203400
 459 0177 01       		.byte	0x1
 460 0178 00       		.uleb128 0
 461 0179 5F5F5349 		.ascii "__SIZEOF_DOUBLE__ 8\0"
 461      5A454F46 
 461      5F444F55 
 461      424C455F 
 461      5F203800 
 462 018d 01       		.byte	0x1
 463 018e 00       		.uleb128 0
 464 018f 5F5F5349 		.ascii "__SIZEOF_LONG_DOUBLE__ 12\0"
 464      5A454F46 
 464      5F4C4F4E 
 464      475F444F 
 464      55424C45 
 465 01a9 01       		.byte	0x1
 466 01aa 00       		.uleb128 0
 467 01ab 5F5F5349 		.ascii "__SIZEOF_SIZE_T__ 4\0"
GAS LISTING C:\Users\PRESID~1\AppData\Local\Temp\ccqK67g8.s 			page 12


 467      5A454F46 
 467      5F53495A 
 467      455F545F 
 467      5F203400 
 468 01bf 01       		.byte	0x1
 469 01c0 00       		.uleb128 0
 470 01c1 5F5F4348 		.ascii "__CHAR_BIT__ 8\0"
 470      41525F42 
 470      49545F5F 
 470      203800
 471 01d0 01       		.byte	0x1
 472 01d1 00       		.uleb128 0
 473 01d2 5F5F4249 		.ascii "__BIGGEST_ALIGNMENT__ 16\0"
 473      47474553 
 473      545F414C 
 473      49474E4D 
 473      454E545F 
 474 01eb 01       		.byte	0x1
 475 01ec 00       		.uleb128 0
 476 01ed 5F5F4F52 		.ascii "__ORDER_LITTLE_ENDIAN__ 1234\0"
 476      4445525F 
 476      4C495454 
 476      4C455F45 
 476      4E444941 
 477 020a 01       		.byte	0x1
 478 020b 00       		.uleb128 0
 479 020c 5F5F4F52 		.ascii "__ORDER_BIG_ENDIAN__ 4321\0"
 479      4445525F 
 479      4249475F 
 479      454E4449 
 479      414E5F5F 
 480 0226 01       		.byte	0x1
 481 0227 00       		.uleb128 0
 482 0228 5F5F4F52 		.ascii "__ORDER_PDP_ENDIAN__ 3412\0"
 482      4445525F 
 482      5044505F 
 482      454E4449 
 482      414E5F5F 
 483 0242 01       		.byte	0x1
 484 0243 00       		.uleb128 0
 485 0244 5F5F4259 		.ascii "__BYTE_ORDER__ __ORDER_LITTLE_ENDIAN__\0"
 485      54455F4F 
 485      52444552 
 485      5F5F205F 
 485      5F4F5244 
 486 026b 01       		.byte	0x1
 487 026c 00       		.uleb128 0
 488 026d 5F5F464C 		.ascii "__FLOAT_WORD_ORDER__ __ORDER_LITTLE_ENDIAN__\0"
 488      4F41545F 
 488      574F5244 
 488      5F4F5244 
 488      45525F5F 
 489 029a 01       		.byte	0x1
 490 029b 00       		.uleb128 0
 491 029c 5F5F5349 		.ascii "__SIZEOF_POINTER__ 4\0"
 491      5A454F46 
 491      5F504F49 
GAS LISTING C:\Users\PRESID~1\AppData\Local\Temp\ccqK67g8.s 			page 13


 491      4E544552 
 491      5F5F2034 
 492 02b1 01       		.byte	0x1
 493 02b2 00       		.uleb128 0
 494 02b3 5F5F5349 		.ascii "__SIZE_TYPE__ unsigned int\0"
 494      5A455F54 
 494      5950455F 
 494      5F20756E 
 494      7369676E 
 495 02ce 01       		.byte	0x1
 496 02cf 00       		.uleb128 0
 497 02d0 5F5F5054 		.ascii "__PTRDIFF_TYPE__ int\0"
 497      52444946 
 497      465F5459 
 497      50455F5F 
 497      20696E74 
 498 02e5 01       		.byte	0x1
 499 02e6 00       		.uleb128 0
 500 02e7 5F5F5743 		.ascii "__WCHAR_TYPE__ short unsigned int\0"
 500      4841525F 
 500      54595045 
 500      5F5F2073 
 500      686F7274 
 501 0309 01       		.byte	0x1
 502 030a 00       		.uleb128 0
 503 030b 5F5F5749 		.ascii "__WINT_TYPE__ short unsigned int\0"
 503      4E545F54 
 503      5950455F 
 503      5F207368 
 503      6F727420 
 504 032c 01       		.byte	0x1
 505 032d 00       		.uleb128 0
 506 032e 5F5F494E 		.ascii "__INTMAX_TYPE__ long long int\0"
 506      544D4158 
 506      5F545950 
 506      455F5F20 
 506      6C6F6E67 
 507 034c 01       		.byte	0x1
 508 034d 00       		.uleb128 0
 509 034e 5F5F5549 		.ascii "__UINTMAX_TYPE__ long long unsigned int\0"
 509      4E544D41 
 509      585F5459 
 509      50455F5F 
 509      206C6F6E 
 510 0376 01       		.byte	0x1
 511 0377 00       		.uleb128 0
 512 0378 5F5F4348 		.ascii "__CHAR16_TYPE__ short unsigned int\0"
 512      41523136 
 512      5F545950 
 512      455F5F20 
 512      73686F72 
 513 039b 01       		.byte	0x1
 514 039c 00       		.uleb128 0
 515 039d 5F5F4348 		.ascii "__CHAR32_TYPE__ unsigned int\0"
 515      41523332 
 515      5F545950 
 515      455F5F20 
GAS LISTING C:\Users\PRESID~1\AppData\Local\Temp\ccqK67g8.s 			page 14


 515      756E7369 
 516 03ba 01       		.byte	0x1
 517 03bb 00       		.uleb128 0
 518 03bc 5F5F5349 		.ascii "__SIG_ATOMIC_TYPE__ int\0"
 518      475F4154 
 518      4F4D4943 
 518      5F545950 
 518      455F5F20 
 519 03d4 01       		.byte	0x1
 520 03d5 00       		.uleb128 0
 521 03d6 5F5F494E 		.ascii "__INT8_TYPE__ signed char\0"
 521      54385F54 
 521      5950455F 
 521      5F207369 
 521      676E6564 
 522 03f0 01       		.byte	0x1
 523 03f1 00       		.uleb128 0
 524 03f2 5F5F494E 		.ascii "__INT16_TYPE__ short int\0"
 524      5431365F 
 524      54595045 
 524      5F5F2073 
 524      686F7274 
 525 040b 01       		.byte	0x1
 526 040c 00       		.uleb128 0
 527 040d 5F5F494E 		.ascii "__INT32_TYPE__ int\0"
 527      5433325F 
 527      54595045 
 527      5F5F2069 
 527      6E7400
 528 0420 01       		.byte	0x1
 529 0421 00       		.uleb128 0
 530 0422 5F5F494E 		.ascii "__INT64_TYPE__ long long int\0"
 530      5436345F 
 530      54595045 
 530      5F5F206C 
 530      6F6E6720 
 531 043f 01       		.byte	0x1
 532 0440 00       		.uleb128 0
 533 0441 5F5F5549 		.ascii "__UINT8_TYPE__ unsigned char\0"
 533      4E54385F 
 533      54595045 
 533      5F5F2075 
 533      6E736967 
 534 045e 01       		.byte	0x1
 535 045f 00       		.uleb128 0
 536 0460 5F5F5549 		.ascii "__UINT16_TYPE__ short unsigned int\0"
 536      4E543136 
 536      5F545950 
 536      455F5F20 
 536      73686F72 
 537 0483 01       		.byte	0x1
 538 0484 00       		.uleb128 0
 539 0485 5F5F5549 		.ascii "__UINT32_TYPE__ unsigned int\0"
 539      4E543332 
 539      5F545950 
 539      455F5F20 
 539      756E7369 
GAS LISTING C:\Users\PRESID~1\AppData\Local\Temp\ccqK67g8.s 			page 15


 540 04a2 01       		.byte	0x1
 541 04a3 00       		.uleb128 0
 542 04a4 5F5F5549 		.ascii "__UINT64_TYPE__ long long unsigned int\0"
 542      4E543634 
 542      5F545950 
 542      455F5F20 
 542      6C6F6E67 
 543 04cb 01       		.byte	0x1
 544 04cc 00       		.uleb128 0
 545 04cd 5F5F494E 		.ascii "__INT_LEAST8_TYPE__ signed char\0"
 545      545F4C45 
 545      41535438 
 545      5F545950 
 545      455F5F20 
 546 04ed 01       		.byte	0x1
 547 04ee 00       		.uleb128 0
 548 04ef 5F5F494E 		.ascii "__INT_LEAST16_TYPE__ short int\0"
 548      545F4C45 
 548      41535431 
 548      365F5459 
 548      50455F5F 
 549 050e 01       		.byte	0x1
 550 050f 00       		.uleb128 0
 551 0510 5F5F494E 		.ascii "__INT_LEAST32_TYPE__ int\0"
 551      545F4C45 
 551      41535433 
 551      325F5459 
 551      50455F5F 
 552 0529 01       		.byte	0x1
 553 052a 00       		.uleb128 0
 554 052b 5F5F494E 		.ascii "__INT_LEAST64_TYPE__ long long int\0"
 554      545F4C45 
 554      41535436 
 554      345F5459 
 554      50455F5F 
 555 054e 01       		.byte	0x1
 556 054f 00       		.uleb128 0
 557 0550 5F5F5549 		.ascii "__UINT_LEAST8_TYPE__ unsigned char\0"
 557      4E545F4C 
 557      45415354 
 557      385F5459 
 557      50455F5F 
 558 0573 01       		.byte	0x1
 559 0574 00       		.uleb128 0
 560 0575 5F5F5549 		.ascii "__UINT_LEAST16_TYPE__ short unsigned int\0"
 560      4E545F4C 
 560      45415354 
 560      31365F54 
 560      5950455F 
 561 059e 01       		.byte	0x1
 562 059f 00       		.uleb128 0
 563 05a0 5F5F5549 		.ascii "__UINT_LEAST32_TYPE__ unsigned int\0"
 563      4E545F4C 
 563      45415354 
 563      33325F54 
 563      5950455F 
 564 05c3 01       		.byte	0x1
GAS LISTING C:\Users\PRESID~1\AppData\Local\Temp\ccqK67g8.s 			page 16


 565 05c4 00       		.uleb128 0
 566 05c5 5F5F5549 		.ascii "__UINT_LEAST64_TYPE__ long long unsigned int\0"
 566      4E545F4C 
 566      45415354 
 566      36345F54 
 566      5950455F 
 567 05f2 01       		.byte	0x1
 568 05f3 00       		.uleb128 0
 569 05f4 5F5F494E 		.ascii "__INT_FAST8_TYPE__ signed char\0"
 569      545F4641 
 569      5354385F 
 569      54595045 
 569      5F5F2073 
 570 0613 01       		.byte	0x1
 571 0614 00       		.uleb128 0
 572 0615 5F5F494E 		.ascii "__INT_FAST16_TYPE__ short int\0"
 572      545F4641 
 572      53543136 
 572      5F545950 
 572      455F5F20 
 573 0633 01       		.byte	0x1
 574 0634 00       		.uleb128 0
 575 0635 5F5F494E 		.ascii "__INT_FAST32_TYPE__ int\0"
 575      545F4641 
 575      53543332 
 575      5F545950 
 575      455F5F20 
 576 064d 01       		.byte	0x1
 577 064e 00       		.uleb128 0
 578 064f 5F5F494E 		.ascii "__INT_FAST64_TYPE__ long long int\0"
 578      545F4641 
 578      53543634 
 578      5F545950 
 578      455F5F20 
 579 0671 01       		.byte	0x1
 580 0672 00       		.uleb128 0
 581 0673 5F5F5549 		.ascii "__UINT_FAST8_TYPE__ unsigned char\0"
 581      4E545F46 
 581      41535438 
 581      5F545950 
 581      455F5F20 
 582 0695 01       		.byte	0x1
 583 0696 00       		.uleb128 0
 584 0697 5F5F5549 		.ascii "__UINT_FAST16_TYPE__ short unsigned int\0"
 584      4E545F46 
 584      41535431 
 584      365F5459 
 584      50455F5F 
 585 06bf 01       		.byte	0x1
 586 06c0 00       		.uleb128 0
 587 06c1 5F5F5549 		.ascii "__UINT_FAST32_TYPE__ unsigned int\0"
 587      4E545F46 
 587      41535433 
 587      325F5459 
 587      50455F5F 
 588 06e3 01       		.byte	0x1
 589 06e4 00       		.uleb128 0
GAS LISTING C:\Users\PRESID~1\AppData\Local\Temp\ccqK67g8.s 			page 17


 590 06e5 5F5F5549 		.ascii "__UINT_FAST64_TYPE__ long long unsigned int\0"
 590      4E545F46 
 590      41535436 
 590      345F5459 
 590      50455F5F 
 591 0711 01       		.byte	0x1
 592 0712 00       		.uleb128 0
 593 0713 5F5F494E 		.ascii "__INTPTR_TYPE__ int\0"
 593      54505452 
 593      5F545950 
 593      455F5F20 
 593      696E7400 
 594 0727 01       		.byte	0x1
 595 0728 00       		.uleb128 0
 596 0729 5F5F5549 		.ascii "__UINTPTR_TYPE__ unsigned int\0"
 596      4E545054 
 596      525F5459 
 596      50455F5F 
 596      20756E73 
 597 0747 01       		.byte	0x1
 598 0748 00       		.uleb128 0
 599 0749 5F5F6861 		.ascii "__has_include(STR) __has_include__(STR)\0"
 599      735F696E 
 599      636C7564 
 599      65285354 
 599      5229205F 
 600 0771 01       		.byte	0x1
 601 0772 00       		.uleb128 0
 602 0773 5F5F6861 		.ascii "__has_include_next(STR) __has_include_next__(STR)\0"
 602      735F696E 
 602      636C7564 
 602      655F6E65 
 602      78742853 
 603 07a5 01       		.byte	0x1
 604 07a6 00       		.uleb128 0
 605 07a7 5F5F4758 		.ascii "__GXX_ABI_VERSION 1002\0"
 605      585F4142 
 605      495F5645 
 605      5253494F 
 605      4E203130 
 606 07be 01       		.byte	0x1
 607 07bf 00       		.uleb128 0
 608 07c0 5F5F5343 		.ascii "__SCHAR_MAX__ 127\0"
 608      4841525F 
 608      4D41585F 
 608      5F203132 
 608      3700
 609 07d2 01       		.byte	0x1
 610 07d3 00       		.uleb128 0
 611 07d4 5F5F5348 		.ascii "__SHRT_MAX__ 32767\0"
 611      52545F4D 
 611      41585F5F 
 611      20333237 
 611      363700
 612 07e7 01       		.byte	0x1
 613 07e8 00       		.uleb128 0
 614 07e9 5F5F494E 		.ascii "__INT_MAX__ 2147483647\0"
GAS LISTING C:\Users\PRESID~1\AppData\Local\Temp\ccqK67g8.s 			page 18


 614      545F4D41 
 614      585F5F20 
 614      32313437 
 614      34383336 
 615 0800 01       		.byte	0x1
 616 0801 00       		.uleb128 0
 617 0802 5F5F4C4F 		.ascii "__LONG_MAX__ 2147483647L\0"
 617      4E475F4D 
 617      41585F5F 
 617      20323134 
 617      37343833 
 618 081b 01       		.byte	0x1
 619 081c 00       		.uleb128 0
 620 081d 5F5F4C4F 		.ascii "__LONG_LONG_MAX__ 9223372036854775807LL\0"
 620      4E475F4C 
 620      4F4E475F 
 620      4D41585F 
 620      5F203932 
 621 0845 01       		.byte	0x1
 622 0846 00       		.uleb128 0
 623 0847 5F5F5743 		.ascii "__WCHAR_MAX__ 65535\0"
 623      4841525F 
 623      4D41585F 
 623      5F203635 
 623      35333500 
 624 085b 01       		.byte	0x1
 625 085c 00       		.uleb128 0
 626 085d 5F5F5743 		.ascii "__WCHAR_MIN__ 0\0"
 626      4841525F 
 626      4D494E5F 
 626      5F203000 
 627 086d 01       		.byte	0x1
 628 086e 00       		.uleb128 0
 629 086f 5F5F5749 		.ascii "__WINT_MAX__ 65535\0"
 629      4E545F4D 
 629      41585F5F 
 629      20363535 
 629      333500
 630 0882 01       		.byte	0x1
 631 0883 00       		.uleb128 0
 632 0884 5F5F5749 		.ascii "__WINT_MIN__ 0\0"
 632      4E545F4D 
 632      494E5F5F 
 632      203000
 633 0893 01       		.byte	0x1
 634 0894 00       		.uleb128 0
 635 0895 5F5F5054 		.ascii "__PTRDIFF_MAX__ 2147483647\0"
 635      52444946 
 635      465F4D41 
 635      585F5F20 
 635      32313437 
 636 08b0 01       		.byte	0x1
 637 08b1 00       		.uleb128 0
 638 08b2 5F5F5349 		.ascii "__SIZE_MAX__ 4294967295U\0"
 638      5A455F4D 
 638      41585F5F 
 638      20343239 
GAS LISTING C:\Users\PRESID~1\AppData\Local\Temp\ccqK67g8.s 			page 19


 638      34393637 
 639 08cb 01       		.byte	0x1
 640 08cc 00       		.uleb128 0
 641 08cd 5F5F494E 		.ascii "__INTMAX_MAX__ 9223372036854775807LL\0"
 641      544D4158 
 641      5F4D4158 
 641      5F5F2039 
 641      32323333 
 642 08f2 01       		.byte	0x1
 643 08f3 00       		.uleb128 0
 644 08f4 5F5F494E 		.ascii "__INTMAX_C(c) c ## LL\0"
 644      544D4158 
 644      5F432863 
 644      29206320 
 644      2323204C 
 645 090a 01       		.byte	0x1
 646 090b 00       		.uleb128 0
 647 090c 5F5F5549 		.ascii "__UINTMAX_MAX__ 18446744073709551615ULL\0"
 647      4E544D41 
 647      585F4D41 
 647      585F5F20 
 647      31383434 
 648 0934 01       		.byte	0x1
 649 0935 00       		.uleb128 0
 650 0936 5F5F5549 		.ascii "__UINTMAX_C(c) c ## ULL\0"
 650      4E544D41 
 650      585F4328 
 650      63292063 
 650      20232320 
 651 094e 01       		.byte	0x1
 652 094f 00       		.uleb128 0
 653 0950 5F5F5349 		.ascii "__SIG_ATOMIC_MAX__ 2147483647\0"
 653      475F4154 
 653      4F4D4943 
 653      5F4D4158 
 653      5F5F2032 
 654 096e 01       		.byte	0x1
 655 096f 00       		.uleb128 0
 656 0970 5F5F5349 		.ascii "__SIG_ATOMIC_MIN__ (-__SIG_ATOMIC_MAX__ - 1)\0"
 656      475F4154 
 656      4F4D4943 
 656      5F4D494E 
 656      5F5F2028 
 657 099d 01       		.byte	0x1
 658 099e 00       		.uleb128 0
 659 099f 5F5F494E 		.ascii "__INT8_MAX__ 127\0"
 659      54385F4D 
 659      41585F5F 
 659      20313237 
 659      00
 660 09b0 01       		.byte	0x1
 661 09b1 00       		.uleb128 0
 662 09b2 5F5F494E 		.ascii "__INT16_MAX__ 32767\0"
 662      5431365F 
 662      4D41585F 
 662      5F203332 
 662      37363700 
GAS LISTING C:\Users\PRESID~1\AppData\Local\Temp\ccqK67g8.s 			page 20


 663 09c6 01       		.byte	0x1
 664 09c7 00       		.uleb128 0
 665 09c8 5F5F494E 		.ascii "__INT32_MAX__ 2147483647\0"
 665      5433325F 
 665      4D41585F 
 665      5F203231 
 665      34373438 
 666 09e1 01       		.byte	0x1
 667 09e2 00       		.uleb128 0
 668 09e3 5F5F494E 		.ascii "__INT64_MAX__ 9223372036854775807LL\0"
 668      5436345F 
 668      4D41585F 
 668      5F203932 
 668      32333337 
 669 0a07 01       		.byte	0x1
 670 0a08 00       		.uleb128 0
 671 0a09 5F5F5549 		.ascii "__UINT8_MAX__ 255\0"
 671      4E54385F 
 671      4D41585F 
 671      5F203235 
 671      3500
 672 0a1b 01       		.byte	0x1
 673 0a1c 00       		.uleb128 0
 674 0a1d 5F5F5549 		.ascii "__UINT16_MAX__ 65535\0"
 674      4E543136 
 674      5F4D4158 
 674      5F5F2036 
 674      35353335 
 675 0a32 01       		.byte	0x1
 676 0a33 00       		.uleb128 0
 677 0a34 5F5F5549 		.ascii "__UINT32_MAX__ 4294967295U\0"
 677      4E543332 
 677      5F4D4158 
 677      5F5F2034 
 677      32393439 
 678 0a4f 01       		.byte	0x1
 679 0a50 00       		.uleb128 0
 680 0a51 5F5F5549 		.ascii "__UINT64_MAX__ 18446744073709551615ULL\0"
 680      4E543634 
 680      5F4D4158 
 680      5F5F2031 
 680      38343436 
 681 0a78 01       		.byte	0x1
 682 0a79 00       		.uleb128 0
 683 0a7a 5F5F494E 		.ascii "__INT_LEAST8_MAX__ 127\0"
 683      545F4C45 
 683      41535438 
 683      5F4D4158 
 683      5F5F2031 
 684 0a91 01       		.byte	0x1
 685 0a92 00       		.uleb128 0
 686 0a93 5F5F494E 		.ascii "__INT8_C(c) c\0"
 686      54385F43 
 686      28632920 
 686      6300
 687 0aa1 01       		.byte	0x1
 688 0aa2 00       		.uleb128 0
GAS LISTING C:\Users\PRESID~1\AppData\Local\Temp\ccqK67g8.s 			page 21


 689 0aa3 5F5F494E 		.ascii "__INT_LEAST16_MAX__ 32767\0"
 689      545F4C45 
 689      41535431 
 689      365F4D41 
 689      585F5F20 
 690 0abd 01       		.byte	0x1
 691 0abe 00       		.uleb128 0
 692 0abf 5F5F494E 		.ascii "__INT16_C(c) c\0"
 692      5431365F 
 692      43286329 
 692      206300
 693 0ace 01       		.byte	0x1
 694 0acf 00       		.uleb128 0
 695 0ad0 5F5F494E 		.ascii "__INT_LEAST32_MAX__ 2147483647\0"
 695      545F4C45 
 695      41535433 
 695      325F4D41 
 695      585F5F20 
 696 0aef 01       		.byte	0x1
 697 0af0 00       		.uleb128 0
 698 0af1 5F5F494E 		.ascii "__INT32_C(c) c\0"
 698      5433325F 
 698      43286329 
 698      206300
 699 0b00 01       		.byte	0x1
 700 0b01 00       		.uleb128 0
 701 0b02 5F5F494E 		.ascii "__INT_LEAST64_MAX__ 9223372036854775807LL\0"
 701      545F4C45 
 701      41535436 
 701      345F4D41 
 701      585F5F20 
 702 0b2c 01       		.byte	0x1
 703 0b2d 00       		.uleb128 0
 704 0b2e 5F5F494E 		.ascii "__INT64_C(c) c ## LL\0"
 704      5436345F 
 704      43286329 
 704      20632023 
 704      23204C4C 
 705 0b43 01       		.byte	0x1
 706 0b44 00       		.uleb128 0
 707 0b45 5F5F5549 		.ascii "__UINT_LEAST8_MAX__ 255\0"
 707      4E545F4C 
 707      45415354 
 707      385F4D41 
 707      585F5F20 
 708 0b5d 01       		.byte	0x1
 709 0b5e 00       		.uleb128 0
 710 0b5f 5F5F5549 		.ascii "__UINT8_C(c) c\0"
 710      4E54385F 
 710      43286329 
 710      206300
 711 0b6e 01       		.byte	0x1
 712 0b6f 00       		.uleb128 0
 713 0b70 5F5F5549 		.ascii "__UINT_LEAST16_MAX__ 65535\0"
 713      4E545F4C 
 713      45415354 
 713      31365F4D 
GAS LISTING C:\Users\PRESID~1\AppData\Local\Temp\ccqK67g8.s 			page 22


 713      41585F5F 
 714 0b8b 01       		.byte	0x1
 715 0b8c 00       		.uleb128 0
 716 0b8d 5F5F5549 		.ascii "__UINT16_C(c) c\0"
 716      4E543136 
 716      5F432863 
 716      29206300 
 717 0b9d 01       		.byte	0x1
 718 0b9e 00       		.uleb128 0
 719 0b9f 5F5F5549 		.ascii "__UINT_LEAST32_MAX__ 4294967295U\0"
 719      4E545F4C 
 719      45415354 
 719      33325F4D 
 719      41585F5F 
 720 0bc0 01       		.byte	0x1
 721 0bc1 00       		.uleb128 0
 722 0bc2 5F5F5549 		.ascii "__UINT32_C(c) c ## U\0"
 722      4E543332 
 722      5F432863 
 722      29206320 
 722      23232055 
 723 0bd7 01       		.byte	0x1
 724 0bd8 00       		.uleb128 0
 725 0bd9 5F5F5549 		.ascii "__UINT_LEAST64_MAX__ 18446744073709551615ULL\0"
 725      4E545F4C 
 725      45415354 
 725      36345F4D 
 725      41585F5F 
 726 0c06 01       		.byte	0x1
 727 0c07 00       		.uleb128 0
 728 0c08 5F5F5549 		.ascii "__UINT64_C(c) c ## ULL\0"
 728      4E543634 
 728      5F432863 
 728      29206320 
 728      23232055 
 729 0c1f 01       		.byte	0x1
 730 0c20 00       		.uleb128 0
 731 0c21 5F5F494E 		.ascii "__INT_FAST8_MAX__ 127\0"
 731      545F4641 
 731      5354385F 
 731      4D41585F 
 731      5F203132 
 732 0c37 01       		.byte	0x1
 733 0c38 00       		.uleb128 0
 734 0c39 5F5F494E 		.ascii "__INT_FAST16_MAX__ 32767\0"
 734      545F4641 
 734      53543136 
 734      5F4D4158 
 734      5F5F2033 
 735 0c52 01       		.byte	0x1
 736 0c53 00       		.uleb128 0
 737 0c54 5F5F494E 		.ascii "__INT_FAST32_MAX__ 2147483647\0"
 737      545F4641 
 737      53543332 
 737      5F4D4158 
 737      5F5F2032 
 738 0c72 01       		.byte	0x1
GAS LISTING C:\Users\PRESID~1\AppData\Local\Temp\ccqK67g8.s 			page 23


 739 0c73 00       		.uleb128 0
 740 0c74 5F5F494E 		.ascii "__INT_FAST64_MAX__ 9223372036854775807LL\0"
 740      545F4641 
 740      53543634 
 740      5F4D4158 
 740      5F5F2039 
 741 0c9d 01       		.byte	0x1
 742 0c9e 00       		.uleb128 0
 743 0c9f 5F5F5549 		.ascii "__UINT_FAST8_MAX__ 255\0"
 743      4E545F46 
 743      41535438 
 743      5F4D4158 
 743      5F5F2032 
 744 0cb6 01       		.byte	0x1
 745 0cb7 00       		.uleb128 0
 746 0cb8 5F5F5549 		.ascii "__UINT_FAST16_MAX__ 65535\0"
 746      4E545F46 
 746      41535431 
 746      365F4D41 
 746      585F5F20 
 747 0cd2 01       		.byte	0x1
 748 0cd3 00       		.uleb128 0
 749 0cd4 5F5F5549 		.ascii "__UINT_FAST32_MAX__ 4294967295U\0"
 749      4E545F46 
 749      41535433 
 749      325F4D41 
 749      585F5F20 
 750 0cf4 01       		.byte	0x1
 751 0cf5 00       		.uleb128 0
 752 0cf6 5F5F5549 		.ascii "__UINT_FAST64_MAX__ 18446744073709551615ULL\0"
 752      4E545F46 
 752      41535436 
 752      345F4D41 
 752      585F5F20 
 753 0d22 01       		.byte	0x1
 754 0d23 00       		.uleb128 0
 755 0d24 5F5F494E 		.ascii "__INTPTR_MAX__ 2147483647\0"
 755      54505452 
 755      5F4D4158 
 755      5F5F2032 
 755      31343734 
 756 0d3e 01       		.byte	0x1
 757 0d3f 00       		.uleb128 0
 758 0d40 5F5F5549 		.ascii "__UINTPTR_MAX__ 4294967295U\0"
 758      4E545054 
 758      525F4D41 
 758      585F5F20 
 758      34323934 
 759 0d5c 01       		.byte	0x1
 760 0d5d 00       		.uleb128 0
 761 0d5e 5F5F4743 		.ascii "__GCC_IEC_559 2\0"
 761      435F4945 
 761      435F3535 
 761      39203200 
 762 0d6e 01       		.byte	0x1
 763 0d6f 00       		.uleb128 0
 764 0d70 5F5F4743 		.ascii "__GCC_IEC_559_COMPLEX 2\0"
GAS LISTING C:\Users\PRESID~1\AppData\Local\Temp\ccqK67g8.s 			page 24


 764      435F4945 
 764      435F3535 
 764      395F434F 
 764      4D504C45 
 765 0d88 01       		.byte	0x1
 766 0d89 00       		.uleb128 0
 767 0d8a 5F5F464C 		.ascii "__FLT_EVAL_METHOD__ 2\0"
 767      545F4556 
 767      414C5F4D 
 767      4554484F 
 767      445F5F20 
 768 0da0 01       		.byte	0x1
 769 0da1 00       		.uleb128 0
 770 0da2 5F5F4445 		.ascii "__DEC_EVAL_METHOD__ 2\0"
 770      435F4556 
 770      414C5F4D 
 770      4554484F 
 770      445F5F20 
 771 0db8 01       		.byte	0x1
 772 0db9 00       		.uleb128 0
 773 0dba 5F5F464C 		.ascii "__FLT_RADIX__ 2\0"
 773      545F5241 
 773      4449585F 
 773      5F203200 
 774 0dca 01       		.byte	0x1
 775 0dcb 00       		.uleb128 0
 776 0dcc 5F5F464C 		.ascii "__FLT_MANT_DIG__ 24\0"
 776      545F4D41 
 776      4E545F44 
 776      49475F5F 
 776      20323400 
 777 0de0 01       		.byte	0x1
 778 0de1 00       		.uleb128 0
 779 0de2 5F5F464C 		.ascii "__FLT_DIG__ 6\0"
 779      545F4449 
 779      475F5F20 
 779      3600
 780 0df0 01       		.byte	0x1
 781 0df1 00       		.uleb128 0
 782 0df2 5F5F464C 		.ascii "__FLT_MIN_EXP__ (-125)\0"
 782      545F4D49 
 782      4E5F4558 
 782      505F5F20 
 782      282D3132 
 783 0e09 01       		.byte	0x1
 784 0e0a 00       		.uleb128 0
 785 0e0b 5F5F464C 		.ascii "__FLT_MIN_10_EXP__ (-37)\0"
 785      545F4D49 
 785      4E5F3130 
 785      5F455850 
 785      5F5F2028 
 786 0e24 01       		.byte	0x1
 787 0e25 00       		.uleb128 0
 788 0e26 5F5F464C 		.ascii "__FLT_MAX_EXP__ 128\0"
 788      545F4D41 
 788      585F4558 
 788      505F5F20 
GAS LISTING C:\Users\PRESID~1\AppData\Local\Temp\ccqK67g8.s 			page 25


 788      31323800 
 789 0e3a 01       		.byte	0x1
 790 0e3b 00       		.uleb128 0
 791 0e3c 5F5F464C 		.ascii "__FLT_MAX_10_EXP__ 38\0"
 791      545F4D41 
 791      585F3130 
 791      5F455850 
 791      5F5F2033 
 792 0e52 01       		.byte	0x1
 793 0e53 00       		.uleb128 0
 794 0e54 5F5F464C 		.ascii "__FLT_DECIMAL_DIG__ 9\0"
 794      545F4445 
 794      43494D41 
 794      4C5F4449 
 794      475F5F20 
 795 0e6a 01       		.byte	0x1
 796 0e6b 00       		.uleb128 0
 797 0e6c 5F5F464C 		.ascii "__FLT_MAX__ 3.40282346638528859812e+38F\0"
 797      545F4D41 
 797      585F5F20 
 797      332E3430 
 797      32383233 
 798 0e94 01       		.byte	0x1
 799 0e95 00       		.uleb128 0
 800 0e96 5F5F464C 		.ascii "__FLT_MIN__ 1.17549435082228750797e-38F\0"
 800      545F4D49 
 800      4E5F5F20 
 800      312E3137 
 800      35343934 
 801 0ebe 01       		.byte	0x1
 802 0ebf 00       		.uleb128 0
 803 0ec0 5F5F464C 		.ascii "__FLT_EPSILON__ 1.19209289550781250000e-7F\0"
 803      545F4550 
 803      53494C4F 
 803      4E5F5F20 
 803      312E3139 
 804 0eeb 01       		.byte	0x1
 805 0eec 00       		.uleb128 0
 806 0eed 5F5F464C 		.ascii "__FLT_DENORM_MIN__ 1.40129846432481707092e-45F\0"
 806      545F4445 
 806      4E4F524D 
 806      5F4D494E 
 806      5F5F2031 
 807 0f1c 01       		.byte	0x1
 808 0f1d 00       		.uleb128 0
 809 0f1e 5F5F464C 		.ascii "__FLT_HAS_DENORM__ 1\0"
 809      545F4841 
 809      535F4445 
 809      4E4F524D 
 809      5F5F2031 
 810 0f33 01       		.byte	0x1
 811 0f34 00       		.uleb128 0
 812 0f35 5F5F464C 		.ascii "__FLT_HAS_INFINITY__ 1\0"
 812      545F4841 
 812      535F494E 
 812      46494E49 
 812      54595F5F 
GAS LISTING C:\Users\PRESID~1\AppData\Local\Temp\ccqK67g8.s 			page 26


 813 0f4c 01       		.byte	0x1
 814 0f4d 00       		.uleb128 0
 815 0f4e 5F5F464C 		.ascii "__FLT_HAS_QUIET_NAN__ 1\0"
 815      545F4841 
 815      535F5155 
 815      4945545F 
 815      4E414E5F 
 816 0f66 01       		.byte	0x1
 817 0f67 00       		.uleb128 0
 818 0f68 5F5F4442 		.ascii "__DBL_MANT_DIG__ 53\0"
 818      4C5F4D41 
 818      4E545F44 
 818      49475F5F 
 818      20353300 
 819 0f7c 01       		.byte	0x1
 820 0f7d 00       		.uleb128 0
 821 0f7e 5F5F4442 		.ascii "__DBL_DIG__ 15\0"
 821      4C5F4449 
 821      475F5F20 
 821      313500
 822 0f8d 01       		.byte	0x1
 823 0f8e 00       		.uleb128 0
 824 0f8f 5F5F4442 		.ascii "__DBL_MIN_EXP__ (-1021)\0"
 824      4C5F4D49 
 824      4E5F4558 
 824      505F5F20 
 824      282D3130 
 825 0fa7 01       		.byte	0x1
 826 0fa8 00       		.uleb128 0
 827 0fa9 5F5F4442 		.ascii "__DBL_MIN_10_EXP__ (-307)\0"
 827      4C5F4D49 
 827      4E5F3130 
 827      5F455850 
 827      5F5F2028 
 828 0fc3 01       		.byte	0x1
 829 0fc4 00       		.uleb128 0
 830 0fc5 5F5F4442 		.ascii "__DBL_MAX_EXP__ 1024\0"
 830      4C5F4D41 
 830      585F4558 
 830      505F5F20 
 830      31303234 
 831 0fda 01       		.byte	0x1
 832 0fdb 00       		.uleb128 0
 833 0fdc 5F5F4442 		.ascii "__DBL_MAX_10_EXP__ 308\0"
 833      4C5F4D41 
 833      585F3130 
 833      5F455850 
 833      5F5F2033 
 834 0ff3 01       		.byte	0x1
 835 0ff4 00       		.uleb128 0
 836 0ff5 5F5F4442 		.ascii "__DBL_DECIMAL_DIG__ 17\0"
 836      4C5F4445 
 836      43494D41 
 836      4C5F4449 
 836      475F5F20 
 837 100c 01       		.byte	0x1
 838 100d 00       		.uleb128 0
GAS LISTING C:\Users\PRESID~1\AppData\Local\Temp\ccqK67g8.s 			page 27


 839 100e 5F5F4442 		.ascii "__DBL_MAX__ ((double)1.79769313486231570815e+308L)\0"
 839      4C5F4D41 
 839      585F5F20 
 839      2828646F 
 839      75626C65 
 840 1041 01       		.byte	0x1
 841 1042 00       		.uleb128 0
 842 1043 5F5F4442 		.ascii "__DBL_MIN__ ((double)2.22507385850720138309e-308L)\0"
 842      4C5F4D49 
 842      4E5F5F20 
 842      2828646F 
 842      75626C65 
 843 1076 01       		.byte	0x1
 844 1077 00       		.uleb128 0
 845 1078 5F5F4442 		.ascii "__DBL_EPSILON__ ((double)2.22044604925031308085e-16L)\0"
 845      4C5F4550 
 845      53494C4F 
 845      4E5F5F20 
 845      2828646F 
 846 10ae 01       		.byte	0x1
 847 10af 00       		.uleb128 0
 848 10b0 5F5F4442 		.ascii "__DBL_DENORM_MIN__ ((double)4.94065645841246544177e-324L)\0"
 848      4C5F4445 
 848      4E4F524D 
 848      5F4D494E 
 848      5F5F2028 
 849 10ea 01       		.byte	0x1
 850 10eb 00       		.uleb128 0
 851 10ec 5F5F4442 		.ascii "__DBL_HAS_DENORM__ 1\0"
 851      4C5F4841 
 851      535F4445 
 851      4E4F524D 
 851      5F5F2031 
 852 1101 01       		.byte	0x1
 853 1102 00       		.uleb128 0
 854 1103 5F5F4442 		.ascii "__DBL_HAS_INFINITY__ 1\0"
 854      4C5F4841 
 854      535F494E 
 854      46494E49 
 854      54595F5F 
 855 111a 01       		.byte	0x1
 856 111b 00       		.uleb128 0
 857 111c 5F5F4442 		.ascii "__DBL_HAS_QUIET_NAN__ 1\0"
 857      4C5F4841 
 857      535F5155 
 857      4945545F 
 857      4E414E5F 
 858 1134 01       		.byte	0x1
 859 1135 00       		.uleb128 0
 860 1136 5F5F4C44 		.ascii "__LDBL_MANT_DIG__ 64\0"
 860      424C5F4D 
 860      414E545F 
 860      4449475F 
 860      5F203634 
 861 114b 01       		.byte	0x1
 862 114c 00       		.uleb128 0
 863 114d 5F5F4C44 		.ascii "__LDBL_DIG__ 18\0"
GAS LISTING C:\Users\PRESID~1\AppData\Local\Temp\ccqK67g8.s 			page 28


 863      424C5F44 
 863      49475F5F 
 863      20313800 
 864 115d 01       		.byte	0x1
 865 115e 00       		.uleb128 0
 866 115f 5F5F4C44 		.ascii "__LDBL_MIN_EXP__ (-16381)\0"
 866      424C5F4D 
 866      494E5F45 
 866      58505F5F 
 866      20282D31 
 867 1179 01       		.byte	0x1
 868 117a 00       		.uleb128 0
 869 117b 5F5F4C44 		.ascii "__LDBL_MIN_10_EXP__ (-4931)\0"
 869      424C5F4D 
 869      494E5F31 
 869      305F4558 
 869      505F5F20 
 870 1197 01       		.byte	0x1
 871 1198 00       		.uleb128 0
 872 1199 5F5F4C44 		.ascii "__LDBL_MAX_EXP__ 16384\0"
 872      424C5F4D 
 872      41585F45 
 872      58505F5F 
 872      20313633 
 873 11b0 01       		.byte	0x1
 874 11b1 00       		.uleb128 0
 875 11b2 5F5F4C44 		.ascii "__LDBL_MAX_10_EXP__ 4932\0"
 875      424C5F4D 
 875      41585F31 
 875      305F4558 
 875      505F5F20 
 876 11cb 01       		.byte	0x1
 877 11cc 00       		.uleb128 0
 878 11cd 5F5F4445 		.ascii "__DECIMAL_DIG__ 21\0"
 878      43494D41 
 878      4C5F4449 
 878      475F5F20 
 878      323100
 879 11e0 01       		.byte	0x1
 880 11e1 00       		.uleb128 0
 881 11e2 5F5F4C44 		.ascii "__LDBL_MAX__ 1.18973149535723176502e+4932L\0"
 881      424C5F4D 
 881      41585F5F 
 881      20312E31 
 881      38393733 
 882 120d 01       		.byte	0x1
 883 120e 00       		.uleb128 0
 884 120f 5F5F4C44 		.ascii "__LDBL_MIN__ 3.36210314311209350626e-4932L\0"
 884      424C5F4D 
 884      494E5F5F 
 884      20332E33 
 884      36323130 
 885 123a 01       		.byte	0x1
 886 123b 00       		.uleb128 0
 887 123c 5F5F4C44 		.ascii "__LDBL_EPSILON__ 1.08420217248550443401e-19L\0"
 887      424C5F45 
 887      5053494C 
GAS LISTING C:\Users\PRESID~1\AppData\Local\Temp\ccqK67g8.s 			page 29


 887      4F4E5F5F 
 887      20312E30 
 888 1269 01       		.byte	0x1
 889 126a 00       		.uleb128 0
 890 126b 5F5F4C44 		.ascii "__LDBL_DENORM_MIN__ 3.64519953188247460253e-4951L\0"
 890      424C5F44 
 890      454E4F52 
 890      4D5F4D49 
 890      4E5F5F20 
 891 129d 01       		.byte	0x1
 892 129e 00       		.uleb128 0
 893 129f 5F5F4C44 		.ascii "__LDBL_HAS_DENORM__ 1\0"
 893      424C5F48 
 893      41535F44 
 893      454E4F52 
 893      4D5F5F20 
 894 12b5 01       		.byte	0x1
 895 12b6 00       		.uleb128 0
 896 12b7 5F5F4C44 		.ascii "__LDBL_HAS_INFINITY__ 1\0"
 896      424C5F48 
 896      41535F49 
 896      4E46494E 
 896      4954595F 
 897 12cf 01       		.byte	0x1
 898 12d0 00       		.uleb128 0
 899 12d1 5F5F4C44 		.ascii "__LDBL_HAS_QUIET_NAN__ 1\0"
 899      424C5F48 
 899      41535F51 
 899      55494554 
 899      5F4E414E 
 900 12ea 01       		.byte	0x1
 901 12eb 00       		.uleb128 0
 902 12ec 5F5F4445 		.ascii "__DEC32_MANT_DIG__ 7\0"
 902      4333325F 
 902      4D414E54 
 902      5F444947 
 902      5F5F2037 
 903 1301 01       		.byte	0x1
 904 1302 00       		.uleb128 0
 905 1303 5F5F4445 		.ascii "__DEC32_MIN_EXP__ (-94)\0"
 905      4333325F 
 905      4D494E5F 
 905      4558505F 
 905      5F20282D 
 906 131b 01       		.byte	0x1
 907 131c 00       		.uleb128 0
 908 131d 5F5F4445 		.ascii "__DEC32_MAX_EXP__ 97\0"
 908      4333325F 
 908      4D41585F 
 908      4558505F 
 908      5F203937 
 909 1332 01       		.byte	0x1
 910 1333 00       		.uleb128 0
 911 1334 5F5F4445 		.ascii "__DEC32_MIN__ 1E-95DF\0"
 911      4333325F 
 911      4D494E5F 
 911      5F203145 
GAS LISTING C:\Users\PRESID~1\AppData\Local\Temp\ccqK67g8.s 			page 30


 911      2D393544 
 912 134a 01       		.byte	0x1
 913 134b 00       		.uleb128 0
 914 134c 5F5F4445 		.ascii "__DEC32_MAX__ 9.999999E96DF\0"
 914      4333325F 
 914      4D41585F 
 914      5F20392E 
 914      39393939 
 915 1368 01       		.byte	0x1
 916 1369 00       		.uleb128 0
 917 136a 5F5F4445 		.ascii "__DEC32_EPSILON__ 1E-6DF\0"
 917      4333325F 
 917      45505349 
 917      4C4F4E5F 
 917      5F203145 
 918 1383 01       		.byte	0x1
 919 1384 00       		.uleb128 0
 920 1385 5F5F4445 		.ascii "__DEC32_SUBNORMAL_MIN__ 0.000001E-95DF\0"
 920      4333325F 
 920      5355424E 
 920      4F524D41 
 920      4C5F4D49 
 921 13ac 01       		.byte	0x1
 922 13ad 00       		.uleb128 0
 923 13ae 5F5F4445 		.ascii "__DEC64_MANT_DIG__ 16\0"
 923      4336345F 
 923      4D414E54 
 923      5F444947 
 923      5F5F2031 
 924 13c4 01       		.byte	0x1
 925 13c5 00       		.uleb128 0
 926 13c6 5F5F4445 		.ascii "__DEC64_MIN_EXP__ (-382)\0"
 926      4336345F 
 926      4D494E5F 
 926      4558505F 
 926      5F20282D 
 927 13df 01       		.byte	0x1
 928 13e0 00       		.uleb128 0
 929 13e1 5F5F4445 		.ascii "__DEC64_MAX_EXP__ 385\0"
 929      4336345F 
 929      4D41585F 
 929      4558505F 
 929      5F203338 
 930 13f7 01       		.byte	0x1
 931 13f8 00       		.uleb128 0
 932 13f9 5F5F4445 		.ascii "__DEC64_MIN__ 1E-383DD\0"
 932      4336345F 
 932      4D494E5F 
 932      5F203145 
 932      2D333833 
 933 1410 01       		.byte	0x1
 934 1411 00       		.uleb128 0
 935 1412 5F5F4445 		.ascii "__DEC64_MAX__ 9.999999999999999E384DD\0"
 935      4336345F 
 935      4D41585F 
 935      5F20392E 
 935      39393939 
GAS LISTING C:\Users\PRESID~1\AppData\Local\Temp\ccqK67g8.s 			page 31


 936 1438 01       		.byte	0x1
 937 1439 00       		.uleb128 0
 938 143a 5F5F4445 		.ascii "__DEC64_EPSILON__ 1E-15DD\0"
 938      4336345F 
 938      45505349 
 938      4C4F4E5F 
 938      5F203145 
 939 1454 01       		.byte	0x1
 940 1455 00       		.uleb128 0
 941 1456 5F5F4445 		.ascii "__DEC64_SUBNORMAL_MIN__ 0.000000000000001E-383DD\0"
 941      4336345F 
 941      5355424E 
 941      4F524D41 
 941      4C5F4D49 
 942 1487 01       		.byte	0x1
 943 1488 00       		.uleb128 0
 944 1489 5F5F4445 		.ascii "__DEC128_MANT_DIG__ 34\0"
 944      43313238 
 944      5F4D414E 
 944      545F4449 
 944      475F5F20 
 945 14a0 01       		.byte	0x1
 946 14a1 00       		.uleb128 0
 947 14a2 5F5F4445 		.ascii "__DEC128_MIN_EXP__ (-6142)\0"
 947      43313238 
 947      5F4D494E 
 947      5F455850 
 947      5F5F2028 
 948 14bd 01       		.byte	0x1
 949 14be 00       		.uleb128 0
 950 14bf 5F5F4445 		.ascii "__DEC128_MAX_EXP__ 6145\0"
 950      43313238 
 950      5F4D4158 
 950      5F455850 
 950      5F5F2036 
 951 14d7 01       		.byte	0x1
 952 14d8 00       		.uleb128 0
 953 14d9 5F5F4445 		.ascii "__DEC128_MIN__ 1E-6143DL\0"
 953      43313238 
 953      5F4D494E 
 953      5F5F2031 
 953      452D3631 
 954 14f2 01       		.byte	0x1
 955 14f3 00       		.uleb128 0
 956 14f4 5F5F4445 		.ascii "__DEC128_MAX__ 9.999999999999999999999999999999999E6144DL\0"
 956      43313238 
 956      5F4D4158 
 956      5F5F2039 
 956      2E393939 
 957 152e 01       		.byte	0x1
 958 152f 00       		.uleb128 0
 959 1530 5F5F4445 		.ascii "__DEC128_EPSILON__ 1E-33DL\0"
 959      43313238 
 959      5F455053 
 959      494C4F4E 
 959      5F5F2031 
 960 154b 01       		.byte	0x1
GAS LISTING C:\Users\PRESID~1\AppData\Local\Temp\ccqK67g8.s 			page 32


 961 154c 00       		.uleb128 0
 962 154d 5F5F4445 		.ascii "__DEC128_SUBNORMAL_MIN__ 0.000000000000000000000000000000001E-6143DL\0"
 962      43313238 
 962      5F535542 
 962      4E4F524D 
 962      414C5F4D 
 963 1592 01       		.byte	0x1
 964 1593 00       		.uleb128 0
 965 1594 5F5F5245 		.ascii "__REGISTER_PREFIX__ \0"
 965      47495354 
 965      45525F50 
 965      52454649 
 965      585F5F20 
 966 15a9 01       		.byte	0x1
 967 15aa 00       		.uleb128 0
 968 15ab 5F5F5553 		.ascii "__USER_LABEL_PREFIX__ _\0"
 968      45525F4C 
 968      4142454C 
 968      5F505245 
 968      4649585F 
 969 15c3 01       		.byte	0x1
 970 15c4 00       		.uleb128 0
 971 15c5 5F5F474E 		.ascii "__GNUC_GNU_INLINE__ 1\0"
 971      55435F47 
 971      4E555F49 
 971      4E4C494E 
 971      455F5F20 
 972 15db 01       		.byte	0x1
 973 15dc 00       		.uleb128 0
 974 15dd 5F5F4E4F 		.ascii "__NO_INLINE__ 1\0"
 974      5F494E4C 
 974      494E455F 
 974      5F203100 
 975 15ed 01       		.byte	0x1
 976 15ee 00       		.uleb128 0
 977 15ef 5F5F5354 		.ascii "__STRICT_ANSI__ 1\0"
 977      52494354 
 977      5F414E53 
 977      495F5F20 
 977      3100
 978 1601 01       		.byte	0x1
 979 1602 00       		.uleb128 0
 980 1603 5F5F4743 		.ascii "__GCC_ATOMIC_BOOL_LOCK_FREE 1\0"
 980      435F4154 
 980      4F4D4943 
 980      5F424F4F 
 980      4C5F4C4F 
 981 1621 01       		.byte	0x1
 982 1622 00       		.uleb128 0
 983 1623 5F5F4743 		.ascii "__GCC_ATOMIC_CHAR_LOCK_FREE 1\0"
 983      435F4154 
 983      4F4D4943 
 983      5F434841 
 983      525F4C4F 
 984 1641 01       		.byte	0x1
 985 1642 00       		.uleb128 0
 986 1643 5F5F4743 		.ascii "__GCC_ATOMIC_CHAR16_T_LOCK_FREE 1\0"
GAS LISTING C:\Users\PRESID~1\AppData\Local\Temp\ccqK67g8.s 			page 33


 986      435F4154 
 986      4F4D4943 
 986      5F434841 
 986      5231365F 
 987 1665 01       		.byte	0x1
 988 1666 00       		.uleb128 0
 989 1667 5F5F4743 		.ascii "__GCC_ATOMIC_CHAR32_T_LOCK_FREE 1\0"
 989      435F4154 
 989      4F4D4943 
 989      5F434841 
 989      5233325F 
 990 1689 01       		.byte	0x1
 991 168a 00       		.uleb128 0
 992 168b 5F5F4743 		.ascii "__GCC_ATOMIC_WCHAR_T_LOCK_FREE 1\0"
 992      435F4154 
 992      4F4D4943 
 992      5F574348 
 992      41525F54 
 993 16ac 01       		.byte	0x1
 994 16ad 00       		.uleb128 0
 995 16ae 5F5F4743 		.ascii "__GCC_ATOMIC_SHORT_LOCK_FREE 1\0"
 995      435F4154 
 995      4F4D4943 
 995      5F53484F 
 995      52545F4C 
 996 16cd 01       		.byte	0x1
 997 16ce 00       		.uleb128 0
 998 16cf 5F5F4743 		.ascii "__GCC_ATOMIC_INT_LOCK_FREE 1\0"
 998      435F4154 
 998      4F4D4943 
 998      5F494E54 
 998      5F4C4F43 
 999 16ec 01       		.byte	0x1
 1000 16ed 00       		.uleb128 0
 1001 16ee 5F5F4743 		.ascii "__GCC_ATOMIC_LONG_LOCK_FREE 1\0"
 1001      435F4154 
 1001      4F4D4943 
 1001      5F4C4F4E 
 1001      475F4C4F 
 1002 170c 01       		.byte	0x1
 1003 170d 00       		.uleb128 0
 1004 170e 5F5F4743 		.ascii "__GCC_ATOMIC_LLONG_LOCK_FREE 1\0"
 1004      435F4154 
 1004      4F4D4943 
 1004      5F4C4C4F 
 1004      4E475F4C 
 1005 172d 01       		.byte	0x1
 1006 172e 00       		.uleb128 0
 1007 172f 5F5F4743 		.ascii "__GCC_ATOMIC_TEST_AND_SET_TRUEVAL 1\0"
 1007      435F4154 
 1007      4F4D4943 
 1007      5F544553 
 1007      545F414E 
 1008 1753 01       		.byte	0x1
 1009 1754 00       		.uleb128 0
 1010 1755 5F5F4743 		.ascii "__GCC_ATOMIC_POINTER_LOCK_FREE 1\0"
 1010      435F4154 
GAS LISTING C:\Users\PRESID~1\AppData\Local\Temp\ccqK67g8.s 			page 34


 1010      4F4D4943 
 1010      5F504F49 
 1010      4E544552 
 1011 1776 01       		.byte	0x1
 1012 1777 00       		.uleb128 0
 1013 1778 5F5F4743 		.ascii "__GCC_HAVE_DWARF2_CFI_ASM 1\0"
 1013      435F4841 
 1013      56455F44 
 1013      57415246 
 1013      325F4346 
 1014 1794 01       		.byte	0x1
 1015 1795 00       		.uleb128 0
 1016 1796 5F5F5052 		.ascii "__PRAGMA_REDEFINE_EXTNAME 1\0"
 1016      41474D41 
 1016      5F524544 
 1016      4546494E 
 1016      455F4558 
 1017 17b2 01       		.byte	0x1
 1018 17b3 00       		.uleb128 0
 1019 17b4 5F5F5349 		.ascii "__SIZEOF_WCHAR_T__ 2\0"
 1019      5A454F46 
 1019      5F574348 
 1019      41525F54 
 1019      5F5F2032 
 1020 17c9 01       		.byte	0x1
 1021 17ca 00       		.uleb128 0
 1022 17cb 5F5F5349 		.ascii "__SIZEOF_WINT_T__ 2\0"
 1022      5A454F46 
 1022      5F57494E 
 1022      545F545F 
 1022      5F203200 
 1023 17df 01       		.byte	0x1
 1024 17e0 00       		.uleb128 0
 1025 17e1 5F5F5349 		.ascii "__SIZEOF_PTRDIFF_T__ 4\0"
 1025      5A454F46 
 1025      5F505452 
 1025      44494646 
 1025      5F545F5F 
 1026 17f8 01       		.byte	0x1
 1027 17f9 00       		.uleb128 0
 1028 17fa 5F5F6933 		.ascii "__i386 1\0"
 1028      38362031 
 1028      00
 1029 1803 01       		.byte	0x1
 1030 1804 00       		.uleb128 0
 1031 1805 5F5F6933 		.ascii "__i386__ 1\0"
 1031      38365F5F 
 1031      203100
 1032 1810 01       		.byte	0x1
 1033 1811 00       		.uleb128 0
 1034 1812 5F5F4154 		.ascii "__ATOMIC_HLE_ACQUIRE 65536\0"
 1034      4F4D4943 
 1034      5F484C45 
 1034      5F414351 
 1034      55495245 
 1035 182d 01       		.byte	0x1
 1036 182e 00       		.uleb128 0
GAS LISTING C:\Users\PRESID~1\AppData\Local\Temp\ccqK67g8.s 			page 35


 1037 182f 5F5F4154 		.ascii "__ATOMIC_HLE_RELEASE 131072\0"
 1037      4F4D4943 
 1037      5F484C45 
 1037      5F52454C 
 1037      45415345 
 1038 184b 01       		.byte	0x1
 1039 184c 00       		.uleb128 0
 1040 184d 5F5F7475 		.ascii "__tune_i386__ 1\0"
 1040      6E655F69 
 1040      3338365F 
 1040      5F203100 
 1041 185d 01       		.byte	0x1
 1042 185e 00       		.uleb128 0
 1043 185f 5F5F636F 		.ascii "__code_model_32__ 1\0"
 1043      64655F6D 
 1043      6F64656C 
 1043      5F33325F 
 1043      5F203100 
 1044 1873 01       		.byte	0x1
 1045 1874 00       		.uleb128 0
 1046 1875 5F583836 		.ascii "_X86_ 1\0"
 1046      5F203100 
 1047 187d 01       		.byte	0x1
 1048 187e 00       		.uleb128 0
 1049 187f 5F5F7374 		.ascii "__stdcall __attribute__((__stdcall__))\0"
 1049      6463616C 
 1049      6C205F5F 
 1049      61747472 
 1049      69627574 
 1050 18a6 01       		.byte	0x1
 1051 18a7 00       		.uleb128 0
 1052 18a8 5F5F6661 		.ascii "__fastcall __attribute__((__fastcall__))\0"
 1052      73746361 
 1052      6C6C205F 
 1052      5F617474 
 1052      72696275 
 1053 18d1 01       		.byte	0x1
 1054 18d2 00       		.uleb128 0
 1055 18d3 5F5F7468 		.ascii "__thiscall __attribute__((__thiscall__))\0"
 1055      69736361 
 1055      6C6C205F 
 1055      5F617474 
 1055      72696275 
 1056 18fc 01       		.byte	0x1
 1057 18fd 00       		.uleb128 0
 1058 18fe 5F5F6364 		.ascii "__cdecl __attribute__((__cdecl__))\0"
 1058      65636C20 
 1058      5F5F6174 
 1058      74726962 
 1058      7574655F 
 1059 1921 01       		.byte	0x1
 1060 1922 00       		.uleb128 0
 1061 1923 5F5F4758 		.ascii "__GXX_MERGED_TYPEINFO_NAMES 0\0"
 1061      585F4D45 
 1061      52474544 
 1061      5F545950 
 1061      45494E46 
GAS LISTING C:\Users\PRESID~1\AppData\Local\Temp\ccqK67g8.s 			page 36


 1062 1941 01       		.byte	0x1
 1063 1942 00       		.uleb128 0
 1064 1943 5F5F4758 		.ascii "__GXX_TYPEINFO_EQUALITY_INLINE 0\0"
 1064      585F5459 
 1064      5045494E 
 1064      464F5F45 
 1064      5155414C 
 1065 1964 01       		.byte	0x1
 1066 1965 00       		.uleb128 0
 1067 1966 5F5F4D53 		.ascii "__MSVCRT__ 1\0"
 1067      56435254 
 1067      5F5F2031 
 1067      00
 1068 1973 01       		.byte	0x1
 1069 1974 00       		.uleb128 0
 1070 1975 5F5F4D49 		.ascii "__MINGW32__ 1\0"
 1070      4E475733 
 1070      325F5F20 
 1070      3100
 1071 1983 01       		.byte	0x1
 1072 1984 00       		.uleb128 0
 1073 1985 5F57494E 		.ascii "_WIN32 1\0"
 1073      33322031 
 1073      00
 1074 198e 01       		.byte	0x1
 1075 198f 00       		.uleb128 0
 1076 1990 5F5F5749 		.ascii "__WIN32 1\0"
 1076      4E333220 
 1076      3100
 1077 199a 01       		.byte	0x1
 1078 199b 00       		.uleb128 0
 1079 199c 5F5F5749 		.ascii "__WIN32__ 1\0"
 1079      4E33325F 
 1079      5F203100 
 1080 19a8 01       		.byte	0x1
 1081 19a9 00       		.uleb128 0
 1082 19aa 5F5F5749 		.ascii "__WINNT 1\0"
 1082      4E4E5420 
 1082      3100
 1083 19b4 01       		.byte	0x1
 1084 19b5 00       		.uleb128 0
 1085 19b6 5F5F5749 		.ascii "__WINNT__ 1\0"
 1085      4E4E545F 
 1085      5F203100 
 1086 19c2 01       		.byte	0x1
 1087 19c3 00       		.uleb128 0
 1088 19c4 5F494E54 		.ascii "_INTEGRAL_MAX_BITS 64\0"
 1088      45475241 
 1088      4C5F4D41 
 1088      585F4249 
 1088      54532036 
 1089 19da 01       		.byte	0x1
 1090 19db 00       		.uleb128 0
 1091 19dc 5F5F6465 		.ascii "__declspec(x) __attribute__((x))\0"
 1091      636C7370 
 1091      65632878 
 1091      29205F5F 
GAS LISTING C:\Users\PRESID~1\AppData\Local\Temp\ccqK67g8.s 			page 37


 1091      61747472 
 1092 19fd 01       		.byte	0x1
 1093 19fe 00       		.uleb128 0
 1094 19ff 5F5F4445 		.ascii "__DECIMAL_BID_FORMAT__ 1\0"
 1094      43494D41 
 1094      4C5F4249 
 1094      445F464F 
 1094      524D4154 
 1095 1a18 01       		.byte	0x1
 1096 1a19 00       		.uleb128 0
 1097 1a1a 4346475F 		.ascii "CFG_PROCESSOR 3\0"
 1097      50524F43 
 1097      4553534F 
 1097      52203300 
 1098 1a2a 03       		.byte	0x3
 1099 1a2b 00       		.uleb128 0
 1100 1a2c 01       		.uleb128 0x1
 1101              		.file 4 "E:/NeuOrga/Programmieren/c_cpp/github_os/input/src/os_base/os_firstinc.h"
 1102 1a2d 03       		.byte	0x3
 1103 1a2e 01       		.uleb128 0x1
 1104 1a2f 04       		.uleb128 0x4
 1105 1a30 01       		.byte	0x1
 1106 1a31 02       		.uleb128 0x2
 1107 1a32 5F6F735F 		.ascii "_os_firstinc_h_ \0"
 1107      66697273 
 1107      74696E63 
 1107      5F685F20 
 1107      00
 1108 1a43 03       		.byte	0x3
 1109 1a44 04       		.uleb128 0x4
 1110 1a45 02       		.uleb128 0x2
 1111 1a46 01       		.byte	0x1
 1112 1a47 02       		.uleb128 0x2
 1113 1a48 5F424153 		.ascii "_BASE_TYPES_H_ \0"
 1113      455F5459 
 1113      5045535F 
 1113      485F2000 
 1114 1a58 01       		.byte	0x1
 1115 1a59 04       		.uleb128 0x4
 1116 1a5a 494E5445 		.ascii "INTEGER_LLP64_IL32P64 1\0"
 1116      4745525F 
 1116      4C4C5036 
 1116      345F494C 
 1116      33325036 
 1117 1a72 01       		.byte	0x1
 1118 1a73 05       		.uleb128 0x5
 1119 1a74 494E5445 		.ascii "INTEGER_LP64_I32LP64 2\0"
 1119      4745525F 
 1119      4C503634 
 1119      5F493332 
 1119      4C503634 
 1120 1a8b 01       		.byte	0x1
 1121 1a8c 06       		.uleb128 0x6
 1122 1a8d 494E5445 		.ascii "INTEGER_ILP64 3\0"
 1122      4745525F 
 1122      494C5036 
 1122      34203300 
GAS LISTING C:\Users\PRESID~1\AppData\Local\Temp\ccqK67g8.s 			page 38


 1123 1a9d 01       		.byte	0x1
 1124 1a9e 07       		.uleb128 0x7
 1125 1a9f 494E5445 		.ascii "INTEGER_SILP64 4\0"
 1125      4745525F 
 1125      53494C50 
 1125      36342034 
 1125      00
 1126 1ab0 01       		.byte	0x1
 1127 1ab1 09       		.uleb128 0x9
 1128 1ab2 4350505F 		.ascii "CPP_VERSION_NONE 0\0"
 1128      56455253 
 1128      494F4E5F 
 1128      4E4F4E45 
 1128      203000
 1129 1ac5 01       		.byte	0x1
 1130 1ac6 0A       		.uleb128 0xa
 1131 1ac7 4350505F 		.ascii "CPP_VERSION_1998 1\0"
 1131      56455253 
 1131      494F4E5F 
 1131      31393938 
 1131      203100
 1132 1ada 01       		.byte	0x1
 1133 1adb 0B       		.uleb128 0xb
 1134 1adc 4350505F 		.ascii "CPP_VERSION_2003 2\0"
 1134      56455253 
 1134      494F4E5F 
 1134      32303033 
 1134      203200
 1135 1aef 01       		.byte	0x1
 1136 1af0 0C       		.uleb128 0xc
 1137 1af1 4350505F 		.ascii "CPP_VERSION_2007 3\0"
 1137      56455253 
 1137      494F4E5F 
 1137      32303037 
 1137      203300
 1138 1b04 01       		.byte	0x1
 1139 1b05 0D       		.uleb128 0xd
 1140 1b06 4350505F 		.ascii "CPP_VERSION_2011 4\0"
 1140      56455253 
 1140      494F4E5F 
 1140      32303131 
 1140      203400
 1141 1b19 01       		.byte	0x1
 1142 1b1a 0E       		.uleb128 0xe
 1143 1b1b 49534F5F 		.ascii "ISO_CPP_VERSION CPP_VERSION_1998\0"
 1143      4350505F 
 1143      56455253 
 1143      494F4E20 
 1143      4350505F 
 1144 1b3c 01       		.byte	0x1
 1145 1b3d 10       		.uleb128 0x10
 1146 1b3e 494E5445 		.ascii "INTEGER_MODEL INTEGER_LLP64_IL32P64\0"
 1146      4745525F 
 1146      4D4F4445 
 1146      4C20494E 
 1146      54454745 
 1147 1b62 04       		.byte	0x4
GAS LISTING C:\Users\PRESID~1\AppData\Local\Temp\ccqK67g8.s 			page 39


 1148 1b63 03       		.byte	0x3
 1149 1b64 05       		.uleb128 0x5
 1150 1b65 03       		.uleb128 0x3
 1151 1b66 01       		.byte	0x1
 1152 1b67 02       		.uleb128 0x2
 1153 1b68 5F6F735F 		.ascii "_os_common_h_ \0"
 1153      636F6D6D 
 1153      6F6E5F68 
 1153      5F2000
 1154 1b77 01       		.byte	0x1
 1155 1b78 06       		.uleb128 0x6
 1156 1b79 46616C73 		.ascii "False 0\0"
 1156      65203000 
 1157 1b81 01       		.byte	0x1
 1158 1b82 07       		.uleb128 0x7
 1159 1b83 54727565 		.ascii "True 1\0"
 1159      203100
 1160 1b8a 01       		.byte	0x1
 1161 1b8b 08       		.uleb128 0x8
 1162 1b8c 41636365 		.ascii "Accepted 1\0"
 1162      70746564 
 1162      203100
 1163 1b97 01       		.byte	0x1
 1164 1b98 09       		.uleb128 0x9
 1165 1b99 52656A65 		.ascii "Rejected 0\0"
 1165      63746564 
 1165      203000
 1166 1ba4 01       		.byte	0x1
 1167 1ba5 0A       		.uleb128 0xa
 1168 1ba6 4C6F6361 		.ascii "Local static\0"
 1168      6C207374 
 1168      61746963 
 1168      00
 1169 1bb3 01       		.byte	0x1
 1170 1bb4 0B       		.uleb128 0xb
 1171 1bb5 4C6F6361 		.ascii "Local_inline static __inline__\0"
 1171      6C5F696E 
 1171      6C696E65 
 1171      20737461 
 1171      74696320 
 1172 1bd4 01       		.byte	0x1
 1173 1bd5 0C       		.uleb128 0xc
 1174 1bd6 476C6F62 		.ascii "Global_inline __inline__\0"
 1174      616C5F69 
 1174      6E6C696E 
 1174      65205F5F 
 1174      696E6C69 
 1175 1bef 01       		.byte	0x1
 1176 1bf0 0D       		.uleb128 0xd
 1177 1bf1 52656665 		.ascii "ReferenceUnusedParameter(x) ((x) = (x))\0"
 1177      72656E63 
 1177      65556E75 
 1177      73656450 
 1177      6172616D 
 1178 1c19 01       		.byte	0x1
 1179 1c1a 10       		.uleb128 0x10
 1180 1c1b 634D4355 		.ascii "cMCU_SIMULATION 1\0"
GAS LISTING C:\Users\PRESID~1\AppData\Local\Temp\ccqK67g8.s 			page 40


 1180      5F53494D 
 1180      554C4154 
 1180      494F4E20 
 1180      3100
 1181 1c2d 01       		.byte	0x1
 1182 1c2e 11       		.uleb128 0x11
 1183 1c2f 634D4355 		.ascii "cMCU_POWERPC 2\0"
 1183      5F504F57 
 1183      45525043 
 1183      203200
 1184 1c3e 01       		.byte	0x1
 1185 1c3f 12       		.uleb128 0x12
 1186 1c40 634D4355 		.ascii "cMCU_X86 3\0"
 1186      5F583836 
 1186      203300
 1187 1c4b 01       		.byte	0x1
 1188 1c4c 13       		.uleb128 0x13
 1189 1c4d 634D4355 		.ascii "cMCU_CORTEX_M4 4\0"
 1189      5F434F52 
 1189      5445585F 
 1189      4D342034 
 1189      00
 1190 1c5e 01       		.byte	0x1
 1191 1c5f 16       		.uleb128 0x16
 1192 1c60 4E525F4F 		.ascii "NR_OF_CORES 1\0"
 1192      465F434F 
 1192      52455320 
 1192      3100
 1193 1c6e 01       		.byte	0x1
 1194 1c6f 23       		.uleb128 0x23
 1195 1c70 44697361 		.ascii "DisableInterrupts() \0"
 1195      626C6549 
 1195      6E746572 
 1195      72757074 
 1195      73282920 
 1196 1c85 01       		.byte	0x1
 1197 1c86 24       		.uleb128 0x24
 1198 1c87 456E6162 		.ascii "EnableInterrupts() \0"
 1198      6C65496E 
 1198      74657272 
 1198      75707473 
 1198      28292000 
 1199 1c9b 01       		.byte	0x1
 1200 1c9c 25       		.uleb128 0x25
 1201 1c9d 50726976 		.ascii "Privilige_level_save_current() \0"
 1201      696C6967 
 1201      655F6C65 
 1201      76656C5F 
 1201      73617665 
 1202 1cbd 01       		.byte	0x1
 1203 1cbe 26       		.uleb128 0x26
 1204 1cbf 50726976 		.ascii "Privilige_level_enter_kernel_mode() \0"
 1204      696C6967 
 1204      655F6C65 
 1204      76656C5F 
 1204      656E7465 
 1205 1ce4 01       		.byte	0x1
GAS LISTING C:\Users\PRESID~1\AppData\Local\Temp\ccqK67g8.s 			page 41


 1206 1ce5 27       		.uleb128 0x27
 1207 1ce6 50726976 		.ascii "Privilige_level_restore_saved() \0"
 1207      696C6967 
 1207      655F6C65 
 1207      76656C5F 
 1207      72657374 
 1208 1d07 01       		.byte	0x1
 1209 1d08 28       		.uleb128 0x28
 1210 1d09 48616C74 		.ascii "HaltMcu() \0"
 1210      4D637528 
 1210      292000
 1211 1d14 04       		.byte	0x4
 1212              		.file 5 "E:/NeuOrga/Programmieren/c_cpp/github_os/input/src/os_base/../os_sim/lld_global.h"
 1213 1d15 03       		.byte	0x3
 1214 1d16 07       		.uleb128 0x7
 1215 1d17 05       		.uleb128 0x5
 1216 1d18 01       		.byte	0x1
 1217 1d19 02       		.uleb128 0x2
 1218 1d1a 5F6C6C64 		.ascii "_lld_global_h_ \0"
 1218      5F676C6F 
 1218      62616C5F 
 1218      685F2000 
 1219              		.file 6 "E:/NeuOrga/Programmieren/c_cpp/github_os/input/src/os_base/../os_sim/lld_core.h"
 1220 1d2a 03       		.byte	0x3
 1221 1d2b 04       		.uleb128 0x4
 1222 1d2c 06       		.uleb128 0x6
 1223 1d2d 01       		.byte	0x1
 1224 1d2e 02       		.uleb128 0x2
 1225 1d2f 5F6C6C64 		.ascii "_lld_core_h_ \0"
 1225      5F636F72 
 1225      655F685F 
 1225      2000
 1226              		.file 7 "E:/NeuOrga/Programmieren/c_cpp/github_os/input/src/os_base/../os_sim/../os_base/os_firsti
 1227 1d3d 03       		.byte	0x3
 1228 1d3e 03       		.uleb128 0x3
 1229 1d3f 07       		.uleb128 0x7
 1230 1d40 04       		.byte	0x4
 1231 1d41 04       		.byte	0x4
 1232              		.file 8 "E:/NeuOrga/Programmieren/c_cpp/github_os/input/src/os_base/../os_sim/lld_adc.h"
 1233 1d42 03       		.byte	0x3
 1234 1d43 05       		.uleb128 0x5
 1235 1d44 08       		.uleb128 0x8
 1236 1d45 01       		.byte	0x1
 1237 1d46 02       		.uleb128 0x2
 1238 1d47 5F6C6C64 		.ascii "_lld_adc_h_ \0"
 1238      5F616463 
 1238      5F685F20 
 1238      00
 1239 1d54 04       		.byte	0x4
 1240              		.file 9 "E:/NeuOrga/Programmieren/c_cpp/github_os/input/src/os_base/../os_sim/lld_can.h"
 1241 1d55 03       		.byte	0x3
 1242 1d56 06       		.uleb128 0x6
 1243 1d57 09       		.uleb128 0x9
 1244 1d58 01       		.byte	0x1
 1245 1d59 02       		.uleb128 0x2
 1246 1d5a 5F6C6C64 		.ascii "_lld_can_h_ \0"
 1246      5F63616E 
GAS LISTING C:\Users\PRESID~1\AppData\Local\Temp\ccqK67g8.s 			page 42


 1246      5F685F20 
 1246      00
 1247 1d67 04       		.byte	0x4
 1248              		.file 10 "E:/NeuOrga/Programmieren/c_cpp/github_os/input/src/os_base/../os_sim/lld_gpio.h"
 1249 1d68 03       		.byte	0x3
 1250 1d69 07       		.uleb128 0x7
 1251 1d6a 0A       		.uleb128 0xa
 1252 1d6b 01       		.byte	0x1
 1253 1d6c 02       		.uleb128 0x2
 1254 1d6d 5F6C6C64 		.ascii "_lld_gpio_h_ \0"
 1254      5F677069 
 1254      6F5F685F 
 1254      2000
 1255 1d7b 04       		.byte	0x4
 1256              		.file 11 "E:/NeuOrga/Programmieren/c_cpp/github_os/input/src/os_base/../os_sim/lld_interrupt.h"
 1257 1d7c 03       		.byte	0x3
 1258 1d7d 08       		.uleb128 0x8
 1259 1d7e 0B       		.uleb128 0xb
 1260 1d7f 01       		.byte	0x1
 1261 1d80 02       		.uleb128 0x2
 1262 1d81 5F6C6C64 		.ascii "_lld_interrupt_h_ \0"
 1262      5F696E74 
 1262      65727275 
 1262      70745F68 
 1262      5F2000
 1263 1d94 01       		.byte	0x1
 1264 1d95 05       		.uleb128 0x5
 1265 1d96 6F735F69 		.ascii "os_interrupt_swi_1 asm(\"swi 1\")\0"
 1265      6E746572 
 1265      72757074 
 1265      5F737769 
 1265      5F312061 
 1266 1db6 01       		.byte	0x1
 1267 1db7 06       		.uleb128 0x6
 1268 1db8 6F735F69 		.ascii "os_interrupt_swi_2 asm(\"swi 2\")\0"
 1268      6E746572 
 1268      72757074 
 1268      5F737769 
 1268      5F322061 
 1269 1dd8 01       		.byte	0x1
 1270 1dd9 07       		.uleb128 0x7
 1271 1dda 6F735F69 		.ascii "os_interrupt_swi_3 asm(\"swi 3\")\0"
 1271      6E746572 
 1271      72757074 
 1271      5F737769 
 1271      5F332061 
 1272 1dfa 01       		.byte	0x1
 1273 1dfb 08       		.uleb128 0x8
 1274 1dfc 6F735F69 		.ascii "os_interrupt_swi_4 asm(\"swi 4\")\0"
 1274      6E746572 
 1274      72757074 
 1274      5F737769 
 1274      5F342061 
 1275 1e1c 01       		.byte	0x1
 1276 1e1d 09       		.uleb128 0x9
 1277 1e1e 6F735F69 		.ascii "os_interrupt_swi_5 asm(\"swi 5\")\0"
 1277      6E746572 
GAS LISTING C:\Users\PRESID~1\AppData\Local\Temp\ccqK67g8.s 			page 43


 1277      72757074 
 1277      5F737769 
 1277      5F352061 
 1278 1e3e 04       		.byte	0x4
 1279              		.file 12 "E:/NeuOrga/Programmieren/c_cpp/github_os/input/src/os_base/../os_sim/lld_mmu.h"
 1280 1e3f 03       		.byte	0x3
 1281 1e40 09       		.uleb128 0x9
 1282 1e41 0C       		.uleb128 0xc
 1283 1e42 01       		.byte	0x1
 1284 1e43 02       		.uleb128 0x2
 1285 1e44 5F6C6C64 		.ascii "_lld_mmu_h_ \0"
 1285      5F6D6D75 
 1285      5F685F20 
 1285      00
 1286 1e51 03       		.byte	0x3
 1287 1e52 04       		.uleb128 0x4
 1288 1e53 05       		.uleb128 0x5
 1289 1e54 04       		.byte	0x4
 1290 1e55 04       		.byte	0x4
 1291              		.file 13 "E:/NeuOrga/Programmieren/c_cpp/github_os/input/src/os_base/../os_sim/lld_timer.h"
 1292 1e56 03       		.byte	0x3
 1293 1e57 0A       		.uleb128 0xa
 1294 1e58 0D       		.uleb128 0xd
 1295 1e59 01       		.byte	0x1
 1296 1e5a 02       		.uleb128 0x2
 1297 1e5b 5F6C6C64 		.ascii "_lld_timer_h_ \0"
 1297      5F74696D 
 1297      65725F68 
 1297      5F2000
 1298 1e6a 04       		.byte	0x4
 1299              		.file 14 "E:/NeuOrga/Programmieren/c_cpp/github_os/input/src/os_base/../os_sim/lld_power.h"
 1300 1e6b 03       		.byte	0x3
 1301 1e6c 0B       		.uleb128 0xb
 1302 1e6d 0E       		.uleb128 0xe
 1303 1e6e 01       		.byte	0x1
 1304 1e6f 02       		.uleb128 0x2
 1305 1e70 5F6C6C64 		.ascii "_lld_power_h_ \0"
 1305      5F706F77 
 1305      65725F68 
 1305      5F2000
 1306 1e7f 04       		.byte	0x4
 1307              		.file 15 "E:/NeuOrga/Programmieren/c_cpp/github_os/input/src/os_base/../os_sim/lld_ram.h"
 1308 1e80 03       		.byte	0x3
 1309 1e81 0C       		.uleb128 0xc
 1310 1e82 0F       		.uleb128 0xf
 1311 1e83 01       		.byte	0x1
 1312 1e84 02       		.uleb128 0x2
 1313 1e85 5F6C6C64 		.ascii "_lld_ram_h_ \0"
 1313      5F72616D 
 1313      5F685F20 
 1313      00
 1314 1e92 04       		.byte	0x4
 1315              		.file 16 "E:/NeuOrga/Programmieren/c_cpp/github_os/input/src/os_base/../os_sim/lld_watchdog.h"
 1316 1e93 03       		.byte	0x3
 1317 1e94 0D       		.uleb128 0xd
 1318 1e95 10       		.uleb128 0x10
 1319 1e96 01       		.byte	0x1
GAS LISTING C:\Users\PRESID~1\AppData\Local\Temp\ccqK67g8.s 			page 44


 1320 1e97 02       		.uleb128 0x2
 1321 1e98 5F6C6C64 		.ascii "_lld_watchdog_h_ \0"
 1321      5F776174 
 1321      6368646F 
 1321      675F685F 
 1321      2000
 1322 1eaa 04       		.byte	0x4
 1323              		.file 17 "E:/NeuOrga/Programmieren/c_cpp/github_os/input/src/os_base/../os_sim/../os_base/os_task_
 1324 1eab 03       		.byte	0x3
 1325 1eac 0E       		.uleb128 0xe
 1326 1ead 11       		.uleb128 0x11
 1327 1eae 01       		.byte	0x1
 1328 1eaf 02       		.uleb128 0x2
 1329 1eb0 5F6F735F 		.ascii "_os_task_common_h_ \0"
 1329      7461736B 
 1329      5F636F6D 
 1329      6D6F6E5F 
 1329      685F2000 
 1330              		.file 18 "E:/NeuOrga/Programmieren/c_cpp/github_os/input/src/os_base/../os_sim/../os_base/os_task_
 1331 1ec4 03       		.byte	0x3
 1332 1ec5 04       		.uleb128 0x4
 1333 1ec6 12       		.uleb128 0x12
 1334 1ec7 01       		.byte	0x1
 1335 1ec8 02       		.uleb128 0x2
 1336 1ec9 5F6F735F 		.ascii "_os_task_config_h_ \0"
 1336      7461736B 
 1336      5F636F6E 
 1336      6669675F 
 1336      685F2000 
 1337 1edd 01       		.byte	0x1
 1338 1ede 05       		.uleb128 0x5
 1339 1edf 53636865 		.ascii "SchedulerFrequency (1.0e3)\0"
 1339      64756C65 
 1339      72467265 
 1339      7175656E 
 1339      63792028 
 1340 1efa 01       		.byte	0x1
 1341 1efb 06       		.uleb128 0x6
 1342 1efc 4D696E54 		.ascii "MinTimeSlice_s (1.0/SchedulerFrequency)\0"
 1342      696D6553 
 1342      6C696365 
 1342      5F732028 
 1342      312E302F 
 1343 1f24 01       		.byte	0x1
 1344 1f25 07       		.uleb128 0x7
 1345 1f26 4D696E54 		.ascii "MinTimeSlice_us ((1.0/SchedulerFrequency)*1e6)\0"
 1345      696D6553 
 1345      6C696365 
 1345      5F757320 
 1345      2828312E 
 1346 1f55 01       		.byte	0x1
 1347 1f56 08       		.uleb128 0x8
 1348 1f57 5461736B 		.ascii "Task_min_time (1e0)\0"
 1348      5F6D696E 
 1348      5F74696D 
 1348      65202831 
 1348      65302900 
GAS LISTING C:\Users\PRESID~1\AppData\Local\Temp\ccqK67g8.s 			page 45


 1349 1f6b 01       		.byte	0x1
 1350 1f6c 09       		.uleb128 0x9
 1351 1f6d 4E554D42 		.ascii "NUMBER_OF_TASKS 5\0"
 1351      45525F4F 
 1351      465F5441 
 1351      534B5320 
 1351      3500
 1352 1f7f 01       		.byte	0x1
 1353 1f80 0A       		.uleb128 0xa
 1354 1f81 4D41585F 		.ascii "MAX_RUN_QUEUE_SIZE (NUMBER_OF_TASKS)\0"
 1354      52554E5F 
 1354      51554555 
 1354      455F5349 
 1354      5A452028 
 1355 1fa6 01       		.byte	0x1
 1356 1fa7 0B       		.uleb128 0xb
 1357 1fa8 4D41585F 		.ascii "MAX_RUN_PQUEUE_SIZE MAX_RUN_QUEUE_SIZE\0"
 1357      52554E5F 
 1357      50515545 
 1357      55455F53 
 1357      495A4520 
 1358 1fcf 01       		.byte	0x1
 1359 1fd0 0D       		.uleb128 0xd
 1360 1fd1 5441534B 		.ascii "TASK_STACK_SIZE 200\0"
 1360      5F535441 
 1360      434B5F53 
 1360      495A4520 
 1360      32303000 
 1361 1fe5 01       		.byte	0x1
 1362 1fe6 10       		.uleb128 0x10
 1363 1fe7 4D535F50 		.ascii "MS_PER_SEC (1000)\0"
 1363      45525F53 
 1363      45432028 
 1363      31303030 
 1363      2900
 1364 1ff9 01       		.byte	0x1
 1365 1ffa 11       		.uleb128 0x11
 1366 1ffb 5553455F 		.ascii "USE_STATIC_CREATED_TASKS True\0"
 1366      53544154 
 1366      49435F43 
 1366      52454154 
 1366      45445F54 
 1367 2019 04       		.byte	0x4
 1368              		.file 19 "E:/NeuOrga/Programmieren/c_cpp/github_os/input/src/os_base/../os_sim/../os_base/os_init_
 1369 201a 03       		.byte	0x3
 1370 201b 05       		.uleb128 0x5
 1371 201c 13       		.uleb128 0x13
 1372 201d 01       		.byte	0x1
 1373 201e 02       		.uleb128 0x2
 1374 201f 5F6F735F 		.ascii "_os_init_task_system_h_ \0"
 1374      696E6974 
 1374      5F746173 
 1374      6B5F7379 
 1374      7374656D 
 1375 2038 04       		.byte	0x4
 1376 2039 01       		.byte	0x1
 1377 203a 5C       		.uleb128 0x5c
GAS LISTING C:\Users\PRESID~1\AppData\Local\Temp\ccqK67g8.s 			page 46


 1378 203b 6F735F53 		.ascii "os_SaveTaskPtr(task_ptr,task_name) (TASK_PTR[(task_name)] = (task_ptr))\0"
 1378      61766554 
 1378      61736B50 
 1378      74722874 
 1378      61736B5F 
 1379 2083 01       		.byte	0x1
 1380 2084 5D       		.uleb128 0x5d
 1381 2085 6F735F47 		.ascii "os_GetTaskPtr(task_name) ((task_t*) TASK_PTR[(task_name)])\0"
 1381      65745461 
 1381      736B5074 
 1381      72287461 
 1381      736B5F6E 
 1382 20c0 04       		.byte	0x4
 1383 20c1 04       		.byte	0x4
 1384 20c2 04       		.byte	0x4
 1385 20c3 04       		.byte	0x4
 1386 20c4 00       		.byte	0
 1387              		.section	.debug_line,"dr"
 1388              	Ldebug_line0:
 1389 0000 88020000 		.section	.debug_str,"dr"
 1389      02006702 
 1389      00000101 
 1389      FB0E0D00 
 1389      01010101 
 1390              	LASF0:
 1391 0000 4C6F6164 		.ascii "LoadProgAddr\0"
 1391      50726F67 
 1391      41646472 
 1391      00
 1392              	LASF1:
 1393 000d 50726753 		.ascii "PrgSignatur\0"
 1393      69676E61 
 1393      74757200 
 1394              		.ident	"GCC: (GNU) 4.9.3"
GAS LISTING C:\Users\PRESID~1\AppData\Local\Temp\ccqK67g8.s 			page 47


DEFINED SYMBOLS
                            *ABS*:00000000 os_start_ext_prg.c
C:\Users\PRESID~1\AppData\Local\Temp\ccqK67g8.s:5      .text:00000000 _os_signatur_valid
C:\Users\PRESID~1\AppData\Local\Temp\ccqK67g8.s:26     .text:00000007 _OS_StartExtPrg

UNDEFINED SYMBOLS
_LLF_MPU_DISABLE
_LLF_MPU_SWITCH_OFF_ALL_REGIONS
