GAS LISTING C:\Users\PRESID~1\AppData\Local\Temp\cc84VYzV.s 			page 1


   1              		.file	"os_start_init_hw.c"
   2              		.text
   3              	Ltext0:
   4              		.globl	_OS_INIT_HW
   6              	_OS_INIT_HW:
   7              	LFB0:
   8              		.file 1 "E:/NeuOrga/Programmieren/c_cpp/github_os/input/src/os_base/os_start_init_hw.c"
   1:E:/NeuOrga/Programmieren/c_cpp/github_os/input/src/os_base\os_start_init_hw.c **** #include "os_firstinc.h"
   2:E:/NeuOrga/Programmieren/c_cpp/github_os/input/src/os_base\os_start_init_hw.c **** 
   3:E:/NeuOrga/Programmieren/c_cpp/github_os/input/src/os_base\os_start_init_hw.c **** void OS_INIT_HW(void)
   4:E:/NeuOrga/Programmieren/c_cpp/github_os/input/src/os_base\os_start_init_hw.c **** {
   9              		.loc 1 4 0
  10              		.cfi_startproc
  11 0000 55       		pushl	%ebp
  12              		.cfi_def_cfa_offset 8
  13              		.cfi_offset 5, -8
  14 0001 89E5     		movl	%esp, %ebp
  15              		.cfi_def_cfa_register 5
   5:E:/NeuOrga/Programmieren/c_cpp/github_os/input/src/os_base\os_start_init_hw.c ****    /* the MCU init (OS_INIT_MC) is currently enough, because no extended peripherals are connected 
   6:E:/NeuOrga/Programmieren/c_cpp/github_os/input/src/os_base\os_start_init_hw.c **** }
  16              		.loc 1 6 0
  17 0003 5D       		popl	%ebp
  18              		.cfi_restore 5
  19              		.cfi_def_cfa 4, 4
  20 0004 C3       		ret
  21              		.cfi_endproc
  22              	LFE0:
  23              	Letext0:
  24 0005 909090   		.section	.debug_info,"dr"
  25              	Ldebug_info0:
  26 0000 29010000 		.long	0x129
  27 0004 0400     		.word	0x4
  28 0006 00000000 		.secrel32	Ldebug_abbrev0
  29 000a 04       		.byte	0x4
  30 000b 01       		.uleb128 0x1
  31 000c 474E5520 		.ascii "GNU C 4.9.3 -march=i386 -g3 -O0 -std=c90\0"
  31      4320342E 
  31      392E3320 
  31      2D6D6172 
  31      63683D69 
  32 0035 01       		.byte	0x1
  33 0036 453A5C4E 		.ascii "E:\\NeuOrga\\Programmieren\\c_cpp\\github_os\\input\\src\\os_base\\os_start_init_hw.c\0"
  33      65754F72 
  33      67615C50 
  33      726F6772 
  33      616D6D69 
  34 0084 00000000 		.long	Ltext0
  35 0088 05000000 		.long	Letext0-Ltext0
  36 008c 00000000 		.secrel32	Ldebug_line0
  37 0090 00000000 		.secrel32	Ldebug_macro0
  38 0094 02       		.uleb128 0x2
  39 0095 01       		.byte	0x1
  40 0096 08       		.byte	0x8
  41 0097 756E7369 		.ascii "unsigned char\0"
  41      676E6564 
  41      20636861 
  41      7200
GAS LISTING C:\Users\PRESID~1\AppData\Local\Temp\cc84VYzV.s 			page 2


  42 00a5 02       		.uleb128 0x2
  43 00a6 01       		.byte	0x1
  44 00a7 06       		.byte	0x6
  45 00a8 7369676E 		.ascii "signed char\0"
  45      65642063 
  45      68617200 
  46 00b4 02       		.uleb128 0x2
  47 00b5 02       		.byte	0x2
  48 00b6 07       		.byte	0x7
  49 00b7 73686F72 		.ascii "short unsigned int\0"
  49      7420756E 
  49      7369676E 
  49      65642069 
  49      6E7400
  50 00ca 02       		.uleb128 0x2
  51 00cb 02       		.byte	0x2
  52 00cc 05       		.byte	0x5
  53 00cd 73686F72 		.ascii "short int\0"
  53      7420696E 
  53      7400
  54 00d7 02       		.uleb128 0x2
  55 00d8 04       		.byte	0x4
  56 00d9 07       		.byte	0x7
  57 00da 6C6F6E67 		.ascii "long unsigned int\0"
  57      20756E73 
  57      69676E65 
  57      6420696E 
  57      7400
  58 00ec 02       		.uleb128 0x2
  59 00ed 04       		.byte	0x4
  60 00ee 05       		.byte	0x5
  61 00ef 6C6F6E67 		.ascii "long int\0"
  61      20696E74 
  61      00
  62 00f8 02       		.uleb128 0x2
  63 00f9 04       		.byte	0x4
  64 00fa 07       		.byte	0x7
  65 00fb 73697A65 		.ascii "sizetype\0"
  65      74797065 
  65      00
  66 0104 02       		.uleb128 0x2
  67 0105 04       		.byte	0x4
  68 0106 07       		.byte	0x7
  69 0107 756E7369 		.ascii "unsigned int\0"
  69      676E6564 
  69      20696E74 
  69      00
  70 0114 03       		.uleb128 0x3
  71 0115 4F535F49 		.ascii "OS_INIT_HW\0"
  71      4E49545F 
  71      485700
  72 0120 01       		.byte	0x1
  73 0121 03       		.byte	0x3
  74 0122 00000000 		.long	LFB0
  75 0126 05000000 		.long	LFE0-LFB0
  76 012a 01       		.uleb128 0x1
  77 012b 9C       		.byte	0x9c
GAS LISTING C:\Users\PRESID~1\AppData\Local\Temp\cc84VYzV.s 			page 3


  78 012c 00       		.byte	0
  79              		.section	.debug_abbrev,"dr"
  80              	Ldebug_abbrev0:
  81 0000 01       		.uleb128 0x1
  82 0001 11       		.uleb128 0x11
  83 0002 01       		.byte	0x1
  84 0003 25       		.uleb128 0x25
  85 0004 08       		.uleb128 0x8
  86 0005 13       		.uleb128 0x13
  87 0006 0B       		.uleb128 0xb
  88 0007 03       		.uleb128 0x3
  89 0008 08       		.uleb128 0x8
  90 0009 11       		.uleb128 0x11
  91 000a 01       		.uleb128 0x1
  92 000b 12       		.uleb128 0x12
  93 000c 06       		.uleb128 0x6
  94 000d 10       		.uleb128 0x10
  95 000e 17       		.uleb128 0x17
  96 000f 9942     		.uleb128 0x2119
  97 0011 17       		.uleb128 0x17
  98 0012 00       		.byte	0
  99 0013 00       		.byte	0
 100 0014 02       		.uleb128 0x2
 101 0015 24       		.uleb128 0x24
 102 0016 00       		.byte	0
 103 0017 0B       		.uleb128 0xb
 104 0018 0B       		.uleb128 0xb
 105 0019 3E       		.uleb128 0x3e
 106 001a 0B       		.uleb128 0xb
 107 001b 03       		.uleb128 0x3
 108 001c 08       		.uleb128 0x8
 109 001d 00       		.byte	0
 110 001e 00       		.byte	0
 111 001f 03       		.uleb128 0x3
 112 0020 2E       		.uleb128 0x2e
 113 0021 00       		.byte	0
 114 0022 3F       		.uleb128 0x3f
 115 0023 19       		.uleb128 0x19
 116 0024 03       		.uleb128 0x3
 117 0025 08       		.uleb128 0x8
 118 0026 3A       		.uleb128 0x3a
 119 0027 0B       		.uleb128 0xb
 120 0028 3B       		.uleb128 0x3b
 121 0029 0B       		.uleb128 0xb
 122 002a 27       		.uleb128 0x27
 123 002b 19       		.uleb128 0x19
 124 002c 11       		.uleb128 0x11
 125 002d 01       		.uleb128 0x1
 126 002e 12       		.uleb128 0x12
 127 002f 06       		.uleb128 0x6
 128 0030 40       		.uleb128 0x40
 129 0031 18       		.uleb128 0x18
 130 0032 9742     		.uleb128 0x2117
 131 0034 19       		.uleb128 0x19
 132 0035 00       		.byte	0
 133 0036 00       		.byte	0
 134 0037 00       		.byte	0
GAS LISTING C:\Users\PRESID~1\AppData\Local\Temp\cc84VYzV.s 			page 4


 135              		.section	.debug_aranges,"dr"
 136 0000 1C000000 		.long	0x1c
 137 0004 0200     		.word	0x2
 138 0006 00000000 		.secrel32	Ldebug_info0
 139 000a 04       		.byte	0x4
 140 000b 00       		.byte	0
 141 000c 0000     		.word	0
 142 000e 0000     		.word	0
 143 0010 00000000 		.long	Ltext0
 144 0014 05000000 		.long	Letext0-Ltext0
 145 0018 00000000 		.long	0
 146 001c 00000000 		.long	0
 147              		.section	.debug_macro,"dr"
 148              	Ldebug_macro0:
 149 0000 0400     		.word	0x4
 150 0002 02       		.byte	0x2
 151 0003 00000000 		.secrel32	Ldebug_line0
 152 0007 01       		.byte	0x1
 153 0008 00       		.uleb128 0
 154 0009 5F5F5354 		.ascii "__STDC__ 1\0"
 154      44435F5F 
 154      203100
 155 0014 01       		.byte	0x1
 156 0015 00       		.uleb128 0
 157 0016 5F5F5354 		.ascii "__STDC_HOSTED__ 1\0"
 157      44435F48 
 157      4F535445 
 157      445F5F20 
 157      3100
 158 0028 01       		.byte	0x1
 159 0029 00       		.uleb128 0
 160 002a 5F5F474E 		.ascii "__GNUC__ 4\0"
 160      55435F5F 
 160      203400
 161 0035 01       		.byte	0x1
 162 0036 00       		.uleb128 0
 163 0037 5F5F474E 		.ascii "__GNUC_MINOR__ 9\0"
 163      55435F4D 
 163      494E4F52 
 163      5F5F2039 
 163      00
 164 0048 01       		.byte	0x1
 165 0049 00       		.uleb128 0
 166 004a 5F5F474E 		.ascii "__GNUC_PATCHLEVEL__ 3\0"
 166      55435F50 
 166      41544348 
 166      4C455645 
 166      4C5F5F20 
 167 0060 01       		.byte	0x1
 168 0061 00       		.uleb128 0
 169 0062 5F5F5645 		.ascii "__VERSION__ \"4.9.3\"\0"
 169      5253494F 
 169      4E5F5F20 
 169      22342E39 
 169      2E332200 
 170 0076 01       		.byte	0x1
 171 0077 00       		.uleb128 0
GAS LISTING C:\Users\PRESID~1\AppData\Local\Temp\cc84VYzV.s 			page 5


 172 0078 5F5F4154 		.ascii "__ATOMIC_RELAXED 0\0"
 172      4F4D4943 
 172      5F52454C 
 172      41584544 
 172      203000
 173 008b 01       		.byte	0x1
 174 008c 00       		.uleb128 0
 175 008d 5F5F4154 		.ascii "__ATOMIC_SEQ_CST 5\0"
 175      4F4D4943 
 175      5F534551 
 175      5F435354 
 175      203500
 176 00a0 01       		.byte	0x1
 177 00a1 00       		.uleb128 0
 178 00a2 5F5F4154 		.ascii "__ATOMIC_ACQUIRE 2\0"
 178      4F4D4943 
 178      5F414351 
 178      55495245 
 178      203200
 179 00b5 01       		.byte	0x1
 180 00b6 00       		.uleb128 0
 181 00b7 5F5F4154 		.ascii "__ATOMIC_RELEASE 3\0"
 181      4F4D4943 
 181      5F52454C 
 181      45415345 
 181      203300
 182 00ca 01       		.byte	0x1
 183 00cb 00       		.uleb128 0
 184 00cc 5F5F4154 		.ascii "__ATOMIC_ACQ_REL 4\0"
 184      4F4D4943 
 184      5F414351 
 184      5F52454C 
 184      203400
 185 00df 01       		.byte	0x1
 186 00e0 00       		.uleb128 0
 187 00e1 5F5F4154 		.ascii "__ATOMIC_CONSUME 1\0"
 187      4F4D4943 
 187      5F434F4E 
 187      53554D45 
 187      203100
 188 00f4 01       		.byte	0x1
 189 00f5 00       		.uleb128 0
 190 00f6 5F5F4649 		.ascii "__FINITE_MATH_ONLY__ 0\0"
 190      4E495445 
 190      5F4D4154 
 190      485F4F4E 
 190      4C595F5F 
 191 010d 01       		.byte	0x1
 192 010e 00       		.uleb128 0
 193 010f 5F5F5349 		.ascii "__SIZEOF_INT__ 4\0"
 193      5A454F46 
 193      5F494E54 
 193      5F5F2034 
 193      00
 194 0120 01       		.byte	0x1
 195 0121 00       		.uleb128 0
 196 0122 5F5F5349 		.ascii "__SIZEOF_LONG__ 4\0"
GAS LISTING C:\Users\PRESID~1\AppData\Local\Temp\cc84VYzV.s 			page 6


 196      5A454F46 
 196      5F4C4F4E 
 196      475F5F20 
 196      3400
 197 0134 01       		.byte	0x1
 198 0135 00       		.uleb128 0
 199 0136 5F5F5349 		.ascii "__SIZEOF_LONG_LONG__ 8\0"
 199      5A454F46 
 199      5F4C4F4E 
 199      475F4C4F 
 199      4E475F5F 
 200 014d 01       		.byte	0x1
 201 014e 00       		.uleb128 0
 202 014f 5F5F5349 		.ascii "__SIZEOF_SHORT__ 2\0"
 202      5A454F46 
 202      5F53484F 
 202      52545F5F 
 202      203200
 203 0162 01       		.byte	0x1
 204 0163 00       		.uleb128 0
 205 0164 5F5F5349 		.ascii "__SIZEOF_FLOAT__ 4\0"
 205      5A454F46 
 205      5F464C4F 
 205      41545F5F 
 205      203400
 206 0177 01       		.byte	0x1
 207 0178 00       		.uleb128 0
 208 0179 5F5F5349 		.ascii "__SIZEOF_DOUBLE__ 8\0"
 208      5A454F46 
 208      5F444F55 
 208      424C455F 
 208      5F203800 
 209 018d 01       		.byte	0x1
 210 018e 00       		.uleb128 0
 211 018f 5F5F5349 		.ascii "__SIZEOF_LONG_DOUBLE__ 12\0"
 211      5A454F46 
 211      5F4C4F4E 
 211      475F444F 
 211      55424C45 
 212 01a9 01       		.byte	0x1
 213 01aa 00       		.uleb128 0
 214 01ab 5F5F5349 		.ascii "__SIZEOF_SIZE_T__ 4\0"
 214      5A454F46 
 214      5F53495A 
 214      455F545F 
 214      5F203400 
 215 01bf 01       		.byte	0x1
 216 01c0 00       		.uleb128 0
 217 01c1 5F5F4348 		.ascii "__CHAR_BIT__ 8\0"
 217      41525F42 
 217      49545F5F 
 217      203800
 218 01d0 01       		.byte	0x1
 219 01d1 00       		.uleb128 0
 220 01d2 5F5F4249 		.ascii "__BIGGEST_ALIGNMENT__ 16\0"
 220      47474553 
 220      545F414C 
GAS LISTING C:\Users\PRESID~1\AppData\Local\Temp\cc84VYzV.s 			page 7


 220      49474E4D 
 220      454E545F 
 221 01eb 01       		.byte	0x1
 222 01ec 00       		.uleb128 0
 223 01ed 5F5F4F52 		.ascii "__ORDER_LITTLE_ENDIAN__ 1234\0"
 223      4445525F 
 223      4C495454 
 223      4C455F45 
 223      4E444941 
 224 020a 01       		.byte	0x1
 225 020b 00       		.uleb128 0
 226 020c 5F5F4F52 		.ascii "__ORDER_BIG_ENDIAN__ 4321\0"
 226      4445525F 
 226      4249475F 
 226      454E4449 
 226      414E5F5F 
 227 0226 01       		.byte	0x1
 228 0227 00       		.uleb128 0
 229 0228 5F5F4F52 		.ascii "__ORDER_PDP_ENDIAN__ 3412\0"
 229      4445525F 
 229      5044505F 
 229      454E4449 
 229      414E5F5F 
 230 0242 01       		.byte	0x1
 231 0243 00       		.uleb128 0
 232 0244 5F5F4259 		.ascii "__BYTE_ORDER__ __ORDER_LITTLE_ENDIAN__\0"
 232      54455F4F 
 232      52444552 
 232      5F5F205F 
 232      5F4F5244 
 233 026b 01       		.byte	0x1
 234 026c 00       		.uleb128 0
 235 026d 5F5F464C 		.ascii "__FLOAT_WORD_ORDER__ __ORDER_LITTLE_ENDIAN__\0"
 235      4F41545F 
 235      574F5244 
 235      5F4F5244 
 235      45525F5F 
 236 029a 01       		.byte	0x1
 237 029b 00       		.uleb128 0
 238 029c 5F5F5349 		.ascii "__SIZEOF_POINTER__ 4\0"
 238      5A454F46 
 238      5F504F49 
 238      4E544552 
 238      5F5F2034 
 239 02b1 01       		.byte	0x1
 240 02b2 00       		.uleb128 0
 241 02b3 5F5F5349 		.ascii "__SIZE_TYPE__ unsigned int\0"
 241      5A455F54 
 241      5950455F 
 241      5F20756E 
 241      7369676E 
 242 02ce 01       		.byte	0x1
 243 02cf 00       		.uleb128 0
 244 02d0 5F5F5054 		.ascii "__PTRDIFF_TYPE__ int\0"
 244      52444946 
 244      465F5459 
 244      50455F5F 
GAS LISTING C:\Users\PRESID~1\AppData\Local\Temp\cc84VYzV.s 			page 8


 244      20696E74 
 245 02e5 01       		.byte	0x1
 246 02e6 00       		.uleb128 0
 247 02e7 5F5F5743 		.ascii "__WCHAR_TYPE__ short unsigned int\0"
 247      4841525F 
 247      54595045 
 247      5F5F2073 
 247      686F7274 
 248 0309 01       		.byte	0x1
 249 030a 00       		.uleb128 0
 250 030b 5F5F5749 		.ascii "__WINT_TYPE__ short unsigned int\0"
 250      4E545F54 
 250      5950455F 
 250      5F207368 
 250      6F727420 
 251 032c 01       		.byte	0x1
 252 032d 00       		.uleb128 0
 253 032e 5F5F494E 		.ascii "__INTMAX_TYPE__ long long int\0"
 253      544D4158 
 253      5F545950 
 253      455F5F20 
 253      6C6F6E67 
 254 034c 01       		.byte	0x1
 255 034d 00       		.uleb128 0
 256 034e 5F5F5549 		.ascii "__UINTMAX_TYPE__ long long unsigned int\0"
 256      4E544D41 
 256      585F5459 
 256      50455F5F 
 256      206C6F6E 
 257 0376 01       		.byte	0x1
 258 0377 00       		.uleb128 0
 259 0378 5F5F4348 		.ascii "__CHAR16_TYPE__ short unsigned int\0"
 259      41523136 
 259      5F545950 
 259      455F5F20 
 259      73686F72 
 260 039b 01       		.byte	0x1
 261 039c 00       		.uleb128 0
 262 039d 5F5F4348 		.ascii "__CHAR32_TYPE__ unsigned int\0"
 262      41523332 
 262      5F545950 
 262      455F5F20 
 262      756E7369 
 263 03ba 01       		.byte	0x1
 264 03bb 00       		.uleb128 0
 265 03bc 5F5F5349 		.ascii "__SIG_ATOMIC_TYPE__ int\0"
 265      475F4154 
 265      4F4D4943 
 265      5F545950 
 265      455F5F20 
 266 03d4 01       		.byte	0x1
 267 03d5 00       		.uleb128 0
 268 03d6 5F5F494E 		.ascii "__INT8_TYPE__ signed char\0"
 268      54385F54 
 268      5950455F 
 268      5F207369 
 268      676E6564 
GAS LISTING C:\Users\PRESID~1\AppData\Local\Temp\cc84VYzV.s 			page 9


 269 03f0 01       		.byte	0x1
 270 03f1 00       		.uleb128 0
 271 03f2 5F5F494E 		.ascii "__INT16_TYPE__ short int\0"
 271      5431365F 
 271      54595045 
 271      5F5F2073 
 271      686F7274 
 272 040b 01       		.byte	0x1
 273 040c 00       		.uleb128 0
 274 040d 5F5F494E 		.ascii "__INT32_TYPE__ int\0"
 274      5433325F 
 274      54595045 
 274      5F5F2069 
 274      6E7400
 275 0420 01       		.byte	0x1
 276 0421 00       		.uleb128 0
 277 0422 5F5F494E 		.ascii "__INT64_TYPE__ long long int\0"
 277      5436345F 
 277      54595045 
 277      5F5F206C 
 277      6F6E6720 
 278 043f 01       		.byte	0x1
 279 0440 00       		.uleb128 0
 280 0441 5F5F5549 		.ascii "__UINT8_TYPE__ unsigned char\0"
 280      4E54385F 
 280      54595045 
 280      5F5F2075 
 280      6E736967 
 281 045e 01       		.byte	0x1
 282 045f 00       		.uleb128 0
 283 0460 5F5F5549 		.ascii "__UINT16_TYPE__ short unsigned int\0"
 283      4E543136 
 283      5F545950 
 283      455F5F20 
 283      73686F72 
 284 0483 01       		.byte	0x1
 285 0484 00       		.uleb128 0
 286 0485 5F5F5549 		.ascii "__UINT32_TYPE__ unsigned int\0"
 286      4E543332 
 286      5F545950 
 286      455F5F20 
 286      756E7369 
 287 04a2 01       		.byte	0x1
 288 04a3 00       		.uleb128 0
 289 04a4 5F5F5549 		.ascii "__UINT64_TYPE__ long long unsigned int\0"
 289      4E543634 
 289      5F545950 
 289      455F5F20 
 289      6C6F6E67 
 290 04cb 01       		.byte	0x1
 291 04cc 00       		.uleb128 0
 292 04cd 5F5F494E 		.ascii "__INT_LEAST8_TYPE__ signed char\0"
 292      545F4C45 
 292      41535438 
 292      5F545950 
 292      455F5F20 
 293 04ed 01       		.byte	0x1
GAS LISTING C:\Users\PRESID~1\AppData\Local\Temp\cc84VYzV.s 			page 10


 294 04ee 00       		.uleb128 0
 295 04ef 5F5F494E 		.ascii "__INT_LEAST16_TYPE__ short int\0"
 295      545F4C45 
 295      41535431 
 295      365F5459 
 295      50455F5F 
 296 050e 01       		.byte	0x1
 297 050f 00       		.uleb128 0
 298 0510 5F5F494E 		.ascii "__INT_LEAST32_TYPE__ int\0"
 298      545F4C45 
 298      41535433 
 298      325F5459 
 298      50455F5F 
 299 0529 01       		.byte	0x1
 300 052a 00       		.uleb128 0
 301 052b 5F5F494E 		.ascii "__INT_LEAST64_TYPE__ long long int\0"
 301      545F4C45 
 301      41535436 
 301      345F5459 
 301      50455F5F 
 302 054e 01       		.byte	0x1
 303 054f 00       		.uleb128 0
 304 0550 5F5F5549 		.ascii "__UINT_LEAST8_TYPE__ unsigned char\0"
 304      4E545F4C 
 304      45415354 
 304      385F5459 
 304      50455F5F 
 305 0573 01       		.byte	0x1
 306 0574 00       		.uleb128 0
 307 0575 5F5F5549 		.ascii "__UINT_LEAST16_TYPE__ short unsigned int\0"
 307      4E545F4C 
 307      45415354 
 307      31365F54 
 307      5950455F 
 308 059e 01       		.byte	0x1
 309 059f 00       		.uleb128 0
 310 05a0 5F5F5549 		.ascii "__UINT_LEAST32_TYPE__ unsigned int\0"
 310      4E545F4C 
 310      45415354 
 310      33325F54 
 310      5950455F 
 311 05c3 01       		.byte	0x1
 312 05c4 00       		.uleb128 0
 313 05c5 5F5F5549 		.ascii "__UINT_LEAST64_TYPE__ long long unsigned int\0"
 313      4E545F4C 
 313      45415354 
 313      36345F54 
 313      5950455F 
 314 05f2 01       		.byte	0x1
 315 05f3 00       		.uleb128 0
 316 05f4 5F5F494E 		.ascii "__INT_FAST8_TYPE__ signed char\0"
 316      545F4641 
 316      5354385F 
 316      54595045 
 316      5F5F2073 
 317 0613 01       		.byte	0x1
 318 0614 00       		.uleb128 0
GAS LISTING C:\Users\PRESID~1\AppData\Local\Temp\cc84VYzV.s 			page 11


 319 0615 5F5F494E 		.ascii "__INT_FAST16_TYPE__ short int\0"
 319      545F4641 
 319      53543136 
 319      5F545950 
 319      455F5F20 
 320 0633 01       		.byte	0x1
 321 0634 00       		.uleb128 0
 322 0635 5F5F494E 		.ascii "__INT_FAST32_TYPE__ int\0"
 322      545F4641 
 322      53543332 
 322      5F545950 
 322      455F5F20 
 323 064d 01       		.byte	0x1
 324 064e 00       		.uleb128 0
 325 064f 5F5F494E 		.ascii "__INT_FAST64_TYPE__ long long int\0"
 325      545F4641 
 325      53543634 
 325      5F545950 
 325      455F5F20 
 326 0671 01       		.byte	0x1
 327 0672 00       		.uleb128 0
 328 0673 5F5F5549 		.ascii "__UINT_FAST8_TYPE__ unsigned char\0"
 328      4E545F46 
 328      41535438 
 328      5F545950 
 328      455F5F20 
 329 0695 01       		.byte	0x1
 330 0696 00       		.uleb128 0
 331 0697 5F5F5549 		.ascii "__UINT_FAST16_TYPE__ short unsigned int\0"
 331      4E545F46 
 331      41535431 
 331      365F5459 
 331      50455F5F 
 332 06bf 01       		.byte	0x1
 333 06c0 00       		.uleb128 0
 334 06c1 5F5F5549 		.ascii "__UINT_FAST32_TYPE__ unsigned int\0"
 334      4E545F46 
 334      41535433 
 334      325F5459 
 334      50455F5F 
 335 06e3 01       		.byte	0x1
 336 06e4 00       		.uleb128 0
 337 06e5 5F5F5549 		.ascii "__UINT_FAST64_TYPE__ long long unsigned int\0"
 337      4E545F46 
 337      41535436 
 337      345F5459 
 337      50455F5F 
 338 0711 01       		.byte	0x1
 339 0712 00       		.uleb128 0
 340 0713 5F5F494E 		.ascii "__INTPTR_TYPE__ int\0"
 340      54505452 
 340      5F545950 
 340      455F5F20 
 340      696E7400 
 341 0727 01       		.byte	0x1
 342 0728 00       		.uleb128 0
 343 0729 5F5F5549 		.ascii "__UINTPTR_TYPE__ unsigned int\0"
GAS LISTING C:\Users\PRESID~1\AppData\Local\Temp\cc84VYzV.s 			page 12


 343      4E545054 
 343      525F5459 
 343      50455F5F 
 343      20756E73 
 344 0747 01       		.byte	0x1
 345 0748 00       		.uleb128 0
 346 0749 5F5F6861 		.ascii "__has_include(STR) __has_include__(STR)\0"
 346      735F696E 
 346      636C7564 
 346      65285354 
 346      5229205F 
 347 0771 01       		.byte	0x1
 348 0772 00       		.uleb128 0
 349 0773 5F5F6861 		.ascii "__has_include_next(STR) __has_include_next__(STR)\0"
 349      735F696E 
 349      636C7564 
 349      655F6E65 
 349      78742853 
 350 07a5 01       		.byte	0x1
 351 07a6 00       		.uleb128 0
 352 07a7 5F5F4758 		.ascii "__GXX_ABI_VERSION 1002\0"
 352      585F4142 
 352      495F5645 
 352      5253494F 
 352      4E203130 
 353 07be 01       		.byte	0x1
 354 07bf 00       		.uleb128 0
 355 07c0 5F5F5343 		.ascii "__SCHAR_MAX__ 127\0"
 355      4841525F 
 355      4D41585F 
 355      5F203132 
 355      3700
 356 07d2 01       		.byte	0x1
 357 07d3 00       		.uleb128 0
 358 07d4 5F5F5348 		.ascii "__SHRT_MAX__ 32767\0"
 358      52545F4D 
 358      41585F5F 
 358      20333237 
 358      363700
 359 07e7 01       		.byte	0x1
 360 07e8 00       		.uleb128 0
 361 07e9 5F5F494E 		.ascii "__INT_MAX__ 2147483647\0"
 361      545F4D41 
 361      585F5F20 
 361      32313437 
 361      34383336 
 362 0800 01       		.byte	0x1
 363 0801 00       		.uleb128 0
 364 0802 5F5F4C4F 		.ascii "__LONG_MAX__ 2147483647L\0"
 364      4E475F4D 
 364      41585F5F 
 364      20323134 
 364      37343833 
 365 081b 01       		.byte	0x1
 366 081c 00       		.uleb128 0
 367 081d 5F5F4C4F 		.ascii "__LONG_LONG_MAX__ 9223372036854775807LL\0"
 367      4E475F4C 
GAS LISTING C:\Users\PRESID~1\AppData\Local\Temp\cc84VYzV.s 			page 13


 367      4F4E475F 
 367      4D41585F 
 367      5F203932 
 368 0845 01       		.byte	0x1
 369 0846 00       		.uleb128 0
 370 0847 5F5F5743 		.ascii "__WCHAR_MAX__ 65535\0"
 370      4841525F 
 370      4D41585F 
 370      5F203635 
 370      35333500 
 371 085b 01       		.byte	0x1
 372 085c 00       		.uleb128 0
 373 085d 5F5F5743 		.ascii "__WCHAR_MIN__ 0\0"
 373      4841525F 
 373      4D494E5F 
 373      5F203000 
 374 086d 01       		.byte	0x1
 375 086e 00       		.uleb128 0
 376 086f 5F5F5749 		.ascii "__WINT_MAX__ 65535\0"
 376      4E545F4D 
 376      41585F5F 
 376      20363535 
 376      333500
 377 0882 01       		.byte	0x1
 378 0883 00       		.uleb128 0
 379 0884 5F5F5749 		.ascii "__WINT_MIN__ 0\0"
 379      4E545F4D 
 379      494E5F5F 
 379      203000
 380 0893 01       		.byte	0x1
 381 0894 00       		.uleb128 0
 382 0895 5F5F5054 		.ascii "__PTRDIFF_MAX__ 2147483647\0"
 382      52444946 
 382      465F4D41 
 382      585F5F20 
 382      32313437 
 383 08b0 01       		.byte	0x1
 384 08b1 00       		.uleb128 0
 385 08b2 5F5F5349 		.ascii "__SIZE_MAX__ 4294967295U\0"
 385      5A455F4D 
 385      41585F5F 
 385      20343239 
 385      34393637 
 386 08cb 01       		.byte	0x1
 387 08cc 00       		.uleb128 0
 388 08cd 5F5F494E 		.ascii "__INTMAX_MAX__ 9223372036854775807LL\0"
 388      544D4158 
 388      5F4D4158 
 388      5F5F2039 
 388      32323333 
 389 08f2 01       		.byte	0x1
 390 08f3 00       		.uleb128 0
 391 08f4 5F5F494E 		.ascii "__INTMAX_C(c) c ## LL\0"
 391      544D4158 
 391      5F432863 
 391      29206320 
 391      2323204C 
GAS LISTING C:\Users\PRESID~1\AppData\Local\Temp\cc84VYzV.s 			page 14


 392 090a 01       		.byte	0x1
 393 090b 00       		.uleb128 0
 394 090c 5F5F5549 		.ascii "__UINTMAX_MAX__ 18446744073709551615ULL\0"
 394      4E544D41 
 394      585F4D41 
 394      585F5F20 
 394      31383434 
 395 0934 01       		.byte	0x1
 396 0935 00       		.uleb128 0
 397 0936 5F5F5549 		.ascii "__UINTMAX_C(c) c ## ULL\0"
 397      4E544D41 
 397      585F4328 
 397      63292063 
 397      20232320 
 398 094e 01       		.byte	0x1
 399 094f 00       		.uleb128 0
 400 0950 5F5F5349 		.ascii "__SIG_ATOMIC_MAX__ 2147483647\0"
 400      475F4154 
 400      4F4D4943 
 400      5F4D4158 
 400      5F5F2032 
 401 096e 01       		.byte	0x1
 402 096f 00       		.uleb128 0
 403 0970 5F5F5349 		.ascii "__SIG_ATOMIC_MIN__ (-__SIG_ATOMIC_MAX__ - 1)\0"
 403      475F4154 
 403      4F4D4943 
 403      5F4D494E 
 403      5F5F2028 
 404 099d 01       		.byte	0x1
 405 099e 00       		.uleb128 0
 406 099f 5F5F494E 		.ascii "__INT8_MAX__ 127\0"
 406      54385F4D 
 406      41585F5F 
 406      20313237 
 406      00
 407 09b0 01       		.byte	0x1
 408 09b1 00       		.uleb128 0
 409 09b2 5F5F494E 		.ascii "__INT16_MAX__ 32767\0"
 409      5431365F 
 409      4D41585F 
 409      5F203332 
 409      37363700 
 410 09c6 01       		.byte	0x1
 411 09c7 00       		.uleb128 0
 412 09c8 5F5F494E 		.ascii "__INT32_MAX__ 2147483647\0"
 412      5433325F 
 412      4D41585F 
 412      5F203231 
 412      34373438 
 413 09e1 01       		.byte	0x1
 414 09e2 00       		.uleb128 0
 415 09e3 5F5F494E 		.ascii "__INT64_MAX__ 9223372036854775807LL\0"
 415      5436345F 
 415      4D41585F 
 415      5F203932 
 415      32333337 
 416 0a07 01       		.byte	0x1
GAS LISTING C:\Users\PRESID~1\AppData\Local\Temp\cc84VYzV.s 			page 15


 417 0a08 00       		.uleb128 0
 418 0a09 5F5F5549 		.ascii "__UINT8_MAX__ 255\0"
 418      4E54385F 
 418      4D41585F 
 418      5F203235 
 418      3500
 419 0a1b 01       		.byte	0x1
 420 0a1c 00       		.uleb128 0
 421 0a1d 5F5F5549 		.ascii "__UINT16_MAX__ 65535\0"
 421      4E543136 
 421      5F4D4158 
 421      5F5F2036 
 421      35353335 
 422 0a32 01       		.byte	0x1
 423 0a33 00       		.uleb128 0
 424 0a34 5F5F5549 		.ascii "__UINT32_MAX__ 4294967295U\0"
 424      4E543332 
 424      5F4D4158 
 424      5F5F2034 
 424      32393439 
 425 0a4f 01       		.byte	0x1
 426 0a50 00       		.uleb128 0
 427 0a51 5F5F5549 		.ascii "__UINT64_MAX__ 18446744073709551615ULL\0"
 427      4E543634 
 427      5F4D4158 
 427      5F5F2031 
 427      38343436 
 428 0a78 01       		.byte	0x1
 429 0a79 00       		.uleb128 0
 430 0a7a 5F5F494E 		.ascii "__INT_LEAST8_MAX__ 127\0"
 430      545F4C45 
 430      41535438 
 430      5F4D4158 
 430      5F5F2031 
 431 0a91 01       		.byte	0x1
 432 0a92 00       		.uleb128 0
 433 0a93 5F5F494E 		.ascii "__INT8_C(c) c\0"
 433      54385F43 
 433      28632920 
 433      6300
 434 0aa1 01       		.byte	0x1
 435 0aa2 00       		.uleb128 0
 436 0aa3 5F5F494E 		.ascii "__INT_LEAST16_MAX__ 32767\0"
 436      545F4C45 
 436      41535431 
 436      365F4D41 
 436      585F5F20 
 437 0abd 01       		.byte	0x1
 438 0abe 00       		.uleb128 0
 439 0abf 5F5F494E 		.ascii "__INT16_C(c) c\0"
 439      5431365F 
 439      43286329 
 439      206300
 440 0ace 01       		.byte	0x1
 441 0acf 00       		.uleb128 0
 442 0ad0 5F5F494E 		.ascii "__INT_LEAST32_MAX__ 2147483647\0"
 442      545F4C45 
GAS LISTING C:\Users\PRESID~1\AppData\Local\Temp\cc84VYzV.s 			page 16


 442      41535433 
 442      325F4D41 
 442      585F5F20 
 443 0aef 01       		.byte	0x1
 444 0af0 00       		.uleb128 0
 445 0af1 5F5F494E 		.ascii "__INT32_C(c) c\0"
 445      5433325F 
 445      43286329 
 445      206300
 446 0b00 01       		.byte	0x1
 447 0b01 00       		.uleb128 0
 448 0b02 5F5F494E 		.ascii "__INT_LEAST64_MAX__ 9223372036854775807LL\0"
 448      545F4C45 
 448      41535436 
 448      345F4D41 
 448      585F5F20 
 449 0b2c 01       		.byte	0x1
 450 0b2d 00       		.uleb128 0
 451 0b2e 5F5F494E 		.ascii "__INT64_C(c) c ## LL\0"
 451      5436345F 
 451      43286329 
 451      20632023 
 451      23204C4C 
 452 0b43 01       		.byte	0x1
 453 0b44 00       		.uleb128 0
 454 0b45 5F5F5549 		.ascii "__UINT_LEAST8_MAX__ 255\0"
 454      4E545F4C 
 454      45415354 
 454      385F4D41 
 454      585F5F20 
 455 0b5d 01       		.byte	0x1
 456 0b5e 00       		.uleb128 0
 457 0b5f 5F5F5549 		.ascii "__UINT8_C(c) c\0"
 457      4E54385F 
 457      43286329 
 457      206300
 458 0b6e 01       		.byte	0x1
 459 0b6f 00       		.uleb128 0
 460 0b70 5F5F5549 		.ascii "__UINT_LEAST16_MAX__ 65535\0"
 460      4E545F4C 
 460      45415354 
 460      31365F4D 
 460      41585F5F 
 461 0b8b 01       		.byte	0x1
 462 0b8c 00       		.uleb128 0
 463 0b8d 5F5F5549 		.ascii "__UINT16_C(c) c\0"
 463      4E543136 
 463      5F432863 
 463      29206300 
 464 0b9d 01       		.byte	0x1
 465 0b9e 00       		.uleb128 0
 466 0b9f 5F5F5549 		.ascii "__UINT_LEAST32_MAX__ 4294967295U\0"
 466      4E545F4C 
 466      45415354 
 466      33325F4D 
 466      41585F5F 
 467 0bc0 01       		.byte	0x1
GAS LISTING C:\Users\PRESID~1\AppData\Local\Temp\cc84VYzV.s 			page 17


 468 0bc1 00       		.uleb128 0
 469 0bc2 5F5F5549 		.ascii "__UINT32_C(c) c ## U\0"
 469      4E543332 
 469      5F432863 
 469      29206320 
 469      23232055 
 470 0bd7 01       		.byte	0x1
 471 0bd8 00       		.uleb128 0
 472 0bd9 5F5F5549 		.ascii "__UINT_LEAST64_MAX__ 18446744073709551615ULL\0"
 472      4E545F4C 
 472      45415354 
 472      36345F4D 
 472      41585F5F 
 473 0c06 01       		.byte	0x1
 474 0c07 00       		.uleb128 0
 475 0c08 5F5F5549 		.ascii "__UINT64_C(c) c ## ULL\0"
 475      4E543634 
 475      5F432863 
 475      29206320 
 475      23232055 
 476 0c1f 01       		.byte	0x1
 477 0c20 00       		.uleb128 0
 478 0c21 5F5F494E 		.ascii "__INT_FAST8_MAX__ 127\0"
 478      545F4641 
 478      5354385F 
 478      4D41585F 
 478      5F203132 
 479 0c37 01       		.byte	0x1
 480 0c38 00       		.uleb128 0
 481 0c39 5F5F494E 		.ascii "__INT_FAST16_MAX__ 32767\0"
 481      545F4641 
 481      53543136 
 481      5F4D4158 
 481      5F5F2033 
 482 0c52 01       		.byte	0x1
 483 0c53 00       		.uleb128 0
 484 0c54 5F5F494E 		.ascii "__INT_FAST32_MAX__ 2147483647\0"
 484      545F4641 
 484      53543332 
 484      5F4D4158 
 484      5F5F2032 
 485 0c72 01       		.byte	0x1
 486 0c73 00       		.uleb128 0
 487 0c74 5F5F494E 		.ascii "__INT_FAST64_MAX__ 9223372036854775807LL\0"
 487      545F4641 
 487      53543634 
 487      5F4D4158 
 487      5F5F2039 
 488 0c9d 01       		.byte	0x1
 489 0c9e 00       		.uleb128 0
 490 0c9f 5F5F5549 		.ascii "__UINT_FAST8_MAX__ 255\0"
 490      4E545F46 
 490      41535438 
 490      5F4D4158 
 490      5F5F2032 
 491 0cb6 01       		.byte	0x1
 492 0cb7 00       		.uleb128 0
GAS LISTING C:\Users\PRESID~1\AppData\Local\Temp\cc84VYzV.s 			page 18


 493 0cb8 5F5F5549 		.ascii "__UINT_FAST16_MAX__ 65535\0"
 493      4E545F46 
 493      41535431 
 493      365F4D41 
 493      585F5F20 
 494 0cd2 01       		.byte	0x1
 495 0cd3 00       		.uleb128 0
 496 0cd4 5F5F5549 		.ascii "__UINT_FAST32_MAX__ 4294967295U\0"
 496      4E545F46 
 496      41535433 
 496      325F4D41 
 496      585F5F20 
 497 0cf4 01       		.byte	0x1
 498 0cf5 00       		.uleb128 0
 499 0cf6 5F5F5549 		.ascii "__UINT_FAST64_MAX__ 18446744073709551615ULL\0"
 499      4E545F46 
 499      41535436 
 499      345F4D41 
 499      585F5F20 
 500 0d22 01       		.byte	0x1
 501 0d23 00       		.uleb128 0
 502 0d24 5F5F494E 		.ascii "__INTPTR_MAX__ 2147483647\0"
 502      54505452 
 502      5F4D4158 
 502      5F5F2032 
 502      31343734 
 503 0d3e 01       		.byte	0x1
 504 0d3f 00       		.uleb128 0
 505 0d40 5F5F5549 		.ascii "__UINTPTR_MAX__ 4294967295U\0"
 505      4E545054 
 505      525F4D41 
 505      585F5F20 
 505      34323934 
 506 0d5c 01       		.byte	0x1
 507 0d5d 00       		.uleb128 0
 508 0d5e 5F5F4743 		.ascii "__GCC_IEC_559 2\0"
 508      435F4945 
 508      435F3535 
 508      39203200 
 509 0d6e 01       		.byte	0x1
 510 0d6f 00       		.uleb128 0
 511 0d70 5F5F4743 		.ascii "__GCC_IEC_559_COMPLEX 2\0"
 511      435F4945 
 511      435F3535 
 511      395F434F 
 511      4D504C45 
 512 0d88 01       		.byte	0x1
 513 0d89 00       		.uleb128 0
 514 0d8a 5F5F464C 		.ascii "__FLT_EVAL_METHOD__ 2\0"
 514      545F4556 
 514      414C5F4D 
 514      4554484F 
 514      445F5F20 
 515 0da0 01       		.byte	0x1
 516 0da1 00       		.uleb128 0
 517 0da2 5F5F4445 		.ascii "__DEC_EVAL_METHOD__ 2\0"
 517      435F4556 
GAS LISTING C:\Users\PRESID~1\AppData\Local\Temp\cc84VYzV.s 			page 19


 517      414C5F4D 
 517      4554484F 
 517      445F5F20 
 518 0db8 01       		.byte	0x1
 519 0db9 00       		.uleb128 0
 520 0dba 5F5F464C 		.ascii "__FLT_RADIX__ 2\0"
 520      545F5241 
 520      4449585F 
 520      5F203200 
 521 0dca 01       		.byte	0x1
 522 0dcb 00       		.uleb128 0
 523 0dcc 5F5F464C 		.ascii "__FLT_MANT_DIG__ 24\0"
 523      545F4D41 
 523      4E545F44 
 523      49475F5F 
 523      20323400 
 524 0de0 01       		.byte	0x1
 525 0de1 00       		.uleb128 0
 526 0de2 5F5F464C 		.ascii "__FLT_DIG__ 6\0"
 526      545F4449 
 526      475F5F20 
 526      3600
 527 0df0 01       		.byte	0x1
 528 0df1 00       		.uleb128 0
 529 0df2 5F5F464C 		.ascii "__FLT_MIN_EXP__ (-125)\0"
 529      545F4D49 
 529      4E5F4558 
 529      505F5F20 
 529      282D3132 
 530 0e09 01       		.byte	0x1
 531 0e0a 00       		.uleb128 0
 532 0e0b 5F5F464C 		.ascii "__FLT_MIN_10_EXP__ (-37)\0"
 532      545F4D49 
 532      4E5F3130 
 532      5F455850 
 532      5F5F2028 
 533 0e24 01       		.byte	0x1
 534 0e25 00       		.uleb128 0
 535 0e26 5F5F464C 		.ascii "__FLT_MAX_EXP__ 128\0"
 535      545F4D41 
 535      585F4558 
 535      505F5F20 
 535      31323800 
 536 0e3a 01       		.byte	0x1
 537 0e3b 00       		.uleb128 0
 538 0e3c 5F5F464C 		.ascii "__FLT_MAX_10_EXP__ 38\0"
 538      545F4D41 
 538      585F3130 
 538      5F455850 
 538      5F5F2033 
 539 0e52 01       		.byte	0x1
 540 0e53 00       		.uleb128 0
 541 0e54 5F5F464C 		.ascii "__FLT_DECIMAL_DIG__ 9\0"
 541      545F4445 
 541      43494D41 
 541      4C5F4449 
 541      475F5F20 
GAS LISTING C:\Users\PRESID~1\AppData\Local\Temp\cc84VYzV.s 			page 20


 542 0e6a 01       		.byte	0x1
 543 0e6b 00       		.uleb128 0
 544 0e6c 5F5F464C 		.ascii "__FLT_MAX__ 3.40282346638528859812e+38F\0"
 544      545F4D41 
 544      585F5F20 
 544      332E3430 
 544      32383233 
 545 0e94 01       		.byte	0x1
 546 0e95 00       		.uleb128 0
 547 0e96 5F5F464C 		.ascii "__FLT_MIN__ 1.17549435082228750797e-38F\0"
 547      545F4D49 
 547      4E5F5F20 
 547      312E3137 
 547      35343934 
 548 0ebe 01       		.byte	0x1
 549 0ebf 00       		.uleb128 0
 550 0ec0 5F5F464C 		.ascii "__FLT_EPSILON__ 1.19209289550781250000e-7F\0"
 550      545F4550 
 550      53494C4F 
 550      4E5F5F20 
 550      312E3139 
 551 0eeb 01       		.byte	0x1
 552 0eec 00       		.uleb128 0
 553 0eed 5F5F464C 		.ascii "__FLT_DENORM_MIN__ 1.40129846432481707092e-45F\0"
 553      545F4445 
 553      4E4F524D 
 553      5F4D494E 
 553      5F5F2031 
 554 0f1c 01       		.byte	0x1
 555 0f1d 00       		.uleb128 0
 556 0f1e 5F5F464C 		.ascii "__FLT_HAS_DENORM__ 1\0"
 556      545F4841 
 556      535F4445 
 556      4E4F524D 
 556      5F5F2031 
 557 0f33 01       		.byte	0x1
 558 0f34 00       		.uleb128 0
 559 0f35 5F5F464C 		.ascii "__FLT_HAS_INFINITY__ 1\0"
 559      545F4841 
 559      535F494E 
 559      46494E49 
 559      54595F5F 
 560 0f4c 01       		.byte	0x1
 561 0f4d 00       		.uleb128 0
 562 0f4e 5F5F464C 		.ascii "__FLT_HAS_QUIET_NAN__ 1\0"
 562      545F4841 
 562      535F5155 
 562      4945545F 
 562      4E414E5F 
 563 0f66 01       		.byte	0x1
 564 0f67 00       		.uleb128 0
 565 0f68 5F5F4442 		.ascii "__DBL_MANT_DIG__ 53\0"
 565      4C5F4D41 
 565      4E545F44 
 565      49475F5F 
 565      20353300 
 566 0f7c 01       		.byte	0x1
GAS LISTING C:\Users\PRESID~1\AppData\Local\Temp\cc84VYzV.s 			page 21


 567 0f7d 00       		.uleb128 0
 568 0f7e 5F5F4442 		.ascii "__DBL_DIG__ 15\0"
 568      4C5F4449 
 568      475F5F20 
 568      313500
 569 0f8d 01       		.byte	0x1
 570 0f8e 00       		.uleb128 0
 571 0f8f 5F5F4442 		.ascii "__DBL_MIN_EXP__ (-1021)\0"
 571      4C5F4D49 
 571      4E5F4558 
 571      505F5F20 
 571      282D3130 
 572 0fa7 01       		.byte	0x1
 573 0fa8 00       		.uleb128 0
 574 0fa9 5F5F4442 		.ascii "__DBL_MIN_10_EXP__ (-307)\0"
 574      4C5F4D49 
 574      4E5F3130 
 574      5F455850 
 574      5F5F2028 
 575 0fc3 01       		.byte	0x1
 576 0fc4 00       		.uleb128 0
 577 0fc5 5F5F4442 		.ascii "__DBL_MAX_EXP__ 1024\0"
 577      4C5F4D41 
 577      585F4558 
 577      505F5F20 
 577      31303234 
 578 0fda 01       		.byte	0x1
 579 0fdb 00       		.uleb128 0
 580 0fdc 5F5F4442 		.ascii "__DBL_MAX_10_EXP__ 308\0"
 580      4C5F4D41 
 580      585F3130 
 580      5F455850 
 580      5F5F2033 
 581 0ff3 01       		.byte	0x1
 582 0ff4 00       		.uleb128 0
 583 0ff5 5F5F4442 		.ascii "__DBL_DECIMAL_DIG__ 17\0"
 583      4C5F4445 
 583      43494D41 
 583      4C5F4449 
 583      475F5F20 
 584 100c 01       		.byte	0x1
 585 100d 00       		.uleb128 0
 586 100e 5F5F4442 		.ascii "__DBL_MAX__ ((double)1.79769313486231570815e+308L)\0"
 586      4C5F4D41 
 586      585F5F20 
 586      2828646F 
 586      75626C65 
 587 1041 01       		.byte	0x1
 588 1042 00       		.uleb128 0
 589 1043 5F5F4442 		.ascii "__DBL_MIN__ ((double)2.22507385850720138309e-308L)\0"
 589      4C5F4D49 
 589      4E5F5F20 
 589      2828646F 
 589      75626C65 
 590 1076 01       		.byte	0x1
 591 1077 00       		.uleb128 0
 592 1078 5F5F4442 		.ascii "__DBL_EPSILON__ ((double)2.22044604925031308085e-16L)\0"
GAS LISTING C:\Users\PRESID~1\AppData\Local\Temp\cc84VYzV.s 			page 22


 592      4C5F4550 
 592      53494C4F 
 592      4E5F5F20 
 592      2828646F 
 593 10ae 01       		.byte	0x1
 594 10af 00       		.uleb128 0
 595 10b0 5F5F4442 		.ascii "__DBL_DENORM_MIN__ ((double)4.94065645841246544177e-324L)\0"
 595      4C5F4445 
 595      4E4F524D 
 595      5F4D494E 
 595      5F5F2028 
 596 10ea 01       		.byte	0x1
 597 10eb 00       		.uleb128 0
 598 10ec 5F5F4442 		.ascii "__DBL_HAS_DENORM__ 1\0"
 598      4C5F4841 
 598      535F4445 
 598      4E4F524D 
 598      5F5F2031 
 599 1101 01       		.byte	0x1
 600 1102 00       		.uleb128 0
 601 1103 5F5F4442 		.ascii "__DBL_HAS_INFINITY__ 1\0"
 601      4C5F4841 
 601      535F494E 
 601      46494E49 
 601      54595F5F 
 602 111a 01       		.byte	0x1
 603 111b 00       		.uleb128 0
 604 111c 5F5F4442 		.ascii "__DBL_HAS_QUIET_NAN__ 1\0"
 604      4C5F4841 
 604      535F5155 
 604      4945545F 
 604      4E414E5F 
 605 1134 01       		.byte	0x1
 606 1135 00       		.uleb128 0
 607 1136 5F5F4C44 		.ascii "__LDBL_MANT_DIG__ 64\0"
 607      424C5F4D 
 607      414E545F 
 607      4449475F 
 607      5F203634 
 608 114b 01       		.byte	0x1
 609 114c 00       		.uleb128 0
 610 114d 5F5F4C44 		.ascii "__LDBL_DIG__ 18\0"
 610      424C5F44 
 610      49475F5F 
 610      20313800 
 611 115d 01       		.byte	0x1
 612 115e 00       		.uleb128 0
 613 115f 5F5F4C44 		.ascii "__LDBL_MIN_EXP__ (-16381)\0"
 613      424C5F4D 
 613      494E5F45 
 613      58505F5F 
 613      20282D31 
 614 1179 01       		.byte	0x1
 615 117a 00       		.uleb128 0
 616 117b 5F5F4C44 		.ascii "__LDBL_MIN_10_EXP__ (-4931)\0"
 616      424C5F4D 
 616      494E5F31 
GAS LISTING C:\Users\PRESID~1\AppData\Local\Temp\cc84VYzV.s 			page 23


 616      305F4558 
 616      505F5F20 
 617 1197 01       		.byte	0x1
 618 1198 00       		.uleb128 0
 619 1199 5F5F4C44 		.ascii "__LDBL_MAX_EXP__ 16384\0"
 619      424C5F4D 
 619      41585F45 
 619      58505F5F 
 619      20313633 
 620 11b0 01       		.byte	0x1
 621 11b1 00       		.uleb128 0
 622 11b2 5F5F4C44 		.ascii "__LDBL_MAX_10_EXP__ 4932\0"
 622      424C5F4D 
 622      41585F31 
 622      305F4558 
 622      505F5F20 
 623 11cb 01       		.byte	0x1
 624 11cc 00       		.uleb128 0
 625 11cd 5F5F4445 		.ascii "__DECIMAL_DIG__ 21\0"
 625      43494D41 
 625      4C5F4449 
 625      475F5F20 
 625      323100
 626 11e0 01       		.byte	0x1
 627 11e1 00       		.uleb128 0
 628 11e2 5F5F4C44 		.ascii "__LDBL_MAX__ 1.18973149535723176502e+4932L\0"
 628      424C5F4D 
 628      41585F5F 
 628      20312E31 
 628      38393733 
 629 120d 01       		.byte	0x1
 630 120e 00       		.uleb128 0
 631 120f 5F5F4C44 		.ascii "__LDBL_MIN__ 3.36210314311209350626e-4932L\0"
 631      424C5F4D 
 631      494E5F5F 
 631      20332E33 
 631      36323130 
 632 123a 01       		.byte	0x1
 633 123b 00       		.uleb128 0
 634 123c 5F5F4C44 		.ascii "__LDBL_EPSILON__ 1.08420217248550443401e-19L\0"
 634      424C5F45 
 634      5053494C 
 634      4F4E5F5F 
 634      20312E30 
 635 1269 01       		.byte	0x1
 636 126a 00       		.uleb128 0
 637 126b 5F5F4C44 		.ascii "__LDBL_DENORM_MIN__ 3.64519953188247460253e-4951L\0"
 637      424C5F44 
 637      454E4F52 
 637      4D5F4D49 
 637      4E5F5F20 
 638 129d 01       		.byte	0x1
 639 129e 00       		.uleb128 0
 640 129f 5F5F4C44 		.ascii "__LDBL_HAS_DENORM__ 1\0"
 640      424C5F48 
 640      41535F44 
 640      454E4F52 
GAS LISTING C:\Users\PRESID~1\AppData\Local\Temp\cc84VYzV.s 			page 24


 640      4D5F5F20 
 641 12b5 01       		.byte	0x1
 642 12b6 00       		.uleb128 0
 643 12b7 5F5F4C44 		.ascii "__LDBL_HAS_INFINITY__ 1\0"
 643      424C5F48 
 643      41535F49 
 643      4E46494E 
 643      4954595F 
 644 12cf 01       		.byte	0x1
 645 12d0 00       		.uleb128 0
 646 12d1 5F5F4C44 		.ascii "__LDBL_HAS_QUIET_NAN__ 1\0"
 646      424C5F48 
 646      41535F51 
 646      55494554 
 646      5F4E414E 
 647 12ea 01       		.byte	0x1
 648 12eb 00       		.uleb128 0
 649 12ec 5F5F4445 		.ascii "__DEC32_MANT_DIG__ 7\0"
 649      4333325F 
 649      4D414E54 
 649      5F444947 
 649      5F5F2037 
 650 1301 01       		.byte	0x1
 651 1302 00       		.uleb128 0
 652 1303 5F5F4445 		.ascii "__DEC32_MIN_EXP__ (-94)\0"
 652      4333325F 
 652      4D494E5F 
 652      4558505F 
 652      5F20282D 
 653 131b 01       		.byte	0x1
 654 131c 00       		.uleb128 0
 655 131d 5F5F4445 		.ascii "__DEC32_MAX_EXP__ 97\0"
 655      4333325F 
 655      4D41585F 
 655      4558505F 
 655      5F203937 
 656 1332 01       		.byte	0x1
 657 1333 00       		.uleb128 0
 658 1334 5F5F4445 		.ascii "__DEC32_MIN__ 1E-95DF\0"
 658      4333325F 
 658      4D494E5F 
 658      5F203145 
 658      2D393544 
 659 134a 01       		.byte	0x1
 660 134b 00       		.uleb128 0
 661 134c 5F5F4445 		.ascii "__DEC32_MAX__ 9.999999E96DF\0"
 661      4333325F 
 661      4D41585F 
 661      5F20392E 
 661      39393939 
 662 1368 01       		.byte	0x1
 663 1369 00       		.uleb128 0
 664 136a 5F5F4445 		.ascii "__DEC32_EPSILON__ 1E-6DF\0"
 664      4333325F 
 664      45505349 
 664      4C4F4E5F 
 664      5F203145 
GAS LISTING C:\Users\PRESID~1\AppData\Local\Temp\cc84VYzV.s 			page 25


 665 1383 01       		.byte	0x1
 666 1384 00       		.uleb128 0
 667 1385 5F5F4445 		.ascii "__DEC32_SUBNORMAL_MIN__ 0.000001E-95DF\0"
 667      4333325F 
 667      5355424E 
 667      4F524D41 
 667      4C5F4D49 
 668 13ac 01       		.byte	0x1
 669 13ad 00       		.uleb128 0
 670 13ae 5F5F4445 		.ascii "__DEC64_MANT_DIG__ 16\0"
 670      4336345F 
 670      4D414E54 
 670      5F444947 
 670      5F5F2031 
 671 13c4 01       		.byte	0x1
 672 13c5 00       		.uleb128 0
 673 13c6 5F5F4445 		.ascii "__DEC64_MIN_EXP__ (-382)\0"
 673      4336345F 
 673      4D494E5F 
 673      4558505F 
 673      5F20282D 
 674 13df 01       		.byte	0x1
 675 13e0 00       		.uleb128 0
 676 13e1 5F5F4445 		.ascii "__DEC64_MAX_EXP__ 385\0"
 676      4336345F 
 676      4D41585F 
 676      4558505F 
 676      5F203338 
 677 13f7 01       		.byte	0x1
 678 13f8 00       		.uleb128 0
 679 13f9 5F5F4445 		.ascii "__DEC64_MIN__ 1E-383DD\0"
 679      4336345F 
 679      4D494E5F 
 679      5F203145 
 679      2D333833 
 680 1410 01       		.byte	0x1
 681 1411 00       		.uleb128 0
 682 1412 5F5F4445 		.ascii "__DEC64_MAX__ 9.999999999999999E384DD\0"
 682      4336345F 
 682      4D41585F 
 682      5F20392E 
 682      39393939 
 683 1438 01       		.byte	0x1
 684 1439 00       		.uleb128 0
 685 143a 5F5F4445 		.ascii "__DEC64_EPSILON__ 1E-15DD\0"
 685      4336345F 
 685      45505349 
 685      4C4F4E5F 
 685      5F203145 
 686 1454 01       		.byte	0x1
 687 1455 00       		.uleb128 0
 688 1456 5F5F4445 		.ascii "__DEC64_SUBNORMAL_MIN__ 0.000000000000001E-383DD\0"
 688      4336345F 
 688      5355424E 
 688      4F524D41 
 688      4C5F4D49 
 689 1487 01       		.byte	0x1
GAS LISTING C:\Users\PRESID~1\AppData\Local\Temp\cc84VYzV.s 			page 26


 690 1488 00       		.uleb128 0
 691 1489 5F5F4445 		.ascii "__DEC128_MANT_DIG__ 34\0"
 691      43313238 
 691      5F4D414E 
 691      545F4449 
 691      475F5F20 
 692 14a0 01       		.byte	0x1
 693 14a1 00       		.uleb128 0
 694 14a2 5F5F4445 		.ascii "__DEC128_MIN_EXP__ (-6142)\0"
 694      43313238 
 694      5F4D494E 
 694      5F455850 
 694      5F5F2028 
 695 14bd 01       		.byte	0x1
 696 14be 00       		.uleb128 0
 697 14bf 5F5F4445 		.ascii "__DEC128_MAX_EXP__ 6145\0"
 697      43313238 
 697      5F4D4158 
 697      5F455850 
 697      5F5F2036 
 698 14d7 01       		.byte	0x1
 699 14d8 00       		.uleb128 0
 700 14d9 5F5F4445 		.ascii "__DEC128_MIN__ 1E-6143DL\0"
 700      43313238 
 700      5F4D494E 
 700      5F5F2031 
 700      452D3631 
 701 14f2 01       		.byte	0x1
 702 14f3 00       		.uleb128 0
 703 14f4 5F5F4445 		.ascii "__DEC128_MAX__ 9.999999999999999999999999999999999E6144DL\0"
 703      43313238 
 703      5F4D4158 
 703      5F5F2039 
 703      2E393939 
 704 152e 01       		.byte	0x1
 705 152f 00       		.uleb128 0
 706 1530 5F5F4445 		.ascii "__DEC128_EPSILON__ 1E-33DL\0"
 706      43313238 
 706      5F455053 
 706      494C4F4E 
 706      5F5F2031 
 707 154b 01       		.byte	0x1
 708 154c 00       		.uleb128 0
 709 154d 5F5F4445 		.ascii "__DEC128_SUBNORMAL_MIN__ 0.000000000000000000000000000000001E-6143DL\0"
 709      43313238 
 709      5F535542 
 709      4E4F524D 
 709      414C5F4D 
 710 1592 01       		.byte	0x1
 711 1593 00       		.uleb128 0
 712 1594 5F5F5245 		.ascii "__REGISTER_PREFIX__ \0"
 712      47495354 
 712      45525F50 
 712      52454649 
 712      585F5F20 
 713 15a9 01       		.byte	0x1
 714 15aa 00       		.uleb128 0
GAS LISTING C:\Users\PRESID~1\AppData\Local\Temp\cc84VYzV.s 			page 27


 715 15ab 5F5F5553 		.ascii "__USER_LABEL_PREFIX__ _\0"
 715      45525F4C 
 715      4142454C 
 715      5F505245 
 715      4649585F 
 716 15c3 01       		.byte	0x1
 717 15c4 00       		.uleb128 0
 718 15c5 5F5F474E 		.ascii "__GNUC_GNU_INLINE__ 1\0"
 718      55435F47 
 718      4E555F49 
 718      4E4C494E 
 718      455F5F20 
 719 15db 01       		.byte	0x1
 720 15dc 00       		.uleb128 0
 721 15dd 5F5F4E4F 		.ascii "__NO_INLINE__ 1\0"
 721      5F494E4C 
 721      494E455F 
 721      5F203100 
 722 15ed 01       		.byte	0x1
 723 15ee 00       		.uleb128 0
 724 15ef 5F5F5354 		.ascii "__STRICT_ANSI__ 1\0"
 724      52494354 
 724      5F414E53 
 724      495F5F20 
 724      3100
 725 1601 01       		.byte	0x1
 726 1602 00       		.uleb128 0
 727 1603 5F5F4743 		.ascii "__GCC_ATOMIC_BOOL_LOCK_FREE 1\0"
 727      435F4154 
 727      4F4D4943 
 727      5F424F4F 
 727      4C5F4C4F 
 728 1621 01       		.byte	0x1
 729 1622 00       		.uleb128 0
 730 1623 5F5F4743 		.ascii "__GCC_ATOMIC_CHAR_LOCK_FREE 1\0"
 730      435F4154 
 730      4F4D4943 
 730      5F434841 
 730      525F4C4F 
 731 1641 01       		.byte	0x1
 732 1642 00       		.uleb128 0
 733 1643 5F5F4743 		.ascii "__GCC_ATOMIC_CHAR16_T_LOCK_FREE 1\0"
 733      435F4154 
 733      4F4D4943 
 733      5F434841 
 733      5231365F 
 734 1665 01       		.byte	0x1
 735 1666 00       		.uleb128 0
 736 1667 5F5F4743 		.ascii "__GCC_ATOMIC_CHAR32_T_LOCK_FREE 1\0"
 736      435F4154 
 736      4F4D4943 
 736      5F434841 
 736      5233325F 
 737 1689 01       		.byte	0x1
 738 168a 00       		.uleb128 0
 739 168b 5F5F4743 		.ascii "__GCC_ATOMIC_WCHAR_T_LOCK_FREE 1\0"
 739      435F4154 
GAS LISTING C:\Users\PRESID~1\AppData\Local\Temp\cc84VYzV.s 			page 28


 739      4F4D4943 
 739      5F574348 
 739      41525F54 
 740 16ac 01       		.byte	0x1
 741 16ad 00       		.uleb128 0
 742 16ae 5F5F4743 		.ascii "__GCC_ATOMIC_SHORT_LOCK_FREE 1\0"
 742      435F4154 
 742      4F4D4943 
 742      5F53484F 
 742      52545F4C 
 743 16cd 01       		.byte	0x1
 744 16ce 00       		.uleb128 0
 745 16cf 5F5F4743 		.ascii "__GCC_ATOMIC_INT_LOCK_FREE 1\0"
 745      435F4154 
 745      4F4D4943 
 745      5F494E54 
 745      5F4C4F43 
 746 16ec 01       		.byte	0x1
 747 16ed 00       		.uleb128 0
 748 16ee 5F5F4743 		.ascii "__GCC_ATOMIC_LONG_LOCK_FREE 1\0"
 748      435F4154 
 748      4F4D4943 
 748      5F4C4F4E 
 748      475F4C4F 
 749 170c 01       		.byte	0x1
 750 170d 00       		.uleb128 0
 751 170e 5F5F4743 		.ascii "__GCC_ATOMIC_LLONG_LOCK_FREE 1\0"
 751      435F4154 
 751      4F4D4943 
 751      5F4C4C4F 
 751      4E475F4C 
 752 172d 01       		.byte	0x1
 753 172e 00       		.uleb128 0
 754 172f 5F5F4743 		.ascii "__GCC_ATOMIC_TEST_AND_SET_TRUEVAL 1\0"
 754      435F4154 
 754      4F4D4943 
 754      5F544553 
 754      545F414E 
 755 1753 01       		.byte	0x1
 756 1754 00       		.uleb128 0
 757 1755 5F5F4743 		.ascii "__GCC_ATOMIC_POINTER_LOCK_FREE 1\0"
 757      435F4154 
 757      4F4D4943 
 757      5F504F49 
 757      4E544552 
 758 1776 01       		.byte	0x1
 759 1777 00       		.uleb128 0
 760 1778 5F5F4743 		.ascii "__GCC_HAVE_DWARF2_CFI_ASM 1\0"
 760      435F4841 
 760      56455F44 
 760      57415246 
 760      325F4346 
 761 1794 01       		.byte	0x1
 762 1795 00       		.uleb128 0
 763 1796 5F5F5052 		.ascii "__PRAGMA_REDEFINE_EXTNAME 1\0"
 763      41474D41 
 763      5F524544 
GAS LISTING C:\Users\PRESID~1\AppData\Local\Temp\cc84VYzV.s 			page 29


 763      4546494E 
 763      455F4558 
 764 17b2 01       		.byte	0x1
 765 17b3 00       		.uleb128 0
 766 17b4 5F5F5349 		.ascii "__SIZEOF_WCHAR_T__ 2\0"
 766      5A454F46 
 766      5F574348 
 766      41525F54 
 766      5F5F2032 
 767 17c9 01       		.byte	0x1
 768 17ca 00       		.uleb128 0
 769 17cb 5F5F5349 		.ascii "__SIZEOF_WINT_T__ 2\0"
 769      5A454F46 
 769      5F57494E 
 769      545F545F 
 769      5F203200 
 770 17df 01       		.byte	0x1
 771 17e0 00       		.uleb128 0
 772 17e1 5F5F5349 		.ascii "__SIZEOF_PTRDIFF_T__ 4\0"
 772      5A454F46 
 772      5F505452 
 772      44494646 
 772      5F545F5F 
 773 17f8 01       		.byte	0x1
 774 17f9 00       		.uleb128 0
 775 17fa 5F5F6933 		.ascii "__i386 1\0"
 775      38362031 
 775      00
 776 1803 01       		.byte	0x1
 777 1804 00       		.uleb128 0
 778 1805 5F5F6933 		.ascii "__i386__ 1\0"
 778      38365F5F 
 778      203100
 779 1810 01       		.byte	0x1
 780 1811 00       		.uleb128 0
 781 1812 5F5F4154 		.ascii "__ATOMIC_HLE_ACQUIRE 65536\0"
 781      4F4D4943 
 781      5F484C45 
 781      5F414351 
 781      55495245 
 782 182d 01       		.byte	0x1
 783 182e 00       		.uleb128 0
 784 182f 5F5F4154 		.ascii "__ATOMIC_HLE_RELEASE 131072\0"
 784      4F4D4943 
 784      5F484C45 
 784      5F52454C 
 784      45415345 
 785 184b 01       		.byte	0x1
 786 184c 00       		.uleb128 0
 787 184d 5F5F7475 		.ascii "__tune_i386__ 1\0"
 787      6E655F69 
 787      3338365F 
 787      5F203100 
 788 185d 01       		.byte	0x1
 789 185e 00       		.uleb128 0
 790 185f 5F5F636F 		.ascii "__code_model_32__ 1\0"
 790      64655F6D 
GAS LISTING C:\Users\PRESID~1\AppData\Local\Temp\cc84VYzV.s 			page 30


 790      6F64656C 
 790      5F33325F 
 790      5F203100 
 791 1873 01       		.byte	0x1
 792 1874 00       		.uleb128 0
 793 1875 5F583836 		.ascii "_X86_ 1\0"
 793      5F203100 
 794 187d 01       		.byte	0x1
 795 187e 00       		.uleb128 0
 796 187f 5F5F7374 		.ascii "__stdcall __attribute__((__stdcall__))\0"
 796      6463616C 
 796      6C205F5F 
 796      61747472 
 796      69627574 
 797 18a6 01       		.byte	0x1
 798 18a7 00       		.uleb128 0
 799 18a8 5F5F6661 		.ascii "__fastcall __attribute__((__fastcall__))\0"
 799      73746361 
 799      6C6C205F 
 799      5F617474 
 799      72696275 
 800 18d1 01       		.byte	0x1
 801 18d2 00       		.uleb128 0
 802 18d3 5F5F7468 		.ascii "__thiscall __attribute__((__thiscall__))\0"
 802      69736361 
 802      6C6C205F 
 802      5F617474 
 802      72696275 
 803 18fc 01       		.byte	0x1
 804 18fd 00       		.uleb128 0
 805 18fe 5F5F6364 		.ascii "__cdecl __attribute__((__cdecl__))\0"
 805      65636C20 
 805      5F5F6174 
 805      74726962 
 805      7574655F 
 806 1921 01       		.byte	0x1
 807 1922 00       		.uleb128 0
 808 1923 5F5F4758 		.ascii "__GXX_MERGED_TYPEINFO_NAMES 0\0"
 808      585F4D45 
 808      52474544 
 808      5F545950 
 808      45494E46 
 809 1941 01       		.byte	0x1
 810 1942 00       		.uleb128 0
 811 1943 5F5F4758 		.ascii "__GXX_TYPEINFO_EQUALITY_INLINE 0\0"
 811      585F5459 
 811      5045494E 
 811      464F5F45 
 811      5155414C 
 812 1964 01       		.byte	0x1
 813 1965 00       		.uleb128 0
 814 1966 5F5F4D53 		.ascii "__MSVCRT__ 1\0"
 814      56435254 
 814      5F5F2031 
 814      00
 815 1973 01       		.byte	0x1
 816 1974 00       		.uleb128 0
GAS LISTING C:\Users\PRESID~1\AppData\Local\Temp\cc84VYzV.s 			page 31


 817 1975 5F5F4D49 		.ascii "__MINGW32__ 1\0"
 817      4E475733 
 817      325F5F20 
 817      3100
 818 1983 01       		.byte	0x1
 819 1984 00       		.uleb128 0
 820 1985 5F57494E 		.ascii "_WIN32 1\0"
 820      33322031 
 820      00
 821 198e 01       		.byte	0x1
 822 198f 00       		.uleb128 0
 823 1990 5F5F5749 		.ascii "__WIN32 1\0"
 823      4E333220 
 823      3100
 824 199a 01       		.byte	0x1
 825 199b 00       		.uleb128 0
 826 199c 5F5F5749 		.ascii "__WIN32__ 1\0"
 826      4E33325F 
 826      5F203100 
 827 19a8 01       		.byte	0x1
 828 19a9 00       		.uleb128 0
 829 19aa 5F5F5749 		.ascii "__WINNT 1\0"
 829      4E4E5420 
 829      3100
 830 19b4 01       		.byte	0x1
 831 19b5 00       		.uleb128 0
 832 19b6 5F5F5749 		.ascii "__WINNT__ 1\0"
 832      4E4E545F 
 832      5F203100 
 833 19c2 01       		.byte	0x1
 834 19c3 00       		.uleb128 0
 835 19c4 5F494E54 		.ascii "_INTEGRAL_MAX_BITS 64\0"
 835      45475241 
 835      4C5F4D41 
 835      585F4249 
 835      54532036 
 836 19da 01       		.byte	0x1
 837 19db 00       		.uleb128 0
 838 19dc 5F5F6465 		.ascii "__declspec(x) __attribute__((x))\0"
 838      636C7370 
 838      65632878 
 838      29205F5F 
 838      61747472 
 839 19fd 01       		.byte	0x1
 840 19fe 00       		.uleb128 0
 841 19ff 5F5F4445 		.ascii "__DECIMAL_BID_FORMAT__ 1\0"
 841      43494D41 
 841      4C5F4249 
 841      445F464F 
 841      524D4154 
 842 1a18 01       		.byte	0x1
 843 1a19 00       		.uleb128 0
 844 1a1a 4346475F 		.ascii "CFG_PROCESSOR 3\0"
 844      50524F43 
 844      4553534F 
 844      52203300 
 845 1a2a 03       		.byte	0x3
GAS LISTING C:\Users\PRESID~1\AppData\Local\Temp\cc84VYzV.s 			page 32


 846 1a2b 00       		.uleb128 0
 847 1a2c 01       		.uleb128 0x1
 848              		.file 2 "E:/NeuOrga/Programmieren/c_cpp/github_os/input/src/os_base/os_firstinc.h"
 849 1a2d 03       		.byte	0x3
 850 1a2e 01       		.uleb128 0x1
 851 1a2f 02       		.uleb128 0x2
 852 1a30 01       		.byte	0x1
 853 1a31 02       		.uleb128 0x2
 854 1a32 5F4F535F 		.ascii "_OS_FIRSTINC_H_ \0"
 854      46495253 
 854      54494E43 
 854      5F485F20 
 854      00
 855              		.file 3 "E:/NeuOrga/Programmieren/c_cpp/github_os/input/src/os_base/../os_config.h"
 856 1a43 03       		.byte	0x3
 857 1a44 04       		.uleb128 0x4
 858 1a45 03       		.uleb128 0x3
 859 1a46 01       		.byte	0x1
 860 1a47 02       		.uleb128 0x2
 861 1a48 5F4F535F 		.ascii "_OS_CONFIG_H_ \0"
 861      434F4E46 
 861      49475F48 
 861      5F2000
 862 1a57 01       		.byte	0x1
 863 1a58 05       		.uleb128 0x5
 864 1a59 494E5445 		.ascii "INTEGER_LLP64_IL32P64 1u\0"
 864      4745525F 
 864      4C4C5036 
 864      345F494C 
 864      33325036 
 865 1a72 01       		.byte	0x1
 866 1a73 06       		.uleb128 0x6
 867 1a74 494E5445 		.ascii "INTEGER_LP64_I32LP64 2u\0"
 867      4745525F 
 867      4C503634 
 867      5F493332 
 867      4C503634 
 868 1a8c 01       		.byte	0x1
 869 1a8d 07       		.uleb128 0x7
 870 1a8e 494E5445 		.ascii "INTEGER_ILP64 3u\0"
 870      4745525F 
 870      494C5036 
 870      34203375 
 870      00
 871 1a9f 01       		.byte	0x1
 872 1aa0 08       		.uleb128 0x8
 873 1aa1 494E5445 		.ascii "INTEGER_SILP64 4u\0"
 873      4745525F 
 873      53494C50 
 873      36342034 
 873      7500
 874 1ab3 01       		.byte	0x1
 875 1ab4 09       		.uleb128 0x9
 876 1ab5 494E5445 		.ascii "INTEGER_MODEL INTEGER_LLP64_IL32P64\0"
 876      4745525F 
 876      4D4F4445 
 876      4C20494E 
GAS LISTING C:\Users\PRESID~1\AppData\Local\Temp\cc84VYzV.s 			page 33


 876      54454745 
 877 1ad9 01       		.byte	0x1
 878 1ada 0C       		.uleb128 0xc
 879 1adb 4350505F 		.ascii "CPP_VERSION_NONE 0u\0"
 879      56455253 
 879      494F4E5F 
 879      4E4F4E45 
 879      20307500 
 880 1aef 01       		.byte	0x1
 881 1af0 0D       		.uleb128 0xd
 882 1af1 4350505F 		.ascii "CPP_VERSION_1998 1u\0"
 882      56455253 
 882      494F4E5F 
 882      31393938 
 882      20317500 
 883 1b05 01       		.byte	0x1
 884 1b06 0E       		.uleb128 0xe
 885 1b07 4350505F 		.ascii "CPP_VERSION_2003 2u\0"
 885      56455253 
 885      494F4E5F 
 885      32303033 
 885      20327500 
 886 1b1b 01       		.byte	0x1
 887 1b1c 0F       		.uleb128 0xf
 888 1b1d 4350505F 		.ascii "CPP_VERSION_2007 3u\0"
 888      56455253 
 888      494F4E5F 
 888      32303037 
 888      20337500 
 889 1b31 01       		.byte	0x1
 890 1b32 10       		.uleb128 0x10
 891 1b33 4350505F 		.ascii "CPP_VERSION_2011 4u\0"
 891      56455253 
 891      494F4E5F 
 891      32303131 
 891      20347500 
 892 1b47 01       		.byte	0x1
 893 1b48 11       		.uleb128 0x11
 894 1b49 49534F5F 		.ascii "ISO_CPP_VERSION CPP_VERSION_1998\0"
 894      4350505F 
 894      56455253 
 894      494F4E20 
 894      4350505F 
 895 1b6a 01       		.byte	0x1
 896 1b6b 14       		.uleb128 0x14
 897 1b6c 4249475F 		.ascii "BIG_INT_SIZE 16u\0"
 897      494E545F 
 897      53495A45 
 897      20313675 
 897      00
 898 1b7d 01       		.byte	0x1
 899 1b7e 17       		.uleb128 0x17
 900 1b7f 4E525F4F 		.ascii "NR_OF_CORES 1u\0"
 900      465F434F 
 900      52455320 
 900      317500
 901 1b8e 01       		.byte	0x1
GAS LISTING C:\Users\PRESID~1\AppData\Local\Temp\cc84VYzV.s 			page 34


 902 1b8f 1B       		.uleb128 0x1b
 903 1b90 4D43555F 		.ascii "MCU_CLOCK_IN_HZ ((uint32)168000000u)\0"
 903      434C4F43 
 903      4B5F494E 
 903      5F485A20 
 903      28287569 
 904 1bb5 01       		.byte	0x1
 905 1bb6 1D       		.uleb128 0x1d
 906 1bb7 44594E41 		.ascii "DYNAMIC_MEMORY_USED FALSE\0"
 906      4D49435F 
 906      4D454D4F 
 906      52595F55 
 906      53454420 
 907 1bd1 01       		.byte	0x1
 908 1bd2 1E       		.uleb128 0x1e
 909 1bd3 4C4F4F50 		.ascii "LOOPTIME_IN_USEC ((uint32)10000u)\0"
 909      54494D45 
 909      5F494E5F 
 909      55534543 
 909      20282875 
 910 1bf5 01       		.byte	0x1
 911 1bf6 21       		.uleb128 0x21
 912 1bf7 48454150 		.ascii "HEAP_SIZE 10000u\0"
 912      5F53495A 
 912      45203130 
 912      30303075 
 912      00
 913 1c08 01       		.byte	0x1
 914 1c09 22       		.uleb128 0x22
 915 1c0a 4D494E5F 		.ascii "MIN_BLOCK_SIZE_HEAP 8u\0"
 915      424C4F43 
 915      4B5F5349 
 915      5A455F48 
 915      45415020 
 916 1c21 01       		.byte	0x1
 917 1c22 23       		.uleb128 0x23
 918 1c23 48454150 		.ascii "HEAP_OFFSET_FOR_SIZE 0u\0"
 918      5F4F4646 
 918      5345545F 
 918      464F525F 
 918      53495A45 
 919 1c3b 01       		.byte	0x1
 920 1c3c 24       		.uleb128 0x24
 921 1c3d 48454150 		.ascii "HEAP_OFFSET_FOR_USED_SIZE 4u\0"
 921      5F4F4646 
 921      5345545F 
 921      464F525F 
 921      55534544 
 922 1c5a 01       		.byte	0x1
 923 1c5b 25       		.uleb128 0x25
 924 1c5c 48454150 		.ascii "HEAP_OFFSET_FOR_CHUNK 8u\0"
 924      5F4F4646 
 924      5345545F 
 924      464F525F 
 924      4348554E 
 925 1c75 01       		.byte	0x1
 926 1c76 28       		.uleb128 0x28
GAS LISTING C:\Users\PRESID~1\AppData\Local\Temp\cc84VYzV.s 			page 35


 927 1c77 4F535F53 		.ascii "OS_STACK_SIZE 0x200u\0"
 927      5441434B 
 927      5F53495A 
 927      45203078 
 927      32303075 
 928 1c8c 04       		.byte	0x4
 929              		.file 4 "E:/NeuOrga/Programmieren/c_cpp/github_os/input/src/os_base/../os_base/os_base_types.h"
 930 1c8d 03       		.byte	0x3
 931 1c8e 05       		.uleb128 0x5
 932 1c8f 04       		.uleb128 0x4
 933 1c90 01       		.byte	0x1
 934 1c91 02       		.uleb128 0x2
 935 1c92 5F4F535F 		.ascii "_OS_BASE_TYPES_H_ \0"
 935      42415345 
 935      5F545950 
 935      45535F48 
 935      5F2000
 936 1ca5 04       		.byte	0x4
 937              		.file 5 "E:/NeuOrga/Programmieren/c_cpp/github_os/input/src/os_base/../os_base/os_common.h"
 938 1ca6 03       		.byte	0x3
 939 1ca7 06       		.uleb128 0x6
 940 1ca8 05       		.uleb128 0x5
 941 1ca9 01       		.byte	0x1
 942 1caa 02       		.uleb128 0x2
 943 1cab 5F4F535F 		.ascii "_OS_COMMON_H_ \0"
 943      434F4D4D 
 943      4F4E5F48 
 943      5F2000
 944 1cba 01       		.byte	0x1
 945 1cbb 06       		.uleb128 0x6
 946 1cbc 46414C53 		.ascii "FALSE 0u\0"
 946      45203075 
 946      00
 947 1cc5 01       		.byte	0x1
 948 1cc6 07       		.uleb128 0x7
 949 1cc7 54525545 		.ascii "TRUE 1u\0"
 949      20317500 
 950 1ccf 01       		.byte	0x1
 951 1cd0 08       		.uleb128 0x8
 952 1cd1 41434345 		.ascii "ACCEPTED 1u\0"
 952      50544544 
 952      20317500 
 953 1cdd 01       		.byte	0x1
 954 1cde 09       		.uleb128 0x9
 955 1cdf 52454A45 		.ascii "REJECTED 0u\0"
 955      43544544 
 955      20307500 
 956 1ceb 01       		.byte	0x1
 957 1cec 0A       		.uleb128 0xa
 958 1ced 4C4F4341 		.ascii "LOCAL static\0"
 958      4C207374 
 958      61746963 
 958      00
 959 1cfa 01       		.byte	0x1
 960 1cfb 0B       		.uleb128 0xb
 961 1cfc 4C4F4341 		.ascii "LOCAL_INLINE static __inline__\0"
 961      4C5F494E 
GAS LISTING C:\Users\PRESID~1\AppData\Local\Temp\cc84VYzV.s 			page 36


 961      4C494E45 
 961      20737461 
 961      74696320 
 962 1d1b 01       		.byte	0x1
 963 1d1c 0C       		.uleb128 0xc
 964 1d1d 474C4F42 		.ascii "GLOBAL_INLINE __inline__\0"
 964      414C5F49 
 964      4E4C494E 
 964      45205F5F 
 964      696E6C69 
 965 1d36 01       		.byte	0x1
 966 1d37 0D       		.uleb128 0xd
 967 1d38 52454645 		.ascii "REFERENCE_UNUSED_PARAMETER(x) ((x) = (x))\0"
 967      52454E43 
 967      455F554E 
 967      55534544 
 967      5F504152 
 968 1d62 01       		.byte	0x1
 969 1d63 10       		.uleb128 0x10
 970 1d64 4D43555F 		.ascii "MCU_X86 3\0"
 970      58383620 
 970      3300
 971 1d6e 01       		.byte	0x1
 972 1d6f 11       		.uleb128 0x11
 973 1d70 4D43555F 		.ascii "MCU_CORTEX_M4 4\0"
 973      434F5254 
 973      45585F4D 
 973      34203400 
 974 1d80 01       		.byte	0x1
 975 1d81 14       		.uleb128 0x14
 976 1d82 4457545F 		.ascii "DWT_CTRL ((volatile uint32*)0xE0001000u)\0"
 976      4354524C 
 976      20282876 
 976      6F6C6174 
 976      696C6520 
 977 1dab 01       		.byte	0x1
 978 1dac 15       		.uleb128 0x15
 979 1dad 4457545F 		.ascii "DWT_CYCCNT ((volatile uint32*)0xE0001004u)\0"
 979      43594343 
 979      4E542028 
 979      28766F6C 
 979      6174696C 
 980 1dd8 01       		.byte	0x1
 981 1dd9 16       		.uleb128 0x16
 982 1dda 4457545F 		.ascii "DWT_LAR ((volatile uint32*)0xE0001FB0u)\0"
 982      4C415220 
 982      2828766F 
 982      6C617469 
 982      6C652075 
 983 1e02 01       		.byte	0x1
 984 1e03 17       		.uleb128 0x17
 985 1e04 5343425F 		.ascii "SCB_DEMCR ((volatile uint32*)0xE000EDFCu)\0"
 985      44454D43 
 985      52202828 
 985      766F6C61 
 985      74696C65 
 986 1e2e 01       		.byte	0x1
GAS LISTING C:\Users\PRESID~1\AppData\Local\Temp\cc84VYzV.s 			page 37


 987 1e2f 1A       		.uleb128 0x1a
 988 1e30 44495341 		.ascii "DISABLE_INTERRUPTS() \0"
 988      424C455F 
 988      494E5445 
 988      52525550 
 988      54532829 
 989 1e46 01       		.byte	0x1
 990 1e47 1B       		.uleb128 0x1b
 991 1e48 454E4142 		.ascii "ENABLE_INTERRUPTS() \0"
 991      4C455F49 
 991      4E544552 
 991      52555054 
 991      53282920 
 992 1e5d 01       		.byte	0x1
 993 1e5e 1C       		.uleb128 0x1c
 994 1e5f 50524956 		.ascii "PRIVILIGE_LEVEL_SAVE_CURRENT() \0"
 994      494C4947 
 994      455F4C45 
 994      56454C5F 
 994      53415645 
 995 1e7f 01       		.byte	0x1
 996 1e80 1D       		.uleb128 0x1d
 997 1e81 50524956 		.ascii "PRIVILIGE_LEVEL_ENTER_KERNEL_MODE() \0"
 997      494C4947 
 997      455F4C45 
 997      56454C5F 
 997      454E5445 
 998 1ea6 01       		.byte	0x1
 999 1ea7 1E       		.uleb128 0x1e
 1000 1ea8 50524956 		.ascii "PRIVILIGE_LEVEL_RESTORE_SAVED() \0"
 1000      494C4947 
 1000      455F4C45 
 1000      56454C5F 
 1000      52455354 
 1001 1ec9 01       		.byte	0x1
 1002 1eca 1F       		.uleb128 0x1f
 1003 1ecb 48414C54 		.ascii "HALT_MCU() \0"
 1003      5F4D4355 
 1003      28292000 
 1004 1ed7 04       		.byte	0x4
 1005              		.file 6 "E:/NeuOrga/Programmieren/c_cpp/github_os/input/src/os_base/../os_sim/lld_global.h"
 1006 1ed8 03       		.byte	0x3
 1007 1ed9 09       		.uleb128 0x9
 1008 1eda 06       		.uleb128 0x6
 1009 1edb 01       		.byte	0x1
 1010 1edc 02       		.uleb128 0x2
 1011 1edd 5F4C4C44 		.ascii "_LLD_GLOBAL_H_ \0"
 1011      5F474C4F 
 1011      42414C5F 
 1011      485F2000 
 1012              		.file 7 "E:/NeuOrga/Programmieren/c_cpp/github_os/input/src/os_base/../os_sim/lld_core.h"
 1013 1eed 03       		.byte	0x3
 1014 1eee 04       		.uleb128 0x4
 1015 1eef 07       		.uleb128 0x7
 1016 1ef0 01       		.byte	0x1
 1017 1ef1 02       		.uleb128 0x2
 1018 1ef2 5F4C4C44 		.ascii "_LLD_CORE_H_ \0"
GAS LISTING C:\Users\PRESID~1\AppData\Local\Temp\cc84VYzV.s 			page 38


 1018      5F434F52 
 1018      455F485F 
 1018      2000
 1019              		.file 8 "E:/NeuOrga/Programmieren/c_cpp/github_os/input/src/os_base/../os_sim/../os_base/os_firsti
 1020 1f00 03       		.byte	0x3
 1021 1f01 03       		.uleb128 0x3
 1022 1f02 08       		.uleb128 0x8
 1023 1f03 04       		.byte	0x4
 1024 1f04 04       		.byte	0x4
 1025              		.file 9 "E:/NeuOrga/Programmieren/c_cpp/github_os/input/src/os_base/../os_sim/lld_interrupt.h"
 1026 1f05 03       		.byte	0x3
 1027 1f06 05       		.uleb128 0x5
 1028 1f07 09       		.uleb128 0x9
 1029 1f08 01       		.byte	0x1
 1030 1f09 02       		.uleb128 0x2
 1031 1f0a 5F4C4C44 		.ascii "_LLD_INTERRUPT_H_ \0"
 1031      5F494E54 
 1031      45525255 
 1031      50545F48 
 1031      5F2000
 1032 1f1d 01       		.byte	0x1
 1033 1f1e 05       		.uleb128 0x5
 1034 1f1f 4F535F49 		.ascii "OS_INTERRUPT_SWI_1 asm(\"swi 1\")\0"
 1034      4E544552 
 1034      52555054 
 1034      5F535749 
 1034      5F312061 
 1035 1f3f 01       		.byte	0x1
 1036 1f40 06       		.uleb128 0x6
 1037 1f41 4F535F49 		.ascii "OS_INTERRUPT_SWI_2 asm(\"swi 2\")\0"
 1037      4E544552 
 1037      52555054 
 1037      5F535749 
 1037      5F322061 
 1038 1f61 01       		.byte	0x1
 1039 1f62 07       		.uleb128 0x7
 1040 1f63 4F535F49 		.ascii "OS_INTERRUPT_SWI_3 asm(\"swi 3\")\0"
 1040      4E544552 
 1040      52555054 
 1040      5F535749 
 1040      5F332061 
 1041 1f83 01       		.byte	0x1
 1042 1f84 08       		.uleb128 0x8
 1043 1f85 4F535F49 		.ascii "OS_INTERRUPT_SWI_4 asm(\"swi 4\")\0"
 1043      4E544552 
 1043      52555054 
 1043      5F535749 
 1043      5F342061 
 1044 1fa5 01       		.byte	0x1
 1045 1fa6 09       		.uleb128 0x9
 1046 1fa7 4F535F49 		.ascii "OS_INTERRUPT_SWI_5 asm(\"swi 5\")\0"
 1046      4E544552 
 1046      52555054 
 1046      5F535749 
 1046      5F352061 
 1047 1fc7 04       		.byte	0x4
 1048              		.file 10 "E:/NeuOrga/Programmieren/c_cpp/github_os/input/src/os_base/../os_sim/lld_mmu.h"
GAS LISTING C:\Users\PRESID~1\AppData\Local\Temp\cc84VYzV.s 			page 39


 1049 1fc8 03       		.byte	0x3
 1050 1fc9 06       		.uleb128 0x6
 1051 1fca 0A       		.uleb128 0xa
 1052 1fcb 01       		.byte	0x1
 1053 1fcc 02       		.uleb128 0x2
 1054 1fcd 5F4C4C44 		.ascii "_LLD_MMU_H_ \0"
 1054      5F4D4D55 
 1054      5F485F20 
 1054      00
 1055 1fda 04       		.byte	0x4
 1056              		.file 11 "E:/NeuOrga/Programmieren/c_cpp/github_os/input/src/os_base/../os_sim/lld_timer.h"
 1057 1fdb 03       		.byte	0x3
 1058 1fdc 07       		.uleb128 0x7
 1059 1fdd 0B       		.uleb128 0xb
 1060 1fde 01       		.byte	0x1
 1061 1fdf 02       		.uleb128 0x2
 1062 1fe0 5F4C4C44 		.ascii "_LLD_TIMER_H_ \0"
 1062      5F54494D 
 1062      45525F48 
 1062      5F2000
 1063 1fef 04       		.byte	0x4
 1064              		.file 12 "E:/NeuOrga/Programmieren/c_cpp/github_os/input/src/os_base/../os_sim/lld_power.h"
 1065 1ff0 03       		.byte	0x3
 1066 1ff1 08       		.uleb128 0x8
 1067 1ff2 0C       		.uleb128 0xc
 1068 1ff3 01       		.byte	0x1
 1069 1ff4 02       		.uleb128 0x2
 1070 1ff5 5F4C4C44 		.ascii "_LLD_POWER_H_ \0"
 1070      5F504F57 
 1070      45525F48 
 1070      5F2000
 1071 2004 04       		.byte	0x4
 1072              		.file 13 "E:/NeuOrga/Programmieren/c_cpp/github_os/input/src/os_base/../os_sim/lld_ram.h"
 1073 2005 03       		.byte	0x3
 1074 2006 09       		.uleb128 0x9
 1075 2007 0D       		.uleb128 0xd
 1076 2008 01       		.byte	0x1
 1077 2009 02       		.uleb128 0x2
 1078 200a 5F4C4C44 		.ascii "_LLD_RAM_H_ \0"
 1078      5F52414D 
 1078      5F485F20 
 1078      00
 1079 2017 04       		.byte	0x4
 1080              		.file 14 "E:/NeuOrga/Programmieren/c_cpp/github_os/input/src/os_base/../os_sim/../os_base/os_task_
 1081 2018 03       		.byte	0x3
 1082 2019 0A       		.uleb128 0xa
 1083 201a 0E       		.uleb128 0xe
 1084 201b 01       		.byte	0x1
 1085 201c 02       		.uleb128 0x2
 1086 201d 5F4F535F 		.ascii "_OS_TASK_COMMON_H_ \0"
 1086      5441534B 
 1086      5F434F4D 
 1086      4D4F4E5F 
 1086      485F2000 
 1087 2031 03       		.byte	0x3
 1088 2032 03       		.uleb128 0x3
 1089 2033 08       		.uleb128 0x8
GAS LISTING C:\Users\PRESID~1\AppData\Local\Temp\cc84VYzV.s 			page 40


 1090 2034 04       		.byte	0x4
 1091              		.file 15 "E:/NeuOrga/Programmieren/c_cpp/github_os/input/src/os_base/../os_sim/../os_base/os_task_
 1092 2035 03       		.byte	0x3
 1093 2036 04       		.uleb128 0x4
 1094 2037 0F       		.uleb128 0xf
 1095 2038 01       		.byte	0x1
 1096 2039 02       		.uleb128 0x2
 1097 203a 5F4F535F 		.ascii "_OS_TASK_CONFIG_H_ \0"
 1097      5441534B 
 1097      5F434F4E 
 1097      4649475F 
 1097      485F2000 
 1098 204e 01       		.byte	0x1
 1099 204f 05       		.uleb128 0x5
 1100 2050 5441534B 		.ascii "TASK_MIN_TIME (1e0)\0"
 1100      5F4D494E 
 1100      5F54494D 
 1100      45202831 
 1100      65302900 
 1101 2064 01       		.byte	0x1
 1102 2065 06       		.uleb128 0x6
 1103 2066 4E554D42 		.ascii "NUMBER_OF_TASKS 10u\0"
 1103      45525F4F 
 1103      465F5441 
 1103      534B5320 
 1103      31307500 
 1104 207a 01       		.byte	0x1
 1105 207b 07       		.uleb128 0x7
 1106 207c 4D41585F 		.ascii "MAX_RUN_QUEUE_SIZE (NUMBER_OF_TASKS)\0"
 1106      52554E5F 
 1106      51554555 
 1106      455F5349 
 1106      5A452028 
 1107 20a1 01       		.byte	0x1
 1108 20a2 08       		.uleb128 0x8
 1109 20a3 4D41585F 		.ascii "MAX_RUN_PQUEUE_SIZE MAX_RUN_QUEUE_SIZE\0"
 1109      52554E5F 
 1109      50515545 
 1109      55455F53 
 1109      495A4520 
 1110 20ca 01       		.byte	0x1
 1111 20cb 0A       		.uleb128 0xa
 1112 20cc 5441534B 		.ascii "TASK_STACK_SIZE 2000u\0"
 1112      5F535441 
 1112      434B5F53 
 1112      495A4520 
 1112      32303030 
 1113 20e2 01       		.byte	0x1
 1114 20e3 0D       		.uleb128 0xd
 1115 20e4 4D535F50 		.ascii "MS_PER_SEC 1000u\0"
 1115      45525F53 
 1115      45432031 
 1115      30303075 
 1115      00
 1116 20f5 01       		.byte	0x1
 1117 20f6 0E       		.uleb128 0xe
 1118 20f7 5553455F 		.ascii "USE_STATIC_CREATED_TASKS TRUE\0"
GAS LISTING C:\Users\PRESID~1\AppData\Local\Temp\cc84VYzV.s 			page 41


 1118      53544154 
 1118      49435F43 
 1118      52454154 
 1118      45445F54 
 1119 2115 04       		.byte	0x4
 1120              		.file 16 "E:/NeuOrga/Programmieren/c_cpp/github_os/input/src/os_base/../os_sim/../os_base/os_init_
 1121 2116 03       		.byte	0x3
 1122 2117 05       		.uleb128 0x5
 1123 2118 10       		.uleb128 0x10
 1124 2119 01       		.byte	0x1
 1125 211a 02       		.uleb128 0x2
 1126 211b 5F4F535F 		.ascii "_OS_INIT_TASK_SYSTEM_H_ \0"
 1126      494E4954 
 1126      5F544153 
 1126      4B5F5359 
 1126      5354454D 
 1127 2134 04       		.byte	0x4
 1128 2135 01       		.byte	0x1
 1129 2136 5F       		.uleb128 0x5f
 1130 2137 4F535F53 		.ascii "OS_SAVE_TASK_PTR(task_ptr,task_name) (TASK_PTR[(task_name)] = (task_ptr))\0"
 1130      4156455F 
 1130      5441534B 
 1130      5F505452 
 1130      28746173 
 1131 2181 01       		.byte	0x1
 1132 2182 60       		.uleb128 0x60
 1133 2183 4F535F47 		.ascii "OS_GET_TASK_PTR(task_name) ((task_t*) TASK_PTR[(task_name)])\0"
 1133      45545F54 
 1133      41534B5F 
 1133      50545228 
 1133      7461736B 
 1134 21c0 04       		.byte	0x4
 1135 21c1 04       		.byte	0x4
 1136              		.file 17 "E:/NeuOrga/Programmieren/c_cpp/github_os/input/src/os_base/../os_user_code/led.h"
 1137 21c2 03       		.byte	0x3
 1138 21c3 0D       		.uleb128 0xd
 1139 21c4 11       		.uleb128 0x11
 1140 21c5 01       		.byte	0x1
 1141 21c6 02       		.uleb128 0x2
 1142 21c7 5F4C4544 		.ascii "_LED_H_ \0"
 1142      5F485F20 
 1142      00
 1143 21d0 04       		.byte	0x4
 1144              		.file 18 "E:/NeuOrga/Programmieren/c_cpp/github_os/input/src/os_base/../os_base/os_ram.h"
 1145 21d1 03       		.byte	0x3
 1146 21d2 0F       		.uleb128 0xf
 1147 21d3 12       		.uleb128 0x12
 1148 21d4 01       		.byte	0x1
 1149 21d5 02       		.uleb128 0x2
 1150 21d6 5F4F535F 		.ascii "_OS_RAM_H_ \0"
 1150      52414D5F 
 1150      485F2000 
 1151              		.file 19 "E:/NeuOrga/Programmieren/c_cpp/github_os/input/src/os_base/../os_base/os_firstinc.h"
 1152 21e2 03       		.byte	0x3
 1153 21e3 04       		.uleb128 0x4
 1154 21e4 13       		.uleb128 0x13
 1155 21e5 04       		.byte	0x4
GAS LISTING C:\Users\PRESID~1\AppData\Local\Temp\cc84VYzV.s 			page 42


 1156              		.file 20 "E:/NeuOrga/Programmieren/c_cpp/github_os/input/src/os_base/../os_base/os_stack.h"
 1157 21e6 03       		.byte	0x3
 1158 21e7 05       		.uleb128 0x5
 1159 21e8 14       		.uleb128 0x14
 1160 21e9 01       		.byte	0x1
 1161 21ea 02       		.uleb128 0x2
 1162 21eb 5F4F535F 		.ascii "_OS_STACK_H_ \0"
 1162      53544143 
 1162      4B5F485F 
 1162      2000
 1163 21f9 04       		.byte	0x4
 1164              		.file 21 "E:/NeuOrga/Programmieren/c_cpp/github_os/input/src/os_base/../os_base/os_heap.h"
 1165 21fa 03       		.byte	0x3
 1166 21fb 06       		.uleb128 0x6
 1167 21fc 15       		.uleb128 0x15
 1168 21fd 01       		.byte	0x1
 1169 21fe 02       		.uleb128 0x2
 1170 21ff 5F4F535F 		.ascii "_OS_HEAP_H_ \0"
 1170      48454150 
 1170      5F485F20 
 1170      00
 1171 220c 04       		.byte	0x4
 1172              		.file 22 "E:/NeuOrga/Programmieren/c_cpp/github_os/input/src/os_base/../os_base/os_main.h"
 1173 220d 03       		.byte	0x3
 1174 220e 07       		.uleb128 0x7
 1175 220f 16       		.uleb128 0x16
 1176 2210 01       		.byte	0x1
 1177 2211 02       		.uleb128 0x2
 1178 2212 5F4F535F 		.ascii "_OS_MAIN_H_ \0"
 1178      4D41494E 
 1178      5F485F20 
 1178      00
 1179 221f 04       		.byte	0x4
 1180              		.file 23 "E:/NeuOrga/Programmieren/c_cpp/github_os/input/src/os_base/../os_base/os_task_config.h"
 1181 2220 03       		.byte	0x3
 1182 2221 08       		.uleb128 0x8
 1183 2222 17       		.uleb128 0x17
 1184 2223 04       		.byte	0x4
 1185              		.file 24 "E:/NeuOrga/Programmieren/c_cpp/github_os/input/src/os_base/../os_base/os_task_common.h"
 1186 2224 03       		.byte	0x3
 1187 2225 09       		.uleb128 0x9
 1188 2226 18       		.uleb128 0x18
 1189 2227 04       		.byte	0x4
 1190 2228 04       		.byte	0x4
 1191              		.file 25 "E:/NeuOrga/Programmieren/c_cpp/github_os/input/src/os_base/../os_base/os_ram_stack.h"
 1192 2229 03       		.byte	0x3
 1193 222a 10       		.uleb128 0x10
 1194 222b 19       		.uleb128 0x19
 1195 222c 01       		.byte	0x1
 1196 222d 02       		.uleb128 0x2
 1197 222e 5F4F535F 		.ascii "_OS_RAM_STACK_H_ \0"
 1197      52414D5F 
 1197      53544143 
 1197      4B5F485F 
 1197      2000
 1198 2240 04       		.byte	0x4
 1199 2241 04       		.byte	0x4
GAS LISTING C:\Users\PRESID~1\AppData\Local\Temp\cc84VYzV.s 			page 43


 1200 2242 04       		.byte	0x4
 1201 2243 00       		.byte	0
 1202              		.section	.debug_line,"dr"
 1203              	Ldebug_line0:
 1204 0000 61030000 		.section	.debug_str,"dr"
 1204      02004D03 
 1204      00000101 
 1204      FB0E0D00 
 1204      01010101 
 1205              		.ident	"GCC: (GNU) 4.9.3"
GAS LISTING C:\Users\PRESID~1\AppData\Local\Temp\cc84VYzV.s 			page 44


DEFINED SYMBOLS
                            *ABS*:00000000 os_start_init_hw.c
C:\Users\PRESID~1\AppData\Local\Temp\cc84VYzV.s:6      .text:00000000 _OS_INIT_HW

NO UNDEFINED SYMBOLS
