GAS LISTING C:\Users\PRESID~1\AppData\Local\Temp\cc6uQJ1m.s 			page 1


   1              		.file	"os_shutdown.c"
   2              		.text
   3              	Ltext0:
   4              		.globl	_OS_SHUTDOWN
   6              	_OS_SHUTDOWN:
   7              	LFB0:
   8              		.file 1 "E:/NeuOrga/Programmieren/c_cpp/github_os/input/src/os_base/os_shutdown.c"
   1:E:/NeuOrga/Programmieren/c_cpp/github_os/input/src/os_base\os_shutdown.c **** #include "os_firstinc.h"
   2:E:/NeuOrga/Programmieren/c_cpp/github_os/input/src/os_base\os_shutdown.c **** #include "os_shutdown.h"
   3:E:/NeuOrga/Programmieren/c_cpp/github_os/input/src/os_base\os_shutdown.c **** 
   4:E:/NeuOrga/Programmieren/c_cpp/github_os/input/src/os_base\os_shutdown.c **** void OS_SHUTDOWN(os_reset_type_t reset_typ)
   5:E:/NeuOrga/Programmieren/c_cpp/github_os/input/src/os_base\os_shutdown.c **** {
   9              		.loc 1 5 0
  10              		.cfi_startproc
  11 0000 55       		pushl	%ebp
  12              		.cfi_def_cfa_offset 8
  13              		.cfi_offset 5, -8
  14 0001 89E5     		movl	%esp, %ebp
  15              		.cfi_def_cfa_register 5
  16 0003 83EC08   		subl	$8, %esp
   6:E:/NeuOrga/Programmieren/c_cpp/github_os/input/src/os_base\os_shutdown.c ****    /* disable interrupts for all cores -> prevents task activation, etc*/
   7:E:/NeuOrga/Programmieren/c_cpp/github_os/input/src/os_base\os_shutdown.c ****    LLF_DISABLE_INTERRUPTS_ALL_CORES();
  17              		.loc 1 7 0
  18 0006 E8000000 		call	_LLF_DISABLE_INTERRUPTS_ALL_CORES
  18      00
   8:E:/NeuOrga/Programmieren/c_cpp/github_os/input/src/os_base\os_shutdown.c **** 
   9:E:/NeuOrga/Programmieren/c_cpp/github_os/input/src/os_base\os_shutdown.c ****    /* clear mmu config */
  10:E:/NeuOrga/Programmieren/c_cpp/github_os/input/src/os_base\os_shutdown.c ****    LLF_MPU_DISABLE();
  19              		.loc 1 10 0
  20 000b E8000000 		call	_LLF_MPU_DISABLE
  20      00
  11:E:/NeuOrga/Programmieren/c_cpp/github_os/input/src/os_base\os_shutdown.c **** 
  12:E:/NeuOrga/Programmieren/c_cpp/github_os/input/src/os_base\os_shutdown.c ****    /* save some registers to restore after reset */
  13:E:/NeuOrga/Programmieren/c_cpp/github_os/input/src/os_base\os_shutdown.c **** 
  14:E:/NeuOrga/Programmieren/c_cpp/github_os/input/src/os_base\os_shutdown.c ****    /* power done/reset system */
  15:E:/NeuOrga/Programmieren/c_cpp/github_os/input/src/os_base\os_shutdown.c ****    if(reset_typ == os_reset_powerdown)
  21              		.loc 1 15 0
  22 0010 837D0801 		cmpl	$1, 8(%ebp)
  23 0014 7507     		jne	L2
  16:E:/NeuOrga/Programmieren/c_cpp/github_os/input/src/os_base\os_shutdown.c ****    {
  17:E:/NeuOrga/Programmieren/c_cpp/github_os/input/src/os_base\os_shutdown.c ****       LLF_MCU_SWITCH_OFF_POWER();
  24              		.loc 1 17 0
  25 0016 E8000000 		call	_LLF_MCU_SWITCH_OFF_POWER
  25      00
  26 001b EB27     		jmp	L3
  27              	L2:
  18:E:/NeuOrga/Programmieren/c_cpp/github_os/input/src/os_base\os_shutdown.c ****    }
  19:E:/NeuOrga/Programmieren/c_cpp/github_os/input/src/os_base\os_shutdown.c ****    else if(reset_typ == os_reset_hardreset) /* os_reset_hardreset */
  28              		.loc 1 19 0
  29 001d 837D0800 		cmpl	$0, 8(%ebp)
  30 0021 7507     		jne	L4
  20:E:/NeuOrga/Programmieren/c_cpp/github_os/input/src/os_base\os_shutdown.c ****    {
  21:E:/NeuOrga/Programmieren/c_cpp/github_os/input/src/os_base\os_shutdown.c ****       LLF_MCU_RESET_POWER();
  31              		.loc 1 21 0
  32 0023 E8000000 		call	_LLF_MCU_RESET_POWER
  32      00
  33 0028 EB1A     		jmp	L3
GAS LISTING C:\Users\PRESID~1\AppData\Local\Temp\cc6uQJ1m.s 			page 2


  34              	L4:
  22:E:/NeuOrga/Programmieren/c_cpp/github_os/input/src/os_base\os_shutdown.c ****    }
  23:E:/NeuOrga/Programmieren/c_cpp/github_os/input/src/os_base\os_shutdown.c ****    else if (reset_typ == os_reset_exit)
  35              		.loc 1 23 0
  36 002a 837D0802 		cmpl	$2, 8(%ebp)
  37 002e 7514     		jne	L3
  38              	LBB2:
  24:E:/NeuOrga/Programmieren/c_cpp/github_os/input/src/os_base\os_shutdown.c ****    {
  25:E:/NeuOrga/Programmieren/c_cpp/github_os/input/src/os_base\os_shutdown.c ****       /*TODO including timer interrupts */
  26:E:/NeuOrga/Programmieren/c_cpp/github_os/input/src/os_base\os_shutdown.c ****       OS_DEINIT_HW();
  39              		.loc 1 26 0
  40 0030 E8000000 		call	_OS_DEINIT_HW
  40      00
  27:E:/NeuOrga/Programmieren/c_cpp/github_os/input/src/os_base\os_shutdown.c ****       OS_DEINIT_SW();
  41              		.loc 1 27 0
  42 0035 E8000000 		call	_OS_DEINIT_SW
  42      00
  28:E:/NeuOrga/Programmieren/c_cpp/github_os/input/src/os_base\os_shutdown.c ****       OS_DEINIT_MC();
  43              		.loc 1 28 0
  44 003a E8000000 		call	_OS_DEINIT_MC
  44      00
  29:E:/NeuOrga/Programmieren/c_cpp/github_os/input/src/os_base\os_shutdown.c ****       OS_CALL_FUNC_POINTER();      
  45              		.loc 1 29 0
  46 003f E8000000 		call	_OS_CALL_FUNC_POINTER
  46      00
  47              	L3:
  48              	LBE2:
  30:E:/NeuOrga/Programmieren/c_cpp/github_os/input/src/os_base\os_shutdown.c ****    }   
  31:E:/NeuOrga/Programmieren/c_cpp/github_os/input/src/os_base\os_shutdown.c ****    else
  32:E:/NeuOrga/Programmieren/c_cpp/github_os/input/src/os_base\os_shutdown.c ****    {
  33:E:/NeuOrga/Programmieren/c_cpp/github_os/input/src/os_base\os_shutdown.c ****       ;
  34:E:/NeuOrga/Programmieren/c_cpp/github_os/input/src/os_base\os_shutdown.c ****    }   
  35:E:/NeuOrga/Programmieren/c_cpp/github_os/input/src/os_base\os_shutdown.c ****    while(1)
  36:E:/NeuOrga/Programmieren/c_cpp/github_os/input/src/os_base\os_shutdown.c ****    {
  37:E:/NeuOrga/Programmieren/c_cpp/github_os/input/src/os_base\os_shutdown.c ****       /* if you enter here, the reset has failed to be executed.... */
  38:E:/NeuOrga/Programmieren/c_cpp/github_os/input/src/os_base\os_shutdown.c ****    }
  49              		.loc 1 38 0 discriminator 1
  50 0044 EBFE     		jmp	L3
  51              		.cfi_endproc
  52              	LFE0:
  53              	Letext0:
  54              		.file 2 "E:/NeuOrga/Programmieren/c_cpp/github_os/input/src/os_base/os_shutdown.h"
  55 0046 9090     		.section	.debug_info,"dr"
  56              	Ldebug_info0:
  57 0000 F1010000 		.long	0x1f1
  58 0004 0400     		.word	0x4
  59 0006 00000000 		.secrel32	Ldebug_abbrev0
  60 000a 04       		.byte	0x4
  61 000b 01       		.uleb128 0x1
  62 000c 474E5520 		.ascii "GNU C 4.9.3 -march=i386 -g3 -O0 -std=c90\0"
  62      4320342E 
  62      392E3320 
  62      2D6D6172 
  62      63683D69 
  63 0035 01       		.byte	0x1
  64 0036 453A5C4E 		.ascii "E:\\NeuOrga\\Programmieren\\c_cpp\\github_os\\input\\src\\os_base\\os_shutdown.c\0"
  64      65754F72 
GAS LISTING C:\Users\PRESID~1\AppData\Local\Temp\cc6uQJ1m.s 			page 3


  64      67615C50 
  64      726F6772 
  64      616D6D69 
  65 007f 00000000 		.long	Ltext0
  66 0083 46000000 		.long	Letext0-Ltext0
  67 0087 00000000 		.secrel32	Ldebug_line0
  68 008b 00000000 		.secrel32	Ldebug_macro0
  69 008f 02       		.uleb128 0x2
  70 0090 01       		.byte	0x1
  71 0091 08       		.byte	0x8
  72 0092 756E7369 		.ascii "unsigned char\0"
  72      676E6564 
  72      20636861 
  72      7200
  73 00a0 02       		.uleb128 0x2
  74 00a1 02       		.byte	0x2
  75 00a2 07       		.byte	0x7
  76 00a3 73686F72 		.ascii "short unsigned int\0"
  76      7420756E 
  76      7369676E 
  76      65642069 
  76      6E7400
  77 00b6 02       		.uleb128 0x2
  78 00b7 04       		.byte	0x4
  79 00b8 07       		.byte	0x7
  80 00b9 6C6F6E67 		.ascii "long unsigned int\0"
  80      20756E73 
  80      69676E65 
  80      6420696E 
  80      7400
  81 00cb 02       		.uleb128 0x2
  82 00cc 04       		.byte	0x4
  83 00cd 07       		.byte	0x7
  84 00ce 756E7369 		.ascii "unsigned int\0"
  84      676E6564 
  84      20696E74 
  84      00
  85 00db 03       		.uleb128 0x3
  86 00dc 6F735F72 		.ascii "os_reset_type_s\0"
  86      65736574 
  86      5F747970 
  86      655F7300 
  87 00ec 04       		.byte	0x4
  88 00ed 02       		.byte	0x2
  89 00ee 03       		.byte	0x3
  90 00ef 2E010000 		.long	0x12e
  91 00f3 04       		.uleb128 0x4
  92 00f4 6F735F72 		.ascii "os_reset_hardreset\0"
  92      65736574 
  92      5F686172 
  92      64726573 
  92      657400
  93 0107 00       		.sleb128 0
  94 0108 04       		.uleb128 0x4
  95 0109 6F735F72 		.ascii "os_reset_powerdown\0"
  95      65736574 
  95      5F706F77 
GAS LISTING C:\Users\PRESID~1\AppData\Local\Temp\cc6uQJ1m.s 			page 4


  95      6572646F 
  95      776E00
  96 011c 01       		.sleb128 1
  97 011d 04       		.uleb128 0x4
  98 011e 6F735F72 		.ascii "os_reset_exit\0"
  98      65736574 
  98      5F657869 
  98      7400
  99 012c 02       		.sleb128 2
 100 012d 00       		.byte	0
 101 012e 05       		.uleb128 0x5
 102 012f 6F735F72 		.ascii "os_reset_type_t\0"
 102      65736574 
 102      5F747970 
 102      655F7400 
 103 013f 02       		.byte	0x2
 104 0140 08       		.byte	0x8
 105 0141 DB000000 		.long	0xdb
 106 0145 06       		.uleb128 0x6
 107 0146 4F535F53 		.ascii "OS_SHUTDOWN\0"
 107      48555444 
 107      4F574E00 
 108 0152 01       		.byte	0x1
 109 0153 04       		.byte	0x4
 110 0154 00000000 		.long	LFB0
 111 0158 46000000 		.long	LFE0-LFB0
 112 015c 01       		.uleb128 0x1
 113 015d 9C       		.byte	0x9c
 114 015e ED010000 		.long	0x1ed
 115 0162 07       		.uleb128 0x7
 116 0163 72657365 		.ascii "reset_typ\0"
 116      745F7479 
 116      7000
 117 016d 01       		.byte	0x1
 118 016e 04       		.byte	0x4
 119 016f 2E010000 		.long	0x12e
 120 0173 02       		.uleb128 0x2
 121 0174 91       		.byte	0x91
 122 0175 00       		.sleb128 0
 123 0176 08       		.uleb128 0x8
 124 0177 30000000 		.long	LBB2
 125 017b 14000000 		.long	LBE2-LBB2
 126 017f 09       		.uleb128 0x9
 127 0180 4F535F44 		.ascii "OS_DEINIT_HW\0"
 127      45494E49 
 127      545F4857 
 127      00
 128 018d 01       		.byte	0x1
 129 018e 1A       		.byte	0x1a
 130 018f ED010000 		.long	0x1ed
 131 0193 99010000 		.long	0x199
 132 0197 0A       		.uleb128 0xa
 133 0198 00       		.byte	0
 134 0199 09       		.uleb128 0x9
 135 019a 4F535F44 		.ascii "OS_DEINIT_SW\0"
 135      45494E49 
 135      545F5357 
GAS LISTING C:\Users\PRESID~1\AppData\Local\Temp\cc6uQJ1m.s 			page 5


 135      00
 136 01a7 01       		.byte	0x1
 137 01a8 1B       		.byte	0x1b
 138 01a9 ED010000 		.long	0x1ed
 139 01ad B3010000 		.long	0x1b3
 140 01b1 0A       		.uleb128 0xa
 141 01b2 00       		.byte	0
 142 01b3 09       		.uleb128 0x9
 143 01b4 4F535F44 		.ascii "OS_DEINIT_MC\0"
 143      45494E49 
 143      545F4D43 
 143      00
 144 01c1 01       		.byte	0x1
 145 01c2 1C       		.byte	0x1c
 146 01c3 ED010000 		.long	0x1ed
 147 01c7 CD010000 		.long	0x1cd
 148 01cb 0A       		.uleb128 0xa
 149 01cc 00       		.byte	0
 150 01cd 0B       		.uleb128 0xb
 151 01ce 4F535F43 		.ascii "OS_CALL_FUNC_POINTER\0"
 151      414C4C5F 
 151      46554E43 
 151      5F504F49 
 151      4E544552 
 152 01e3 01       		.byte	0x1
 153 01e4 1D       		.byte	0x1d
 154 01e5 ED010000 		.long	0x1ed
 155 01e9 0A       		.uleb128 0xa
 156 01ea 00       		.byte	0
 157 01eb 00       		.byte	0
 158 01ec 00       		.byte	0
 159 01ed 02       		.uleb128 0x2
 160 01ee 04       		.byte	0x4
 161 01ef 05       		.byte	0x5
 162 01f0 696E7400 		.ascii "int\0"
 163 01f4 00       		.byte	0
 164              		.section	.debug_abbrev,"dr"
 165              	Ldebug_abbrev0:
 166 0000 01       		.uleb128 0x1
 167 0001 11       		.uleb128 0x11
 168 0002 01       		.byte	0x1
 169 0003 25       		.uleb128 0x25
 170 0004 08       		.uleb128 0x8
 171 0005 13       		.uleb128 0x13
 172 0006 0B       		.uleb128 0xb
 173 0007 03       		.uleb128 0x3
 174 0008 08       		.uleb128 0x8
 175 0009 11       		.uleb128 0x11
 176 000a 01       		.uleb128 0x1
 177 000b 12       		.uleb128 0x12
 178 000c 06       		.uleb128 0x6
 179 000d 10       		.uleb128 0x10
 180 000e 17       		.uleb128 0x17
 181 000f 9942     		.uleb128 0x2119
 182 0011 17       		.uleb128 0x17
 183 0012 00       		.byte	0
 184 0013 00       		.byte	0
GAS LISTING C:\Users\PRESID~1\AppData\Local\Temp\cc6uQJ1m.s 			page 6


 185 0014 02       		.uleb128 0x2
 186 0015 24       		.uleb128 0x24
 187 0016 00       		.byte	0
 188 0017 0B       		.uleb128 0xb
 189 0018 0B       		.uleb128 0xb
 190 0019 3E       		.uleb128 0x3e
 191 001a 0B       		.uleb128 0xb
 192 001b 03       		.uleb128 0x3
 193 001c 08       		.uleb128 0x8
 194 001d 00       		.byte	0
 195 001e 00       		.byte	0
 196 001f 03       		.uleb128 0x3
 197 0020 04       		.uleb128 0x4
 198 0021 01       		.byte	0x1
 199 0022 03       		.uleb128 0x3
 200 0023 08       		.uleb128 0x8
 201 0024 0B       		.uleb128 0xb
 202 0025 0B       		.uleb128 0xb
 203 0026 3A       		.uleb128 0x3a
 204 0027 0B       		.uleb128 0xb
 205 0028 3B       		.uleb128 0x3b
 206 0029 0B       		.uleb128 0xb
 207 002a 01       		.uleb128 0x1
 208 002b 13       		.uleb128 0x13
 209 002c 00       		.byte	0
 210 002d 00       		.byte	0
 211 002e 04       		.uleb128 0x4
 212 002f 28       		.uleb128 0x28
 213 0030 00       		.byte	0
 214 0031 03       		.uleb128 0x3
 215 0032 08       		.uleb128 0x8
 216 0033 1C       		.uleb128 0x1c
 217 0034 0D       		.uleb128 0xd
 218 0035 00       		.byte	0
 219 0036 00       		.byte	0
 220 0037 05       		.uleb128 0x5
 221 0038 16       		.uleb128 0x16
 222 0039 00       		.byte	0
 223 003a 03       		.uleb128 0x3
 224 003b 08       		.uleb128 0x8
 225 003c 3A       		.uleb128 0x3a
 226 003d 0B       		.uleb128 0xb
 227 003e 3B       		.uleb128 0x3b
 228 003f 0B       		.uleb128 0xb
 229 0040 49       		.uleb128 0x49
 230 0041 13       		.uleb128 0x13
 231 0042 00       		.byte	0
 232 0043 00       		.byte	0
 233 0044 06       		.uleb128 0x6
 234 0045 2E       		.uleb128 0x2e
 235 0046 01       		.byte	0x1
 236 0047 3F       		.uleb128 0x3f
 237 0048 19       		.uleb128 0x19
 238 0049 03       		.uleb128 0x3
 239 004a 08       		.uleb128 0x8
 240 004b 3A       		.uleb128 0x3a
 241 004c 0B       		.uleb128 0xb
GAS LISTING C:\Users\PRESID~1\AppData\Local\Temp\cc6uQJ1m.s 			page 7


 242 004d 3B       		.uleb128 0x3b
 243 004e 0B       		.uleb128 0xb
 244 004f 27       		.uleb128 0x27
 245 0050 19       		.uleb128 0x19
 246 0051 11       		.uleb128 0x11
 247 0052 01       		.uleb128 0x1
 248 0053 12       		.uleb128 0x12
 249 0054 06       		.uleb128 0x6
 250 0055 40       		.uleb128 0x40
 251 0056 18       		.uleb128 0x18
 252 0057 9642     		.uleb128 0x2116
 253 0059 19       		.uleb128 0x19
 254 005a 01       		.uleb128 0x1
 255 005b 13       		.uleb128 0x13
 256 005c 00       		.byte	0
 257 005d 00       		.byte	0
 258 005e 07       		.uleb128 0x7
 259 005f 05       		.uleb128 0x5
 260 0060 00       		.byte	0
 261 0061 03       		.uleb128 0x3
 262 0062 08       		.uleb128 0x8
 263 0063 3A       		.uleb128 0x3a
 264 0064 0B       		.uleb128 0xb
 265 0065 3B       		.uleb128 0x3b
 266 0066 0B       		.uleb128 0xb
 267 0067 49       		.uleb128 0x49
 268 0068 13       		.uleb128 0x13
 269 0069 02       		.uleb128 0x2
 270 006a 18       		.uleb128 0x18
 271 006b 00       		.byte	0
 272 006c 00       		.byte	0
 273 006d 08       		.uleb128 0x8
 274 006e 0B       		.uleb128 0xb
 275 006f 01       		.byte	0x1
 276 0070 11       		.uleb128 0x11
 277 0071 01       		.uleb128 0x1
 278 0072 12       		.uleb128 0x12
 279 0073 06       		.uleb128 0x6
 280 0074 00       		.byte	0
 281 0075 00       		.byte	0
 282 0076 09       		.uleb128 0x9
 283 0077 2E       		.uleb128 0x2e
 284 0078 01       		.byte	0x1
 285 0079 3F       		.uleb128 0x3f
 286 007a 19       		.uleb128 0x19
 287 007b 03       		.uleb128 0x3
 288 007c 08       		.uleb128 0x8
 289 007d 3A       		.uleb128 0x3a
 290 007e 0B       		.uleb128 0xb
 291 007f 3B       		.uleb128 0x3b
 292 0080 0B       		.uleb128 0xb
 293 0081 49       		.uleb128 0x49
 294 0082 13       		.uleb128 0x13
 295 0083 3C       		.uleb128 0x3c
 296 0084 19       		.uleb128 0x19
 297 0085 01       		.uleb128 0x1
 298 0086 13       		.uleb128 0x13
GAS LISTING C:\Users\PRESID~1\AppData\Local\Temp\cc6uQJ1m.s 			page 8


 299 0087 00       		.byte	0
 300 0088 00       		.byte	0
 301 0089 0A       		.uleb128 0xa
 302 008a 18       		.uleb128 0x18
 303 008b 00       		.byte	0
 304 008c 00       		.byte	0
 305 008d 00       		.byte	0
 306 008e 0B       		.uleb128 0xb
 307 008f 2E       		.uleb128 0x2e
 308 0090 01       		.byte	0x1
 309 0091 3F       		.uleb128 0x3f
 310 0092 19       		.uleb128 0x19
 311 0093 03       		.uleb128 0x3
 312 0094 08       		.uleb128 0x8
 313 0095 3A       		.uleb128 0x3a
 314 0096 0B       		.uleb128 0xb
 315 0097 3B       		.uleb128 0x3b
 316 0098 0B       		.uleb128 0xb
 317 0099 49       		.uleb128 0x49
 318 009a 13       		.uleb128 0x13
 319 009b 3C       		.uleb128 0x3c
 320 009c 19       		.uleb128 0x19
 321 009d 00       		.byte	0
 322 009e 00       		.byte	0
 323 009f 00       		.byte	0
 324              		.section	.debug_aranges,"dr"
 325 0000 1C000000 		.long	0x1c
 326 0004 0200     		.word	0x2
 327 0006 00000000 		.secrel32	Ldebug_info0
 328 000a 04       		.byte	0x4
 329 000b 00       		.byte	0
 330 000c 0000     		.word	0
 331 000e 0000     		.word	0
 332 0010 00000000 		.long	Ltext0
 333 0014 46000000 		.long	Letext0-Ltext0
 334 0018 00000000 		.long	0
 335 001c 00000000 		.long	0
 336              		.section	.debug_macro,"dr"
 337              	Ldebug_macro0:
 338 0000 0400     		.word	0x4
 339 0002 02       		.byte	0x2
 340 0003 00000000 		.secrel32	Ldebug_line0
 341 0007 01       		.byte	0x1
 342 0008 00       		.uleb128 0
 343 0009 5F5F5354 		.ascii "__STDC__ 1\0"
 343      44435F5F 
 343      203100
 344 0014 01       		.byte	0x1
 345 0015 00       		.uleb128 0
 346 0016 5F5F5354 		.ascii "__STDC_HOSTED__ 1\0"
 346      44435F48 
 346      4F535445 
 346      445F5F20 
 346      3100
 347 0028 01       		.byte	0x1
 348 0029 00       		.uleb128 0
 349 002a 5F5F474E 		.ascii "__GNUC__ 4\0"
GAS LISTING C:\Users\PRESID~1\AppData\Local\Temp\cc6uQJ1m.s 			page 9


 349      55435F5F 
 349      203400
 350 0035 01       		.byte	0x1
 351 0036 00       		.uleb128 0
 352 0037 5F5F474E 		.ascii "__GNUC_MINOR__ 9\0"
 352      55435F4D 
 352      494E4F52 
 352      5F5F2039 
 352      00
 353 0048 01       		.byte	0x1
 354 0049 00       		.uleb128 0
 355 004a 5F5F474E 		.ascii "__GNUC_PATCHLEVEL__ 3\0"
 355      55435F50 
 355      41544348 
 355      4C455645 
 355      4C5F5F20 
 356 0060 01       		.byte	0x1
 357 0061 00       		.uleb128 0
 358 0062 5F5F5645 		.ascii "__VERSION__ \"4.9.3\"\0"
 358      5253494F 
 358      4E5F5F20 
 358      22342E39 
 358      2E332200 
 359 0076 01       		.byte	0x1
 360 0077 00       		.uleb128 0
 361 0078 5F5F4154 		.ascii "__ATOMIC_RELAXED 0\0"
 361      4F4D4943 
 361      5F52454C 
 361      41584544 
 361      203000
 362 008b 01       		.byte	0x1
 363 008c 00       		.uleb128 0
 364 008d 5F5F4154 		.ascii "__ATOMIC_SEQ_CST 5\0"
 364      4F4D4943 
 364      5F534551 
 364      5F435354 
 364      203500
 365 00a0 01       		.byte	0x1
 366 00a1 00       		.uleb128 0
 367 00a2 5F5F4154 		.ascii "__ATOMIC_ACQUIRE 2\0"
 367      4F4D4943 
 367      5F414351 
 367      55495245 
 367      203200
 368 00b5 01       		.byte	0x1
 369 00b6 00       		.uleb128 0
 370 00b7 5F5F4154 		.ascii "__ATOMIC_RELEASE 3\0"
 370      4F4D4943 
 370      5F52454C 
 370      45415345 
 370      203300
 371 00ca 01       		.byte	0x1
 372 00cb 00       		.uleb128 0
 373 00cc 5F5F4154 		.ascii "__ATOMIC_ACQ_REL 4\0"
 373      4F4D4943 
 373      5F414351 
 373      5F52454C 
GAS LISTING C:\Users\PRESID~1\AppData\Local\Temp\cc6uQJ1m.s 			page 10


 373      203400
 374 00df 01       		.byte	0x1
 375 00e0 00       		.uleb128 0
 376 00e1 5F5F4154 		.ascii "__ATOMIC_CONSUME 1\0"
 376      4F4D4943 
 376      5F434F4E 
 376      53554D45 
 376      203100
 377 00f4 01       		.byte	0x1
 378 00f5 00       		.uleb128 0
 379 00f6 5F5F4649 		.ascii "__FINITE_MATH_ONLY__ 0\0"
 379      4E495445 
 379      5F4D4154 
 379      485F4F4E 
 379      4C595F5F 
 380 010d 01       		.byte	0x1
 381 010e 00       		.uleb128 0
 382 010f 5F5F5349 		.ascii "__SIZEOF_INT__ 4\0"
 382      5A454F46 
 382      5F494E54 
 382      5F5F2034 
 382      00
 383 0120 01       		.byte	0x1
 384 0121 00       		.uleb128 0
 385 0122 5F5F5349 		.ascii "__SIZEOF_LONG__ 4\0"
 385      5A454F46 
 385      5F4C4F4E 
 385      475F5F20 
 385      3400
 386 0134 01       		.byte	0x1
 387 0135 00       		.uleb128 0
 388 0136 5F5F5349 		.ascii "__SIZEOF_LONG_LONG__ 8\0"
 388      5A454F46 
 388      5F4C4F4E 
 388      475F4C4F 
 388      4E475F5F 
 389 014d 01       		.byte	0x1
 390 014e 00       		.uleb128 0
 391 014f 5F5F5349 		.ascii "__SIZEOF_SHORT__ 2\0"
 391      5A454F46 
 391      5F53484F 
 391      52545F5F 
 391      203200
 392 0162 01       		.byte	0x1
 393 0163 00       		.uleb128 0
 394 0164 5F5F5349 		.ascii "__SIZEOF_FLOAT__ 4\0"
 394      5A454F46 
 394      5F464C4F 
 394      41545F5F 
 394      203400
 395 0177 01       		.byte	0x1
 396 0178 00       		.uleb128 0
 397 0179 5F5F5349 		.ascii "__SIZEOF_DOUBLE__ 8\0"
 397      5A454F46 
 397      5F444F55 
 397      424C455F 
 397      5F203800 
GAS LISTING C:\Users\PRESID~1\AppData\Local\Temp\cc6uQJ1m.s 			page 11


 398 018d 01       		.byte	0x1
 399 018e 00       		.uleb128 0
 400 018f 5F5F5349 		.ascii "__SIZEOF_LONG_DOUBLE__ 12\0"
 400      5A454F46 
 400      5F4C4F4E 
 400      475F444F 
 400      55424C45 
 401 01a9 01       		.byte	0x1
 402 01aa 00       		.uleb128 0
 403 01ab 5F5F5349 		.ascii "__SIZEOF_SIZE_T__ 4\0"
 403      5A454F46 
 403      5F53495A 
 403      455F545F 
 403      5F203400 
 404 01bf 01       		.byte	0x1
 405 01c0 00       		.uleb128 0
 406 01c1 5F5F4348 		.ascii "__CHAR_BIT__ 8\0"
 406      41525F42 
 406      49545F5F 
 406      203800
 407 01d0 01       		.byte	0x1
 408 01d1 00       		.uleb128 0
 409 01d2 5F5F4249 		.ascii "__BIGGEST_ALIGNMENT__ 16\0"
 409      47474553 
 409      545F414C 
 409      49474E4D 
 409      454E545F 
 410 01eb 01       		.byte	0x1
 411 01ec 00       		.uleb128 0
 412 01ed 5F5F4F52 		.ascii "__ORDER_LITTLE_ENDIAN__ 1234\0"
 412      4445525F 
 412      4C495454 
 412      4C455F45 
 412      4E444941 
 413 020a 01       		.byte	0x1
 414 020b 00       		.uleb128 0
 415 020c 5F5F4F52 		.ascii "__ORDER_BIG_ENDIAN__ 4321\0"
 415      4445525F 
 415      4249475F 
 415      454E4449 
 415      414E5F5F 
 416 0226 01       		.byte	0x1
 417 0227 00       		.uleb128 0
 418 0228 5F5F4F52 		.ascii "__ORDER_PDP_ENDIAN__ 3412\0"
 418      4445525F 
 418      5044505F 
 418      454E4449 
 418      414E5F5F 
 419 0242 01       		.byte	0x1
 420 0243 00       		.uleb128 0
 421 0244 5F5F4259 		.ascii "__BYTE_ORDER__ __ORDER_LITTLE_ENDIAN__\0"
 421      54455F4F 
 421      52444552 
 421      5F5F205F 
 421      5F4F5244 
 422 026b 01       		.byte	0x1
 423 026c 00       		.uleb128 0
GAS LISTING C:\Users\PRESID~1\AppData\Local\Temp\cc6uQJ1m.s 			page 12


 424 026d 5F5F464C 		.ascii "__FLOAT_WORD_ORDER__ __ORDER_LITTLE_ENDIAN__\0"
 424      4F41545F 
 424      574F5244 
 424      5F4F5244 
 424      45525F5F 
 425 029a 01       		.byte	0x1
 426 029b 00       		.uleb128 0
 427 029c 5F5F5349 		.ascii "__SIZEOF_POINTER__ 4\0"
 427      5A454F46 
 427      5F504F49 
 427      4E544552 
 427      5F5F2034 
 428 02b1 01       		.byte	0x1
 429 02b2 00       		.uleb128 0
 430 02b3 5F5F5349 		.ascii "__SIZE_TYPE__ unsigned int\0"
 430      5A455F54 
 430      5950455F 
 430      5F20756E 
 430      7369676E 
 431 02ce 01       		.byte	0x1
 432 02cf 00       		.uleb128 0
 433 02d0 5F5F5054 		.ascii "__PTRDIFF_TYPE__ int\0"
 433      52444946 
 433      465F5459 
 433      50455F5F 
 433      20696E74 
 434 02e5 01       		.byte	0x1
 435 02e6 00       		.uleb128 0
 436 02e7 5F5F5743 		.ascii "__WCHAR_TYPE__ short unsigned int\0"
 436      4841525F 
 436      54595045 
 436      5F5F2073 
 436      686F7274 
 437 0309 01       		.byte	0x1
 438 030a 00       		.uleb128 0
 439 030b 5F5F5749 		.ascii "__WINT_TYPE__ short unsigned int\0"
 439      4E545F54 
 439      5950455F 
 439      5F207368 
 439      6F727420 
 440 032c 01       		.byte	0x1
 441 032d 00       		.uleb128 0
 442 032e 5F5F494E 		.ascii "__INTMAX_TYPE__ long long int\0"
 442      544D4158 
 442      5F545950 
 442      455F5F20 
 442      6C6F6E67 
 443 034c 01       		.byte	0x1
 444 034d 00       		.uleb128 0
 445 034e 5F5F5549 		.ascii "__UINTMAX_TYPE__ long long unsigned int\0"
 445      4E544D41 
 445      585F5459 
 445      50455F5F 
 445      206C6F6E 
 446 0376 01       		.byte	0x1
 447 0377 00       		.uleb128 0
 448 0378 5F5F4348 		.ascii "__CHAR16_TYPE__ short unsigned int\0"
GAS LISTING C:\Users\PRESID~1\AppData\Local\Temp\cc6uQJ1m.s 			page 13


 448      41523136 
 448      5F545950 
 448      455F5F20 
 448      73686F72 
 449 039b 01       		.byte	0x1
 450 039c 00       		.uleb128 0
 451 039d 5F5F4348 		.ascii "__CHAR32_TYPE__ unsigned int\0"
 451      41523332 
 451      5F545950 
 451      455F5F20 
 451      756E7369 
 452 03ba 01       		.byte	0x1
 453 03bb 00       		.uleb128 0
 454 03bc 5F5F5349 		.ascii "__SIG_ATOMIC_TYPE__ int\0"
 454      475F4154 
 454      4F4D4943 
 454      5F545950 
 454      455F5F20 
 455 03d4 01       		.byte	0x1
 456 03d5 00       		.uleb128 0
 457 03d6 5F5F494E 		.ascii "__INT8_TYPE__ signed char\0"
 457      54385F54 
 457      5950455F 
 457      5F207369 
 457      676E6564 
 458 03f0 01       		.byte	0x1
 459 03f1 00       		.uleb128 0
 460 03f2 5F5F494E 		.ascii "__INT16_TYPE__ short int\0"
 460      5431365F 
 460      54595045 
 460      5F5F2073 
 460      686F7274 
 461 040b 01       		.byte	0x1
 462 040c 00       		.uleb128 0
 463 040d 5F5F494E 		.ascii "__INT32_TYPE__ int\0"
 463      5433325F 
 463      54595045 
 463      5F5F2069 
 463      6E7400
 464 0420 01       		.byte	0x1
 465 0421 00       		.uleb128 0
 466 0422 5F5F494E 		.ascii "__INT64_TYPE__ long long int\0"
 466      5436345F 
 466      54595045 
 466      5F5F206C 
 466      6F6E6720 
 467 043f 01       		.byte	0x1
 468 0440 00       		.uleb128 0
 469 0441 5F5F5549 		.ascii "__UINT8_TYPE__ unsigned char\0"
 469      4E54385F 
 469      54595045 
 469      5F5F2075 
 469      6E736967 
 470 045e 01       		.byte	0x1
 471 045f 00       		.uleb128 0
 472 0460 5F5F5549 		.ascii "__UINT16_TYPE__ short unsigned int\0"
 472      4E543136 
GAS LISTING C:\Users\PRESID~1\AppData\Local\Temp\cc6uQJ1m.s 			page 14


 472      5F545950 
 472      455F5F20 
 472      73686F72 
 473 0483 01       		.byte	0x1
 474 0484 00       		.uleb128 0
 475 0485 5F5F5549 		.ascii "__UINT32_TYPE__ unsigned int\0"
 475      4E543332 
 475      5F545950 
 475      455F5F20 
 475      756E7369 
 476 04a2 01       		.byte	0x1
 477 04a3 00       		.uleb128 0
 478 04a4 5F5F5549 		.ascii "__UINT64_TYPE__ long long unsigned int\0"
 478      4E543634 
 478      5F545950 
 478      455F5F20 
 478      6C6F6E67 
 479 04cb 01       		.byte	0x1
 480 04cc 00       		.uleb128 0
 481 04cd 5F5F494E 		.ascii "__INT_LEAST8_TYPE__ signed char\0"
 481      545F4C45 
 481      41535438 
 481      5F545950 
 481      455F5F20 
 482 04ed 01       		.byte	0x1
 483 04ee 00       		.uleb128 0
 484 04ef 5F5F494E 		.ascii "__INT_LEAST16_TYPE__ short int\0"
 484      545F4C45 
 484      41535431 
 484      365F5459 
 484      50455F5F 
 485 050e 01       		.byte	0x1
 486 050f 00       		.uleb128 0
 487 0510 5F5F494E 		.ascii "__INT_LEAST32_TYPE__ int\0"
 487      545F4C45 
 487      41535433 
 487      325F5459 
 487      50455F5F 
 488 0529 01       		.byte	0x1
 489 052a 00       		.uleb128 0
 490 052b 5F5F494E 		.ascii "__INT_LEAST64_TYPE__ long long int\0"
 490      545F4C45 
 490      41535436 
 490      345F5459 
 490      50455F5F 
 491 054e 01       		.byte	0x1
 492 054f 00       		.uleb128 0
 493 0550 5F5F5549 		.ascii "__UINT_LEAST8_TYPE__ unsigned char\0"
 493      4E545F4C 
 493      45415354 
 493      385F5459 
 493      50455F5F 
 494 0573 01       		.byte	0x1
 495 0574 00       		.uleb128 0
 496 0575 5F5F5549 		.ascii "__UINT_LEAST16_TYPE__ short unsigned int\0"
 496      4E545F4C 
 496      45415354 
GAS LISTING C:\Users\PRESID~1\AppData\Local\Temp\cc6uQJ1m.s 			page 15


 496      31365F54 
 496      5950455F 
 497 059e 01       		.byte	0x1
 498 059f 00       		.uleb128 0
 499 05a0 5F5F5549 		.ascii "__UINT_LEAST32_TYPE__ unsigned int\0"
 499      4E545F4C 
 499      45415354 
 499      33325F54 
 499      5950455F 
 500 05c3 01       		.byte	0x1
 501 05c4 00       		.uleb128 0
 502 05c5 5F5F5549 		.ascii "__UINT_LEAST64_TYPE__ long long unsigned int\0"
 502      4E545F4C 
 502      45415354 
 502      36345F54 
 502      5950455F 
 503 05f2 01       		.byte	0x1
 504 05f3 00       		.uleb128 0
 505 05f4 5F5F494E 		.ascii "__INT_FAST8_TYPE__ signed char\0"
 505      545F4641 
 505      5354385F 
 505      54595045 
 505      5F5F2073 
 506 0613 01       		.byte	0x1
 507 0614 00       		.uleb128 0
 508 0615 5F5F494E 		.ascii "__INT_FAST16_TYPE__ short int\0"
 508      545F4641 
 508      53543136 
 508      5F545950 
 508      455F5F20 
 509 0633 01       		.byte	0x1
 510 0634 00       		.uleb128 0
 511 0635 5F5F494E 		.ascii "__INT_FAST32_TYPE__ int\0"
 511      545F4641 
 511      53543332 
 511      5F545950 
 511      455F5F20 
 512 064d 01       		.byte	0x1
 513 064e 00       		.uleb128 0
 514 064f 5F5F494E 		.ascii "__INT_FAST64_TYPE__ long long int\0"
 514      545F4641 
 514      53543634 
 514      5F545950 
 514      455F5F20 
 515 0671 01       		.byte	0x1
 516 0672 00       		.uleb128 0
 517 0673 5F5F5549 		.ascii "__UINT_FAST8_TYPE__ unsigned char\0"
 517      4E545F46 
 517      41535438 
 517      5F545950 
 517      455F5F20 
 518 0695 01       		.byte	0x1
 519 0696 00       		.uleb128 0
 520 0697 5F5F5549 		.ascii "__UINT_FAST16_TYPE__ short unsigned int\0"
 520      4E545F46 
 520      41535431 
 520      365F5459 
GAS LISTING C:\Users\PRESID~1\AppData\Local\Temp\cc6uQJ1m.s 			page 16


 520      50455F5F 
 521 06bf 01       		.byte	0x1
 522 06c0 00       		.uleb128 0
 523 06c1 5F5F5549 		.ascii "__UINT_FAST32_TYPE__ unsigned int\0"
 523      4E545F46 
 523      41535433 
 523      325F5459 
 523      50455F5F 
 524 06e3 01       		.byte	0x1
 525 06e4 00       		.uleb128 0
 526 06e5 5F5F5549 		.ascii "__UINT_FAST64_TYPE__ long long unsigned int\0"
 526      4E545F46 
 526      41535436 
 526      345F5459 
 526      50455F5F 
 527 0711 01       		.byte	0x1
 528 0712 00       		.uleb128 0
 529 0713 5F5F494E 		.ascii "__INTPTR_TYPE__ int\0"
 529      54505452 
 529      5F545950 
 529      455F5F20 
 529      696E7400 
 530 0727 01       		.byte	0x1
 531 0728 00       		.uleb128 0
 532 0729 5F5F5549 		.ascii "__UINTPTR_TYPE__ unsigned int\0"
 532      4E545054 
 532      525F5459 
 532      50455F5F 
 532      20756E73 
 533 0747 01       		.byte	0x1
 534 0748 00       		.uleb128 0
 535 0749 5F5F6861 		.ascii "__has_include(STR) __has_include__(STR)\0"
 535      735F696E 
 535      636C7564 
 535      65285354 
 535      5229205F 
 536 0771 01       		.byte	0x1
 537 0772 00       		.uleb128 0
 538 0773 5F5F6861 		.ascii "__has_include_next(STR) __has_include_next__(STR)\0"
 538      735F696E 
 538      636C7564 
 538      655F6E65 
 538      78742853 
 539 07a5 01       		.byte	0x1
 540 07a6 00       		.uleb128 0
 541 07a7 5F5F4758 		.ascii "__GXX_ABI_VERSION 1002\0"
 541      585F4142 
 541      495F5645 
 541      5253494F 
 541      4E203130 
 542 07be 01       		.byte	0x1
 543 07bf 00       		.uleb128 0
 544 07c0 5F5F5343 		.ascii "__SCHAR_MAX__ 127\0"
 544      4841525F 
 544      4D41585F 
 544      5F203132 
 544      3700
GAS LISTING C:\Users\PRESID~1\AppData\Local\Temp\cc6uQJ1m.s 			page 17


 545 07d2 01       		.byte	0x1
 546 07d3 00       		.uleb128 0
 547 07d4 5F5F5348 		.ascii "__SHRT_MAX__ 32767\0"
 547      52545F4D 
 547      41585F5F 
 547      20333237 
 547      363700
 548 07e7 01       		.byte	0x1
 549 07e8 00       		.uleb128 0
 550 07e9 5F5F494E 		.ascii "__INT_MAX__ 2147483647\0"
 550      545F4D41 
 550      585F5F20 
 550      32313437 
 550      34383336 
 551 0800 01       		.byte	0x1
 552 0801 00       		.uleb128 0
 553 0802 5F5F4C4F 		.ascii "__LONG_MAX__ 2147483647L\0"
 553      4E475F4D 
 553      41585F5F 
 553      20323134 
 553      37343833 
 554 081b 01       		.byte	0x1
 555 081c 00       		.uleb128 0
 556 081d 5F5F4C4F 		.ascii "__LONG_LONG_MAX__ 9223372036854775807LL\0"
 556      4E475F4C 
 556      4F4E475F 
 556      4D41585F 
 556      5F203932 
 557 0845 01       		.byte	0x1
 558 0846 00       		.uleb128 0
 559 0847 5F5F5743 		.ascii "__WCHAR_MAX__ 65535\0"
 559      4841525F 
 559      4D41585F 
 559      5F203635 
 559      35333500 
 560 085b 01       		.byte	0x1
 561 085c 00       		.uleb128 0
 562 085d 5F5F5743 		.ascii "__WCHAR_MIN__ 0\0"
 562      4841525F 
 562      4D494E5F 
 562      5F203000 
 563 086d 01       		.byte	0x1
 564 086e 00       		.uleb128 0
 565 086f 5F5F5749 		.ascii "__WINT_MAX__ 65535\0"
 565      4E545F4D 
 565      41585F5F 
 565      20363535 
 565      333500
 566 0882 01       		.byte	0x1
 567 0883 00       		.uleb128 0
 568 0884 5F5F5749 		.ascii "__WINT_MIN__ 0\0"
 568      4E545F4D 
 568      494E5F5F 
 568      203000
 569 0893 01       		.byte	0x1
 570 0894 00       		.uleb128 0
 571 0895 5F5F5054 		.ascii "__PTRDIFF_MAX__ 2147483647\0"
GAS LISTING C:\Users\PRESID~1\AppData\Local\Temp\cc6uQJ1m.s 			page 18


 571      52444946 
 571      465F4D41 
 571      585F5F20 
 571      32313437 
 572 08b0 01       		.byte	0x1
 573 08b1 00       		.uleb128 0
 574 08b2 5F5F5349 		.ascii "__SIZE_MAX__ 4294967295U\0"
 574      5A455F4D 
 574      41585F5F 
 574      20343239 
 574      34393637 
 575 08cb 01       		.byte	0x1
 576 08cc 00       		.uleb128 0
 577 08cd 5F5F494E 		.ascii "__INTMAX_MAX__ 9223372036854775807LL\0"
 577      544D4158 
 577      5F4D4158 
 577      5F5F2039 
 577      32323333 
 578 08f2 01       		.byte	0x1
 579 08f3 00       		.uleb128 0
 580 08f4 5F5F494E 		.ascii "__INTMAX_C(c) c ## LL\0"
 580      544D4158 
 580      5F432863 
 580      29206320 
 580      2323204C 
 581 090a 01       		.byte	0x1
 582 090b 00       		.uleb128 0
 583 090c 5F5F5549 		.ascii "__UINTMAX_MAX__ 18446744073709551615ULL\0"
 583      4E544D41 
 583      585F4D41 
 583      585F5F20 
 583      31383434 
 584 0934 01       		.byte	0x1
 585 0935 00       		.uleb128 0
 586 0936 5F5F5549 		.ascii "__UINTMAX_C(c) c ## ULL\0"
 586      4E544D41 
 586      585F4328 
 586      63292063 
 586      20232320 
 587 094e 01       		.byte	0x1
 588 094f 00       		.uleb128 0
 589 0950 5F5F5349 		.ascii "__SIG_ATOMIC_MAX__ 2147483647\0"
 589      475F4154 
 589      4F4D4943 
 589      5F4D4158 
 589      5F5F2032 
 590 096e 01       		.byte	0x1
 591 096f 00       		.uleb128 0
 592 0970 5F5F5349 		.ascii "__SIG_ATOMIC_MIN__ (-__SIG_ATOMIC_MAX__ - 1)\0"
 592      475F4154 
 592      4F4D4943 
 592      5F4D494E 
 592      5F5F2028 
 593 099d 01       		.byte	0x1
 594 099e 00       		.uleb128 0
 595 099f 5F5F494E 		.ascii "__INT8_MAX__ 127\0"
 595      54385F4D 
GAS LISTING C:\Users\PRESID~1\AppData\Local\Temp\cc6uQJ1m.s 			page 19


 595      41585F5F 
 595      20313237 
 595      00
 596 09b0 01       		.byte	0x1
 597 09b1 00       		.uleb128 0
 598 09b2 5F5F494E 		.ascii "__INT16_MAX__ 32767\0"
 598      5431365F 
 598      4D41585F 
 598      5F203332 
 598      37363700 
 599 09c6 01       		.byte	0x1
 600 09c7 00       		.uleb128 0
 601 09c8 5F5F494E 		.ascii "__INT32_MAX__ 2147483647\0"
 601      5433325F 
 601      4D41585F 
 601      5F203231 
 601      34373438 
 602 09e1 01       		.byte	0x1
 603 09e2 00       		.uleb128 0
 604 09e3 5F5F494E 		.ascii "__INT64_MAX__ 9223372036854775807LL\0"
 604      5436345F 
 604      4D41585F 
 604      5F203932 
 604      32333337 
 605 0a07 01       		.byte	0x1
 606 0a08 00       		.uleb128 0
 607 0a09 5F5F5549 		.ascii "__UINT8_MAX__ 255\0"
 607      4E54385F 
 607      4D41585F 
 607      5F203235 
 607      3500
 608 0a1b 01       		.byte	0x1
 609 0a1c 00       		.uleb128 0
 610 0a1d 5F5F5549 		.ascii "__UINT16_MAX__ 65535\0"
 610      4E543136 
 610      5F4D4158 
 610      5F5F2036 
 610      35353335 
 611 0a32 01       		.byte	0x1
 612 0a33 00       		.uleb128 0
 613 0a34 5F5F5549 		.ascii "__UINT32_MAX__ 4294967295U\0"
 613      4E543332 
 613      5F4D4158 
 613      5F5F2034 
 613      32393439 
 614 0a4f 01       		.byte	0x1
 615 0a50 00       		.uleb128 0
 616 0a51 5F5F5549 		.ascii "__UINT64_MAX__ 18446744073709551615ULL\0"
 616      4E543634 
 616      5F4D4158 
 616      5F5F2031 
 616      38343436 
 617 0a78 01       		.byte	0x1
 618 0a79 00       		.uleb128 0
 619 0a7a 5F5F494E 		.ascii "__INT_LEAST8_MAX__ 127\0"
 619      545F4C45 
 619      41535438 
GAS LISTING C:\Users\PRESID~1\AppData\Local\Temp\cc6uQJ1m.s 			page 20


 619      5F4D4158 
 619      5F5F2031 
 620 0a91 01       		.byte	0x1
 621 0a92 00       		.uleb128 0
 622 0a93 5F5F494E 		.ascii "__INT8_C(c) c\0"
 622      54385F43 
 622      28632920 
 622      6300
 623 0aa1 01       		.byte	0x1
 624 0aa2 00       		.uleb128 0
 625 0aa3 5F5F494E 		.ascii "__INT_LEAST16_MAX__ 32767\0"
 625      545F4C45 
 625      41535431 
 625      365F4D41 
 625      585F5F20 
 626 0abd 01       		.byte	0x1
 627 0abe 00       		.uleb128 0
 628 0abf 5F5F494E 		.ascii "__INT16_C(c) c\0"
 628      5431365F 
 628      43286329 
 628      206300
 629 0ace 01       		.byte	0x1
 630 0acf 00       		.uleb128 0
 631 0ad0 5F5F494E 		.ascii "__INT_LEAST32_MAX__ 2147483647\0"
 631      545F4C45 
 631      41535433 
 631      325F4D41 
 631      585F5F20 
 632 0aef 01       		.byte	0x1
 633 0af0 00       		.uleb128 0
 634 0af1 5F5F494E 		.ascii "__INT32_C(c) c\0"
 634      5433325F 
 634      43286329 
 634      206300
 635 0b00 01       		.byte	0x1
 636 0b01 00       		.uleb128 0
 637 0b02 5F5F494E 		.ascii "__INT_LEAST64_MAX__ 9223372036854775807LL\0"
 637      545F4C45 
 637      41535436 
 637      345F4D41 
 637      585F5F20 
 638 0b2c 01       		.byte	0x1
 639 0b2d 00       		.uleb128 0
 640 0b2e 5F5F494E 		.ascii "__INT64_C(c) c ## LL\0"
 640      5436345F 
 640      43286329 
 640      20632023 
 640      23204C4C 
 641 0b43 01       		.byte	0x1
 642 0b44 00       		.uleb128 0
 643 0b45 5F5F5549 		.ascii "__UINT_LEAST8_MAX__ 255\0"
 643      4E545F4C 
 643      45415354 
 643      385F4D41 
 643      585F5F20 
 644 0b5d 01       		.byte	0x1
 645 0b5e 00       		.uleb128 0
GAS LISTING C:\Users\PRESID~1\AppData\Local\Temp\cc6uQJ1m.s 			page 21


 646 0b5f 5F5F5549 		.ascii "__UINT8_C(c) c\0"
 646      4E54385F 
 646      43286329 
 646      206300
 647 0b6e 01       		.byte	0x1
 648 0b6f 00       		.uleb128 0
 649 0b70 5F5F5549 		.ascii "__UINT_LEAST16_MAX__ 65535\0"
 649      4E545F4C 
 649      45415354 
 649      31365F4D 
 649      41585F5F 
 650 0b8b 01       		.byte	0x1
 651 0b8c 00       		.uleb128 0
 652 0b8d 5F5F5549 		.ascii "__UINT16_C(c) c\0"
 652      4E543136 
 652      5F432863 
 652      29206300 
 653 0b9d 01       		.byte	0x1
 654 0b9e 00       		.uleb128 0
 655 0b9f 5F5F5549 		.ascii "__UINT_LEAST32_MAX__ 4294967295U\0"
 655      4E545F4C 
 655      45415354 
 655      33325F4D 
 655      41585F5F 
 656 0bc0 01       		.byte	0x1
 657 0bc1 00       		.uleb128 0
 658 0bc2 5F5F5549 		.ascii "__UINT32_C(c) c ## U\0"
 658      4E543332 
 658      5F432863 
 658      29206320 
 658      23232055 
 659 0bd7 01       		.byte	0x1
 660 0bd8 00       		.uleb128 0
 661 0bd9 5F5F5549 		.ascii "__UINT_LEAST64_MAX__ 18446744073709551615ULL\0"
 661      4E545F4C 
 661      45415354 
 661      36345F4D 
 661      41585F5F 
 662 0c06 01       		.byte	0x1
 663 0c07 00       		.uleb128 0
 664 0c08 5F5F5549 		.ascii "__UINT64_C(c) c ## ULL\0"
 664      4E543634 
 664      5F432863 
 664      29206320 
 664      23232055 
 665 0c1f 01       		.byte	0x1
 666 0c20 00       		.uleb128 0
 667 0c21 5F5F494E 		.ascii "__INT_FAST8_MAX__ 127\0"
 667      545F4641 
 667      5354385F 
 667      4D41585F 
 667      5F203132 
 668 0c37 01       		.byte	0x1
 669 0c38 00       		.uleb128 0
 670 0c39 5F5F494E 		.ascii "__INT_FAST16_MAX__ 32767\0"
 670      545F4641 
 670      53543136 
GAS LISTING C:\Users\PRESID~1\AppData\Local\Temp\cc6uQJ1m.s 			page 22


 670      5F4D4158 
 670      5F5F2033 
 671 0c52 01       		.byte	0x1
 672 0c53 00       		.uleb128 0
 673 0c54 5F5F494E 		.ascii "__INT_FAST32_MAX__ 2147483647\0"
 673      545F4641 
 673      53543332 
 673      5F4D4158 
 673      5F5F2032 
 674 0c72 01       		.byte	0x1
 675 0c73 00       		.uleb128 0
 676 0c74 5F5F494E 		.ascii "__INT_FAST64_MAX__ 9223372036854775807LL\0"
 676      545F4641 
 676      53543634 
 676      5F4D4158 
 676      5F5F2039 
 677 0c9d 01       		.byte	0x1
 678 0c9e 00       		.uleb128 0
 679 0c9f 5F5F5549 		.ascii "__UINT_FAST8_MAX__ 255\0"
 679      4E545F46 
 679      41535438 
 679      5F4D4158 
 679      5F5F2032 
 680 0cb6 01       		.byte	0x1
 681 0cb7 00       		.uleb128 0
 682 0cb8 5F5F5549 		.ascii "__UINT_FAST16_MAX__ 65535\0"
 682      4E545F46 
 682      41535431 
 682      365F4D41 
 682      585F5F20 
 683 0cd2 01       		.byte	0x1
 684 0cd3 00       		.uleb128 0
 685 0cd4 5F5F5549 		.ascii "__UINT_FAST32_MAX__ 4294967295U\0"
 685      4E545F46 
 685      41535433 
 685      325F4D41 
 685      585F5F20 
 686 0cf4 01       		.byte	0x1
 687 0cf5 00       		.uleb128 0
 688 0cf6 5F5F5549 		.ascii "__UINT_FAST64_MAX__ 18446744073709551615ULL\0"
 688      4E545F46 
 688      41535436 
 688      345F4D41 
 688      585F5F20 
 689 0d22 01       		.byte	0x1
 690 0d23 00       		.uleb128 0
 691 0d24 5F5F494E 		.ascii "__INTPTR_MAX__ 2147483647\0"
 691      54505452 
 691      5F4D4158 
 691      5F5F2032 
 691      31343734 
 692 0d3e 01       		.byte	0x1
 693 0d3f 00       		.uleb128 0
 694 0d40 5F5F5549 		.ascii "__UINTPTR_MAX__ 4294967295U\0"
 694      4E545054 
 694      525F4D41 
 694      585F5F20 
GAS LISTING C:\Users\PRESID~1\AppData\Local\Temp\cc6uQJ1m.s 			page 23


 694      34323934 
 695 0d5c 01       		.byte	0x1
 696 0d5d 00       		.uleb128 0
 697 0d5e 5F5F4743 		.ascii "__GCC_IEC_559 2\0"
 697      435F4945 
 697      435F3535 
 697      39203200 
 698 0d6e 01       		.byte	0x1
 699 0d6f 00       		.uleb128 0
 700 0d70 5F5F4743 		.ascii "__GCC_IEC_559_COMPLEX 2\0"
 700      435F4945 
 700      435F3535 
 700      395F434F 
 700      4D504C45 
 701 0d88 01       		.byte	0x1
 702 0d89 00       		.uleb128 0
 703 0d8a 5F5F464C 		.ascii "__FLT_EVAL_METHOD__ 2\0"
 703      545F4556 
 703      414C5F4D 
 703      4554484F 
 703      445F5F20 
 704 0da0 01       		.byte	0x1
 705 0da1 00       		.uleb128 0
 706 0da2 5F5F4445 		.ascii "__DEC_EVAL_METHOD__ 2\0"
 706      435F4556 
 706      414C5F4D 
 706      4554484F 
 706      445F5F20 
 707 0db8 01       		.byte	0x1
 708 0db9 00       		.uleb128 0
 709 0dba 5F5F464C 		.ascii "__FLT_RADIX__ 2\0"
 709      545F5241 
 709      4449585F 
 709      5F203200 
 710 0dca 01       		.byte	0x1
 711 0dcb 00       		.uleb128 0
 712 0dcc 5F5F464C 		.ascii "__FLT_MANT_DIG__ 24\0"
 712      545F4D41 
 712      4E545F44 
 712      49475F5F 
 712      20323400 
 713 0de0 01       		.byte	0x1
 714 0de1 00       		.uleb128 0
 715 0de2 5F5F464C 		.ascii "__FLT_DIG__ 6\0"
 715      545F4449 
 715      475F5F20 
 715      3600
 716 0df0 01       		.byte	0x1
 717 0df1 00       		.uleb128 0
 718 0df2 5F5F464C 		.ascii "__FLT_MIN_EXP__ (-125)\0"
 718      545F4D49 
 718      4E5F4558 
 718      505F5F20 
 718      282D3132 
 719 0e09 01       		.byte	0x1
 720 0e0a 00       		.uleb128 0
 721 0e0b 5F5F464C 		.ascii "__FLT_MIN_10_EXP__ (-37)\0"
GAS LISTING C:\Users\PRESID~1\AppData\Local\Temp\cc6uQJ1m.s 			page 24


 721      545F4D49 
 721      4E5F3130 
 721      5F455850 
 721      5F5F2028 
 722 0e24 01       		.byte	0x1
 723 0e25 00       		.uleb128 0
 724 0e26 5F5F464C 		.ascii "__FLT_MAX_EXP__ 128\0"
 724      545F4D41 
 724      585F4558 
 724      505F5F20 
 724      31323800 
 725 0e3a 01       		.byte	0x1
 726 0e3b 00       		.uleb128 0
 727 0e3c 5F5F464C 		.ascii "__FLT_MAX_10_EXP__ 38\0"
 727      545F4D41 
 727      585F3130 
 727      5F455850 
 727      5F5F2033 
 728 0e52 01       		.byte	0x1
 729 0e53 00       		.uleb128 0
 730 0e54 5F5F464C 		.ascii "__FLT_DECIMAL_DIG__ 9\0"
 730      545F4445 
 730      43494D41 
 730      4C5F4449 
 730      475F5F20 
 731 0e6a 01       		.byte	0x1
 732 0e6b 00       		.uleb128 0
 733 0e6c 5F5F464C 		.ascii "__FLT_MAX__ 3.40282346638528859812e+38F\0"
 733      545F4D41 
 733      585F5F20 
 733      332E3430 
 733      32383233 
 734 0e94 01       		.byte	0x1
 735 0e95 00       		.uleb128 0
 736 0e96 5F5F464C 		.ascii "__FLT_MIN__ 1.17549435082228750797e-38F\0"
 736      545F4D49 
 736      4E5F5F20 
 736      312E3137 
 736      35343934 
 737 0ebe 01       		.byte	0x1
 738 0ebf 00       		.uleb128 0
 739 0ec0 5F5F464C 		.ascii "__FLT_EPSILON__ 1.19209289550781250000e-7F\0"
 739      545F4550 
 739      53494C4F 
 739      4E5F5F20 
 739      312E3139 
 740 0eeb 01       		.byte	0x1
 741 0eec 00       		.uleb128 0
 742 0eed 5F5F464C 		.ascii "__FLT_DENORM_MIN__ 1.40129846432481707092e-45F\0"
 742      545F4445 
 742      4E4F524D 
 742      5F4D494E 
 742      5F5F2031 
 743 0f1c 01       		.byte	0x1
 744 0f1d 00       		.uleb128 0
 745 0f1e 5F5F464C 		.ascii "__FLT_HAS_DENORM__ 1\0"
 745      545F4841 
GAS LISTING C:\Users\PRESID~1\AppData\Local\Temp\cc6uQJ1m.s 			page 25


 745      535F4445 
 745      4E4F524D 
 745      5F5F2031 
 746 0f33 01       		.byte	0x1
 747 0f34 00       		.uleb128 0
 748 0f35 5F5F464C 		.ascii "__FLT_HAS_INFINITY__ 1\0"
 748      545F4841 
 748      535F494E 
 748      46494E49 
 748      54595F5F 
 749 0f4c 01       		.byte	0x1
 750 0f4d 00       		.uleb128 0
 751 0f4e 5F5F464C 		.ascii "__FLT_HAS_QUIET_NAN__ 1\0"
 751      545F4841 
 751      535F5155 
 751      4945545F 
 751      4E414E5F 
 752 0f66 01       		.byte	0x1
 753 0f67 00       		.uleb128 0
 754 0f68 5F5F4442 		.ascii "__DBL_MANT_DIG__ 53\0"
 754      4C5F4D41 
 754      4E545F44 
 754      49475F5F 
 754      20353300 
 755 0f7c 01       		.byte	0x1
 756 0f7d 00       		.uleb128 0
 757 0f7e 5F5F4442 		.ascii "__DBL_DIG__ 15\0"
 757      4C5F4449 
 757      475F5F20 
 757      313500
 758 0f8d 01       		.byte	0x1
 759 0f8e 00       		.uleb128 0
 760 0f8f 5F5F4442 		.ascii "__DBL_MIN_EXP__ (-1021)\0"
 760      4C5F4D49 
 760      4E5F4558 
 760      505F5F20 
 760      282D3130 
 761 0fa7 01       		.byte	0x1
 762 0fa8 00       		.uleb128 0
 763 0fa9 5F5F4442 		.ascii "__DBL_MIN_10_EXP__ (-307)\0"
 763      4C5F4D49 
 763      4E5F3130 
 763      5F455850 
 763      5F5F2028 
 764 0fc3 01       		.byte	0x1
 765 0fc4 00       		.uleb128 0
 766 0fc5 5F5F4442 		.ascii "__DBL_MAX_EXP__ 1024\0"
 766      4C5F4D41 
 766      585F4558 
 766      505F5F20 
 766      31303234 
 767 0fda 01       		.byte	0x1
 768 0fdb 00       		.uleb128 0
 769 0fdc 5F5F4442 		.ascii "__DBL_MAX_10_EXP__ 308\0"
 769      4C5F4D41 
 769      585F3130 
 769      5F455850 
GAS LISTING C:\Users\PRESID~1\AppData\Local\Temp\cc6uQJ1m.s 			page 26


 769      5F5F2033 
 770 0ff3 01       		.byte	0x1
 771 0ff4 00       		.uleb128 0
 772 0ff5 5F5F4442 		.ascii "__DBL_DECIMAL_DIG__ 17\0"
 772      4C5F4445 
 772      43494D41 
 772      4C5F4449 
 772      475F5F20 
 773 100c 01       		.byte	0x1
 774 100d 00       		.uleb128 0
 775 100e 5F5F4442 		.ascii "__DBL_MAX__ ((double)1.79769313486231570815e+308L)\0"
 775      4C5F4D41 
 775      585F5F20 
 775      2828646F 
 775      75626C65 
 776 1041 01       		.byte	0x1
 777 1042 00       		.uleb128 0
 778 1043 5F5F4442 		.ascii "__DBL_MIN__ ((double)2.22507385850720138309e-308L)\0"
 778      4C5F4D49 
 778      4E5F5F20 
 778      2828646F 
 778      75626C65 
 779 1076 01       		.byte	0x1
 780 1077 00       		.uleb128 0
 781 1078 5F5F4442 		.ascii "__DBL_EPSILON__ ((double)2.22044604925031308085e-16L)\0"
 781      4C5F4550 
 781      53494C4F 
 781      4E5F5F20 
 781      2828646F 
 782 10ae 01       		.byte	0x1
 783 10af 00       		.uleb128 0
 784 10b0 5F5F4442 		.ascii "__DBL_DENORM_MIN__ ((double)4.94065645841246544177e-324L)\0"
 784      4C5F4445 
 784      4E4F524D 
 784      5F4D494E 
 784      5F5F2028 
 785 10ea 01       		.byte	0x1
 786 10eb 00       		.uleb128 0
 787 10ec 5F5F4442 		.ascii "__DBL_HAS_DENORM__ 1\0"
 787      4C5F4841 
 787      535F4445 
 787      4E4F524D 
 787      5F5F2031 
 788 1101 01       		.byte	0x1
 789 1102 00       		.uleb128 0
 790 1103 5F5F4442 		.ascii "__DBL_HAS_INFINITY__ 1\0"
 790      4C5F4841 
 790      535F494E 
 790      46494E49 
 790      54595F5F 
 791 111a 01       		.byte	0x1
 792 111b 00       		.uleb128 0
 793 111c 5F5F4442 		.ascii "__DBL_HAS_QUIET_NAN__ 1\0"
 793      4C5F4841 
 793      535F5155 
 793      4945545F 
 793      4E414E5F 
GAS LISTING C:\Users\PRESID~1\AppData\Local\Temp\cc6uQJ1m.s 			page 27


 794 1134 01       		.byte	0x1
 795 1135 00       		.uleb128 0
 796 1136 5F5F4C44 		.ascii "__LDBL_MANT_DIG__ 64\0"
 796      424C5F4D 
 796      414E545F 
 796      4449475F 
 796      5F203634 
 797 114b 01       		.byte	0x1
 798 114c 00       		.uleb128 0
 799 114d 5F5F4C44 		.ascii "__LDBL_DIG__ 18\0"
 799      424C5F44 
 799      49475F5F 
 799      20313800 
 800 115d 01       		.byte	0x1
 801 115e 00       		.uleb128 0
 802 115f 5F5F4C44 		.ascii "__LDBL_MIN_EXP__ (-16381)\0"
 802      424C5F4D 
 802      494E5F45 
 802      58505F5F 
 802      20282D31 
 803 1179 01       		.byte	0x1
 804 117a 00       		.uleb128 0
 805 117b 5F5F4C44 		.ascii "__LDBL_MIN_10_EXP__ (-4931)\0"
 805      424C5F4D 
 805      494E5F31 
 805      305F4558 
 805      505F5F20 
 806 1197 01       		.byte	0x1
 807 1198 00       		.uleb128 0
 808 1199 5F5F4C44 		.ascii "__LDBL_MAX_EXP__ 16384\0"
 808      424C5F4D 
 808      41585F45 
 808      58505F5F 
 808      20313633 
 809 11b0 01       		.byte	0x1
 810 11b1 00       		.uleb128 0
 811 11b2 5F5F4C44 		.ascii "__LDBL_MAX_10_EXP__ 4932\0"
 811      424C5F4D 
 811      41585F31 
 811      305F4558 
 811      505F5F20 
 812 11cb 01       		.byte	0x1
 813 11cc 00       		.uleb128 0
 814 11cd 5F5F4445 		.ascii "__DECIMAL_DIG__ 21\0"
 814      43494D41 
 814      4C5F4449 
 814      475F5F20 
 814      323100
 815 11e0 01       		.byte	0x1
 816 11e1 00       		.uleb128 0
 817 11e2 5F5F4C44 		.ascii "__LDBL_MAX__ 1.18973149535723176502e+4932L\0"
 817      424C5F4D 
 817      41585F5F 
 817      20312E31 
 817      38393733 
 818 120d 01       		.byte	0x1
 819 120e 00       		.uleb128 0
GAS LISTING C:\Users\PRESID~1\AppData\Local\Temp\cc6uQJ1m.s 			page 28


 820 120f 5F5F4C44 		.ascii "__LDBL_MIN__ 3.36210314311209350626e-4932L\0"
 820      424C5F4D 
 820      494E5F5F 
 820      20332E33 
 820      36323130 
 821 123a 01       		.byte	0x1
 822 123b 00       		.uleb128 0
 823 123c 5F5F4C44 		.ascii "__LDBL_EPSILON__ 1.08420217248550443401e-19L\0"
 823      424C5F45 
 823      5053494C 
 823      4F4E5F5F 
 823      20312E30 
 824 1269 01       		.byte	0x1
 825 126a 00       		.uleb128 0
 826 126b 5F5F4C44 		.ascii "__LDBL_DENORM_MIN__ 3.64519953188247460253e-4951L\0"
 826      424C5F44 
 826      454E4F52 
 826      4D5F4D49 
 826      4E5F5F20 
 827 129d 01       		.byte	0x1
 828 129e 00       		.uleb128 0
 829 129f 5F5F4C44 		.ascii "__LDBL_HAS_DENORM__ 1\0"
 829      424C5F48 
 829      41535F44 
 829      454E4F52 
 829      4D5F5F20 
 830 12b5 01       		.byte	0x1
 831 12b6 00       		.uleb128 0
 832 12b7 5F5F4C44 		.ascii "__LDBL_HAS_INFINITY__ 1\0"
 832      424C5F48 
 832      41535F49 
 832      4E46494E 
 832      4954595F 
 833 12cf 01       		.byte	0x1
 834 12d0 00       		.uleb128 0
 835 12d1 5F5F4C44 		.ascii "__LDBL_HAS_QUIET_NAN__ 1\0"
 835      424C5F48 
 835      41535F51 
 835      55494554 
 835      5F4E414E 
 836 12ea 01       		.byte	0x1
 837 12eb 00       		.uleb128 0
 838 12ec 5F5F4445 		.ascii "__DEC32_MANT_DIG__ 7\0"
 838      4333325F 
 838      4D414E54 
 838      5F444947 
 838      5F5F2037 
 839 1301 01       		.byte	0x1
 840 1302 00       		.uleb128 0
 841 1303 5F5F4445 		.ascii "__DEC32_MIN_EXP__ (-94)\0"
 841      4333325F 
 841      4D494E5F 
 841      4558505F 
 841      5F20282D 
 842 131b 01       		.byte	0x1
 843 131c 00       		.uleb128 0
 844 131d 5F5F4445 		.ascii "__DEC32_MAX_EXP__ 97\0"
GAS LISTING C:\Users\PRESID~1\AppData\Local\Temp\cc6uQJ1m.s 			page 29


 844      4333325F 
 844      4D41585F 
 844      4558505F 
 844      5F203937 
 845 1332 01       		.byte	0x1
 846 1333 00       		.uleb128 0
 847 1334 5F5F4445 		.ascii "__DEC32_MIN__ 1E-95DF\0"
 847      4333325F 
 847      4D494E5F 
 847      5F203145 
 847      2D393544 
 848 134a 01       		.byte	0x1
 849 134b 00       		.uleb128 0
 850 134c 5F5F4445 		.ascii "__DEC32_MAX__ 9.999999E96DF\0"
 850      4333325F 
 850      4D41585F 
 850      5F20392E 
 850      39393939 
 851 1368 01       		.byte	0x1
 852 1369 00       		.uleb128 0
 853 136a 5F5F4445 		.ascii "__DEC32_EPSILON__ 1E-6DF\0"
 853      4333325F 
 853      45505349 
 853      4C4F4E5F 
 853      5F203145 
 854 1383 01       		.byte	0x1
 855 1384 00       		.uleb128 0
 856 1385 5F5F4445 		.ascii "__DEC32_SUBNORMAL_MIN__ 0.000001E-95DF\0"
 856      4333325F 
 856      5355424E 
 856      4F524D41 
 856      4C5F4D49 
 857 13ac 01       		.byte	0x1
 858 13ad 00       		.uleb128 0
 859 13ae 5F5F4445 		.ascii "__DEC64_MANT_DIG__ 16\0"
 859      4336345F 
 859      4D414E54 
 859      5F444947 
 859      5F5F2031 
 860 13c4 01       		.byte	0x1
 861 13c5 00       		.uleb128 0
 862 13c6 5F5F4445 		.ascii "__DEC64_MIN_EXP__ (-382)\0"
 862      4336345F 
 862      4D494E5F 
 862      4558505F 
 862      5F20282D 
 863 13df 01       		.byte	0x1
 864 13e0 00       		.uleb128 0
 865 13e1 5F5F4445 		.ascii "__DEC64_MAX_EXP__ 385\0"
 865      4336345F 
 865      4D41585F 
 865      4558505F 
 865      5F203338 
 866 13f7 01       		.byte	0x1
 867 13f8 00       		.uleb128 0
 868 13f9 5F5F4445 		.ascii "__DEC64_MIN__ 1E-383DD\0"
 868      4336345F 
GAS LISTING C:\Users\PRESID~1\AppData\Local\Temp\cc6uQJ1m.s 			page 30


 868      4D494E5F 
 868      5F203145 
 868      2D333833 
 869 1410 01       		.byte	0x1
 870 1411 00       		.uleb128 0
 871 1412 5F5F4445 		.ascii "__DEC64_MAX__ 9.999999999999999E384DD\0"
 871      4336345F 
 871      4D41585F 
 871      5F20392E 
 871      39393939 
 872 1438 01       		.byte	0x1
 873 1439 00       		.uleb128 0
 874 143a 5F5F4445 		.ascii "__DEC64_EPSILON__ 1E-15DD\0"
 874      4336345F 
 874      45505349 
 874      4C4F4E5F 
 874      5F203145 
 875 1454 01       		.byte	0x1
 876 1455 00       		.uleb128 0
 877 1456 5F5F4445 		.ascii "__DEC64_SUBNORMAL_MIN__ 0.000000000000001E-383DD\0"
 877      4336345F 
 877      5355424E 
 877      4F524D41 
 877      4C5F4D49 
 878 1487 01       		.byte	0x1
 879 1488 00       		.uleb128 0
 880 1489 5F5F4445 		.ascii "__DEC128_MANT_DIG__ 34\0"
 880      43313238 
 880      5F4D414E 
 880      545F4449 
 880      475F5F20 
 881 14a0 01       		.byte	0x1
 882 14a1 00       		.uleb128 0
 883 14a2 5F5F4445 		.ascii "__DEC128_MIN_EXP__ (-6142)\0"
 883      43313238 
 883      5F4D494E 
 883      5F455850 
 883      5F5F2028 
 884 14bd 01       		.byte	0x1
 885 14be 00       		.uleb128 0
 886 14bf 5F5F4445 		.ascii "__DEC128_MAX_EXP__ 6145\0"
 886      43313238 
 886      5F4D4158 
 886      5F455850 
 886      5F5F2036 
 887 14d7 01       		.byte	0x1
 888 14d8 00       		.uleb128 0
 889 14d9 5F5F4445 		.ascii "__DEC128_MIN__ 1E-6143DL\0"
 889      43313238 
 889      5F4D494E 
 889      5F5F2031 
 889      452D3631 
 890 14f2 01       		.byte	0x1
 891 14f3 00       		.uleb128 0
 892 14f4 5F5F4445 		.ascii "__DEC128_MAX__ 9.999999999999999999999999999999999E6144DL\0"
 892      43313238 
 892      5F4D4158 
GAS LISTING C:\Users\PRESID~1\AppData\Local\Temp\cc6uQJ1m.s 			page 31


 892      5F5F2039 
 892      2E393939 
 893 152e 01       		.byte	0x1
 894 152f 00       		.uleb128 0
 895 1530 5F5F4445 		.ascii "__DEC128_EPSILON__ 1E-33DL\0"
 895      43313238 
 895      5F455053 
 895      494C4F4E 
 895      5F5F2031 
 896 154b 01       		.byte	0x1
 897 154c 00       		.uleb128 0
 898 154d 5F5F4445 		.ascii "__DEC128_SUBNORMAL_MIN__ 0.000000000000000000000000000000001E-6143DL\0"
 898      43313238 
 898      5F535542 
 898      4E4F524D 
 898      414C5F4D 
 899 1592 01       		.byte	0x1
 900 1593 00       		.uleb128 0
 901 1594 5F5F5245 		.ascii "__REGISTER_PREFIX__ \0"
 901      47495354 
 901      45525F50 
 901      52454649 
 901      585F5F20 
 902 15a9 01       		.byte	0x1
 903 15aa 00       		.uleb128 0
 904 15ab 5F5F5553 		.ascii "__USER_LABEL_PREFIX__ _\0"
 904      45525F4C 
 904      4142454C 
 904      5F505245 
 904      4649585F 
 905 15c3 01       		.byte	0x1
 906 15c4 00       		.uleb128 0
 907 15c5 5F5F474E 		.ascii "__GNUC_GNU_INLINE__ 1\0"
 907      55435F47 
 907      4E555F49 
 907      4E4C494E 
 907      455F5F20 
 908 15db 01       		.byte	0x1
 909 15dc 00       		.uleb128 0
 910 15dd 5F5F4E4F 		.ascii "__NO_INLINE__ 1\0"
 910      5F494E4C 
 910      494E455F 
 910      5F203100 
 911 15ed 01       		.byte	0x1
 912 15ee 00       		.uleb128 0
 913 15ef 5F5F5354 		.ascii "__STRICT_ANSI__ 1\0"
 913      52494354 
 913      5F414E53 
 913      495F5F20 
 913      3100
 914 1601 01       		.byte	0x1
 915 1602 00       		.uleb128 0
 916 1603 5F5F4743 		.ascii "__GCC_ATOMIC_BOOL_LOCK_FREE 1\0"
 916      435F4154 
 916      4F4D4943 
 916      5F424F4F 
 916      4C5F4C4F 
GAS LISTING C:\Users\PRESID~1\AppData\Local\Temp\cc6uQJ1m.s 			page 32


 917 1621 01       		.byte	0x1
 918 1622 00       		.uleb128 0
 919 1623 5F5F4743 		.ascii "__GCC_ATOMIC_CHAR_LOCK_FREE 1\0"
 919      435F4154 
 919      4F4D4943 
 919      5F434841 
 919      525F4C4F 
 920 1641 01       		.byte	0x1
 921 1642 00       		.uleb128 0
 922 1643 5F5F4743 		.ascii "__GCC_ATOMIC_CHAR16_T_LOCK_FREE 1\0"
 922      435F4154 
 922      4F4D4943 
 922      5F434841 
 922      5231365F 
 923 1665 01       		.byte	0x1
 924 1666 00       		.uleb128 0
 925 1667 5F5F4743 		.ascii "__GCC_ATOMIC_CHAR32_T_LOCK_FREE 1\0"
 925      435F4154 
 925      4F4D4943 
 925      5F434841 
 925      5233325F 
 926 1689 01       		.byte	0x1
 927 168a 00       		.uleb128 0
 928 168b 5F5F4743 		.ascii "__GCC_ATOMIC_WCHAR_T_LOCK_FREE 1\0"
 928      435F4154 
 928      4F4D4943 
 928      5F574348 
 928      41525F54 
 929 16ac 01       		.byte	0x1
 930 16ad 00       		.uleb128 0
 931 16ae 5F5F4743 		.ascii "__GCC_ATOMIC_SHORT_LOCK_FREE 1\0"
 931      435F4154 
 931      4F4D4943 
 931      5F53484F 
 931      52545F4C 
 932 16cd 01       		.byte	0x1
 933 16ce 00       		.uleb128 0
 934 16cf 5F5F4743 		.ascii "__GCC_ATOMIC_INT_LOCK_FREE 1\0"
 934      435F4154 
 934      4F4D4943 
 934      5F494E54 
 934      5F4C4F43 
 935 16ec 01       		.byte	0x1
 936 16ed 00       		.uleb128 0
 937 16ee 5F5F4743 		.ascii "__GCC_ATOMIC_LONG_LOCK_FREE 1\0"
 937      435F4154 
 937      4F4D4943 
 937      5F4C4F4E 
 937      475F4C4F 
 938 170c 01       		.byte	0x1
 939 170d 00       		.uleb128 0
 940 170e 5F5F4743 		.ascii "__GCC_ATOMIC_LLONG_LOCK_FREE 1\0"
 940      435F4154 
 940      4F4D4943 
 940      5F4C4C4F 
 940      4E475F4C 
 941 172d 01       		.byte	0x1
GAS LISTING C:\Users\PRESID~1\AppData\Local\Temp\cc6uQJ1m.s 			page 33


 942 172e 00       		.uleb128 0
 943 172f 5F5F4743 		.ascii "__GCC_ATOMIC_TEST_AND_SET_TRUEVAL 1\0"
 943      435F4154 
 943      4F4D4943 
 943      5F544553 
 943      545F414E 
 944 1753 01       		.byte	0x1
 945 1754 00       		.uleb128 0
 946 1755 5F5F4743 		.ascii "__GCC_ATOMIC_POINTER_LOCK_FREE 1\0"
 946      435F4154 
 946      4F4D4943 
 946      5F504F49 
 946      4E544552 
 947 1776 01       		.byte	0x1
 948 1777 00       		.uleb128 0
 949 1778 5F5F4743 		.ascii "__GCC_HAVE_DWARF2_CFI_ASM 1\0"
 949      435F4841 
 949      56455F44 
 949      57415246 
 949      325F4346 
 950 1794 01       		.byte	0x1
 951 1795 00       		.uleb128 0
 952 1796 5F5F5052 		.ascii "__PRAGMA_REDEFINE_EXTNAME 1\0"
 952      41474D41 
 952      5F524544 
 952      4546494E 
 952      455F4558 
 953 17b2 01       		.byte	0x1
 954 17b3 00       		.uleb128 0
 955 17b4 5F5F5349 		.ascii "__SIZEOF_WCHAR_T__ 2\0"
 955      5A454F46 
 955      5F574348 
 955      41525F54 
 955      5F5F2032 
 956 17c9 01       		.byte	0x1
 957 17ca 00       		.uleb128 0
 958 17cb 5F5F5349 		.ascii "__SIZEOF_WINT_T__ 2\0"
 958      5A454F46 
 958      5F57494E 
 958      545F545F 
 958      5F203200 
 959 17df 01       		.byte	0x1
 960 17e0 00       		.uleb128 0
 961 17e1 5F5F5349 		.ascii "__SIZEOF_PTRDIFF_T__ 4\0"
 961      5A454F46 
 961      5F505452 
 961      44494646 
 961      5F545F5F 
 962 17f8 01       		.byte	0x1
 963 17f9 00       		.uleb128 0
 964 17fa 5F5F6933 		.ascii "__i386 1\0"
 964      38362031 
 964      00
 965 1803 01       		.byte	0x1
 966 1804 00       		.uleb128 0
 967 1805 5F5F6933 		.ascii "__i386__ 1\0"
 967      38365F5F 
GAS LISTING C:\Users\PRESID~1\AppData\Local\Temp\cc6uQJ1m.s 			page 34


 967      203100
 968 1810 01       		.byte	0x1
 969 1811 00       		.uleb128 0
 970 1812 5F5F4154 		.ascii "__ATOMIC_HLE_ACQUIRE 65536\0"
 970      4F4D4943 
 970      5F484C45 
 970      5F414351 
 970      55495245 
 971 182d 01       		.byte	0x1
 972 182e 00       		.uleb128 0
 973 182f 5F5F4154 		.ascii "__ATOMIC_HLE_RELEASE 131072\0"
 973      4F4D4943 
 973      5F484C45 
 973      5F52454C 
 973      45415345 
 974 184b 01       		.byte	0x1
 975 184c 00       		.uleb128 0
 976 184d 5F5F7475 		.ascii "__tune_i386__ 1\0"
 976      6E655F69 
 976      3338365F 
 976      5F203100 
 977 185d 01       		.byte	0x1
 978 185e 00       		.uleb128 0
 979 185f 5F5F636F 		.ascii "__code_model_32__ 1\0"
 979      64655F6D 
 979      6F64656C 
 979      5F33325F 
 979      5F203100 
 980 1873 01       		.byte	0x1
 981 1874 00       		.uleb128 0
 982 1875 5F583836 		.ascii "_X86_ 1\0"
 982      5F203100 
 983 187d 01       		.byte	0x1
 984 187e 00       		.uleb128 0
 985 187f 5F5F7374 		.ascii "__stdcall __attribute__((__stdcall__))\0"
 985      6463616C 
 985      6C205F5F 
 985      61747472 
 985      69627574 
 986 18a6 01       		.byte	0x1
 987 18a7 00       		.uleb128 0
 988 18a8 5F5F6661 		.ascii "__fastcall __attribute__((__fastcall__))\0"
 988      73746361 
 988      6C6C205F 
 988      5F617474 
 988      72696275 
 989 18d1 01       		.byte	0x1
 990 18d2 00       		.uleb128 0
 991 18d3 5F5F7468 		.ascii "__thiscall __attribute__((__thiscall__))\0"
 991      69736361 
 991      6C6C205F 
 991      5F617474 
 991      72696275 
 992 18fc 01       		.byte	0x1
 993 18fd 00       		.uleb128 0
 994 18fe 5F5F6364 		.ascii "__cdecl __attribute__((__cdecl__))\0"
 994      65636C20 
GAS LISTING C:\Users\PRESID~1\AppData\Local\Temp\cc6uQJ1m.s 			page 35


 994      5F5F6174 
 994      74726962 
 994      7574655F 
 995 1921 01       		.byte	0x1
 996 1922 00       		.uleb128 0
 997 1923 5F5F4758 		.ascii "__GXX_MERGED_TYPEINFO_NAMES 0\0"
 997      585F4D45 
 997      52474544 
 997      5F545950 
 997      45494E46 
 998 1941 01       		.byte	0x1
 999 1942 00       		.uleb128 0
 1000 1943 5F5F4758 		.ascii "__GXX_TYPEINFO_EQUALITY_INLINE 0\0"
 1000      585F5459 
 1000      5045494E 
 1000      464F5F45 
 1000      5155414C 
 1001 1964 01       		.byte	0x1
 1002 1965 00       		.uleb128 0
 1003 1966 5F5F4D53 		.ascii "__MSVCRT__ 1\0"
 1003      56435254 
 1003      5F5F2031 
 1003      00
 1004 1973 01       		.byte	0x1
 1005 1974 00       		.uleb128 0
 1006 1975 5F5F4D49 		.ascii "__MINGW32__ 1\0"
 1006      4E475733 
 1006      325F5F20 
 1006      3100
 1007 1983 01       		.byte	0x1
 1008 1984 00       		.uleb128 0
 1009 1985 5F57494E 		.ascii "_WIN32 1\0"
 1009      33322031 
 1009      00
 1010 198e 01       		.byte	0x1
 1011 198f 00       		.uleb128 0
 1012 1990 5F5F5749 		.ascii "__WIN32 1\0"
 1012      4E333220 
 1012      3100
 1013 199a 01       		.byte	0x1
 1014 199b 00       		.uleb128 0
 1015 199c 5F5F5749 		.ascii "__WIN32__ 1\0"
 1015      4E33325F 
 1015      5F203100 
 1016 19a8 01       		.byte	0x1
 1017 19a9 00       		.uleb128 0
 1018 19aa 5F5F5749 		.ascii "__WINNT 1\0"
 1018      4E4E5420 
 1018      3100
 1019 19b4 01       		.byte	0x1
 1020 19b5 00       		.uleb128 0
 1021 19b6 5F5F5749 		.ascii "__WINNT__ 1\0"
 1021      4E4E545F 
 1021      5F203100 
 1022 19c2 01       		.byte	0x1
 1023 19c3 00       		.uleb128 0
 1024 19c4 5F494E54 		.ascii "_INTEGRAL_MAX_BITS 64\0"
GAS LISTING C:\Users\PRESID~1\AppData\Local\Temp\cc6uQJ1m.s 			page 36


 1024      45475241 
 1024      4C5F4D41 
 1024      585F4249 
 1024      54532036 
 1025 19da 01       		.byte	0x1
 1026 19db 00       		.uleb128 0
 1027 19dc 5F5F6465 		.ascii "__declspec(x) __attribute__((x))\0"
 1027      636C7370 
 1027      65632878 
 1027      29205F5F 
 1027      61747472 
 1028 19fd 01       		.byte	0x1
 1029 19fe 00       		.uleb128 0
 1030 19ff 5F5F4445 		.ascii "__DECIMAL_BID_FORMAT__ 1\0"
 1030      43494D41 
 1030      4C5F4249 
 1030      445F464F 
 1030      524D4154 
 1031 1a18 01       		.byte	0x1
 1032 1a19 00       		.uleb128 0
 1033 1a1a 4346475F 		.ascii "CFG_PROCESSOR 3\0"
 1033      50524F43 
 1033      4553534F 
 1033      52203300 
 1034 1a2a 03       		.byte	0x3
 1035 1a2b 00       		.uleb128 0
 1036 1a2c 01       		.uleb128 0x1
 1037              		.file 3 "E:/NeuOrga/Programmieren/c_cpp/github_os/input/src/os_base/os_firstinc.h"
 1038 1a2d 03       		.byte	0x3
 1039 1a2e 01       		.uleb128 0x1
 1040 1a2f 03       		.uleb128 0x3
 1041 1a30 01       		.byte	0x1
 1042 1a31 02       		.uleb128 0x2
 1043 1a32 5F6F735F 		.ascii "_os_firstinc_h_ \0"
 1043      66697273 
 1043      74696E63 
 1043      5F685F20 
 1043      00
 1044              		.file 4 "E:/NeuOrga/Programmieren/c_cpp/github_os/input/src/os_base/../os_base/os_base_types.h"
 1045 1a43 03       		.byte	0x3
 1046 1a44 04       		.uleb128 0x4
 1047 1a45 04       		.uleb128 0x4
 1048 1a46 01       		.byte	0x1
 1049 1a47 02       		.uleb128 0x2
 1050 1a48 5F424153 		.ascii "_BASE_TYPES_H_ \0"
 1050      455F5459 
 1050      5045535F 
 1050      485F2000 
 1051 1a58 01       		.byte	0x1
 1052 1a59 04       		.uleb128 0x4
 1053 1a5a 494E5445 		.ascii "INTEGER_LLP64_IL32P64 1\0"
 1053      4745525F 
 1053      4C4C5036 
 1053      345F494C 
 1053      33325036 
 1054 1a72 01       		.byte	0x1
 1055 1a73 05       		.uleb128 0x5
GAS LISTING C:\Users\PRESID~1\AppData\Local\Temp\cc6uQJ1m.s 			page 37


 1056 1a74 494E5445 		.ascii "INTEGER_LP64_I32LP64 2\0"
 1056      4745525F 
 1056      4C503634 
 1056      5F493332 
 1056      4C503634 
 1057 1a8b 01       		.byte	0x1
 1058 1a8c 06       		.uleb128 0x6
 1059 1a8d 494E5445 		.ascii "INTEGER_ILP64 3\0"
 1059      4745525F 
 1059      494C5036 
 1059      34203300 
 1060 1a9d 01       		.byte	0x1
 1061 1a9e 07       		.uleb128 0x7
 1062 1a9f 494E5445 		.ascii "INTEGER_SILP64 4\0"
 1062      4745525F 
 1062      53494C50 
 1062      36342034 
 1062      00
 1063 1ab0 01       		.byte	0x1
 1064 1ab1 09       		.uleb128 0x9
 1065 1ab2 4350505F 		.ascii "CPP_VERSION_NONE 0\0"
 1065      56455253 
 1065      494F4E5F 
 1065      4E4F4E45 
 1065      203000
 1066 1ac5 01       		.byte	0x1
 1067 1ac6 0A       		.uleb128 0xa
 1068 1ac7 4350505F 		.ascii "CPP_VERSION_1998 1\0"
 1068      56455253 
 1068      494F4E5F 
 1068      31393938 
 1068      203100
 1069 1ada 01       		.byte	0x1
 1070 1adb 0B       		.uleb128 0xb
 1071 1adc 4350505F 		.ascii "CPP_VERSION_2003 2\0"
 1071      56455253 
 1071      494F4E5F 
 1071      32303033 
 1071      203200
 1072 1aef 01       		.byte	0x1
 1073 1af0 0C       		.uleb128 0xc
 1074 1af1 4350505F 		.ascii "CPP_VERSION_2007 3\0"
 1074      56455253 
 1074      494F4E5F 
 1074      32303037 
 1074      203300
 1075 1b04 01       		.byte	0x1
 1076 1b05 0D       		.uleb128 0xd
 1077 1b06 4350505F 		.ascii "CPP_VERSION_2011 4\0"
 1077      56455253 
 1077      494F4E5F 
 1077      32303131 
 1077      203400
 1078 1b19 01       		.byte	0x1
 1079 1b1a 0E       		.uleb128 0xe
 1080 1b1b 49534F5F 		.ascii "ISO_CPP_VERSION CPP_VERSION_1998\0"
 1080      4350505F 
GAS LISTING C:\Users\PRESID~1\AppData\Local\Temp\cc6uQJ1m.s 			page 38


 1080      56455253 
 1080      494F4E20 
 1080      4350505F 
 1081 1b3c 01       		.byte	0x1
 1082 1b3d 10       		.uleb128 0x10
 1083 1b3e 494E5445 		.ascii "INTEGER_MODEL INTEGER_LLP64_IL32P64\0"
 1083      4745525F 
 1083      4D4F4445 
 1083      4C20494E 
 1083      54454745 
 1084 1b62 04       		.byte	0x4
 1085              		.file 5 "E:/NeuOrga/Programmieren/c_cpp/github_os/input/src/os_base/../os_base/os_common.h"
 1086 1b63 03       		.byte	0x3
 1087 1b64 05       		.uleb128 0x5
 1088 1b65 05       		.uleb128 0x5
 1089 1b66 01       		.byte	0x1
 1090 1b67 02       		.uleb128 0x2
 1091 1b68 5F6F735F 		.ascii "_os_common_h_ \0"
 1091      636F6D6D 
 1091      6F6E5F68 
 1091      5F2000
 1092 1b77 01       		.byte	0x1
 1093 1b78 06       		.uleb128 0x6
 1094 1b79 46616C73 		.ascii "False 0\0"
 1094      65203000 
 1095 1b81 01       		.byte	0x1
 1096 1b82 07       		.uleb128 0x7
 1097 1b83 54727565 		.ascii "True 1\0"
 1097      203100
 1098 1b8a 01       		.byte	0x1
 1099 1b8b 08       		.uleb128 0x8
 1100 1b8c 46414C53 		.ascii "FALSE False\0"
 1100      45204661 
 1100      6C736500 
 1101 1b98 01       		.byte	0x1
 1102 1b99 09       		.uleb128 0x9
 1103 1b9a 54525545 		.ascii "TRUE True\0"
 1103      20547275 
 1103      6500
 1104 1ba4 01       		.byte	0x1
 1105 1ba5 0A       		.uleb128 0xa
 1106 1ba6 41636365 		.ascii "Accepted 1\0"
 1106      70746564 
 1106      203100
 1107 1bb1 01       		.byte	0x1
 1108 1bb2 0B       		.uleb128 0xb
 1109 1bb3 52656A65 		.ascii "Rejected 0\0"
 1109      63746564 
 1109      203000
 1110 1bbe 01       		.byte	0x1
 1111 1bbf 0C       		.uleb128 0xc
 1112 1bc0 4C6F6361 		.ascii "Local static\0"
 1112      6C207374 
 1112      61746963 
 1112      00
 1113 1bcd 01       		.byte	0x1
 1114 1bce 0D       		.uleb128 0xd
GAS LISTING C:\Users\PRESID~1\AppData\Local\Temp\cc6uQJ1m.s 			page 39


 1115 1bcf 4C6F6361 		.ascii "Local_inline static __inline__\0"
 1115      6C5F696E 
 1115      6C696E65 
 1115      20737461 
 1115      74696320 
 1116 1bee 01       		.byte	0x1
 1117 1bef 0E       		.uleb128 0xe
 1118 1bf0 476C6F62 		.ascii "Global_inline __inline__\0"
 1118      616C5F69 
 1118      6E6C696E 
 1118      65205F5F 
 1118      696E6C69 
 1119 1c09 01       		.byte	0x1
 1120 1c0a 0F       		.uleb128 0xf
 1121 1c0b 52656665 		.ascii "ReferenceUnusedParameter(x) ((x) = (x))\0"
 1121      72656E63 
 1121      65556E75 
 1121      73656450 
 1121      6172616D 
 1122 1c33 01       		.byte	0x1
 1123 1c34 12       		.uleb128 0x12
 1124 1c35 634D4355 		.ascii "cMCU_X86 3\0"
 1124      5F583836 
 1124      203300
 1125 1c40 01       		.byte	0x1
 1126 1c41 13       		.uleb128 0x13
 1127 1c42 634D4355 		.ascii "cMCU_CORTEX_M4 4\0"
 1127      5F434F52 
 1127      5445585F 
 1127      4D342034 
 1127      00
 1128 1c53 01       		.byte	0x1
 1129 1c54 16       		.uleb128 0x16
 1130 1c55 4E525F4F 		.ascii "NR_OF_CORES 1\0"
 1130      465F434F 
 1130      52455320 
 1130      3100
 1131 1c63 01       		.byte	0x1
 1132 1c64 18       		.uleb128 0x18
 1133 1c65 4D43555F 		.ascii "MCU_CLOCK_IN_HZ ((uint32)168000000u)\0"
 1133      434C4F43 
 1133      4B5F494E 
 1133      5F485A20 
 1133      28287569 
 1134 1c8a 01       		.byte	0x1
 1135 1c8b 1C       		.uleb128 0x1c
 1136 1c8c 44697361 		.ascii "DisableInterrupts() \0"
 1136      626C6549 
 1136      6E746572 
 1136      72757074 
 1136      73282920 
 1137 1ca1 01       		.byte	0x1
 1138 1ca2 1D       		.uleb128 0x1d
 1139 1ca3 456E6162 		.ascii "EnableInterrupts() \0"
 1139      6C65496E 
 1139      74657272 
 1139      75707473 
GAS LISTING C:\Users\PRESID~1\AppData\Local\Temp\cc6uQJ1m.s 			page 40


 1139      28292000 
 1140 1cb7 01       		.byte	0x1
 1141 1cb8 1E       		.uleb128 0x1e
 1142 1cb9 50726976 		.ascii "Privilige_level_save_current() \0"
 1142      696C6967 
 1142      655F6C65 
 1142      76656C5F 
 1142      73617665 
 1143 1cd9 01       		.byte	0x1
 1144 1cda 1F       		.uleb128 0x1f
 1145 1cdb 50726976 		.ascii "Privilige_level_enter_kernel_mode() \0"
 1145      696C6967 
 1145      655F6C65 
 1145      76656C5F 
 1145      656E7465 
 1146 1d00 01       		.byte	0x1
 1147 1d01 20       		.uleb128 0x20
 1148 1d02 50726976 		.ascii "Privilige_level_restore_saved() \0"
 1148      696C6967 
 1148      655F6C65 
 1148      76656C5F 
 1148      72657374 
 1149 1d23 01       		.byte	0x1
 1150 1d24 21       		.uleb128 0x21
 1151 1d25 48616C74 		.ascii "HaltMcu() \0"
 1151      4D637528 
 1151      292000
 1152 1d30 04       		.byte	0x4
 1153              		.file 6 "E:/NeuOrga/Programmieren/c_cpp/github_os/input/src/os_base/../os_base/os_ram.h"
 1154 1d31 03       		.byte	0x3
 1155 1d32 07       		.uleb128 0x7
 1156 1d33 06       		.uleb128 0x6
 1157 1d34 01       		.byte	0x1
 1158 1d35 02       		.uleb128 0x2
 1159 1d36 5F4F535F 		.ascii "_OS_RAM_H_ \0"
 1159      52414D5F 
 1159      485F2000 
 1160              		.file 7 "E:/NeuOrga/Programmieren/c_cpp/github_os/input/src/os_base/../os_base/os_firstinc.h"
 1161 1d42 03       		.byte	0x3
 1162 1d43 04       		.uleb128 0x4
 1163 1d44 07       		.uleb128 0x7
 1164 1d45 04       		.byte	0x4
 1165              		.file 8 "E:/NeuOrga/Programmieren/c_cpp/github_os/input/src/os_base/../os_base/os_stack.h"
 1166 1d46 03       		.byte	0x3
 1167 1d47 05       		.uleb128 0x5
 1168 1d48 08       		.uleb128 0x8
 1169 1d49 01       		.byte	0x1
 1170 1d4a 02       		.uleb128 0x2
 1171 1d4b 5F6F735F 		.ascii "_os_stack_h_ \0"
 1171      73746163 
 1171      6B5F685F 
 1171      2000
 1172 1d59 01       		.byte	0x1
 1173 1d5a 04       		.uleb128 0x4
 1174 1d5b 4F535F53 		.ascii "OS_STACK_SIZE 0x100\0"
 1174      5441434B 
 1174      5F53495A 
GAS LISTING C:\Users\PRESID~1\AppData\Local\Temp\cc6uQJ1m.s 			page 41


 1174      45203078 
 1174      31303000 
 1175 1d6f 01       		.byte	0x1
 1176 1d70 06       		.uleb128 0x6
 1177 1d71 4F535F53 		.ascii "OS_STACK_SIZE_END 0x01u\0"
 1177      5441434B 
 1177      5F53495A 
 1177      455F454E 
 1177      44203078 
 1178 1d89 04       		.byte	0x4
 1179              		.file 9 "E:/NeuOrga/Programmieren/c_cpp/github_os/input/src/os_base/../os_base/os_heap.h"
 1180 1d8a 03       		.byte	0x3
 1181 1d8b 06       		.uleb128 0x6
 1182 1d8c 09       		.uleb128 0x9
 1183 1d8d 01       		.byte	0x1
 1184 1d8e 02       		.uleb128 0x2
 1185 1d8f 5F6F735F 		.ascii "_os_heap_h_ \0"
 1185      68656170 
 1185      5F685F20 
 1185      00
 1186 1d9c 01       		.byte	0x1
 1187 1d9d 05       		.uleb128 0x5
 1188 1d9e 48454150 		.ascii "HEAP_SIZE 10000\0"
 1188      5F53495A 
 1188      45203130 
 1188      30303000 
 1189 1dae 01       		.byte	0x1
 1190 1daf 06       		.uleb128 0x6
 1191 1db0 4D494E5F 		.ascii "MIN_BLOCK_SIZE_HEAP 8\0"
 1191      424C4F43 
 1191      4B5F5349 
 1191      5A455F48 
 1191      45415020 
 1192 1dc6 01       		.byte	0x1
 1193 1dc7 09       		.uleb128 0x9
 1194 1dc8 48454150 		.ascii "HEAP_OFFSET_FOR_SIZE 0\0"
 1194      5F4F4646 
 1194      5345545F 
 1194      464F525F 
 1194      53495A45 
 1195 1ddf 01       		.byte	0x1
 1196 1de0 0A       		.uleb128 0xa
 1197 1de1 48454150 		.ascii "HEAP_OFFSET_FOR_USED_SIZE 4\0"
 1197      5F4F4646 
 1197      5345545F 
 1197      464F525F 
 1197      55534544 
 1198 1dfd 01       		.byte	0x1
 1199 1dfe 0B       		.uleb128 0xb
 1200 1dff 48454150 		.ascii "HEAP_OFFSET_FOR_CHUNK 8\0"
 1200      5F4F4646 
 1200      5345545F 
 1200      464F525F 
 1200      4348554E 
 1201 1e17 04       		.byte	0x4
 1202              		.file 10 "E:/NeuOrga/Programmieren/c_cpp/github_os/input/src/os_base/../os_base/os_main.h"
 1203 1e18 03       		.byte	0x3
GAS LISTING C:\Users\PRESID~1\AppData\Local\Temp\cc6uQJ1m.s 			page 42


 1204 1e19 07       		.uleb128 0x7
 1205 1e1a 0A       		.uleb128 0xa
 1206 1e1b 01       		.byte	0x1
 1207 1e1c 02       		.uleb128 0x2
 1208 1e1d 5F6F735F 		.ascii "_os_main_h_ \0"
 1208      6D61696E 
 1208      5F685F20 
 1208      00
 1209 1e2a 01       		.byte	0x1
 1210 1e2b 03       		.uleb128 0x3
 1211 1e2c 6F735F69 		.ascii "os_init 0\0"
 1211      6E697420 
 1211      3000
 1212 1e36 01       		.byte	0x1
 1213 1e37 04       		.uleb128 0x4
 1214 1e38 6F735F72 		.ascii "os_running 1\0"
 1214      756E6E69 
 1214      6E672031 
 1214      00
 1215 1e45 01       		.byte	0x1
 1216 1e46 05       		.uleb128 0x5
 1217 1e47 6F735F73 		.ascii "os_shutdown 2\0"
 1217      68757464 
 1217      6F776E20 
 1217      3200
 1218 1e55 04       		.byte	0x4
 1219 1e56 04       		.byte	0x4
 1220              		.file 11 "E:/NeuOrga/Programmieren/c_cpp/github_os/input/src/os_base/../os_sim/lld_global.h"
 1221 1e57 03       		.byte	0x3
 1222 1e58 0A       		.uleb128 0xa
 1223 1e59 0B       		.uleb128 0xb
 1224 1e5a 01       		.byte	0x1
 1225 1e5b 02       		.uleb128 0x2
 1226 1e5c 5F6C6C64 		.ascii "_lld_global_h_ \0"
 1226      5F676C6F 
 1226      62616C5F 
 1226      685F2000 
 1227              		.file 12 "E:/NeuOrga/Programmieren/c_cpp/github_os/input/src/os_base/../os_sim/lld_core.h"
 1228 1e6c 03       		.byte	0x3
 1229 1e6d 04       		.uleb128 0x4
 1230 1e6e 0C       		.uleb128 0xc
 1231 1e6f 01       		.byte	0x1
 1232 1e70 02       		.uleb128 0x2
 1233 1e71 5F6C6C64 		.ascii "_lld_core_h_ \0"
 1233      5F636F72 
 1233      655F685F 
 1233      2000
 1234              		.file 13 "E:/NeuOrga/Programmieren/c_cpp/github_os/input/src/os_base/../os_sim/../os_base/os_first
 1235 1e7f 03       		.byte	0x3
 1236 1e80 03       		.uleb128 0x3
 1237 1e81 0D       		.uleb128 0xd
 1238 1e82 04       		.byte	0x4
 1239 1e83 04       		.byte	0x4
 1240              		.file 14 "E:/NeuOrga/Programmieren/c_cpp/github_os/input/src/os_base/../os_sim/lld_interrupt.h"
 1241 1e84 03       		.byte	0x3
 1242 1e85 05       		.uleb128 0x5
 1243 1e86 0E       		.uleb128 0xe
GAS LISTING C:\Users\PRESID~1\AppData\Local\Temp\cc6uQJ1m.s 			page 43


 1244 1e87 01       		.byte	0x1
 1245 1e88 02       		.uleb128 0x2
 1246 1e89 5F6C6C64 		.ascii "_lld_interrupt_h_ \0"
 1246      5F696E74 
 1246      65727275 
 1246      70745F68 
 1246      5F2000
 1247 1e9c 01       		.byte	0x1
 1248 1e9d 05       		.uleb128 0x5
 1249 1e9e 6F735F69 		.ascii "os_interrupt_swi_1 asm(\"swi 1\")\0"
 1249      6E746572 
 1249      72757074 
 1249      5F737769 
 1249      5F312061 
 1250 1ebe 01       		.byte	0x1
 1251 1ebf 06       		.uleb128 0x6
 1252 1ec0 6F735F69 		.ascii "os_interrupt_swi_2 asm(\"swi 2\")\0"
 1252      6E746572 
 1252      72757074 
 1252      5F737769 
 1252      5F322061 
 1253 1ee0 01       		.byte	0x1
 1254 1ee1 07       		.uleb128 0x7
 1255 1ee2 6F735F69 		.ascii "os_interrupt_swi_3 asm(\"swi 3\")\0"
 1255      6E746572 
 1255      72757074 
 1255      5F737769 
 1255      5F332061 
 1256 1f02 01       		.byte	0x1
 1257 1f03 08       		.uleb128 0x8
 1258 1f04 6F735F69 		.ascii "os_interrupt_swi_4 asm(\"swi 4\")\0"
 1258      6E746572 
 1258      72757074 
 1258      5F737769 
 1258      5F342061 
 1259 1f24 01       		.byte	0x1
 1260 1f25 09       		.uleb128 0x9
 1261 1f26 6F735F69 		.ascii "os_interrupt_swi_5 asm(\"swi 5\")\0"
 1261      6E746572 
 1261      72757074 
 1261      5F737769 
 1261      5F352061 
 1262 1f46 04       		.byte	0x4
 1263              		.file 15 "E:/NeuOrga/Programmieren/c_cpp/github_os/input/src/os_base/../os_sim/lld_mmu.h"
 1264 1f47 03       		.byte	0x3
 1265 1f48 06       		.uleb128 0x6
 1266 1f49 0F       		.uleb128 0xf
 1267 1f4a 01       		.byte	0x1
 1268 1f4b 02       		.uleb128 0x2
 1269 1f4c 5F6C6C64 		.ascii "_lld_mmu_h_ \0"
 1269      5F6D6D75 
 1269      5F685F20 
 1269      00
 1270 1f59 04       		.byte	0x4
 1271              		.file 16 "E:/NeuOrga/Programmieren/c_cpp/github_os/input/src/os_base/../os_sim/lld_timer.h"
 1272 1f5a 03       		.byte	0x3
 1273 1f5b 07       		.uleb128 0x7
GAS LISTING C:\Users\PRESID~1\AppData\Local\Temp\cc6uQJ1m.s 			page 44


 1274 1f5c 10       		.uleb128 0x10
 1275 1f5d 01       		.byte	0x1
 1276 1f5e 02       		.uleb128 0x2
 1277 1f5f 5F6C6C64 		.ascii "_lld_timer_h_ \0"
 1277      5F74696D 
 1277      65725F68 
 1277      5F2000
 1278 1f6e 04       		.byte	0x4
 1279              		.file 17 "E:/NeuOrga/Programmieren/c_cpp/github_os/input/src/os_base/../os_sim/lld_power.h"
 1280 1f6f 03       		.byte	0x3
 1281 1f70 08       		.uleb128 0x8
 1282 1f71 11       		.uleb128 0x11
 1283 1f72 01       		.byte	0x1
 1284 1f73 02       		.uleb128 0x2
 1285 1f74 5F6C6C64 		.ascii "_lld_power_h_ \0"
 1285      5F706F77 
 1285      65725F68 
 1285      5F2000
 1286 1f83 04       		.byte	0x4
 1287              		.file 18 "E:/NeuOrga/Programmieren/c_cpp/github_os/input/src/os_base/../os_sim/lld_ram.h"
 1288 1f84 03       		.byte	0x3
 1289 1f85 09       		.uleb128 0x9
 1290 1f86 12       		.uleb128 0x12
 1291 1f87 01       		.byte	0x1
 1292 1f88 02       		.uleb128 0x2
 1293 1f89 5F6C6C64 		.ascii "_lld_ram_h_ \0"
 1293      5F72616D 
 1293      5F685F20 
 1293      00
 1294 1f96 04       		.byte	0x4
 1295              		.file 19 "E:/NeuOrga/Programmieren/c_cpp/github_os/input/src/os_base/../os_sim/../os_base/os_task_
 1296 1f97 03       		.byte	0x3
 1297 1f98 0A       		.uleb128 0xa
 1298 1f99 13       		.uleb128 0x13
 1299 1f9a 01       		.byte	0x1
 1300 1f9b 02       		.uleb128 0x2
 1301 1f9c 5F6F735F 		.ascii "_os_task_common_h_ \0"
 1301      7461736B 
 1301      5F636F6D 
 1301      6D6F6E5F 
 1301      685F2000 
 1302 1fb0 03       		.byte	0x3
 1303 1fb1 03       		.uleb128 0x3
 1304 1fb2 0D       		.uleb128 0xd
 1305 1fb3 04       		.byte	0x4
 1306              		.file 20 "E:/NeuOrga/Programmieren/c_cpp/github_os/input/src/os_base/../os_sim/../os_base/os_task_
 1307 1fb4 03       		.byte	0x3
 1308 1fb5 04       		.uleb128 0x4
 1309 1fb6 14       		.uleb128 0x14
 1310 1fb7 01       		.byte	0x1
 1311 1fb8 02       		.uleb128 0x2
 1312 1fb9 5F6F735F 		.ascii "_os_task_config_h_ \0"
 1312      7461736B 
 1312      5F636F6E 
 1312      6669675F 
 1312      685F2000 
 1313 1fcd 01       		.byte	0x1
GAS LISTING C:\Users\PRESID~1\AppData\Local\Temp\cc6uQJ1m.s 			page 45


 1314 1fce 05       		.uleb128 0x5
 1315 1fcf 53636865 		.ascii "SchedulerFrequency (1.0e3)\0"
 1315      64756C65 
 1315      72467265 
 1315      7175656E 
 1315      63792028 
 1316 1fea 01       		.byte	0x1
 1317 1feb 06       		.uleb128 0x6
 1318 1fec 4D696E54 		.ascii "MinTimeSlice_s (1.0/SchedulerFrequency)\0"
 1318      696D6553 
 1318      6C696365 
 1318      5F732028 
 1318      312E302F 
 1319 2014 01       		.byte	0x1
 1320 2015 07       		.uleb128 0x7
 1321 2016 4D696E54 		.ascii "MinTimeSlice_us ((1.0/SchedulerFrequency)*1e6)\0"
 1321      696D6553 
 1321      6C696365 
 1321      5F757320 
 1321      2828312E 
 1322 2045 01       		.byte	0x1
 1323 2046 08       		.uleb128 0x8
 1324 2047 5461736B 		.ascii "Task_min_time (1e0)\0"
 1324      5F6D696E 
 1324      5F74696D 
 1324      65202831 
 1324      65302900 
 1325 205b 01       		.byte	0x1
 1326 205c 09       		.uleb128 0x9
 1327 205d 4E554D42 		.ascii "NUMBER_OF_TASKS 5\0"
 1327      45525F4F 
 1327      465F5441 
 1327      534B5320 
 1327      3500
 1328 206f 01       		.byte	0x1
 1329 2070 0A       		.uleb128 0xa
 1330 2071 4D41585F 		.ascii "MAX_RUN_QUEUE_SIZE (NUMBER_OF_TASKS)\0"
 1330      52554E5F 
 1330      51554555 
 1330      455F5349 
 1330      5A452028 
 1331 2096 01       		.byte	0x1
 1332 2097 0B       		.uleb128 0xb
 1333 2098 4D41585F 		.ascii "MAX_RUN_PQUEUE_SIZE MAX_RUN_QUEUE_SIZE\0"
 1333      52554E5F 
 1333      50515545 
 1333      55455F53 
 1333      495A4520 
 1334 20bf 01       		.byte	0x1
 1335 20c0 0D       		.uleb128 0xd
 1336 20c1 5441534B 		.ascii "TASK_STACK_SIZE 200\0"
 1336      5F535441 
 1336      434B5F53 
 1336      495A4520 
 1336      32303000 
 1337 20d5 01       		.byte	0x1
 1338 20d6 10       		.uleb128 0x10
GAS LISTING C:\Users\PRESID~1\AppData\Local\Temp\cc6uQJ1m.s 			page 46


 1339 20d7 4D535F50 		.ascii "MS_PER_SEC (1000)\0"
 1339      45525F53 
 1339      45432028 
 1339      31303030 
 1339      2900
 1340 20e9 01       		.byte	0x1
 1341 20ea 11       		.uleb128 0x11
 1342 20eb 5553455F 		.ascii "USE_STATIC_CREATED_TASKS True\0"
 1342      53544154 
 1342      49435F43 
 1342      52454154 
 1342      45445F54 
 1343 2109 04       		.byte	0x4
 1344              		.file 21 "E:/NeuOrga/Programmieren/c_cpp/github_os/input/src/os_base/../os_sim/../os_base/os_init_
 1345 210a 03       		.byte	0x3
 1346 210b 05       		.uleb128 0x5
 1347 210c 15       		.uleb128 0x15
 1348 210d 01       		.byte	0x1
 1349 210e 02       		.uleb128 0x2
 1350 210f 5F6F735F 		.ascii "_os_init_task_system_h_ \0"
 1350      696E6974 
 1350      5F746173 
 1350      6B5F7379 
 1350      7374656D 
 1351 2128 04       		.byte	0x4
 1352 2129 01       		.byte	0x1
 1353 212a 5D       		.uleb128 0x5d
 1354 212b 6F735F53 		.ascii "os_SaveTaskPtr(task_ptr,task_name) (TASK_PTR[(task_name)] = (task_ptr))\0"
 1354      61766554 
 1354      61736B50 
 1354      74722874 
 1354      61736B5F 
 1355 2173 01       		.byte	0x1
 1356 2174 5E       		.uleb128 0x5e
 1357 2175 6F735F47 		.ascii "os_GetTaskPtr(task_name) ((task_t*) TASK_PTR[(task_name)])\0"
 1357      65745461 
 1357      736B5074 
 1357      72287461 
 1357      736B5F6E 
 1358 21b0 04       		.byte	0x4
 1359 21b1 04       		.byte	0x4
 1360              		.file 22 "E:/NeuOrga/Programmieren/c_cpp/github_os/input/src/os_base/../os_user_code/led.h"
 1361 21b2 03       		.byte	0x3
 1362 21b3 0E       		.uleb128 0xe
 1363 21b4 16       		.uleb128 0x16
 1364 21b5 01       		.byte	0x1
 1365 21b6 02       		.uleb128 0x2
 1366 21b7 5F4C4544 		.ascii "_LED_H_ \0"
 1366      5F485F20 
 1366      00
 1367 21c0 04       		.byte	0x4
 1368 21c1 04       		.byte	0x4
 1369 21c2 03       		.byte	0x3
 1370 21c3 02       		.uleb128 0x2
 1371 21c4 02       		.uleb128 0x2
 1372 21c5 01       		.byte	0x1
 1373 21c6 02       		.uleb128 0x2
GAS LISTING C:\Users\PRESID~1\AppData\Local\Temp\cc6uQJ1m.s 			page 47


 1374 21c7 5F6F735F 		.ascii "_os_shutdown_h_ \0"
 1374      73687574 
 1374      646F776E 
 1374      5F685F20 
 1374      00
 1375 21d8 04       		.byte	0x4
 1376 21d9 04       		.byte	0x4
 1377 21da 00       		.byte	0
 1378              		.section	.debug_line,"dr"
 1379              	Ldebug_line0:
 1380 0000 F7020000 		.section	.debug_str,"dr"
 1380      0200D202 
 1380      00000101 
 1380      FB0E0D00 
 1380      01010101 
 1381              		.ident	"GCC: (GNU) 4.9.3"
GAS LISTING C:\Users\PRESID~1\AppData\Local\Temp\cc6uQJ1m.s 			page 48


DEFINED SYMBOLS
                            *ABS*:00000000 os_shutdown.c
C:\Users\PRESID~1\AppData\Local\Temp\cc6uQJ1m.s:6      .text:00000000 _OS_SHUTDOWN

UNDEFINED SYMBOLS
_LLF_DISABLE_INTERRUPTS_ALL_CORES
_LLF_MPU_DISABLE
_LLF_MCU_SWITCH_OFF_POWER
_LLF_MCU_RESET_POWER
_OS_DEINIT_HW
_OS_DEINIT_SW
_OS_DEINIT_MC
_OS_CALL_FUNC_POINTER
