GAS LISTING C:\Users\PRESID~1\AppData\Local\Temp\ccuROLbd.s 			page 1


   1              		.file	"os_shared_ram.c"
   2              		.text
   3              	Ltext0:
   4              		.comm	_RAM_BLOCK_C00_C00, 256, 5
   5              		.comm	_RAM_BLOCK_C00_C01, 256, 5
   6              		.comm	_RAM_BLOCK_C00_C02, 256, 5
   7              		.comm	_RAM_BLOCK_C00_C03, 256, 5
   8              		.comm	_RAM_BLOCK_C01_C00, 256, 5
   9              		.comm	_RAM_BLOCK_C01_C01, 256, 5
  10              		.comm	_RAM_BLOCK_C01_C02, 256, 5
  11              		.comm	_RAM_BLOCK_C01_C03, 256, 5
  12              		.comm	_RAM_BLOCK_C02_C00, 256, 5
  13              		.comm	_RAM_BLOCK_C02_C01, 256, 5
  14              		.comm	_RAM_BLOCK_C02_C02, 256, 5
  15              		.comm	_RAM_BLOCK_C02_C03, 256, 5
  16              		.comm	_RAM_BLOCK_C03_C00, 256, 5
  17              		.comm	_RAM_BLOCK_C03_C01, 256, 5
  18              		.comm	_RAM_BLOCK_C03_C02, 256, 5
  19              		.comm	_RAM_BLOCK_C03_C03, 256, 5
  20              	Letext0:
  21              		.file 1 "E:/NeuOrga/Programmieren/c_cpp/github_os/input/src/os_base/os_shared_ram.c"
  22              		.file 2 "E:/NeuOrga/Programmieren/c_cpp/github_os/input/src/os_base/../os_base/os_base_types.h"
  23              		.section	.debug_info,"dr"
  24              	Ldebug_info0:
  25 0000 F5020000 		.long	0x2f5
  26 0004 0400     		.word	0x4
  27 0006 00000000 		.secrel32	Ldebug_abbrev0
  28 000a 04       		.byte	0x4
  29 000b 01       		.uleb128 0x1
  30 000c 474E5520 		.ascii "GNU C 4.9.3 -march=i386 -g3 -O0 -std=c90\0"
  30      4320342E 
  30      392E3320 
  30      2D6D6172 
  30      63683D69 
  31 0035 01       		.byte	0x1
  32 0036 453A5C4E 		.ascii "E:\\NeuOrga\\Programmieren\\c_cpp\\github_os\\input\\src\\os_base\\os_shared_ram.c\0"
  32      65754F72 
  32      67615C50 
  32      726F6772 
  32      616D6D69 
  33 0081 00000000 		.secrel32	Ldebug_line0
  34 0085 00000000 		.secrel32	Ldebug_macro0
  35 0089 02       		.uleb128 0x2
  36 008a 756E7369 		.ascii "unsigned_char_t\0"
  36      676E6564 
  36      5F636861 
  36      725F7400 
  37 009a 02       		.byte	0x2
  38 009b 1D       		.byte	0x1d
  39 009c A0000000 		.long	0xa0
  40 00a0 03       		.uleb128 0x3
  41 00a1 01       		.byte	0x1
  42 00a2 08       		.byte	0x8
  43 00a3 756E7369 		.ascii "unsigned char\0"
  43      676E6564 
  43      20636861 
  43      7200
GAS LISTING C:\Users\PRESID~1\AppData\Local\Temp\ccuROLbd.s 			page 2


  44 00b1 03       		.uleb128 0x3
  45 00b2 02       		.byte	0x2
  46 00b3 07       		.byte	0x7
  47 00b4 73686F72 		.ascii "short unsigned int\0"
  47      7420756E 
  47      7369676E 
  47      65642069 
  47      6E7400
  48 00c7 03       		.uleb128 0x3
  49 00c8 04       		.byte	0x4
  50 00c9 07       		.byte	0x7
  51 00ca 6C6F6E67 		.ascii "long unsigned int\0"
  51      20756E73 
  51      69676E65 
  51      6420696E 
  51      7400
  52 00dc 03       		.uleb128 0x3
  53 00dd 04       		.byte	0x4
  54 00de 07       		.byte	0x7
  55 00df 756E7369 		.ascii "unsigned int\0"
  55      676E6564 
  55      20696E74 
  55      00
  56 00ec 04       		.uleb128 0x4
  57 00ed 89000000 		.long	0x89
  58 00f1 FC000000 		.long	0xfc
  59 00f5 05       		.uleb128 0x5
  60 00f6 FC000000 		.long	0xfc
  61 00fa FF       		.byte	0xff
  62 00fb 00       		.byte	0
  63 00fc 03       		.uleb128 0x3
  64 00fd 04       		.byte	0x4
  65 00fe 07       		.byte	0x7
  66 00ff 73697A65 		.ascii "sizetype\0"
  66      74797065 
  66      00
  67 0108 06       		.uleb128 0x6
  68 0109 52414D5F 		.ascii "RAM_BLOCK_C00_C00\0"
  68      424C4F43 
  68      4B5F4330 
  68      305F4330 
  68      3000
  69 011b 01       		.byte	0x1
  70 011c 15       		.byte	0x15
  71 011d EC000000 		.long	0xec
  72 0121 05       		.uleb128 0x5
  73 0122 03       		.byte	0x3
  74 0123 00000000 		.long	_RAM_BLOCK_C00_C00
  75 0127 06       		.uleb128 0x6
  76 0128 52414D5F 		.ascii "RAM_BLOCK_C00_C01\0"
  76      424C4F43 
  76      4B5F4330 
  76      305F4330 
  76      3100
  77 013a 01       		.byte	0x1
  78 013b 16       		.byte	0x16
  79 013c EC000000 		.long	0xec
GAS LISTING C:\Users\PRESID~1\AppData\Local\Temp\ccuROLbd.s 			page 3


  80 0140 05       		.uleb128 0x5
  81 0141 03       		.byte	0x3
  82 0142 00000000 		.long	_RAM_BLOCK_C00_C01
  83 0146 06       		.uleb128 0x6
  84 0147 52414D5F 		.ascii "RAM_BLOCK_C00_C02\0"
  84      424C4F43 
  84      4B5F4330 
  84      305F4330 
  84      3200
  85 0159 01       		.byte	0x1
  86 015a 17       		.byte	0x17
  87 015b EC000000 		.long	0xec
  88 015f 05       		.uleb128 0x5
  89 0160 03       		.byte	0x3
  90 0161 00000000 		.long	_RAM_BLOCK_C00_C02
  91 0165 06       		.uleb128 0x6
  92 0166 52414D5F 		.ascii "RAM_BLOCK_C00_C03\0"
  92      424C4F43 
  92      4B5F4330 
  92      305F4330 
  92      3300
  93 0178 01       		.byte	0x1
  94 0179 18       		.byte	0x18
  95 017a EC000000 		.long	0xec
  96 017e 05       		.uleb128 0x5
  97 017f 03       		.byte	0x3
  98 0180 00000000 		.long	_RAM_BLOCK_C00_C03
  99 0184 06       		.uleb128 0x6
 100 0185 52414D5F 		.ascii "RAM_BLOCK_C01_C00\0"
 100      424C4F43 
 100      4B5F4330 
 100      315F4330 
 100      3000
 101 0197 01       		.byte	0x1
 102 0198 1A       		.byte	0x1a
 103 0199 EC000000 		.long	0xec
 104 019d 05       		.uleb128 0x5
 105 019e 03       		.byte	0x3
 106 019f 00000000 		.long	_RAM_BLOCK_C01_C00
 107 01a3 06       		.uleb128 0x6
 108 01a4 52414D5F 		.ascii "RAM_BLOCK_C01_C01\0"
 108      424C4F43 
 108      4B5F4330 
 108      315F4330 
 108      3100
 109 01b6 01       		.byte	0x1
 110 01b7 1B       		.byte	0x1b
 111 01b8 EC000000 		.long	0xec
 112 01bc 05       		.uleb128 0x5
 113 01bd 03       		.byte	0x3
 114 01be 00000000 		.long	_RAM_BLOCK_C01_C01
 115 01c2 06       		.uleb128 0x6
 116 01c3 52414D5F 		.ascii "RAM_BLOCK_C01_C02\0"
 116      424C4F43 
 116      4B5F4330 
 116      315F4330 
 116      3200
GAS LISTING C:\Users\PRESID~1\AppData\Local\Temp\ccuROLbd.s 			page 4


 117 01d5 01       		.byte	0x1
 118 01d6 1C       		.byte	0x1c
 119 01d7 EC000000 		.long	0xec
 120 01db 05       		.uleb128 0x5
 121 01dc 03       		.byte	0x3
 122 01dd 00000000 		.long	_RAM_BLOCK_C01_C02
 123 01e1 06       		.uleb128 0x6
 124 01e2 52414D5F 		.ascii "RAM_BLOCK_C01_C03\0"
 124      424C4F43 
 124      4B5F4330 
 124      315F4330 
 124      3300
 125 01f4 01       		.byte	0x1
 126 01f5 1D       		.byte	0x1d
 127 01f6 EC000000 		.long	0xec
 128 01fa 05       		.uleb128 0x5
 129 01fb 03       		.byte	0x3
 130 01fc 00000000 		.long	_RAM_BLOCK_C01_C03
 131 0200 06       		.uleb128 0x6
 132 0201 52414D5F 		.ascii "RAM_BLOCK_C02_C00\0"
 132      424C4F43 
 132      4B5F4330 
 132      325F4330 
 132      3000
 133 0213 01       		.byte	0x1
 134 0214 1F       		.byte	0x1f
 135 0215 EC000000 		.long	0xec
 136 0219 05       		.uleb128 0x5
 137 021a 03       		.byte	0x3
 138 021b 00000000 		.long	_RAM_BLOCK_C02_C00
 139 021f 06       		.uleb128 0x6
 140 0220 52414D5F 		.ascii "RAM_BLOCK_C02_C01\0"
 140      424C4F43 
 140      4B5F4330 
 140      325F4330 
 140      3100
 141 0232 01       		.byte	0x1
 142 0233 20       		.byte	0x20
 143 0234 EC000000 		.long	0xec
 144 0238 05       		.uleb128 0x5
 145 0239 03       		.byte	0x3
 146 023a 00000000 		.long	_RAM_BLOCK_C02_C01
 147 023e 06       		.uleb128 0x6
 148 023f 52414D5F 		.ascii "RAM_BLOCK_C02_C02\0"
 148      424C4F43 
 148      4B5F4330 
 148      325F4330 
 148      3200
 149 0251 01       		.byte	0x1
 150 0252 21       		.byte	0x21
 151 0253 EC000000 		.long	0xec
 152 0257 05       		.uleb128 0x5
 153 0258 03       		.byte	0x3
 154 0259 00000000 		.long	_RAM_BLOCK_C02_C02
 155 025d 06       		.uleb128 0x6
 156 025e 52414D5F 		.ascii "RAM_BLOCK_C02_C03\0"
 156      424C4F43 
GAS LISTING C:\Users\PRESID~1\AppData\Local\Temp\ccuROLbd.s 			page 5


 156      4B5F4330 
 156      325F4330 
 156      3300
 157 0270 01       		.byte	0x1
 158 0271 22       		.byte	0x22
 159 0272 EC000000 		.long	0xec
 160 0276 05       		.uleb128 0x5
 161 0277 03       		.byte	0x3
 162 0278 00000000 		.long	_RAM_BLOCK_C02_C03
 163 027c 06       		.uleb128 0x6
 164 027d 52414D5F 		.ascii "RAM_BLOCK_C03_C00\0"
 164      424C4F43 
 164      4B5F4330 
 164      335F4330 
 164      3000
 165 028f 01       		.byte	0x1
 166 0290 24       		.byte	0x24
 167 0291 EC000000 		.long	0xec
 168 0295 05       		.uleb128 0x5
 169 0296 03       		.byte	0x3
 170 0297 00000000 		.long	_RAM_BLOCK_C03_C00
 171 029b 06       		.uleb128 0x6
 172 029c 52414D5F 		.ascii "RAM_BLOCK_C03_C01\0"
 172      424C4F43 
 172      4B5F4330 
 172      335F4330 
 172      3100
 173 02ae 01       		.byte	0x1
 174 02af 25       		.byte	0x25
 175 02b0 EC000000 		.long	0xec
 176 02b4 05       		.uleb128 0x5
 177 02b5 03       		.byte	0x3
 178 02b6 00000000 		.long	_RAM_BLOCK_C03_C01
 179 02ba 06       		.uleb128 0x6
 180 02bb 52414D5F 		.ascii "RAM_BLOCK_C03_C02\0"
 180      424C4F43 
 180      4B5F4330 
 180      335F4330 
 180      3200
 181 02cd 01       		.byte	0x1
 182 02ce 26       		.byte	0x26
 183 02cf EC000000 		.long	0xec
 184 02d3 05       		.uleb128 0x5
 185 02d4 03       		.byte	0x3
 186 02d5 00000000 		.long	_RAM_BLOCK_C03_C02
 187 02d9 06       		.uleb128 0x6
 188 02da 52414D5F 		.ascii "RAM_BLOCK_C03_C03\0"
 188      424C4F43 
 188      4B5F4330 
 188      335F4330 
 188      3300
 189 02ec 01       		.byte	0x1
 190 02ed 27       		.byte	0x27
 191 02ee EC000000 		.long	0xec
 192 02f2 05       		.uleb128 0x5
 193 02f3 03       		.byte	0x3
 194 02f4 00000000 		.long	_RAM_BLOCK_C03_C03
GAS LISTING C:\Users\PRESID~1\AppData\Local\Temp\ccuROLbd.s 			page 6


 195 02f8 00       		.byte	0
 196              		.section	.debug_abbrev,"dr"
 197              	Ldebug_abbrev0:
 198 0000 01       		.uleb128 0x1
 199 0001 11       		.uleb128 0x11
 200 0002 01       		.byte	0x1
 201 0003 25       		.uleb128 0x25
 202 0004 08       		.uleb128 0x8
 203 0005 13       		.uleb128 0x13
 204 0006 0B       		.uleb128 0xb
 205 0007 03       		.uleb128 0x3
 206 0008 08       		.uleb128 0x8
 207 0009 10       		.uleb128 0x10
 208 000a 17       		.uleb128 0x17
 209 000b 9942     		.uleb128 0x2119
 210 000d 17       		.uleb128 0x17
 211 000e 00       		.byte	0
 212 000f 00       		.byte	0
 213 0010 02       		.uleb128 0x2
 214 0011 16       		.uleb128 0x16
 215 0012 00       		.byte	0
 216 0013 03       		.uleb128 0x3
 217 0014 08       		.uleb128 0x8
 218 0015 3A       		.uleb128 0x3a
 219 0016 0B       		.uleb128 0xb
 220 0017 3B       		.uleb128 0x3b
 221 0018 0B       		.uleb128 0xb
 222 0019 49       		.uleb128 0x49
 223 001a 13       		.uleb128 0x13
 224 001b 00       		.byte	0
 225 001c 00       		.byte	0
 226 001d 03       		.uleb128 0x3
 227 001e 24       		.uleb128 0x24
 228 001f 00       		.byte	0
 229 0020 0B       		.uleb128 0xb
 230 0021 0B       		.uleb128 0xb
 231 0022 3E       		.uleb128 0x3e
 232 0023 0B       		.uleb128 0xb
 233 0024 03       		.uleb128 0x3
 234 0025 08       		.uleb128 0x8
 235 0026 00       		.byte	0
 236 0027 00       		.byte	0
 237 0028 04       		.uleb128 0x4
 238 0029 01       		.uleb128 0x1
 239 002a 01       		.byte	0x1
 240 002b 49       		.uleb128 0x49
 241 002c 13       		.uleb128 0x13
 242 002d 01       		.uleb128 0x1
 243 002e 13       		.uleb128 0x13
 244 002f 00       		.byte	0
 245 0030 00       		.byte	0
 246 0031 05       		.uleb128 0x5
 247 0032 21       		.uleb128 0x21
 248 0033 00       		.byte	0
 249 0034 49       		.uleb128 0x49
 250 0035 13       		.uleb128 0x13
 251 0036 2F       		.uleb128 0x2f
GAS LISTING C:\Users\PRESID~1\AppData\Local\Temp\ccuROLbd.s 			page 7


 252 0037 0B       		.uleb128 0xb
 253 0038 00       		.byte	0
 254 0039 00       		.byte	0
 255 003a 06       		.uleb128 0x6
 256 003b 34       		.uleb128 0x34
 257 003c 00       		.byte	0
 258 003d 03       		.uleb128 0x3
 259 003e 08       		.uleb128 0x8
 260 003f 3A       		.uleb128 0x3a
 261 0040 0B       		.uleb128 0xb
 262 0041 3B       		.uleb128 0x3b
 263 0042 0B       		.uleb128 0xb
 264 0043 49       		.uleb128 0x49
 265 0044 13       		.uleb128 0x13
 266 0045 3F       		.uleb128 0x3f
 267 0046 19       		.uleb128 0x19
 268 0047 02       		.uleb128 0x2
 269 0048 18       		.uleb128 0x18
 270 0049 00       		.byte	0
 271 004a 00       		.byte	0
 272 004b 00       		.byte	0
 273              		.section	.debug_aranges,"dr"
 274 0000 14000000 		.long	0x14
 275 0004 0200     		.word	0x2
 276 0006 00000000 		.secrel32	Ldebug_info0
 277 000a 04       		.byte	0x4
 278 000b 00       		.byte	0
 279 000c 0000     		.word	0
 280 000e 0000     		.word	0
 281 0010 00000000 		.long	0
 282 0014 00000000 		.long	0
 283              		.section	.debug_macro,"dr"
 284              	Ldebug_macro0:
 285 0000 0400     		.word	0x4
 286 0002 02       		.byte	0x2
 287 0003 00000000 		.secrel32	Ldebug_line0
 288 0007 01       		.byte	0x1
 289 0008 00       		.uleb128 0
 290 0009 5F5F5354 		.ascii "__STDC__ 1\0"
 290      44435F5F 
 290      203100
 291 0014 01       		.byte	0x1
 292 0015 00       		.uleb128 0
 293 0016 5F5F5354 		.ascii "__STDC_HOSTED__ 1\0"
 293      44435F48 
 293      4F535445 
 293      445F5F20 
 293      3100
 294 0028 01       		.byte	0x1
 295 0029 00       		.uleb128 0
 296 002a 5F5F474E 		.ascii "__GNUC__ 4\0"
 296      55435F5F 
 296      203400
 297 0035 01       		.byte	0x1
 298 0036 00       		.uleb128 0
 299 0037 5F5F474E 		.ascii "__GNUC_MINOR__ 9\0"
 299      55435F4D 
GAS LISTING C:\Users\PRESID~1\AppData\Local\Temp\ccuROLbd.s 			page 8


 299      494E4F52 
 299      5F5F2039 
 299      00
 300 0048 01       		.byte	0x1
 301 0049 00       		.uleb128 0
 302 004a 5F5F474E 		.ascii "__GNUC_PATCHLEVEL__ 3\0"
 302      55435F50 
 302      41544348 
 302      4C455645 
 302      4C5F5F20 
 303 0060 01       		.byte	0x1
 304 0061 00       		.uleb128 0
 305 0062 5F5F5645 		.ascii "__VERSION__ \"4.9.3\"\0"
 305      5253494F 
 305      4E5F5F20 
 305      22342E39 
 305      2E332200 
 306 0076 01       		.byte	0x1
 307 0077 00       		.uleb128 0
 308 0078 5F5F4154 		.ascii "__ATOMIC_RELAXED 0\0"
 308      4F4D4943 
 308      5F52454C 
 308      41584544 
 308      203000
 309 008b 01       		.byte	0x1
 310 008c 00       		.uleb128 0
 311 008d 5F5F4154 		.ascii "__ATOMIC_SEQ_CST 5\0"
 311      4F4D4943 
 311      5F534551 
 311      5F435354 
 311      203500
 312 00a0 01       		.byte	0x1
 313 00a1 00       		.uleb128 0
 314 00a2 5F5F4154 		.ascii "__ATOMIC_ACQUIRE 2\0"
 314      4F4D4943 
 314      5F414351 
 314      55495245 
 314      203200
 315 00b5 01       		.byte	0x1
 316 00b6 00       		.uleb128 0
 317 00b7 5F5F4154 		.ascii "__ATOMIC_RELEASE 3\0"
 317      4F4D4943 
 317      5F52454C 
 317      45415345 
 317      203300
 318 00ca 01       		.byte	0x1
 319 00cb 00       		.uleb128 0
 320 00cc 5F5F4154 		.ascii "__ATOMIC_ACQ_REL 4\0"
 320      4F4D4943 
 320      5F414351 
 320      5F52454C 
 320      203400
 321 00df 01       		.byte	0x1
 322 00e0 00       		.uleb128 0
 323 00e1 5F5F4154 		.ascii "__ATOMIC_CONSUME 1\0"
 323      4F4D4943 
 323      5F434F4E 
GAS LISTING C:\Users\PRESID~1\AppData\Local\Temp\ccuROLbd.s 			page 9


 323      53554D45 
 323      203100
 324 00f4 01       		.byte	0x1
 325 00f5 00       		.uleb128 0
 326 00f6 5F5F4649 		.ascii "__FINITE_MATH_ONLY__ 0\0"
 326      4E495445 
 326      5F4D4154 
 326      485F4F4E 
 326      4C595F5F 
 327 010d 01       		.byte	0x1
 328 010e 00       		.uleb128 0
 329 010f 5F5F5349 		.ascii "__SIZEOF_INT__ 4\0"
 329      5A454F46 
 329      5F494E54 
 329      5F5F2034 
 329      00
 330 0120 01       		.byte	0x1
 331 0121 00       		.uleb128 0
 332 0122 5F5F5349 		.ascii "__SIZEOF_LONG__ 4\0"
 332      5A454F46 
 332      5F4C4F4E 
 332      475F5F20 
 332      3400
 333 0134 01       		.byte	0x1
 334 0135 00       		.uleb128 0
 335 0136 5F5F5349 		.ascii "__SIZEOF_LONG_LONG__ 8\0"
 335      5A454F46 
 335      5F4C4F4E 
 335      475F4C4F 
 335      4E475F5F 
 336 014d 01       		.byte	0x1
 337 014e 00       		.uleb128 0
 338 014f 5F5F5349 		.ascii "__SIZEOF_SHORT__ 2\0"
 338      5A454F46 
 338      5F53484F 
 338      52545F5F 
 338      203200
 339 0162 01       		.byte	0x1
 340 0163 00       		.uleb128 0
 341 0164 5F5F5349 		.ascii "__SIZEOF_FLOAT__ 4\0"
 341      5A454F46 
 341      5F464C4F 
 341      41545F5F 
 341      203400
 342 0177 01       		.byte	0x1
 343 0178 00       		.uleb128 0
 344 0179 5F5F5349 		.ascii "__SIZEOF_DOUBLE__ 8\0"
 344      5A454F46 
 344      5F444F55 
 344      424C455F 
 344      5F203800 
 345 018d 01       		.byte	0x1
 346 018e 00       		.uleb128 0
 347 018f 5F5F5349 		.ascii "__SIZEOF_LONG_DOUBLE__ 12\0"
 347      5A454F46 
 347      5F4C4F4E 
 347      475F444F 
GAS LISTING C:\Users\PRESID~1\AppData\Local\Temp\ccuROLbd.s 			page 10


 347      55424C45 
 348 01a9 01       		.byte	0x1
 349 01aa 00       		.uleb128 0
 350 01ab 5F5F5349 		.ascii "__SIZEOF_SIZE_T__ 4\0"
 350      5A454F46 
 350      5F53495A 
 350      455F545F 
 350      5F203400 
 351 01bf 01       		.byte	0x1
 352 01c0 00       		.uleb128 0
 353 01c1 5F5F4348 		.ascii "__CHAR_BIT__ 8\0"
 353      41525F42 
 353      49545F5F 
 353      203800
 354 01d0 01       		.byte	0x1
 355 01d1 00       		.uleb128 0
 356 01d2 5F5F4249 		.ascii "__BIGGEST_ALIGNMENT__ 16\0"
 356      47474553 
 356      545F414C 
 356      49474E4D 
 356      454E545F 
 357 01eb 01       		.byte	0x1
 358 01ec 00       		.uleb128 0
 359 01ed 5F5F4F52 		.ascii "__ORDER_LITTLE_ENDIAN__ 1234\0"
 359      4445525F 
 359      4C495454 
 359      4C455F45 
 359      4E444941 
 360 020a 01       		.byte	0x1
 361 020b 00       		.uleb128 0
 362 020c 5F5F4F52 		.ascii "__ORDER_BIG_ENDIAN__ 4321\0"
 362      4445525F 
 362      4249475F 
 362      454E4449 
 362      414E5F5F 
 363 0226 01       		.byte	0x1
 364 0227 00       		.uleb128 0
 365 0228 5F5F4F52 		.ascii "__ORDER_PDP_ENDIAN__ 3412\0"
 365      4445525F 
 365      5044505F 
 365      454E4449 
 365      414E5F5F 
 366 0242 01       		.byte	0x1
 367 0243 00       		.uleb128 0
 368 0244 5F5F4259 		.ascii "__BYTE_ORDER__ __ORDER_LITTLE_ENDIAN__\0"
 368      54455F4F 
 368      52444552 
 368      5F5F205F 
 368      5F4F5244 
 369 026b 01       		.byte	0x1
 370 026c 00       		.uleb128 0
 371 026d 5F5F464C 		.ascii "__FLOAT_WORD_ORDER__ __ORDER_LITTLE_ENDIAN__\0"
 371      4F41545F 
 371      574F5244 
 371      5F4F5244 
 371      45525F5F 
 372 029a 01       		.byte	0x1
GAS LISTING C:\Users\PRESID~1\AppData\Local\Temp\ccuROLbd.s 			page 11


 373 029b 00       		.uleb128 0
 374 029c 5F5F5349 		.ascii "__SIZEOF_POINTER__ 4\0"
 374      5A454F46 
 374      5F504F49 
 374      4E544552 
 374      5F5F2034 
 375 02b1 01       		.byte	0x1
 376 02b2 00       		.uleb128 0
 377 02b3 5F5F5349 		.ascii "__SIZE_TYPE__ unsigned int\0"
 377      5A455F54 
 377      5950455F 
 377      5F20756E 
 377      7369676E 
 378 02ce 01       		.byte	0x1
 379 02cf 00       		.uleb128 0
 380 02d0 5F5F5054 		.ascii "__PTRDIFF_TYPE__ int\0"
 380      52444946 
 380      465F5459 
 380      50455F5F 
 380      20696E74 
 381 02e5 01       		.byte	0x1
 382 02e6 00       		.uleb128 0
 383 02e7 5F5F5743 		.ascii "__WCHAR_TYPE__ short unsigned int\0"
 383      4841525F 
 383      54595045 
 383      5F5F2073 
 383      686F7274 
 384 0309 01       		.byte	0x1
 385 030a 00       		.uleb128 0
 386 030b 5F5F5749 		.ascii "__WINT_TYPE__ short unsigned int\0"
 386      4E545F54 
 386      5950455F 
 386      5F207368 
 386      6F727420 
 387 032c 01       		.byte	0x1
 388 032d 00       		.uleb128 0
 389 032e 5F5F494E 		.ascii "__INTMAX_TYPE__ long long int\0"
 389      544D4158 
 389      5F545950 
 389      455F5F20 
 389      6C6F6E67 
 390 034c 01       		.byte	0x1
 391 034d 00       		.uleb128 0
 392 034e 5F5F5549 		.ascii "__UINTMAX_TYPE__ long long unsigned int\0"
 392      4E544D41 
 392      585F5459 
 392      50455F5F 
 392      206C6F6E 
 393 0376 01       		.byte	0x1
 394 0377 00       		.uleb128 0
 395 0378 5F5F4348 		.ascii "__CHAR16_TYPE__ short unsigned int\0"
 395      41523136 
 395      5F545950 
 395      455F5F20 
 395      73686F72 
 396 039b 01       		.byte	0x1
 397 039c 00       		.uleb128 0
GAS LISTING C:\Users\PRESID~1\AppData\Local\Temp\ccuROLbd.s 			page 12


 398 039d 5F5F4348 		.ascii "__CHAR32_TYPE__ unsigned int\0"
 398      41523332 
 398      5F545950 
 398      455F5F20 
 398      756E7369 
 399 03ba 01       		.byte	0x1
 400 03bb 00       		.uleb128 0
 401 03bc 5F5F5349 		.ascii "__SIG_ATOMIC_TYPE__ int\0"
 401      475F4154 
 401      4F4D4943 
 401      5F545950 
 401      455F5F20 
 402 03d4 01       		.byte	0x1
 403 03d5 00       		.uleb128 0
 404 03d6 5F5F494E 		.ascii "__INT8_TYPE__ signed char\0"
 404      54385F54 
 404      5950455F 
 404      5F207369 
 404      676E6564 
 405 03f0 01       		.byte	0x1
 406 03f1 00       		.uleb128 0
 407 03f2 5F5F494E 		.ascii "__INT16_TYPE__ short int\0"
 407      5431365F 
 407      54595045 
 407      5F5F2073 
 407      686F7274 
 408 040b 01       		.byte	0x1
 409 040c 00       		.uleb128 0
 410 040d 5F5F494E 		.ascii "__INT32_TYPE__ int\0"
 410      5433325F 
 410      54595045 
 410      5F5F2069 
 410      6E7400
 411 0420 01       		.byte	0x1
 412 0421 00       		.uleb128 0
 413 0422 5F5F494E 		.ascii "__INT64_TYPE__ long long int\0"
 413      5436345F 
 413      54595045 
 413      5F5F206C 
 413      6F6E6720 
 414 043f 01       		.byte	0x1
 415 0440 00       		.uleb128 0
 416 0441 5F5F5549 		.ascii "__UINT8_TYPE__ unsigned char\0"
 416      4E54385F 
 416      54595045 
 416      5F5F2075 
 416      6E736967 
 417 045e 01       		.byte	0x1
 418 045f 00       		.uleb128 0
 419 0460 5F5F5549 		.ascii "__UINT16_TYPE__ short unsigned int\0"
 419      4E543136 
 419      5F545950 
 419      455F5F20 
 419      73686F72 
 420 0483 01       		.byte	0x1
 421 0484 00       		.uleb128 0
 422 0485 5F5F5549 		.ascii "__UINT32_TYPE__ unsigned int\0"
GAS LISTING C:\Users\PRESID~1\AppData\Local\Temp\ccuROLbd.s 			page 13


 422      4E543332 
 422      5F545950 
 422      455F5F20 
 422      756E7369 
 423 04a2 01       		.byte	0x1
 424 04a3 00       		.uleb128 0
 425 04a4 5F5F5549 		.ascii "__UINT64_TYPE__ long long unsigned int\0"
 425      4E543634 
 425      5F545950 
 425      455F5F20 
 425      6C6F6E67 
 426 04cb 01       		.byte	0x1
 427 04cc 00       		.uleb128 0
 428 04cd 5F5F494E 		.ascii "__INT_LEAST8_TYPE__ signed char\0"
 428      545F4C45 
 428      41535438 
 428      5F545950 
 428      455F5F20 
 429 04ed 01       		.byte	0x1
 430 04ee 00       		.uleb128 0
 431 04ef 5F5F494E 		.ascii "__INT_LEAST16_TYPE__ short int\0"
 431      545F4C45 
 431      41535431 
 431      365F5459 
 431      50455F5F 
 432 050e 01       		.byte	0x1
 433 050f 00       		.uleb128 0
 434 0510 5F5F494E 		.ascii "__INT_LEAST32_TYPE__ int\0"
 434      545F4C45 
 434      41535433 
 434      325F5459 
 434      50455F5F 
 435 0529 01       		.byte	0x1
 436 052a 00       		.uleb128 0
 437 052b 5F5F494E 		.ascii "__INT_LEAST64_TYPE__ long long int\0"
 437      545F4C45 
 437      41535436 
 437      345F5459 
 437      50455F5F 
 438 054e 01       		.byte	0x1
 439 054f 00       		.uleb128 0
 440 0550 5F5F5549 		.ascii "__UINT_LEAST8_TYPE__ unsigned char\0"
 440      4E545F4C 
 440      45415354 
 440      385F5459 
 440      50455F5F 
 441 0573 01       		.byte	0x1
 442 0574 00       		.uleb128 0
 443 0575 5F5F5549 		.ascii "__UINT_LEAST16_TYPE__ short unsigned int\0"
 443      4E545F4C 
 443      45415354 
 443      31365F54 
 443      5950455F 
 444 059e 01       		.byte	0x1
 445 059f 00       		.uleb128 0
 446 05a0 5F5F5549 		.ascii "__UINT_LEAST32_TYPE__ unsigned int\0"
 446      4E545F4C 
GAS LISTING C:\Users\PRESID~1\AppData\Local\Temp\ccuROLbd.s 			page 14


 446      45415354 
 446      33325F54 
 446      5950455F 
 447 05c3 01       		.byte	0x1
 448 05c4 00       		.uleb128 0
 449 05c5 5F5F5549 		.ascii "__UINT_LEAST64_TYPE__ long long unsigned int\0"
 449      4E545F4C 
 449      45415354 
 449      36345F54 
 449      5950455F 
 450 05f2 01       		.byte	0x1
 451 05f3 00       		.uleb128 0
 452 05f4 5F5F494E 		.ascii "__INT_FAST8_TYPE__ signed char\0"
 452      545F4641 
 452      5354385F 
 452      54595045 
 452      5F5F2073 
 453 0613 01       		.byte	0x1
 454 0614 00       		.uleb128 0
 455 0615 5F5F494E 		.ascii "__INT_FAST16_TYPE__ short int\0"
 455      545F4641 
 455      53543136 
 455      5F545950 
 455      455F5F20 
 456 0633 01       		.byte	0x1
 457 0634 00       		.uleb128 0
 458 0635 5F5F494E 		.ascii "__INT_FAST32_TYPE__ int\0"
 458      545F4641 
 458      53543332 
 458      5F545950 
 458      455F5F20 
 459 064d 01       		.byte	0x1
 460 064e 00       		.uleb128 0
 461 064f 5F5F494E 		.ascii "__INT_FAST64_TYPE__ long long int\0"
 461      545F4641 
 461      53543634 
 461      5F545950 
 461      455F5F20 
 462 0671 01       		.byte	0x1
 463 0672 00       		.uleb128 0
 464 0673 5F5F5549 		.ascii "__UINT_FAST8_TYPE__ unsigned char\0"
 464      4E545F46 
 464      41535438 
 464      5F545950 
 464      455F5F20 
 465 0695 01       		.byte	0x1
 466 0696 00       		.uleb128 0
 467 0697 5F5F5549 		.ascii "__UINT_FAST16_TYPE__ short unsigned int\0"
 467      4E545F46 
 467      41535431 
 467      365F5459 
 467      50455F5F 
 468 06bf 01       		.byte	0x1
 469 06c0 00       		.uleb128 0
 470 06c1 5F5F5549 		.ascii "__UINT_FAST32_TYPE__ unsigned int\0"
 470      4E545F46 
 470      41535433 
GAS LISTING C:\Users\PRESID~1\AppData\Local\Temp\ccuROLbd.s 			page 15


 470      325F5459 
 470      50455F5F 
 471 06e3 01       		.byte	0x1
 472 06e4 00       		.uleb128 0
 473 06e5 5F5F5549 		.ascii "__UINT_FAST64_TYPE__ long long unsigned int\0"
 473      4E545F46 
 473      41535436 
 473      345F5459 
 473      50455F5F 
 474 0711 01       		.byte	0x1
 475 0712 00       		.uleb128 0
 476 0713 5F5F494E 		.ascii "__INTPTR_TYPE__ int\0"
 476      54505452 
 476      5F545950 
 476      455F5F20 
 476      696E7400 
 477 0727 01       		.byte	0x1
 478 0728 00       		.uleb128 0
 479 0729 5F5F5549 		.ascii "__UINTPTR_TYPE__ unsigned int\0"
 479      4E545054 
 479      525F5459 
 479      50455F5F 
 479      20756E73 
 480 0747 01       		.byte	0x1
 481 0748 00       		.uleb128 0
 482 0749 5F5F6861 		.ascii "__has_include(STR) __has_include__(STR)\0"
 482      735F696E 
 482      636C7564 
 482      65285354 
 482      5229205F 
 483 0771 01       		.byte	0x1
 484 0772 00       		.uleb128 0
 485 0773 5F5F6861 		.ascii "__has_include_next(STR) __has_include_next__(STR)\0"
 485      735F696E 
 485      636C7564 
 485      655F6E65 
 485      78742853 
 486 07a5 01       		.byte	0x1
 487 07a6 00       		.uleb128 0
 488 07a7 5F5F4758 		.ascii "__GXX_ABI_VERSION 1002\0"
 488      585F4142 
 488      495F5645 
 488      5253494F 
 488      4E203130 
 489 07be 01       		.byte	0x1
 490 07bf 00       		.uleb128 0
 491 07c0 5F5F5343 		.ascii "__SCHAR_MAX__ 127\0"
 491      4841525F 
 491      4D41585F 
 491      5F203132 
 491      3700
 492 07d2 01       		.byte	0x1
 493 07d3 00       		.uleb128 0
 494 07d4 5F5F5348 		.ascii "__SHRT_MAX__ 32767\0"
 494      52545F4D 
 494      41585F5F 
 494      20333237 
GAS LISTING C:\Users\PRESID~1\AppData\Local\Temp\ccuROLbd.s 			page 16


 494      363700
 495 07e7 01       		.byte	0x1
 496 07e8 00       		.uleb128 0
 497 07e9 5F5F494E 		.ascii "__INT_MAX__ 2147483647\0"
 497      545F4D41 
 497      585F5F20 
 497      32313437 
 497      34383336 
 498 0800 01       		.byte	0x1
 499 0801 00       		.uleb128 0
 500 0802 5F5F4C4F 		.ascii "__LONG_MAX__ 2147483647L\0"
 500      4E475F4D 
 500      41585F5F 
 500      20323134 
 500      37343833 
 501 081b 01       		.byte	0x1
 502 081c 00       		.uleb128 0
 503 081d 5F5F4C4F 		.ascii "__LONG_LONG_MAX__ 9223372036854775807LL\0"
 503      4E475F4C 
 503      4F4E475F 
 503      4D41585F 
 503      5F203932 
 504 0845 01       		.byte	0x1
 505 0846 00       		.uleb128 0
 506 0847 5F5F5743 		.ascii "__WCHAR_MAX__ 65535\0"
 506      4841525F 
 506      4D41585F 
 506      5F203635 
 506      35333500 
 507 085b 01       		.byte	0x1
 508 085c 00       		.uleb128 0
 509 085d 5F5F5743 		.ascii "__WCHAR_MIN__ 0\0"
 509      4841525F 
 509      4D494E5F 
 509      5F203000 
 510 086d 01       		.byte	0x1
 511 086e 00       		.uleb128 0
 512 086f 5F5F5749 		.ascii "__WINT_MAX__ 65535\0"
 512      4E545F4D 
 512      41585F5F 
 512      20363535 
 512      333500
 513 0882 01       		.byte	0x1
 514 0883 00       		.uleb128 0
 515 0884 5F5F5749 		.ascii "__WINT_MIN__ 0\0"
 515      4E545F4D 
 515      494E5F5F 
 515      203000
 516 0893 01       		.byte	0x1
 517 0894 00       		.uleb128 0
 518 0895 5F5F5054 		.ascii "__PTRDIFF_MAX__ 2147483647\0"
 518      52444946 
 518      465F4D41 
 518      585F5F20 
 518      32313437 
 519 08b0 01       		.byte	0x1
 520 08b1 00       		.uleb128 0
GAS LISTING C:\Users\PRESID~1\AppData\Local\Temp\ccuROLbd.s 			page 17


 521 08b2 5F5F5349 		.ascii "__SIZE_MAX__ 4294967295U\0"
 521      5A455F4D 
 521      41585F5F 
 521      20343239 
 521      34393637 
 522 08cb 01       		.byte	0x1
 523 08cc 00       		.uleb128 0
 524 08cd 5F5F494E 		.ascii "__INTMAX_MAX__ 9223372036854775807LL\0"
 524      544D4158 
 524      5F4D4158 
 524      5F5F2039 
 524      32323333 
 525 08f2 01       		.byte	0x1
 526 08f3 00       		.uleb128 0
 527 08f4 5F5F494E 		.ascii "__INTMAX_C(c) c ## LL\0"
 527      544D4158 
 527      5F432863 
 527      29206320 
 527      2323204C 
 528 090a 01       		.byte	0x1
 529 090b 00       		.uleb128 0
 530 090c 5F5F5549 		.ascii "__UINTMAX_MAX__ 18446744073709551615ULL\0"
 530      4E544D41 
 530      585F4D41 
 530      585F5F20 
 530      31383434 
 531 0934 01       		.byte	0x1
 532 0935 00       		.uleb128 0
 533 0936 5F5F5549 		.ascii "__UINTMAX_C(c) c ## ULL\0"
 533      4E544D41 
 533      585F4328 
 533      63292063 
 533      20232320 
 534 094e 01       		.byte	0x1
 535 094f 00       		.uleb128 0
 536 0950 5F5F5349 		.ascii "__SIG_ATOMIC_MAX__ 2147483647\0"
 536      475F4154 
 536      4F4D4943 
 536      5F4D4158 
 536      5F5F2032 
 537 096e 01       		.byte	0x1
 538 096f 00       		.uleb128 0
 539 0970 5F5F5349 		.ascii "__SIG_ATOMIC_MIN__ (-__SIG_ATOMIC_MAX__ - 1)\0"
 539      475F4154 
 539      4F4D4943 
 539      5F4D494E 
 539      5F5F2028 
 540 099d 01       		.byte	0x1
 541 099e 00       		.uleb128 0
 542 099f 5F5F494E 		.ascii "__INT8_MAX__ 127\0"
 542      54385F4D 
 542      41585F5F 
 542      20313237 
 542      00
 543 09b0 01       		.byte	0x1
 544 09b1 00       		.uleb128 0
 545 09b2 5F5F494E 		.ascii "__INT16_MAX__ 32767\0"
GAS LISTING C:\Users\PRESID~1\AppData\Local\Temp\ccuROLbd.s 			page 18


 545      5431365F 
 545      4D41585F 
 545      5F203332 
 545      37363700 
 546 09c6 01       		.byte	0x1
 547 09c7 00       		.uleb128 0
 548 09c8 5F5F494E 		.ascii "__INT32_MAX__ 2147483647\0"
 548      5433325F 
 548      4D41585F 
 548      5F203231 
 548      34373438 
 549 09e1 01       		.byte	0x1
 550 09e2 00       		.uleb128 0
 551 09e3 5F5F494E 		.ascii "__INT64_MAX__ 9223372036854775807LL\0"
 551      5436345F 
 551      4D41585F 
 551      5F203932 
 551      32333337 
 552 0a07 01       		.byte	0x1
 553 0a08 00       		.uleb128 0
 554 0a09 5F5F5549 		.ascii "__UINT8_MAX__ 255\0"
 554      4E54385F 
 554      4D41585F 
 554      5F203235 
 554      3500
 555 0a1b 01       		.byte	0x1
 556 0a1c 00       		.uleb128 0
 557 0a1d 5F5F5549 		.ascii "__UINT16_MAX__ 65535\0"
 557      4E543136 
 557      5F4D4158 
 557      5F5F2036 
 557      35353335 
 558 0a32 01       		.byte	0x1
 559 0a33 00       		.uleb128 0
 560 0a34 5F5F5549 		.ascii "__UINT32_MAX__ 4294967295U\0"
 560      4E543332 
 560      5F4D4158 
 560      5F5F2034 
 560      32393439 
 561 0a4f 01       		.byte	0x1
 562 0a50 00       		.uleb128 0
 563 0a51 5F5F5549 		.ascii "__UINT64_MAX__ 18446744073709551615ULL\0"
 563      4E543634 
 563      5F4D4158 
 563      5F5F2031 
 563      38343436 
 564 0a78 01       		.byte	0x1
 565 0a79 00       		.uleb128 0
 566 0a7a 5F5F494E 		.ascii "__INT_LEAST8_MAX__ 127\0"
 566      545F4C45 
 566      41535438 
 566      5F4D4158 
 566      5F5F2031 
 567 0a91 01       		.byte	0x1
 568 0a92 00       		.uleb128 0
 569 0a93 5F5F494E 		.ascii "__INT8_C(c) c\0"
 569      54385F43 
GAS LISTING C:\Users\PRESID~1\AppData\Local\Temp\ccuROLbd.s 			page 19


 569      28632920 
 569      6300
 570 0aa1 01       		.byte	0x1
 571 0aa2 00       		.uleb128 0
 572 0aa3 5F5F494E 		.ascii "__INT_LEAST16_MAX__ 32767\0"
 572      545F4C45 
 572      41535431 
 572      365F4D41 
 572      585F5F20 
 573 0abd 01       		.byte	0x1
 574 0abe 00       		.uleb128 0
 575 0abf 5F5F494E 		.ascii "__INT16_C(c) c\0"
 575      5431365F 
 575      43286329 
 575      206300
 576 0ace 01       		.byte	0x1
 577 0acf 00       		.uleb128 0
 578 0ad0 5F5F494E 		.ascii "__INT_LEAST32_MAX__ 2147483647\0"
 578      545F4C45 
 578      41535433 
 578      325F4D41 
 578      585F5F20 
 579 0aef 01       		.byte	0x1
 580 0af0 00       		.uleb128 0
 581 0af1 5F5F494E 		.ascii "__INT32_C(c) c\0"
 581      5433325F 
 581      43286329 
 581      206300
 582 0b00 01       		.byte	0x1
 583 0b01 00       		.uleb128 0
 584 0b02 5F5F494E 		.ascii "__INT_LEAST64_MAX__ 9223372036854775807LL\0"
 584      545F4C45 
 584      41535436 
 584      345F4D41 
 584      585F5F20 
 585 0b2c 01       		.byte	0x1
 586 0b2d 00       		.uleb128 0
 587 0b2e 5F5F494E 		.ascii "__INT64_C(c) c ## LL\0"
 587      5436345F 
 587      43286329 
 587      20632023 
 587      23204C4C 
 588 0b43 01       		.byte	0x1
 589 0b44 00       		.uleb128 0
 590 0b45 5F5F5549 		.ascii "__UINT_LEAST8_MAX__ 255\0"
 590      4E545F4C 
 590      45415354 
 590      385F4D41 
 590      585F5F20 
 591 0b5d 01       		.byte	0x1
 592 0b5e 00       		.uleb128 0
 593 0b5f 5F5F5549 		.ascii "__UINT8_C(c) c\0"
 593      4E54385F 
 593      43286329 
 593      206300
 594 0b6e 01       		.byte	0x1
 595 0b6f 00       		.uleb128 0
GAS LISTING C:\Users\PRESID~1\AppData\Local\Temp\ccuROLbd.s 			page 20


 596 0b70 5F5F5549 		.ascii "__UINT_LEAST16_MAX__ 65535\0"
 596      4E545F4C 
 596      45415354 
 596      31365F4D 
 596      41585F5F 
 597 0b8b 01       		.byte	0x1
 598 0b8c 00       		.uleb128 0
 599 0b8d 5F5F5549 		.ascii "__UINT16_C(c) c\0"
 599      4E543136 
 599      5F432863 
 599      29206300 
 600 0b9d 01       		.byte	0x1
 601 0b9e 00       		.uleb128 0
 602 0b9f 5F5F5549 		.ascii "__UINT_LEAST32_MAX__ 4294967295U\0"
 602      4E545F4C 
 602      45415354 
 602      33325F4D 
 602      41585F5F 
 603 0bc0 01       		.byte	0x1
 604 0bc1 00       		.uleb128 0
 605 0bc2 5F5F5549 		.ascii "__UINT32_C(c) c ## U\0"
 605      4E543332 
 605      5F432863 
 605      29206320 
 605      23232055 
 606 0bd7 01       		.byte	0x1
 607 0bd8 00       		.uleb128 0
 608 0bd9 5F5F5549 		.ascii "__UINT_LEAST64_MAX__ 18446744073709551615ULL\0"
 608      4E545F4C 
 608      45415354 
 608      36345F4D 
 608      41585F5F 
 609 0c06 01       		.byte	0x1
 610 0c07 00       		.uleb128 0
 611 0c08 5F5F5549 		.ascii "__UINT64_C(c) c ## ULL\0"
 611      4E543634 
 611      5F432863 
 611      29206320 
 611      23232055 
 612 0c1f 01       		.byte	0x1
 613 0c20 00       		.uleb128 0
 614 0c21 5F5F494E 		.ascii "__INT_FAST8_MAX__ 127\0"
 614      545F4641 
 614      5354385F 
 614      4D41585F 
 614      5F203132 
 615 0c37 01       		.byte	0x1
 616 0c38 00       		.uleb128 0
 617 0c39 5F5F494E 		.ascii "__INT_FAST16_MAX__ 32767\0"
 617      545F4641 
 617      53543136 
 617      5F4D4158 
 617      5F5F2033 
 618 0c52 01       		.byte	0x1
 619 0c53 00       		.uleb128 0
 620 0c54 5F5F494E 		.ascii "__INT_FAST32_MAX__ 2147483647\0"
 620      545F4641 
GAS LISTING C:\Users\PRESID~1\AppData\Local\Temp\ccuROLbd.s 			page 21


 620      53543332 
 620      5F4D4158 
 620      5F5F2032 
 621 0c72 01       		.byte	0x1
 622 0c73 00       		.uleb128 0
 623 0c74 5F5F494E 		.ascii "__INT_FAST64_MAX__ 9223372036854775807LL\0"
 623      545F4641 
 623      53543634 
 623      5F4D4158 
 623      5F5F2039 
 624 0c9d 01       		.byte	0x1
 625 0c9e 00       		.uleb128 0
 626 0c9f 5F5F5549 		.ascii "__UINT_FAST8_MAX__ 255\0"
 626      4E545F46 
 626      41535438 
 626      5F4D4158 
 626      5F5F2032 
 627 0cb6 01       		.byte	0x1
 628 0cb7 00       		.uleb128 0
 629 0cb8 5F5F5549 		.ascii "__UINT_FAST16_MAX__ 65535\0"
 629      4E545F46 
 629      41535431 
 629      365F4D41 
 629      585F5F20 
 630 0cd2 01       		.byte	0x1
 631 0cd3 00       		.uleb128 0
 632 0cd4 5F5F5549 		.ascii "__UINT_FAST32_MAX__ 4294967295U\0"
 632      4E545F46 
 632      41535433 
 632      325F4D41 
 632      585F5F20 
 633 0cf4 01       		.byte	0x1
 634 0cf5 00       		.uleb128 0
 635 0cf6 5F5F5549 		.ascii "__UINT_FAST64_MAX__ 18446744073709551615ULL\0"
 635      4E545F46 
 635      41535436 
 635      345F4D41 
 635      585F5F20 
 636 0d22 01       		.byte	0x1
 637 0d23 00       		.uleb128 0
 638 0d24 5F5F494E 		.ascii "__INTPTR_MAX__ 2147483647\0"
 638      54505452 
 638      5F4D4158 
 638      5F5F2032 
 638      31343734 
 639 0d3e 01       		.byte	0x1
 640 0d3f 00       		.uleb128 0
 641 0d40 5F5F5549 		.ascii "__UINTPTR_MAX__ 4294967295U\0"
 641      4E545054 
 641      525F4D41 
 641      585F5F20 
 641      34323934 
 642 0d5c 01       		.byte	0x1
 643 0d5d 00       		.uleb128 0
 644 0d5e 5F5F4743 		.ascii "__GCC_IEC_559 2\0"
 644      435F4945 
 644      435F3535 
GAS LISTING C:\Users\PRESID~1\AppData\Local\Temp\ccuROLbd.s 			page 22


 644      39203200 
 645 0d6e 01       		.byte	0x1
 646 0d6f 00       		.uleb128 0
 647 0d70 5F5F4743 		.ascii "__GCC_IEC_559_COMPLEX 2\0"
 647      435F4945 
 647      435F3535 
 647      395F434F 
 647      4D504C45 
 648 0d88 01       		.byte	0x1
 649 0d89 00       		.uleb128 0
 650 0d8a 5F5F464C 		.ascii "__FLT_EVAL_METHOD__ 2\0"
 650      545F4556 
 650      414C5F4D 
 650      4554484F 
 650      445F5F20 
 651 0da0 01       		.byte	0x1
 652 0da1 00       		.uleb128 0
 653 0da2 5F5F4445 		.ascii "__DEC_EVAL_METHOD__ 2\0"
 653      435F4556 
 653      414C5F4D 
 653      4554484F 
 653      445F5F20 
 654 0db8 01       		.byte	0x1
 655 0db9 00       		.uleb128 0
 656 0dba 5F5F464C 		.ascii "__FLT_RADIX__ 2\0"
 656      545F5241 
 656      4449585F 
 656      5F203200 
 657 0dca 01       		.byte	0x1
 658 0dcb 00       		.uleb128 0
 659 0dcc 5F5F464C 		.ascii "__FLT_MANT_DIG__ 24\0"
 659      545F4D41 
 659      4E545F44 
 659      49475F5F 
 659      20323400 
 660 0de0 01       		.byte	0x1
 661 0de1 00       		.uleb128 0
 662 0de2 5F5F464C 		.ascii "__FLT_DIG__ 6\0"
 662      545F4449 
 662      475F5F20 
 662      3600
 663 0df0 01       		.byte	0x1
 664 0df1 00       		.uleb128 0
 665 0df2 5F5F464C 		.ascii "__FLT_MIN_EXP__ (-125)\0"
 665      545F4D49 
 665      4E5F4558 
 665      505F5F20 
 665      282D3132 
 666 0e09 01       		.byte	0x1
 667 0e0a 00       		.uleb128 0
 668 0e0b 5F5F464C 		.ascii "__FLT_MIN_10_EXP__ (-37)\0"
 668      545F4D49 
 668      4E5F3130 
 668      5F455850 
 668      5F5F2028 
 669 0e24 01       		.byte	0x1
 670 0e25 00       		.uleb128 0
GAS LISTING C:\Users\PRESID~1\AppData\Local\Temp\ccuROLbd.s 			page 23


 671 0e26 5F5F464C 		.ascii "__FLT_MAX_EXP__ 128\0"
 671      545F4D41 
 671      585F4558 
 671      505F5F20 
 671      31323800 
 672 0e3a 01       		.byte	0x1
 673 0e3b 00       		.uleb128 0
 674 0e3c 5F5F464C 		.ascii "__FLT_MAX_10_EXP__ 38\0"
 674      545F4D41 
 674      585F3130 
 674      5F455850 
 674      5F5F2033 
 675 0e52 01       		.byte	0x1
 676 0e53 00       		.uleb128 0
 677 0e54 5F5F464C 		.ascii "__FLT_DECIMAL_DIG__ 9\0"
 677      545F4445 
 677      43494D41 
 677      4C5F4449 
 677      475F5F20 
 678 0e6a 01       		.byte	0x1
 679 0e6b 00       		.uleb128 0
 680 0e6c 5F5F464C 		.ascii "__FLT_MAX__ 3.40282346638528859812e+38F\0"
 680      545F4D41 
 680      585F5F20 
 680      332E3430 
 680      32383233 
 681 0e94 01       		.byte	0x1
 682 0e95 00       		.uleb128 0
 683 0e96 5F5F464C 		.ascii "__FLT_MIN__ 1.17549435082228750797e-38F\0"
 683      545F4D49 
 683      4E5F5F20 
 683      312E3137 
 683      35343934 
 684 0ebe 01       		.byte	0x1
 685 0ebf 00       		.uleb128 0
 686 0ec0 5F5F464C 		.ascii "__FLT_EPSILON__ 1.19209289550781250000e-7F\0"
 686      545F4550 
 686      53494C4F 
 686      4E5F5F20 
 686      312E3139 
 687 0eeb 01       		.byte	0x1
 688 0eec 00       		.uleb128 0
 689 0eed 5F5F464C 		.ascii "__FLT_DENORM_MIN__ 1.40129846432481707092e-45F\0"
 689      545F4445 
 689      4E4F524D 
 689      5F4D494E 
 689      5F5F2031 
 690 0f1c 01       		.byte	0x1
 691 0f1d 00       		.uleb128 0
 692 0f1e 5F5F464C 		.ascii "__FLT_HAS_DENORM__ 1\0"
 692      545F4841 
 692      535F4445 
 692      4E4F524D 
 692      5F5F2031 
 693 0f33 01       		.byte	0x1
 694 0f34 00       		.uleb128 0
 695 0f35 5F5F464C 		.ascii "__FLT_HAS_INFINITY__ 1\0"
GAS LISTING C:\Users\PRESID~1\AppData\Local\Temp\ccuROLbd.s 			page 24


 695      545F4841 
 695      535F494E 
 695      46494E49 
 695      54595F5F 
 696 0f4c 01       		.byte	0x1
 697 0f4d 00       		.uleb128 0
 698 0f4e 5F5F464C 		.ascii "__FLT_HAS_QUIET_NAN__ 1\0"
 698      545F4841 
 698      535F5155 
 698      4945545F 
 698      4E414E5F 
 699 0f66 01       		.byte	0x1
 700 0f67 00       		.uleb128 0
 701 0f68 5F5F4442 		.ascii "__DBL_MANT_DIG__ 53\0"
 701      4C5F4D41 
 701      4E545F44 
 701      49475F5F 
 701      20353300 
 702 0f7c 01       		.byte	0x1
 703 0f7d 00       		.uleb128 0
 704 0f7e 5F5F4442 		.ascii "__DBL_DIG__ 15\0"
 704      4C5F4449 
 704      475F5F20 
 704      313500
 705 0f8d 01       		.byte	0x1
 706 0f8e 00       		.uleb128 0
 707 0f8f 5F5F4442 		.ascii "__DBL_MIN_EXP__ (-1021)\0"
 707      4C5F4D49 
 707      4E5F4558 
 707      505F5F20 
 707      282D3130 
 708 0fa7 01       		.byte	0x1
 709 0fa8 00       		.uleb128 0
 710 0fa9 5F5F4442 		.ascii "__DBL_MIN_10_EXP__ (-307)\0"
 710      4C5F4D49 
 710      4E5F3130 
 710      5F455850 
 710      5F5F2028 
 711 0fc3 01       		.byte	0x1
 712 0fc4 00       		.uleb128 0
 713 0fc5 5F5F4442 		.ascii "__DBL_MAX_EXP__ 1024\0"
 713      4C5F4D41 
 713      585F4558 
 713      505F5F20 
 713      31303234 
 714 0fda 01       		.byte	0x1
 715 0fdb 00       		.uleb128 0
 716 0fdc 5F5F4442 		.ascii "__DBL_MAX_10_EXP__ 308\0"
 716      4C5F4D41 
 716      585F3130 
 716      5F455850 
 716      5F5F2033 
 717 0ff3 01       		.byte	0x1
 718 0ff4 00       		.uleb128 0
 719 0ff5 5F5F4442 		.ascii "__DBL_DECIMAL_DIG__ 17\0"
 719      4C5F4445 
 719      43494D41 
GAS LISTING C:\Users\PRESID~1\AppData\Local\Temp\ccuROLbd.s 			page 25


 719      4C5F4449 
 719      475F5F20 
 720 100c 01       		.byte	0x1
 721 100d 00       		.uleb128 0
 722 100e 5F5F4442 		.ascii "__DBL_MAX__ ((double)1.79769313486231570815e+308L)\0"
 722      4C5F4D41 
 722      585F5F20 
 722      2828646F 
 722      75626C65 
 723 1041 01       		.byte	0x1
 724 1042 00       		.uleb128 0
 725 1043 5F5F4442 		.ascii "__DBL_MIN__ ((double)2.22507385850720138309e-308L)\0"
 725      4C5F4D49 
 725      4E5F5F20 
 725      2828646F 
 725      75626C65 
 726 1076 01       		.byte	0x1
 727 1077 00       		.uleb128 0
 728 1078 5F5F4442 		.ascii "__DBL_EPSILON__ ((double)2.22044604925031308085e-16L)\0"
 728      4C5F4550 
 728      53494C4F 
 728      4E5F5F20 
 728      2828646F 
 729 10ae 01       		.byte	0x1
 730 10af 00       		.uleb128 0
 731 10b0 5F5F4442 		.ascii "__DBL_DENORM_MIN__ ((double)4.94065645841246544177e-324L)\0"
 731      4C5F4445 
 731      4E4F524D 
 731      5F4D494E 
 731      5F5F2028 
 732 10ea 01       		.byte	0x1
 733 10eb 00       		.uleb128 0
 734 10ec 5F5F4442 		.ascii "__DBL_HAS_DENORM__ 1\0"
 734      4C5F4841 
 734      535F4445 
 734      4E4F524D 
 734      5F5F2031 
 735 1101 01       		.byte	0x1
 736 1102 00       		.uleb128 0
 737 1103 5F5F4442 		.ascii "__DBL_HAS_INFINITY__ 1\0"
 737      4C5F4841 
 737      535F494E 
 737      46494E49 
 737      54595F5F 
 738 111a 01       		.byte	0x1
 739 111b 00       		.uleb128 0
 740 111c 5F5F4442 		.ascii "__DBL_HAS_QUIET_NAN__ 1\0"
 740      4C5F4841 
 740      535F5155 
 740      4945545F 
 740      4E414E5F 
 741 1134 01       		.byte	0x1
 742 1135 00       		.uleb128 0
 743 1136 5F5F4C44 		.ascii "__LDBL_MANT_DIG__ 64\0"
 743      424C5F4D 
 743      414E545F 
 743      4449475F 
GAS LISTING C:\Users\PRESID~1\AppData\Local\Temp\ccuROLbd.s 			page 26


 743      5F203634 
 744 114b 01       		.byte	0x1
 745 114c 00       		.uleb128 0
 746 114d 5F5F4C44 		.ascii "__LDBL_DIG__ 18\0"
 746      424C5F44 
 746      49475F5F 
 746      20313800 
 747 115d 01       		.byte	0x1
 748 115e 00       		.uleb128 0
 749 115f 5F5F4C44 		.ascii "__LDBL_MIN_EXP__ (-16381)\0"
 749      424C5F4D 
 749      494E5F45 
 749      58505F5F 
 749      20282D31 
 750 1179 01       		.byte	0x1
 751 117a 00       		.uleb128 0
 752 117b 5F5F4C44 		.ascii "__LDBL_MIN_10_EXP__ (-4931)\0"
 752      424C5F4D 
 752      494E5F31 
 752      305F4558 
 752      505F5F20 
 753 1197 01       		.byte	0x1
 754 1198 00       		.uleb128 0
 755 1199 5F5F4C44 		.ascii "__LDBL_MAX_EXP__ 16384\0"
 755      424C5F4D 
 755      41585F45 
 755      58505F5F 
 755      20313633 
 756 11b0 01       		.byte	0x1
 757 11b1 00       		.uleb128 0
 758 11b2 5F5F4C44 		.ascii "__LDBL_MAX_10_EXP__ 4932\0"
 758      424C5F4D 
 758      41585F31 
 758      305F4558 
 758      505F5F20 
 759 11cb 01       		.byte	0x1
 760 11cc 00       		.uleb128 0
 761 11cd 5F5F4445 		.ascii "__DECIMAL_DIG__ 21\0"
 761      43494D41 
 761      4C5F4449 
 761      475F5F20 
 761      323100
 762 11e0 01       		.byte	0x1
 763 11e1 00       		.uleb128 0
 764 11e2 5F5F4C44 		.ascii "__LDBL_MAX__ 1.18973149535723176502e+4932L\0"
 764      424C5F4D 
 764      41585F5F 
 764      20312E31 
 764      38393733 
 765 120d 01       		.byte	0x1
 766 120e 00       		.uleb128 0
 767 120f 5F5F4C44 		.ascii "__LDBL_MIN__ 3.36210314311209350626e-4932L\0"
 767      424C5F4D 
 767      494E5F5F 
 767      20332E33 
 767      36323130 
 768 123a 01       		.byte	0x1
GAS LISTING C:\Users\PRESID~1\AppData\Local\Temp\ccuROLbd.s 			page 27


 769 123b 00       		.uleb128 0
 770 123c 5F5F4C44 		.ascii "__LDBL_EPSILON__ 1.08420217248550443401e-19L\0"
 770      424C5F45 
 770      5053494C 
 770      4F4E5F5F 
 770      20312E30 
 771 1269 01       		.byte	0x1
 772 126a 00       		.uleb128 0
 773 126b 5F5F4C44 		.ascii "__LDBL_DENORM_MIN__ 3.64519953188247460253e-4951L\0"
 773      424C5F44 
 773      454E4F52 
 773      4D5F4D49 
 773      4E5F5F20 
 774 129d 01       		.byte	0x1
 775 129e 00       		.uleb128 0
 776 129f 5F5F4C44 		.ascii "__LDBL_HAS_DENORM__ 1\0"
 776      424C5F48 
 776      41535F44 
 776      454E4F52 
 776      4D5F5F20 
 777 12b5 01       		.byte	0x1
 778 12b6 00       		.uleb128 0
 779 12b7 5F5F4C44 		.ascii "__LDBL_HAS_INFINITY__ 1\0"
 779      424C5F48 
 779      41535F49 
 779      4E46494E 
 779      4954595F 
 780 12cf 01       		.byte	0x1
 781 12d0 00       		.uleb128 0
 782 12d1 5F5F4C44 		.ascii "__LDBL_HAS_QUIET_NAN__ 1\0"
 782      424C5F48 
 782      41535F51 
 782      55494554 
 782      5F4E414E 
 783 12ea 01       		.byte	0x1
 784 12eb 00       		.uleb128 0
 785 12ec 5F5F4445 		.ascii "__DEC32_MANT_DIG__ 7\0"
 785      4333325F 
 785      4D414E54 
 785      5F444947 
 785      5F5F2037 
 786 1301 01       		.byte	0x1
 787 1302 00       		.uleb128 0
 788 1303 5F5F4445 		.ascii "__DEC32_MIN_EXP__ (-94)\0"
 788      4333325F 
 788      4D494E5F 
 788      4558505F 
 788      5F20282D 
 789 131b 01       		.byte	0x1
 790 131c 00       		.uleb128 0
 791 131d 5F5F4445 		.ascii "__DEC32_MAX_EXP__ 97\0"
 791      4333325F 
 791      4D41585F 
 791      4558505F 
 791      5F203937 
 792 1332 01       		.byte	0x1
 793 1333 00       		.uleb128 0
GAS LISTING C:\Users\PRESID~1\AppData\Local\Temp\ccuROLbd.s 			page 28


 794 1334 5F5F4445 		.ascii "__DEC32_MIN__ 1E-95DF\0"
 794      4333325F 
 794      4D494E5F 
 794      5F203145 
 794      2D393544 
 795 134a 01       		.byte	0x1
 796 134b 00       		.uleb128 0
 797 134c 5F5F4445 		.ascii "__DEC32_MAX__ 9.999999E96DF\0"
 797      4333325F 
 797      4D41585F 
 797      5F20392E 
 797      39393939 
 798 1368 01       		.byte	0x1
 799 1369 00       		.uleb128 0
 800 136a 5F5F4445 		.ascii "__DEC32_EPSILON__ 1E-6DF\0"
 800      4333325F 
 800      45505349 
 800      4C4F4E5F 
 800      5F203145 
 801 1383 01       		.byte	0x1
 802 1384 00       		.uleb128 0
 803 1385 5F5F4445 		.ascii "__DEC32_SUBNORMAL_MIN__ 0.000001E-95DF\0"
 803      4333325F 
 803      5355424E 
 803      4F524D41 
 803      4C5F4D49 
 804 13ac 01       		.byte	0x1
 805 13ad 00       		.uleb128 0
 806 13ae 5F5F4445 		.ascii "__DEC64_MANT_DIG__ 16\0"
 806      4336345F 
 806      4D414E54 
 806      5F444947 
 806      5F5F2031 
 807 13c4 01       		.byte	0x1
 808 13c5 00       		.uleb128 0
 809 13c6 5F5F4445 		.ascii "__DEC64_MIN_EXP__ (-382)\0"
 809      4336345F 
 809      4D494E5F 
 809      4558505F 
 809      5F20282D 
 810 13df 01       		.byte	0x1
 811 13e0 00       		.uleb128 0
 812 13e1 5F5F4445 		.ascii "__DEC64_MAX_EXP__ 385\0"
 812      4336345F 
 812      4D41585F 
 812      4558505F 
 812      5F203338 
 813 13f7 01       		.byte	0x1
 814 13f8 00       		.uleb128 0
 815 13f9 5F5F4445 		.ascii "__DEC64_MIN__ 1E-383DD\0"
 815      4336345F 
 815      4D494E5F 
 815      5F203145 
 815      2D333833 
 816 1410 01       		.byte	0x1
 817 1411 00       		.uleb128 0
 818 1412 5F5F4445 		.ascii "__DEC64_MAX__ 9.999999999999999E384DD\0"
GAS LISTING C:\Users\PRESID~1\AppData\Local\Temp\ccuROLbd.s 			page 29


 818      4336345F 
 818      4D41585F 
 818      5F20392E 
 818      39393939 
 819 1438 01       		.byte	0x1
 820 1439 00       		.uleb128 0
 821 143a 5F5F4445 		.ascii "__DEC64_EPSILON__ 1E-15DD\0"
 821      4336345F 
 821      45505349 
 821      4C4F4E5F 
 821      5F203145 
 822 1454 01       		.byte	0x1
 823 1455 00       		.uleb128 0
 824 1456 5F5F4445 		.ascii "__DEC64_SUBNORMAL_MIN__ 0.000000000000001E-383DD\0"
 824      4336345F 
 824      5355424E 
 824      4F524D41 
 824      4C5F4D49 
 825 1487 01       		.byte	0x1
 826 1488 00       		.uleb128 0
 827 1489 5F5F4445 		.ascii "__DEC128_MANT_DIG__ 34\0"
 827      43313238 
 827      5F4D414E 
 827      545F4449 
 827      475F5F20 
 828 14a0 01       		.byte	0x1
 829 14a1 00       		.uleb128 0
 830 14a2 5F5F4445 		.ascii "__DEC128_MIN_EXP__ (-6142)\0"
 830      43313238 
 830      5F4D494E 
 830      5F455850 
 830      5F5F2028 
 831 14bd 01       		.byte	0x1
 832 14be 00       		.uleb128 0
 833 14bf 5F5F4445 		.ascii "__DEC128_MAX_EXP__ 6145\0"
 833      43313238 
 833      5F4D4158 
 833      5F455850 
 833      5F5F2036 
 834 14d7 01       		.byte	0x1
 835 14d8 00       		.uleb128 0
 836 14d9 5F5F4445 		.ascii "__DEC128_MIN__ 1E-6143DL\0"
 836      43313238 
 836      5F4D494E 
 836      5F5F2031 
 836      452D3631 
 837 14f2 01       		.byte	0x1
 838 14f3 00       		.uleb128 0
 839 14f4 5F5F4445 		.ascii "__DEC128_MAX__ 9.999999999999999999999999999999999E6144DL\0"
 839      43313238 
 839      5F4D4158 
 839      5F5F2039 
 839      2E393939 
 840 152e 01       		.byte	0x1
 841 152f 00       		.uleb128 0
 842 1530 5F5F4445 		.ascii "__DEC128_EPSILON__ 1E-33DL\0"
 842      43313238 
GAS LISTING C:\Users\PRESID~1\AppData\Local\Temp\ccuROLbd.s 			page 30


 842      5F455053 
 842      494C4F4E 
 842      5F5F2031 
 843 154b 01       		.byte	0x1
 844 154c 00       		.uleb128 0
 845 154d 5F5F4445 		.ascii "__DEC128_SUBNORMAL_MIN__ 0.000000000000000000000000000000001E-6143DL\0"
 845      43313238 
 845      5F535542 
 845      4E4F524D 
 845      414C5F4D 
 846 1592 01       		.byte	0x1
 847 1593 00       		.uleb128 0
 848 1594 5F5F5245 		.ascii "__REGISTER_PREFIX__ \0"
 848      47495354 
 848      45525F50 
 848      52454649 
 848      585F5F20 
 849 15a9 01       		.byte	0x1
 850 15aa 00       		.uleb128 0
 851 15ab 5F5F5553 		.ascii "__USER_LABEL_PREFIX__ _\0"
 851      45525F4C 
 851      4142454C 
 851      5F505245 
 851      4649585F 
 852 15c3 01       		.byte	0x1
 853 15c4 00       		.uleb128 0
 854 15c5 5F5F474E 		.ascii "__GNUC_GNU_INLINE__ 1\0"
 854      55435F47 
 854      4E555F49 
 854      4E4C494E 
 854      455F5F20 
 855 15db 01       		.byte	0x1
 856 15dc 00       		.uleb128 0
 857 15dd 5F5F4E4F 		.ascii "__NO_INLINE__ 1\0"
 857      5F494E4C 
 857      494E455F 
 857      5F203100 
 858 15ed 01       		.byte	0x1
 859 15ee 00       		.uleb128 0
 860 15ef 5F5F5354 		.ascii "__STRICT_ANSI__ 1\0"
 860      52494354 
 860      5F414E53 
 860      495F5F20 
 860      3100
 861 1601 01       		.byte	0x1
 862 1602 00       		.uleb128 0
 863 1603 5F5F4743 		.ascii "__GCC_ATOMIC_BOOL_LOCK_FREE 1\0"
 863      435F4154 
 863      4F4D4943 
 863      5F424F4F 
 863      4C5F4C4F 
 864 1621 01       		.byte	0x1
 865 1622 00       		.uleb128 0
 866 1623 5F5F4743 		.ascii "__GCC_ATOMIC_CHAR_LOCK_FREE 1\0"
 866      435F4154 
 866      4F4D4943 
 866      5F434841 
GAS LISTING C:\Users\PRESID~1\AppData\Local\Temp\ccuROLbd.s 			page 31


 866      525F4C4F 
 867 1641 01       		.byte	0x1
 868 1642 00       		.uleb128 0
 869 1643 5F5F4743 		.ascii "__GCC_ATOMIC_CHAR16_T_LOCK_FREE 1\0"
 869      435F4154 
 869      4F4D4943 
 869      5F434841 
 869      5231365F 
 870 1665 01       		.byte	0x1
 871 1666 00       		.uleb128 0
 872 1667 5F5F4743 		.ascii "__GCC_ATOMIC_CHAR32_T_LOCK_FREE 1\0"
 872      435F4154 
 872      4F4D4943 
 872      5F434841 
 872      5233325F 
 873 1689 01       		.byte	0x1
 874 168a 00       		.uleb128 0
 875 168b 5F5F4743 		.ascii "__GCC_ATOMIC_WCHAR_T_LOCK_FREE 1\0"
 875      435F4154 
 875      4F4D4943 
 875      5F574348 
 875      41525F54 
 876 16ac 01       		.byte	0x1
 877 16ad 00       		.uleb128 0
 878 16ae 5F5F4743 		.ascii "__GCC_ATOMIC_SHORT_LOCK_FREE 1\0"
 878      435F4154 
 878      4F4D4943 
 878      5F53484F 
 878      52545F4C 
 879 16cd 01       		.byte	0x1
 880 16ce 00       		.uleb128 0
 881 16cf 5F5F4743 		.ascii "__GCC_ATOMIC_INT_LOCK_FREE 1\0"
 881      435F4154 
 881      4F4D4943 
 881      5F494E54 
 881      5F4C4F43 
 882 16ec 01       		.byte	0x1
 883 16ed 00       		.uleb128 0
 884 16ee 5F5F4743 		.ascii "__GCC_ATOMIC_LONG_LOCK_FREE 1\0"
 884      435F4154 
 884      4F4D4943 
 884      5F4C4F4E 
 884      475F4C4F 
 885 170c 01       		.byte	0x1
 886 170d 00       		.uleb128 0
 887 170e 5F5F4743 		.ascii "__GCC_ATOMIC_LLONG_LOCK_FREE 1\0"
 887      435F4154 
 887      4F4D4943 
 887      5F4C4C4F 
 887      4E475F4C 
 888 172d 01       		.byte	0x1
 889 172e 00       		.uleb128 0
 890 172f 5F5F4743 		.ascii "__GCC_ATOMIC_TEST_AND_SET_TRUEVAL 1\0"
 890      435F4154 
 890      4F4D4943 
 890      5F544553 
 890      545F414E 
GAS LISTING C:\Users\PRESID~1\AppData\Local\Temp\ccuROLbd.s 			page 32


 891 1753 01       		.byte	0x1
 892 1754 00       		.uleb128 0
 893 1755 5F5F4743 		.ascii "__GCC_ATOMIC_POINTER_LOCK_FREE 1\0"
 893      435F4154 
 893      4F4D4943 
 893      5F504F49 
 893      4E544552 
 894 1776 01       		.byte	0x1
 895 1777 00       		.uleb128 0
 896 1778 5F5F4743 		.ascii "__GCC_HAVE_DWARF2_CFI_ASM 1\0"
 896      435F4841 
 896      56455F44 
 896      57415246 
 896      325F4346 
 897 1794 01       		.byte	0x1
 898 1795 00       		.uleb128 0
 899 1796 5F5F5052 		.ascii "__PRAGMA_REDEFINE_EXTNAME 1\0"
 899      41474D41 
 899      5F524544 
 899      4546494E 
 899      455F4558 
 900 17b2 01       		.byte	0x1
 901 17b3 00       		.uleb128 0
 902 17b4 5F5F5349 		.ascii "__SIZEOF_WCHAR_T__ 2\0"
 902      5A454F46 
 902      5F574348 
 902      41525F54 
 902      5F5F2032 
 903 17c9 01       		.byte	0x1
 904 17ca 00       		.uleb128 0
 905 17cb 5F5F5349 		.ascii "__SIZEOF_WINT_T__ 2\0"
 905      5A454F46 
 905      5F57494E 
 905      545F545F 
 905      5F203200 
 906 17df 01       		.byte	0x1
 907 17e0 00       		.uleb128 0
 908 17e1 5F5F5349 		.ascii "__SIZEOF_PTRDIFF_T__ 4\0"
 908      5A454F46 
 908      5F505452 
 908      44494646 
 908      5F545F5F 
 909 17f8 01       		.byte	0x1
 910 17f9 00       		.uleb128 0
 911 17fa 5F5F6933 		.ascii "__i386 1\0"
 911      38362031 
 911      00
 912 1803 01       		.byte	0x1
 913 1804 00       		.uleb128 0
 914 1805 5F5F6933 		.ascii "__i386__ 1\0"
 914      38365F5F 
 914      203100
 915 1810 01       		.byte	0x1
 916 1811 00       		.uleb128 0
 917 1812 5F5F4154 		.ascii "__ATOMIC_HLE_ACQUIRE 65536\0"
 917      4F4D4943 
 917      5F484C45 
GAS LISTING C:\Users\PRESID~1\AppData\Local\Temp\ccuROLbd.s 			page 33


 917      5F414351 
 917      55495245 
 918 182d 01       		.byte	0x1
 919 182e 00       		.uleb128 0
 920 182f 5F5F4154 		.ascii "__ATOMIC_HLE_RELEASE 131072\0"
 920      4F4D4943 
 920      5F484C45 
 920      5F52454C 
 920      45415345 
 921 184b 01       		.byte	0x1
 922 184c 00       		.uleb128 0
 923 184d 5F5F7475 		.ascii "__tune_i386__ 1\0"
 923      6E655F69 
 923      3338365F 
 923      5F203100 
 924 185d 01       		.byte	0x1
 925 185e 00       		.uleb128 0
 926 185f 5F5F636F 		.ascii "__code_model_32__ 1\0"
 926      64655F6D 
 926      6F64656C 
 926      5F33325F 
 926      5F203100 
 927 1873 01       		.byte	0x1
 928 1874 00       		.uleb128 0
 929 1875 5F583836 		.ascii "_X86_ 1\0"
 929      5F203100 
 930 187d 01       		.byte	0x1
 931 187e 00       		.uleb128 0
 932 187f 5F5F7374 		.ascii "__stdcall __attribute__((__stdcall__))\0"
 932      6463616C 
 932      6C205F5F 
 932      61747472 
 932      69627574 
 933 18a6 01       		.byte	0x1
 934 18a7 00       		.uleb128 0
 935 18a8 5F5F6661 		.ascii "__fastcall __attribute__((__fastcall__))\0"
 935      73746361 
 935      6C6C205F 
 935      5F617474 
 935      72696275 
 936 18d1 01       		.byte	0x1
 937 18d2 00       		.uleb128 0
 938 18d3 5F5F7468 		.ascii "__thiscall __attribute__((__thiscall__))\0"
 938      69736361 
 938      6C6C205F 
 938      5F617474 
 938      72696275 
 939 18fc 01       		.byte	0x1
 940 18fd 00       		.uleb128 0
 941 18fe 5F5F6364 		.ascii "__cdecl __attribute__((__cdecl__))\0"
 941      65636C20 
 941      5F5F6174 
 941      74726962 
 941      7574655F 
 942 1921 01       		.byte	0x1
 943 1922 00       		.uleb128 0
 944 1923 5F5F4758 		.ascii "__GXX_MERGED_TYPEINFO_NAMES 0\0"
GAS LISTING C:\Users\PRESID~1\AppData\Local\Temp\ccuROLbd.s 			page 34


 944      585F4D45 
 944      52474544 
 944      5F545950 
 944      45494E46 
 945 1941 01       		.byte	0x1
 946 1942 00       		.uleb128 0
 947 1943 5F5F4758 		.ascii "__GXX_TYPEINFO_EQUALITY_INLINE 0\0"
 947      585F5459 
 947      5045494E 
 947      464F5F45 
 947      5155414C 
 948 1964 01       		.byte	0x1
 949 1965 00       		.uleb128 0
 950 1966 5F5F4D53 		.ascii "__MSVCRT__ 1\0"
 950      56435254 
 950      5F5F2031 
 950      00
 951 1973 01       		.byte	0x1
 952 1974 00       		.uleb128 0
 953 1975 5F5F4D49 		.ascii "__MINGW32__ 1\0"
 953      4E475733 
 953      325F5F20 
 953      3100
 954 1983 01       		.byte	0x1
 955 1984 00       		.uleb128 0
 956 1985 5F57494E 		.ascii "_WIN32 1\0"
 956      33322031 
 956      00
 957 198e 01       		.byte	0x1
 958 198f 00       		.uleb128 0
 959 1990 5F5F5749 		.ascii "__WIN32 1\0"
 959      4E333220 
 959      3100
 960 199a 01       		.byte	0x1
 961 199b 00       		.uleb128 0
 962 199c 5F5F5749 		.ascii "__WIN32__ 1\0"
 962      4E33325F 
 962      5F203100 
 963 19a8 01       		.byte	0x1
 964 19a9 00       		.uleb128 0
 965 19aa 5F5F5749 		.ascii "__WINNT 1\0"
 965      4E4E5420 
 965      3100
 966 19b4 01       		.byte	0x1
 967 19b5 00       		.uleb128 0
 968 19b6 5F5F5749 		.ascii "__WINNT__ 1\0"
 968      4E4E545F 
 968      5F203100 
 969 19c2 01       		.byte	0x1
 970 19c3 00       		.uleb128 0
 971 19c4 5F494E54 		.ascii "_INTEGRAL_MAX_BITS 64\0"
 971      45475241 
 971      4C5F4D41 
 971      585F4249 
 971      54532036 
 972 19da 01       		.byte	0x1
 973 19db 00       		.uleb128 0
GAS LISTING C:\Users\PRESID~1\AppData\Local\Temp\ccuROLbd.s 			page 35


 974 19dc 5F5F6465 		.ascii "__declspec(x) __attribute__((x))\0"
 974      636C7370 
 974      65632878 
 974      29205F5F 
 974      61747472 
 975 19fd 01       		.byte	0x1
 976 19fe 00       		.uleb128 0
 977 19ff 5F5F4445 		.ascii "__DECIMAL_BID_FORMAT__ 1\0"
 977      43494D41 
 977      4C5F4249 
 977      445F464F 
 977      524D4154 
 978 1a18 01       		.byte	0x1
 979 1a19 00       		.uleb128 0
 980 1a1a 4346475F 		.ascii "CFG_PROCESSOR 3\0"
 980      50524F43 
 980      4553534F 
 980      52203300 
 981 1a2a 03       		.byte	0x3
 982 1a2b 00       		.uleb128 0
 983 1a2c 01       		.uleb128 0x1
 984              		.file 3 "E:/NeuOrga/Programmieren/c_cpp/github_os/input/src/os_base/os_firstinc.h"
 985 1a2d 03       		.byte	0x3
 986 1a2e 01       		.uleb128 0x1
 987 1a2f 03       		.uleb128 0x3
 988 1a30 01       		.byte	0x1
 989 1a31 02       		.uleb128 0x2
 990 1a32 5F6F735F 		.ascii "_os_firstinc_h_ \0"
 990      66697273 
 990      74696E63 
 990      5F685F20 
 990      00
 991 1a43 03       		.byte	0x3
 992 1a44 04       		.uleb128 0x4
 993 1a45 02       		.uleb128 0x2
 994 1a46 01       		.byte	0x1
 995 1a47 02       		.uleb128 0x2
 996 1a48 5F424153 		.ascii "_BASE_TYPES_H_ \0"
 996      455F5459 
 996      5045535F 
 996      485F2000 
 997 1a58 01       		.byte	0x1
 998 1a59 04       		.uleb128 0x4
 999 1a5a 494E5445 		.ascii "INTEGER_LLP64_IL32P64 1\0"
 999      4745525F 
 999      4C4C5036 
 999      345F494C 
 999      33325036 
 1000 1a72 01       		.byte	0x1
 1001 1a73 05       		.uleb128 0x5
 1002 1a74 494E5445 		.ascii "INTEGER_LP64_I32LP64 2\0"
 1002      4745525F 
 1002      4C503634 
 1002      5F493332 
 1002      4C503634 
 1003 1a8b 01       		.byte	0x1
 1004 1a8c 06       		.uleb128 0x6
GAS LISTING C:\Users\PRESID~1\AppData\Local\Temp\ccuROLbd.s 			page 36


 1005 1a8d 494E5445 		.ascii "INTEGER_ILP64 3\0"
 1005      4745525F 
 1005      494C5036 
 1005      34203300 
 1006 1a9d 01       		.byte	0x1
 1007 1a9e 07       		.uleb128 0x7
 1008 1a9f 494E5445 		.ascii "INTEGER_SILP64 4\0"
 1008      4745525F 
 1008      53494C50 
 1008      36342034 
 1008      00
 1009 1ab0 01       		.byte	0x1
 1010 1ab1 09       		.uleb128 0x9
 1011 1ab2 4350505F 		.ascii "CPP_VERSION_NONE 0\0"
 1011      56455253 
 1011      494F4E5F 
 1011      4E4F4E45 
 1011      203000
 1012 1ac5 01       		.byte	0x1
 1013 1ac6 0A       		.uleb128 0xa
 1014 1ac7 4350505F 		.ascii "CPP_VERSION_1998 1\0"
 1014      56455253 
 1014      494F4E5F 
 1014      31393938 
 1014      203100
 1015 1ada 01       		.byte	0x1
 1016 1adb 0B       		.uleb128 0xb
 1017 1adc 4350505F 		.ascii "CPP_VERSION_2003 2\0"
 1017      56455253 
 1017      494F4E5F 
 1017      32303033 
 1017      203200
 1018 1aef 01       		.byte	0x1
 1019 1af0 0C       		.uleb128 0xc
 1020 1af1 4350505F 		.ascii "CPP_VERSION_2007 3\0"
 1020      56455253 
 1020      494F4E5F 
 1020      32303037 
 1020      203300
 1021 1b04 01       		.byte	0x1
 1022 1b05 0D       		.uleb128 0xd
 1023 1b06 4350505F 		.ascii "CPP_VERSION_2011 4\0"
 1023      56455253 
 1023      494F4E5F 
 1023      32303131 
 1023      203400
 1024 1b19 01       		.byte	0x1
 1025 1b1a 0E       		.uleb128 0xe
 1026 1b1b 49534F5F 		.ascii "ISO_CPP_VERSION CPP_VERSION_1998\0"
 1026      4350505F 
 1026      56455253 
 1026      494F4E20 
 1026      4350505F 
 1027 1b3c 01       		.byte	0x1
 1028 1b3d 10       		.uleb128 0x10
 1029 1b3e 494E5445 		.ascii "INTEGER_MODEL INTEGER_LLP64_IL32P64\0"
 1029      4745525F 
GAS LISTING C:\Users\PRESID~1\AppData\Local\Temp\ccuROLbd.s 			page 37


 1029      4D4F4445 
 1029      4C20494E 
 1029      54454745 
 1030 1b62 04       		.byte	0x4
 1031              		.file 4 "E:/NeuOrga/Programmieren/c_cpp/github_os/input/src/os_base/../os_base/os_common.h"
 1032 1b63 03       		.byte	0x3
 1033 1b64 05       		.uleb128 0x5
 1034 1b65 04       		.uleb128 0x4
 1035 1b66 01       		.byte	0x1
 1036 1b67 02       		.uleb128 0x2
 1037 1b68 5F6F735F 		.ascii "_os_common_h_ \0"
 1037      636F6D6D 
 1037      6F6E5F68 
 1037      5F2000
 1038 1b77 01       		.byte	0x1
 1039 1b78 06       		.uleb128 0x6
 1040 1b79 46616C73 		.ascii "False 0\0"
 1040      65203000 
 1041 1b81 01       		.byte	0x1
 1042 1b82 07       		.uleb128 0x7
 1043 1b83 54727565 		.ascii "True 1\0"
 1043      203100
 1044 1b8a 01       		.byte	0x1
 1045 1b8b 08       		.uleb128 0x8
 1046 1b8c 46414C53 		.ascii "FALSE False\0"
 1046      45204661 
 1046      6C736500 
 1047 1b98 01       		.byte	0x1
 1048 1b99 09       		.uleb128 0x9
 1049 1b9a 54525545 		.ascii "TRUE True\0"
 1049      20547275 
 1049      6500
 1050 1ba4 01       		.byte	0x1
 1051 1ba5 0A       		.uleb128 0xa
 1052 1ba6 41636365 		.ascii "Accepted 1\0"
 1052      70746564 
 1052      203100
 1053 1bb1 01       		.byte	0x1
 1054 1bb2 0B       		.uleb128 0xb
 1055 1bb3 52656A65 		.ascii "Rejected 0\0"
 1055      63746564 
 1055      203000
 1056 1bbe 01       		.byte	0x1
 1057 1bbf 0C       		.uleb128 0xc
 1058 1bc0 4C6F6361 		.ascii "Local static\0"
 1058      6C207374 
 1058      61746963 
 1058      00
 1059 1bcd 01       		.byte	0x1
 1060 1bce 0D       		.uleb128 0xd
 1061 1bcf 4C6F6361 		.ascii "Local_inline static __inline__\0"
 1061      6C5F696E 
 1061      6C696E65 
 1061      20737461 
 1061      74696320 
 1062 1bee 01       		.byte	0x1
 1063 1bef 0E       		.uleb128 0xe
GAS LISTING C:\Users\PRESID~1\AppData\Local\Temp\ccuROLbd.s 			page 38


 1064 1bf0 476C6F62 		.ascii "Global_inline __inline__\0"
 1064      616C5F69 
 1064      6E6C696E 
 1064      65205F5F 
 1064      696E6C69 
 1065 1c09 01       		.byte	0x1
 1066 1c0a 0F       		.uleb128 0xf
 1067 1c0b 52656665 		.ascii "ReferenceUnusedParameter(x) ((x) = (x))\0"
 1067      72656E63 
 1067      65556E75 
 1067      73656450 
 1067      6172616D 
 1068 1c33 01       		.byte	0x1
 1069 1c34 12       		.uleb128 0x12
 1070 1c35 634D4355 		.ascii "cMCU_X86 3\0"
 1070      5F583836 
 1070      203300
 1071 1c40 01       		.byte	0x1
 1072 1c41 13       		.uleb128 0x13
 1073 1c42 634D4355 		.ascii "cMCU_CORTEX_M4 4\0"
 1073      5F434F52 
 1073      5445585F 
 1073      4D342034 
 1073      00
 1074 1c53 01       		.byte	0x1
 1075 1c54 16       		.uleb128 0x16
 1076 1c55 4E525F4F 		.ascii "NR_OF_CORES 1\0"
 1076      465F434F 
 1076      52455320 
 1076      3100
 1077 1c63 01       		.byte	0x1
 1078 1c64 18       		.uleb128 0x18
 1079 1c65 4D43555F 		.ascii "MCU_CLOCK_IN_HZ ((uint32)168000000u)\0"
 1079      434C4F43 
 1079      4B5F494E 
 1079      5F485A20 
 1079      28287569 
 1080 1c8a 01       		.byte	0x1
 1081 1c8b 1C       		.uleb128 0x1c
 1082 1c8c 44697361 		.ascii "DisableInterrupts() \0"
 1082      626C6549 
 1082      6E746572 
 1082      72757074 
 1082      73282920 
 1083 1ca1 01       		.byte	0x1
 1084 1ca2 1D       		.uleb128 0x1d
 1085 1ca3 456E6162 		.ascii "EnableInterrupts() \0"
 1085      6C65496E 
 1085      74657272 
 1085      75707473 
 1085      28292000 
 1086 1cb7 01       		.byte	0x1
 1087 1cb8 1E       		.uleb128 0x1e
 1088 1cb9 50726976 		.ascii "Privilige_level_save_current() \0"
 1088      696C6967 
 1088      655F6C65 
 1088      76656C5F 
GAS LISTING C:\Users\PRESID~1\AppData\Local\Temp\ccuROLbd.s 			page 39


 1088      73617665 
 1089 1cd9 01       		.byte	0x1
 1090 1cda 1F       		.uleb128 0x1f
 1091 1cdb 50726976 		.ascii "Privilige_level_enter_kernel_mode() \0"
 1091      696C6967 
 1091      655F6C65 
 1091      76656C5F 
 1091      656E7465 
 1092 1d00 01       		.byte	0x1
 1093 1d01 20       		.uleb128 0x20
 1094 1d02 50726976 		.ascii "Privilige_level_restore_saved() \0"
 1094      696C6967 
 1094      655F6C65 
 1094      76656C5F 
 1094      72657374 
 1095 1d23 01       		.byte	0x1
 1096 1d24 21       		.uleb128 0x21
 1097 1d25 48616C74 		.ascii "HaltMcu() \0"
 1097      4D637528 
 1097      292000
 1098 1d30 04       		.byte	0x4
 1099              		.file 5 "E:/NeuOrga/Programmieren/c_cpp/github_os/input/src/os_base/../os_sim/lld_global.h"
 1100 1d31 03       		.byte	0x3
 1101 1d32 08       		.uleb128 0x8
 1102 1d33 05       		.uleb128 0x5
 1103 1d34 01       		.byte	0x1
 1104 1d35 02       		.uleb128 0x2
 1105 1d36 5F6C6C64 		.ascii "_lld_global_h_ \0"
 1105      5F676C6F 
 1105      62616C5F 
 1105      685F2000 
 1106              		.file 6 "E:/NeuOrga/Programmieren/c_cpp/github_os/input/src/os_base/../os_sim/lld_core.h"
 1107 1d46 03       		.byte	0x3
 1108 1d47 04       		.uleb128 0x4
 1109 1d48 06       		.uleb128 0x6
 1110 1d49 01       		.byte	0x1
 1111 1d4a 02       		.uleb128 0x2
 1112 1d4b 5F6C6C64 		.ascii "_lld_core_h_ \0"
 1112      5F636F72 
 1112      655F685F 
 1112      2000
 1113              		.file 7 "E:/NeuOrga/Programmieren/c_cpp/github_os/input/src/os_base/../os_sim/../os_base/os_firsti
 1114 1d59 03       		.byte	0x3
 1115 1d5a 03       		.uleb128 0x3
 1116 1d5b 07       		.uleb128 0x7
 1117 1d5c 04       		.byte	0x4
 1118 1d5d 04       		.byte	0x4
 1119              		.file 8 "E:/NeuOrga/Programmieren/c_cpp/github_os/input/src/os_base/../os_sim/lld_interrupt.h"
 1120 1d5e 03       		.byte	0x3
 1121 1d5f 05       		.uleb128 0x5
 1122 1d60 08       		.uleb128 0x8
 1123 1d61 01       		.byte	0x1
 1124 1d62 02       		.uleb128 0x2
 1125 1d63 5F6C6C64 		.ascii "_lld_interrupt_h_ \0"
 1125      5F696E74 
 1125      65727275 
 1125      70745F68 
GAS LISTING C:\Users\PRESID~1\AppData\Local\Temp\ccuROLbd.s 			page 40


 1125      5F2000
 1126 1d76 01       		.byte	0x1
 1127 1d77 05       		.uleb128 0x5
 1128 1d78 6F735F69 		.ascii "os_interrupt_swi_1 asm(\"swi 1\")\0"
 1128      6E746572 
 1128      72757074 
 1128      5F737769 
 1128      5F312061 
 1129 1d98 01       		.byte	0x1
 1130 1d99 06       		.uleb128 0x6
 1131 1d9a 6F735F69 		.ascii "os_interrupt_swi_2 asm(\"swi 2\")\0"
 1131      6E746572 
 1131      72757074 
 1131      5F737769 
 1131      5F322061 
 1132 1dba 01       		.byte	0x1
 1133 1dbb 07       		.uleb128 0x7
 1134 1dbc 6F735F69 		.ascii "os_interrupt_swi_3 asm(\"swi 3\")\0"
 1134      6E746572 
 1134      72757074 
 1134      5F737769 
 1134      5F332061 
 1135 1ddc 01       		.byte	0x1
 1136 1ddd 08       		.uleb128 0x8
 1137 1dde 6F735F69 		.ascii "os_interrupt_swi_4 asm(\"swi 4\")\0"
 1137      6E746572 
 1137      72757074 
 1137      5F737769 
 1137      5F342061 
 1138 1dfe 01       		.byte	0x1
 1139 1dff 09       		.uleb128 0x9
 1140 1e00 6F735F69 		.ascii "os_interrupt_swi_5 asm(\"swi 5\")\0"
 1140      6E746572 
 1140      72757074 
 1140      5F737769 
 1140      5F352061 
 1141 1e20 04       		.byte	0x4
 1142              		.file 9 "E:/NeuOrga/Programmieren/c_cpp/github_os/input/src/os_base/../os_sim/lld_mmu.h"
 1143 1e21 03       		.byte	0x3
 1144 1e22 06       		.uleb128 0x6
 1145 1e23 09       		.uleb128 0x9
 1146 1e24 01       		.byte	0x1
 1147 1e25 02       		.uleb128 0x2
 1148 1e26 5F6C6C64 		.ascii "_lld_mmu_h_ \0"
 1148      5F6D6D75 
 1148      5F685F20 
 1148      00
 1149 1e33 04       		.byte	0x4
 1150              		.file 10 "E:/NeuOrga/Programmieren/c_cpp/github_os/input/src/os_base/../os_sim/lld_timer.h"
 1151 1e34 03       		.byte	0x3
 1152 1e35 07       		.uleb128 0x7
 1153 1e36 0A       		.uleb128 0xa
 1154 1e37 01       		.byte	0x1
 1155 1e38 02       		.uleb128 0x2
 1156 1e39 5F6C6C64 		.ascii "_lld_timer_h_ \0"
 1156      5F74696D 
 1156      65725F68 
GAS LISTING C:\Users\PRESID~1\AppData\Local\Temp\ccuROLbd.s 			page 41


 1156      5F2000
 1157 1e48 04       		.byte	0x4
 1158              		.file 11 "E:/NeuOrga/Programmieren/c_cpp/github_os/input/src/os_base/../os_sim/lld_power.h"
 1159 1e49 03       		.byte	0x3
 1160 1e4a 08       		.uleb128 0x8
 1161 1e4b 0B       		.uleb128 0xb
 1162 1e4c 01       		.byte	0x1
 1163 1e4d 02       		.uleb128 0x2
 1164 1e4e 5F6C6C64 		.ascii "_lld_power_h_ \0"
 1164      5F706F77 
 1164      65725F68 
 1164      5F2000
 1165 1e5d 04       		.byte	0x4
 1166              		.file 12 "E:/NeuOrga/Programmieren/c_cpp/github_os/input/src/os_base/../os_sim/lld_ram.h"
 1167 1e5e 03       		.byte	0x3
 1168 1e5f 09       		.uleb128 0x9
 1169 1e60 0C       		.uleb128 0xc
 1170 1e61 01       		.byte	0x1
 1171 1e62 02       		.uleb128 0x2
 1172 1e63 5F6C6C64 		.ascii "_lld_ram_h_ \0"
 1172      5F72616D 
 1172      5F685F20 
 1172      00
 1173 1e70 04       		.byte	0x4
 1174              		.file 13 "E:/NeuOrga/Programmieren/c_cpp/github_os/input/src/os_base/../os_sim/../os_base/os_task_
 1175 1e71 03       		.byte	0x3
 1176 1e72 0A       		.uleb128 0xa
 1177 1e73 0D       		.uleb128 0xd
 1178 1e74 01       		.byte	0x1
 1179 1e75 02       		.uleb128 0x2
 1180 1e76 5F6F735F 		.ascii "_os_task_common_h_ \0"
 1180      7461736B 
 1180      5F636F6D 
 1180      6D6F6E5F 
 1180      685F2000 
 1181 1e8a 03       		.byte	0x3
 1182 1e8b 03       		.uleb128 0x3
 1183 1e8c 07       		.uleb128 0x7
 1184 1e8d 04       		.byte	0x4
 1185              		.file 14 "E:/NeuOrga/Programmieren/c_cpp/github_os/input/src/os_base/../os_sim/../os_base/os_task_
 1186 1e8e 03       		.byte	0x3
 1187 1e8f 04       		.uleb128 0x4
 1188 1e90 0E       		.uleb128 0xe
 1189 1e91 01       		.byte	0x1
 1190 1e92 02       		.uleb128 0x2
 1191 1e93 5F6F735F 		.ascii "_os_task_config_h_ \0"
 1191      7461736B 
 1191      5F636F6E 
 1191      6669675F 
 1191      685F2000 
 1192 1ea7 01       		.byte	0x1
 1193 1ea8 05       		.uleb128 0x5
 1194 1ea9 53636865 		.ascii "SchedulerFrequency (1.0e3)\0"
 1194      64756C65 
 1194      72467265 
 1194      7175656E 
 1194      63792028 
GAS LISTING C:\Users\PRESID~1\AppData\Local\Temp\ccuROLbd.s 			page 42


 1195 1ec4 01       		.byte	0x1
 1196 1ec5 06       		.uleb128 0x6
 1197 1ec6 4D696E54 		.ascii "MinTimeSlice_s (1.0/SchedulerFrequency)\0"
 1197      696D6553 
 1197      6C696365 
 1197      5F732028 
 1197      312E302F 
 1198 1eee 01       		.byte	0x1
 1199 1eef 07       		.uleb128 0x7
 1200 1ef0 4D696E54 		.ascii "MinTimeSlice_us ((1.0/SchedulerFrequency)*1e6)\0"
 1200      696D6553 
 1200      6C696365 
 1200      5F757320 
 1200      2828312E 
 1201 1f1f 01       		.byte	0x1
 1202 1f20 08       		.uleb128 0x8
 1203 1f21 5461736B 		.ascii "Task_min_time (1e0)\0"
 1203      5F6D696E 
 1203      5F74696D 
 1203      65202831 
 1203      65302900 
 1204 1f35 01       		.byte	0x1
 1205 1f36 09       		.uleb128 0x9
 1206 1f37 4E554D42 		.ascii "NUMBER_OF_TASKS 5\0"
 1206      45525F4F 
 1206      465F5441 
 1206      534B5320 
 1206      3500
 1207 1f49 01       		.byte	0x1
 1208 1f4a 0A       		.uleb128 0xa
 1209 1f4b 4D41585F 		.ascii "MAX_RUN_QUEUE_SIZE (NUMBER_OF_TASKS)\0"
 1209      52554E5F 
 1209      51554555 
 1209      455F5349 
 1209      5A452028 
 1210 1f70 01       		.byte	0x1
 1211 1f71 0B       		.uleb128 0xb
 1212 1f72 4D41585F 		.ascii "MAX_RUN_PQUEUE_SIZE MAX_RUN_QUEUE_SIZE\0"
 1212      52554E5F 
 1212      50515545 
 1212      55455F53 
 1212      495A4520 
 1213 1f99 01       		.byte	0x1
 1214 1f9a 0D       		.uleb128 0xd
 1215 1f9b 5441534B 		.ascii "TASK_STACK_SIZE 200\0"
 1215      5F535441 
 1215      434B5F53 
 1215      495A4520 
 1215      32303000 
 1216 1faf 01       		.byte	0x1
 1217 1fb0 10       		.uleb128 0x10
 1218 1fb1 4D535F50 		.ascii "MS_PER_SEC (1000)\0"
 1218      45525F53 
 1218      45432028 
 1218      31303030 
 1218      2900
 1219 1fc3 01       		.byte	0x1
GAS LISTING C:\Users\PRESID~1\AppData\Local\Temp\ccuROLbd.s 			page 43


 1220 1fc4 11       		.uleb128 0x11
 1221 1fc5 5553455F 		.ascii "USE_STATIC_CREATED_TASKS True\0"
 1221      53544154 
 1221      49435F43 
 1221      52454154 
 1221      45445F54 
 1222 1fe3 04       		.byte	0x4
 1223              		.file 15 "E:/NeuOrga/Programmieren/c_cpp/github_os/input/src/os_base/../os_sim/../os_base/os_init_
 1224 1fe4 03       		.byte	0x3
 1225 1fe5 05       		.uleb128 0x5
 1226 1fe6 0F       		.uleb128 0xf
 1227 1fe7 01       		.byte	0x1
 1228 1fe8 02       		.uleb128 0x2
 1229 1fe9 5F6F735F 		.ascii "_os_init_task_system_h_ \0"
 1229      696E6974 
 1229      5F746173 
 1229      6B5F7379 
 1229      7374656D 
 1230 2002 04       		.byte	0x4
 1231 2003 01       		.byte	0x1
 1232 2004 5F       		.uleb128 0x5f
 1233 2005 6F735F53 		.ascii "os_SaveTaskPtr(task_ptr,task_name) (TASK_PTR[(task_name)] = (task_ptr))\0"
 1233      61766554 
 1233      61736B50 
 1233      74722874 
 1233      61736B5F 
 1234 204d 01       		.byte	0x1
 1235 204e 60       		.uleb128 0x60
 1236 204f 6F735F47 		.ascii "os_GetTaskPtr(task_name) ((task_t*) TASK_PTR[(task_name)])\0"
 1236      65745461 
 1236      736B5074 
 1236      72287461 
 1236      736B5F6E 
 1237 208a 04       		.byte	0x4
 1238 208b 04       		.byte	0x4
 1239              		.file 16 "E:/NeuOrga/Programmieren/c_cpp/github_os/input/src/os_base/../os_user_code/led.h"
 1240 208c 03       		.byte	0x3
 1241 208d 0C       		.uleb128 0xc
 1242 208e 10       		.uleb128 0x10
 1243 208f 01       		.byte	0x1
 1244 2090 02       		.uleb128 0x2
 1245 2091 5F4C4544 		.ascii "_LED_H_ \0"
 1245      5F485F20 
 1245      00
 1246 209a 04       		.byte	0x4
 1247              		.file 17 "E:/NeuOrga/Programmieren/c_cpp/github_os/input/src/os_base/../os_base/os_ram.h"
 1248 209b 03       		.byte	0x3
 1249 209c 0E       		.uleb128 0xe
 1250 209d 11       		.uleb128 0x11
 1251 209e 01       		.byte	0x1
 1252 209f 02       		.uleb128 0x2
 1253 20a0 5F4F535F 		.ascii "_OS_RAM_H_ \0"
 1253      52414D5F 
 1253      485F2000 
 1254              		.file 18 "E:/NeuOrga/Programmieren/c_cpp/github_os/input/src/os_base/../os_base/os_firstinc.h"
 1255 20ac 03       		.byte	0x3
 1256 20ad 04       		.uleb128 0x4
GAS LISTING C:\Users\PRESID~1\AppData\Local\Temp\ccuROLbd.s 			page 44


 1257 20ae 12       		.uleb128 0x12
 1258 20af 04       		.byte	0x4
 1259              		.file 19 "E:/NeuOrga/Programmieren/c_cpp/github_os/input/src/os_base/../os_base/os_stack.h"
 1260 20b0 03       		.byte	0x3
 1261 20b1 05       		.uleb128 0x5
 1262 20b2 13       		.uleb128 0x13
 1263 20b3 01       		.byte	0x1
 1264 20b4 02       		.uleb128 0x2
 1265 20b5 5F6F735F 		.ascii "_os_stack_h_ \0"
 1265      73746163 
 1265      6B5F685F 
 1265      2000
 1266 20c3 01       		.byte	0x1
 1267 20c4 04       		.uleb128 0x4
 1268 20c5 4F535F53 		.ascii "OS_STACK_SIZE 0x100\0"
 1268      5441434B 
 1268      5F53495A 
 1268      45203078 
 1268      31303000 
 1269 20d9 01       		.byte	0x1
 1270 20da 06       		.uleb128 0x6
 1271 20db 4F535F53 		.ascii "OS_STACK_SIZE_END 0x01u\0"
 1271      5441434B 
 1271      5F53495A 
 1271      455F454E 
 1271      44203078 
 1272 20f3 04       		.byte	0x4
 1273              		.file 20 "E:/NeuOrga/Programmieren/c_cpp/github_os/input/src/os_base/../os_base/os_heap.h"
 1274 20f4 03       		.byte	0x3
 1275 20f5 06       		.uleb128 0x6
 1276 20f6 14       		.uleb128 0x14
 1277 20f7 01       		.byte	0x1
 1278 20f8 02       		.uleb128 0x2
 1279 20f9 5F6F735F 		.ascii "_os_heap_h_ \0"
 1279      68656170 
 1279      5F685F20 
 1279      00
 1280 2106 01       		.byte	0x1
 1281 2107 05       		.uleb128 0x5
 1282 2108 48454150 		.ascii "HEAP_SIZE 10000\0"
 1282      5F53495A 
 1282      45203130 
 1282      30303000 
 1283 2118 01       		.byte	0x1
 1284 2119 06       		.uleb128 0x6
 1285 211a 4D494E5F 		.ascii "MIN_BLOCK_SIZE_HEAP 8\0"
 1285      424C4F43 
 1285      4B5F5349 
 1285      5A455F48 
 1285      45415020 
 1286 2130 01       		.byte	0x1
 1287 2131 09       		.uleb128 0x9
 1288 2132 48454150 		.ascii "HEAP_OFFSET_FOR_SIZE 0\0"
 1288      5F4F4646 
 1288      5345545F 
 1288      464F525F 
 1288      53495A45 
GAS LISTING C:\Users\PRESID~1\AppData\Local\Temp\ccuROLbd.s 			page 45


 1289 2149 01       		.byte	0x1
 1290 214a 0A       		.uleb128 0xa
 1291 214b 48454150 		.ascii "HEAP_OFFSET_FOR_USED_SIZE 4\0"
 1291      5F4F4646 
 1291      5345545F 
 1291      464F525F 
 1291      55534544 
 1292 2167 01       		.byte	0x1
 1293 2168 0B       		.uleb128 0xb
 1294 2169 48454150 		.ascii "HEAP_OFFSET_FOR_CHUNK 8\0"
 1294      5F4F4646 
 1294      5345545F 
 1294      464F525F 
 1294      4348554E 
 1295 2181 04       		.byte	0x4
 1296              		.file 21 "E:/NeuOrga/Programmieren/c_cpp/github_os/input/src/os_base/../os_base/os_main.h"
 1297 2182 03       		.byte	0x3
 1298 2183 07       		.uleb128 0x7
 1299 2184 15       		.uleb128 0x15
 1300 2185 01       		.byte	0x1
 1301 2186 02       		.uleb128 0x2
 1302 2187 5F6F735F 		.ascii "_os_main_h_ \0"
 1302      6D61696E 
 1302      5F685F20 
 1302      00
 1303 2194 01       		.byte	0x1
 1304 2195 03       		.uleb128 0x3
 1305 2196 6F735F69 		.ascii "os_init 0\0"
 1305      6E697420 
 1305      3000
 1306 21a0 01       		.byte	0x1
 1307 21a1 04       		.uleb128 0x4
 1308 21a2 6F735F72 		.ascii "os_running 1\0"
 1308      756E6E69 
 1308      6E672031 
 1308      00
 1309 21af 01       		.byte	0x1
 1310 21b0 05       		.uleb128 0x5
 1311 21b1 6F735F73 		.ascii "os_shutdown 2\0"
 1311      68757464 
 1311      6F776E20 
 1311      3200
 1312 21bf 04       		.byte	0x4
 1313              		.file 22 "E:/NeuOrga/Programmieren/c_cpp/github_os/input/src/os_base/../os_base/os_task_config.h"
 1314 21c0 03       		.byte	0x3
 1315 21c1 08       		.uleb128 0x8
 1316 21c2 16       		.uleb128 0x16
 1317 21c3 04       		.byte	0x4
 1318              		.file 23 "E:/NeuOrga/Programmieren/c_cpp/github_os/input/src/os_base/../os_base/os_task_common.h"
 1319 21c4 03       		.byte	0x3
 1320 21c5 09       		.uleb128 0x9
 1321 21c6 17       		.uleb128 0x17
 1322 21c7 04       		.byte	0x4
 1323 21c8 04       		.byte	0x4
 1324 21c9 04       		.byte	0x4
 1325 21ca 01       		.byte	0x1
 1326 21cb 03       		.uleb128 0x3
GAS LISTING C:\Users\PRESID~1\AppData\Local\Temp\ccuROLbd.s 			page 46


 1327 21cc 5254455F 		.ascii "RTE_RAM_SIZE_C00C00 0x100\0"
 1327      52414D5F 
 1327      53495A45 
 1327      5F433030 
 1327      43303020 
 1328 21e6 01       		.byte	0x1
 1329 21e7 04       		.uleb128 0x4
 1330 21e8 5254455F 		.ascii "RTE_RAM_SIZE_C00C01 0x100\0"
 1330      52414D5F 
 1330      53495A45 
 1330      5F433030 
 1330      43303120 
 1331 2202 01       		.byte	0x1
 1332 2203 05       		.uleb128 0x5
 1333 2204 5254455F 		.ascii "RTE_RAM_SIZE_C00C02 0x100\0"
 1333      52414D5F 
 1333      53495A45 
 1333      5F433030 
 1333      43303220 
 1334 221e 01       		.byte	0x1
 1335 221f 06       		.uleb128 0x6
 1336 2220 5254455F 		.ascii "RTE_RAM_SIZE_C00C03 0x100\0"
 1336      52414D5F 
 1336      53495A45 
 1336      5F433030 
 1336      43303320 
 1337 223a 01       		.byte	0x1
 1338 223b 07       		.uleb128 0x7
 1339 223c 5254455F 		.ascii "RTE_RAM_SIZE_C01C00 0x100\0"
 1339      52414D5F 
 1339      53495A45 
 1339      5F433031 
 1339      43303020 
 1340 2256 01       		.byte	0x1
 1341 2257 08       		.uleb128 0x8
 1342 2258 5254455F 		.ascii "RTE_RAM_SIZE_C01C01 0x100\0"
 1342      52414D5F 
 1342      53495A45 
 1342      5F433031 
 1342      43303120 
 1343 2272 01       		.byte	0x1
 1344 2273 09       		.uleb128 0x9
 1345 2274 5254455F 		.ascii "RTE_RAM_SIZE_C01C02 0x100\0"
 1345      52414D5F 
 1345      53495A45 
 1345      5F433031 
 1345      43303220 
 1346 228e 01       		.byte	0x1
 1347 228f 0A       		.uleb128 0xa
 1348 2290 5254455F 		.ascii "RTE_RAM_SIZE_C01C03 0x100\0"
 1348      52414D5F 
 1348      53495A45 
 1348      5F433031 
 1348      43303320 
 1349 22aa 01       		.byte	0x1
 1350 22ab 0B       		.uleb128 0xb
 1351 22ac 5254455F 		.ascii "RTE_RAM_SIZE_C02C00 0x100\0"
GAS LISTING C:\Users\PRESID~1\AppData\Local\Temp\ccuROLbd.s 			page 47


 1351      52414D5F 
 1351      53495A45 
 1351      5F433032 
 1351      43303020 
 1352 22c6 01       		.byte	0x1
 1353 22c7 0C       		.uleb128 0xc
 1354 22c8 5254455F 		.ascii "RTE_RAM_SIZE_C02C01 0x100\0"
 1354      52414D5F 
 1354      53495A45 
 1354      5F433032 
 1354      43303120 
 1355 22e2 01       		.byte	0x1
 1356 22e3 0D       		.uleb128 0xd
 1357 22e4 5254455F 		.ascii "RTE_RAM_SIZE_C02C02 0x100\0"
 1357      52414D5F 
 1357      53495A45 
 1357      5F433032 
 1357      43303220 
 1358 22fe 01       		.byte	0x1
 1359 22ff 0E       		.uleb128 0xe
 1360 2300 5254455F 		.ascii "RTE_RAM_SIZE_C02C03 0x100\0"
 1360      52414D5F 
 1360      53495A45 
 1360      5F433032 
 1360      43303320 
 1361 231a 01       		.byte	0x1
 1362 231b 0F       		.uleb128 0xf
 1363 231c 5254455F 		.ascii "RTE_RAM_SIZE_C03C00 0x100\0"
 1363      52414D5F 
 1363      53495A45 
 1363      5F433033 
 1363      43303020 
 1364 2336 01       		.byte	0x1
 1365 2337 10       		.uleb128 0x10
 1366 2338 5254455F 		.ascii "RTE_RAM_SIZE_C03C01 0x100\0"
 1366      52414D5F 
 1366      53495A45 
 1366      5F433033 
 1366      43303120 
 1367 2352 01       		.byte	0x1
 1368 2353 11       		.uleb128 0x11
 1369 2354 5254455F 		.ascii "RTE_RAM_SIZE_C03C02 0x100\0"
 1369      52414D5F 
 1369      53495A45 
 1369      5F433033 
 1369      43303220 
 1370 236e 01       		.byte	0x1
 1371 236f 12       		.uleb128 0x12
 1372 2370 5254455F 		.ascii "RTE_RAM_SIZE_C03C03 0x100\0"
 1372      52414D5F 
 1372      53495A45 
 1372      5F433033 
 1372      43303320 
 1373 238a 04       		.byte	0x4
 1374 238b 00       		.byte	0
 1375              		.section	.debug_line,"dr"
 1376              	Ldebug_line0:
GAS LISTING C:\Users\PRESID~1\AppData\Local\Temp\ccuROLbd.s 			page 48


 1377 0000 F1020000 		.section	.debug_str,"dr"
 1377      0200EB02 
 1377      00000101 
 1377      FB0E0D00 
 1377      01010101 
 1378              		.ident	"GCC: (GNU) 4.9.3"
GAS LISTING C:\Users\PRESID~1\AppData\Local\Temp\ccuROLbd.s 			page 49


DEFINED SYMBOLS
                            *ABS*:00000000 os_shared_ram.c
                            *COM*:00000100 _RAM_BLOCK_C00_C00
                            *COM*:00000100 _RAM_BLOCK_C00_C01
                            *COM*:00000100 _RAM_BLOCK_C00_C02
                            *COM*:00000100 _RAM_BLOCK_C00_C03
                            *COM*:00000100 _RAM_BLOCK_C01_C00
                            *COM*:00000100 _RAM_BLOCK_C01_C01
                            *COM*:00000100 _RAM_BLOCK_C01_C02
                            *COM*:00000100 _RAM_BLOCK_C01_C03
                            *COM*:00000100 _RAM_BLOCK_C02_C00
                            *COM*:00000100 _RAM_BLOCK_C02_C01
                            *COM*:00000100 _RAM_BLOCK_C02_C02
                            *COM*:00000100 _RAM_BLOCK_C02_C03
                            *COM*:00000100 _RAM_BLOCK_C03_C00
                            *COM*:00000100 _RAM_BLOCK_C03_C01
                            *COM*:00000100 _RAM_BLOCK_C03_C02
                            *COM*:00000100 _RAM_BLOCK_C03_C03

NO UNDEFINED SYMBOLS
