In file included from E:\NeuOrga\Programmieren\c_cpp\github_os\input\src\os_base\os_task_queue.c:4:0:
E:\NeuOrga\Programmieren\c_cpp\github_os\input\src\os_base\os_task_scheduler.h:12:0: warning: "OS_SAVE_TASK_PTR" redefined
 #define OS_SAVE_TASK_PTR(task_ptr, Task_n_ptr)
 ^
In file included from E:\NeuOrga\Programmieren\c_cpp\github_os\input\src\os_base\..\os_sim\lld_global.h:10:0,
                 from E:\NeuOrga\Programmieren\c_cpp\github_os\input\src\os_base\os_firstinc.h:9,
                 from E:\NeuOrga\Programmieren\c_cpp\github_os\input\src\os_base\os_task_queue.c:1:
E:\NeuOrga\Programmieren\c_cpp\github_os\input\src\os_base\..\os_sim\..\os_base\os_task_common.h:95:0: note: this is the location of the previous definition
 #define OS_SAVE_TASK_PTR(task_ptr, task_name) (TASK_PTR[(task_name)] = (task_ptr))
 ^
E:\NeuOrga\Programmieren\c_cpp\github_os\input\src\os_base\os_task_queue.c: In function 'SET_RUNNING_TASK':
E:\NeuOrga\Programmieren\c_cpp\github_os\input\src\os_base\os_task_queue.c:81:26: error: 'task_t' has no member named 'stack_size'
       (&RUNNING_TASK[0u])->stack_size                       = task->stack_size;
                          ^
E:\NeuOrga\Programmieren\c_cpp\github_os\input\src\os_base\os_task_queue.c:81:67: error: 'task_t' has no member named 'stack_size'
       (&RUNNING_TASK[0u])->stack_size                       = task->stack_size;
                                                                   ^
E:\NeuOrga\Programmieren\c_cpp\github_os\input\src\os_base\os_task_queue.c: In function 'ADD_TO_TASK_QUEUE':
E:\NeuOrga\Programmieren\c_cpp\github_os\input\src\os_base\os_task_queue.c:157:36: error: 'task_t' has no member named 'stack_size'
       (&TASK_RUN_QUEUE[element_nr])->stack_size                       = task->stack_size;
                                    ^
E:\NeuOrga\Programmieren\c_cpp\github_os\input\src\os_base\os_task_queue.c:157:77: error: 'task_t' has no member named 'stack_size'
       (&TASK_RUN_QUEUE[element_nr])->stack_size                       = task->stack_size;
                                                                             ^
E:\NeuOrga\Programmieren\c_cpp\github_os\input\src\os_base\os_task_queue.c: In function 'DELETE_FROM_TASK_QUEUE':
E:\NeuOrga\Programmieren\c_cpp\github_os\input\src\os_base\os_task_queue.c:182:52: error: 'Task_unspecified' undeclared (first use in this function)
    task->task_state                            =   Task_unspecified;
                                                    ^
E:\NeuOrga\Programmieren\c_cpp\github_os\input\src\os_base\os_task_queue.c:182:52: note: each undeclared identifier is reported only once for each function it appears in
E:\NeuOrga\Programmieren\c_cpp\github_os\input\src\os_base\os_task_queue.c:209:8: error: 'task_t' has no member named 'stack_size'
    task->stack_size                             =   0u       ;
        ^
E:\NeuOrga\Programmieren\c_cpp\github_os\input\src\os_base\os_task_queue.c: In function 'ADD_TO_IDLE_TASK_QUEUE':
E:\NeuOrga\Programmieren\c_cpp\github_os\input\src\os_base\os_task_queue.c:303:73: error: 'Task_ready' undeclared (first use in this function)
       (&TASK_IDLE_QUEUE[0u])->task_state                            =   Task_ready             ;
                                                                         ^
E:\NeuOrga\Programmieren\c_cpp\github_os\input\src\os_base\os_task_queue.c:330:29: error: 'task_t' has no member named 'stack_size'
       (&TASK_IDLE_QUEUE[0u])->stack_size                             =   task->stack_size        ;
                             ^
E:\NeuOrga\Programmieren\c_cpp\github_os\input\src\os_base\os_task_queue.c:330:78: error: 'task_t' has no member named 'stack_size'
       (&TASK_IDLE_QUEUE[0u])->stack_size                             =   task->stack_size        ;
                                                                              ^
E:\NeuOrga\Programmieren\c_cpp\github_os\input\src\os_base\os_task_queue.c: In function 'OS_INIT_TASK':
E:\NeuOrga\Programmieren\c_cpp\github_os\input\src\os_base\os_task_queue.c:372:35: error: 'Task_unspecified' undeclared (first use in this function)
       OS_TASK_STATE_REQUEST(task, Task_unspecified);
                                   ^
E:\NeuOrga\Programmieren\c_cpp\github_os\input\src\os_base\os_task_queue.c:383:11: error: 'task_t' has no member named 'stack_size'
       task->stack_size             = uStackSize;
           ^
E:\NeuOrga\Programmieren\c_cpp\github_os\input\src\os_base\os_task_queue.c:389:21: error: 'os_bug_null_pointer' undeclared (first use in this function)
       OS_SET_SW_BUG(os_bug_null_pointer, Func_InitTask);
                     ^
E:\NeuOrga\Programmieren\c_cpp\github_os\input\src\os_base\os_task_queue.c:389:42: error: 'Func_InitTask' undeclared (first use in this function)
       OS_SET_SW_BUG(os_bug_null_pointer, Func_InitTask);
                                          ^
