In file included from E:\NeuOrga\Programmieren\c_cpp\github_os\input\src\os_base\os_task_common.c:3:0:
E:\NeuOrga\Programmieren\c_cpp\github_os\input\src\os_base\os_task_scheduler.h:12:0: warning: "OS_SAVE_TASK_PTR" redefined
 #define OS_SAVE_TASK_PTR(task_ptr, Task_n_ptr)
 ^
In file included from E:\NeuOrga\Programmieren\c_cpp\github_os\input\src\os_base\..\os_sim\lld_global.h:10:0,
                 from E:\NeuOrga\Programmieren\c_cpp\github_os\input\src\os_base\os_firstinc.h:9,
                 from E:\NeuOrga\Programmieren\c_cpp\github_os\input\src\os_base\os_task_common.c:1:
E:\NeuOrga\Programmieren\c_cpp\github_os\input\src\os_base\..\os_sim\..\os_base\os_task_common.h:95:0: note: this is the location of the previous definition
 #define OS_SAVE_TASK_PTR(task_ptr, task_name) (TASK_PTR[(task_name)] = (task_ptr))
 ^
E:\NeuOrga\Programmieren\c_cpp\github_os\input\src\os_base\os_task_common.c: In function 'OS_TASK_SAVE_TASK_ENVIRONMENT':
E:\NeuOrga\Programmieren\c_cpp\github_os\input\src\os_base\os_task_common.c:32:21: error: 'os_bug_null_pointer' undeclared (first use in this function)
       OS_SET_SW_BUG(os_bug_null_pointer,Func_SaveTaskEnvironment);
                     ^
E:\NeuOrga\Programmieren\c_cpp\github_os\input\src\os_base\os_task_common.c:32:21: note: each undeclared identifier is reported only once for each function it appears in
E:\NeuOrga\Programmieren\c_cpp\github_os\input\src\os_base\os_task_common.c:32:41: error: 'Func_SaveTaskEnvironment' undeclared (first use in this function)
       OS_SET_SW_BUG(os_bug_null_pointer,Func_SaveTaskEnvironment);
                                         ^
E:\NeuOrga\Programmieren\c_cpp\github_os\input\src\os_base\os_task_common.c: In function 'OS_TASK_RESTORETASK_ENVIRONMENT':
E:\NeuOrga\Programmieren\c_cpp\github_os\input\src\os_base\os_task_common.c:46:21: error: 'os_bug_null_pointer' undeclared (first use in this function)
       OS_SET_SW_BUG(os_bug_null_pointer,Func_RestoreTaskEnvironment);
                     ^
E:\NeuOrga\Programmieren\c_cpp\github_os\input\src\os_base\os_task_common.c:46:41: error: 'Func_RestoreTaskEnvironment' undeclared (first use in this function)
       OS_SET_SW_BUG(os_bug_null_pointer,Func_RestoreTaskEnvironment);
                                         ^
E:\NeuOrga\Programmieren\c_cpp\github_os\input\src\os_base\os_task_common.c: In function 'OS_TASK_INIT_TASK_ENVIRONMENT':
E:\NeuOrga\Programmieren\c_cpp\github_os\input\src\os_base\os_task_common.c:96:74: error: 'Task_unspecified' undeclared (first use in this function)
       task->task_state                       =                           Task_unspecified;
                                                                          ^
E:\NeuOrga\Programmieren\c_cpp\github_os\input\src\os_base\os_task_common.c:106:21: error: 'os_bug_null_pointer' undeclared (first use in this function)
       OS_SET_SW_BUG(os_bug_null_pointer,Func_InitTaskEnvironment);
                     ^
E:\NeuOrga\Programmieren\c_cpp\github_os\input\src\os_base\os_task_common.c:106:41: error: 'Func_InitTaskEnvironment' undeclared (first use in this function)
       OS_SET_SW_BUG(os_bug_null_pointer,Func_InitTaskEnvironment);
                                         ^
