"Target_ARM" 
30.04.2018 17:20:11,66 
"preprocess it" 
arm-none-eabi-gcc: error: E:\NeuOrga\Programmieren\c_cpp\github_os\input\src\os_base\os_acl.c: No such file or directory
arm-none-eabi-gcc: fatal error: no input files
compilation terminated.
arm-none-eabi-gcc: error: E:\NeuOrga\Programmieren\c_cpp\github_os\input\src\os_base\os_common.c: No such file or directory
arm-none-eabi-gcc: fatal error: no input files
compilation terminated.
arm-none-eabi-gcc: error: E:\NeuOrga\Programmieren\c_cpp\github_os\input\src\os_base\os_driver_hook.c: No such file or directory
arm-none-eabi-gcc: fatal error: no input files
compilation terminated.
arm-none-eabi-gcc: error: E:\NeuOrga\Programmieren\c_cpp\github_os\input\src\os_base\os_exception.c: No such file or directory
arm-none-eabi-gcc: fatal error: no input files
compilation terminated.
arm-none-eabi-gcc: error: E:\NeuOrga\Programmieren\c_cpp\github_os\input\src\os_base\os_exception_isr_handler.c: No such file or directory
arm-none-eabi-gcc: fatal error: no input files
compilation terminated.
arm-none-eabi-gcc: error: E:\NeuOrga\Programmieren\c_cpp\github_os\input\src\os_base\os_exception_table.c: No such file or directory
arm-none-eabi-gcc: fatal error: no input files
compilation terminated.
arm-none-eabi-gcc: error: E:\NeuOrga\Programmieren\c_cpp\github_os\input\src\os_base\os_init_task_system.c: No such file or directory
arm-none-eabi-gcc: fatal error: no input files
compilation terminated.
arm-none-eabi-gcc: error: E:\NeuOrga\Programmieren\c_cpp\github_os\input\src\os_base\os_main.c: No such file or directory
arm-none-eabi-gcc: fatal error: no input files
compilation terminated.
arm-none-eabi-gcc: error: E:\NeuOrga\Programmieren\c_cpp\github_os\input\src\os_base\os_memory_mmu_setup.c: No such file or directory
arm-none-eabi-gcc: fatal error: no input files
compilation terminated.
arm-none-eabi-gcc: error: E:\NeuOrga\Programmieren\c_cpp\github_os\input\src\os_base\os_rte_common.c: No such file or directory
arm-none-eabi-gcc: fatal error: no input files
compilation terminated.
arm-none-eabi-gcc: error: E:\NeuOrga\Programmieren\c_cpp\github_os\input\src\os_base\os_rte_icc.c: No such file or directory
arm-none-eabi-gcc: fatal error: no input files
compilation terminated.
arm-none-eabi-gcc: error: E:\NeuOrga\Programmieren\c_cpp\github_os\input\src\os_base\os_shutdown.c: No such file or directory
arm-none-eabi-gcc: fatal error: no input files
compilation terminated.
arm-none-eabi-gcc: error: E:\NeuOrga\Programmieren\c_cpp\github_os\input\src\os_base\os_start_ext_prg.c: No such file or directory
arm-none-eabi-gcc: fatal error: no input files
compilation terminated.
arm-none-eabi-gcc: error: E:\NeuOrga\Programmieren\c_cpp\github_os\input\src\os_base\os_start_init_hw.c: No such file or directory
arm-none-eabi-gcc: fatal error: no input files
compilation terminated.
arm-none-eabi-gcc: error: E:\NeuOrga\Programmieren\c_cpp\github_os\input\src\os_base\os_start_init_mc.c: No such file or directory
arm-none-eabi-gcc: fatal error: no input files
compilation terminated.
arm-none-eabi-gcc: error: E:\NeuOrga\Programmieren\c_cpp\github_os\input\src\os_base\os_start_init_sw.c: No such file or directory
arm-none-eabi-gcc: fatal error: no input files
compilation terminated.
arm-none-eabi-gcc: error: E:\NeuOrga\Programmieren\c_cpp\github_os\input\src\os_base\os_start_os.c: No such file or directory
arm-none-eabi-gcc: fatal error: no input files
compilation terminated.
arm-none-eabi-gcc: error: E:\NeuOrga\Programmieren\c_cpp\github_os\input\src\os_base\os_task_common.c: No such file or directory
arm-none-eabi-gcc: fatal error: no input files
compilation terminated.
arm-none-eabi-gcc: error: E:\NeuOrga\Programmieren\c_cpp\github_os\input\src\os_base\os_task_queue.c: No such file or directory
arm-none-eabi-gcc: fatal error: no input files
compilation terminated.
arm-none-eabi-gcc: error: E:\NeuOrga\Programmieren\c_cpp\github_os\input\src\os_base\os_task_scheduler.c: No such file or directory
arm-none-eabi-gcc: fatal error: no input files
compilation terminated.
arm-none-eabi-gcc: error: E:\NeuOrga\Programmieren\c_cpp\github_os\input\src\os_base\os_ram.c: No such file or directory
arm-none-eabi-gcc: fatal error: no input files
compilation terminated.
arm-none-eabi-gcc: error: E:\NeuOrga\Programmieren\c_cpp\github_os\input\src\os_base\os_shared_ram.c: No such file or directory
arm-none-eabi-gcc: fatal error: no input files
compilation terminated.
arm-none-eabi-gcc: error: E:\NeuOrga\Programmieren\c_cpp\github_os\input\src\os_base\os_const.c: No such file or directory
arm-none-eabi-gcc: fatal error: no input files
compilation terminated.
arm-none-eabi-gcc: error: E:\NeuOrga\Programmieren\c_cpp\github_os\input\src\os_base\os_stack.c: No such file or directory
arm-none-eabi-gcc: fatal error: no input files
compilation terminated.
arm-none-eabi-gcc: error: E:\NeuOrga\Programmieren\c_cpp\github_os\input\src\os_base\os_heap.c: No such file or directory
arm-none-eabi-gcc: fatal error: no input files
compilation terminated.
arm-none-eabi-gcc: error: E:\NeuOrga\Programmieren\c_cpp\github_os\input\src\os_base\os_diagnostic_main.c: No such file or directory
arm-none-eabi-gcc: fatal error: no input files
compilation terminated.
arm-none-eabi-gcc: error: E:\NeuOrga\Programmieren\c_cpp\github_os\input\src\os_drivers\hal_driver_adc.c: No such file or directory
arm-none-eabi-gcc: fatal error: no input files
compilation terminated.
arm-none-eabi-gcc: error: E:\NeuOrga\Programmieren\c_cpp\github_os\input\src\os_drivers\hal_driver_can.c: No such file or directory
arm-none-eabi-gcc: fatal error: no input files
compilation terminated.
arm-none-eabi-gcc: error: E:\NeuOrga\Programmieren\c_cpp\github_os\input\src\os_drivers\hal_driver_fs_fat.c: No such file or directory
arm-none-eabi-gcc: fatal error: no input files
compilation terminated.
arm-none-eabi-gcc: error: E:\NeuOrga\Programmieren\c_cpp\github_os\input\src\os_drivers\hal_driver_gpio.c: No such file or directory
arm-none-eabi-gcc: fatal error: no input files
compilation terminated.
arm-none-eabi-gcc: error: E:\NeuOrga\Programmieren\c_cpp\github_os\input\src\os_drivers\hal_driver_sci.c: No such file or directory
arm-none-eabi-gcc: fatal error: no input files
compilation terminated.
arm-none-eabi-gcc: error: E:\NeuOrga\Programmieren\c_cpp\github_os\input\src\os_drivers\hal_driver_xyz.c: No such file or directory
arm-none-eabi-gcc: fatal error: no input files
compilation terminated.
arm-none-eabi-gcc: error: E:\NeuOrga\Programmieren\c_cpp\github_os\input\src\os_drivers\lld_can.c: No such file or directory
arm-none-eabi-gcc: fatal error: no input files
compilation terminated.
arm-none-eabi-gcc: error: E:\NeuOrga\Programmieren\c_cpp\github_os\input\src\os_drivers\lld_global.c: No such file or directory
arm-none-eabi-gcc: fatal error: no input files
compilation terminated.
arm-none-eabi-gcc: error: E:\NeuOrga\Programmieren\c_cpp\github_os\input\src\os_drivers\lld_interrupt.c: No such file or directory
arm-none-eabi-gcc: fatal error: no input files
compilation terminated.
arm-none-eabi-gcc: error: E:\NeuOrga\Programmieren\c_cpp\github_os\input\src\os_drivers\lld_mmu.c: No such file or directory
arm-none-eabi-gcc: fatal error: no input files
compilation terminated.
arm-none-eabi-gcc: error: E:\NeuOrga\Programmieren\c_cpp\github_os\input\src\os_drivers\lld_ram.c: No such file or directory
arm-none-eabi-gcc: fatal error: no input files
compilation terminated.
arm-none-eabi-gcc: error: E:\NeuOrga\Programmieren\c_cpp\github_os\input\src\os_drivers\lld_timer.c: No such file or directory
arm-none-eabi-gcc: fatal error: no input files
compilation terminated.
arm-none-eabi-gcc: error: E:\NeuOrga\Programmieren\c_cpp\github_os\input\src\os_drivers\lld_watchdog.c: No such file or directory
arm-none-eabi-gcc: fatal error: no input files
compilation terminated.
arm-none-eabi-gcc: error: E:\NeuOrga\Programmieren\c_cpp\github_os\input\src\os_drivers\lld_power.c: No such file or directory
arm-none-eabi-gcc: fatal error: no input files
compilation terminated.
arm-none-eabi-gcc: error: E:\NeuOrga\Programmieren\c_cpp\github_os\input\src\os_user_code\led.c: No such file or directory
arm-none-eabi-gcc: fatal error: no input files
compilation terminated.
"create assembly listings" 
"compile it" 
arm-none-eabi-gcc: error: E:\NeuOrga\Programmieren\c_cpp\github_os\input\src\os_base\os_acl.c: No such file or directory
arm-none-eabi-gcc: fatal error: no input files
compilation terminated.
arm-none-eabi-gcc: error: E:\NeuOrga\Programmieren\c_cpp\github_os\input\src\os_base\os_common.c: No such file or directory
arm-none-eabi-gcc: fatal error: no input files
compilation terminated.
arm-none-eabi-gcc: error: E:\NeuOrga\Programmieren\c_cpp\github_os\input\src\os_base\os_driver_hook.c: No such file or directory
arm-none-eabi-gcc: fatal error: no input files
compilation terminated.
arm-none-eabi-gcc: error: E:\NeuOrga\Programmieren\c_cpp\github_os\input\src\os_base\os_exception.c: No such file or directory
arm-none-eabi-gcc: fatal error: no input files
compilation terminated.
arm-none-eabi-gcc: error: E:\NeuOrga\Programmieren\c_cpp\github_os\input\src\os_base\os_exception_isr_handler.c: No such file or directory
arm-none-eabi-gcc: fatal error: no input files
compilation terminated.
arm-none-eabi-gcc: error: E:\NeuOrga\Programmieren\c_cpp\github_os\input\src\os_base\os_exception_table.c: No such file or directory
arm-none-eabi-gcc: fatal error: no input files
compilation terminated.
arm-none-eabi-gcc: error: E:\NeuOrga\Programmieren\c_cpp\github_os\input\src\os_base\os_init_task_system.c: No such file or directory
arm-none-eabi-gcc: fatal error: no input files
compilation terminated.
arm-none-eabi-gcc: error: E:\NeuOrga\Programmieren\c_cpp\github_os\input\src\os_base\os_main.c: No such file or directory
arm-none-eabi-gcc: fatal error: no input files
compilation terminated.
arm-none-eabi-gcc: error: E:\NeuOrga\Programmieren\c_cpp\github_os\input\src\os_base\os_memory_mmu_setup.c: No such file or directory
arm-none-eabi-gcc: fatal error: no input files
compilation terminated.
arm-none-eabi-gcc: error: E:\NeuOrga\Programmieren\c_cpp\github_os\input\src\os_base\os_rte_common.c: No such file or directory
arm-none-eabi-gcc: fatal error: no input files
compilation terminated.
arm-none-eabi-gcc: error: E:\NeuOrga\Programmieren\c_cpp\github_os\input\src\os_base\os_rte_icc.c: No such file or directory
arm-none-eabi-gcc: fatal error: no input files
compilation terminated.
arm-none-eabi-gcc: error: E:\NeuOrga\Programmieren\c_cpp\github_os\input\src\os_base\os_shutdown.c: No such file or directory
arm-none-eabi-gcc: fatal error: no input files
compilation terminated.
arm-none-eabi-gcc: error: E:\NeuOrga\Programmieren\c_cpp\github_os\input\src\os_base\os_start_ext_prg.c: No such file or directory
arm-none-eabi-gcc: fatal error: no input files
compilation terminated.
arm-none-eabi-gcc: error: E:\NeuOrga\Programmieren\c_cpp\github_os\input\src\os_base\os_start_init_hw.c: No such file or directory
arm-none-eabi-gcc: fatal error: no input files
compilation terminated.
arm-none-eabi-gcc: error: E:\NeuOrga\Programmieren\c_cpp\github_os\input\src\os_base\os_start_init_mc.c: No such file or directory
arm-none-eabi-gcc: fatal error: no input files
compilation terminated.
arm-none-eabi-gcc: error: E:\NeuOrga\Programmieren\c_cpp\github_os\input\src\os_base\os_start_init_sw.c: No such file or directory
arm-none-eabi-gcc: fatal error: no input files
compilation terminated.
arm-none-eabi-gcc: error: E:\NeuOrga\Programmieren\c_cpp\github_os\input\src\os_base\os_start_os.c: No such file or directory
arm-none-eabi-gcc: fatal error: no input files
compilation terminated.
arm-none-eabi-gcc: error: E:\NeuOrga\Programmieren\c_cpp\github_os\input\src\os_base\os_task_common.c: No such file or directory
arm-none-eabi-gcc: fatal error: no input files
compilation terminated.
arm-none-eabi-gcc: error: E:\NeuOrga\Programmieren\c_cpp\github_os\input\src\os_base\os_task_queue.c: No such file or directory
arm-none-eabi-gcc: fatal error: no input files
compilation terminated.
arm-none-eabi-gcc: error: E:\NeuOrga\Programmieren\c_cpp\github_os\input\src\os_base\os_task_scheduler.c: No such file or directory
arm-none-eabi-gcc: fatal error: no input files
compilation terminated.
arm-none-eabi-gcc: error: E:\NeuOrga\Programmieren\c_cpp\github_os\input\src\os_base\os_ram.c: No such file or directory
arm-none-eabi-gcc: fatal error: no input files
compilation terminated.
arm-none-eabi-gcc: error: E:\NeuOrga\Programmieren\c_cpp\github_os\input\src\os_base\os_shared_ram.c: No such file or directory
arm-none-eabi-gcc: fatal error: no input files
compilation terminated.
arm-none-eabi-gcc: error: E:\NeuOrga\Programmieren\c_cpp\github_os\input\src\os_base\os_const.c: No such file or directory
arm-none-eabi-gcc: fatal error: no input files
compilation terminated.
arm-none-eabi-gcc: error: E:\NeuOrga\Programmieren\c_cpp\github_os\input\src\os_base\os_stack.c: No such file or directory
arm-none-eabi-gcc: fatal error: no input files
compilation terminated.
arm-none-eabi-gcc: error: E:\NeuOrga\Programmieren\c_cpp\github_os\input\src\os_base\os_heap.c: No such file or directory
arm-none-eabi-gcc: fatal error: no input files
compilation terminated.
arm-none-eabi-gcc: error: E:\NeuOrga\Programmieren\c_cpp\github_os\input\src\os_base\os_diagnostic_main.c: No such file or directory
arm-none-eabi-gcc: fatal error: no input files
compilation terminated.
arm-none-eabi-gcc: error: E:\NeuOrga\Programmieren\c_cpp\github_os\input\src\os_drivers\hal_driver_adc.c: No such file or directory
arm-none-eabi-gcc: fatal error: no input files
compilation terminated.
arm-none-eabi-gcc: error: E:\NeuOrga\Programmieren\c_cpp\github_os\input\src\os_drivers\hal_driver_can.c: No such file or directory
arm-none-eabi-gcc: fatal error: no input files
compilation terminated.
arm-none-eabi-gcc: error: E:\NeuOrga\Programmieren\c_cpp\github_os\input\src\os_drivers\hal_driver_fs_fat.c: No such file or directory
arm-none-eabi-gcc: fatal error: no input files
compilation terminated.
arm-none-eabi-gcc: error: E:\NeuOrga\Programmieren\c_cpp\github_os\input\src\os_drivers\hal_driver_gpio.c: No such file or directory
arm-none-eabi-gcc: fatal error: no input files
compilation terminated.
arm-none-eabi-gcc: error: E:\NeuOrga\Programmieren\c_cpp\github_os\input\src\os_drivers\hal_driver_sci.c: No such file or directory
arm-none-eabi-gcc: fatal error: no input files
compilation terminated.
arm-none-eabi-gcc: error: E:\NeuOrga\Programmieren\c_cpp\github_os\input\src\os_drivers\hal_driver_xyz.c: No such file or directory
arm-none-eabi-gcc: fatal error: no input files
compilation terminated.
arm-none-eabi-gcc: error: E:\NeuOrga\Programmieren\c_cpp\github_os\input\src\os_drivers\lld_can.c: No such file or directory
arm-none-eabi-gcc: fatal error: no input files
compilation terminated.
arm-none-eabi-gcc: error: E:\NeuOrga\Programmieren\c_cpp\github_os\input\src\os_drivers\lld_global.c: No such file or directory
arm-none-eabi-gcc: fatal error: no input files
compilation terminated.
arm-none-eabi-gcc: error: E:\NeuOrga\Programmieren\c_cpp\github_os\input\src\os_drivers\lld_interrupt.c: No such file or directory
arm-none-eabi-gcc: fatal error: no input files
compilation terminated.
arm-none-eabi-gcc: error: E:\NeuOrga\Programmieren\c_cpp\github_os\input\src\os_drivers\lld_mmu.c: No such file or directory
arm-none-eabi-gcc: fatal error: no input files
compilation terminated.
arm-none-eabi-gcc: error: E:\NeuOrga\Programmieren\c_cpp\github_os\input\src\os_drivers\lld_ram.c: No such file or directory
arm-none-eabi-gcc: fatal error: no input files
compilation terminated.
arm-none-eabi-gcc: error: E:\NeuOrga\Programmieren\c_cpp\github_os\input\src\os_drivers\lld_timer.c: No such file or directory
arm-none-eabi-gcc: fatal error: no input files
compilation terminated.
arm-none-eabi-gcc: error: E:\NeuOrga\Programmieren\c_cpp\github_os\input\src\os_drivers\lld_watchdog.c: No such file or directory
arm-none-eabi-gcc: fatal error: no input files
compilation terminated.
arm-none-eabi-gcc: error: E:\NeuOrga\Programmieren\c_cpp\github_os\input\src\os_drivers\lld_power.c: No such file or directory
arm-none-eabi-gcc: fatal error: no input files
compilation terminated.
arm-none-eabi-gcc: error: E:\NeuOrga\Programmieren\c_cpp\github_os\input\src\os_user_code\led.c: No such file or directory
arm-none-eabi-gcc: fatal error: no input files
compilation terminated.
"assemble it" 
arm-none-eabi-gcc: error: E:\NeuOrga\Programmieren\c_cpp\github_os\input\src\os_base\os_acl.c: No such file or directory
arm-none-eabi-gcc: fatal error: no input files
compilation terminated.
arm-none-eabi-gcc: error: E:\NeuOrga\Programmieren\c_cpp\github_os\input\src\os_base\os_common.c: No such file or directory
arm-none-eabi-gcc: fatal error: no input files
compilation terminated.
arm-none-eabi-gcc: error: E:\NeuOrga\Programmieren\c_cpp\github_os\input\src\os_base\os_driver_hook.c: No such file or directory
arm-none-eabi-gcc: fatal error: no input files
compilation terminated.
arm-none-eabi-gcc: error: E:\NeuOrga\Programmieren\c_cpp\github_os\input\src\os_base\os_exception.c: No such file or directory
arm-none-eabi-gcc: fatal error: no input files
compilation terminated.
arm-none-eabi-gcc: error: E:\NeuOrga\Programmieren\c_cpp\github_os\input\src\os_base\os_exception_isr_handler.c: No such file or directory
arm-none-eabi-gcc: fatal error: no input files
compilation terminated.
arm-none-eabi-gcc: error: E:\NeuOrga\Programmieren\c_cpp\github_os\input\src\os_base\os_exception_table.c: No such file or directory
arm-none-eabi-gcc: fatal error: no input files
compilation terminated.
arm-none-eabi-gcc: error: E:\NeuOrga\Programmieren\c_cpp\github_os\input\src\os_base\os_init_task_system.c: No such file or directory
arm-none-eabi-gcc: fatal error: no input files
compilation terminated.
arm-none-eabi-gcc: error: E:\NeuOrga\Programmieren\c_cpp\github_os\input\src\os_base\os_main.c: No such file or directory
arm-none-eabi-gcc: fatal error: no input files
compilation terminated.
arm-none-eabi-gcc: error: E:\NeuOrga\Programmieren\c_cpp\github_os\input\src\os_base\os_memory_mmu_setup.c: No such file or directory
arm-none-eabi-gcc: fatal error: no input files
compilation terminated.
arm-none-eabi-gcc: error: E:\NeuOrga\Programmieren\c_cpp\github_os\input\src\os_base\os_rte_common.c: No such file or directory
arm-none-eabi-gcc: fatal error: no input files
compilation terminated.
arm-none-eabi-gcc: error: E:\NeuOrga\Programmieren\c_cpp\github_os\input\src\os_base\os_rte_icc.c: No such file or directory
arm-none-eabi-gcc: fatal error: no input files
compilation terminated.
arm-none-eabi-gcc: error: E:\NeuOrga\Programmieren\c_cpp\github_os\input\src\os_base\os_shutdown.c: No such file or directory
arm-none-eabi-gcc: fatal error: no input files
compilation terminated.
arm-none-eabi-gcc: error: E:\NeuOrga\Programmieren\c_cpp\github_os\input\src\os_base\os_start_ext_prg.c: No such file or directory
arm-none-eabi-gcc: fatal error: no input files
compilation terminated.
arm-none-eabi-gcc: error: E:\NeuOrga\Programmieren\c_cpp\github_os\input\src\os_base\os_start_init_hw.c: No such file or directory
arm-none-eabi-gcc: fatal error: no input files
compilation terminated.
arm-none-eabi-gcc: error: E:\NeuOrga\Programmieren\c_cpp\github_os\input\src\os_base\os_start_init_mc.c: No such file or directory
arm-none-eabi-gcc: fatal error: no input files
compilation terminated.
arm-none-eabi-gcc: error: E:\NeuOrga\Programmieren\c_cpp\github_os\input\src\os_base\os_start_init_sw.c: No such file or directory
arm-none-eabi-gcc: fatal error: no input files
compilation terminated.
arm-none-eabi-gcc: error: E:\NeuOrga\Programmieren\c_cpp\github_os\input\src\os_base\os_start_os.c: No such file or directory
arm-none-eabi-gcc: fatal error: no input files
compilation terminated.
arm-none-eabi-gcc: error: E:\NeuOrga\Programmieren\c_cpp\github_os\input\src\os_base\os_task_common.c: No such file or directory
arm-none-eabi-gcc: fatal error: no input files
compilation terminated.
arm-none-eabi-gcc: error: E:\NeuOrga\Programmieren\c_cpp\github_os\input\src\os_base\os_task_queue.c: No such file or directory
arm-none-eabi-gcc: fatal error: no input files
compilation terminated.
arm-none-eabi-gcc: error: E:\NeuOrga\Programmieren\c_cpp\github_os\input\src\os_base\os_task_scheduler.c: No such file or directory
arm-none-eabi-gcc: fatal error: no input files
compilation terminated.
arm-none-eabi-gcc: error: E:\NeuOrga\Programmieren\c_cpp\github_os\input\src\os_base\os_ram.c: No such file or directory
arm-none-eabi-gcc: fatal error: no input files
compilation terminated.
arm-none-eabi-gcc: error: E:\NeuOrga\Programmieren\c_cpp\github_os\input\src\os_base\os_shared_ram.c: No such file or directory
arm-none-eabi-gcc: fatal error: no input files
compilation terminated.
arm-none-eabi-gcc: error: E:\NeuOrga\Programmieren\c_cpp\github_os\input\src\os_base\os_const.c: No such file or directory
arm-none-eabi-gcc: fatal error: no input files
compilation terminated.
arm-none-eabi-gcc: error: E:\NeuOrga\Programmieren\c_cpp\github_os\input\src\os_base\os_stack.c: No such file or directory
arm-none-eabi-gcc: fatal error: no input files
compilation terminated.
arm-none-eabi-gcc: error: E:\NeuOrga\Programmieren\c_cpp\github_os\input\src\os_base\os_heap.c: No such file or directory
arm-none-eabi-gcc: fatal error: no input files
compilation terminated.
arm-none-eabi-gcc: error: E:\NeuOrga\Programmieren\c_cpp\github_os\input\src\os_base\os_diagnostic_main.c: No such file or directory
arm-none-eabi-gcc: fatal error: no input files
compilation terminated.
arm-none-eabi-gcc: error: E:\NeuOrga\Programmieren\c_cpp\github_os\input\src\os_drivers\hal_driver_adc.c: No such file or directory
arm-none-eabi-gcc: fatal error: no input files
compilation terminated.
arm-none-eabi-gcc: error: E:\NeuOrga\Programmieren\c_cpp\github_os\input\src\os_drivers\hal_driver_can.c: No such file or directory
arm-none-eabi-gcc: fatal error: no input files
compilation terminated.
arm-none-eabi-gcc: error: E:\NeuOrga\Programmieren\c_cpp\github_os\input\src\os_drivers\hal_driver_fs_fat.c: No such file or directory
arm-none-eabi-gcc: fatal error: no input files
compilation terminated.
arm-none-eabi-gcc: error: E:\NeuOrga\Programmieren\c_cpp\github_os\input\src\os_drivers\hal_driver_gpio.c: No such file or directory
arm-none-eabi-gcc: fatal error: no input files
compilation terminated.
arm-none-eabi-gcc: error: E:\NeuOrga\Programmieren\c_cpp\github_os\input\src\os_drivers\hal_driver_sci.c: No such file or directory
arm-none-eabi-gcc: fatal error: no input files
compilation terminated.
arm-none-eabi-gcc: error: E:\NeuOrga\Programmieren\c_cpp\github_os\input\src\os_drivers\hal_driver_xyz.c: No such file or directory
arm-none-eabi-gcc: fatal error: no input files
compilation terminated.
arm-none-eabi-gcc: error: E:\NeuOrga\Programmieren\c_cpp\github_os\input\src\os_drivers\lld_can.c: No such file or directory
arm-none-eabi-gcc: fatal error: no input files
compilation terminated.
arm-none-eabi-gcc: error: E:\NeuOrga\Programmieren\c_cpp\github_os\input\src\os_drivers\lld_global.c: No such file or directory
arm-none-eabi-gcc: fatal error: no input files
compilation terminated.
arm-none-eabi-gcc: error: E:\NeuOrga\Programmieren\c_cpp\github_os\input\src\os_drivers\lld_interrupt.c: No such file or directory
arm-none-eabi-gcc: fatal error: no input files
compilation terminated.
arm-none-eabi-gcc: error: E:\NeuOrga\Programmieren\c_cpp\github_os\input\src\os_drivers\lld_mmu.c: No such file or directory
arm-none-eabi-gcc: fatal error: no input files
compilation terminated.
arm-none-eabi-gcc: error: E:\NeuOrga\Programmieren\c_cpp\github_os\input\src\os_drivers\lld_ram.c: No such file or directory
arm-none-eabi-gcc: fatal error: no input files
compilation terminated.
arm-none-eabi-gcc: error: E:\NeuOrga\Programmieren\c_cpp\github_os\input\src\os_drivers\lld_timer.c: No such file or directory
arm-none-eabi-gcc: fatal error: no input files
compilation terminated.
arm-none-eabi-gcc: error: E:\NeuOrga\Programmieren\c_cpp\github_os\input\src\os_drivers\lld_watchdog.c: No such file or directory
arm-none-eabi-gcc: fatal error: no input files
compilation terminated.
arm-none-eabi-gcc: error: E:\NeuOrga\Programmieren\c_cpp\github_os\input\src\os_drivers\lld_power.c: No such file or directory
arm-none-eabi-gcc: fatal error: no input files
compilation terminated.
arm-none-eabi-gcc: error: E:\NeuOrga\Programmieren\c_cpp\github_os\input\src\os_user_code\led.c: No such file or directory
arm-none-eabi-gcc: fatal error: no input files
compilation terminated.
"link it" 
arm-none-eabi-gcc: error: E:\NeuOrga\Programmieren\c_cpp\github_os\input\tools\link_arm.lnk: No such file or directory
