-------------------

Error occurred on Saturday, February 23, 2019 at 16:18:32.

codeblocks.exe caused an Access Violation at location 02D36B17 in module SpellChecker.dll Reading from location 00000000.

Registers:
eax=00000000 ebx=05cf0830 ecx=00000000 edx=6f727020 esi=0028d94c edi=02ac0590
eip=02d36b17 esp=0028d790 ebp=0028d898 iopl=0         nv up ei pl zr na po nc
cs=0023  ss=002b  ds=002b  es=002b  fs=0053  gs=002b             efl=00010246

AddrPC   Params
02D36B17 00000001 0028D8DC 00000028  SpellChecker.dll!0x16b17
618B986A 18FD42CB 61B89C40 61CD0640  codeblocks.dll!PluginManager::OnScriptModuleMenu
7529B106 00000001 037F0C7F 42C00000  msvcrt.dll!_free

codeblocks.exe	17.12.0.0
ntdll.dll   	6.3.9600.18895
KERNEL32.DLL	6.3.9600.17415
KERNELBASE.dll	6.3.9600.19178
COMCTL32.DLL	6.10.9600.18006
msvcrt.dll  	7.0.9600.17415
SHELL32.DLL 	6.3.9600.19125
SHFOLDER.DLL	6.3.9600.17415
USER32.dll  	6.3.9600.18535
wxmsw28u_gcc_cb.dll	2.8.12.0
codeblocks.dll
wxpropgrid.dll
exchndl.dll 	0.8.2.0
GDI32.dll   	6.3.9600.19202
combase.dll 	6.3.9600.19227
SHLWAPI.dll 	6.3.9600.17415
ADVAPI32.DLL	6.3.9600.18895
COMDLG32.DLL	6.3.9600.17415
OLE32.dll   	6.3.9600.19178
OLEAUT32.DLL	6.3.9600.19003
RPCRT4.dll  	6.3.9600.19202
WINMM.DLL   	6.3.9600.17415
WINSPOOL.DRV	6.3.9600.19064
WSOCK32.DLL 	6.3.9600.17415
mgwhelp.dll 	0.8.2.0
PSAPI.DLL   	6.3.9600.17415
VERSION.dll 	6.3.9600.17415
sechost.dll 	6.3.9600.17734
SHCORE.DLL  	6.3.9600.17666
SspiCli.dll 	6.3.9600.18454
WINMMBASE.dll	6.3.9600.17415
WS2_32.dll  	6.3.9600.18340
dbghelp.dll 	6.3.9600.17336
CRYPTBASE.dll	6.3.9600.17415
cfgmgr32.dll	6.3.9600.17415
DEVOBJ.dll  	6.3.9600.17415
NSI.dll     	6.3.9600.17415
bcryptPrimitives.dll	6.3.9600.18895
IMM32.DLL   	6.3.9600.17415
MSCTF.dll   	6.3.9600.18819
kernel.appcore.dll	6.3.9600.17415
uxtheme.dll 	6.3.9600.18835
dwmapi.dll  	6.3.9600.17415
CRYPTSP.dll 	6.3.9600.17415
rsaenh.dll  	6.3.9600.18191
bcrypt.dll  	6.3.9600.18541
msftedit.DLL	6.3.9600.18818
MSIMG32.dll 	6.3.9600.17415
clbcatq.dll 	2001.12.10530.17415
Windows.Globalization.dll	6.3.9600.19175
Bcp47Langs.dll	6.3.9600.17415
globinputhost.dll	6.3.9600.17415
abbreviations.dll
astyle.dll
autosave.dll
AutoVersioning.dll
BrowseTracker.dll
byogames.dll
cb_koders.dll
Cccc.dll
classwizard.dll
codecompletion.dll
codesnippets.dll
codestat.dll
compiler.dll
copystrings.dll
CppCheck.dll
Cscope.dll
debugger.dll
defaultmimehandler.dll
devpakupdater.dll
DoxyBlocks.dll	1.7.663.8397
DragScroll.dll
EditorConfig.dll
EditorTweaks.dll
envvars.dll
Exporter.dll
FileManager.dll
FortranProject.dll
headerfixup.dll
help_plugin.dll
HexEditor.dll
IncrementalSearch.dll
keybinder.dll
lib_finder.dll
wxflatnotebook.dll
MouseSap.dll
NassiShneiderman.dll
OccurrencesHighlighting.dll
openfileslist.dll
Profiler.dll
ProjectOptionsManipulator.dll
projectsimporter.dll
RegExTestbed.dll
ReopenEditor.dll
rndgen.dll
scriptedwizard.dll
SmartIndentCpp.dll
SmartIndentFortran.dll
SmartIndentHDL.dll
SmartIndentLua.dll
SmartIndentPascal.dll
SmartIndentPython.dll
SmartIndentXML.dll
SpellChecker.dll
SymTab.dll
ThreadSearch.dll
wxcustombutton.dll
todo.dll
ToolsPlus.dll
wxsmith.dll
wxsmithlib.dll
wxSmithAui.dll
wxSmithContribItems.dll
wxchartctrl.dll
wxdatetimepicker.dll
wximagepanel.dll
wxkwic.dll
wxled.dll
wxmathplot.dll
wxspeedbutton.dll
wxtreelist.dll
xpmanifest.dll
WININET.dll 	11.0.9600.19267
iertutil.dll	11.0.9600.19267
USERENV.dll 	6.3.9600.17415
profapi.dll 	6.3.9600.17415
Secur32.dll 	6.3.9600.17415
ondemandconnroutehelper.dll	6.3.9600.17415
winhttp.dll 	6.3.9600.19254
mswsock.dll 	6.3.9600.18340
IPHLPAPI.DLL	6.3.9600.18264
WINNSI.DLL  	6.3.9600.17415
DNSAPI.dll  	6.3.9600.19060
urlmon.dll  	11.0.9600.19267
rasadhlp.dll	6.3.9600.17415
fwpuclnt.dll	6.3.9600.18229
CRYPT32.dll 	6.3.9600.18653
MSASN1.dll  	6.3.9600.17415
schannel.dll	6.3.9600.19140
WINTRUST.dll	6.3.9600.18508
gpapi.dll   	6.3.9600.18339
ncrypt.dll  	6.3.9600.18970
NTASN1.dll  	6.3.9600.17415
cryptnet.dll	6.3.9600.18878
WLDAP32.dll 	6.3.9600.19028
ncryptsslp.dll	6.3.9600.18377

Windows 6.3.9600
DrMingw 0.8.2

