ARM GAS  C:\Users\PRESID~1\AppData\Local\Temp\ccR3qkOQ.s 			page 1


   1              		.cpu cortex-m4
   2              		.eabi_attribute 20, 1
   3              		.eabi_attribute 21, 1
   4              		.eabi_attribute 23, 3
   5              		.eabi_attribute 24, 1
   6              		.eabi_attribute 25, 1
   7              		.eabi_attribute 26, 1
   8              		.eabi_attribute 30, 2
   9              		.eabi_attribute 34, 1
  10              		.eabi_attribute 18, 4
  11              		.file	"led.c"
  12              		.text
  13              	.Ltext0:
  14              		.cfi_sections	.debug_frame
  15              		.align	1
  16              		.p2align 2,,3
  17              		.global	USER_LED_INIT
  18              		.arch armv7e-m
  19              		.syntax unified
  20              		.thumb
  21              		.thumb_func
  22              		.fpu softvfp
  24              	USER_LED_INIT:
  25              	.LVL0:
  26              	.LFB0:
  27              		.file 1 "C:\\Users\\president\\Desktop\\sbx\\input\\src\\os_user_code\\led.c"
   1:C:\Users\president\Desktop\sbx\input\src\os_user_code\led.c **** #include "..\os_base\os_firstinc.h"
   2:C:\Users\president\Desktop\sbx\input\src\os_user_code\led.c **** #include "led.h"
   3:C:\Users\president\Desktop\sbx\input\src\os_user_code\led.c **** 
   4:C:\Users\president\Desktop\sbx\input\src\os_user_code\led.c **** void USER_LED_INIT(led_t Led)
   5:C:\Users\president\Desktop\sbx\input\src\os_user_code\led.c **** {
  28              		.loc 1 5 1 view -0
  29              		.cfi_startproc
  30              		@ args = 0, pretend = 0, frame = 0
  31              		@ frame_needed = 0, uses_anonymous_args = 0
  32              		@ link register save eliminated.
   6:C:\Users\president\Desktop\sbx\input\src\os_user_code\led.c ****    REFERENCE_UNUSED_PARAMETER(Led);/* Tag: LED */
  33              		.loc 1 6 4 view .LVU1
   7:C:\Users\president\Desktop\sbx\input\src\os_user_code\led.c **** }
  34              		.loc 1 7 1 is_stmt 0 view .LVU2
  35 0000 7047     		bx	lr
  36              		.cfi_endproc
  37              	.LFE0:
  39              		.align	1
  40 0002 00BF     		.p2align 2,,3
  41              		.global	USER_LED_ON
  42              		.syntax unified
  43              		.thumb
  44              		.thumb_func
  45              		.fpu softvfp
  47              	USER_LED_ON:
  48              	.LFB5:
  49              		.cfi_startproc
  50              		@ args = 0, pretend = 0, frame = 0
  51              		@ frame_needed = 0, uses_anonymous_args = 0
  52              		@ link register save eliminated.
  53 0004 7047     		bx	lr
ARM GAS  C:\Users\PRESID~1\AppData\Local\Temp\ccR3qkOQ.s 			page 2


  54              		.cfi_endproc
  55              	.LFE5:
  57              		.align	1
  58 0006 00BF     		.p2align 2,,3
  59              		.global	USER_LED_OFF
  60              		.syntax unified
  61              		.thumb
  62              		.thumb_func
  63              		.fpu softvfp
  65              	USER_LED_OFF:
  66              	.LFB7:
  67              		.cfi_startproc
  68              		@ args = 0, pretend = 0, frame = 0
  69              		@ frame_needed = 0, uses_anonymous_args = 0
  70              		@ link register save eliminated.
  71 0008 7047     		bx	lr
  72              		.cfi_endproc
  73              	.LFE7:
  75              		.align	1
  76 000a 00BF     		.p2align 2,,3
  77              		.global	USER_LED_TOGGLE
  78              		.syntax unified
  79              		.thumb
  80              		.thumb_func
  81              		.fpu softvfp
  83              	USER_LED_TOGGLE:
  84              	.LFB9:
  85              		.cfi_startproc
  86              		@ args = 0, pretend = 0, frame = 0
  87              		@ frame_needed = 0, uses_anonymous_args = 0
  88              		@ link register save eliminated.
  89 000c 7047     		bx	lr
  90              		.cfi_endproc
  91              	.LFE9:
  93              	.Letext0:
  94              		.file 2 "c:\\users\\president\\desktop\\sbx\\input\\src\\os_base\\os_base_types.h"
  95              		.file 3 "c:\\users\\president\\desktop\\sbx\\input\\src\\os_base\\os_common.h"
  96              		.file 4 "c:\\users\\president\\desktop\\sbx\\input\\src\\os_drivers\\lld_core.h"
  97              		.file 5 "c:\\users\\president\\desktop\\sbx\\input\\src\\os_base\\os_task_common.h"
  98              		.file 6 "c:\\users\\president\\desktop\\sbx\\input\\src\\os_user_code\\led.h"
  99              		.file 7 "c:\\users\\president\\desktop\\sbx\\input\\src\\os_base\\os_main.h"
 100              		.file 8 "c:\\users\\president\\desktop\\sbx\\input\\src\\os_base\\os_ram.h"
 101              		.file 9 "c:\\users\\president\\desktop\\sbx\\input\\src\\os_base\\os_ram_stack.h"
ARM GAS  C:\Users\PRESID~1\AppData\Local\Temp\ccR3qkOQ.s 			page 3


DEFINED SYMBOLS
                            *ABS*:00000000 led.c
C:\Users\PRESID~1\AppData\Local\Temp\ccR3qkOQ.s:15     .text:00000000 $t
C:\Users\PRESID~1\AppData\Local\Temp\ccR3qkOQ.s:24     .text:00000000 USER_LED_INIT
C:\Users\PRESID~1\AppData\Local\Temp\ccR3qkOQ.s:47     .text:00000004 USER_LED_ON
C:\Users\PRESID~1\AppData\Local\Temp\ccR3qkOQ.s:65     .text:00000008 USER_LED_OFF
C:\Users\PRESID~1\AppData\Local\Temp\ccR3qkOQ.s:83     .text:0000000c USER_LED_TOGGLE
                           .group:00000000 wm4.0.e31f5ef4b602e0fe12ffa66337bb63a5
                           .group:00000000 wm4.os_config.h.2.f6eac9d90a921b6f21f0ccaa4f0194d3
                           .group:00000000 wm4.os_common.h.2.552e5427eb955534308d342b866fde4e
                           .group:00000000 wm4.os_task_config.h.2.6666b50e8a518cf90a10402c04d546aa
                           .group:00000000 wm4.os_task_common.h.95.8d8bf4690dc541f58a865736bc15fd8a

NO UNDEFINED SYMBOLS
