ARM GAS  C:\Users\PRESID~1\AppData\Local\Temp\cchFmXTh.s 			page 1


   1              		.cpu cortex-m4
   2              		.eabi_attribute 20, 1
   3              		.eabi_attribute 21, 1
   4              		.eabi_attribute 23, 3
   5              		.eabi_attribute 24, 1
   6              		.eabi_attribute 25, 1
   7              		.eabi_attribute 26, 1
   8              		.eabi_attribute 30, 6
   9              		.eabi_attribute 34, 1
  10              		.eabi_attribute 18, 4
  11              		.file	"led.c"
  12              		.text
  13              	.Ltext0:
  14              		.cfi_sections	.debug_frame
  15              		.align	1
  16              		.global	USER_LED_INIT
  17              		.syntax unified
  18              		.thumb
  19              		.thumb_func
  20              		.fpu softvfp
  22              	USER_LED_INIT:
  23              	.LFB0:
  24              		.file 1 "E:\\NeuOrga\\Programmieren\\c_cpp\\github_os\\input\\src\\os_user_code\\led.c"
   1:E:\NeuOrga\Programmieren\c_cpp\github_os\input\src\os_user_code\led.c **** #include "..\os_base\os_firstinc.h"
   2:E:\NeuOrga\Programmieren\c_cpp\github_os\input\src\os_user_code\led.c **** #include "led.h"
   3:E:\NeuOrga\Programmieren\c_cpp\github_os\input\src\os_user_code\led.c **** 
   4:E:\NeuOrga\Programmieren\c_cpp\github_os\input\src\os_user_code\led.c **** void USER_LED_INIT(led_t Led)
   5:E:\NeuOrga\Programmieren\c_cpp\github_os\input\src\os_user_code\led.c **** {
  25              		.loc 1 5 0
  26              		.cfi_startproc
  27              		@ args = 0, pretend = 0, frame = 8
  28              		@ frame_needed = 1, uses_anonymous_args = 0
  29              		@ link register save eliminated.
  30 0000 80B4     		push	{r7}
  31              		.cfi_def_cfa_offset 4
  32              		.cfi_offset 7, -4
  33 0002 83B0     		sub	sp, sp, #12
  34              		.cfi_def_cfa_offset 16
  35 0004 00AF     		add	r7, sp, #0
  36              		.cfi_def_cfa_register 7
  37 0006 0346     		mov	r3, r0
  38 0008 FB71     		strb	r3, [r7, #7]
   6:E:\NeuOrga\Programmieren\c_cpp\github_os\input\src\os_user_code\led.c ****    ReferenceUnusedParameter(Led);
   7:E:\NeuOrga\Programmieren\c_cpp\github_os\input\src\os_user_code\led.c **** }
  39              		.loc 1 7 0
  40 000a 00BF     		nop
  41 000c 0C37     		adds	r7, r7, #12
  42              		.cfi_def_cfa_offset 4
  43 000e BD46     		mov	sp, r7
  44              		.cfi_def_cfa_register 13
  45              		@ sp needed
  46 0010 80BC     		pop	{r7}
  47              		.cfi_restore 7
  48              		.cfi_def_cfa_offset 0
  49 0012 7047     		bx	lr
  50              		.cfi_endproc
  51              	.LFE0:
ARM GAS  C:\Users\PRESID~1\AppData\Local\Temp\cchFmXTh.s 			page 2


  53              		.align	1
  54              		.global	USER_LED_ON
  55              		.syntax unified
  56              		.thumb
  57              		.thumb_func
  58              		.fpu softvfp
  60              	USER_LED_ON:
  61              	.LFB1:
   8:E:\NeuOrga\Programmieren\c_cpp\github_os\input\src\os_user_code\led.c **** 
   9:E:\NeuOrga\Programmieren\c_cpp\github_os\input\src\os_user_code\led.c **** void USER_LED_ON(led_t Led)
  10:E:\NeuOrga\Programmieren\c_cpp\github_os\input\src\os_user_code\led.c **** {
  62              		.loc 1 10 0
  63              		.cfi_startproc
  64              		@ args = 0, pretend = 0, frame = 8
  65              		@ frame_needed = 1, uses_anonymous_args = 0
  66              		@ link register save eliminated.
  67 0014 80B4     		push	{r7}
  68              		.cfi_def_cfa_offset 4
  69              		.cfi_offset 7, -4
  70 0016 83B0     		sub	sp, sp, #12
  71              		.cfi_def_cfa_offset 16
  72 0018 00AF     		add	r7, sp, #0
  73              		.cfi_def_cfa_register 7
  74 001a 0346     		mov	r3, r0
  75 001c FB71     		strb	r3, [r7, #7]
  11:E:\NeuOrga\Programmieren\c_cpp\github_os\input\src\os_user_code\led.c ****    ReferenceUnusedParameter(Led);
  12:E:\NeuOrga\Programmieren\c_cpp\github_os\input\src\os_user_code\led.c **** }
  76              		.loc 1 12 0
  77 001e 00BF     		nop
  78 0020 0C37     		adds	r7, r7, #12
  79              		.cfi_def_cfa_offset 4
  80 0022 BD46     		mov	sp, r7
  81              		.cfi_def_cfa_register 13
  82              		@ sp needed
  83 0024 80BC     		pop	{r7}
  84              		.cfi_restore 7
  85              		.cfi_def_cfa_offset 0
  86 0026 7047     		bx	lr
  87              		.cfi_endproc
  88              	.LFE1:
  90              		.align	1
  91              		.global	USER_LED_OFF
  92              		.syntax unified
  93              		.thumb
  94              		.thumb_func
  95              		.fpu softvfp
  97              	USER_LED_OFF:
  98              	.LFB2:
  13:E:\NeuOrga\Programmieren\c_cpp\github_os\input\src\os_user_code\led.c **** 
  14:E:\NeuOrga\Programmieren\c_cpp\github_os\input\src\os_user_code\led.c **** void USER_LED_OFF(led_t Led)
  15:E:\NeuOrga\Programmieren\c_cpp\github_os\input\src\os_user_code\led.c **** {
  99              		.loc 1 15 0
 100              		.cfi_startproc
 101              		@ args = 0, pretend = 0, frame = 8
 102              		@ frame_needed = 1, uses_anonymous_args = 0
 103              		@ link register save eliminated.
 104 0028 80B4     		push	{r7}
ARM GAS  C:\Users\PRESID~1\AppData\Local\Temp\cchFmXTh.s 			page 3


 105              		.cfi_def_cfa_offset 4
 106              		.cfi_offset 7, -4
 107 002a 83B0     		sub	sp, sp, #12
 108              		.cfi_def_cfa_offset 16
 109 002c 00AF     		add	r7, sp, #0
 110              		.cfi_def_cfa_register 7
 111 002e 0346     		mov	r3, r0
 112 0030 FB71     		strb	r3, [r7, #7]
  16:E:\NeuOrga\Programmieren\c_cpp\github_os\input\src\os_user_code\led.c ****    ReferenceUnusedParameter(Led);
  17:E:\NeuOrga\Programmieren\c_cpp\github_os\input\src\os_user_code\led.c **** }
 113              		.loc 1 17 0
 114 0032 00BF     		nop
 115 0034 0C37     		adds	r7, r7, #12
 116              		.cfi_def_cfa_offset 4
 117 0036 BD46     		mov	sp, r7
 118              		.cfi_def_cfa_register 13
 119              		@ sp needed
 120 0038 80BC     		pop	{r7}
 121              		.cfi_restore 7
 122              		.cfi_def_cfa_offset 0
 123 003a 7047     		bx	lr
 124              		.cfi_endproc
 125              	.LFE2:
 127              		.align	1
 128              		.global	USER_LED_TOGGLE
 129              		.syntax unified
 130              		.thumb
 131              		.thumb_func
 132              		.fpu softvfp
 134              	USER_LED_TOGGLE:
 135              	.LFB3:
  18:E:\NeuOrga\Programmieren\c_cpp\github_os\input\src\os_user_code\led.c **** 
  19:E:\NeuOrga\Programmieren\c_cpp\github_os\input\src\os_user_code\led.c **** void USER_LED_TOGGLE(led_t Led)
  20:E:\NeuOrga\Programmieren\c_cpp\github_os\input\src\os_user_code\led.c **** {
 136              		.loc 1 20 0
 137              		.cfi_startproc
 138              		@ args = 0, pretend = 0, frame = 8
 139              		@ frame_needed = 1, uses_anonymous_args = 0
 140              		@ link register save eliminated.
 141 003c 80B4     		push	{r7}
 142              		.cfi_def_cfa_offset 4
 143              		.cfi_offset 7, -4
 144 003e 83B0     		sub	sp, sp, #12
 145              		.cfi_def_cfa_offset 16
 146 0040 00AF     		add	r7, sp, #0
 147              		.cfi_def_cfa_register 7
 148 0042 0346     		mov	r3, r0
 149 0044 FB71     		strb	r3, [r7, #7]
  21:E:\NeuOrga\Programmieren\c_cpp\github_os\input\src\os_user_code\led.c ****    ReferenceUnusedParameter(Led);   
  22:E:\NeuOrga\Programmieren\c_cpp\github_os\input\src\os_user_code\led.c **** }...
 150              		.loc 1 22 0
 151 0046 00BF     		nop
 152 0048 0C37     		adds	r7, r7, #12
 153              		.cfi_def_cfa_offset 4
 154 004a BD46     		mov	sp, r7
 155              		.cfi_def_cfa_register 13
 156              		@ sp needed
ARM GAS  C:\Users\PRESID~1\AppData\Local\Temp\cchFmXTh.s 			page 4


 157 004c 80BC     		pop	{r7}
 158              		.cfi_restore 7
 159              		.cfi_def_cfa_offset 0
 160 004e 7047     		bx	lr
 161              		.cfi_endproc
 162              	.LFE3:
 164              	.Letext0:
 165              		.file 2 "e:\\neuorga\\programmieren\\c_cpp\\github_os\\input\\src\\os_base\\os_base_types.h"
 166              		.file 3 "e:\\neuorga\\programmieren\\c_cpp\\github_os\\input\\src\\os_base\\os_ram.h"
 167              		.file 4 "e:\\neuorga\\programmieren\\c_cpp\\github_os\\input\\src\\os_drivers\\lld_core.h"
 168              		.file 5 "e:\\neuorga\\programmieren\\c_cpp\\github_os\\input\\src\\os_base\\os_task_common.h"
 169              		.file 6 "e:\\neuorga\\programmieren\\c_cpp\\github_os\\input\\src\\os_user_code\\led.h"
ARM GAS  C:\Users\PRESID~1\AppData\Local\Temp\cchFmXTh.s 			page 5


DEFINED SYMBOLS
                            *ABS*:00000000 led.c
C:\Users\PRESID~1\AppData\Local\Temp\cchFmXTh.s:15     .text:00000000 $t
C:\Users\PRESID~1\AppData\Local\Temp\cchFmXTh.s:22     .text:00000000 USER_LED_INIT
C:\Users\PRESID~1\AppData\Local\Temp\cchFmXTh.s:60     .text:00000014 USER_LED_ON
C:\Users\PRESID~1\AppData\Local\Temp\cchFmXTh.s:97     .text:00000028 USER_LED_OFF
C:\Users\PRESID~1\AppData\Local\Temp\cchFmXTh.s:134    .text:0000003c USER_LED_TOGGLE
                           .group:00000000 wm4.0.aa75c0738974a382baf71fbad152c229
                           .group:00000000 wm4.os_base_types.h.2.f3c0267f175f5cbacca6b71710665a02
                           .group:00000000 wm4.os_common.h.2.c6c04bcf238b83a2cba2b703b96f6544
                           .group:00000000 wm4.os_stack.h.2.19e5f67d3b2f1e569581f0c055512986
                           .group:00000000 wm4.os_heap.h.2.89074aae455d2462b5952479e3530dd1
                           .group:00000000 wm4.os_main.h.2.1f66ae3841c27bd36097fa1d2e1fe6a7
                           .group:00000000 wm4.os_task_config.h.2.7cfaa082f19f6144d85c64ce1f04b914
                           .group:00000000 wm4.os_task_common.h.93.9db5c540899793a03f331176d195d033

NO UNDEFINED SYMBOLS
