ARM GAS  C:\Users\PRESID~1\AppData\Local\Temp\ccNSVnJt.s 			page 1


   1              		.cpu cortex-m4
   2              		.eabi_attribute 20, 1
   3              		.eabi_attribute 21, 1
   4              		.eabi_attribute 23, 3
   5              		.eabi_attribute 24, 1
   6              		.eabi_attribute 25, 1
   7              		.eabi_attribute 26, 1
   8              		.eabi_attribute 30, 2
   9              		.eabi_attribute 34, 1
  10              		.eabi_attribute 18, 4
  11              		.file	"os_const.c"
  12              		.text
  13              	.Ltext0:
  14              		.cfi_sections	.debug_frame
  15              	.Letext0:
  16              		.file 1 "e:\\neuorga\\programmieren\\c_cpp\\github_os\\input\\src\\os_base\\os_base_types.h"
  17              		.file 2 "e:\\neuorga\\programmieren\\c_cpp\\github_os\\input\\src\\os_base\\os_common.h"
  18              		.file 3 "e:\\neuorga\\programmieren\\c_cpp\\github_os\\input\\src\\os_drivers\\lld_core.h"
  19              		.file 4 "e:\\neuorga\\programmieren\\c_cpp\\github_os\\input\\src\\os_base\\os_task_common.h"
  20              		.file 5 "e:\\neuorga\\programmieren\\c_cpp\\github_os\\input\\src\\os_base\\os_main.h"
  21              		.file 6 "e:\\neuorga\\programmieren\\c_cpp\\github_os\\input\\src\\os_base\\os_ram.h"
  22              		.file 7 "e:\\neuorga\\programmieren\\c_cpp\\github_os\\input\\src\\os_base\\os_ram_stack.h"
ARM GAS  C:\Users\PRESID~1\AppData\Local\Temp\ccNSVnJt.s 			page 2


DEFINED SYMBOLS
                            *ABS*:00000000 os_const.c
                           .group:00000000 wm4.0.d67ddeb5d3f434a0386bf4e126239e16
                           .group:00000000 wm4.os_config.h.2.f6eac9d90a921b6f21f0ccaa4f0194d3
                           .group:00000000 wm4.os_common.h.2.e5c031aba705597809847d8f8f7643a5
                           .group:00000000 wm4.os_task_config.h.2.6666b50e8a518cf90a10402c04d546aa
                           .group:00000000 wm4.os_task_common.h.95.8d8bf4690dc541f58a865736bc15fd8a

NO UNDEFINED SYMBOLS
