ARM GAS  C:\Users\PRESID~1\AppData\Local\Temp\ccpUdPt6.s 			page 1


   1              		.cpu cortex-m4
   2              		.eabi_attribute 20, 1
   3              		.eabi_attribute 21, 1
   4              		.eabi_attribute 23, 3
   5              		.eabi_attribute 24, 1
   6              		.eabi_attribute 25, 1
   7              		.eabi_attribute 26, 1
   8              		.eabi_attribute 30, 2
   9              		.eabi_attribute 34, 1
  10              		.eabi_attribute 18, 4
  11              		.file	"os_common.c"
  12              		.text
  13              	.Ltext0:
  14              		.cfi_sections	.debug_frame
  15              		.align	1
  16              		.p2align 2,,3
  17              		.global	OS_SetSwBug
  18              		.syntax unified
  19              		.thumb
  20              		.thumb_func
  21              		.fpu softvfp
  23              	OS_SetSwBug:
  24              	.LFB0:
  25              		.file 1 "E:\\NeuOrga\\Programmieren\\c_cpp\\github_os\\input\\src\\os_base\\os_common.c"
   1:E:\NeuOrga\Programmieren\c_cpp\github_os\input\src\os_base\os_common.c **** #include "os_firstinc.h"
   2:E:\NeuOrga\Programmieren\c_cpp\github_os\input\src\os_base\os_common.c **** #include "os_task_common.h"
   3:E:\NeuOrga\Programmieren\c_cpp\github_os\input\src\os_base\os_common.c **** 
   4:E:\NeuOrga\Programmieren\c_cpp\github_os\input\src\os_base\os_common.c **** void OS_SetSwBug(os_sw_bugs_t bug_nr, os_sw_bugs_function_t task_func_nr)
   5:E:\NeuOrga\Programmieren\c_cpp\github_os\input\src\os_base\os_common.c **** {
  26              		.loc 1 5 0
  27              		.cfi_startproc
  28              		@ args = 0, pretend = 0, frame = 0
  29              		@ frame_needed = 0, uses_anonymous_args = 0
  30              		@ link register save eliminated.
  31              	.LVL0:
   6:E:\NeuOrga\Programmieren\c_cpp\github_os\input\src\os_base\os_common.c ****    OS_SW_BUG[task_func_nr] = bug_nr;
  32              		.loc 1 6 0
  33 0000 014B     		ldr	r3, .L3
  34 0002 5854     		strb	r0, [r3, r1]
   7:E:\NeuOrga\Programmieren\c_cpp\github_os\input\src\os_base\os_common.c **** }
  35              		.loc 1 7 0
  36 0004 7047     		bx	lr
  37              	.L4:
  38 0006 00BF     		.align	2
  39              	.L3:
  40 0008 00000000 		.word	OS_SW_BUG
  41              		.cfi_endproc
  42              	.LFE0:
  44              		.align	1
  45              		.p2align 2,,3
  46              		.global	OS_GetCurrentTime
  47              		.syntax unified
  48              		.thumb
  49              		.thumb_func
  50              		.fpu softvfp
  52              	OS_GetCurrentTime:
  53              	.LFB1:
ARM GAS  C:\Users\PRESID~1\AppData\Local\Temp\ccpUdPt6.s 			page 2


   8:E:\NeuOrga\Programmieren\c_cpp\github_os\input\src\os_base\os_common.c **** unsigned_int32_t OS_GetCurrentTime(void)
   9:E:\NeuOrga\Programmieren\c_cpp\github_os\input\src\os_base\os_common.c **** {
  54              		.loc 1 9 0
  55              		.cfi_startproc
  56              		@ args = 0, pretend = 0, frame = 0
  57              		@ frame_needed = 0, uses_anonymous_args = 0
  58              		@ link register save eliminated.
  10:E:\NeuOrga\Programmieren\c_cpp\github_os\input\src\os_base\os_common.c ****    return (0);
  11:E:\NeuOrga\Programmieren\c_cpp\github_os\input\src\os_base\os_common.c **** }
  59              		.loc 1 11 0
  60 000c 0020     		movs	r0, #0
  61 000e 7047     		bx	lr
  62              		.cfi_endproc
  63              	.LFE1:
  65              	.Letext0:
  66              		.file 2 "e:\\neuorga\\programmieren\\c_cpp\\github_os\\input\\src\\os_base\\os_base_types.h"
  67              		.file 3 "e:\\neuorga\\programmieren\\c_cpp\\github_os\\input\\src\\os_base\\os_common.h"
  68              		.file 4 "e:\\neuorga\\programmieren\\c_cpp\\github_os\\input\\src\\os_drivers\\lld_core.h"
  69              		.file 5 "e:\\neuorga\\programmieren\\c_cpp\\github_os\\input\\src\\os_base\\os_task_common.h"
  70              		.file 6 "e:\\neuorga\\programmieren\\c_cpp\\github_os\\input\\src\\os_base\\os_ram.h"
ARM GAS  C:\Users\PRESID~1\AppData\Local\Temp\ccpUdPt6.s 			page 3


DEFINED SYMBOLS
                            *ABS*:00000000 os_common.c
C:\Users\PRESID~1\AppData\Local\Temp\ccpUdPt6.s:15     .text:00000000 $t
C:\Users\PRESID~1\AppData\Local\Temp\ccpUdPt6.s:23     .text:00000000 OS_SetSwBug
C:\Users\PRESID~1\AppData\Local\Temp\ccpUdPt6.s:40     .text:00000008 $d
C:\Users\PRESID~1\AppData\Local\Temp\ccpUdPt6.s:44     .text:0000000c $t
C:\Users\PRESID~1\AppData\Local\Temp\ccpUdPt6.s:52     .text:0000000c OS_GetCurrentTime
                           .group:00000000 wm4.0.d67ddeb5d3f434a0386bf4e126239e16
                           .group:00000000 wm4.os_base_types.h.2.f3c0267f175f5cbacca6b71710665a02
                           .group:00000000 wm4.os_common.h.2.eb6279ca092455f62aa554ec1864872d
                           .group:00000000 wm4.os_task_config.h.2.a73335dbec9f276504b3b94e79d1d898
                           .group:00000000 wm4.os_task_common.h.95.eb4fc951d6d8ca08a3f35501d742a960
                           .group:00000000 wm4.os_stack.h.2.a33fb8b396f31bed4bacb411e67ef75c
                           .group:00000000 wm4.os_heap.h.2.89074aae455d2462b5952479e3530dd1
                           .group:00000000 wm4.os_main.h.2.1f66ae3841c27bd36097fa1d2e1fe6a7

UNDEFINED SYMBOLS
OS_SW_BUG
