ARM GAS  C:\Users\PRESID~1\AppData\Local\Temp\ccPExsz3.s 			page 1


   1              		.cpu cortex-m4
   2              		.eabi_attribute 20, 1
   3              		.eabi_attribute 21, 1
   4              		.eabi_attribute 23, 3
   5              		.eabi_attribute 24, 1
   6              		.eabi_attribute 25, 1
   7              		.eabi_attribute 26, 1
   8              		.eabi_attribute 30, 2
   9              		.eabi_attribute 34, 1
  10              		.eabi_attribute 18, 4
  11              		.file	"os_exception_isr_handler.c"
  12              		.text
  13              	.Ltext0:
  14              		.cfi_sections	.debug_frame
  15              		.align	1
  16              		.p2align 2,,3
  17              		.global	OS_ISRHANDLERC0
  18              		.syntax unified
  19              		.thumb
  20              		.thumb_func
  21              		.fpu softvfp
  23              	OS_ISRHANDLERC0:
  24              	.LFB0:
  25              		.file 1 "E:\\NeuOrga\\Programmieren\\c_cpp\\github_os\\input\\src\\os_base\\os_exception_isr_handl
   1:E:\NeuOrga\Programmieren\c_cpp\github_os\input\src\os_base\os_exception_isr_handler.c **** #include "os_firstinc.h"
   2:E:\NeuOrga\Programmieren\c_cpp\github_os\input\src\os_base\os_exception_isr_handler.c **** #include "os_task_common.h"
   3:E:\NeuOrga\Programmieren\c_cpp\github_os\input\src\os_base\os_exception_isr_handler.c **** #include "os_task_scheduler.h"
   4:E:\NeuOrga\Programmieren\c_cpp\github_os\input\src\os_base\os_exception_isr_handler.c **** #include "os_shutdown.h"
   5:E:\NeuOrga\Programmieren\c_cpp\github_os\input\src\os_base\os_exception_isr_handler.c **** #include "os_exception_isr_handler.h"
   6:E:\NeuOrga\Programmieren\c_cpp\github_os\input\src\os_base\os_exception_isr_handler.c **** 
   7:E:\NeuOrga\Programmieren\c_cpp\github_os\input\src\os_base\os_exception_isr_handler.c **** 
   8:E:\NeuOrga\Programmieren\c_cpp\github_os\input\src\os_base\os_exception_isr_handler.c **** 
   9:E:\NeuOrga\Programmieren\c_cpp\github_os\input\src\os_base\os_exception_isr_handler.c **** void OS_ISRHANDLERC0(uint32 svc_number)
  10:E:\NeuOrga\Programmieren\c_cpp\github_os\input\src\os_base\os_exception_isr_handler.c **** {
  26              		.loc 1 10 0
  27              		.cfi_startproc
  28              		@ args = 0, pretend = 0, frame = 0
  29              		@ frame_needed = 0, uses_anonymous_args = 0
  30              	.LVL0:
  11:E:\NeuOrga\Programmieren\c_cpp\github_os\input\src\os_base\os_exception_isr_handler.c ****    switch(svc_number)/* Implement needed SVC numbers (need for example for user code to access priv
  31              		.loc 1 11 0
  32 0000 00B9     		cbnz	r0, .L8
  33 0002 7047     		bx	lr
  34              	.L8:
  10:E:\NeuOrga\Programmieren\c_cpp\github_os\input\src\os_base\os_exception_isr_handler.c ****    switch(svc_number)/* Implement needed SVC numbers (need for example for user code to access priv
  35              		.loc 1 10 0
  36 0004 08B5     		push	{r3, lr}
  37              		.cfi_def_cfa_offset 8
  38              		.cfi_offset 3, -8
  39              		.cfi_offset 14, -4
  12:E:\NeuOrga\Programmieren\c_cpp\github_os\input\src\os_base\os_exception_isr_handler.c ****    {
  13:E:\NeuOrga\Programmieren\c_cpp\github_os\input\src\os_base\os_exception_isr_handler.c ****    case SVC_00:            /* Handle SVC 00 */
  14:E:\NeuOrga\Programmieren\c_cpp\github_os\input\src\os_base\os_exception_isr_handler.c ****    {
  15:E:\NeuOrga\Programmieren\c_cpp\github_os\input\src\os_base\os_exception_isr_handler.c ****       /* svc_00 implemented as reference only */
  16:E:\NeuOrga\Programmieren\c_cpp\github_os\input\src\os_base\os_exception_isr_handler.c ****       REFERENCE_UNUSED_PARAMETER(svc_number);
  17:E:\NeuOrga\Programmieren\c_cpp\github_os\input\src\os_base\os_exception_isr_handler.c ****       break;
  18:E:\NeuOrga\Programmieren\c_cpp\github_os\input\src\os_base\os_exception_isr_handler.c ****    }
ARM GAS  C:\Users\PRESID~1\AppData\Local\Temp\ccPExsz3.s 			page 2


  19:E:\NeuOrga\Programmieren\c_cpp\github_os\input\src\os_base\os_exception_isr_handler.c ****    default:                /* Unknown SVC */
  20:E:\NeuOrga\Programmieren\c_cpp\github_os\input\src\os_base\os_exception_isr_handler.c ****    {
  21:E:\NeuOrga\Programmieren\c_cpp\github_os\input\src\os_base\os_exception_isr_handler.c ****       OS_SET_SW_BUG(E_OS_BUG_SVC_NUMBER_MISSING, E_FUNC_ISRHANDLER);
  40              		.loc 1 21 0
  41 0006 1221     		movs	r1, #18
  42 0008 0A20     		movs	r0, #10
  43              	.LVL1:
  44 000a FFF7FEFF 		bl	OS_SET_SW_BUG
  45              	.LVL2:
  22:E:\NeuOrga\Programmieren\c_cpp\github_os\input\src\os_base\os_exception_isr_handler.c ****       OS_SHUTDOWN(E_OS_RESET_HARDRESET,0u);
  46              		.loc 1 22 0
  47 000e 0021     		movs	r1, #0
  48 0010 0846     		mov	r0, r1
  23:E:\NeuOrga\Programmieren\c_cpp\github_os\input\src\os_base\os_exception_isr_handler.c ****       break;
  24:E:\NeuOrga\Programmieren\c_cpp\github_os\input\src\os_base\os_exception_isr_handler.c ****    }
  25:E:\NeuOrga\Programmieren\c_cpp\github_os\input\src\os_base\os_exception_isr_handler.c ****    }
  26:E:\NeuOrga\Programmieren\c_cpp\github_os\input\src\os_base\os_exception_isr_handler.c **** }...
  49              		.loc 1 26 0
  50 0012 BDE80840 		pop	{r3, lr}
  51              		.cfi_restore 14
  52              		.cfi_restore 3
  53              		.cfi_def_cfa_offset 0
  22:E:\NeuOrga\Programmieren\c_cpp\github_os\input\src\os_base\os_exception_isr_handler.c ****       OS_SHUTDOWN(E_OS_RESET_HARDRESET,0u);
  54              		.loc 1 22 0
  55 0016 FFF7FEBF 		b	OS_SHUTDOWN
  56              	.LVL3:
  57              		.cfi_endproc
  58              	.LFE0:
  60              	.Letext0:
  61              		.file 2 "e:\\neuorga\\programmieren\\c_cpp\\github_os\\input\\src\\os_base\\os_base_types.h"
  62              		.file 3 "e:\\neuorga\\programmieren\\c_cpp\\github_os\\input\\src\\os_base\\os_common.h"
  63              		.file 4 "e:\\neuorga\\programmieren\\c_cpp\\github_os\\input\\src\\os_drivers\\lld_core.h"
  64              		.file 5 "e:\\neuorga\\programmieren\\c_cpp\\github_os\\input\\src\\os_base\\os_task_common.h"
  65              		.file 6 "e:\\neuorga\\programmieren\\c_cpp\\github_os\\input\\src\\os_base\\os_main.h"
  66              		.file 7 "e:\\neuorga\\programmieren\\c_cpp\\github_os\\input\\src\\os_base\\os_ram.h"
  67              		.file 8 "e:\\neuorga\\programmieren\\c_cpp\\github_os\\input\\src\\os_base\\os_ram_stack.h"
  68              		.file 9 "E:\\NeuOrga\\Programmieren\\c_cpp\\github_os\\input\\src\\os_base\\os_shutdown.h"
ARM GAS  C:\Users\PRESID~1\AppData\Local\Temp\ccPExsz3.s 			page 3


DEFINED SYMBOLS
                            *ABS*:00000000 os_exception_isr_handler.c
C:\Users\PRESID~1\AppData\Local\Temp\ccPExsz3.s:15     .text:00000000 $t
C:\Users\PRESID~1\AppData\Local\Temp\ccPExsz3.s:23     .text:00000000 OS_ISRHANDLERC0
                           .group:00000000 wm4.0.d67ddeb5d3f434a0386bf4e126239e16
                           .group:00000000 wm4.os_config.h.2.f6eac9d90a921b6f21f0ccaa4f0194d3
                           .group:00000000 wm4.os_common.h.2.e5c031aba705597809847d8f8f7643a5
                           .group:00000000 wm4.os_task_config.h.2.6666b50e8a518cf90a10402c04d546aa
                           .group:00000000 wm4.os_task_common.h.95.8d8bf4690dc541f58a865736bc15fd8a
                           .group:00000000 wm4.os_task_scheduler.h.2.15617e18d7400fa01024e50e30c98462
                           .group:00000000 wm4.os_exception_isr_handler.h.2.5135980fa4e3951aa157c5167de1136d

UNDEFINED SYMBOLS
OS_SET_SW_BUG
OS_SHUTDOWN
