ARM GAS  C:\Users\PRESID~1\AppData\Local\Temp\cc4yFKOn.s 			page 1


   1              		.cpu cortex-m4
   2              		.eabi_attribute 20, 1
   3              		.eabi_attribute 21, 1
   4              		.eabi_attribute 23, 3
   5              		.eabi_attribute 24, 1
   6              		.eabi_attribute 25, 1
   7              		.eabi_attribute 26, 1
   8              		.eabi_attribute 30, 2
   9              		.eabi_attribute 34, 1
  10              		.eabi_attribute 18, 4
  11              		.file	"os_memory_mmu_setup.c"
  12              		.text
  13              	.Ltext0:
  14              		.cfi_sections	.debug_frame
  15              		.align	1
  16              		.p2align 2,,3
  17              		.global	OS_MmuSetup
  18              		.syntax unified
  19              		.thumb
  20              		.thumb_func
  21              		.fpu softvfp
  23              	OS_MmuSetup:
  24              	.LFB0:
  25              		.file 1 "E:\\NeuOrga\\Programmieren\\c_cpp\\github_os\\input\\src\\os_base\\os_memory_mmu_setup.c"
   1:E:\NeuOrga\Programmieren\c_cpp\github_os\input\src\os_base\os_memory_mmu_setup.c **** #include "os_firstinc.h"
   2:E:\NeuOrga\Programmieren\c_cpp\github_os\input\src\os_base\os_memory_mmu_setup.c **** 
   3:E:\NeuOrga\Programmieren\c_cpp\github_os\input\src\os_base\os_memory_mmu_setup.c **** /*
   4:E:\NeuOrga\Programmieren\c_cpp\github_os\input\src\os_base\os_memory_mmu_setup.c **** RQ: the MMU might be configured for every task, because every task has own ACL / access rights!!
   5:E:\NeuOrga\Programmieren\c_cpp\github_os\input\src\os_base\os_memory_mmu_setup.c **** for documentation of the MPU please read:
   6:E:\NeuOrga\Programmieren\c_cpp\github_os\input\src\os_base\os_memory_mmu_setup.c ****    ST  AN4838
   7:E:\NeuOrga\Programmieren\c_cpp\github_os\input\src\os_base\os_memory_mmu_setup.c ****    Application note
   8:E:\NeuOrga\Programmieren\c_cpp\github_os\input\src\os_base\os_memory_mmu_setup.c ****    Managing memory protection unit (MPU) in STM32 MCUs
   9:E:\NeuOrga\Programmieren\c_cpp\github_os\input\src\os_base\os_memory_mmu_setup.c **** */
  10:E:\NeuOrga\Programmieren\c_cpp\github_os\input\src\os_base\os_memory_mmu_setup.c **** 
  11:E:\NeuOrga\Programmieren\c_cpp\github_os\input\src\os_base\os_memory_mmu_setup.c **** 
  12:E:\NeuOrga\Programmieren\c_cpp\github_os\input\src\os_base\os_memory_mmu_setup.c **** void OS_MmuSetup(void)
  13:E:\NeuOrga\Programmieren\c_cpp\github_os\input\src\os_base\os_memory_mmu_setup.c **** {
  26              		.loc 1 13 0
  27              		.cfi_startproc
  28              		@ args = 0, pretend = 0, frame = 0
  29              		@ frame_needed = 0, uses_anonymous_args = 0
  30              		@ link register save eliminated.
  14:E:\NeuOrga\Programmieren\c_cpp\github_os\input\src\os_base\os_memory_mmu_setup.c ****    /* assign every task a mmu region + the scheduler an own region */
  15:E:\NeuOrga\Programmieren\c_cpp\github_os\input\src\os_base\os_memory_mmu_setup.c ****    /* the mmu needs to be reconfigured before and after every task switch, because the tasks might 
  16:E:\NeuOrga\Programmieren\c_cpp\github_os\input\src\os_base\os_memory_mmu_setup.c ****       hardware register access shall be only possible in supervisor / kernel mode via system call..
  17:E:\NeuOrga\Programmieren\c_cpp\github_os\input\src\os_base\os_memory_mmu_setup.c ****    /* the MPU is implementation depended in STM32F4 MCU..., the eval board does have a MPU with 8 r
  18:E:\NeuOrga\Programmieren\c_cpp\github_os\input\src\os_base\os_memory_mmu_setup.c ****    
  19:E:\NeuOrga\Programmieren\c_cpp\github_os\input\src\os_base\os_memory_mmu_setup.c ****    /* FLASH: Start Addr: 0x08000000, Length: 1024K */
  20:E:\NeuOrga\Programmieren\c_cpp\github_os\input\src\os_base\os_memory_mmu_setup.c ****    
  21:E:\NeuOrga\Programmieren\c_cpp\github_os\input\src\os_base\os_memory_mmu_setup.c ****    /* RAM:   Start Addr: 0x20000000, Length: 112kB *//* + 64kB CCM, 16 kB SysRAM */
  22:E:\NeuOrga\Programmieren\c_cpp\github_os\input\src\os_base\os_memory_mmu_setup.c ****    
  23:E:\NeuOrga\Programmieren\c_cpp\github_os\input\src\os_base\os_memory_mmu_setup.c ****    /* peripherie Start Addr: 0x40000000, Length: 0xFFFFFFFF - 0x40000000 + 1 *//* + 64kB CCM, 16 kB
  24:E:\NeuOrga\Programmieren\c_cpp\github_os\input\src\os_base\os_memory_mmu_setup.c ****    
  25:E:\NeuOrga\Programmieren\c_cpp\github_os\input\src\os_base\os_memory_mmu_setup.c ****    LLF_MPU_ENABLE();
  31              		.loc 1 25 0
  32 0000 FFF7FEBF 		b	LLF_MPU_ENABLE
  33              	.LVL0:
ARM GAS  C:\Users\PRESID~1\AppData\Local\Temp\cc4yFKOn.s 			page 2


  34              		.cfi_endproc
  35              	.LFE0:
  37              	.Letext0:
  38              		.file 2 "e:\\neuorga\\programmieren\\c_cpp\\github_os\\input\\src\\os_base\\os_base_types.h"
  39              		.file 3 "e:\\neuorga\\programmieren\\c_cpp\\github_os\\input\\src\\os_base\\os_common.h"
  40              		.file 4 "e:\\neuorga\\programmieren\\c_cpp\\github_os\\input\\src\\os_drivers\\lld_core.h"
  41              		.file 5 "e:\\neuorga\\programmieren\\c_cpp\\github_os\\input\\src\\os_base\\os_task_common.h"
  42              		.file 6 "e:\\neuorga\\programmieren\\c_cpp\\github_os\\input\\src\\os_base\\os_ram.h"
  43              		.file 7 "e:\\neuorga\\programmieren\\c_cpp\\github_os\\input\\src\\os_drivers\\lld_global.h"
ARM GAS  C:\Users\PRESID~1\AppData\Local\Temp\cc4yFKOn.s 			page 3


DEFINED SYMBOLS
                            *ABS*:00000000 os_memory_mmu_setup.c
C:\Users\PRESID~1\AppData\Local\Temp\cc4yFKOn.s:15     .text:00000000 $t
C:\Users\PRESID~1\AppData\Local\Temp\cc4yFKOn.s:23     .text:00000000 OS_MmuSetup
                           .group:00000000 wm4.0.d67ddeb5d3f434a0386bf4e126239e16
                           .group:00000000 wm4.os_base_types.h.2.f3c0267f175f5cbacca6b71710665a02
                           .group:00000000 wm4.os_common.h.2.eb6279ca092455f62aa554ec1864872d
                           .group:00000000 wm4.os_task_config.h.2.a73335dbec9f276504b3b94e79d1d898
                           .group:00000000 wm4.os_task_common.h.95.eb4fc951d6d8ca08a3f35501d742a960
                           .group:00000000 wm4.os_stack.h.2.a33fb8b396f31bed4bacb411e67ef75c
                           .group:00000000 wm4.os_heap.h.2.89074aae455d2462b5952479e3530dd1
                           .group:00000000 wm4.os_main.h.2.1f66ae3841c27bd36097fa1d2e1fe6a7

UNDEFINED SYMBOLS
LLF_MPU_ENABLE
