ARM GAS  C:\Users\PRESID~1\AppData\Local\Temp\cckrNGUe.s 			page 1


   1              		.cpu cortex-m4
   2              		.eabi_attribute 20, 1
   3              		.eabi_attribute 21, 1
   4              		.eabi_attribute 23, 3
   5              		.eabi_attribute 24, 1
   6              		.eabi_attribute 25, 1
   7              		.eabi_attribute 26, 1
   8              		.eabi_attribute 30, 6
   9              		.eabi_attribute 34, 1
  10              		.eabi_attribute 18, 4
  11              		.file	"os_ram.c"
  12              		.text
  13              	.Ltext0:
  14              		.cfi_sections	.debug_frame
  15              		.comm	HEAP,10000,4
  16              		.comm	OS_STACK,256,4
  17              		.comm	OS_MAIN_STACK,256,4
  18              		.comm	OS_STATE,4,4
  19              		.comm	VAR_HARDFAULT_STATUS_REG,4,4
  20              		.comm	VAR_MEM_MANAG_FAULT_STATUS_REG,4,4
  21              		.comm	VAR_USAGE_FAULT_STATUS_REG,4,4
  22              		.comm	VAR_FAULT_STATUS_REG,4,4
  23              		.comm	VAR_MEM_FAULT_ADDR_REG,4,4
  24              		.comm	VAR_BUS_FAULT_ADDR_REG,4,4
  25              		.comm	VAR_AUX_FAULT_STATUS_REG,4,4
  26              		.comm	VAR_BUS_FAULT_STATUS_REG,4,4
  27              		.comm	LINK_REGISTER_HANDLER,4,4
  28              		.comm	BACKUP_SYSTICK_CURRENT_VAL_REG,4,4
  29              	.Letext0:
  30              		.file 1 "e:\\neuorga\\programmieren\\c_cpp\\github_os\\input\\src\\os_base\\os_base_types.h"
  31              		.file 2 "e:\\neuorga\\programmieren\\c_cpp\\github_os\\input\\src\\os_base\\os_ram.h"
  32              		.file 3 "e:\\neuorga\\programmieren\\c_cpp\\github_os\\input\\src\\os_base\\os_task_common.h"
  33              		.file 4 "E:\\NeuOrga\\Programmieren\\c_cpp\\github_os\\input\\src\\os_base\\os_ram.c"
ARM GAS  C:\Users\PRESID~1\AppData\Local\Temp\cckrNGUe.s 			page 2


DEFINED SYMBOLS
                            *ABS*:00000000 os_ram.c
                            *COM*:00002710 HEAP
                            *COM*:00000100 OS_STACK
                            *COM*:00000100 OS_MAIN_STACK
                            *COM*:00000004 OS_STATE
                            *COM*:00000004 VAR_HARDFAULT_STATUS_REG
                            *COM*:00000004 VAR_MEM_MANAG_FAULT_STATUS_REG
                            *COM*:00000004 VAR_USAGE_FAULT_STATUS_REG
                            *COM*:00000004 VAR_FAULT_STATUS_REG
                            *COM*:00000004 VAR_MEM_FAULT_ADDR_REG
                            *COM*:00000004 VAR_BUS_FAULT_ADDR_REG
                            *COM*:00000004 VAR_AUX_FAULT_STATUS_REG
                            *COM*:00000004 VAR_BUS_FAULT_STATUS_REG
                            *COM*:00000004 LINK_REGISTER_HANDLER
                            *COM*:00000004 BACKUP_SYSTICK_CURRENT_VAL_REG
                           .group:00000000 wm4.0.aa75c0738974a382baf71fbad152c229
                           .group:00000000 wm4.os_base_types.h.2.f3c0267f175f5cbacca6b71710665a02
                           .group:00000000 wm4.os_common.h.2.dc27b9b2168d1784dc01b241752b07b2
                           .group:00000000 wm4.os_stack.h.2.19e5f67d3b2f1e569581f0c055512986
                           .group:00000000 wm4.os_heap.h.2.89074aae455d2462b5952479e3530dd1
                           .group:00000000 wm4.os_main.h.2.1f66ae3841c27bd36097fa1d2e1fe6a7
                           .group:00000000 wm4.os_task_config.h.2.7cfaa082f19f6144d85c64ce1f04b914
                           .group:00000000 wm4.os_task_common.h.93.9db5c540899793a03f331176d195d033

NO UNDEFINED SYMBOLS
