ARM GAS  C:\Users\PRESID~1\AppData\Local\Temp\ccp8DtrU.s 			page 1


   1              		.cpu cortex-m4
   2              		.eabi_attribute 20, 1
   3              		.eabi_attribute 21, 1
   4              		.eabi_attribute 23, 3
   5              		.eabi_attribute 24, 1
   6              		.eabi_attribute 25, 1
   7              		.eabi_attribute 26, 1
   8              		.eabi_attribute 30, 2
   9              		.eabi_attribute 34, 1
  10              		.eabi_attribute 18, 4
  11              		.file	"os_start_init_sw.c"
  12              		.text
  13              	.Ltext0:
  14              		.cfi_sections	.debug_frame
  15              		.align	1
  16              		.p2align 2,,3
  17              		.global	OS_INIT_SW
  18              		.arch armv7e-m
  19              		.syntax unified
  20              		.thumb
  21              		.thumb_func
  22              		.fpu softvfp
  24              	OS_INIT_SW:
  25              	.LFB0:
  26              		.file 1 "C:\\Users\\president\\Desktop\\sbx\\input\\src\\os_base\\os_start_init_sw.c"
   1:C:\Users\president\Desktop\sbx\input\src\os_base\os_start_init_sw.c **** #include "os_firstinc.h"
   2:C:\Users\president\Desktop\sbx\input\src\os_base\os_start_init_sw.c **** void OS_INIT_SW(void)
   3:C:\Users\president\Desktop\sbx\input\src\os_base\os_start_init_sw.c **** {
  27              		.loc 1 3 1 view -0
  28              		.cfi_startproc
  29              		@ args = 0, pretend = 0, frame = 0
  30              		@ frame_needed = 0, uses_anonymous_args = 0
   4:C:\Users\president\Desktop\sbx\input\src\os_base\os_start_init_sw.c ****    /* RAM clear done in OS_INIT_MC (because no RAM usage allowed and possible before clearing the R
   5:C:\Users\president\Desktop\sbx\input\src\os_base\os_start_init_sw.c ****    /* every block which needs initialisation apart from 0x00 value needs to be initialized here */
   6:C:\Users\president\Desktop\sbx\input\src\os_base\os_start_init_sw.c ****    unsigned_char_t i;
  31              		.loc 1 6 4 view .LVU1
   7:C:\Users\president\Desktop\sbx\input\src\os_base\os_start_init_sw.c ****    bTASK_QUEUE_INITIALIZED = FALSE;
  32              		.loc 1 7 4 view .LVU2
   3:C:\Users\president\Desktop\sbx\input\src\os_base\os_start_init_sw.c ****    /* RAM clear done in OS_INIT_MC (because no RAM usage allowed and possible before clearing the R
  33              		.loc 1 3 1 is_stmt 0 view .LVU3
  34 0000 10B5     		push	{r4, lr}
  35              		.cfi_def_cfa_offset 8
  36              		.cfi_offset 4, -8
  37              		.cfi_offset 14, -4
   8:C:\Users\president\Desktop\sbx\input\src\os_base\os_start_init_sw.c **** 
   9:C:\Users\president\Desktop\sbx\input\src\os_base\os_start_init_sw.c ****    for(i = 0u; i < 15u; i++)
  10:C:\Users\president\Desktop\sbx\input\src\os_base\os_start_init_sw.c ****    {
  11:C:\Users\president\Desktop\sbx\input\src\os_base\os_start_init_sw.c ****       OS_SW_BUG[i] = E_OS_BUG_NO_BUG;
  38              		.loc 1 11 20 view .LVU4
  39 0002 0F4B     		ldr	r3, .L4
   7:C:\Users\president\Desktop\sbx\input\src\os_base\os_start_init_sw.c **** 
  40              		.loc 1 7 28 view .LVU5
  41 0004 0F4A     		ldr	r2, .L4+4
  42 0006 0024     		movs	r4, #0
  43              		.loc 1 11 20 view .LVU6
  44 0008 1C70     		strb	r4, [r3]
   7:C:\Users\president\Desktop\sbx\input\src\os_base\os_start_init_sw.c **** 
ARM GAS  C:\Users\PRESID~1\AppData\Local\Temp\ccp8DtrU.s 			page 2


  45              		.loc 1 7 28 view .LVU7
  46 000a 1470     		strb	r4, [r2]
   9:C:\Users\president\Desktop\sbx\input\src\os_base\os_start_init_sw.c ****    {
  47              		.loc 1 9 4 is_stmt 1 view .LVU8
  48              	.LVL0:
  49              		.loc 1 11 7 view .LVU9
  50              		.loc 1 11 7 view .LVU10
  51              		.loc 1 11 20 is_stmt 0 view .LVU11
  52 000c 5C70     		strb	r4, [r3, #1]
  53              	.LVL1:
  54              		.loc 1 11 7 is_stmt 1 view .LVU12
  55              		.loc 1 11 20 is_stmt 0 view .LVU13
  56 000e 9C70     		strb	r4, [r3, #2]
  57              	.LVL2:
  58              		.loc 1 11 7 is_stmt 1 view .LVU14
  59              		.loc 1 11 20 is_stmt 0 view .LVU15
  60 0010 DC70     		strb	r4, [r3, #3]
  61              	.LVL3:
  62              		.loc 1 11 7 is_stmt 1 view .LVU16
  63              		.loc 1 11 20 is_stmt 0 view .LVU17
  64 0012 1C71     		strb	r4, [r3, #4]
  65              	.LVL4:
  66              		.loc 1 11 7 is_stmt 1 view .LVU18
  67              		.loc 1 11 20 is_stmt 0 view .LVU19
  68 0014 5C71     		strb	r4, [r3, #5]
  69              	.LVL5:
  70              		.loc 1 11 7 is_stmt 1 view .LVU20
  71              		.loc 1 11 20 is_stmt 0 view .LVU21
  72 0016 9C71     		strb	r4, [r3, #6]
  73              	.LVL6:
  74              		.loc 1 11 7 is_stmt 1 view .LVU22
  75              		.loc 1 11 20 is_stmt 0 view .LVU23
  76 0018 DC71     		strb	r4, [r3, #7]
  77              	.LVL7:
  78              		.loc 1 11 7 is_stmt 1 view .LVU24
  79              		.loc 1 11 20 is_stmt 0 view .LVU25
  80 001a 1C72     		strb	r4, [r3, #8]
  81              	.LVL8:
  82              		.loc 1 11 7 is_stmt 1 view .LVU26
  83              		.loc 1 11 20 is_stmt 0 view .LVU27
  84 001c 5C72     		strb	r4, [r3, #9]
  85              	.LVL9:
  86              		.loc 1 11 7 is_stmt 1 view .LVU28
  87              		.loc 1 11 20 is_stmt 0 view .LVU29
  88 001e 9C72     		strb	r4, [r3, #10]
  89              	.LVL10:
  90              		.loc 1 11 7 is_stmt 1 view .LVU30
  91              		.loc 1 11 20 is_stmt 0 view .LVU31
  92 0020 DC72     		strb	r4, [r3, #11]
  93              	.LVL11:
  94              		.loc 1 11 7 is_stmt 1 view .LVU32
  95              		.loc 1 11 20 is_stmt 0 view .LVU33
  96 0022 1C73     		strb	r4, [r3, #12]
  97              	.LVL12:
  98              		.loc 1 11 7 is_stmt 1 view .LVU34
  99              		.loc 1 11 20 is_stmt 0 view .LVU35
 100 0024 5C73     		strb	r4, [r3, #13]
ARM GAS  C:\Users\PRESID~1\AppData\Local\Temp\ccp8DtrU.s 			page 3


 101              	.LVL13:
 102              		.loc 1 11 7 is_stmt 1 view .LVU36
 103              		.loc 1 11 20 is_stmt 0 view .LVU37
 104 0026 9C73     		strb	r4, [r3, #14]
 105              	.LVL14:
  12:C:\Users\president\Desktop\sbx\input\src\os_base\os_start_init_sw.c ****    }
  13:C:\Users\president\Desktop\sbx\input\src\os_base\os_start_init_sw.c **** 
  14:C:\Users\president\Desktop\sbx\input\src\os_base\os_start_init_sw.c ****    OS_INIT_TASK_SYSTEM();
 106              		.loc 1 14 4 is_stmt 1 view .LVU38
 107 0028 FFF7FEFF 		bl	OS_INIT_TASK_SYSTEM
 108              	.LVL15:
  15:C:\Users\president\Desktop\sbx\input\src\os_base\os_start_init_sw.c ****    TASK1_CALL_NR = 0u;
 109              		.loc 1 15 4 view .LVU39
 110              		.loc 1 15 18 is_stmt 0 view .LVU40
 111 002c 0648     		ldr	r0, .L4+8
  16:C:\Users\president\Desktop\sbx\input\src\os_base\os_start_init_sw.c ****    TASK2_CALL_NR = 0u;
 112              		.loc 1 16 18 view .LVU41
 113 002e 0749     		ldr	r1, .L4+12
  17:C:\Users\president\Desktop\sbx\input\src\os_base\os_start_init_sw.c ****    TASK3_CALL_NR = 0u;
 114              		.loc 1 17 18 view .LVU42
 115 0030 074A     		ldr	r2, .L4+16
  18:C:\Users\president\Desktop\sbx\input\src\os_base\os_start_init_sw.c ****    TASK4_CALL_NR = 0u;
 116              		.loc 1 18 18 view .LVU43
 117 0032 084B     		ldr	r3, .L4+20
  15:C:\Users\president\Desktop\sbx\input\src\os_base\os_start_init_sw.c ****    TASK2_CALL_NR = 0u;
 118              		.loc 1 15 18 view .LVU44
 119 0034 0460     		str	r4, [r0]
  16:C:\Users\president\Desktop\sbx\input\src\os_base\os_start_init_sw.c ****    TASK3_CALL_NR = 0u;
 120              		.loc 1 16 4 is_stmt 1 view .LVU45
  16:C:\Users\president\Desktop\sbx\input\src\os_base\os_start_init_sw.c ****    TASK3_CALL_NR = 0u;
 121              		.loc 1 16 18 is_stmt 0 view .LVU46
 122 0036 0C60     		str	r4, [r1]
  17:C:\Users\president\Desktop\sbx\input\src\os_base\os_start_init_sw.c ****    TASK4_CALL_NR = 0u;
 123              		.loc 1 17 4 is_stmt 1 view .LVU47
  17:C:\Users\president\Desktop\sbx\input\src\os_base\os_start_init_sw.c ****    TASK4_CALL_NR = 0u;
 124              		.loc 1 17 18 is_stmt 0 view .LVU48
 125 0038 1460     		str	r4, [r2]
 126              		.loc 1 18 4 is_stmt 1 view .LVU49
 127              		.loc 1 18 18 is_stmt 0 view .LVU50
 128 003a 1C60     		str	r4, [r3]
  19:C:\Users\president\Desktop\sbx\input\src\os_base\os_start_init_sw.c **** }
 129              		.loc 1 19 1 view .LVU51
 130 003c 10BD     		pop	{r4, pc}
 131              	.L5:
 132 003e 00BF     		.align	2
 133              	.L4:
 134 0040 00000000 		.word	OS_SW_BUG
 135 0044 00000000 		.word	bTASK_QUEUE_INITIALIZED
 136 0048 00000000 		.word	TASK1_CALL_NR
 137 004c 00000000 		.word	TASK2_CALL_NR
 138 0050 00000000 		.word	TASK3_CALL_NR
 139 0054 00000000 		.word	TASK4_CALL_NR
 140              		.cfi_endproc
 141              	.LFE0:
 143              	.Letext0:
 144              		.file 2 "c:\\users\\president\\desktop\\sbx\\input\\src\\os_base\\os_base_types.h"
 145              		.file 3 "c:\\users\\president\\desktop\\sbx\\input\\src\\os_base\\os_common.h"
ARM GAS  C:\Users\PRESID~1\AppData\Local\Temp\ccp8DtrU.s 			page 4


 146              		.file 4 "c:\\users\\president\\desktop\\sbx\\input\\src\\os_drivers\\lld_core.h"
 147              		.file 5 "c:\\users\\president\\desktop\\sbx\\input\\src\\os_base\\os_task_common.h"
 148              		.file 6 "C:\\Users\\president\\Desktop\\sbx\\input\\src\\os_base\\os_main.h"
 149              		.file 7 "c:\\users\\president\\desktop\\sbx\\input\\src\\os_base\\os_ram.h"
 150              		.file 8 "c:\\users\\president\\desktop\\sbx\\input\\src\\os_base\\os_ram_stack.h"
 151              		.file 9 "C:\\Users\\president\\Desktop\\sbx\\input\\src\\os_base\\os_init_task_system.h"
ARM GAS  C:\Users\PRESID~1\AppData\Local\Temp\ccp8DtrU.s 			page 5


DEFINED SYMBOLS
                            *ABS*:00000000 os_start_init_sw.c
C:\Users\PRESID~1\AppData\Local\Temp\ccp8DtrU.s:15     .text:00000000 $t
C:\Users\PRESID~1\AppData\Local\Temp\ccp8DtrU.s:24     .text:00000000 OS_INIT_SW
C:\Users\PRESID~1\AppData\Local\Temp\ccp8DtrU.s:134    .text:00000040 $d
                           .group:00000000 wm4.0.e31f5ef4b602e0fe12ffa66337bb63a5
                           .group:00000000 wm4.os_config.h.2.f6eac9d90a921b6f21f0ccaa4f0194d3
                           .group:00000000 wm4.os_common.h.2.552e5427eb955534308d342b866fde4e
                           .group:00000000 wm4.os_task_config.h.2.6666b50e8a518cf90a10402c04d546aa
                           .group:00000000 wm4.os_task_common.h.95.8d8bf4690dc541f58a865736bc15fd8a

UNDEFINED SYMBOLS
OS_INIT_TASK_SYSTEM
OS_SW_BUG
bTASK_QUEUE_INITIALIZED
TASK1_CALL_NR
TASK2_CALL_NR
TASK3_CALL_NR
TASK4_CALL_NR
