ARM GAS  C:\Users\PRESID~1\AppData\Local\Temp\ccsuuZlk.s 			page 1


   1              		.cpu cortex-m4
   2              		.eabi_attribute 20, 1
   3              		.eabi_attribute 21, 1
   4              		.eabi_attribute 23, 3
   5              		.eabi_attribute 24, 1
   6              		.eabi_attribute 25, 1
   7              		.eabi_attribute 26, 1
   8              		.eabi_attribute 30, 2
   9              		.eabi_attribute 34, 1
  10              		.eabi_attribute 18, 4
  11              		.file	"os_shutdown.c"
  12              		.text
  13              	.Ltext0:
  14              		.cfi_sections	.debug_frame
  15              		.align	1
  16              		.p2align 2,,3
  17              		.global	OS_SHUTDOWN
  18              		.arch armv7e-m
  19              		.syntax unified
  20              		.thumb
  21              		.thumb_func
  22              		.fpu softvfp
  24              	OS_SHUTDOWN:
  25              	.LVL0:
  26              	.LFB3:
  27              		.file 1 "C:\\Users\\president\\Desktop\\sbx\\input\\src\\os_base\\os_shutdown.c"
   1:C:\Users\president\Desktop\sbx\input\src\os_base\os_shutdown.c **** #include "os_firstinc.h"
   2:C:\Users\president\Desktop\sbx\input\src\os_base\os_shutdown.c **** #include "OS_shutdown.h"
   3:C:\Users\president\Desktop\sbx\input\src\os_base\os_shutdown.c **** #include "os_start_ext_prg.h"
   4:C:\Users\president\Desktop\sbx\input\src\os_base\os_shutdown.c **** LOCAL void os_deinit_hw(void);
   5:C:\Users\president\Desktop\sbx\input\src\os_base\os_shutdown.c **** LOCAL void os_deinit_sw(void);
   6:C:\Users\president\Desktop\sbx\input\src\os_base\os_shutdown.c **** LOCAL void os_deinit_mc(void);
   7:C:\Users\president\Desktop\sbx\input\src\os_base\os_shutdown.c **** 
   8:C:\Users\president\Desktop\sbx\input\src\os_base\os_shutdown.c **** void os_deinit_hw(void)
   9:C:\Users\president\Desktop\sbx\input\src\os_base\os_shutdown.c **** {
  10:C:\Users\president\Desktop\sbx\input\src\os_base\os_shutdown.c ****    /* no deinit needed because nothing was initialized */
  11:C:\Users\president\Desktop\sbx\input\src\os_base\os_shutdown.c ****    /*QAC*/
  12:C:\Users\president\Desktop\sbx\input\src\os_base\os_shutdown.c **** }
  13:C:\Users\president\Desktop\sbx\input\src\os_base\os_shutdown.c **** void os_deinit_sw(void)
  14:C:\Users\president\Desktop\sbx\input\src\os_base\os_shutdown.c **** {
  15:C:\Users\president\Desktop\sbx\input\src\os_base\os_shutdown.c ****    /* no deinit of sw needed */
  16:C:\Users\president\Desktop\sbx\input\src\os_base\os_shutdown.c ****    /*QAC*/
  17:C:\Users\president\Desktop\sbx\input\src\os_base\os_shutdown.c **** }
  18:C:\Users\president\Desktop\sbx\input\src\os_base\os_shutdown.c **** void os_deinit_mc(void)
  19:C:\Users\president\Desktop\sbx\input\src\os_base\os_shutdown.c **** {
  20:C:\Users\president\Desktop\sbx\input\src\os_base\os_shutdown.c ****    LLF_MPU_DISABLE();
  21:C:\Users\president\Desktop\sbx\input\src\os_base\os_shutdown.c ****    LLF_DISABLE_INTERRUPTS_ALL_CORES();
  22:C:\Users\president\Desktop\sbx\input\src\os_base\os_shutdown.c ****    /*QAC*/
  23:C:\Users\president\Desktop\sbx\input\src\os_base\os_shutdown.c **** }
  24:C:\Users\president\Desktop\sbx\input\src\os_base\os_shutdown.c **** 
  25:C:\Users\president\Desktop\sbx\input\src\os_base\os_shutdown.c **** void OS_SHUTDOWN(os_reset_type_t reset_typ, func_ptr_t addr)
  26:C:\Users\president\Desktop\sbx\input\src\os_base\os_shutdown.c **** {
  28              		.loc 1 26 1 view -0
  29              		.cfi_startproc
  30              		@ Volatile: function does not return.
  31              		@ args = 0, pretend = 0, frame = 0
  32              		@ frame_needed = 0, uses_anonymous_args = 0
ARM GAS  C:\Users\PRESID~1\AppData\Local\Temp\ccsuuZlk.s 			page 2


  27:C:\Users\president\Desktop\sbx\input\src\os_base\os_shutdown.c ****    /* disable interrupts for all cores -> prevents task activation, etc*/
  28:C:\Users\president\Desktop\sbx\input\src\os_base\os_shutdown.c ****    LLF_DISABLE_INTERRUPTS_ALL_CORES();
  33              		.loc 1 28 4 view .LVU1
  26:C:\Users\president\Desktop\sbx\input\src\os_base\os_shutdown.c ****    /* disable interrupts for all cores -> prevents task activation, etc*/
  34              		.loc 1 26 1 is_stmt 0 view .LVU2
  35 0000 0446     		mov	r4, r0
  36 0002 08B5     		push	{r3, lr}
  37              		.cfi_def_cfa_offset 8
  38              		.cfi_offset 3, -8
  39              		.cfi_offset 14, -4
  26:C:\Users\president\Desktop\sbx\input\src\os_base\os_shutdown.c ****    /* disable interrupts for all cores -> prevents task activation, etc*/
  40              		.loc 1 26 1 view .LVU3
  41 0004 0D46     		mov	r5, r1
  42              		.loc 1 28 4 view .LVU4
  43 0006 FFF7FEFF 		bl	LLF_DISABLE_INTERRUPTS_ALL_CORES
  44              	.LVL1:
  29:C:\Users\president\Desktop\sbx\input\src\os_base\os_shutdown.c **** 
  30:C:\Users\president\Desktop\sbx\input\src\os_base\os_shutdown.c ****    /* clear mmu config */
  31:C:\Users\president\Desktop\sbx\input\src\os_base\os_shutdown.c ****    LLF_MPU_DISABLE();
  45              		.loc 1 31 4 is_stmt 1 view .LVU5
  46 000a FFF7FEFF 		bl	LLF_MPU_DISABLE
  47              	.LVL2:
  32:C:\Users\president\Desktop\sbx\input\src\os_base\os_shutdown.c **** 
  33:C:\Users\president\Desktop\sbx\input\src\os_base\os_shutdown.c ****    /* power done/reset system */
  34:C:\Users\president\Desktop\sbx\input\src\os_base\os_shutdown.c ****    if(reset_typ == E_OS_RESET_POWERDOWN)
  48              		.loc 1 34 4 view .LVU6
  49              		.loc 1 34 6 is_stmt 0 view .LVU7
  50 000e 012C     		cmp	r4, #1
  51 0010 07D0     		beq	.L8
  35:C:\Users\president\Desktop\sbx\input\src\os_base\os_shutdown.c ****    {
  36:C:\Users\president\Desktop\sbx\input\src\os_base\os_shutdown.c ****       LLF_MCU_SWITCH_OFF_POWER();
  37:C:\Users\president\Desktop\sbx\input\src\os_base\os_shutdown.c ****    }
  38:C:\Users\president\Desktop\sbx\input\src\os_base\os_shutdown.c ****    else if(reset_typ == E_OS_RESET_HARDRESET) /* E_OS_RESET_HARDRESET */
  52              		.loc 1 38 9 is_stmt 1 view .LVU8
  53              		.loc 1 38 11 is_stmt 0 view .LVU9
  54 0012 4CB1     		cbz	r4, .L9
  39:C:\Users\president\Desktop\sbx\input\src\os_base\os_shutdown.c ****    {
  40:C:\Users\president\Desktop\sbx\input\src\os_base\os_shutdown.c ****       LLF_MCU_RESET_POWER();
  41:C:\Users\president\Desktop\sbx\input\src\os_base\os_shutdown.c ****    }
  42:C:\Users\president\Desktop\sbx\input\src\os_base\os_shutdown.c ****    else if (reset_typ == E_OS_RESET_EXIT)
  55              		.loc 1 42 9 is_stmt 1 view .LVU10
  56              		.loc 1 42 12 is_stmt 0 view .LVU11
  57 0014 022C     		cmp	r4, #2
  58 0016 0AD0     		beq	.L10
  59              	.L3:
  43:C:\Users\president\Desktop\sbx\input\src\os_base\os_shutdown.c ****    {
  44:C:\Users\president\Desktop\sbx\input\src\os_base\os_shutdown.c ****       os_deinit_hw();
  45:C:\Users\president\Desktop\sbx\input\src\os_base\os_shutdown.c ****       os_deinit_sw();
  46:C:\Users\president\Desktop\sbx\input\src\os_base\os_shutdown.c ****       os_deinit_mc();
  47:C:\Users\president\Desktop\sbx\input\src\os_base\os_shutdown.c ****       OS_START_EXT_PRG((func_ptr_t)addr, (uint32)0u, (uint32)0u);
  48:C:\Users\president\Desktop\sbx\input\src\os_base\os_shutdown.c ****    }
  49:C:\Users\president\Desktop\sbx\input\src\os_base\os_shutdown.c ****    else
  50:C:\Users\president\Desktop\sbx\input\src\os_base\os_shutdown.c ****    {
  51:C:\Users\president\Desktop\sbx\input\src\os_base\os_shutdown.c ****       ;
  60              		.loc 1 51 7 is_stmt 1 view .LVU12
  52:C:\Users\president\Desktop\sbx\input\src\os_base\os_shutdown.c ****    }
  53:C:\Users\president\Desktop\sbx\input\src\os_base\os_shutdown.c ****    OS_SET_SW_BUG(E_OS_BUG_RESET_EXIT_OR_SHUTDOWN_FAILED, E_FUNC_SHUTDOWN);
ARM GAS  C:\Users\PRESID~1\AppData\Local\Temp\ccsuuZlk.s 			page 3


  61              		.loc 1 53 4 view .LVU13
  62 0018 1021     		movs	r1, #16
  63 001a 0820     		movs	r0, #8
  64 001c FFF7FEFF 		bl	OS_SET_SW_BUG
  65              	.LVL3:
  66              	.L5:
  54:C:\Users\president\Desktop\sbx\input\src\os_base\os_shutdown.c ****    while(1)
  67              		.loc 1 54 4 discriminator 1 view .LVU14
  55:C:\Users\president\Desktop\sbx\input\src\os_base\os_shutdown.c ****    {
  56:C:\Users\president\Desktop\sbx\input\src\os_base\os_shutdown.c ****       /* if you enter here, the reset has failed to be executed.... */
  57:C:\Users\president\Desktop\sbx\input\src\os_base\os_shutdown.c ****    }
  68              		.loc 1 57 4 discriminator 1 view .LVU15
  54:C:\Users\president\Desktop\sbx\input\src\os_base\os_shutdown.c ****    while(1)
  69              		.loc 1 54 4 discriminator 1 view .LVU16
  70              		.loc 1 57 4 discriminator 1 view .LVU17
  71 0020 FEE7     		b	.L5
  72              	.L8:
  36:C:\Users\president\Desktop\sbx\input\src\os_base\os_shutdown.c ****    }
  73              		.loc 1 36 7 view .LVU18
  74 0022 FFF7FEFF 		bl	LLF_MCU_SWITCH_OFF_POWER
  75              	.LVL4:
  76 0026 F7E7     		b	.L3
  77              	.L9:
  40:C:\Users\president\Desktop\sbx\input\src\os_base\os_shutdown.c ****    }
  78              		.loc 1 40 7 view .LVU19
  79 0028 FFF7FEFF 		bl	LLF_MCU_RESET_POWER
  80              	.LVL5:
  81 002c F4E7     		b	.L3
  82              	.L10:
  44:C:\Users\president\Desktop\sbx\input\src\os_base\os_shutdown.c ****       os_deinit_sw();
  83              		.loc 1 44 7 view .LVU20
  12:C:\Users\president\Desktop\sbx\input\src\os_base\os_shutdown.c **** void os_deinit_sw(void)
  84              		.loc 1 12 1 view .LVU21
  45:C:\Users\president\Desktop\sbx\input\src\os_base\os_shutdown.c ****       os_deinit_mc();
  85              		.loc 1 45 7 view .LVU22
  17:C:\Users\president\Desktop\sbx\input\src\os_base\os_shutdown.c **** void os_deinit_mc(void)
  86              		.loc 1 17 1 view .LVU23
  46:C:\Users\president\Desktop\sbx\input\src\os_base\os_shutdown.c ****       OS_START_EXT_PRG((func_ptr_t)addr, (uint32)0u, (uint32)0u);
  87              		.loc 1 46 7 view .LVU24
  88              	.LBB8:
  89              	.LBI8:
  18:C:\Users\president\Desktop\sbx\input\src\os_base\os_shutdown.c **** {
  90              		.loc 1 18 6 view .LVU25
  91              	.LBB9:
  20:C:\Users\president\Desktop\sbx\input\src\os_base\os_shutdown.c ****    LLF_DISABLE_INTERRUPTS_ALL_CORES();
  92              		.loc 1 20 4 view .LVU26
  93 002e FFF7FEFF 		bl	LLF_MPU_DISABLE
  94              	.LVL6:
  21:C:\Users\president\Desktop\sbx\input\src\os_base\os_shutdown.c ****    /*QAC*/
  95              		.loc 1 21 4 view .LVU27
  96 0032 FFF7FEFF 		bl	LLF_DISABLE_INTERRUPTS_ALL_CORES
  97              	.LVL7:
  98              	.LBE9:
  99              	.LBE8:
  47:C:\Users\president\Desktop\sbx\input\src\os_base\os_shutdown.c ****    }
 100              		.loc 1 47 7 view .LVU28
 101 0036 0022     		movs	r2, #0
ARM GAS  C:\Users\PRESID~1\AppData\Local\Temp\ccsuuZlk.s 			page 4


 102 0038 2846     		mov	r0, r5
 103 003a 1146     		mov	r1, r2
 104 003c FFF7FEFF 		bl	OS_START_EXT_PRG
 105              	.LVL8:
 106 0040 EAE7     		b	.L3
 107              		.cfi_endproc
 108              	.LFE3:
 110              	.Letext0:
 111              		.file 2 "c:\\users\\president\\desktop\\sbx\\input\\src\\os_base\\os_base_types.h"
 112              		.file 3 "c:\\users\\president\\desktop\\sbx\\input\\src\\os_base\\os_common.h"
 113              		.file 4 "c:\\users\\president\\desktop\\sbx\\input\\src\\os_drivers\\lld_core.h"
 114              		.file 5 "c:\\users\\president\\desktop\\sbx\\input\\src\\os_base\\os_task_common.h"
 115              		.file 6 "C:\\Users\\president\\Desktop\\sbx\\input\\src\\os_base\\os_main.h"
 116              		.file 7 "c:\\users\\president\\desktop\\sbx\\input\\src\\os_base\\os_ram.h"
 117              		.file 8 "c:\\users\\president\\desktop\\sbx\\input\\src\\os_base\\os_ram_stack.h"
 118              		.file 9 "C:\\Users\\president\\Desktop\\sbx\\input\\src\\os_base\\OS_shutdown.h"
 119              		.file 10 "c:\\users\\president\\desktop\\sbx\\input\\src\\os_drivers\\lld_global.h"
 120              		.file 11 "C:\\Users\\president\\Desktop\\sbx\\input\\src\\os_base\\os_start_ext_prg.h"
ARM GAS  C:\Users\PRESID~1\AppData\Local\Temp\ccsuuZlk.s 			page 5


DEFINED SYMBOLS
                            *ABS*:00000000 os_shutdown.c
C:\Users\PRESID~1\AppData\Local\Temp\ccsuuZlk.s:15     .text:00000000 $t
C:\Users\PRESID~1\AppData\Local\Temp\ccsuuZlk.s:24     .text:00000000 OS_SHUTDOWN
                           .group:00000000 wm4.0.e31f5ef4b602e0fe12ffa66337bb63a5
                           .group:00000000 wm4.os_config.h.2.f6eac9d90a921b6f21f0ccaa4f0194d3
                           .group:00000000 wm4.os_common.h.2.552e5427eb955534308d342b866fde4e
                           .group:00000000 wm4.os_task_config.h.2.6666b50e8a518cf90a10402c04d546aa
                           .group:00000000 wm4.os_task_common.h.95.8d8bf4690dc541f58a865736bc15fd8a

UNDEFINED SYMBOLS
LLF_DISABLE_INTERRUPTS_ALL_CORES
LLF_MPU_DISABLE
OS_SET_SW_BUG
LLF_MCU_SWITCH_OFF_POWER
LLF_MCU_RESET_POWER
OS_START_EXT_PRG
