ARM GAS  C:\Users\PRESID~1\AppData\Local\Temp\ccPy5y4c.s 			page 1


   1              		.syntax unified
   2              		.cpu cortex-m4
   3              		.fpu softvfp
   4              		.eabi_attribute 20, 1
   5              		.eabi_attribute 21, 1
   6              		.eabi_attribute 23, 3
   7              		.eabi_attribute 24, 1
   8              		.eabi_attribute 25, 1
   9              		.eabi_attribute 26, 1
  10              		.eabi_attribute 30, 6
  11              		.eabi_attribute 34, 1
  12              		.eabi_attribute 18, 4
  13              		.thumb
  14              		.file	"os_shared_ram.c"
  15              		.text
  16              	.Ltext0:
  17              		.cfi_sections	.debug_frame
  18              		.comm	RAM_BLOCK_C00_C00,256,4
  19              		.comm	RAM_BLOCK_C00_C01,256,4
  20              		.comm	RAM_BLOCK_C00_C02,256,4
  21              		.comm	RAM_BLOCK_C00_C03,256,4
  22              		.comm	RAM_BLOCK_C01_C00,256,4
  23              		.comm	RAM_BLOCK_C01_C01,256,4
  24              		.comm	RAM_BLOCK_C01_C02,256,4
  25              		.comm	RAM_BLOCK_C01_C03,256,4
  26              		.comm	RAM_BLOCK_C02_C00,256,4
  27              		.comm	RAM_BLOCK_C02_C01,256,4
  28              		.comm	RAM_BLOCK_C02_C02,256,4
  29              		.comm	RAM_BLOCK_C02_C03,256,4
  30              		.comm	RAM_BLOCK_C03_C00,256,4
  31              		.comm	RAM_BLOCK_C03_C01,256,4
  32              		.comm	RAM_BLOCK_C03_C02,256,4
  33              		.comm	RAM_BLOCK_C03_C03,256,4
  34              	.Letext0:
  35              		.file 1 "E:\\NeuOrga\\Programmieren\\c_cpp\\github_os\\input\\src\\os_base\\os_shared_ram.c"
  36              		.file 2 "e:\\neuorga\\programmieren\\c_cpp\\github_os\\input\\src\\os_base\\os_base_types.h"
ARM GAS  C:\Users\PRESID~1\AppData\Local\Temp\ccPy5y4c.s 			page 2


DEFINED SYMBOLS
                            *ABS*:00000000 os_shared_ram.c
                            *COM*:00000100 RAM_BLOCK_C00_C00
                            *COM*:00000100 RAM_BLOCK_C00_C01
                            *COM*:00000100 RAM_BLOCK_C00_C02
                            *COM*:00000100 RAM_BLOCK_C00_C03
                            *COM*:00000100 RAM_BLOCK_C01_C00
                            *COM*:00000100 RAM_BLOCK_C01_C01
                            *COM*:00000100 RAM_BLOCK_C01_C02
                            *COM*:00000100 RAM_BLOCK_C01_C03
                            *COM*:00000100 RAM_BLOCK_C02_C00
                            *COM*:00000100 RAM_BLOCK_C02_C01
                            *COM*:00000100 RAM_BLOCK_C02_C02
                            *COM*:00000100 RAM_BLOCK_C02_C03
                            *COM*:00000100 RAM_BLOCK_C03_C00
                            *COM*:00000100 RAM_BLOCK_C03_C01
                            *COM*:00000100 RAM_BLOCK_C03_C02
                            *COM*:00000100 RAM_BLOCK_C03_C03
                           .group:00000000 wm4.0.718a663455c795daf5c6dd176ef70bbe
                           .group:00000000 wm4.os_base_types.h.2.f3c0267f175f5cbacca6b71710665a02
                           .group:00000000 wm4.os_common.h.2.17fb4bbab233edcbaca9a4c22556f36d
                           .group:00000000 wm4.os_stack.h.2.19e5f67d3b2f1e569581f0c055512986
                           .group:00000000 wm4.os_heap.h.2.89074aae455d2462b5952479e3530dd1
                           .group:00000000 wm4.os_task_config.h.2.7cfaa082f19f6144d85c64ce1f04b914
                           .group:00000000 wm4.os_task_common.h.92.310ae0de7be5874c80e3c1d4bf919b37

NO UNDEFINED SYMBOLS
