ARM GAS  C:\Users\PRESID~1\AppData\Local\Temp\ccBAOwly.s 			page 1


   1              		.cpu cortex-m4
   2              		.eabi_attribute 20, 1
   3              		.eabi_attribute 21, 1
   4              		.eabi_attribute 23, 3
   5              		.eabi_attribute 24, 1
   6              		.eabi_attribute 25, 1
   7              		.eabi_attribute 26, 1
   8              		.eabi_attribute 30, 2
   9              		.eabi_attribute 34, 1
  10              		.eabi_attribute 18, 4
  11              		.file	"os_start_init_hw.c"
  12              		.text
  13              	.Ltext0:
  14              		.cfi_sections	.debug_frame
  15              		.align	1
  16              		.p2align 2,,3
  17              		.global	OS_INIT_HW
  18              		.arch armv7e-m
  19              		.syntax unified
  20              		.thumb
  21              		.thumb_func
  22              		.fpu softvfp
  24              	OS_INIT_HW:
  25              	.LFB0:
  26              		.file 1 "C:\\Users\\president\\Desktop\\sbx\\input\\src\\os_base\\os_start_init_hw.c"
   1:C:\Users\president\Desktop\sbx\input\src\os_base\os_start_init_hw.c **** #include "os_firstinc.h"
   2:C:\Users\president\Desktop\sbx\input\src\os_base\os_start_init_hw.c **** 
   3:C:\Users\president\Desktop\sbx\input\src\os_base\os_start_init_hw.c **** void OS_INIT_HW(void)
   4:C:\Users\president\Desktop\sbx\input\src\os_base\os_start_init_hw.c **** {
  27              		.loc 1 4 1 view -0
  28              		.cfi_startproc
  29              		@ args = 0, pretend = 0, frame = 0
  30              		@ frame_needed = 0, uses_anonymous_args = 0
  31              		@ link register save eliminated.
   5:C:\Users\president\Desktop\sbx\input\src\os_base\os_start_init_hw.c ****    /* the MCU init (OS_INIT_MC) is currently enough, because no extended peripherals are connected 
   6:C:\Users\president\Desktop\sbx\input\src\os_base\os_start_init_hw.c **** }
  32              		.loc 1 6 1 view .LVU1
  33 0000 7047     		bx	lr
  34              		.cfi_endproc
  35              	.LFE0:
  37              	.Letext0:
  38              		.file 2 "c:\\users\\president\\desktop\\sbx\\input\\src\\os_base\\os_base_types.h"
  39              		.file 3 "c:\\users\\president\\desktop\\sbx\\input\\src\\os_base\\os_common.h"
  40              		.file 4 "c:\\users\\president\\desktop\\sbx\\input\\src\\os_drivers\\lld_core.h"
  41              		.file 5 "c:\\users\\president\\desktop\\sbx\\input\\src\\os_base\\os_task_common.h"
  42              		.file 6 "C:\\Users\\president\\Desktop\\sbx\\input\\src\\os_base\\os_main.h"
  43              		.file 7 "c:\\users\\president\\desktop\\sbx\\input\\src\\os_base\\os_ram.h"
  44              		.file 8 "c:\\users\\president\\desktop\\sbx\\input\\src\\os_base\\os_ram_stack.h"
ARM GAS  C:\Users\PRESID~1\AppData\Local\Temp\ccBAOwly.s 			page 2


DEFINED SYMBOLS
                            *ABS*:00000000 os_start_init_hw.c
C:\Users\PRESID~1\AppData\Local\Temp\ccBAOwly.s:15     .text:00000000 $t
C:\Users\PRESID~1\AppData\Local\Temp\ccBAOwly.s:24     .text:00000000 OS_INIT_HW
                           .group:00000000 wm4.0.e31f5ef4b602e0fe12ffa66337bb63a5
                           .group:00000000 wm4.os_config.h.2.f6eac9d90a921b6f21f0ccaa4f0194d3
                           .group:00000000 wm4.os_common.h.2.552e5427eb955534308d342b866fde4e
                           .group:00000000 wm4.os_task_config.h.2.6666b50e8a518cf90a10402c04d546aa
                           .group:00000000 wm4.os_task_common.h.95.8d8bf4690dc541f58a865736bc15fd8a

NO UNDEFINED SYMBOLS
