ARM GAS  C:\Users\PRESID~1\AppData\Local\Temp\ccPnX172.s 			page 1


   1              		.cpu cortex-m4
   2              		.eabi_attribute 20, 1
   3              		.eabi_attribute 21, 1
   4              		.eabi_attribute 23, 3
   5              		.eabi_attribute 24, 1
   6              		.eabi_attribute 25, 1
   7              		.eabi_attribute 26, 1
   8              		.eabi_attribute 30, 2
   9              		.eabi_attribute 34, 1
  10              		.eabi_attribute 18, 4
  11              		.file	"os_start_os.c"
  12              		.text
  13              	.Ltext0:
  14              		.cfi_sections	.debug_frame
  15              		.align	1
  16              		.p2align 2,,3
  17              		.global	OS_START_OS
  18              		.arch armv7e-m
  19              		.syntax unified
  20              		.thumb
  21              		.thumb_func
  22              		.fpu softvfp
  24              	OS_START_OS:
  25              	.LFB0:
  26              		.file 1 "C:\\Users\\president\\Desktop\\sbx\\input\\src\\os_base\\os_start_os.c"
   1:C:\Users\president\Desktop\sbx\input\src\os_base\os_start_os.c **** #include "os_firstinc.h"
   2:C:\Users\president\Desktop\sbx\input\src\os_base\os_start_os.c **** #include "os_main.h"
   3:C:\Users\president\Desktop\sbx\input\src\os_base\os_start_os.c **** #include "os_start_os.h"
   4:C:\Users\president\Desktop\sbx\input\src\os_base\os_start_os.c **** #include "os_exception.h"
   5:C:\Users\president\Desktop\sbx\input\src\os_base\os_start_os.c **** 
   6:C:\Users\president\Desktop\sbx\input\src\os_base\os_start_os.c **** 
   7:C:\Users\president\Desktop\sbx\input\src\os_base\os_start_os.c **** void OS_START_OS(void)
   8:C:\Users\president\Desktop\sbx\input\src\os_base\os_start_os.c **** {
  27              		.loc 1 8 1 view -0
  28              		.cfi_startproc
  29              		@ args = 0, pretend = 0, frame = 0
  30              		@ frame_needed = 0, uses_anonymous_args = 0
  31              		@ link register save eliminated.
   9:C:\Users\president\Desktop\sbx\input\src\os_base\os_start_os.c ****    VAR_HARDFAULT_STATUS_REG       = 0u;
  32              		.loc 1 9 4 view .LVU1
   8:C:\Users\president\Desktop\sbx\input\src\os_base\os_start_os.c ****    VAR_HARDFAULT_STATUS_REG       = 0u;
  33              		.loc 1 8 1 is_stmt 0 view .LVU2
  34 0000 F0B4     		push	{r4, r5, r6, r7}
  35              		.cfi_def_cfa_offset 16
  36              		.cfi_offset 4, -16
  37              		.cfi_offset 5, -12
  38              		.cfi_offset 6, -8
  39              		.cfi_offset 7, -4
  10:C:\Users\president\Desktop\sbx\input\src\os_base\os_start_os.c ****    VAR_MEM_MANAG_FAULT_STATUS_REG = 0u;
  11:C:\Users\president\Desktop\sbx\input\src\os_base\os_start_os.c ****    VAR_USAGE_FAULT_STATUS_REG     = 0u;
  12:C:\Users\president\Desktop\sbx\input\src\os_base\os_start_os.c ****    VAR_FAULT_STATUS_REG           = 0u;
  40              		.loc 1 12 35 view .LVU3
  41 0002 0F48     		ldr	r0, .L4
   9:C:\Users\president\Desktop\sbx\input\src\os_base\os_start_os.c ****    VAR_MEM_MANAG_FAULT_STATUS_REG = 0u;
  42              		.loc 1 9 35 view .LVU4
  43 0004 0F4F     		ldr	r7, .L4+4
  10:C:\Users\president\Desktop\sbx\input\src\os_base\os_start_os.c ****    VAR_MEM_MANAG_FAULT_STATUS_REG = 0u;
ARM GAS  C:\Users\PRESID~1\AppData\Local\Temp\ccPnX172.s 			page 2


  44              		.loc 1 10 35 view .LVU5
  45 0006 104E     		ldr	r6, .L4+8
  11:C:\Users\president\Desktop\sbx\input\src\os_base\os_start_os.c ****    VAR_FAULT_STATUS_REG           = 0u;
  46              		.loc 1 11 35 view .LVU6
  47 0008 104C     		ldr	r4, .L4+12
  13:C:\Users\president\Desktop\sbx\input\src\os_base\os_start_os.c ****    VAR_MEM_FAULT_ADDR_REG         = 0u;
  48              		.loc 1 13 35 view .LVU7
  49 000a 114A     		ldr	r2, .L4+16
  14:C:\Users\president\Desktop\sbx\input\src\os_base\os_start_os.c ****    VAR_BUS_FAULT_ADDR_REG         = 0u;
  50              		.loc 1 14 35 view .LVU8
  51 000c 1149     		ldr	r1, .L4+20
  15:C:\Users\president\Desktop\sbx\input\src\os_base\os_start_os.c ****    VAR_AUX_FAULT_STATUS_REG       = 0u;
  52              		.loc 1 15 35 view .LVU9
  53 000e 124D     		ldr	r5, .L4+24
   9:C:\Users\president\Desktop\sbx\input\src\os_base\os_start_os.c ****    VAR_MEM_MANAG_FAULT_STATUS_REG = 0u;
  54              		.loc 1 9 35 view .LVU10
  55 0010 0023     		movs	r3, #0
  56 0012 3B60     		str	r3, [r7]
  10:C:\Users\president\Desktop\sbx\input\src\os_base\os_start_os.c ****    VAR_USAGE_FAULT_STATUS_REG     = 0u;
  57              		.loc 1 10 4 is_stmt 1 view .LVU11
  10:C:\Users\president\Desktop\sbx\input\src\os_base\os_start_os.c ****    VAR_USAGE_FAULT_STATUS_REG     = 0u;
  58              		.loc 1 10 35 is_stmt 0 view .LVU12
  59 0014 3360     		str	r3, [r6]
  11:C:\Users\president\Desktop\sbx\input\src\os_base\os_start_os.c ****    VAR_FAULT_STATUS_REG           = 0u;
  60              		.loc 1 11 4 is_stmt 1 view .LVU13
  11:C:\Users\president\Desktop\sbx\input\src\os_base\os_start_os.c ****    VAR_FAULT_STATUS_REG           = 0u;
  61              		.loc 1 11 35 is_stmt 0 view .LVU14
  62 0016 2360     		str	r3, [r4]
  12:C:\Users\president\Desktop\sbx\input\src\os_base\os_start_os.c ****    VAR_MEM_FAULT_ADDR_REG         = 0u;
  63              		.loc 1 12 4 is_stmt 1 view .LVU15
  12:C:\Users\president\Desktop\sbx\input\src\os_base\os_start_os.c ****    VAR_MEM_FAULT_ADDR_REG         = 0u;
  64              		.loc 1 12 35 is_stmt 0 view .LVU16
  65 0018 0360     		str	r3, [r0]
  13:C:\Users\president\Desktop\sbx\input\src\os_base\os_start_os.c ****    VAR_BUS_FAULT_ADDR_REG         = 0u;
  66              		.loc 1 13 4 is_stmt 1 view .LVU17
  16:C:\Users\president\Desktop\sbx\input\src\os_base\os_start_os.c ****    VAR_BUS_FAULT_STATUS_REG       = 0u;
  67              		.loc 1 16 35 is_stmt 0 view .LVU18
  68 001a 104C     		ldr	r4, .L4+28
  13:C:\Users\president\Desktop\sbx\input\src\os_base\os_start_os.c ****    VAR_BUS_FAULT_ADDR_REG         = 0u;
  69              		.loc 1 13 35 view .LVU19
  70 001c 1360     		str	r3, [r2]
  14:C:\Users\president\Desktop\sbx\input\src\os_base\os_start_os.c ****    VAR_AUX_FAULT_STATUS_REG       = 0u;
  71              		.loc 1 14 4 is_stmt 1 view .LVU20
  17:C:\Users\president\Desktop\sbx\input\src\os_base\os_start_os.c ****    LINK_REGISTER_HANDLER          = 0u;
  72              		.loc 1 17 35 is_stmt 0 view .LVU21
  73 001e 1048     		ldr	r0, .L4+32
  18:C:\Users\president\Desktop\sbx\input\src\os_base\os_start_os.c ****    BACKUP_SYSTICK_CURRENT_VAL_REG = 0u;
  74              		.loc 1 18 35 view .LVU22
  75 0020 104A     		ldr	r2, .L4+36
  14:C:\Users\president\Desktop\sbx\input\src\os_base\os_start_os.c ****    VAR_AUX_FAULT_STATUS_REG       = 0u;
  76              		.loc 1 14 35 view .LVU23
  77 0022 0B60     		str	r3, [r1]
  15:C:\Users\president\Desktop\sbx\input\src\os_base\os_start_os.c ****    VAR_BUS_FAULT_STATUS_REG       = 0u;
  78              		.loc 1 15 4 is_stmt 1 view .LVU24
  19:C:\Users\president\Desktop\sbx\input\src\os_base\os_start_os.c ****    /* activate all exception to improve the debug capabilities */
  20:C:\Users\president\Desktop\sbx\input\src\os_base\os_start_os.c **** #if(CFG_PROCESSOR == MCU_CORTEX_M4)
  21:C:\Users\president\Desktop\sbx\input\src\os_base\os_start_os.c ****    SYS_HANDLER_CTRL_STATE_ENA_ALL_EXCEP;
ARM GAS  C:\Users\PRESID~1\AppData\Local\Temp\ccPnX172.s 			page 3


  79              		.loc 1 21 4 is_stmt 0 view .LVU25
  80 0024 1049     		ldr	r1, .L4+40
  15:C:\Users\president\Desktop\sbx\input\src\os_base\os_start_os.c ****    VAR_BUS_FAULT_STATUS_REG       = 0u;
  81              		.loc 1 15 35 view .LVU26
  82 0026 2B60     		str	r3, [r5]
  16:C:\Users\president\Desktop\sbx\input\src\os_base\os_start_os.c ****    LINK_REGISTER_HANDLER          = 0u;
  83              		.loc 1 16 4 is_stmt 1 view .LVU27
  16:C:\Users\president\Desktop\sbx\input\src\os_base\os_start_os.c ****    LINK_REGISTER_HANDLER          = 0u;
  84              		.loc 1 16 35 is_stmt 0 view .LVU28
  85 0028 2360     		str	r3, [r4]
  17:C:\Users\president\Desktop\sbx\input\src\os_base\os_start_os.c ****    BACKUP_SYSTICK_CURRENT_VAL_REG = 0u;
  86              		.loc 1 17 4 is_stmt 1 view .LVU29
  17:C:\Users\president\Desktop\sbx\input\src\os_base\os_start_os.c ****    BACKUP_SYSTICK_CURRENT_VAL_REG = 0u;
  87              		.loc 1 17 35 is_stmt 0 view .LVU30
  88 002a 0360     		str	r3, [r0]
  18:C:\Users\president\Desktop\sbx\input\src\os_base\os_start_os.c ****    /* activate all exception to improve the debug capabilities */
  89              		.loc 1 18 4 is_stmt 1 view .LVU31
  18:C:\Users\president\Desktop\sbx\input\src\os_base\os_start_os.c ****    /* activate all exception to improve the debug capabilities */
  90              		.loc 1 18 35 is_stmt 0 view .LVU32
  91 002c 1360     		str	r3, [r2]
  92              		.loc 1 21 4 is_stmt 1 view .LVU33
  93 002e 0A68     		ldr	r2, [r1]
  22:C:\Users\president\Desktop\sbx\input\src\os_base\os_start_os.c **** #endif
  23:C:\Users\president\Desktop\sbx\input\src\os_base\os_start_os.c ****    /* triggers hw & sw init (OS parts), interrupt system init (including MMU) */
  24:C:\Users\president\Desktop\sbx\input\src\os_base\os_start_os.c ****    OS_STATE = OS_STATE_INIT;
  94              		.loc 1 24 13 is_stmt 0 view .LVU34
  95 0030 0E48     		ldr	r0, .L4+44
  21:C:\Users\president\Desktop\sbx\input\src\os_base\os_start_os.c **** #endif
  96              		.loc 1 21 4 view .LVU35
  97 0032 42F4E022 		orr	r2, r2, #458752
  98 0036 0A60     		str	r2, [r1]
  99              		.loc 1 24 4 is_stmt 1 view .LVU36
  25:C:\Users\president\Desktop\sbx\input\src\os_base\os_start_os.c ****    OS_STATE_HANDLER();
  26:C:\Users\president\Desktop\sbx\input\src\os_base\os_start_os.c **** }
 100              		.loc 1 26 1 is_stmt 0 view .LVU37
 101 0038 F0BC     		pop	{r4, r5, r6, r7}
 102              		.cfi_restore 7
 103              		.cfi_restore 6
 104              		.cfi_restore 5
 105              		.cfi_restore 4
 106              		.cfi_def_cfa_offset 0
  24:C:\Users\president\Desktop\sbx\input\src\os_base\os_start_os.c ****    OS_STATE_HANDLER();
 107              		.loc 1 24 13 view .LVU38
 108 003a 0370     		strb	r3, [r0]
  25:C:\Users\president\Desktop\sbx\input\src\os_base\os_start_os.c ****    OS_STATE_HANDLER();
 109              		.loc 1 25 4 is_stmt 1 view .LVU39
 110 003c FFF7FEBF 		b	OS_STATE_HANDLER
 111              	.LVL0:
 112              	.L5:
 113              		.align	2
 114              	.L4:
 115 0040 00000000 		.word	VAR_FAULT_STATUS_REG
 116 0044 00000000 		.word	VAR_HARDFAULT_STATUS_REG
 117 0048 00000000 		.word	VAR_MEM_MANAG_FAULT_STATUS_REG
 118 004c 00000000 		.word	VAR_USAGE_FAULT_STATUS_REG
 119 0050 00000000 		.word	VAR_MEM_FAULT_ADDR_REG
 120 0054 00000000 		.word	VAR_BUS_FAULT_ADDR_REG
ARM GAS  C:\Users\PRESID~1\AppData\Local\Temp\ccPnX172.s 			page 4


 121 0058 00000000 		.word	VAR_AUX_FAULT_STATUS_REG
 122 005c 00000000 		.word	VAR_BUS_FAULT_STATUS_REG
 123 0060 00000000 		.word	LINK_REGISTER_HANDLER
 124 0064 00000000 		.word	BACKUP_SYSTICK_CURRENT_VAL_REG
 125 0068 24ED00E0 		.word	-536810204
 126 006c 00000000 		.word	OS_STATE
 127              		.cfi_endproc
 128              	.LFE0:
 130              	.Letext0:
 131              		.file 2 "c:\\users\\president\\desktop\\sbx\\input\\src\\os_base\\os_base_types.h"
 132              		.file 3 "c:\\users\\president\\desktop\\sbx\\input\\src\\os_base\\os_common.h"
 133              		.file 4 "c:\\users\\president\\desktop\\sbx\\input\\src\\os_drivers\\lld_core.h"
 134              		.file 5 "c:\\users\\president\\desktop\\sbx\\input\\src\\os_base\\os_task_common.h"
 135              		.file 6 "C:\\Users\\president\\Desktop\\sbx\\input\\src\\os_base\\os_main.h"
 136              		.file 7 "c:\\users\\president\\desktop\\sbx\\input\\src\\os_base\\os_ram.h"
 137              		.file 8 "c:\\users\\president\\desktop\\sbx\\input\\src\\os_base\\os_ram_stack.h"
ARM GAS  C:\Users\PRESID~1\AppData\Local\Temp\ccPnX172.s 			page 5


DEFINED SYMBOLS
                            *ABS*:00000000 os_start_os.c
C:\Users\PRESID~1\AppData\Local\Temp\ccPnX172.s:15     .text:00000000 $t
C:\Users\PRESID~1\AppData\Local\Temp\ccPnX172.s:24     .text:00000000 OS_START_OS
C:\Users\PRESID~1\AppData\Local\Temp\ccPnX172.s:115    .text:00000040 $d
                           .group:00000000 wm4.0.e31f5ef4b602e0fe12ffa66337bb63a5
                           .group:00000000 wm4.os_config.h.2.f6eac9d90a921b6f21f0ccaa4f0194d3
                           .group:00000000 wm4.os_common.h.2.552e5427eb955534308d342b866fde4e
                           .group:00000000 wm4.os_task_config.h.2.6666b50e8a518cf90a10402c04d546aa
                           .group:00000000 wm4.os_task_common.h.95.8d8bf4690dc541f58a865736bc15fd8a
                           .group:00000000 wm4.os_exception.h.2.021e31434e3fc31b542c5d8c3891b28a

UNDEFINED SYMBOLS
OS_STATE_HANDLER
VAR_FAULT_STATUS_REG
VAR_HARDFAULT_STATUS_REG
VAR_MEM_MANAG_FAULT_STATUS_REG
VAR_USAGE_FAULT_STATUS_REG
VAR_MEM_FAULT_ADDR_REG
VAR_BUS_FAULT_ADDR_REG
VAR_AUX_FAULT_STATUS_REG
VAR_BUS_FAULT_STATUS_REG
LINK_REGISTER_HANDLER
BACKUP_SYSTICK_CURRENT_VAL_REG
OS_STATE
