In file included from E:\NeuOrga\Programmieren\c_cpp\github_os\input\src\os_base\os_task_queue.c:4:0:
E:\NeuOrga\Programmieren\c_cpp\github_os\input\src\os_base\os_task_scheduler.h:12:0: warning: "OS_SAVE_TASK_PTR" redefined
 #define OS_SAVE_TASK_PTR(task_ptr, Task_n_ptr)
 
In file included from e:\neuorga\programmieren\c_cpp\github_os\input\src\os_drivers\lld_global.h:6:0,
                 from E:\NeuOrga\Programmieren\c_cpp\github_os\input\src\os_base\os_firstinc.h:11,
                 from E:\NeuOrga\Programmieren\c_cpp\github_os\input\src\os_base\os_task_queue.c:1:
e:\neuorga\programmieren\c_cpp\github_os\input\src\os_base\os_task_common.h:95:0: note: this is the location of the previous definition
 #define OS_SAVE_TASK_PTR(task_ptr, task_name) (TASK_PTR[(task_name)] = (task_ptr))
 
E:\NeuOrga\Programmieren\c_cpp\github_os\input\src\os_base\os_task_queue.c: In function 'SET_RUNNING_TASK':
E:\NeuOrga\Programmieren\c_cpp\github_os\input\src\os_base\os_task_queue.c:81:28: error: 'task_t {aka struct task_s}' has no member named 'stack_size'; did you mean 'StackSize'?
       (&RUNNING_TASK[0u])->stack_size                       = task->stack_size;
                            ^~~~~~~~~~
                            StackSize
E:\NeuOrga\Programmieren\c_cpp\github_os\input\src\os_base\os_task_queue.c:81:69: error: 'task_t {aka struct task_s}' has no member named 'stack_size'; did you mean 'StackSize'?
       (&RUNNING_TASK[0u])->stack_size                       = task->stack_size;
                                                                     ^~~~~~~~~~
                                                                     StackSize
E:\NeuOrga\Programmieren\c_cpp\github_os\input\src\os_base\os_task_queue.c: In function 'ADD_TO_TASK_QUEUE':
E:\NeuOrga\Programmieren\c_cpp\github_os\input\src\os_base\os_task_queue.c:157:38: error: 'task_t {aka struct task_s}' has no member named 'stack_size'; did you mean 'StackSize'?
       (&TASK_RUN_QUEUE[element_nr])->stack_size                       = task->stack_size;
                                      ^~~~~~~~~~
                                      StackSize
E:\NeuOrga\Programmieren\c_cpp\github_os\input\src\os_base\os_task_queue.c:157:79: error: 'task_t {aka struct task_s}' has no member named 'stack_size'; did you mean 'StackSize'?
       (&TASK_RUN_QUEUE[element_nr])->stack_size                       = task->stack_size;
                                                                               ^~~~~~~~~~
                                                                               StackSize
E:\NeuOrga\Programmieren\c_cpp\github_os\input\src\os_base\os_task_queue.c: In function 'DELETE_FROM_TASK_QUEUE':
E:\NeuOrga\Programmieren\c_cpp\github_os\input\src\os_base\os_task_queue.c:182:52: error: 'Task_unspecified' undeclared (first use in this function)
    task->task_state                            =   Task_unspecified;
                                                    ^~~~~~~~~~~~~~~~
E:\NeuOrga\Programmieren\c_cpp\github_os\input\src\os_base\os_task_queue.c:182:52: note: each undeclared identifier is reported only once for each function it appears in
E:\NeuOrga\Programmieren\c_cpp\github_os\input\src\os_base\os_task_queue.c:209:10: error: 'task_t {aka struct task_s}' has no member named 'stack_size'; did you mean 'StackSize'?
    task->stack_size                             =   0u       ;
          ^~~~~~~~~~
          StackSize
E:\NeuOrga\Programmieren\c_cpp\github_os\input\src\os_base\os_task_queue.c: In function 'ADD_TO_IDLE_TASK_QUEUE':
E:\NeuOrga\Programmieren\c_cpp\github_os\input\src\os_base\os_task_queue.c:303:73: error: 'Task_ready' undeclared (first use in this function)
       (&TASK_IDLE_QUEUE[0u])->task_state                            =   Task_ready             ;
                                                                         ^~~~~~~~~~
E:\NeuOrga\Programmieren\c_cpp\github_os\input\src\os_base\os_task_queue.c:330:31: error: 'task_t {aka struct task_s}' has no member named 'stack_size'; did you mean 'StackSize'?
       (&TASK_IDLE_QUEUE[0u])->stack_size                             =   task->stack_size        ;
                               ^~~~~~~~~~
                               StackSize
E:\NeuOrga\Programmieren\c_cpp\github_os\input\src\os_base\os_task_queue.c:330:80: error: 'task_t {aka struct task_s}' has no member named 'stack_size'; did you mean 'StackSize'?
       (&TASK_IDLE_QUEUE[0u])->stack_size                             =   task->stack_size        ;
                                                                                ^~~~~~~~~~
                                                                                StackSize
E:\NeuOrga\Programmieren\c_cpp\github_os\input\src\os_base\os_task_queue.c: In function 'OS_INIT_TASK':
E:\NeuOrga\Programmieren\c_cpp\github_os\input\src\os_base\os_task_queue.c:372:35: error: 'Task_unspecified' undeclared (first use in this function); did you mean 'TaskFunction'?
       OS_TASK_STATE_REQUEST(task, Task_unspecified);
                                   ^~~~~~~~~~~~~~~~
                                   TaskFunction
E:\NeuOrga\Programmieren\c_cpp\github_os\input\src\os_base\os_task_queue.c:383:13: error: 'task_t {aka struct task_s}' has no member named 'stack_size'; did you mean 'StackSize'?
       task->stack_size             = uStackSize;
             ^~~~~~~~~~
             StackSize
E:\NeuOrga\Programmieren\c_cpp\github_os\input\src\os_base\os_task_queue.c:389:21: error: 'os_bug_null_pointer' undeclared (first use in this function); did you mean '__builtin_eh_pointer'?
       OS_SET_SW_BUG(os_bug_null_pointer, Func_InitTask);
                     ^~~~~~~~~~~~~~~~~~~
                     __builtin_eh_pointer
E:\NeuOrga\Programmieren\c_cpp\github_os\input\src\os_base\os_task_queue.c:389:42: error: 'Func_InitTask' undeclared (first use in this function)
       OS_SET_SW_BUG(os_bug_null_pointer, Func_InitTask);
                                          ^~~~~~~~~~~~~
