In file included from E:\NeuOrga\Programmieren\c_cpp\github_os\input\src\os_base\os_task_scheduler.c:4:0:
E:\NeuOrga\Programmieren\c_cpp\github_os\input\src\os_base\os_task_scheduler.h:12:0: warning: "OS_SAVE_TASK_PTR" redefined
 #define OS_SAVE_TASK_PTR(task_ptr, Task_n_ptr)
 
In file included from e:\neuorga\programmieren\c_cpp\github_os\input\src\os_drivers\lld_global.h:6:0,
                 from E:\NeuOrga\Programmieren\c_cpp\github_os\input\src\os_base\os_firstinc.h:11,
                 from E:\NeuOrga\Programmieren\c_cpp\github_os\input\src\os_base\os_task_scheduler.c:1:
e:\neuorga\programmieren\c_cpp\github_os\input\src\os_base\os_task_common.h:95:0: note: this is the location of the previous definition
 #define OS_SAVE_TASK_PTR(task_ptr, task_name) (TASK_PTR[(task_name)] = (task_ptr))
 
E:\NeuOrga\Programmieren\c_cpp\github_os\input\src\os_base\os_task_scheduler.c: In function 'OS_TASK_STATE_REQUEST':
E:\NeuOrga\Programmieren\c_cpp\github_os\input\src\os_base\os_task_scheduler.c:60:9: error: 'Task_unspecified' undeclared (first use in this function)
    case Task_unspecified:/* 1. create new task */
         ^~~~~~~~~~~~~~~~
E:\NeuOrga\Programmieren\c_cpp\github_os\input\src\os_base\os_task_scheduler.c:60:9: note: each undeclared identifier is reported only once for each function it appears in
E:\NeuOrga\Programmieren\c_cpp\github_os\input\src\os_base\os_task_scheduler.c:64:12: error: 'Task_ready' undeclared (first use in this function)
       case Task_ready:
            ^~~~~~~~~~
E:\NeuOrga\Programmieren\c_cpp\github_os\input\src\os_base\os_task_scheduler.c:65:12: error: 'Task_running' undeclared (first use in this function); did you mean 'Task_ready'?
       case Task_running:
            ^~~~~~~~~~~~
            Task_ready
E:\NeuOrga\Programmieren\c_cpp\github_os\input\src\os_base\os_task_scheduler.c:66:12: error: 'Task_suspended' undeclared (first use in this function); did you mean 'Task_unspecified'?
       case Task_suspended:
            ^~~~~~~~~~~~~~
            Task_unspecified
E:\NeuOrga\Programmieren\c_cpp\github_os\input\src\os_base\os_task_scheduler.c:100:24: error: 'os_bug_taskstate_request_denied' undeclared (first use in this function)
          OS_SET_SW_BUG(os_bug_taskstate_request_denied, Func_TaskStateRequest);
                        ^~~~~~~~~~~~~~~~~~~~~~~~~~~~~~~
E:\NeuOrga\Programmieren\c_cpp\github_os\input\src\os_base\os_task_scheduler.c:100:57: error: 'Func_TaskStateRequest' undeclared (first use in this function)
          OS_SET_SW_BUG(os_bug_taskstate_request_denied, Func_TaskStateRequest);
                                                         ^~~~~~~~~~~~~~~~~~~~~
E:\NeuOrga\Programmieren\c_cpp\github_os\input\src\os_base\os_task_scheduler.c: In function 'OS_CREATE_TASK':
E:\NeuOrga\Programmieren\c_cpp\github_os\input\src\os_base\os_task_scheduler.c:177:39: error: 'Task_suspended' undeclared (first use in this function); did you mean 'task_state_e'?
          if(task->state_request(task, Task_suspended)== ACCEPTED)
                                       ^~~~~~~~~~~~~~
                                       task_state_e
E:\NeuOrga\Programmieren\c_cpp\github_os\input\src\os_base\os_task_scheduler.c:183:27: error: 'os_bug_taskstate_request_denied' undeclared (first use in this function)
             OS_SET_SW_BUG(os_bug_taskstate_request_denied, Func_CreateTask);
                           ^~~~~~~~~~~~~~~~~~~~~~~~~~~~~~~
E:\NeuOrga\Programmieren\c_cpp\github_os\input\src\os_base\os_task_scheduler.c:183:60: error: 'Func_CreateTask' undeclared (first use in this function)
             OS_SET_SW_BUG(os_bug_taskstate_request_denied, Func_CreateTask);
                                                            ^~~~~~~~~~~~~~~
E:\NeuOrga\Programmieren\c_cpp\github_os\input\src\os_base\os_task_scheduler.c:188:24: error: 'os_bug_null_pointer' undeclared (first use in this function); did you mean '__builtin_eh_pointer'?
          OS_SET_SW_BUG(os_bug_null_pointer, Func_CreateTask);
                        ^~~~~~~~~~~~~~~~~~~
                        __builtin_eh_pointer
E:\NeuOrga\Programmieren\c_cpp\github_os\input\src\os_base\os_task_scheduler.c: In function 'os_preempt_task':
E:\NeuOrga\Programmieren\c_cpp\github_os\input\src\os_base\os_task_scheduler.c:210:39: error: 'Task_ready' undeclared (first use in this function)
          if(task->state_request(task, Task_ready)== ACCEPTED)
                                       ^~~~~~~~~~
E:\NeuOrga\Programmieren\c_cpp\github_os\input\src\os_base\os_task_scheduler.c:223:27: error: 'os_bug_taskstate_request_denied' undeclared (first use in this function)
             OS_SET_SW_BUG(os_bug_taskstate_request_denied, Func_Preempt_Task);
                           ^~~~~~~~~~~~~~~~~~~~~~~~~~~~~~~
E:\NeuOrga\Programmieren\c_cpp\github_os\input\src\os_base\os_task_scheduler.c:223:60: error: 'Func_Preempt_Task' undeclared (first use in this function); did you mean 'os_preempt_task'?
             OS_SET_SW_BUG(os_bug_taskstate_request_denied, Func_Preempt_Task);
                                                            ^~~~~~~~~~~~~~~~~
                                                            os_preempt_task
E:\NeuOrga\Programmieren\c_cpp\github_os\input\src\os_base\os_task_scheduler.c:228:24: error: 'os_bug_null_pointer' undeclared (first use in this function); did you mean '__builtin_eh_pointer'?
          OS_SET_SW_BUG(os_bug_null_pointer, Func_Preempt_Task);
                        ^~~~~~~~~~~~~~~~~~~
                        __builtin_eh_pointer
E:\NeuOrga\Programmieren\c_cpp\github_os\input\src\os_base\os_task_scheduler.c: In function 'OS_ACTIVATE_TASK':
E:\NeuOrga\Programmieren\c_cpp\github_os\input\src\os_base\os_task_scheduler.c:249:36: error: 'Task_ready' undeclared (first use in this function)
       if(task->state_request(task, Task_ready)==ACCEPTED)
                                    ^~~~~~~~~~
E:\NeuOrga\Programmieren\c_cpp\github_os\input\src\os_base\os_task_scheduler.c:268:33: error: 'os_bug_null_pointer' undeclared (first use in this function); did you mean '__builtin_eh_pointer'?
                   OS_SET_SW_BUG(os_bug_null_pointer,Func_ActivateTask);
                                 ^~~~~~~~~~~~~~~~~~~
                                 __builtin_eh_pointer
E:\NeuOrga\Programmieren\c_cpp\github_os\input\src\os_base\os_task_scheduler.c:268:53: error: 'Func_ActivateTask' undeclared (first use in this function)
                   OS_SET_SW_BUG(os_bug_null_pointer,Func_ActivateTask);
                                                     ^~~~~~~~~~~~~~~~~
E:\NeuOrga\Programmieren\c_cpp\github_os\input\src\os_base\os_task_scheduler.c:274:30: error: 'os_bug_taskstate_request_denied' undeclared (first use in this function)
                OS_SET_SW_BUG(os_bug_taskstate_request_denied, Func_ActivateTask);
                              ^~~~~~~~~~~~~~~~~~~~~~~~~~~~~~~
E:\NeuOrga\Programmieren\c_cpp\github_os\input\src\os_base\os_task_scheduler.c: In function 'OS_START_TASK':
E:\NeuOrga\Programmieren\c_cpp\github_os\input\src\os_base\os_task_scheduler.c:304:39: error: 'Task_running' undeclared (first use in this function)
          if(task->state_request(task, Task_running)== ACCEPTED)
                                       ^~~~~~~~~~~~
E:\NeuOrga\Programmieren\c_cpp\github_os\input\src\os_base\os_task_scheduler.c:319:40: error: 'ePriviligeMode_unpriviliged_thread_mode' undeclared (first use in this function)
             if(task->privilige_mode == ePriviligeMode_unpriviliged_thread_mode)
                                        ^~~~~~~~~~~~~~~~~~~~~~~~~~~~~~~~~~~~~~~
E:\NeuOrga\Programmieren\c_cpp\github_os\input\src\os_base\os_task_scheduler.c:329:27: error: 'os_bug_taskstate_request_denied' undeclared (first use in this function)
             OS_SET_SW_BUG(os_bug_taskstate_request_denied, Func_StartTask);
                           ^~~~~~~~~~~~~~~~~~~~~~~~~~~~~~~
E:\NeuOrga\Programmieren\c_cpp\github_os\input\src\os_base\os_task_scheduler.c:329:60: error: 'Func_StartTask' undeclared (first use in this function)
             OS_SET_SW_BUG(os_bug_taskstate_request_denied, Func_StartTask);
                                                            ^~~~~~~~~~~~~~
E:\NeuOrga\Programmieren\c_cpp\github_os\input\src\os_base\os_task_scheduler.c:334:24: error: 'os_bug_null_pointer' undeclared (first use in this function); did you mean '__builtin_eh_pointer'?
          OS_SET_SW_BUG(os_bug_null_pointer, Func_StartTask);
                        ^~~~~~~~~~~~~~~~~~~
                        __builtin_eh_pointer
E:\NeuOrga\Programmieren\c_cpp\github_os\input\src\os_base\os_task_scheduler.c: In function 'OS_TERMINATE_TASK':
E:\NeuOrga\Programmieren\c_cpp\github_os\input\src\os_base\os_task_scheduler.c:357:39: error: 'Task_suspended' undeclared (first use in this function); did you mean 'task_state_e'?
          if(task->state_request(task, Task_suspended)== ACCEPTED)
                                       ^~~~~~~~~~~~~~
                                       task_state_e
E:\NeuOrga\Programmieren\c_cpp\github_os\input\src\os_base\os_task_scheduler.c:372:27: error: 'os_bug_taskstate_request_denied' undeclared (first use in this function)
             OS_SET_SW_BUG(os_bug_taskstate_request_denied, Func_TerminateTask);
                           ^~~~~~~~~~~~~~~~~~~~~~~~~~~~~~~
E:\NeuOrga\Programmieren\c_cpp\github_os\input\src\os_base\os_task_scheduler.c:372:60: error: 'Func_TerminateTask' undeclared (first use in this function)
             OS_SET_SW_BUG(os_bug_taskstate_request_denied, Func_TerminateTask);
                                                            ^~~~~~~~~~~~~~~~~~
E:\NeuOrga\Programmieren\c_cpp\github_os\input\src\os_base\os_task_scheduler.c:377:24: error: 'os_bug_null_pointer' undeclared (first use in this function); did you mean '__builtin_eh_pointer'?
          OS_SET_SW_BUG(os_bug_null_pointer, Func_TerminateTask);
                        ^~~~~~~~~~~~~~~~~~~
                        __builtin_eh_pointer
E:\NeuOrga\Programmieren\c_cpp\github_os\input\src\os_base\os_task_scheduler.c: In function 'OS_INIT_TASKs':
E:\NeuOrga\Programmieren\c_cpp\github_os\input\src\os_base\os_task_scheduler.c:481:17: error: 'TASK_0' undeclared (first use in this function); did you mean 'TASK_PTR'?
                &TASK_0,                           /* Task Function*/
                 ^~~~~~
                 TASK_PTR
E:\NeuOrga\Programmieren\c_cpp\github_os\input\src\os_base\os_task_scheduler.c:487:16: error: 'ePriviligeMode_unpriviliged_thread_mode' undeclared (first use in this function)
                ePriviligeMode_unpriviliged_thread_mode, /* Unpriviliged Thread Mode */
                ^~~~~~~~~~~~~~~~~~~~~~~~~~~~~~~~~~~~~~~
E:\NeuOrga\Programmieren\c_cpp\github_os\input\src\os_base\os_task_scheduler.c:488:16: error: 'Core0' undeclared (first use in this function)
                Core0,                            /* Cortex M4 has only 1 core */
                ^~~~~
E:\NeuOrga\Programmieren\c_cpp\github_os\input\src\os_base\os_task_scheduler.c:492:29: error: 'Task_0_ptr' undeclared (first use in this function); did you mean 'task_ptr'?
    OS_SaveTaskPtr(task_ptr, Task_0_ptr);
                             ^~~~~~~~~~
                             task_ptr
E:\NeuOrga\Programmieren\c_cpp\github_os\input\src\os_base\os_task_scheduler.c:497:17: error: 'TASK_1' undeclared (first use in this function); did you mean 'TASK_0'?
                &TASK_1,       /* Task Function*/
                 ^~~~~~
                 TASK_0
E:\NeuOrga\Programmieren\c_cpp\github_os\input\src\os_base\os_task_scheduler.c:508:29: error: 'Task_1_ptr' undeclared (first use in this function); did you mean 'Task_0_ptr'?
    OS_SaveTaskPtr(task_ptr, Task_1_ptr);
                             ^~~~~~~~~~
                             Task_0_ptr
E:\NeuOrga\Programmieren\c_cpp\github_os\input\src\os_base\os_task_scheduler.c:513:17: error: 'TASK_2' undeclared (first use in this function); did you mean 'TASK_1'?
                &TASK_2,       /* Task Function*/
                 ^~~~~~
                 TASK_1
E:\NeuOrga\Programmieren\c_cpp\github_os\input\src\os_base\os_task_scheduler.c:524:29: error: 'Task_2_ptr' undeclared (first use in this function); did you mean 'Task_1_ptr'?
    OS_SaveTaskPtr(task_ptr, Task_2_ptr);
                             ^~~~~~~~~~
                             Task_1_ptr
E:\NeuOrga\Programmieren\c_cpp\github_os\input\src\os_base\os_task_scheduler.c:529:17: error: 'TASK_3' undeclared (first use in this function); did you mean 'TASK_2'?
                &TASK_3,       /* Task Function*/
                 ^~~~~~
                 TASK_2
E:\NeuOrga\Programmieren\c_cpp\github_os\input\src\os_base\os_task_scheduler.c:540:29: error: 'Task_3_ptr' undeclared (first use in this function); did you mean 'Task_2_ptr'?
    OS_SaveTaskPtr(task_ptr, Task_3_ptr);
                             ^~~~~~~~~~
                             Task_2_ptr
E:\NeuOrga\Programmieren\c_cpp\github_os\input\src\os_base\os_task_scheduler.c: In function 'os_task_scheduler':
E:\NeuOrga\Programmieren\c_cpp\github_os\input\src\os_base\os_task_scheduler.c:598:27: error: 'os_bug_task_max_wait_time_reached' undeclared (first use in this function)
             OS_SET_SW_BUG(os_bug_task_max_wait_time_reached, Func_TaskScheduler);
                           ^~~~~~~~~~~~~~~~~~~~~~~~~~~~~~~~~
E:\NeuOrga\Programmieren\c_cpp\github_os\input\src\os_base\os_task_scheduler.c:598:62: error: 'Func_TaskScheduler' undeclared (first use in this function); did you mean 'os_task_scheduler'?
             OS_SET_SW_BUG(os_bug_task_max_wait_time_reached, Func_TaskScheduler);
                                                              ^~~~~~~~~~~~~~~~~~
                                                              os_task_scheduler
E:\NeuOrga\Programmieren\c_cpp\github_os\input\src\os_base\os_task_scheduler.c:616:27: error: 'os_bug_null_pointer' undeclared (first use in this function); did you mean '__builtin_eh_pointer'?
             OS_SET_SW_BUG(os_bug_null_pointer, Func_TaskScheduler);
                           ^~~~~~~~~~~~~~~~~~~
                           __builtin_eh_pointer
