"Target_x86" 
30.04.2018 17:20:08,83 
"preprocess it" 
mingw32-gcc: error: E:\NeuOrga\Programmieren\c_cpp\github_os\input\src\os_base\os_acl.c: No such file or directory
mingw32-gcc: fatal error: no input files
compilation terminated.
mingw32-gcc: error: E:\NeuOrga\Programmieren\c_cpp\github_os\input\src\os_base\os_common.c: No such file or directory
mingw32-gcc: fatal error: no input files
compilation terminated.
mingw32-gcc: error: E:\NeuOrga\Programmieren\c_cpp\github_os\input\src\os_base\os_driver_hook.c: No such file or directory
mingw32-gcc: fatal error: no input files
compilation terminated.
mingw32-gcc: error: E:\NeuOrga\Programmieren\c_cpp\github_os\input\src\os_base\os_exception.c: No such file or directory
mingw32-gcc: fatal error: no input files
compilation terminated.
mingw32-gcc: error: E:\NeuOrga\Programmieren\c_cpp\github_os\input\src\os_base\os_exception_isr_handler.c: No such file or directory
mingw32-gcc: fatal error: no input files
compilation terminated.
mingw32-gcc: error: E:\NeuOrga\Programmieren\c_cpp\github_os\input\src\os_base\os_exception_table.c: No such file or directory
mingw32-gcc: fatal error: no input files
compilation terminated.
mingw32-gcc: error: E:\NeuOrga\Programmieren\c_cpp\github_os\input\src\os_base\os_init_task_system.c: No such file or directory
mingw32-gcc: fatal error: no input files
compilation terminated.
mingw32-gcc: error: E:\NeuOrga\Programmieren\c_cpp\github_os\input\src\os_base\os_main.c: No such file or directory
mingw32-gcc: fatal error: no input files
compilation terminated.
mingw32-gcc: error: E:\NeuOrga\Programmieren\c_cpp\github_os\input\src\os_base\os_memory_mmu_setup.c: No such file or directory
mingw32-gcc: fatal error: no input files
compilation terminated.
mingw32-gcc: error: E:\NeuOrga\Programmieren\c_cpp\github_os\input\src\os_base\os_rte_common.c: No such file or directory
mingw32-gcc: fatal error: no input files
compilation terminated.
mingw32-gcc: error: E:\NeuOrga\Programmieren\c_cpp\github_os\input\src\os_base\os_rte_icc.c: No such file or directory
mingw32-gcc: fatal error: no input files
compilation terminated.
mingw32-gcc: error: E:\NeuOrga\Programmieren\c_cpp\github_os\input\src\os_base\os_shutdown.c: No such file or directory
mingw32-gcc: fatal error: no input files
compilation terminated.
mingw32-gcc: error: E:\NeuOrga\Programmieren\c_cpp\github_os\input\src\os_base\os_start_ext_prg.c: No such file or directory
mingw32-gcc: fatal error: no input files
compilation terminated.
mingw32-gcc: error: E:\NeuOrga\Programmieren\c_cpp\github_os\input\src\os_base\os_start_init_hw.c: No such file or directory
mingw32-gcc: fatal error: no input files
compilation terminated.
mingw32-gcc: error: E:\NeuOrga\Programmieren\c_cpp\github_os\input\src\os_base\os_start_init_mc.c: No such file or directory
mingw32-gcc: fatal error: no input files
compilation terminated.
mingw32-gcc: error: E:\NeuOrga\Programmieren\c_cpp\github_os\input\src\os_base\os_start_init_sw.c: No such file or directory
mingw32-gcc: fatal error: no input files
compilation terminated.
mingw32-gcc: error: E:\NeuOrga\Programmieren\c_cpp\github_os\input\src\os_base\os_start_os.c: No such file or directory
mingw32-gcc: fatal error: no input files
compilation terminated.
mingw32-gcc: error: E:\NeuOrga\Programmieren\c_cpp\github_os\input\src\os_base\os_task_common.c: No such file or directory
mingw32-gcc: fatal error: no input files
compilation terminated.
mingw32-gcc: error: E:\NeuOrga\Programmieren\c_cpp\github_os\input\src\os_base\os_task_queue.c: No such file or directory
mingw32-gcc: fatal error: no input files
compilation terminated.
mingw32-gcc: error: E:\NeuOrga\Programmieren\c_cpp\github_os\input\src\os_base\os_task_scheduler.c: No such file or directory
mingw32-gcc: fatal error: no input files
compilation terminated.
mingw32-gcc: error: E:\NeuOrga\Programmieren\c_cpp\github_os\input\src\os_sim\os_sim_main.c: No such file or directory
mingw32-gcc: fatal error: no input files
compilation terminated.
mingw32-gcc: error: E:\NeuOrga\Programmieren\c_cpp\github_os\input\src\os_base\os_ram.c: No such file or directory
mingw32-gcc: fatal error: no input files
compilation terminated.
mingw32-gcc: error: E:\NeuOrga\Programmieren\c_cpp\github_os\input\src\os_base\os_shared_ram.c: No such file or directory
mingw32-gcc: fatal error: no input files
compilation terminated.
mingw32-gcc: error: E:\NeuOrga\Programmieren\c_cpp\github_os\input\src\os_base\os_const.c: No such file or directory
mingw32-gcc: fatal error: no input files
compilation terminated.
mingw32-gcc: error: E:\NeuOrga\Programmieren\c_cpp\github_os\input\src\os_base\os_stack.c: No such file or directory
mingw32-gcc: fatal error: no input files
compilation terminated.
mingw32-gcc: error: E:\NeuOrga\Programmieren\c_cpp\github_os\input\src\os_base\os_heap.c: No such file or directory
mingw32-gcc: fatal error: no input files
compilation terminated.
mingw32-gcc: error: E:\NeuOrga\Programmieren\c_cpp\github_os\input\src\os_base\os_diagnostic_main.c: No such file or directory
mingw32-gcc: fatal error: no input files
compilation terminated.
mingw32-gcc: error: E:\NeuOrga\Programmieren\c_cpp\github_os\input\src\os_sim\hal_driver_adc.c: No such file or directory
mingw32-gcc: fatal error: no input files
compilation terminated.
mingw32-gcc: error: E:\NeuOrga\Programmieren\c_cpp\github_os\input\src\os_sim\hal_driver_can.c: No such file or directory
mingw32-gcc: fatal error: no input files
compilation terminated.
mingw32-gcc: error: E:\NeuOrga\Programmieren\c_cpp\github_os\input\src\os_sim\hal_driver_fs_fat.c: No such file or directory
mingw32-gcc: fatal error: no input files
compilation terminated.
mingw32-gcc: error: E:\NeuOrga\Programmieren\c_cpp\github_os\input\src\os_sim\hal_driver_gpio.c: No such file or directory
mingw32-gcc: fatal error: no input files
compilation terminated.
mingw32-gcc: error: E:\NeuOrga\Programmieren\c_cpp\github_os\input\src\os_sim\hal_driver_sci.c: No such file or directory
mingw32-gcc: fatal error: no input files
compilation terminated.
mingw32-gcc: error: E:\NeuOrga\Programmieren\c_cpp\github_os\input\src\os_sim\hal_driver_xyz.c: No such file or directory
mingw32-gcc: fatal error: no input files
compilation terminated.
mingw32-gcc: error: E:\NeuOrga\Programmieren\c_cpp\github_os\input\src\os_sim\lld_can.c: No such file or directory
mingw32-gcc: fatal error: no input files
compilation terminated.
mingw32-gcc: error: E:\NeuOrga\Programmieren\c_cpp\github_os\input\src\os_sim\lld_global.c: No such file or directory
mingw32-gcc: fatal error: no input files
compilation terminated.
mingw32-gcc: error: E:\NeuOrga\Programmieren\c_cpp\github_os\input\src\os_sim\lld_interrupt.c: No such file or directory
mingw32-gcc: fatal error: no input files
compilation terminated.
mingw32-gcc: error: E:\NeuOrga\Programmieren\c_cpp\github_os\input\src\os_sim\lld_mmu.c: No such file or directory
mingw32-gcc: fatal error: no input files
compilation terminated.
mingw32-gcc: error: E:\NeuOrga\Programmieren\c_cpp\github_os\input\src\os_sim\lld_ram.c: No such file or directory
mingw32-gcc: fatal error: no input files
compilation terminated.
mingw32-gcc: error: E:\NeuOrga\Programmieren\c_cpp\github_os\input\src\os_sim\lld_timer.c: No such file or directory
mingw32-gcc: fatal error: no input files
compilation terminated.
mingw32-gcc: error: E:\NeuOrga\Programmieren\c_cpp\github_os\input\src\os_sim\lld_watchdog.c: No such file or directory
mingw32-gcc: fatal error: no input files
compilation terminated.
mingw32-gcc: error: E:\NeuOrga\Programmieren\c_cpp\github_os\input\src\os_sim\lld_power.c: No such file or directory
mingw32-gcc: fatal error: no input files
compilation terminated.
mingw32-gcc: error: E:\NeuOrga\Programmieren\c_cpp\github_os\input\src\os_user_code\led.c: No such file or directory
mingw32-gcc: fatal error: no input files
compilation terminated.
"create assembly listings" 
"compile it" 
mingw32-gcc: error: E:\NeuOrga\Programmieren\c_cpp\github_os\input\src\os_base\os_acl.c: No such file or directory
mingw32-gcc: fatal error: no input files
compilation terminated.
mingw32-gcc: error: E:\NeuOrga\Programmieren\c_cpp\github_os\input\src\os_base\os_common.c: No such file or directory
mingw32-gcc: fatal error: no input files
compilation terminated.
mingw32-gcc: error: E:\NeuOrga\Programmieren\c_cpp\github_os\input\src\os_base\os_driver_hook.c: No such file or directory
mingw32-gcc: fatal error: no input files
compilation terminated.
mingw32-gcc: error: E:\NeuOrga\Programmieren\c_cpp\github_os\input\src\os_base\os_exception.c: No such file or directory
mingw32-gcc: fatal error: no input files
compilation terminated.
mingw32-gcc: error: E:\NeuOrga\Programmieren\c_cpp\github_os\input\src\os_base\os_exception_isr_handler.c: No such file or directory
mingw32-gcc: fatal error: no input files
compilation terminated.
mingw32-gcc: error: E:\NeuOrga\Programmieren\c_cpp\github_os\input\src\os_base\os_exception_table.c: No such file or directory
mingw32-gcc: fatal error: no input files
compilation terminated.
mingw32-gcc: error: E:\NeuOrga\Programmieren\c_cpp\github_os\input\src\os_base\os_init_task_system.c: No such file or directory
mingw32-gcc: fatal error: no input files
compilation terminated.
mingw32-gcc: error: E:\NeuOrga\Programmieren\c_cpp\github_os\input\src\os_base\os_main.c: No such file or directory
mingw32-gcc: fatal error: no input files
compilation terminated.
mingw32-gcc: error: E:\NeuOrga\Programmieren\c_cpp\github_os\input\src\os_base\os_memory_mmu_setup.c: No such file or directory
mingw32-gcc: fatal error: no input files
compilation terminated.
mingw32-gcc: error: E:\NeuOrga\Programmieren\c_cpp\github_os\input\src\os_base\os_rte_common.c: No such file or directory
mingw32-gcc: fatal error: no input files
compilation terminated.
mingw32-gcc: error: E:\NeuOrga\Programmieren\c_cpp\github_os\input\src\os_base\os_rte_icc.c: No such file or directory
mingw32-gcc: fatal error: no input files
compilation terminated.
mingw32-gcc: error: E:\NeuOrga\Programmieren\c_cpp\github_os\input\src\os_base\os_shutdown.c: No such file or directory
mingw32-gcc: fatal error: no input files
compilation terminated.
mingw32-gcc: error: E:\NeuOrga\Programmieren\c_cpp\github_os\input\src\os_base\os_start_ext_prg.c: No such file or directory
mingw32-gcc: fatal error: no input files
compilation terminated.
mingw32-gcc: error: E:\NeuOrga\Programmieren\c_cpp\github_os\input\src\os_base\os_start_init_hw.c: No such file or directory
mingw32-gcc: fatal error: no input files
compilation terminated.
mingw32-gcc: error: E:\NeuOrga\Programmieren\c_cpp\github_os\input\src\os_base\os_start_init_mc.c: No such file or directory
mingw32-gcc: fatal error: no input files
compilation terminated.
mingw32-gcc: error: E:\NeuOrga\Programmieren\c_cpp\github_os\input\src\os_base\os_start_init_sw.c: No such file or directory
mingw32-gcc: fatal error: no input files
compilation terminated.
mingw32-gcc: error: E:\NeuOrga\Programmieren\c_cpp\github_os\input\src\os_base\os_start_os.c: No such file or directory
mingw32-gcc: fatal error: no input files
compilation terminated.
mingw32-gcc: error: E:\NeuOrga\Programmieren\c_cpp\github_os\input\src\os_base\os_task_common.c: No such file or directory
mingw32-gcc: fatal error: no input files
compilation terminated.
mingw32-gcc: error: E:\NeuOrga\Programmieren\c_cpp\github_os\input\src\os_base\os_task_queue.c: No such file or directory
mingw32-gcc: fatal error: no input files
compilation terminated.
mingw32-gcc: error: E:\NeuOrga\Programmieren\c_cpp\github_os\input\src\os_base\os_task_scheduler.c: No such file or directory
mingw32-gcc: fatal error: no input files
compilation terminated.
mingw32-gcc: error: E:\NeuOrga\Programmieren\c_cpp\github_os\input\src\os_sim\os_sim_main.c: No such file or directory
mingw32-gcc: fatal error: no input files
compilation terminated.
mingw32-gcc: error: E:\NeuOrga\Programmieren\c_cpp\github_os\input\src\os_base\os_ram.c: No such file or directory
mingw32-gcc: fatal error: no input files
compilation terminated.
mingw32-gcc: error: E:\NeuOrga\Programmieren\c_cpp\github_os\input\src\os_base\os_shared_ram.c: No such file or directory
mingw32-gcc: fatal error: no input files
compilation terminated.
mingw32-gcc: error: E:\NeuOrga\Programmieren\c_cpp\github_os\input\src\os_base\os_const.c: No such file or directory
mingw32-gcc: fatal error: no input files
compilation terminated.
mingw32-gcc: error: E:\NeuOrga\Programmieren\c_cpp\github_os\input\src\os_base\os_stack.c: No such file or directory
mingw32-gcc: fatal error: no input files
compilation terminated.
mingw32-gcc: error: E:\NeuOrga\Programmieren\c_cpp\github_os\input\src\os_base\os_heap.c: No such file or directory
mingw32-gcc: fatal error: no input files
compilation terminated.
mingw32-gcc: error: E:\NeuOrga\Programmieren\c_cpp\github_os\input\src\os_base\os_diagnostic_main.c: No such file or directory
mingw32-gcc: fatal error: no input files
compilation terminated.
mingw32-gcc: error: E:\NeuOrga\Programmieren\c_cpp\github_os\input\src\os_sim\hal_driver_adc.c: No such file or directory
mingw32-gcc: fatal error: no input files
compilation terminated.
mingw32-gcc: error: E:\NeuOrga\Programmieren\c_cpp\github_os\input\src\os_sim\hal_driver_can.c: No such file or directory
mingw32-gcc: fatal error: no input files
compilation terminated.
mingw32-gcc: error: E:\NeuOrga\Programmieren\c_cpp\github_os\input\src\os_sim\hal_driver_fs_fat.c: No such file or directory
mingw32-gcc: fatal error: no input files
compilation terminated.
mingw32-gcc: error: E:\NeuOrga\Programmieren\c_cpp\github_os\input\src\os_sim\hal_driver_gpio.c: No such file or directory
mingw32-gcc: fatal error: no input files
compilation terminated.
mingw32-gcc: error: E:\NeuOrga\Programmieren\c_cpp\github_os\input\src\os_sim\hal_driver_sci.c: No such file or directory
mingw32-gcc: fatal error: no input files
compilation terminated.
mingw32-gcc: error: E:\NeuOrga\Programmieren\c_cpp\github_os\input\src\os_sim\hal_driver_xyz.c: No such file or directory
mingw32-gcc: fatal error: no input files
compilation terminated.
mingw32-gcc: error: E:\NeuOrga\Programmieren\c_cpp\github_os\input\src\os_sim\lld_can.c: No such file or directory
mingw32-gcc: fatal error: no input files
compilation terminated.
mingw32-gcc: error: E:\NeuOrga\Programmieren\c_cpp\github_os\input\src\os_sim\lld_global.c: No such file or directory
mingw32-gcc: fatal error: no input files
compilation terminated.
mingw32-gcc: error: E:\NeuOrga\Programmieren\c_cpp\github_os\input\src\os_sim\lld_interrupt.c: No such file or directory
mingw32-gcc: fatal error: no input files
compilation terminated.
mingw32-gcc: error: E:\NeuOrga\Programmieren\c_cpp\github_os\input\src\os_sim\lld_mmu.c: No such file or directory
mingw32-gcc: fatal error: no input files
compilation terminated.
mingw32-gcc: error: E:\NeuOrga\Programmieren\c_cpp\github_os\input\src\os_sim\lld_ram.c: No such file or directory
mingw32-gcc: fatal error: no input files
compilation terminated.
mingw32-gcc: error: E:\NeuOrga\Programmieren\c_cpp\github_os\input\src\os_sim\lld_timer.c: No such file or directory
mingw32-gcc: fatal error: no input files
compilation terminated.
mingw32-gcc: error: E:\NeuOrga\Programmieren\c_cpp\github_os\input\src\os_sim\lld_watchdog.c: No such file or directory
mingw32-gcc: fatal error: no input files
compilation terminated.
mingw32-gcc: error: E:\NeuOrga\Programmieren\c_cpp\github_os\input\src\os_sim\lld_power.c: No such file or directory
mingw32-gcc: fatal error: no input files
compilation terminated.
mingw32-gcc: error: E:\NeuOrga\Programmieren\c_cpp\github_os\input\src\os_user_code\led.c: No such file or directory
mingw32-gcc: fatal error: no input files
compilation terminated.
"assemble it" 
mingw32-gcc: error: E:\NeuOrga\Programmieren\c_cpp\github_os\input\src\os_base\os_acl.c: No such file or directory
mingw32-gcc: fatal error: no input files
compilation terminated.
mingw32-gcc: error: E:\NeuOrga\Programmieren\c_cpp\github_os\input\src\os_base\os_common.c: No such file or directory
mingw32-gcc: fatal error: no input files
compilation terminated.
mingw32-gcc: error: E:\NeuOrga\Programmieren\c_cpp\github_os\input\src\os_base\os_driver_hook.c: No such file or directory
mingw32-gcc: fatal error: no input files
compilation terminated.
mingw32-gcc: error: E:\NeuOrga\Programmieren\c_cpp\github_os\input\src\os_base\os_exception.c: No such file or directory
mingw32-gcc: fatal error: no input files
compilation terminated.
mingw32-gcc: error: E:\NeuOrga\Programmieren\c_cpp\github_os\input\src\os_base\os_exception_isr_handler.c: No such file or directory
mingw32-gcc: fatal error: no input files
compilation terminated.
mingw32-gcc: error: E:\NeuOrga\Programmieren\c_cpp\github_os\input\src\os_base\os_exception_table.c: No such file or directory
mingw32-gcc: fatal error: no input files
compilation terminated.
mingw32-gcc: error: E:\NeuOrga\Programmieren\c_cpp\github_os\input\src\os_base\os_init_task_system.c: No such file or directory
mingw32-gcc: fatal error: no input files
compilation terminated.
mingw32-gcc: error: E:\NeuOrga\Programmieren\c_cpp\github_os\input\src\os_base\os_main.c: No such file or directory
mingw32-gcc: fatal error: no input files
compilation terminated.
mingw32-gcc: error: E:\NeuOrga\Programmieren\c_cpp\github_os\input\src\os_base\os_memory_mmu_setup.c: No such file or directory
mingw32-gcc: fatal error: no input files
compilation terminated.
mingw32-gcc: error: E:\NeuOrga\Programmieren\c_cpp\github_os\input\src\os_base\os_rte_common.c: No such file or directory
mingw32-gcc: fatal error: no input files
compilation terminated.
mingw32-gcc: error: E:\NeuOrga\Programmieren\c_cpp\github_os\input\src\os_base\os_rte_icc.c: No such file or directory
mingw32-gcc: fatal error: no input files
compilation terminated.
mingw32-gcc: error: E:\NeuOrga\Programmieren\c_cpp\github_os\input\src\os_base\os_shutdown.c: No such file or directory
mingw32-gcc: fatal error: no input files
compilation terminated.
mingw32-gcc: error: E:\NeuOrga\Programmieren\c_cpp\github_os\input\src\os_base\os_start_ext_prg.c: No such file or directory
mingw32-gcc: fatal error: no input files
compilation terminated.
mingw32-gcc: error: E:\NeuOrga\Programmieren\c_cpp\github_os\input\src\os_base\os_start_init_hw.c: No such file or directory
mingw32-gcc: fatal error: no input files
compilation terminated.
mingw32-gcc: error: E:\NeuOrga\Programmieren\c_cpp\github_os\input\src\os_base\os_start_init_mc.c: No such file or directory
mingw32-gcc: fatal error: no input files
compilation terminated.
mingw32-gcc: error: E:\NeuOrga\Programmieren\c_cpp\github_os\input\src\os_base\os_start_init_sw.c: No such file or directory
mingw32-gcc: fatal error: no input files
compilation terminated.
mingw32-gcc: error: E:\NeuOrga\Programmieren\c_cpp\github_os\input\src\os_base\os_start_os.c: No such file or directory
mingw32-gcc: fatal error: no input files
compilation terminated.
mingw32-gcc: error: E:\NeuOrga\Programmieren\c_cpp\github_os\input\src\os_base\os_task_common.c: No such file or directory
mingw32-gcc: fatal error: no input files
compilation terminated.
mingw32-gcc: error: E:\NeuOrga\Programmieren\c_cpp\github_os\input\src\os_base\os_task_queue.c: No such file or directory
mingw32-gcc: fatal error: no input files
compilation terminated.
mingw32-gcc: error: E:\NeuOrga\Programmieren\c_cpp\github_os\input\src\os_base\os_task_scheduler.c: No such file or directory
mingw32-gcc: fatal error: no input files
compilation terminated.
mingw32-gcc: error: E:\NeuOrga\Programmieren\c_cpp\github_os\input\src\os_sim\os_sim_main.c: No such file or directory
mingw32-gcc: fatal error: no input files
compilation terminated.
mingw32-gcc: error: E:\NeuOrga\Programmieren\c_cpp\github_os\input\src\os_base\os_ram.c: No such file or directory
mingw32-gcc: fatal error: no input files
compilation terminated.
mingw32-gcc: error: E:\NeuOrga\Programmieren\c_cpp\github_os\input\src\os_base\os_shared_ram.c: No such file or directory
mingw32-gcc: fatal error: no input files
compilation terminated.
mingw32-gcc: error: E:\NeuOrga\Programmieren\c_cpp\github_os\input\src\os_base\os_const.c: No such file or directory
mingw32-gcc: fatal error: no input files
compilation terminated.
mingw32-gcc: error: E:\NeuOrga\Programmieren\c_cpp\github_os\input\src\os_base\os_stack.c: No such file or directory
mingw32-gcc: fatal error: no input files
compilation terminated.
mingw32-gcc: error: E:\NeuOrga\Programmieren\c_cpp\github_os\input\src\os_base\os_heap.c: No such file or directory
mingw32-gcc: fatal error: no input files
compilation terminated.
mingw32-gcc: error: E:\NeuOrga\Programmieren\c_cpp\github_os\input\src\os_base\os_diagnostic_main.c: No such file or directory
mingw32-gcc: fatal error: no input files
compilation terminated.
mingw32-gcc: error: E:\NeuOrga\Programmieren\c_cpp\github_os\input\src\os_sim\hal_driver_adc.c: No such file or directory
mingw32-gcc: fatal error: no input files
compilation terminated.
mingw32-gcc: error: E:\NeuOrga\Programmieren\c_cpp\github_os\input\src\os_sim\hal_driver_can.c: No such file or directory
mingw32-gcc: fatal error: no input files
compilation terminated.
mingw32-gcc: error: E:\NeuOrga\Programmieren\c_cpp\github_os\input\src\os_sim\hal_driver_fs_fat.c: No such file or directory
mingw32-gcc: fatal error: no input files
compilation terminated.
mingw32-gcc: error: E:\NeuOrga\Programmieren\c_cpp\github_os\input\src\os_sim\hal_driver_gpio.c: No such file or directory
mingw32-gcc: fatal error: no input files
compilation terminated.
mingw32-gcc: error: E:\NeuOrga\Programmieren\c_cpp\github_os\input\src\os_sim\hal_driver_sci.c: No such file or directory
mingw32-gcc: fatal error: no input files
compilation terminated.
mingw32-gcc: error: E:\NeuOrga\Programmieren\c_cpp\github_os\input\src\os_sim\hal_driver_xyz.c: No such file or directory
mingw32-gcc: fatal error: no input files
compilation terminated.
mingw32-gcc: error: E:\NeuOrga\Programmieren\c_cpp\github_os\input\src\os_sim\lld_can.c: No such file or directory
mingw32-gcc: fatal error: no input files
compilation terminated.
mingw32-gcc: error: E:\NeuOrga\Programmieren\c_cpp\github_os\input\src\os_sim\lld_global.c: No such file or directory
mingw32-gcc: fatal error: no input files
compilation terminated.
mingw32-gcc: error: E:\NeuOrga\Programmieren\c_cpp\github_os\input\src\os_sim\lld_interrupt.c: No such file or directory
mingw32-gcc: fatal error: no input files
compilation terminated.
mingw32-gcc: error: E:\NeuOrga\Programmieren\c_cpp\github_os\input\src\os_sim\lld_mmu.c: No such file or directory
mingw32-gcc: fatal error: no input files
compilation terminated.
mingw32-gcc: error: E:\NeuOrga\Programmieren\c_cpp\github_os\input\src\os_sim\lld_ram.c: No such file or directory
mingw32-gcc: fatal error: no input files
compilation terminated.
mingw32-gcc: error: E:\NeuOrga\Programmieren\c_cpp\github_os\input\src\os_sim\lld_timer.c: No such file or directory
mingw32-gcc: fatal error: no input files
compilation terminated.
mingw32-gcc: error: E:\NeuOrga\Programmieren\c_cpp\github_os\input\src\os_sim\lld_watchdog.c: No such file or directory
mingw32-gcc: fatal error: no input files
compilation terminated.
mingw32-gcc: error: E:\NeuOrga\Programmieren\c_cpp\github_os\input\src\os_sim\lld_power.c: No such file or directory
mingw32-gcc: fatal error: no input files
compilation terminated.
mingw32-gcc: error: E:\NeuOrga\Programmieren\c_cpp\github_os\input\src\os_user_code\led.c: No such file or directory
mingw32-gcc: fatal error: no input files
compilation terminated.
"link it" 
mingw32-g++.exe: error: E:\NeuOrga\Programmieren\c_cpp\github_os\output\os_base\obj_x86\os_acl.o: No such file or directory
mingw32-g++.exe: error: E:\NeuOrga\Programmieren\c_cpp\github_os\output\os_base\obj_x86\os_common.o: No such file or directory
mingw32-g++.exe: error: E:\NeuOrga\Programmieren\c_cpp\github_os\output\os_base\obj_x86\os_driver_hook.o: No such file or directory
mingw32-g++.exe: error: E:\NeuOrga\Programmieren\c_cpp\github_os\output\os_base\obj_x86\os_exception.o: No such file or directory
mingw32-g++.exe: error: E:\NeuOrga\Programmieren\c_cpp\github_os\output\os_base\obj_x86\os_exception_isr_handler.o: No such file or directory
mingw32-g++.exe: error: E:\NeuOrga\Programmieren\c_cpp\github_os\output\os_base\obj_x86\os_exception_table.o: No such file or directory
mingw32-g++.exe: error: E:\NeuOrga\Programmieren\c_cpp\github_os\output\os_base\obj_x86\os_init_task_system.o: No such file or directory
mingw32-g++.exe: error: E:\NeuOrga\Programmieren\c_cpp\github_os\output\os_base\obj_x86\os_main.o: No such file or directory
mingw32-g++.exe: error: E:\NeuOrga\Programmieren\c_cpp\github_os\output\os_base\obj_x86\os_memory_mmu_setup.o: No such file or directory
mingw32-g++.exe: error: E:\NeuOrga\Programmieren\c_cpp\github_os\output\os_base\obj_x86\os_rte_common.o: No such file or directory
mingw32-g++.exe: error: E:\NeuOrga\Programmieren\c_cpp\github_os\output\os_base\obj_x86\os_rte_icc.o: No such file or directory
mingw32-g++.exe: error: E:\NeuOrga\Programmieren\c_cpp\github_os\output\os_base\obj_x86\os_shutdown.o: No such file or directory
mingw32-g++.exe: error: E:\NeuOrga\Programmieren\c_cpp\github_os\output\os_base\obj_x86\os_start_ext_prg.o: No such file or directory
mingw32-g++.exe: error: E:\NeuOrga\Programmieren\c_cpp\github_os\output\os_base\obj_x86\os_start_init_hw.o: No such file or directory
mingw32-g++.exe: error: E:\NeuOrga\Programmieren\c_cpp\github_os\output\os_base\obj_x86\os_start_init_mc.o: No such file or directory
mingw32-g++.exe: error: E:\NeuOrga\Programmieren\c_cpp\github_os\output\os_base\obj_x86\os_start_init_sw.o: No such file or directory
mingw32-g++.exe: error: E:\NeuOrga\Programmieren\c_cpp\github_os\output\os_base\obj_x86\os_start_os.o: No such file or directory
mingw32-g++.exe: error: E:\NeuOrga\Programmieren\c_cpp\github_os\output\os_base\obj_x86\os_task_common.o: No such file or directory
mingw32-g++.exe: error: E:\NeuOrga\Programmieren\c_cpp\github_os\output\os_base\obj_x86\os_task_queue.o: No such file or directory
mingw32-g++.exe: error: E:\NeuOrga\Programmieren\c_cpp\github_os\output\os_base\obj_x86\os_task_scheduler.o: No such file or directory
mingw32-g++.exe: error: E:\NeuOrga\Programmieren\c_cpp\github_os\output\os_sim\obj_x86\os_sim_main.o: No such file or directory
mingw32-g++.exe: error: E:\NeuOrga\Programmieren\c_cpp\github_os\output\os_base\obj_x86\os_ram.o: No such file or directory
mingw32-g++.exe: error: E:\NeuOrga\Programmieren\c_cpp\github_os\output\os_base\obj_x86\os_shared_ram.o: No such file or directory
mingw32-g++.exe: error: E:\NeuOrga\Programmieren\c_cpp\github_os\output\os_sim\obj_x86\os_stack.o: No such file or directory
mingw32-g++.exe: error: E:\NeuOrga\Programmieren\c_cpp\github_os\output\os_sim\obj_x86\os_heap.o: No such file or directory
mingw32-g++.exe: error: E:\NeuOrga\Programmieren\c_cpp\github_os\output\os_sim\obj_x86\os_diagnostic_main.o: No such file or directory
mingw32-g++.exe: error: E:\NeuOrga\Programmieren\c_cpp\github_os\output\os_drivers\obj_x86\hal_driver_adc.o: No such file or directory
mingw32-g++.exe: error: E:\NeuOrga\Programmieren\c_cpp\github_os\output\os_drivers\obj_x86\hal_driver_can.o: No such file or directory
mingw32-g++.exe: error: E:\NeuOrga\Programmieren\c_cpp\github_os\output\os_drivers\obj_x86\hal_driver_fs_fat.o: No such file or directory
mingw32-g++.exe: error: E:\NeuOrga\Programmieren\c_cpp\github_os\output\os_drivers\obj_x86\hal_driver_gpio.o: No such file or directory
mingw32-g++.exe: error: E:\NeuOrga\Programmieren\c_cpp\github_os\output\os_drivers\obj_x86\hal_driver_sci.o: No such file or directory
mingw32-g++.exe: error: E:\NeuOrga\Programmieren\c_cpp\github_os\output\os_drivers\obj_x86\hal_driver_xyz.o: No such file or directory
mingw32-g++.exe: error: E:\NeuOrga\Programmieren\c_cpp\github_os\output\os_drivers\obj_x86\lld_can.o: No such file or directory
mingw32-g++.exe: error: E:\NeuOrga\Programmieren\c_cpp\github_os\output\os_drivers\obj_x86\lld_global.o: No such file or directory
mingw32-g++.exe: error: E:\NeuOrga\Programmieren\c_cpp\github_os\output\os_drivers\obj_x86\lld_interrupt.o: No such file or directory
mingw32-g++.exe: error: E:\NeuOrga\Programmieren\c_cpp\github_os\output\os_drivers\obj_x86\lld_mmu.o: No such file or directory
mingw32-g++.exe: error: E:\NeuOrga\Programmieren\c_cpp\github_os\output\os_drivers\obj_x86\lld_ram.o: No such file or directory
mingw32-g++.exe: error: E:\NeuOrga\Programmieren\c_cpp\github_os\output\os_drivers\obj_x86\lld_timer.o: No such file or directory
mingw32-g++.exe: error: E:\NeuOrga\Programmieren\c_cpp\github_os\output\os_drivers\obj_x86\lld_watchdog.o: No such file or directory
mingw32-g++.exe: error: E:\NeuOrga\Programmieren\c_cpp\github_os\output\os_drivers\obj_x86\lld_power.o: No such file or directory
mingw32-g++.exe: error: E:\NeuOrga\Programmieren\c_cpp\github_os\output\os_user_code\obj_x86\led.o: No such file or directory
