GAS LISTING C:\Users\PRESID~1\AppData\Local\Temp\ccHlv0Rz.s 			page 1


   1              		.file	"hal_driver_adc.c"
   2              		.text
   3              	Ltext0:
   4              		.globl	_GET_RAW_ADC_VALUE
   6              	_GET_RAW_ADC_VALUE:
   7              	LFB0:
   8              		.file 1 "E:/NeuOrga/Programmieren/c_cpp/github_os/input/src/os_sim/hal_driver_adc.c"
   1:E:/NeuOrga/Programmieren/c_cpp/github_os/input/src/os_sim\hal_driver_adc.c **** #include "..\os_base\os_firstinc.h"
   2:E:/NeuOrga/Programmieren/c_cpp/github_os/input/src/os_sim\hal_driver_adc.c **** #include "hal_driver_adc.h"
   3:E:/NeuOrga/Programmieren/c_cpp/github_os/input/src/os_sim\hal_driver_adc.c **** unsigned_int16_t GET_RAW_ADC_VALUE(adc_channel_t adc_channel)
   4:E:/NeuOrga/Programmieren/c_cpp/github_os/input/src/os_sim\hal_driver_adc.c **** {
   9              		.loc 1 4 0
  10              		.cfi_startproc
  11 0000 55       		pushl	%ebp
  12              		.cfi_def_cfa_offset 8
  13              		.cfi_offset 5, -8
  14 0001 89E5     		movl	%esp, %ebp
  15              		.cfi_def_cfa_register 5
  16 0003 83EC04   		subl	$4, %esp
  17 0006 8B4508   		movl	8(%ebp), %eax
  18 0009 668945FC 		movw	%ax, -4(%ebp)
   5:E:/NeuOrga/Programmieren/c_cpp/github_os/input/src/os_sim\hal_driver_adc.c ****    ReferenceUnusedParameter(adc_channel);
   6:E:/NeuOrga/Programmieren/c_cpp/github_os/input/src/os_sim\hal_driver_adc.c ****    /*#warn "GET_RAW_ADC_VALUE not supported on windows"*/
   7:E:/NeuOrga/Programmieren/c_cpp/github_os/input/src/os_sim\hal_driver_adc.c ****    return 0;
  19              		.loc 1 7 0
  20 000d B8000000 		movl	$0, %eax
  20      00
   8:E:/NeuOrga/Programmieren/c_cpp/github_os/input/src/os_sim\hal_driver_adc.c **** }...
  21              		.loc 1 8 0
  22 0012 C9       		leave
  23              		.cfi_restore 5
  24              		.cfi_def_cfa 4, 4
  25 0013 C3       		ret
  26              		.cfi_endproc
  27              	LFE0:
  28              	Letext0:
  29              		.file 2 "E:/NeuOrga/Programmieren/c_cpp/github_os/input/src/os_sim/../os_base/../os_base/os_base_t
  30              		.file 3 "E:/NeuOrga/Programmieren/c_cpp/github_os/input/src/os_sim/hal_driver_adc.h"
  31              		.section	.debug_info,"dr"
  32              	Ldebug_info0:
  33 0000 41010000 		.long	0x141
  34 0004 0400     		.word	0x4
  35 0006 00000000 		.secrel32	Ldebug_abbrev0
  36 000a 04       		.byte	0x4
  37 000b 01       		.uleb128 0x1
  38 000c 474E5520 		.ascii "GNU C 4.9.3 -march=i386 -g3 -O0 -std=c90\0"
  38      4320342E 
  38      392E3320 
  38      2D6D6172 
  38      63683D69 
  39 0035 01       		.byte	0x1
  40 0036 453A5C4E 		.ascii "E:\\NeuOrga\\Programmieren\\c_cpp\\github_os\\input\\src\\os_sim\\hal_driver_adc.c\0"
  40      65754F72 
  40      67615C50 
  40      726F6772 
  40      616D6D69 
  41 0081 00000000 		.long	Ltext0
GAS LISTING C:\Users\PRESID~1\AppData\Local\Temp\ccHlv0Rz.s 			page 2


  42 0085 14000000 		.long	Letext0-Ltext0
  43 0089 00000000 		.secrel32	Ldebug_line0
  44 008d 00000000 		.secrel32	Ldebug_macro0
  45 0091 02       		.uleb128 0x2
  46 0092 01       		.byte	0x1
  47 0093 08       		.byte	0x8
  48 0094 756E7369 		.ascii "unsigned char\0"
  48      676E6564 
  48      20636861 
  48      7200
  49 00a2 03       		.uleb128 0x3
  50 00a3 756E7369 		.ascii "unsigned_int16_t\0"
  50      676E6564 
  50      5F696E74 
  50      31365F74 
  50      00
  51 00b4 02       		.byte	0x2
  52 00b5 20       		.byte	0x20
  53 00b6 BA000000 		.long	0xba
  54 00ba 02       		.uleb128 0x2
  55 00bb 02       		.byte	0x2
  56 00bc 07       		.byte	0x7
  57 00bd 73686F72 		.ascii "short unsigned int\0"
  57      7420756E 
  57      7369676E 
  57      65642069 
  57      6E7400
  58 00d0 02       		.uleb128 0x2
  59 00d1 04       		.byte	0x4
  60 00d2 07       		.byte	0x7
  61 00d3 6C6F6E67 		.ascii "long unsigned int\0"
  61      20756E73 
  61      69676E65 
  61      6420696E 
  61      7400
  62 00e5 02       		.uleb128 0x2
  63 00e6 04       		.byte	0x4
  64 00e7 07       		.byte	0x7
  65 00e8 756E7369 		.ascii "unsigned int\0"
  65      676E6564 
  65      20696E74 
  65      00
  66 00f5 03       		.uleb128 0x3
  67 00f6 6164635F 		.ascii "adc_channel_t\0"
  67      6368616E 
  67      6E656C5F 
  67      7400
  68 0104 03       		.byte	0x3
  69 0105 04       		.byte	0x4
  70 0106 A2000000 		.long	0xa2
  71 010a 04       		.uleb128 0x4
  72 010b 4745545F 		.ascii "GET_RAW_ADC_VALUE\0"
  72      5241575F 
  72      4144435F 
  72      56414C55 
  72      4500
  73 011d 01       		.byte	0x1
GAS LISTING C:\Users\PRESID~1\AppData\Local\Temp\ccHlv0Rz.s 			page 3


  74 011e 03       		.byte	0x3
  75 011f A2000000 		.long	0xa2
  76 0123 00000000 		.long	LFB0
  77 0127 14000000 		.long	LFE0-LFB0
  78 012b 01       		.uleb128 0x1
  79 012c 9C       		.byte	0x9c
  80 012d 05       		.uleb128 0x5
  81 012e 6164635F 		.ascii "adc_channel\0"
  81      6368616E 
  81      6E656C00 
  82 013a 01       		.byte	0x1
  83 013b 03       		.byte	0x3
  84 013c F5000000 		.long	0xf5
  85 0140 02       		.uleb128 0x2
  86 0141 91       		.byte	0x91
  87 0142 74       		.sleb128 -12
  88 0143 00       		.byte	0
  89 0144 00       		.byte	0
  90              		.section	.debug_abbrev,"dr"
  91              	Ldebug_abbrev0:
  92 0000 01       		.uleb128 0x1
  93 0001 11       		.uleb128 0x11
  94 0002 01       		.byte	0x1
  95 0003 25       		.uleb128 0x25
  96 0004 08       		.uleb128 0x8
  97 0005 13       		.uleb128 0x13
  98 0006 0B       		.uleb128 0xb
  99 0007 03       		.uleb128 0x3
 100 0008 08       		.uleb128 0x8
 101 0009 11       		.uleb128 0x11
 102 000a 01       		.uleb128 0x1
 103 000b 12       		.uleb128 0x12
 104 000c 06       		.uleb128 0x6
 105 000d 10       		.uleb128 0x10
 106 000e 17       		.uleb128 0x17
 107 000f 9942     		.uleb128 0x2119
 108 0011 17       		.uleb128 0x17
 109 0012 00       		.byte	0
 110 0013 00       		.byte	0
 111 0014 02       		.uleb128 0x2
 112 0015 24       		.uleb128 0x24
 113 0016 00       		.byte	0
 114 0017 0B       		.uleb128 0xb
 115 0018 0B       		.uleb128 0xb
 116 0019 3E       		.uleb128 0x3e
 117 001a 0B       		.uleb128 0xb
 118 001b 03       		.uleb128 0x3
 119 001c 08       		.uleb128 0x8
 120 001d 00       		.byte	0
 121 001e 00       		.byte	0
 122 001f 03       		.uleb128 0x3
 123 0020 16       		.uleb128 0x16
 124 0021 00       		.byte	0
 125 0022 03       		.uleb128 0x3
 126 0023 08       		.uleb128 0x8
 127 0024 3A       		.uleb128 0x3a
 128 0025 0B       		.uleb128 0xb
GAS LISTING C:\Users\PRESID~1\AppData\Local\Temp\ccHlv0Rz.s 			page 4


 129 0026 3B       		.uleb128 0x3b
 130 0027 0B       		.uleb128 0xb
 131 0028 49       		.uleb128 0x49
 132 0029 13       		.uleb128 0x13
 133 002a 00       		.byte	0
 134 002b 00       		.byte	0
 135 002c 04       		.uleb128 0x4
 136 002d 2E       		.uleb128 0x2e
 137 002e 01       		.byte	0x1
 138 002f 3F       		.uleb128 0x3f
 139 0030 19       		.uleb128 0x19
 140 0031 03       		.uleb128 0x3
 141 0032 08       		.uleb128 0x8
 142 0033 3A       		.uleb128 0x3a
 143 0034 0B       		.uleb128 0xb
 144 0035 3B       		.uleb128 0x3b
 145 0036 0B       		.uleb128 0xb
 146 0037 27       		.uleb128 0x27
 147 0038 19       		.uleb128 0x19
 148 0039 49       		.uleb128 0x49
 149 003a 13       		.uleb128 0x13
 150 003b 11       		.uleb128 0x11
 151 003c 01       		.uleb128 0x1
 152 003d 12       		.uleb128 0x12
 153 003e 06       		.uleb128 0x6
 154 003f 40       		.uleb128 0x40
 155 0040 18       		.uleb128 0x18
 156 0041 9742     		.uleb128 0x2117
 157 0043 19       		.uleb128 0x19
 158 0044 00       		.byte	0
 159 0045 00       		.byte	0
 160 0046 05       		.uleb128 0x5
 161 0047 05       		.uleb128 0x5
 162 0048 00       		.byte	0
 163 0049 03       		.uleb128 0x3
 164 004a 08       		.uleb128 0x8
 165 004b 3A       		.uleb128 0x3a
 166 004c 0B       		.uleb128 0xb
 167 004d 3B       		.uleb128 0x3b
 168 004e 0B       		.uleb128 0xb
 169 004f 49       		.uleb128 0x49
 170 0050 13       		.uleb128 0x13
 171 0051 02       		.uleb128 0x2
 172 0052 18       		.uleb128 0x18
 173 0053 00       		.byte	0
 174 0054 00       		.byte	0
 175 0055 00       		.byte	0
 176              		.section	.debug_aranges,"dr"
 177 0000 1C000000 		.long	0x1c
 178 0004 0200     		.word	0x2
 179 0006 00000000 		.secrel32	Ldebug_info0
 180 000a 04       		.byte	0x4
 181 000b 00       		.byte	0
 182 000c 0000     		.word	0
 183 000e 0000     		.word	0
 184 0010 00000000 		.long	Ltext0
 185 0014 14000000 		.long	Letext0-Ltext0
GAS LISTING C:\Users\PRESID~1\AppData\Local\Temp\ccHlv0Rz.s 			page 5


 186 0018 00000000 		.long	0
 187 001c 00000000 		.long	0
 188              		.section	.debug_macro,"dr"
 189              	Ldebug_macro0:
 190 0000 0400     		.word	0x4
 191 0002 02       		.byte	0x2
 192 0003 00000000 		.secrel32	Ldebug_line0
 193 0007 01       		.byte	0x1
 194 0008 00       		.uleb128 0
 195 0009 5F5F5354 		.ascii "__STDC__ 1\0"
 195      44435F5F 
 195      203100
 196 0014 01       		.byte	0x1
 197 0015 00       		.uleb128 0
 198 0016 5F5F5354 		.ascii "__STDC_HOSTED__ 1\0"
 198      44435F48 
 198      4F535445 
 198      445F5F20 
 198      3100
 199 0028 01       		.byte	0x1
 200 0029 00       		.uleb128 0
 201 002a 5F5F474E 		.ascii "__GNUC__ 4\0"
 201      55435F5F 
 201      203400
 202 0035 01       		.byte	0x1
 203 0036 00       		.uleb128 0
 204 0037 5F5F474E 		.ascii "__GNUC_MINOR__ 9\0"
 204      55435F4D 
 204      494E4F52 
 204      5F5F2039 
 204      00
 205 0048 01       		.byte	0x1
 206 0049 00       		.uleb128 0
 207 004a 5F5F474E 		.ascii "__GNUC_PATCHLEVEL__ 3\0"
 207      55435F50 
 207      41544348 
 207      4C455645 
 207      4C5F5F20 
 208 0060 01       		.byte	0x1
 209 0061 00       		.uleb128 0
 210 0062 5F5F5645 		.ascii "__VERSION__ \"4.9.3\"\0"
 210      5253494F 
 210      4E5F5F20 
 210      22342E39 
 210      2E332200 
 211 0076 01       		.byte	0x1
 212 0077 00       		.uleb128 0
 213 0078 5F5F4154 		.ascii "__ATOMIC_RELAXED 0\0"
 213      4F4D4943 
 213      5F52454C 
 213      41584544 
 213      203000
 214 008b 01       		.byte	0x1
 215 008c 00       		.uleb128 0
 216 008d 5F5F4154 		.ascii "__ATOMIC_SEQ_CST 5\0"
 216      4F4D4943 
 216      5F534551 
GAS LISTING C:\Users\PRESID~1\AppData\Local\Temp\ccHlv0Rz.s 			page 6


 216      5F435354 
 216      203500
 217 00a0 01       		.byte	0x1
 218 00a1 00       		.uleb128 0
 219 00a2 5F5F4154 		.ascii "__ATOMIC_ACQUIRE 2\0"
 219      4F4D4943 
 219      5F414351 
 219      55495245 
 219      203200
 220 00b5 01       		.byte	0x1
 221 00b6 00       		.uleb128 0
 222 00b7 5F5F4154 		.ascii "__ATOMIC_RELEASE 3\0"
 222      4F4D4943 
 222      5F52454C 
 222      45415345 
 222      203300
 223 00ca 01       		.byte	0x1
 224 00cb 00       		.uleb128 0
 225 00cc 5F5F4154 		.ascii "__ATOMIC_ACQ_REL 4\0"
 225      4F4D4943 
 225      5F414351 
 225      5F52454C 
 225      203400
 226 00df 01       		.byte	0x1
 227 00e0 00       		.uleb128 0
 228 00e1 5F5F4154 		.ascii "__ATOMIC_CONSUME 1\0"
 228      4F4D4943 
 228      5F434F4E 
 228      53554D45 
 228      203100
 229 00f4 01       		.byte	0x1
 230 00f5 00       		.uleb128 0
 231 00f6 5F5F4649 		.ascii "__FINITE_MATH_ONLY__ 0\0"
 231      4E495445 
 231      5F4D4154 
 231      485F4F4E 
 231      4C595F5F 
 232 010d 01       		.byte	0x1
 233 010e 00       		.uleb128 0
 234 010f 5F5F5349 		.ascii "__SIZEOF_INT__ 4\0"
 234      5A454F46 
 234      5F494E54 
 234      5F5F2034 
 234      00
 235 0120 01       		.byte	0x1
 236 0121 00       		.uleb128 0
 237 0122 5F5F5349 		.ascii "__SIZEOF_LONG__ 4\0"
 237      5A454F46 
 237      5F4C4F4E 
 237      475F5F20 
 237      3400
 238 0134 01       		.byte	0x1
 239 0135 00       		.uleb128 0
 240 0136 5F5F5349 		.ascii "__SIZEOF_LONG_LONG__ 8\0"
 240      5A454F46 
 240      5F4C4F4E 
 240      475F4C4F 
GAS LISTING C:\Users\PRESID~1\AppData\Local\Temp\ccHlv0Rz.s 			page 7


 240      4E475F5F 
 241 014d 01       		.byte	0x1
 242 014e 00       		.uleb128 0
 243 014f 5F5F5349 		.ascii "__SIZEOF_SHORT__ 2\0"
 243      5A454F46 
 243      5F53484F 
 243      52545F5F 
 243      203200
 244 0162 01       		.byte	0x1
 245 0163 00       		.uleb128 0
 246 0164 5F5F5349 		.ascii "__SIZEOF_FLOAT__ 4\0"
 246      5A454F46 
 246      5F464C4F 
 246      41545F5F 
 246      203400
 247 0177 01       		.byte	0x1
 248 0178 00       		.uleb128 0
 249 0179 5F5F5349 		.ascii "__SIZEOF_DOUBLE__ 8\0"
 249      5A454F46 
 249      5F444F55 
 249      424C455F 
 249      5F203800 
 250 018d 01       		.byte	0x1
 251 018e 00       		.uleb128 0
 252 018f 5F5F5349 		.ascii "__SIZEOF_LONG_DOUBLE__ 12\0"
 252      5A454F46 
 252      5F4C4F4E 
 252      475F444F 
 252      55424C45 
 253 01a9 01       		.byte	0x1
 254 01aa 00       		.uleb128 0
 255 01ab 5F5F5349 		.ascii "__SIZEOF_SIZE_T__ 4\0"
 255      5A454F46 
 255      5F53495A 
 255      455F545F 
 255      5F203400 
 256 01bf 01       		.byte	0x1
 257 01c0 00       		.uleb128 0
 258 01c1 5F5F4348 		.ascii "__CHAR_BIT__ 8\0"
 258      41525F42 
 258      49545F5F 
 258      203800
 259 01d0 01       		.byte	0x1
 260 01d1 00       		.uleb128 0
 261 01d2 5F5F4249 		.ascii "__BIGGEST_ALIGNMENT__ 16\0"
 261      47474553 
 261      545F414C 
 261      49474E4D 
 261      454E545F 
 262 01eb 01       		.byte	0x1
 263 01ec 00       		.uleb128 0
 264 01ed 5F5F4F52 		.ascii "__ORDER_LITTLE_ENDIAN__ 1234\0"
 264      4445525F 
 264      4C495454 
 264      4C455F45 
 264      4E444941 
 265 020a 01       		.byte	0x1
GAS LISTING C:\Users\PRESID~1\AppData\Local\Temp\ccHlv0Rz.s 			page 8


 266 020b 00       		.uleb128 0
 267 020c 5F5F4F52 		.ascii "__ORDER_BIG_ENDIAN__ 4321\0"
 267      4445525F 
 267      4249475F 
 267      454E4449 
 267      414E5F5F 
 268 0226 01       		.byte	0x1
 269 0227 00       		.uleb128 0
 270 0228 5F5F4F52 		.ascii "__ORDER_PDP_ENDIAN__ 3412\0"
 270      4445525F 
 270      5044505F 
 270      454E4449 
 270      414E5F5F 
 271 0242 01       		.byte	0x1
 272 0243 00       		.uleb128 0
 273 0244 5F5F4259 		.ascii "__BYTE_ORDER__ __ORDER_LITTLE_ENDIAN__\0"
 273      54455F4F 
 273      52444552 
 273      5F5F205F 
 273      5F4F5244 
 274 026b 01       		.byte	0x1
 275 026c 00       		.uleb128 0
 276 026d 5F5F464C 		.ascii "__FLOAT_WORD_ORDER__ __ORDER_LITTLE_ENDIAN__\0"
 276      4F41545F 
 276      574F5244 
 276      5F4F5244 
 276      45525F5F 
 277 029a 01       		.byte	0x1
 278 029b 00       		.uleb128 0
 279 029c 5F5F5349 		.ascii "__SIZEOF_POINTER__ 4\0"
 279      5A454F46 
 279      5F504F49 
 279      4E544552 
 279      5F5F2034 
 280 02b1 01       		.byte	0x1
 281 02b2 00       		.uleb128 0
 282 02b3 5F5F5349 		.ascii "__SIZE_TYPE__ unsigned int\0"
 282      5A455F54 
 282      5950455F 
 282      5F20756E 
 282      7369676E 
 283 02ce 01       		.byte	0x1
 284 02cf 00       		.uleb128 0
 285 02d0 5F5F5054 		.ascii "__PTRDIFF_TYPE__ int\0"
 285      52444946 
 285      465F5459 
 285      50455F5F 
 285      20696E74 
 286 02e5 01       		.byte	0x1
 287 02e6 00       		.uleb128 0
 288 02e7 5F5F5743 		.ascii "__WCHAR_TYPE__ short unsigned int\0"
 288      4841525F 
 288      54595045 
 288      5F5F2073 
 288      686F7274 
 289 0309 01       		.byte	0x1
 290 030a 00       		.uleb128 0
GAS LISTING C:\Users\PRESID~1\AppData\Local\Temp\ccHlv0Rz.s 			page 9


 291 030b 5F5F5749 		.ascii "__WINT_TYPE__ short unsigned int\0"
 291      4E545F54 
 291      5950455F 
 291      5F207368 
 291      6F727420 
 292 032c 01       		.byte	0x1
 293 032d 00       		.uleb128 0
 294 032e 5F5F494E 		.ascii "__INTMAX_TYPE__ long long int\0"
 294      544D4158 
 294      5F545950 
 294      455F5F20 
 294      6C6F6E67 
 295 034c 01       		.byte	0x1
 296 034d 00       		.uleb128 0
 297 034e 5F5F5549 		.ascii "__UINTMAX_TYPE__ long long unsigned int\0"
 297      4E544D41 
 297      585F5459 
 297      50455F5F 
 297      206C6F6E 
 298 0376 01       		.byte	0x1
 299 0377 00       		.uleb128 0
 300 0378 5F5F4348 		.ascii "__CHAR16_TYPE__ short unsigned int\0"
 300      41523136 
 300      5F545950 
 300      455F5F20 
 300      73686F72 
 301 039b 01       		.byte	0x1
 302 039c 00       		.uleb128 0
 303 039d 5F5F4348 		.ascii "__CHAR32_TYPE__ unsigned int\0"
 303      41523332 
 303      5F545950 
 303      455F5F20 
 303      756E7369 
 304 03ba 01       		.byte	0x1
 305 03bb 00       		.uleb128 0
 306 03bc 5F5F5349 		.ascii "__SIG_ATOMIC_TYPE__ int\0"
 306      475F4154 
 306      4F4D4943 
 306      5F545950 
 306      455F5F20 
 307 03d4 01       		.byte	0x1
 308 03d5 00       		.uleb128 0
 309 03d6 5F5F494E 		.ascii "__INT8_TYPE__ signed char\0"
 309      54385F54 
 309      5950455F 
 309      5F207369 
 309      676E6564 
 310 03f0 01       		.byte	0x1
 311 03f1 00       		.uleb128 0
 312 03f2 5F5F494E 		.ascii "__INT16_TYPE__ short int\0"
 312      5431365F 
 312      54595045 
 312      5F5F2073 
 312      686F7274 
 313 040b 01       		.byte	0x1
 314 040c 00       		.uleb128 0
 315 040d 5F5F494E 		.ascii "__INT32_TYPE__ int\0"
GAS LISTING C:\Users\PRESID~1\AppData\Local\Temp\ccHlv0Rz.s 			page 10


 315      5433325F 
 315      54595045 
 315      5F5F2069 
 315      6E7400
 316 0420 01       		.byte	0x1
 317 0421 00       		.uleb128 0
 318 0422 5F5F494E 		.ascii "__INT64_TYPE__ long long int\0"
 318      5436345F 
 318      54595045 
 318      5F5F206C 
 318      6F6E6720 
 319 043f 01       		.byte	0x1
 320 0440 00       		.uleb128 0
 321 0441 5F5F5549 		.ascii "__UINT8_TYPE__ unsigned char\0"
 321      4E54385F 
 321      54595045 
 321      5F5F2075 
 321      6E736967 
 322 045e 01       		.byte	0x1
 323 045f 00       		.uleb128 0
 324 0460 5F5F5549 		.ascii "__UINT16_TYPE__ short unsigned int\0"
 324      4E543136 
 324      5F545950 
 324      455F5F20 
 324      73686F72 
 325 0483 01       		.byte	0x1
 326 0484 00       		.uleb128 0
 327 0485 5F5F5549 		.ascii "__UINT32_TYPE__ unsigned int\0"
 327      4E543332 
 327      5F545950 
 327      455F5F20 
 327      756E7369 
 328 04a2 01       		.byte	0x1
 329 04a3 00       		.uleb128 0
 330 04a4 5F5F5549 		.ascii "__UINT64_TYPE__ long long unsigned int\0"
 330      4E543634 
 330      5F545950 
 330      455F5F20 
 330      6C6F6E67 
 331 04cb 01       		.byte	0x1
 332 04cc 00       		.uleb128 0
 333 04cd 5F5F494E 		.ascii "__INT_LEAST8_TYPE__ signed char\0"
 333      545F4C45 
 333      41535438 
 333      5F545950 
 333      455F5F20 
 334 04ed 01       		.byte	0x1
 335 04ee 00       		.uleb128 0
 336 04ef 5F5F494E 		.ascii "__INT_LEAST16_TYPE__ short int\0"
 336      545F4C45 
 336      41535431 
 336      365F5459 
 336      50455F5F 
 337 050e 01       		.byte	0x1
 338 050f 00       		.uleb128 0
 339 0510 5F5F494E 		.ascii "__INT_LEAST32_TYPE__ int\0"
 339      545F4C45 
GAS LISTING C:\Users\PRESID~1\AppData\Local\Temp\ccHlv0Rz.s 			page 11


 339      41535433 
 339      325F5459 
 339      50455F5F 
 340 0529 01       		.byte	0x1
 341 052a 00       		.uleb128 0
 342 052b 5F5F494E 		.ascii "__INT_LEAST64_TYPE__ long long int\0"
 342      545F4C45 
 342      41535436 
 342      345F5459 
 342      50455F5F 
 343 054e 01       		.byte	0x1
 344 054f 00       		.uleb128 0
 345 0550 5F5F5549 		.ascii "__UINT_LEAST8_TYPE__ unsigned char\0"
 345      4E545F4C 
 345      45415354 
 345      385F5459 
 345      50455F5F 
 346 0573 01       		.byte	0x1
 347 0574 00       		.uleb128 0
 348 0575 5F5F5549 		.ascii "__UINT_LEAST16_TYPE__ short unsigned int\0"
 348      4E545F4C 
 348      45415354 
 348      31365F54 
 348      5950455F 
 349 059e 01       		.byte	0x1
 350 059f 00       		.uleb128 0
 351 05a0 5F5F5549 		.ascii "__UINT_LEAST32_TYPE__ unsigned int\0"
 351      4E545F4C 
 351      45415354 
 351      33325F54 
 351      5950455F 
 352 05c3 01       		.byte	0x1
 353 05c4 00       		.uleb128 0
 354 05c5 5F5F5549 		.ascii "__UINT_LEAST64_TYPE__ long long unsigned int\0"
 354      4E545F4C 
 354      45415354 
 354      36345F54 
 354      5950455F 
 355 05f2 01       		.byte	0x1
 356 05f3 00       		.uleb128 0
 357 05f4 5F5F494E 		.ascii "__INT_FAST8_TYPE__ signed char\0"
 357      545F4641 
 357      5354385F 
 357      54595045 
 357      5F5F2073 
 358 0613 01       		.byte	0x1
 359 0614 00       		.uleb128 0
 360 0615 5F5F494E 		.ascii "__INT_FAST16_TYPE__ short int\0"
 360      545F4641 
 360      53543136 
 360      5F545950 
 360      455F5F20 
 361 0633 01       		.byte	0x1
 362 0634 00       		.uleb128 0
 363 0635 5F5F494E 		.ascii "__INT_FAST32_TYPE__ int\0"
 363      545F4641 
 363      53543332 
GAS LISTING C:\Users\PRESID~1\AppData\Local\Temp\ccHlv0Rz.s 			page 12


 363      5F545950 
 363      455F5F20 
 364 064d 01       		.byte	0x1
 365 064e 00       		.uleb128 0
 366 064f 5F5F494E 		.ascii "__INT_FAST64_TYPE__ long long int\0"
 366      545F4641 
 366      53543634 
 366      5F545950 
 366      455F5F20 
 367 0671 01       		.byte	0x1
 368 0672 00       		.uleb128 0
 369 0673 5F5F5549 		.ascii "__UINT_FAST8_TYPE__ unsigned char\0"
 369      4E545F46 
 369      41535438 
 369      5F545950 
 369      455F5F20 
 370 0695 01       		.byte	0x1
 371 0696 00       		.uleb128 0
 372 0697 5F5F5549 		.ascii "__UINT_FAST16_TYPE__ short unsigned int\0"
 372      4E545F46 
 372      41535431 
 372      365F5459 
 372      50455F5F 
 373 06bf 01       		.byte	0x1
 374 06c0 00       		.uleb128 0
 375 06c1 5F5F5549 		.ascii "__UINT_FAST32_TYPE__ unsigned int\0"
 375      4E545F46 
 375      41535433 
 375      325F5459 
 375      50455F5F 
 376 06e3 01       		.byte	0x1
 377 06e4 00       		.uleb128 0
 378 06e5 5F5F5549 		.ascii "__UINT_FAST64_TYPE__ long long unsigned int\0"
 378      4E545F46 
 378      41535436 
 378      345F5459 
 378      50455F5F 
 379 0711 01       		.byte	0x1
 380 0712 00       		.uleb128 0
 381 0713 5F5F494E 		.ascii "__INTPTR_TYPE__ int\0"
 381      54505452 
 381      5F545950 
 381      455F5F20 
 381      696E7400 
 382 0727 01       		.byte	0x1
 383 0728 00       		.uleb128 0
 384 0729 5F5F5549 		.ascii "__UINTPTR_TYPE__ unsigned int\0"
 384      4E545054 
 384      525F5459 
 384      50455F5F 
 384      20756E73 
 385 0747 01       		.byte	0x1
 386 0748 00       		.uleb128 0
 387 0749 5F5F6861 		.ascii "__has_include(STR) __has_include__(STR)\0"
 387      735F696E 
 387      636C7564 
 387      65285354 
GAS LISTING C:\Users\PRESID~1\AppData\Local\Temp\ccHlv0Rz.s 			page 13


 387      5229205F 
 388 0771 01       		.byte	0x1
 389 0772 00       		.uleb128 0
 390 0773 5F5F6861 		.ascii "__has_include_next(STR) __has_include_next__(STR)\0"
 390      735F696E 
 390      636C7564 
 390      655F6E65 
 390      78742853 
 391 07a5 01       		.byte	0x1
 392 07a6 00       		.uleb128 0
 393 07a7 5F5F4758 		.ascii "__GXX_ABI_VERSION 1002\0"
 393      585F4142 
 393      495F5645 
 393      5253494F 
 393      4E203130 
 394 07be 01       		.byte	0x1
 395 07bf 00       		.uleb128 0
 396 07c0 5F5F5343 		.ascii "__SCHAR_MAX__ 127\0"
 396      4841525F 
 396      4D41585F 
 396      5F203132 
 396      3700
 397 07d2 01       		.byte	0x1
 398 07d3 00       		.uleb128 0
 399 07d4 5F5F5348 		.ascii "__SHRT_MAX__ 32767\0"
 399      52545F4D 
 399      41585F5F 
 399      20333237 
 399      363700
 400 07e7 01       		.byte	0x1
 401 07e8 00       		.uleb128 0
 402 07e9 5F5F494E 		.ascii "__INT_MAX__ 2147483647\0"
 402      545F4D41 
 402      585F5F20 
 402      32313437 
 402      34383336 
 403 0800 01       		.byte	0x1
 404 0801 00       		.uleb128 0
 405 0802 5F5F4C4F 		.ascii "__LONG_MAX__ 2147483647L\0"
 405      4E475F4D 
 405      41585F5F 
 405      20323134 
 405      37343833 
 406 081b 01       		.byte	0x1
 407 081c 00       		.uleb128 0
 408 081d 5F5F4C4F 		.ascii "__LONG_LONG_MAX__ 9223372036854775807LL\0"
 408      4E475F4C 
 408      4F4E475F 
 408      4D41585F 
 408      5F203932 
 409 0845 01       		.byte	0x1
 410 0846 00       		.uleb128 0
 411 0847 5F5F5743 		.ascii "__WCHAR_MAX__ 65535\0"
 411      4841525F 
 411      4D41585F 
 411      5F203635 
 411      35333500 
GAS LISTING C:\Users\PRESID~1\AppData\Local\Temp\ccHlv0Rz.s 			page 14


 412 085b 01       		.byte	0x1
 413 085c 00       		.uleb128 0
 414 085d 5F5F5743 		.ascii "__WCHAR_MIN__ 0\0"
 414      4841525F 
 414      4D494E5F 
 414      5F203000 
 415 086d 01       		.byte	0x1
 416 086e 00       		.uleb128 0
 417 086f 5F5F5749 		.ascii "__WINT_MAX__ 65535\0"
 417      4E545F4D 
 417      41585F5F 
 417      20363535 
 417      333500
 418 0882 01       		.byte	0x1
 419 0883 00       		.uleb128 0
 420 0884 5F5F5749 		.ascii "__WINT_MIN__ 0\0"
 420      4E545F4D 
 420      494E5F5F 
 420      203000
 421 0893 01       		.byte	0x1
 422 0894 00       		.uleb128 0
 423 0895 5F5F5054 		.ascii "__PTRDIFF_MAX__ 2147483647\0"
 423      52444946 
 423      465F4D41 
 423      585F5F20 
 423      32313437 
 424 08b0 01       		.byte	0x1
 425 08b1 00       		.uleb128 0
 426 08b2 5F5F5349 		.ascii "__SIZE_MAX__ 4294967295U\0"
 426      5A455F4D 
 426      41585F5F 
 426      20343239 
 426      34393637 
 427 08cb 01       		.byte	0x1
 428 08cc 00       		.uleb128 0
 429 08cd 5F5F494E 		.ascii "__INTMAX_MAX__ 9223372036854775807LL\0"
 429      544D4158 
 429      5F4D4158 
 429      5F5F2039 
 429      32323333 
 430 08f2 01       		.byte	0x1
 431 08f3 00       		.uleb128 0
 432 08f4 5F5F494E 		.ascii "__INTMAX_C(c) c ## LL\0"
 432      544D4158 
 432      5F432863 
 432      29206320 
 432      2323204C 
 433 090a 01       		.byte	0x1
 434 090b 00       		.uleb128 0
 435 090c 5F5F5549 		.ascii "__UINTMAX_MAX__ 18446744073709551615ULL\0"
 435      4E544D41 
 435      585F4D41 
 435      585F5F20 
 435      31383434 
 436 0934 01       		.byte	0x1
 437 0935 00       		.uleb128 0
 438 0936 5F5F5549 		.ascii "__UINTMAX_C(c) c ## ULL\0"
GAS LISTING C:\Users\PRESID~1\AppData\Local\Temp\ccHlv0Rz.s 			page 15


 438      4E544D41 
 438      585F4328 
 438      63292063 
 438      20232320 
 439 094e 01       		.byte	0x1
 440 094f 00       		.uleb128 0
 441 0950 5F5F5349 		.ascii "__SIG_ATOMIC_MAX__ 2147483647\0"
 441      475F4154 
 441      4F4D4943 
 441      5F4D4158 
 441      5F5F2032 
 442 096e 01       		.byte	0x1
 443 096f 00       		.uleb128 0
 444 0970 5F5F5349 		.ascii "__SIG_ATOMIC_MIN__ (-__SIG_ATOMIC_MAX__ - 1)\0"
 444      475F4154 
 444      4F4D4943 
 444      5F4D494E 
 444      5F5F2028 
 445 099d 01       		.byte	0x1
 446 099e 00       		.uleb128 0
 447 099f 5F5F494E 		.ascii "__INT8_MAX__ 127\0"
 447      54385F4D 
 447      41585F5F 
 447      20313237 
 447      00
 448 09b0 01       		.byte	0x1
 449 09b1 00       		.uleb128 0
 450 09b2 5F5F494E 		.ascii "__INT16_MAX__ 32767\0"
 450      5431365F 
 450      4D41585F 
 450      5F203332 
 450      37363700 
 451 09c6 01       		.byte	0x1
 452 09c7 00       		.uleb128 0
 453 09c8 5F5F494E 		.ascii "__INT32_MAX__ 2147483647\0"
 453      5433325F 
 453      4D41585F 
 453      5F203231 
 453      34373438 
 454 09e1 01       		.byte	0x1
 455 09e2 00       		.uleb128 0
 456 09e3 5F5F494E 		.ascii "__INT64_MAX__ 9223372036854775807LL\0"
 456      5436345F 
 456      4D41585F 
 456      5F203932 
 456      32333337 
 457 0a07 01       		.byte	0x1
 458 0a08 00       		.uleb128 0
 459 0a09 5F5F5549 		.ascii "__UINT8_MAX__ 255\0"
 459      4E54385F 
 459      4D41585F 
 459      5F203235 
 459      3500
 460 0a1b 01       		.byte	0x1
 461 0a1c 00       		.uleb128 0
 462 0a1d 5F5F5549 		.ascii "__UINT16_MAX__ 65535\0"
 462      4E543136 
GAS LISTING C:\Users\PRESID~1\AppData\Local\Temp\ccHlv0Rz.s 			page 16


 462      5F4D4158 
 462      5F5F2036 
 462      35353335 
 463 0a32 01       		.byte	0x1
 464 0a33 00       		.uleb128 0
 465 0a34 5F5F5549 		.ascii "__UINT32_MAX__ 4294967295U\0"
 465      4E543332 
 465      5F4D4158 
 465      5F5F2034 
 465      32393439 
 466 0a4f 01       		.byte	0x1
 467 0a50 00       		.uleb128 0
 468 0a51 5F5F5549 		.ascii "__UINT64_MAX__ 18446744073709551615ULL\0"
 468      4E543634 
 468      5F4D4158 
 468      5F5F2031 
 468      38343436 
 469 0a78 01       		.byte	0x1
 470 0a79 00       		.uleb128 0
 471 0a7a 5F5F494E 		.ascii "__INT_LEAST8_MAX__ 127\0"
 471      545F4C45 
 471      41535438 
 471      5F4D4158 
 471      5F5F2031 
 472 0a91 01       		.byte	0x1
 473 0a92 00       		.uleb128 0
 474 0a93 5F5F494E 		.ascii "__INT8_C(c) c\0"
 474      54385F43 
 474      28632920 
 474      6300
 475 0aa1 01       		.byte	0x1
 476 0aa2 00       		.uleb128 0
 477 0aa3 5F5F494E 		.ascii "__INT_LEAST16_MAX__ 32767\0"
 477      545F4C45 
 477      41535431 
 477      365F4D41 
 477      585F5F20 
 478 0abd 01       		.byte	0x1
 479 0abe 00       		.uleb128 0
 480 0abf 5F5F494E 		.ascii "__INT16_C(c) c\0"
 480      5431365F 
 480      43286329 
 480      206300
 481 0ace 01       		.byte	0x1
 482 0acf 00       		.uleb128 0
 483 0ad0 5F5F494E 		.ascii "__INT_LEAST32_MAX__ 2147483647\0"
 483      545F4C45 
 483      41535433 
 483      325F4D41 
 483      585F5F20 
 484 0aef 01       		.byte	0x1
 485 0af0 00       		.uleb128 0
 486 0af1 5F5F494E 		.ascii "__INT32_C(c) c\0"
 486      5433325F 
 486      43286329 
 486      206300
 487 0b00 01       		.byte	0x1
GAS LISTING C:\Users\PRESID~1\AppData\Local\Temp\ccHlv0Rz.s 			page 17


 488 0b01 00       		.uleb128 0
 489 0b02 5F5F494E 		.ascii "__INT_LEAST64_MAX__ 9223372036854775807LL\0"
 489      545F4C45 
 489      41535436 
 489      345F4D41 
 489      585F5F20 
 490 0b2c 01       		.byte	0x1
 491 0b2d 00       		.uleb128 0
 492 0b2e 5F5F494E 		.ascii "__INT64_C(c) c ## LL\0"
 492      5436345F 
 492      43286329 
 492      20632023 
 492      23204C4C 
 493 0b43 01       		.byte	0x1
 494 0b44 00       		.uleb128 0
 495 0b45 5F5F5549 		.ascii "__UINT_LEAST8_MAX__ 255\0"
 495      4E545F4C 
 495      45415354 
 495      385F4D41 
 495      585F5F20 
 496 0b5d 01       		.byte	0x1
 497 0b5e 00       		.uleb128 0
 498 0b5f 5F5F5549 		.ascii "__UINT8_C(c) c\0"
 498      4E54385F 
 498      43286329 
 498      206300
 499 0b6e 01       		.byte	0x1
 500 0b6f 00       		.uleb128 0
 501 0b70 5F5F5549 		.ascii "__UINT_LEAST16_MAX__ 65535\0"
 501      4E545F4C 
 501      45415354 
 501      31365F4D 
 501      41585F5F 
 502 0b8b 01       		.byte	0x1
 503 0b8c 00       		.uleb128 0
 504 0b8d 5F5F5549 		.ascii "__UINT16_C(c) c\0"
 504      4E543136 
 504      5F432863 
 504      29206300 
 505 0b9d 01       		.byte	0x1
 506 0b9e 00       		.uleb128 0
 507 0b9f 5F5F5549 		.ascii "__UINT_LEAST32_MAX__ 4294967295U\0"
 507      4E545F4C 
 507      45415354 
 507      33325F4D 
 507      41585F5F 
 508 0bc0 01       		.byte	0x1
 509 0bc1 00       		.uleb128 0
 510 0bc2 5F5F5549 		.ascii "__UINT32_C(c) c ## U\0"
 510      4E543332 
 510      5F432863 
 510      29206320 
 510      23232055 
 511 0bd7 01       		.byte	0x1
 512 0bd8 00       		.uleb128 0
 513 0bd9 5F5F5549 		.ascii "__UINT_LEAST64_MAX__ 18446744073709551615ULL\0"
 513      4E545F4C 
GAS LISTING C:\Users\PRESID~1\AppData\Local\Temp\ccHlv0Rz.s 			page 18


 513      45415354 
 513      36345F4D 
 513      41585F5F 
 514 0c06 01       		.byte	0x1
 515 0c07 00       		.uleb128 0
 516 0c08 5F5F5549 		.ascii "__UINT64_C(c) c ## ULL\0"
 516      4E543634 
 516      5F432863 
 516      29206320 
 516      23232055 
 517 0c1f 01       		.byte	0x1
 518 0c20 00       		.uleb128 0
 519 0c21 5F5F494E 		.ascii "__INT_FAST8_MAX__ 127\0"
 519      545F4641 
 519      5354385F 
 519      4D41585F 
 519      5F203132 
 520 0c37 01       		.byte	0x1
 521 0c38 00       		.uleb128 0
 522 0c39 5F5F494E 		.ascii "__INT_FAST16_MAX__ 32767\0"
 522      545F4641 
 522      53543136 
 522      5F4D4158 
 522      5F5F2033 
 523 0c52 01       		.byte	0x1
 524 0c53 00       		.uleb128 0
 525 0c54 5F5F494E 		.ascii "__INT_FAST32_MAX__ 2147483647\0"
 525      545F4641 
 525      53543332 
 525      5F4D4158 
 525      5F5F2032 
 526 0c72 01       		.byte	0x1
 527 0c73 00       		.uleb128 0
 528 0c74 5F5F494E 		.ascii "__INT_FAST64_MAX__ 9223372036854775807LL\0"
 528      545F4641 
 528      53543634 
 528      5F4D4158 
 528      5F5F2039 
 529 0c9d 01       		.byte	0x1
 530 0c9e 00       		.uleb128 0
 531 0c9f 5F5F5549 		.ascii "__UINT_FAST8_MAX__ 255\0"
 531      4E545F46 
 531      41535438 
 531      5F4D4158 
 531      5F5F2032 
 532 0cb6 01       		.byte	0x1
 533 0cb7 00       		.uleb128 0
 534 0cb8 5F5F5549 		.ascii "__UINT_FAST16_MAX__ 65535\0"
 534      4E545F46 
 534      41535431 
 534      365F4D41 
 534      585F5F20 
 535 0cd2 01       		.byte	0x1
 536 0cd3 00       		.uleb128 0
 537 0cd4 5F5F5549 		.ascii "__UINT_FAST32_MAX__ 4294967295U\0"
 537      4E545F46 
 537      41535433 
GAS LISTING C:\Users\PRESID~1\AppData\Local\Temp\ccHlv0Rz.s 			page 19


 537      325F4D41 
 537      585F5F20 
 538 0cf4 01       		.byte	0x1
 539 0cf5 00       		.uleb128 0
 540 0cf6 5F5F5549 		.ascii "__UINT_FAST64_MAX__ 18446744073709551615ULL\0"
 540      4E545F46 
 540      41535436 
 540      345F4D41 
 540      585F5F20 
 541 0d22 01       		.byte	0x1
 542 0d23 00       		.uleb128 0
 543 0d24 5F5F494E 		.ascii "__INTPTR_MAX__ 2147483647\0"
 543      54505452 
 543      5F4D4158 
 543      5F5F2032 
 543      31343734 
 544 0d3e 01       		.byte	0x1
 545 0d3f 00       		.uleb128 0
 546 0d40 5F5F5549 		.ascii "__UINTPTR_MAX__ 4294967295U\0"
 546      4E545054 
 546      525F4D41 
 546      585F5F20 
 546      34323934 
 547 0d5c 01       		.byte	0x1
 548 0d5d 00       		.uleb128 0
 549 0d5e 5F5F4743 		.ascii "__GCC_IEC_559 2\0"
 549      435F4945 
 549      435F3535 
 549      39203200 
 550 0d6e 01       		.byte	0x1
 551 0d6f 00       		.uleb128 0
 552 0d70 5F5F4743 		.ascii "__GCC_IEC_559_COMPLEX 2\0"
 552      435F4945 
 552      435F3535 
 552      395F434F 
 552      4D504C45 
 553 0d88 01       		.byte	0x1
 554 0d89 00       		.uleb128 0
 555 0d8a 5F5F464C 		.ascii "__FLT_EVAL_METHOD__ 2\0"
 555      545F4556 
 555      414C5F4D 
 555      4554484F 
 555      445F5F20 
 556 0da0 01       		.byte	0x1
 557 0da1 00       		.uleb128 0
 558 0da2 5F5F4445 		.ascii "__DEC_EVAL_METHOD__ 2\0"
 558      435F4556 
 558      414C5F4D 
 558      4554484F 
 558      445F5F20 
 559 0db8 01       		.byte	0x1
 560 0db9 00       		.uleb128 0
 561 0dba 5F5F464C 		.ascii "__FLT_RADIX__ 2\0"
 561      545F5241 
 561      4449585F 
 561      5F203200 
 562 0dca 01       		.byte	0x1
GAS LISTING C:\Users\PRESID~1\AppData\Local\Temp\ccHlv0Rz.s 			page 20


 563 0dcb 00       		.uleb128 0
 564 0dcc 5F5F464C 		.ascii "__FLT_MANT_DIG__ 24\0"
 564      545F4D41 
 564      4E545F44 
 564      49475F5F 
 564      20323400 
 565 0de0 01       		.byte	0x1
 566 0de1 00       		.uleb128 0
 567 0de2 5F5F464C 		.ascii "__FLT_DIG__ 6\0"
 567      545F4449 
 567      475F5F20 
 567      3600
 568 0df0 01       		.byte	0x1
 569 0df1 00       		.uleb128 0
 570 0df2 5F5F464C 		.ascii "__FLT_MIN_EXP__ (-125)\0"
 570      545F4D49 
 570      4E5F4558 
 570      505F5F20 
 570      282D3132 
 571 0e09 01       		.byte	0x1
 572 0e0a 00       		.uleb128 0
 573 0e0b 5F5F464C 		.ascii "__FLT_MIN_10_EXP__ (-37)\0"
 573      545F4D49 
 573      4E5F3130 
 573      5F455850 
 573      5F5F2028 
 574 0e24 01       		.byte	0x1
 575 0e25 00       		.uleb128 0
 576 0e26 5F5F464C 		.ascii "__FLT_MAX_EXP__ 128\0"
 576      545F4D41 
 576      585F4558 
 576      505F5F20 
 576      31323800 
 577 0e3a 01       		.byte	0x1
 578 0e3b 00       		.uleb128 0
 579 0e3c 5F5F464C 		.ascii "__FLT_MAX_10_EXP__ 38\0"
 579      545F4D41 
 579      585F3130 
 579      5F455850 
 579      5F5F2033 
 580 0e52 01       		.byte	0x1
 581 0e53 00       		.uleb128 0
 582 0e54 5F5F464C 		.ascii "__FLT_DECIMAL_DIG__ 9\0"
 582      545F4445 
 582      43494D41 
 582      4C5F4449 
 582      475F5F20 
 583 0e6a 01       		.byte	0x1
 584 0e6b 00       		.uleb128 0
 585 0e6c 5F5F464C 		.ascii "__FLT_MAX__ 3.40282346638528859812e+38F\0"
 585      545F4D41 
 585      585F5F20 
 585      332E3430 
 585      32383233 
 586 0e94 01       		.byte	0x1
 587 0e95 00       		.uleb128 0
 588 0e96 5F5F464C 		.ascii "__FLT_MIN__ 1.17549435082228750797e-38F\0"
GAS LISTING C:\Users\PRESID~1\AppData\Local\Temp\ccHlv0Rz.s 			page 21


 588      545F4D49 
 588      4E5F5F20 
 588      312E3137 
 588      35343934 
 589 0ebe 01       		.byte	0x1
 590 0ebf 00       		.uleb128 0
 591 0ec0 5F5F464C 		.ascii "__FLT_EPSILON__ 1.19209289550781250000e-7F\0"
 591      545F4550 
 591      53494C4F 
 591      4E5F5F20 
 591      312E3139 
 592 0eeb 01       		.byte	0x1
 593 0eec 00       		.uleb128 0
 594 0eed 5F5F464C 		.ascii "__FLT_DENORM_MIN__ 1.40129846432481707092e-45F\0"
 594      545F4445 
 594      4E4F524D 
 594      5F4D494E 
 594      5F5F2031 
 595 0f1c 01       		.byte	0x1
 596 0f1d 00       		.uleb128 0
 597 0f1e 5F5F464C 		.ascii "__FLT_HAS_DENORM__ 1\0"
 597      545F4841 
 597      535F4445 
 597      4E4F524D 
 597      5F5F2031 
 598 0f33 01       		.byte	0x1
 599 0f34 00       		.uleb128 0
 600 0f35 5F5F464C 		.ascii "__FLT_HAS_INFINITY__ 1\0"
 600      545F4841 
 600      535F494E 
 600      46494E49 
 600      54595F5F 
 601 0f4c 01       		.byte	0x1
 602 0f4d 00       		.uleb128 0
 603 0f4e 5F5F464C 		.ascii "__FLT_HAS_QUIET_NAN__ 1\0"
 603      545F4841 
 603      535F5155 
 603      4945545F 
 603      4E414E5F 
 604 0f66 01       		.byte	0x1
 605 0f67 00       		.uleb128 0
 606 0f68 5F5F4442 		.ascii "__DBL_MANT_DIG__ 53\0"
 606      4C5F4D41 
 606      4E545F44 
 606      49475F5F 
 606      20353300 
 607 0f7c 01       		.byte	0x1
 608 0f7d 00       		.uleb128 0
 609 0f7e 5F5F4442 		.ascii "__DBL_DIG__ 15\0"
 609      4C5F4449 
 609      475F5F20 
 609      313500
 610 0f8d 01       		.byte	0x1
 611 0f8e 00       		.uleb128 0
 612 0f8f 5F5F4442 		.ascii "__DBL_MIN_EXP__ (-1021)\0"
 612      4C5F4D49 
 612      4E5F4558 
GAS LISTING C:\Users\PRESID~1\AppData\Local\Temp\ccHlv0Rz.s 			page 22


 612      505F5F20 
 612      282D3130 
 613 0fa7 01       		.byte	0x1
 614 0fa8 00       		.uleb128 0
 615 0fa9 5F5F4442 		.ascii "__DBL_MIN_10_EXP__ (-307)\0"
 615      4C5F4D49 
 615      4E5F3130 
 615      5F455850 
 615      5F5F2028 
 616 0fc3 01       		.byte	0x1
 617 0fc4 00       		.uleb128 0
 618 0fc5 5F5F4442 		.ascii "__DBL_MAX_EXP__ 1024\0"
 618      4C5F4D41 
 618      585F4558 
 618      505F5F20 
 618      31303234 
 619 0fda 01       		.byte	0x1
 620 0fdb 00       		.uleb128 0
 621 0fdc 5F5F4442 		.ascii "__DBL_MAX_10_EXP__ 308\0"
 621      4C5F4D41 
 621      585F3130 
 621      5F455850 
 621      5F5F2033 
 622 0ff3 01       		.byte	0x1
 623 0ff4 00       		.uleb128 0
 624 0ff5 5F5F4442 		.ascii "__DBL_DECIMAL_DIG__ 17\0"
 624      4C5F4445 
 624      43494D41 
 624      4C5F4449 
 624      475F5F20 
 625 100c 01       		.byte	0x1
 626 100d 00       		.uleb128 0
 627 100e 5F5F4442 		.ascii "__DBL_MAX__ ((double)1.79769313486231570815e+308L)\0"
 627      4C5F4D41 
 627      585F5F20 
 627      2828646F 
 627      75626C65 
 628 1041 01       		.byte	0x1
 629 1042 00       		.uleb128 0
 630 1043 5F5F4442 		.ascii "__DBL_MIN__ ((double)2.22507385850720138309e-308L)\0"
 630      4C5F4D49 
 630      4E5F5F20 
 630      2828646F 
 630      75626C65 
 631 1076 01       		.byte	0x1
 632 1077 00       		.uleb128 0
 633 1078 5F5F4442 		.ascii "__DBL_EPSILON__ ((double)2.22044604925031308085e-16L)\0"
 633      4C5F4550 
 633      53494C4F 
 633      4E5F5F20 
 633      2828646F 
 634 10ae 01       		.byte	0x1
 635 10af 00       		.uleb128 0
 636 10b0 5F5F4442 		.ascii "__DBL_DENORM_MIN__ ((double)4.94065645841246544177e-324L)\0"
 636      4C5F4445 
 636      4E4F524D 
 636      5F4D494E 
GAS LISTING C:\Users\PRESID~1\AppData\Local\Temp\ccHlv0Rz.s 			page 23


 636      5F5F2028 
 637 10ea 01       		.byte	0x1
 638 10eb 00       		.uleb128 0
 639 10ec 5F5F4442 		.ascii "__DBL_HAS_DENORM__ 1\0"
 639      4C5F4841 
 639      535F4445 
 639      4E4F524D 
 639      5F5F2031 
 640 1101 01       		.byte	0x1
 641 1102 00       		.uleb128 0
 642 1103 5F5F4442 		.ascii "__DBL_HAS_INFINITY__ 1\0"
 642      4C5F4841 
 642      535F494E 
 642      46494E49 
 642      54595F5F 
 643 111a 01       		.byte	0x1
 644 111b 00       		.uleb128 0
 645 111c 5F5F4442 		.ascii "__DBL_HAS_QUIET_NAN__ 1\0"
 645      4C5F4841 
 645      535F5155 
 645      4945545F 
 645      4E414E5F 
 646 1134 01       		.byte	0x1
 647 1135 00       		.uleb128 0
 648 1136 5F5F4C44 		.ascii "__LDBL_MANT_DIG__ 64\0"
 648      424C5F4D 
 648      414E545F 
 648      4449475F 
 648      5F203634 
 649 114b 01       		.byte	0x1
 650 114c 00       		.uleb128 0
 651 114d 5F5F4C44 		.ascii "__LDBL_DIG__ 18\0"
 651      424C5F44 
 651      49475F5F 
 651      20313800 
 652 115d 01       		.byte	0x1
 653 115e 00       		.uleb128 0
 654 115f 5F5F4C44 		.ascii "__LDBL_MIN_EXP__ (-16381)\0"
 654      424C5F4D 
 654      494E5F45 
 654      58505F5F 
 654      20282D31 
 655 1179 01       		.byte	0x1
 656 117a 00       		.uleb128 0
 657 117b 5F5F4C44 		.ascii "__LDBL_MIN_10_EXP__ (-4931)\0"
 657      424C5F4D 
 657      494E5F31 
 657      305F4558 
 657      505F5F20 
 658 1197 01       		.byte	0x1
 659 1198 00       		.uleb128 0
 660 1199 5F5F4C44 		.ascii "__LDBL_MAX_EXP__ 16384\0"
 660      424C5F4D 
 660      41585F45 
 660      58505F5F 
 660      20313633 
 661 11b0 01       		.byte	0x1
GAS LISTING C:\Users\PRESID~1\AppData\Local\Temp\ccHlv0Rz.s 			page 24


 662 11b1 00       		.uleb128 0
 663 11b2 5F5F4C44 		.ascii "__LDBL_MAX_10_EXP__ 4932\0"
 663      424C5F4D 
 663      41585F31 
 663      305F4558 
 663      505F5F20 
 664 11cb 01       		.byte	0x1
 665 11cc 00       		.uleb128 0
 666 11cd 5F5F4445 		.ascii "__DECIMAL_DIG__ 21\0"
 666      43494D41 
 666      4C5F4449 
 666      475F5F20 
 666      323100
 667 11e0 01       		.byte	0x1
 668 11e1 00       		.uleb128 0
 669 11e2 5F5F4C44 		.ascii "__LDBL_MAX__ 1.18973149535723176502e+4932L\0"
 669      424C5F4D 
 669      41585F5F 
 669      20312E31 
 669      38393733 
 670 120d 01       		.byte	0x1
 671 120e 00       		.uleb128 0
 672 120f 5F5F4C44 		.ascii "__LDBL_MIN__ 3.36210314311209350626e-4932L\0"
 672      424C5F4D 
 672      494E5F5F 
 672      20332E33 
 672      36323130 
 673 123a 01       		.byte	0x1
 674 123b 00       		.uleb128 0
 675 123c 5F5F4C44 		.ascii "__LDBL_EPSILON__ 1.08420217248550443401e-19L\0"
 675      424C5F45 
 675      5053494C 
 675      4F4E5F5F 
 675      20312E30 
 676 1269 01       		.byte	0x1
 677 126a 00       		.uleb128 0
 678 126b 5F5F4C44 		.ascii "__LDBL_DENORM_MIN__ 3.64519953188247460253e-4951L\0"
 678      424C5F44 
 678      454E4F52 
 678      4D5F4D49 
 678      4E5F5F20 
 679 129d 01       		.byte	0x1
 680 129e 00       		.uleb128 0
 681 129f 5F5F4C44 		.ascii "__LDBL_HAS_DENORM__ 1\0"
 681      424C5F48 
 681      41535F44 
 681      454E4F52 
 681      4D5F5F20 
 682 12b5 01       		.byte	0x1
 683 12b6 00       		.uleb128 0
 684 12b7 5F5F4C44 		.ascii "__LDBL_HAS_INFINITY__ 1\0"
 684      424C5F48 
 684      41535F49 
 684      4E46494E 
 684      4954595F 
 685 12cf 01       		.byte	0x1
 686 12d0 00       		.uleb128 0
GAS LISTING C:\Users\PRESID~1\AppData\Local\Temp\ccHlv0Rz.s 			page 25


 687 12d1 5F5F4C44 		.ascii "__LDBL_HAS_QUIET_NAN__ 1\0"
 687      424C5F48 
 687      41535F51 
 687      55494554 
 687      5F4E414E 
 688 12ea 01       		.byte	0x1
 689 12eb 00       		.uleb128 0
 690 12ec 5F5F4445 		.ascii "__DEC32_MANT_DIG__ 7\0"
 690      4333325F 
 690      4D414E54 
 690      5F444947 
 690      5F5F2037 
 691 1301 01       		.byte	0x1
 692 1302 00       		.uleb128 0
 693 1303 5F5F4445 		.ascii "__DEC32_MIN_EXP__ (-94)\0"
 693      4333325F 
 693      4D494E5F 
 693      4558505F 
 693      5F20282D 
 694 131b 01       		.byte	0x1
 695 131c 00       		.uleb128 0
 696 131d 5F5F4445 		.ascii "__DEC32_MAX_EXP__ 97\0"
 696      4333325F 
 696      4D41585F 
 696      4558505F 
 696      5F203937 
 697 1332 01       		.byte	0x1
 698 1333 00       		.uleb128 0
 699 1334 5F5F4445 		.ascii "__DEC32_MIN__ 1E-95DF\0"
 699      4333325F 
 699      4D494E5F 
 699      5F203145 
 699      2D393544 
 700 134a 01       		.byte	0x1
 701 134b 00       		.uleb128 0
 702 134c 5F5F4445 		.ascii "__DEC32_MAX__ 9.999999E96DF\0"
 702      4333325F 
 702      4D41585F 
 702      5F20392E 
 702      39393939 
 703 1368 01       		.byte	0x1
 704 1369 00       		.uleb128 0
 705 136a 5F5F4445 		.ascii "__DEC32_EPSILON__ 1E-6DF\0"
 705      4333325F 
 705      45505349 
 705      4C4F4E5F 
 705      5F203145 
 706 1383 01       		.byte	0x1
 707 1384 00       		.uleb128 0
 708 1385 5F5F4445 		.ascii "__DEC32_SUBNORMAL_MIN__ 0.000001E-95DF\0"
 708      4333325F 
 708      5355424E 
 708      4F524D41 
 708      4C5F4D49 
 709 13ac 01       		.byte	0x1
 710 13ad 00       		.uleb128 0
 711 13ae 5F5F4445 		.ascii "__DEC64_MANT_DIG__ 16\0"
GAS LISTING C:\Users\PRESID~1\AppData\Local\Temp\ccHlv0Rz.s 			page 26


 711      4336345F 
 711      4D414E54 
 711      5F444947 
 711      5F5F2031 
 712 13c4 01       		.byte	0x1
 713 13c5 00       		.uleb128 0
 714 13c6 5F5F4445 		.ascii "__DEC64_MIN_EXP__ (-382)\0"
 714      4336345F 
 714      4D494E5F 
 714      4558505F 
 714      5F20282D 
 715 13df 01       		.byte	0x1
 716 13e0 00       		.uleb128 0
 717 13e1 5F5F4445 		.ascii "__DEC64_MAX_EXP__ 385\0"
 717      4336345F 
 717      4D41585F 
 717      4558505F 
 717      5F203338 
 718 13f7 01       		.byte	0x1
 719 13f8 00       		.uleb128 0
 720 13f9 5F5F4445 		.ascii "__DEC64_MIN__ 1E-383DD\0"
 720      4336345F 
 720      4D494E5F 
 720      5F203145 
 720      2D333833 
 721 1410 01       		.byte	0x1
 722 1411 00       		.uleb128 0
 723 1412 5F5F4445 		.ascii "__DEC64_MAX__ 9.999999999999999E384DD\0"
 723      4336345F 
 723      4D41585F 
 723      5F20392E 
 723      39393939 
 724 1438 01       		.byte	0x1
 725 1439 00       		.uleb128 0
 726 143a 5F5F4445 		.ascii "__DEC64_EPSILON__ 1E-15DD\0"
 726      4336345F 
 726      45505349 
 726      4C4F4E5F 
 726      5F203145 
 727 1454 01       		.byte	0x1
 728 1455 00       		.uleb128 0
 729 1456 5F5F4445 		.ascii "__DEC64_SUBNORMAL_MIN__ 0.000000000000001E-383DD\0"
 729      4336345F 
 729      5355424E 
 729      4F524D41 
 729      4C5F4D49 
 730 1487 01       		.byte	0x1
 731 1488 00       		.uleb128 0
 732 1489 5F5F4445 		.ascii "__DEC128_MANT_DIG__ 34\0"
 732      43313238 
 732      5F4D414E 
 732      545F4449 
 732      475F5F20 
 733 14a0 01       		.byte	0x1
 734 14a1 00       		.uleb128 0
 735 14a2 5F5F4445 		.ascii "__DEC128_MIN_EXP__ (-6142)\0"
 735      43313238 
GAS LISTING C:\Users\PRESID~1\AppData\Local\Temp\ccHlv0Rz.s 			page 27


 735      5F4D494E 
 735      5F455850 
 735      5F5F2028 
 736 14bd 01       		.byte	0x1
 737 14be 00       		.uleb128 0
 738 14bf 5F5F4445 		.ascii "__DEC128_MAX_EXP__ 6145\0"
 738      43313238 
 738      5F4D4158 
 738      5F455850 
 738      5F5F2036 
 739 14d7 01       		.byte	0x1
 740 14d8 00       		.uleb128 0
 741 14d9 5F5F4445 		.ascii "__DEC128_MIN__ 1E-6143DL\0"
 741      43313238 
 741      5F4D494E 
 741      5F5F2031 
 741      452D3631 
 742 14f2 01       		.byte	0x1
 743 14f3 00       		.uleb128 0
 744 14f4 5F5F4445 		.ascii "__DEC128_MAX__ 9.999999999999999999999999999999999E6144DL\0"
 744      43313238 
 744      5F4D4158 
 744      5F5F2039 
 744      2E393939 
 745 152e 01       		.byte	0x1
 746 152f 00       		.uleb128 0
 747 1530 5F5F4445 		.ascii "__DEC128_EPSILON__ 1E-33DL\0"
 747      43313238 
 747      5F455053 
 747      494C4F4E 
 747      5F5F2031 
 748 154b 01       		.byte	0x1
 749 154c 00       		.uleb128 0
 750 154d 5F5F4445 		.ascii "__DEC128_SUBNORMAL_MIN__ 0.000000000000000000000000000000001E-6143DL\0"
 750      43313238 
 750      5F535542 
 750      4E4F524D 
 750      414C5F4D 
 751 1592 01       		.byte	0x1
 752 1593 00       		.uleb128 0
 753 1594 5F5F5245 		.ascii "__REGISTER_PREFIX__ \0"
 753      47495354 
 753      45525F50 
 753      52454649 
 753      585F5F20 
 754 15a9 01       		.byte	0x1
 755 15aa 00       		.uleb128 0
 756 15ab 5F5F5553 		.ascii "__USER_LABEL_PREFIX__ _\0"
 756      45525F4C 
 756      4142454C 
 756      5F505245 
 756      4649585F 
 757 15c3 01       		.byte	0x1
 758 15c4 00       		.uleb128 0
 759 15c5 5F5F474E 		.ascii "__GNUC_GNU_INLINE__ 1\0"
 759      55435F47 
 759      4E555F49 
GAS LISTING C:\Users\PRESID~1\AppData\Local\Temp\ccHlv0Rz.s 			page 28


 759      4E4C494E 
 759      455F5F20 
 760 15db 01       		.byte	0x1
 761 15dc 00       		.uleb128 0
 762 15dd 5F5F4E4F 		.ascii "__NO_INLINE__ 1\0"
 762      5F494E4C 
 762      494E455F 
 762      5F203100 
 763 15ed 01       		.byte	0x1
 764 15ee 00       		.uleb128 0
 765 15ef 5F5F5354 		.ascii "__STRICT_ANSI__ 1\0"
 765      52494354 
 765      5F414E53 
 765      495F5F20 
 765      3100
 766 1601 01       		.byte	0x1
 767 1602 00       		.uleb128 0
 768 1603 5F5F4743 		.ascii "__GCC_ATOMIC_BOOL_LOCK_FREE 1\0"
 768      435F4154 
 768      4F4D4943 
 768      5F424F4F 
 768      4C5F4C4F 
 769 1621 01       		.byte	0x1
 770 1622 00       		.uleb128 0
 771 1623 5F5F4743 		.ascii "__GCC_ATOMIC_CHAR_LOCK_FREE 1\0"
 771      435F4154 
 771      4F4D4943 
 771      5F434841 
 771      525F4C4F 
 772 1641 01       		.byte	0x1
 773 1642 00       		.uleb128 0
 774 1643 5F5F4743 		.ascii "__GCC_ATOMIC_CHAR16_T_LOCK_FREE 1\0"
 774      435F4154 
 774      4F4D4943 
 774      5F434841 
 774      5231365F 
 775 1665 01       		.byte	0x1
 776 1666 00       		.uleb128 0
 777 1667 5F5F4743 		.ascii "__GCC_ATOMIC_CHAR32_T_LOCK_FREE 1\0"
 777      435F4154 
 777      4F4D4943 
 777      5F434841 
 777      5233325F 
 778 1689 01       		.byte	0x1
 779 168a 00       		.uleb128 0
 780 168b 5F5F4743 		.ascii "__GCC_ATOMIC_WCHAR_T_LOCK_FREE 1\0"
 780      435F4154 
 780      4F4D4943 
 780      5F574348 
 780      41525F54 
 781 16ac 01       		.byte	0x1
 782 16ad 00       		.uleb128 0
 783 16ae 5F5F4743 		.ascii "__GCC_ATOMIC_SHORT_LOCK_FREE 1\0"
 783      435F4154 
 783      4F4D4943 
 783      5F53484F 
 783      52545F4C 
GAS LISTING C:\Users\PRESID~1\AppData\Local\Temp\ccHlv0Rz.s 			page 29


 784 16cd 01       		.byte	0x1
 785 16ce 00       		.uleb128 0
 786 16cf 5F5F4743 		.ascii "__GCC_ATOMIC_INT_LOCK_FREE 1\0"
 786      435F4154 
 786      4F4D4943 
 786      5F494E54 
 786      5F4C4F43 
 787 16ec 01       		.byte	0x1
 788 16ed 00       		.uleb128 0
 789 16ee 5F5F4743 		.ascii "__GCC_ATOMIC_LONG_LOCK_FREE 1\0"
 789      435F4154 
 789      4F4D4943 
 789      5F4C4F4E 
 789      475F4C4F 
 790 170c 01       		.byte	0x1
 791 170d 00       		.uleb128 0
 792 170e 5F5F4743 		.ascii "__GCC_ATOMIC_LLONG_LOCK_FREE 1\0"
 792      435F4154 
 792      4F4D4943 
 792      5F4C4C4F 
 792      4E475F4C 
 793 172d 01       		.byte	0x1
 794 172e 00       		.uleb128 0
 795 172f 5F5F4743 		.ascii "__GCC_ATOMIC_TEST_AND_SET_TRUEVAL 1\0"
 795      435F4154 
 795      4F4D4943 
 795      5F544553 
 795      545F414E 
 796 1753 01       		.byte	0x1
 797 1754 00       		.uleb128 0
 798 1755 5F5F4743 		.ascii "__GCC_ATOMIC_POINTER_LOCK_FREE 1\0"
 798      435F4154 
 798      4F4D4943 
 798      5F504F49 
 798      4E544552 
 799 1776 01       		.byte	0x1
 800 1777 00       		.uleb128 0
 801 1778 5F5F4743 		.ascii "__GCC_HAVE_DWARF2_CFI_ASM 1\0"
 801      435F4841 
 801      56455F44 
 801      57415246 
 801      325F4346 
 802 1794 01       		.byte	0x1
 803 1795 00       		.uleb128 0
 804 1796 5F5F5052 		.ascii "__PRAGMA_REDEFINE_EXTNAME 1\0"
 804      41474D41 
 804      5F524544 
 804      4546494E 
 804      455F4558 
 805 17b2 01       		.byte	0x1
 806 17b3 00       		.uleb128 0
 807 17b4 5F5F5349 		.ascii "__SIZEOF_WCHAR_T__ 2\0"
 807      5A454F46 
 807      5F574348 
 807      41525F54 
 807      5F5F2032 
 808 17c9 01       		.byte	0x1
GAS LISTING C:\Users\PRESID~1\AppData\Local\Temp\ccHlv0Rz.s 			page 30


 809 17ca 00       		.uleb128 0
 810 17cb 5F5F5349 		.ascii "__SIZEOF_WINT_T__ 2\0"
 810      5A454F46 
 810      5F57494E 
 810      545F545F 
 810      5F203200 
 811 17df 01       		.byte	0x1
 812 17e0 00       		.uleb128 0
 813 17e1 5F5F5349 		.ascii "__SIZEOF_PTRDIFF_T__ 4\0"
 813      5A454F46 
 813      5F505452 
 813      44494646 
 813      5F545F5F 
 814 17f8 01       		.byte	0x1
 815 17f9 00       		.uleb128 0
 816 17fa 5F5F6933 		.ascii "__i386 1\0"
 816      38362031 
 816      00
 817 1803 01       		.byte	0x1
 818 1804 00       		.uleb128 0
 819 1805 5F5F6933 		.ascii "__i386__ 1\0"
 819      38365F5F 
 819      203100
 820 1810 01       		.byte	0x1
 821 1811 00       		.uleb128 0
 822 1812 5F5F4154 		.ascii "__ATOMIC_HLE_ACQUIRE 65536\0"
 822      4F4D4943 
 822      5F484C45 
 822      5F414351 
 822      55495245 
 823 182d 01       		.byte	0x1
 824 182e 00       		.uleb128 0
 825 182f 5F5F4154 		.ascii "__ATOMIC_HLE_RELEASE 131072\0"
 825      4F4D4943 
 825      5F484C45 
 825      5F52454C 
 825      45415345 
 826 184b 01       		.byte	0x1
 827 184c 00       		.uleb128 0
 828 184d 5F5F7475 		.ascii "__tune_i386__ 1\0"
 828      6E655F69 
 828      3338365F 
 828      5F203100 
 829 185d 01       		.byte	0x1
 830 185e 00       		.uleb128 0
 831 185f 5F5F636F 		.ascii "__code_model_32__ 1\0"
 831      64655F6D 
 831      6F64656C 
 831      5F33325F 
 831      5F203100 
 832 1873 01       		.byte	0x1
 833 1874 00       		.uleb128 0
 834 1875 5F583836 		.ascii "_X86_ 1\0"
 834      5F203100 
 835 187d 01       		.byte	0x1
 836 187e 00       		.uleb128 0
 837 187f 5F5F7374 		.ascii "__stdcall __attribute__((__stdcall__))\0"
GAS LISTING C:\Users\PRESID~1\AppData\Local\Temp\ccHlv0Rz.s 			page 31


 837      6463616C 
 837      6C205F5F 
 837      61747472 
 837      69627574 
 838 18a6 01       		.byte	0x1
 839 18a7 00       		.uleb128 0
 840 18a8 5F5F6661 		.ascii "__fastcall __attribute__((__fastcall__))\0"
 840      73746361 
 840      6C6C205F 
 840      5F617474 
 840      72696275 
 841 18d1 01       		.byte	0x1
 842 18d2 00       		.uleb128 0
 843 18d3 5F5F7468 		.ascii "__thiscall __attribute__((__thiscall__))\0"
 843      69736361 
 843      6C6C205F 
 843      5F617474 
 843      72696275 
 844 18fc 01       		.byte	0x1
 845 18fd 00       		.uleb128 0
 846 18fe 5F5F6364 		.ascii "__cdecl __attribute__((__cdecl__))\0"
 846      65636C20 
 846      5F5F6174 
 846      74726962 
 846      7574655F 
 847 1921 01       		.byte	0x1
 848 1922 00       		.uleb128 0
 849 1923 5F5F4758 		.ascii "__GXX_MERGED_TYPEINFO_NAMES 0\0"
 849      585F4D45 
 849      52474544 
 849      5F545950 
 849      45494E46 
 850 1941 01       		.byte	0x1
 851 1942 00       		.uleb128 0
 852 1943 5F5F4758 		.ascii "__GXX_TYPEINFO_EQUALITY_INLINE 0\0"
 852      585F5459 
 852      5045494E 
 852      464F5F45 
 852      5155414C 
 853 1964 01       		.byte	0x1
 854 1965 00       		.uleb128 0
 855 1966 5F5F4D53 		.ascii "__MSVCRT__ 1\0"
 855      56435254 
 855      5F5F2031 
 855      00
 856 1973 01       		.byte	0x1
 857 1974 00       		.uleb128 0
 858 1975 5F5F4D49 		.ascii "__MINGW32__ 1\0"
 858      4E475733 
 858      325F5F20 
 858      3100
 859 1983 01       		.byte	0x1
 860 1984 00       		.uleb128 0
 861 1985 5F57494E 		.ascii "_WIN32 1\0"
 861      33322031 
 861      00
 862 198e 01       		.byte	0x1
GAS LISTING C:\Users\PRESID~1\AppData\Local\Temp\ccHlv0Rz.s 			page 32


 863 198f 00       		.uleb128 0
 864 1990 5F5F5749 		.ascii "__WIN32 1\0"
 864      4E333220 
 864      3100
 865 199a 01       		.byte	0x1
 866 199b 00       		.uleb128 0
 867 199c 5F5F5749 		.ascii "__WIN32__ 1\0"
 867      4E33325F 
 867      5F203100 
 868 19a8 01       		.byte	0x1
 869 19a9 00       		.uleb128 0
 870 19aa 5F5F5749 		.ascii "__WINNT 1\0"
 870      4E4E5420 
 870      3100
 871 19b4 01       		.byte	0x1
 872 19b5 00       		.uleb128 0
 873 19b6 5F5F5749 		.ascii "__WINNT__ 1\0"
 873      4E4E545F 
 873      5F203100 
 874 19c2 01       		.byte	0x1
 875 19c3 00       		.uleb128 0
 876 19c4 5F494E54 		.ascii "_INTEGRAL_MAX_BITS 64\0"
 876      45475241 
 876      4C5F4D41 
 876      585F4249 
 876      54532036 
 877 19da 01       		.byte	0x1
 878 19db 00       		.uleb128 0
 879 19dc 5F5F6465 		.ascii "__declspec(x) __attribute__((x))\0"
 879      636C7370 
 879      65632878 
 879      29205F5F 
 879      61747472 
 880 19fd 01       		.byte	0x1
 881 19fe 00       		.uleb128 0
 882 19ff 5F5F4445 		.ascii "__DECIMAL_BID_FORMAT__ 1\0"
 882      43494D41 
 882      4C5F4249 
 882      445F464F 
 882      524D4154 
 883 1a18 01       		.byte	0x1
 884 1a19 00       		.uleb128 0
 885 1a1a 4346475F 		.ascii "CFG_PROCESSOR 3\0"
 885      50524F43 
 885      4553534F 
 885      52203300 
 886 1a2a 03       		.byte	0x3
 887 1a2b 00       		.uleb128 0
 888 1a2c 01       		.uleb128 0x1
 889              		.file 4 "E:/NeuOrga/Programmieren/c_cpp/github_os/input/src/os_sim/../os_base/os_firstinc.h"
 890 1a2d 03       		.byte	0x3
 891 1a2e 01       		.uleb128 0x1
 892 1a2f 04       		.uleb128 0x4
 893 1a30 01       		.byte	0x1
 894 1a31 02       		.uleb128 0x2
 895 1a32 5F6F735F 		.ascii "_os_firstinc_h_ \0"
 895      66697273 
GAS LISTING C:\Users\PRESID~1\AppData\Local\Temp\ccHlv0Rz.s 			page 33


 895      74696E63 
 895      5F685F20 
 895      00
 896 1a43 03       		.byte	0x3
 897 1a44 04       		.uleb128 0x4
 898 1a45 02       		.uleb128 0x2
 899 1a46 01       		.byte	0x1
 900 1a47 02       		.uleb128 0x2
 901 1a48 5F424153 		.ascii "_BASE_TYPES_H_ \0"
 901      455F5459 
 901      5045535F 
 901      485F2000 
 902 1a58 01       		.byte	0x1
 903 1a59 04       		.uleb128 0x4
 904 1a5a 494E5445 		.ascii "INTEGER_LLP64_IL32P64 1\0"
 904      4745525F 
 904      4C4C5036 
 904      345F494C 
 904      33325036 
 905 1a72 01       		.byte	0x1
 906 1a73 05       		.uleb128 0x5
 907 1a74 494E5445 		.ascii "INTEGER_LP64_I32LP64 2\0"
 907      4745525F 
 907      4C503634 
 907      5F493332 
 907      4C503634 
 908 1a8b 01       		.byte	0x1
 909 1a8c 06       		.uleb128 0x6
 910 1a8d 494E5445 		.ascii "INTEGER_ILP64 3\0"
 910      4745525F 
 910      494C5036 
 910      34203300 
 911 1a9d 01       		.byte	0x1
 912 1a9e 07       		.uleb128 0x7
 913 1a9f 494E5445 		.ascii "INTEGER_SILP64 4\0"
 913      4745525F 
 913      53494C50 
 913      36342034 
 913      00
 914 1ab0 01       		.byte	0x1
 915 1ab1 09       		.uleb128 0x9
 916 1ab2 4350505F 		.ascii "CPP_VERSION_NONE 0\0"
 916      56455253 
 916      494F4E5F 
 916      4E4F4E45 
 916      203000
 917 1ac5 01       		.byte	0x1
 918 1ac6 0A       		.uleb128 0xa
 919 1ac7 4350505F 		.ascii "CPP_VERSION_1998 1\0"
 919      56455253 
 919      494F4E5F 
 919      31393938 
 919      203100
 920 1ada 01       		.byte	0x1
 921 1adb 0B       		.uleb128 0xb
 922 1adc 4350505F 		.ascii "CPP_VERSION_2003 2\0"
 922      56455253 
GAS LISTING C:\Users\PRESID~1\AppData\Local\Temp\ccHlv0Rz.s 			page 34


 922      494F4E5F 
 922      32303033 
 922      203200
 923 1aef 01       		.byte	0x1
 924 1af0 0C       		.uleb128 0xc
 925 1af1 4350505F 		.ascii "CPP_VERSION_2007 3\0"
 925      56455253 
 925      494F4E5F 
 925      32303037 
 925      203300
 926 1b04 01       		.byte	0x1
 927 1b05 0D       		.uleb128 0xd
 928 1b06 4350505F 		.ascii "CPP_VERSION_2011 4\0"
 928      56455253 
 928      494F4E5F 
 928      32303131 
 928      203400
 929 1b19 01       		.byte	0x1
 930 1b1a 0E       		.uleb128 0xe
 931 1b1b 49534F5F 		.ascii "ISO_CPP_VERSION CPP_VERSION_1998\0"
 931      4350505F 
 931      56455253 
 931      494F4E20 
 931      4350505F 
 932 1b3c 01       		.byte	0x1
 933 1b3d 10       		.uleb128 0x10
 934 1b3e 494E5445 		.ascii "INTEGER_MODEL INTEGER_LLP64_IL32P64\0"
 934      4745525F 
 934      4D4F4445 
 934      4C20494E 
 934      54454745 
 935 1b62 04       		.byte	0x4
 936              		.file 5 "E:/NeuOrga/Programmieren/c_cpp/github_os/input/src/os_sim/../os_base/../os_base/os_common
 937 1b63 03       		.byte	0x3
 938 1b64 05       		.uleb128 0x5
 939 1b65 05       		.uleb128 0x5
 940 1b66 01       		.byte	0x1
 941 1b67 02       		.uleb128 0x2
 942 1b68 5F6F735F 		.ascii "_os_common_h_ \0"
 942      636F6D6D 
 942      6F6E5F68 
 942      5F2000
 943 1b77 01       		.byte	0x1
 944 1b78 06       		.uleb128 0x6
 945 1b79 46616C73 		.ascii "False 0\0"
 945      65203000 
 946 1b81 01       		.byte	0x1
 947 1b82 07       		.uleb128 0x7
 948 1b83 54727565 		.ascii "True 1\0"
 948      203100
 949 1b8a 01       		.byte	0x1
 950 1b8b 08       		.uleb128 0x8
 951 1b8c 41636365 		.ascii "Accepted 1\0"
 951      70746564 
 951      203100
 952 1b97 01       		.byte	0x1
 953 1b98 09       		.uleb128 0x9
GAS LISTING C:\Users\PRESID~1\AppData\Local\Temp\ccHlv0Rz.s 			page 35


 954 1b99 52656A65 		.ascii "Rejected 0\0"
 954      63746564 
 954      203000
 955 1ba4 01       		.byte	0x1
 956 1ba5 0A       		.uleb128 0xa
 957 1ba6 4C6F6361 		.ascii "Local static\0"
 957      6C207374 
 957      61746963 
 957      00
 958 1bb3 01       		.byte	0x1
 959 1bb4 0B       		.uleb128 0xb
 960 1bb5 4C6F6361 		.ascii "Local_inline static __inline__\0"
 960      6C5F696E 
 960      6C696E65 
 960      20737461 
 960      74696320 
 961 1bd4 01       		.byte	0x1
 962 1bd5 0C       		.uleb128 0xc
 963 1bd6 476C6F62 		.ascii "Global_inline __inline__\0"
 963      616C5F69 
 963      6E6C696E 
 963      65205F5F 
 963      696E6C69 
 964 1bef 01       		.byte	0x1
 965 1bf0 0D       		.uleb128 0xd
 966 1bf1 52656665 		.ascii "ReferenceUnusedParameter(x) ((x) = (x))\0"
 966      72656E63 
 966      65556E75 
 966      73656450 
 966      6172616D 
 967 1c19 01       		.byte	0x1
 968 1c1a 10       		.uleb128 0x10
 969 1c1b 634D4355 		.ascii "cMCU_SIMULATION 1\0"
 969      5F53494D 
 969      554C4154 
 969      494F4E20 
 969      3100
 970 1c2d 01       		.byte	0x1
 971 1c2e 11       		.uleb128 0x11
 972 1c2f 634D4355 		.ascii "cMCU_POWERPC 2\0"
 972      5F504F57 
 972      45525043 
 972      203200
 973 1c3e 01       		.byte	0x1
 974 1c3f 12       		.uleb128 0x12
 975 1c40 634D4355 		.ascii "cMCU_X86 3\0"
 975      5F583836 
 975      203300
 976 1c4b 01       		.byte	0x1
 977 1c4c 13       		.uleb128 0x13
 978 1c4d 634D4355 		.ascii "cMCU_CORTEX_M4 4\0"
 978      5F434F52 
 978      5445585F 
 978      4D342034 
 978      00
 979 1c5e 01       		.byte	0x1
 980 1c5f 16       		.uleb128 0x16
GAS LISTING C:\Users\PRESID~1\AppData\Local\Temp\ccHlv0Rz.s 			page 36


 981 1c60 4E525F4F 		.ascii "NR_OF_CORES 1\0"
 981      465F434F 
 981      52455320 
 981      3100
 982 1c6e 01       		.byte	0x1
 983 1c6f 23       		.uleb128 0x23
 984 1c70 44697361 		.ascii "DisableInterrupts() \0"
 984      626C6549 
 984      6E746572 
 984      72757074 
 984      73282920 
 985 1c85 01       		.byte	0x1
 986 1c86 24       		.uleb128 0x24
 987 1c87 456E6162 		.ascii "EnableInterrupts() \0"
 987      6C65496E 
 987      74657272 
 987      75707473 
 987      28292000 
 988 1c9b 01       		.byte	0x1
 989 1c9c 25       		.uleb128 0x25
 990 1c9d 50726976 		.ascii "Privilige_level_save_current() \0"
 990      696C6967 
 990      655F6C65 
 990      76656C5F 
 990      73617665 
 991 1cbd 01       		.byte	0x1
 992 1cbe 26       		.uleb128 0x26
 993 1cbf 50726976 		.ascii "Privilige_level_enter_kernel_mode() \0"
 993      696C6967 
 993      655F6C65 
 993      76656C5F 
 993      656E7465 
 994 1ce4 01       		.byte	0x1
 995 1ce5 27       		.uleb128 0x27
 996 1ce6 50726976 		.ascii "Privilige_level_restore_saved() \0"
 996      696C6967 
 996      655F6C65 
 996      76656C5F 
 996      72657374 
 997 1d07 01       		.byte	0x1
 998 1d08 28       		.uleb128 0x28
 999 1d09 48616C74 		.ascii "HaltMcu() \0"
 999      4D637528 
 999      292000
 1000 1d14 04       		.byte	0x4
 1001              		.file 6 "E:/NeuOrga/Programmieren/c_cpp/github_os/input/src/os_sim/../os_base/../os_sim/lld_global
 1002 1d15 03       		.byte	0x3
 1003 1d16 07       		.uleb128 0x7
 1004 1d17 06       		.uleb128 0x6
 1005 1d18 01       		.byte	0x1
 1006 1d19 02       		.uleb128 0x2
 1007 1d1a 5F6C6C64 		.ascii "_lld_global_h_ \0"
 1007      5F676C6F 
 1007      62616C5F 
 1007      685F2000 
 1008              		.file 7 "E:/NeuOrga/Programmieren/c_cpp/github_os/input/src/os_sim/../os_base/../os_sim/lld_core.h
 1009 1d2a 03       		.byte	0x3
GAS LISTING C:\Users\PRESID~1\AppData\Local\Temp\ccHlv0Rz.s 			page 37


 1010 1d2b 04       		.uleb128 0x4
 1011 1d2c 07       		.uleb128 0x7
 1012 1d2d 01       		.byte	0x1
 1013 1d2e 02       		.uleb128 0x2
 1014 1d2f 5F6C6C64 		.ascii "_lld_core_h_ \0"
 1014      5F636F72 
 1014      655F685F 
 1014      2000
 1015              		.file 8 "E:/NeuOrga/Programmieren/c_cpp/github_os/input/src/os_sim/../os_base/../os_sim/../os_base
 1016 1d3d 03       		.byte	0x3
 1017 1d3e 03       		.uleb128 0x3
 1018 1d3f 08       		.uleb128 0x8
 1019 1d40 04       		.byte	0x4
 1020 1d41 04       		.byte	0x4
 1021              		.file 9 "E:/NeuOrga/Programmieren/c_cpp/github_os/input/src/os_sim/../os_base/../os_sim/lld_adc.h"
 1022 1d42 03       		.byte	0x3
 1023 1d43 05       		.uleb128 0x5
 1024 1d44 09       		.uleb128 0x9
 1025 1d45 01       		.byte	0x1
 1026 1d46 02       		.uleb128 0x2
 1027 1d47 5F6C6C64 		.ascii "_lld_adc_h_ \0"
 1027      5F616463 
 1027      5F685F20 
 1027      00
 1028 1d54 04       		.byte	0x4
 1029              		.file 10 "E:/NeuOrga/Programmieren/c_cpp/github_os/input/src/os_sim/../os_base/../os_sim/lld_can.h
 1030 1d55 03       		.byte	0x3
 1031 1d56 06       		.uleb128 0x6
 1032 1d57 0A       		.uleb128 0xa
 1033 1d58 01       		.byte	0x1
 1034 1d59 02       		.uleb128 0x2
 1035 1d5a 5F6C6C64 		.ascii "_lld_can_h_ \0"
 1035      5F63616E 
 1035      5F685F20 
 1035      00
 1036 1d67 04       		.byte	0x4
 1037              		.file 11 "E:/NeuOrga/Programmieren/c_cpp/github_os/input/src/os_sim/../os_base/../os_sim/lld_gpio.
 1038 1d68 03       		.byte	0x3
 1039 1d69 07       		.uleb128 0x7
 1040 1d6a 0B       		.uleb128 0xb
 1041 1d6b 01       		.byte	0x1
 1042 1d6c 02       		.uleb128 0x2
 1043 1d6d 5F6C6C64 		.ascii "_lld_gpio_h_ \0"
 1043      5F677069 
 1043      6F5F685F 
 1043      2000
 1044 1d7b 04       		.byte	0x4
 1045              		.file 12 "E:/NeuOrga/Programmieren/c_cpp/github_os/input/src/os_sim/../os_base/../os_sim/lld_inter
 1046 1d7c 03       		.byte	0x3
 1047 1d7d 08       		.uleb128 0x8
 1048 1d7e 0C       		.uleb128 0xc
 1049 1d7f 01       		.byte	0x1
 1050 1d80 02       		.uleb128 0x2
 1051 1d81 5F6C6C64 		.ascii "_lld_interrupt_h_ \0"
 1051      5F696E74 
 1051      65727275 
 1051      70745F68 
GAS LISTING C:\Users\PRESID~1\AppData\Local\Temp\ccHlv0Rz.s 			page 38


 1051      5F2000
 1052 1d94 01       		.byte	0x1
 1053 1d95 05       		.uleb128 0x5
 1054 1d96 6F735F69 		.ascii "os_interrupt_swi_1 asm(\"swi 1\")\0"
 1054      6E746572 
 1054      72757074 
 1054      5F737769 
 1054      5F312061 
 1055 1db6 01       		.byte	0x1
 1056 1db7 06       		.uleb128 0x6
 1057 1db8 6F735F69 		.ascii "os_interrupt_swi_2 asm(\"swi 2\")\0"
 1057      6E746572 
 1057      72757074 
 1057      5F737769 
 1057      5F322061 
 1058 1dd8 01       		.byte	0x1
 1059 1dd9 07       		.uleb128 0x7
 1060 1dda 6F735F69 		.ascii "os_interrupt_swi_3 asm(\"swi 3\")\0"
 1060      6E746572 
 1060      72757074 
 1060      5F737769 
 1060      5F332061 
 1061 1dfa 01       		.byte	0x1
 1062 1dfb 08       		.uleb128 0x8
 1063 1dfc 6F735F69 		.ascii "os_interrupt_swi_4 asm(\"swi 4\")\0"
 1063      6E746572 
 1063      72757074 
 1063      5F737769 
 1063      5F342061 
 1064 1e1c 01       		.byte	0x1
 1065 1e1d 09       		.uleb128 0x9
 1066 1e1e 6F735F69 		.ascii "os_interrupt_swi_5 asm(\"swi 5\")\0"
 1066      6E746572 
 1066      72757074 
 1066      5F737769 
 1066      5F352061 
 1067 1e3e 04       		.byte	0x4
 1068              		.file 13 "E:/NeuOrga/Programmieren/c_cpp/github_os/input/src/os_sim/../os_base/../os_sim/lld_mmu.h
 1069 1e3f 03       		.byte	0x3
 1070 1e40 09       		.uleb128 0x9
 1071 1e41 0D       		.uleb128 0xd
 1072 1e42 01       		.byte	0x1
 1073 1e43 02       		.uleb128 0x2
 1074 1e44 5F6C6C64 		.ascii "_lld_mmu_h_ \0"
 1074      5F6D6D75 
 1074      5F685F20 
 1074      00
 1075 1e51 03       		.byte	0x3
 1076 1e52 04       		.uleb128 0x4
 1077 1e53 06       		.uleb128 0x6
 1078 1e54 04       		.byte	0x4
 1079 1e55 04       		.byte	0x4
 1080              		.file 14 "E:/NeuOrga/Programmieren/c_cpp/github_os/input/src/os_sim/../os_base/../os_sim/lld_timer
 1081 1e56 03       		.byte	0x3
 1082 1e57 0A       		.uleb128 0xa
 1083 1e58 0E       		.uleb128 0xe
 1084 1e59 01       		.byte	0x1
GAS LISTING C:\Users\PRESID~1\AppData\Local\Temp\ccHlv0Rz.s 			page 39


 1085 1e5a 02       		.uleb128 0x2
 1086 1e5b 5F6C6C64 		.ascii "_lld_timer_h_ \0"
 1086      5F74696D 
 1086      65725F68 
 1086      5F2000
 1087 1e6a 04       		.byte	0x4
 1088              		.file 15 "E:/NeuOrga/Programmieren/c_cpp/github_os/input/src/os_sim/../os_base/../os_sim/lld_power
 1089 1e6b 03       		.byte	0x3
 1090 1e6c 0B       		.uleb128 0xb
 1091 1e6d 0F       		.uleb128 0xf
 1092 1e6e 01       		.byte	0x1
 1093 1e6f 02       		.uleb128 0x2
 1094 1e70 5F6C6C64 		.ascii "_lld_power_h_ \0"
 1094      5F706F77 
 1094      65725F68 
 1094      5F2000
 1095 1e7f 04       		.byte	0x4
 1096              		.file 16 "E:/NeuOrga/Programmieren/c_cpp/github_os/input/src/os_sim/../os_base/../os_sim/lld_ram.h
 1097 1e80 03       		.byte	0x3
 1098 1e81 0C       		.uleb128 0xc
 1099 1e82 10       		.uleb128 0x10
 1100 1e83 01       		.byte	0x1
 1101 1e84 02       		.uleb128 0x2
 1102 1e85 5F6C6C64 		.ascii "_lld_ram_h_ \0"
 1102      5F72616D 
 1102      5F685F20 
 1102      00
 1103 1e92 04       		.byte	0x4
 1104              		.file 17 "E:/NeuOrga/Programmieren/c_cpp/github_os/input/src/os_sim/../os_base/../os_sim/lld_watch
 1105 1e93 03       		.byte	0x3
 1106 1e94 0D       		.uleb128 0xd
 1107 1e95 11       		.uleb128 0x11
 1108 1e96 01       		.byte	0x1
 1109 1e97 02       		.uleb128 0x2
 1110 1e98 5F6C6C64 		.ascii "_lld_watchdog_h_ \0"
 1110      5F776174 
 1110      6368646F 
 1110      675F685F 
 1110      2000
 1111 1eaa 04       		.byte	0x4
 1112              		.file 18 "E:/NeuOrga/Programmieren/c_cpp/github_os/input/src/os_sim/../os_base/../os_sim/../os_bas
 1113 1eab 03       		.byte	0x3
 1114 1eac 0E       		.uleb128 0xe
 1115 1ead 12       		.uleb128 0x12
 1116 1eae 01       		.byte	0x1
 1117 1eaf 02       		.uleb128 0x2
 1118 1eb0 5F6F735F 		.ascii "_os_task_common_h_ \0"
 1118      7461736B 
 1118      5F636F6D 
 1118      6D6F6E5F 
 1118      685F2000 
 1119              		.file 19 "E:/NeuOrga/Programmieren/c_cpp/github_os/input/src/os_sim/../os_base/../os_sim/../os_bas
 1120 1ec4 03       		.byte	0x3
 1121 1ec5 04       		.uleb128 0x4
 1122 1ec6 13       		.uleb128 0x13
 1123 1ec7 01       		.byte	0x1
 1124 1ec8 02       		.uleb128 0x2
GAS LISTING C:\Users\PRESID~1\AppData\Local\Temp\ccHlv0Rz.s 			page 40


 1125 1ec9 5F6F735F 		.ascii "_os_task_config_h_ \0"
 1125      7461736B 
 1125      5F636F6E 
 1125      6669675F 
 1125      685F2000 
 1126 1edd 01       		.byte	0x1
 1127 1ede 05       		.uleb128 0x5
 1128 1edf 53636865 		.ascii "SchedulerFrequency (1.0e3)\0"
 1128      64756C65 
 1128      72467265 
 1128      7175656E 
 1128      63792028 
 1129 1efa 01       		.byte	0x1
 1130 1efb 06       		.uleb128 0x6
 1131 1efc 4D696E54 		.ascii "MinTimeSlice_s (1.0/SchedulerFrequency)\0"
 1131      696D6553 
 1131      6C696365 
 1131      5F732028 
 1131      312E302F 
 1132 1f24 01       		.byte	0x1
 1133 1f25 07       		.uleb128 0x7
 1134 1f26 4D696E54 		.ascii "MinTimeSlice_us ((1.0/SchedulerFrequency)*1e6)\0"
 1134      696D6553 
 1134      6C696365 
 1134      5F757320 
 1134      2828312E 
 1135 1f55 01       		.byte	0x1
 1136 1f56 08       		.uleb128 0x8
 1137 1f57 5461736B 		.ascii "Task_min_time (1e0)\0"
 1137      5F6D696E 
 1137      5F74696D 
 1137      65202831 
 1137      65302900 
 1138 1f6b 01       		.byte	0x1
 1139 1f6c 09       		.uleb128 0x9
 1140 1f6d 4E554D42 		.ascii "NUMBER_OF_TASKS 5\0"
 1140      45525F4F 
 1140      465F5441 
 1140      534B5320 
 1140      3500
 1141 1f7f 01       		.byte	0x1
 1142 1f80 0A       		.uleb128 0xa
 1143 1f81 4D41585F 		.ascii "MAX_RUN_QUEUE_SIZE (NUMBER_OF_TASKS)\0"
 1143      52554E5F 
 1143      51554555 
 1143      455F5349 
 1143      5A452028 
 1144 1fa6 01       		.byte	0x1
 1145 1fa7 0B       		.uleb128 0xb
 1146 1fa8 4D41585F 		.ascii "MAX_RUN_PQUEUE_SIZE MAX_RUN_QUEUE_SIZE\0"
 1146      52554E5F 
 1146      50515545 
 1146      55455F53 
 1146      495A4520 
 1147 1fcf 01       		.byte	0x1
 1148 1fd0 0D       		.uleb128 0xd
 1149 1fd1 5441534B 		.ascii "TASK_STACK_SIZE 200\0"
GAS LISTING C:\Users\PRESID~1\AppData\Local\Temp\ccHlv0Rz.s 			page 41


 1149      5F535441 
 1149      434B5F53 
 1149      495A4520 
 1149      32303000 
 1150 1fe5 01       		.byte	0x1
 1151 1fe6 10       		.uleb128 0x10
 1152 1fe7 4D535F50 		.ascii "MS_PER_SEC (1000)\0"
 1152      45525F53 
 1152      45432028 
 1152      31303030 
 1152      2900
 1153 1ff9 01       		.byte	0x1
 1154 1ffa 11       		.uleb128 0x11
 1155 1ffb 5553455F 		.ascii "USE_STATIC_CREATED_TASKS True\0"
 1155      53544154 
 1155      49435F43 
 1155      52454154 
 1155      45445F54 
 1156 2019 04       		.byte	0x4
 1157              		.file 20 "E:/NeuOrga/Programmieren/c_cpp/github_os/input/src/os_sim/../os_base/../os_sim/../os_bas
 1158 201a 03       		.byte	0x3
 1159 201b 05       		.uleb128 0x5
 1160 201c 14       		.uleb128 0x14
 1161 201d 01       		.byte	0x1
 1162 201e 02       		.uleb128 0x2
 1163 201f 5F6F735F 		.ascii "_os_init_task_system_h_ \0"
 1163      696E6974 
 1163      5F746173 
 1163      6B5F7379 
 1163      7374656D 
 1164 2038 04       		.byte	0x4
 1165 2039 01       		.byte	0x1
 1166 203a 5C       		.uleb128 0x5c
 1167 203b 6F735F53 		.ascii "os_SaveTaskPtr(task_ptr,task_name) (TASK_PTR[(task_name)] = (task_ptr))\0"
 1167      61766554 
 1167      61736B50 
 1167      74722874 
 1167      61736B5F 
 1168 2083 01       		.byte	0x1
 1169 2084 5D       		.uleb128 0x5d
 1170 2085 6F735F47 		.ascii "os_GetTaskPtr(task_name) ((task_t*) TASK_PTR[(task_name)])\0"
 1170      65745461 
 1170      736B5074 
 1170      72287461 
 1170      736B5F6E 
 1171 20c0 04       		.byte	0x4
 1172 20c1 04       		.byte	0x4
 1173 20c2 04       		.byte	0x4
 1174 20c3 03       		.byte	0x3
 1175 20c4 02       		.uleb128 0x2
 1176 20c5 03       		.uleb128 0x3
 1177 20c6 01       		.byte	0x1
 1178 20c7 02       		.uleb128 0x2
 1179 20c8 5F68616C 		.ascii "_hal_driver_adc_h_ \0"
 1179      5F647269 
 1179      7665725F 
 1179      6164635F 
GAS LISTING C:\Users\PRESID~1\AppData\Local\Temp\ccHlv0Rz.s 			page 42


 1179      685F2000 
 1180 20dc 04       		.byte	0x4
 1181 20dd 04       		.byte	0x4
 1182 20de 00       		.byte	0
 1183              		.section	.debug_line,"dr"
 1184              	Ldebug_line0:
 1185 0000 F0020000 		.section	.debug_str,"dr"
 1185      0200DB02 
 1185      00000101 
 1185      FB0E0D00 
 1185      01010101 
 1186              		.ident	"GCC: (GNU) 4.9.3"
GAS LISTING C:\Users\PRESID~1\AppData\Local\Temp\ccHlv0Rz.s 			page 43


DEFINED SYMBOLS
                            *ABS*:00000000 hal_driver_adc.c
C:\Users\PRESID~1\AppData\Local\Temp\ccHlv0Rz.s:6      .text:00000000 _GET_RAW_ADC_VALUE

NO UNDEFINED SYMBOLS
