GAS LISTING C:\Users\PRESID~1\AppData\Local\Temp\ccrpDnXF.s 			page 1


   1              		.file	"lld_interrupt.c"
   2              		.text
   3              	Ltext0:
   4              		.globl	_LLF_INT_DISABLE
   6              	_LLF_INT_DISABLE:
   7              	LFB0:
   8              		.file 1 "E:/NeuOrga/Programmieren/c_cpp/github_os/input/src/os_sim/lld_interrupt.c"
   1:E:/NeuOrga/Programmieren/c_cpp/github_os/input/src/os_sim\lld_interrupt.c **** #include "..\os_base\os_firstinc.h"
   2:E:/NeuOrga/Programmieren/c_cpp/github_os/input/src/os_sim\lld_interrupt.c **** #include "..\os_drivers\lld_interrupt.h"
   3:E:/NeuOrga/Programmieren/c_cpp/github_os/input/src/os_sim\lld_interrupt.c **** 
   4:E:/NeuOrga/Programmieren/c_cpp/github_os/input/src/os_sim\lld_interrupt.c **** 
   5:E:/NeuOrga/Programmieren/c_cpp/github_os/input/src/os_sim\lld_interrupt.c **** void LLF_INT_DISABLE(void)
   6:E:/NeuOrga/Programmieren/c_cpp/github_os/input/src/os_sim\lld_interrupt.c **** {
   9              		.loc 1 6 0
  10              		.cfi_startproc
  11 0000 55       		pushl	%ebp
  12              		.cfi_def_cfa_offset 8
  13              		.cfi_offset 5, -8
  14 0001 89E5     		movl	%esp, %ebp
  15              		.cfi_def_cfa_register 5
   7:E:/NeuOrga/Programmieren/c_cpp/github_os/input/src/os_sim\lld_interrupt.c **** #if(CFG_PROCESSOR == cMCU_X86)
   8:E:/NeuOrga/Programmieren/c_cpp/github_os/input/src/os_sim\lld_interrupt.c **** #else
   9:E:/NeuOrga/Programmieren/c_cpp/github_os/input/src/os_sim\lld_interrupt.c ****    /* enable interrupts via setting i bit */
  10:E:/NeuOrga/Programmieren/c_cpp/github_os/input/src/os_sim\lld_interrupt.c ****    __asm__ __volatile__ ("cpsid i");
  11:E:/NeuOrga/Programmieren/c_cpp/github_os/input/src/os_sim\lld_interrupt.c **** #endif
  12:E:/NeuOrga/Programmieren/c_cpp/github_os/input/src/os_sim\lld_interrupt.c **** }
  16              		.loc 1 12 0
  17 0003 5D       		popl	%ebp
  18              		.cfi_restore 5
  19              		.cfi_def_cfa 4, 4
  20 0004 C3       		ret
  21              		.cfi_endproc
  22              	LFE0:
  23              		.globl	_LLF_INT_ENABLE
  25              	_LLF_INT_ENABLE:
  26              	LFB1:
  13:E:/NeuOrga/Programmieren/c_cpp/github_os/input/src/os_sim\lld_interrupt.c **** void LLF_INT_ENABLE(void)
  14:E:/NeuOrga/Programmieren/c_cpp/github_os/input/src/os_sim\lld_interrupt.c **** {
  27              		.loc 1 14 0
  28              		.cfi_startproc
  29 0005 55       		pushl	%ebp
  30              		.cfi_def_cfa_offset 8
  31              		.cfi_offset 5, -8
  32 0006 89E5     		movl	%esp, %ebp
  33              		.cfi_def_cfa_register 5
  15:E:/NeuOrga/Programmieren/c_cpp/github_os/input/src/os_sim\lld_interrupt.c **** #if(CFG_PROCESSOR == cMCU_X86)
  16:E:/NeuOrga/Programmieren/c_cpp/github_os/input/src/os_sim\lld_interrupt.c **** #else
  17:E:/NeuOrga/Programmieren/c_cpp/github_os/input/src/os_sim\lld_interrupt.c ****    /* enable interrupts via clearing i bit */
  18:E:/NeuOrga/Programmieren/c_cpp/github_os/input/src/os_sim\lld_interrupt.c ****    __asm__ __volatile__ ("cpsie i");
  19:E:/NeuOrga/Programmieren/c_cpp/github_os/input/src/os_sim\lld_interrupt.c **** #endif
  20:E:/NeuOrga/Programmieren/c_cpp/github_os/input/src/os_sim\lld_interrupt.c **** }
  34              		.loc 1 20 0
  35 0008 5D       		popl	%ebp
  36              		.cfi_restore 5
  37              		.cfi_def_cfa 4, 4
  38 0009 C3       		ret
  39              		.cfi_endproc
GAS LISTING C:\Users\PRESID~1\AppData\Local\Temp\ccrpDnXF.s 			page 2


  40              	LFE1:
  41              		.globl	_LLF_DISABLE_INTERRUPTS_ALL_CORES
  43              	_LLF_DISABLE_INTERRUPTS_ALL_CORES:
  44              	LFB2:
  21:E:/NeuOrga/Programmieren/c_cpp/github_os/input/src/os_sim\lld_interrupt.c **** void LLF_DISABLE_INTERRUPTS_ALL_CORES(void)
  22:E:/NeuOrga/Programmieren/c_cpp/github_os/input/src/os_sim\lld_interrupt.c **** {
  45              		.loc 1 22 0
  46              		.cfi_startproc
  47 000a 55       		pushl	%ebp
  48              		.cfi_def_cfa_offset 8
  49              		.cfi_offset 5, -8
  50 000b 89E5     		movl	%esp, %ebp
  51              		.cfi_def_cfa_register 5
  23:E:/NeuOrga/Programmieren/c_cpp/github_os/input/src/os_sim\lld_interrupt.c ****    /* just single core is supported */
  24:E:/NeuOrga/Programmieren/c_cpp/github_os/input/src/os_sim\lld_interrupt.c ****    LLF_INT_DISABLE();
  52              		.loc 1 24 0
  53 000d E8EEFFFF 		call	_LLF_INT_DISABLE
  53      FF
  25:E:/NeuOrga/Programmieren/c_cpp/github_os/input/src/os_sim\lld_interrupt.c **** }...
  54              		.loc 1 25 0
  55 0012 5D       		popl	%ebp
  56              		.cfi_restore 5
  57              		.cfi_def_cfa 4, 4
  58 0013 C3       		ret
  59              		.cfi_endproc
  60              	LFE2:
  61              	Letext0:
  62              		.section	.debug_info,"dr"
  63              	Ldebug_info0:
  64 0000 40010000 		.long	0x140
  65 0004 0400     		.word	0x4
  66 0006 00000000 		.secrel32	Ldebug_abbrev0
  67 000a 04       		.byte	0x4
  68 000b 01       		.uleb128 0x1
  69 000c 474E5520 		.ascii "GNU C 4.9.3 -march=i386 -g3 -O0 -std=c90\0"
  69      4320342E 
  69      392E3320 
  69      2D6D6172 
  69      63683D69 
  70 0035 01       		.byte	0x1
  71 0036 453A5C4E 		.ascii "E:\\NeuOrga\\Programmieren\\c_cpp\\github_os\\input\\src\\os_sim\\lld_interrupt.c\0"
  71      65754F72 
  71      67615C50 
  71      726F6772 
  71      616D6D69 
  72 0080 00000000 		.long	Ltext0
  73 0084 14000000 		.long	Letext0-Ltext0
  74 0088 00000000 		.secrel32	Ldebug_line0
  75 008c 00000000 		.secrel32	Ldebug_macro0
  76 0090 02       		.uleb128 0x2
  77 0091 01       		.byte	0x1
  78 0092 08       		.byte	0x8
  79 0093 756E7369 		.ascii "unsigned char\0"
  79      676E6564 
  79      20636861 
  79      7200
  80 00a1 02       		.uleb128 0x2
GAS LISTING C:\Users\PRESID~1\AppData\Local\Temp\ccrpDnXF.s 			page 3


  81 00a2 02       		.byte	0x2
  82 00a3 07       		.byte	0x7
  83 00a4 73686F72 		.ascii "short unsigned int\0"
  83      7420756E 
  83      7369676E 
  83      65642069 
  83      6E7400
  84 00b7 02       		.uleb128 0x2
  85 00b8 04       		.byte	0x4
  86 00b9 07       		.byte	0x7
  87 00ba 6C6F6E67 		.ascii "long unsigned int\0"
  87      20756E73 
  87      69676E65 
  87      6420696E 
  87      7400
  88 00cc 02       		.uleb128 0x2
  89 00cd 04       		.byte	0x4
  90 00ce 07       		.byte	0x7
  91 00cf 756E7369 		.ascii "unsigned int\0"
  91      676E6564 
  91      20696E74 
  91      00
  92 00dc 03       		.uleb128 0x3
  93 00dd 4C4C465F 		.ascii "LLF_INT_DISABLE\0"
  93      494E545F 
  93      44495341 
  93      424C4500 
  94 00ed 01       		.byte	0x1
  95 00ee 05       		.byte	0x5
  96 00ef 00000000 		.long	LFB0
  97 00f3 05000000 		.long	LFE0-LFB0
  98 00f7 01       		.uleb128 0x1
  99 00f8 9C       		.byte	0x9c
 100 00f9 03       		.uleb128 0x3
 101 00fa 4C4C465F 		.ascii "LLF_INT_ENABLE\0"
 101      494E545F 
 101      454E4142 
 101      4C4500
 102 0109 01       		.byte	0x1
 103 010a 0D       		.byte	0xd
 104 010b 05000000 		.long	LFB1
 105 010f 05000000 		.long	LFE1-LFB1
 106 0113 01       		.uleb128 0x1
 107 0114 9C       		.byte	0x9c
 108 0115 04       		.uleb128 0x4
 109 0116 4C4C465F 		.ascii "LLF_DISABLE_INTERRUPTS_ALL_CORES\0"
 109      44495341 
 109      424C455F 
 109      494E5445 
 109      52525550 
 110 0137 01       		.byte	0x1
 111 0138 15       		.byte	0x15
 112 0139 0A000000 		.long	LFB2
 113 013d 0A000000 		.long	LFE2-LFB2
 114 0141 01       		.uleb128 0x1
 115 0142 9C       		.byte	0x9c
 116 0143 00       		.byte	0
GAS LISTING C:\Users\PRESID~1\AppData\Local\Temp\ccrpDnXF.s 			page 4


 117              		.section	.debug_abbrev,"dr"
 118              	Ldebug_abbrev0:
 119 0000 01       		.uleb128 0x1
 120 0001 11       		.uleb128 0x11
 121 0002 01       		.byte	0x1
 122 0003 25       		.uleb128 0x25
 123 0004 08       		.uleb128 0x8
 124 0005 13       		.uleb128 0x13
 125 0006 0B       		.uleb128 0xb
 126 0007 03       		.uleb128 0x3
 127 0008 08       		.uleb128 0x8
 128 0009 11       		.uleb128 0x11
 129 000a 01       		.uleb128 0x1
 130 000b 12       		.uleb128 0x12
 131 000c 06       		.uleb128 0x6
 132 000d 10       		.uleb128 0x10
 133 000e 17       		.uleb128 0x17
 134 000f 9942     		.uleb128 0x2119
 135 0011 17       		.uleb128 0x17
 136 0012 00       		.byte	0
 137 0013 00       		.byte	0
 138 0014 02       		.uleb128 0x2
 139 0015 24       		.uleb128 0x24
 140 0016 00       		.byte	0
 141 0017 0B       		.uleb128 0xb
 142 0018 0B       		.uleb128 0xb
 143 0019 3E       		.uleb128 0x3e
 144 001a 0B       		.uleb128 0xb
 145 001b 03       		.uleb128 0x3
 146 001c 08       		.uleb128 0x8
 147 001d 00       		.byte	0
 148 001e 00       		.byte	0
 149 001f 03       		.uleb128 0x3
 150 0020 2E       		.uleb128 0x2e
 151 0021 00       		.byte	0
 152 0022 3F       		.uleb128 0x3f
 153 0023 19       		.uleb128 0x19
 154 0024 03       		.uleb128 0x3
 155 0025 08       		.uleb128 0x8
 156 0026 3A       		.uleb128 0x3a
 157 0027 0B       		.uleb128 0xb
 158 0028 3B       		.uleb128 0x3b
 159 0029 0B       		.uleb128 0xb
 160 002a 27       		.uleb128 0x27
 161 002b 19       		.uleb128 0x19
 162 002c 11       		.uleb128 0x11
 163 002d 01       		.uleb128 0x1
 164 002e 12       		.uleb128 0x12
 165 002f 06       		.uleb128 0x6
 166 0030 40       		.uleb128 0x40
 167 0031 18       		.uleb128 0x18
 168 0032 9742     		.uleb128 0x2117
 169 0034 19       		.uleb128 0x19
 170 0035 00       		.byte	0
 171 0036 00       		.byte	0
 172 0037 04       		.uleb128 0x4
 173 0038 2E       		.uleb128 0x2e
GAS LISTING C:\Users\PRESID~1\AppData\Local\Temp\ccrpDnXF.s 			page 5


 174 0039 00       		.byte	0
 175 003a 3F       		.uleb128 0x3f
 176 003b 19       		.uleb128 0x19
 177 003c 03       		.uleb128 0x3
 178 003d 08       		.uleb128 0x8
 179 003e 3A       		.uleb128 0x3a
 180 003f 0B       		.uleb128 0xb
 181 0040 3B       		.uleb128 0x3b
 182 0041 0B       		.uleb128 0xb
 183 0042 27       		.uleb128 0x27
 184 0043 19       		.uleb128 0x19
 185 0044 11       		.uleb128 0x11
 186 0045 01       		.uleb128 0x1
 187 0046 12       		.uleb128 0x12
 188 0047 06       		.uleb128 0x6
 189 0048 40       		.uleb128 0x40
 190 0049 18       		.uleb128 0x18
 191 004a 9642     		.uleb128 0x2116
 192 004c 19       		.uleb128 0x19
 193 004d 00       		.byte	0
 194 004e 00       		.byte	0
 195 004f 00       		.byte	0
 196              		.section	.debug_aranges,"dr"
 197 0000 1C000000 		.long	0x1c
 198 0004 0200     		.word	0x2
 199 0006 00000000 		.secrel32	Ldebug_info0
 200 000a 04       		.byte	0x4
 201 000b 00       		.byte	0
 202 000c 0000     		.word	0
 203 000e 0000     		.word	0
 204 0010 00000000 		.long	Ltext0
 205 0014 14000000 		.long	Letext0-Ltext0
 206 0018 00000000 		.long	0
 207 001c 00000000 		.long	0
 208              		.section	.debug_macro,"dr"
 209              	Ldebug_macro0:
 210 0000 0400     		.word	0x4
 211 0002 02       		.byte	0x2
 212 0003 00000000 		.secrel32	Ldebug_line0
 213 0007 01       		.byte	0x1
 214 0008 00       		.uleb128 0
 215 0009 5F5F5354 		.ascii "__STDC__ 1\0"
 215      44435F5F 
 215      203100
 216 0014 01       		.byte	0x1
 217 0015 00       		.uleb128 0
 218 0016 5F5F5354 		.ascii "__STDC_HOSTED__ 1\0"
 218      44435F48 
 218      4F535445 
 218      445F5F20 
 218      3100
 219 0028 01       		.byte	0x1
 220 0029 00       		.uleb128 0
 221 002a 5F5F474E 		.ascii "__GNUC__ 4\0"
 221      55435F5F 
 221      203400
 222 0035 01       		.byte	0x1
GAS LISTING C:\Users\PRESID~1\AppData\Local\Temp\ccrpDnXF.s 			page 6


 223 0036 00       		.uleb128 0
 224 0037 5F5F474E 		.ascii "__GNUC_MINOR__ 9\0"
 224      55435F4D 
 224      494E4F52 
 224      5F5F2039 
 224      00
 225 0048 01       		.byte	0x1
 226 0049 00       		.uleb128 0
 227 004a 5F5F474E 		.ascii "__GNUC_PATCHLEVEL__ 3\0"
 227      55435F50 
 227      41544348 
 227      4C455645 
 227      4C5F5F20 
 228 0060 01       		.byte	0x1
 229 0061 00       		.uleb128 0
 230 0062 5F5F5645 		.ascii "__VERSION__ \"4.9.3\"\0"
 230      5253494F 
 230      4E5F5F20 
 230      22342E39 
 230      2E332200 
 231 0076 01       		.byte	0x1
 232 0077 00       		.uleb128 0
 233 0078 5F5F4154 		.ascii "__ATOMIC_RELAXED 0\0"
 233      4F4D4943 
 233      5F52454C 
 233      41584544 
 233      203000
 234 008b 01       		.byte	0x1
 235 008c 00       		.uleb128 0
 236 008d 5F5F4154 		.ascii "__ATOMIC_SEQ_CST 5\0"
 236      4F4D4943 
 236      5F534551 
 236      5F435354 
 236      203500
 237 00a0 01       		.byte	0x1
 238 00a1 00       		.uleb128 0
 239 00a2 5F5F4154 		.ascii "__ATOMIC_ACQUIRE 2\0"
 239      4F4D4943 
 239      5F414351 
 239      55495245 
 239      203200
 240 00b5 01       		.byte	0x1
 241 00b6 00       		.uleb128 0
 242 00b7 5F5F4154 		.ascii "__ATOMIC_RELEASE 3\0"
 242      4F4D4943 
 242      5F52454C 
 242      45415345 
 242      203300
 243 00ca 01       		.byte	0x1
 244 00cb 00       		.uleb128 0
 245 00cc 5F5F4154 		.ascii "__ATOMIC_ACQ_REL 4\0"
 245      4F4D4943 
 245      5F414351 
 245      5F52454C 
 245      203400
 246 00df 01       		.byte	0x1
 247 00e0 00       		.uleb128 0
GAS LISTING C:\Users\PRESID~1\AppData\Local\Temp\ccrpDnXF.s 			page 7


 248 00e1 5F5F4154 		.ascii "__ATOMIC_CONSUME 1\0"
 248      4F4D4943 
 248      5F434F4E 
 248      53554D45 
 248      203100
 249 00f4 01       		.byte	0x1
 250 00f5 00       		.uleb128 0
 251 00f6 5F5F4649 		.ascii "__FINITE_MATH_ONLY__ 0\0"
 251      4E495445 
 251      5F4D4154 
 251      485F4F4E 
 251      4C595F5F 
 252 010d 01       		.byte	0x1
 253 010e 00       		.uleb128 0
 254 010f 5F5F5349 		.ascii "__SIZEOF_INT__ 4\0"
 254      5A454F46 
 254      5F494E54 
 254      5F5F2034 
 254      00
 255 0120 01       		.byte	0x1
 256 0121 00       		.uleb128 0
 257 0122 5F5F5349 		.ascii "__SIZEOF_LONG__ 4\0"
 257      5A454F46 
 257      5F4C4F4E 
 257      475F5F20 
 257      3400
 258 0134 01       		.byte	0x1
 259 0135 00       		.uleb128 0
 260 0136 5F5F5349 		.ascii "__SIZEOF_LONG_LONG__ 8\0"
 260      5A454F46 
 260      5F4C4F4E 
 260      475F4C4F 
 260      4E475F5F 
 261 014d 01       		.byte	0x1
 262 014e 00       		.uleb128 0
 263 014f 5F5F5349 		.ascii "__SIZEOF_SHORT__ 2\0"
 263      5A454F46 
 263      5F53484F 
 263      52545F5F 
 263      203200
 264 0162 01       		.byte	0x1
 265 0163 00       		.uleb128 0
 266 0164 5F5F5349 		.ascii "__SIZEOF_FLOAT__ 4\0"
 266      5A454F46 
 266      5F464C4F 
 266      41545F5F 
 266      203400
 267 0177 01       		.byte	0x1
 268 0178 00       		.uleb128 0
 269 0179 5F5F5349 		.ascii "__SIZEOF_DOUBLE__ 8\0"
 269      5A454F46 
 269      5F444F55 
 269      424C455F 
 269      5F203800 
 270 018d 01       		.byte	0x1
 271 018e 00       		.uleb128 0
 272 018f 5F5F5349 		.ascii "__SIZEOF_LONG_DOUBLE__ 12\0"
GAS LISTING C:\Users\PRESID~1\AppData\Local\Temp\ccrpDnXF.s 			page 8


 272      5A454F46 
 272      5F4C4F4E 
 272      475F444F 
 272      55424C45 
 273 01a9 01       		.byte	0x1
 274 01aa 00       		.uleb128 0
 275 01ab 5F5F5349 		.ascii "__SIZEOF_SIZE_T__ 4\0"
 275      5A454F46 
 275      5F53495A 
 275      455F545F 
 275      5F203400 
 276 01bf 01       		.byte	0x1
 277 01c0 00       		.uleb128 0
 278 01c1 5F5F4348 		.ascii "__CHAR_BIT__ 8\0"
 278      41525F42 
 278      49545F5F 
 278      203800
 279 01d0 01       		.byte	0x1
 280 01d1 00       		.uleb128 0
 281 01d2 5F5F4249 		.ascii "__BIGGEST_ALIGNMENT__ 16\0"
 281      47474553 
 281      545F414C 
 281      49474E4D 
 281      454E545F 
 282 01eb 01       		.byte	0x1
 283 01ec 00       		.uleb128 0
 284 01ed 5F5F4F52 		.ascii "__ORDER_LITTLE_ENDIAN__ 1234\0"
 284      4445525F 
 284      4C495454 
 284      4C455F45 
 284      4E444941 
 285 020a 01       		.byte	0x1
 286 020b 00       		.uleb128 0
 287 020c 5F5F4F52 		.ascii "__ORDER_BIG_ENDIAN__ 4321\0"
 287      4445525F 
 287      4249475F 
 287      454E4449 
 287      414E5F5F 
 288 0226 01       		.byte	0x1
 289 0227 00       		.uleb128 0
 290 0228 5F5F4F52 		.ascii "__ORDER_PDP_ENDIAN__ 3412\0"
 290      4445525F 
 290      5044505F 
 290      454E4449 
 290      414E5F5F 
 291 0242 01       		.byte	0x1
 292 0243 00       		.uleb128 0
 293 0244 5F5F4259 		.ascii "__BYTE_ORDER__ __ORDER_LITTLE_ENDIAN__\0"
 293      54455F4F 
 293      52444552 
 293      5F5F205F 
 293      5F4F5244 
 294 026b 01       		.byte	0x1
 295 026c 00       		.uleb128 0
 296 026d 5F5F464C 		.ascii "__FLOAT_WORD_ORDER__ __ORDER_LITTLE_ENDIAN__\0"
 296      4F41545F 
 296      574F5244 
GAS LISTING C:\Users\PRESID~1\AppData\Local\Temp\ccrpDnXF.s 			page 9


 296      5F4F5244 
 296      45525F5F 
 297 029a 01       		.byte	0x1
 298 029b 00       		.uleb128 0
 299 029c 5F5F5349 		.ascii "__SIZEOF_POINTER__ 4\0"
 299      5A454F46 
 299      5F504F49 
 299      4E544552 
 299      5F5F2034 
 300 02b1 01       		.byte	0x1
 301 02b2 00       		.uleb128 0
 302 02b3 5F5F5349 		.ascii "__SIZE_TYPE__ unsigned int\0"
 302      5A455F54 
 302      5950455F 
 302      5F20756E 
 302      7369676E 
 303 02ce 01       		.byte	0x1
 304 02cf 00       		.uleb128 0
 305 02d0 5F5F5054 		.ascii "__PTRDIFF_TYPE__ int\0"
 305      52444946 
 305      465F5459 
 305      50455F5F 
 305      20696E74 
 306 02e5 01       		.byte	0x1
 307 02e6 00       		.uleb128 0
 308 02e7 5F5F5743 		.ascii "__WCHAR_TYPE__ short unsigned int\0"
 308      4841525F 
 308      54595045 
 308      5F5F2073 
 308      686F7274 
 309 0309 01       		.byte	0x1
 310 030a 00       		.uleb128 0
 311 030b 5F5F5749 		.ascii "__WINT_TYPE__ short unsigned int\0"
 311      4E545F54 
 311      5950455F 
 311      5F207368 
 311      6F727420 
 312 032c 01       		.byte	0x1
 313 032d 00       		.uleb128 0
 314 032e 5F5F494E 		.ascii "__INTMAX_TYPE__ long long int\0"
 314      544D4158 
 314      5F545950 
 314      455F5F20 
 314      6C6F6E67 
 315 034c 01       		.byte	0x1
 316 034d 00       		.uleb128 0
 317 034e 5F5F5549 		.ascii "__UINTMAX_TYPE__ long long unsigned int\0"
 317      4E544D41 
 317      585F5459 
 317      50455F5F 
 317      206C6F6E 
 318 0376 01       		.byte	0x1
 319 0377 00       		.uleb128 0
 320 0378 5F5F4348 		.ascii "__CHAR16_TYPE__ short unsigned int\0"
 320      41523136 
 320      5F545950 
 320      455F5F20 
GAS LISTING C:\Users\PRESID~1\AppData\Local\Temp\ccrpDnXF.s 			page 10


 320      73686F72 
 321 039b 01       		.byte	0x1
 322 039c 00       		.uleb128 0
 323 039d 5F5F4348 		.ascii "__CHAR32_TYPE__ unsigned int\0"
 323      41523332 
 323      5F545950 
 323      455F5F20 
 323      756E7369 
 324 03ba 01       		.byte	0x1
 325 03bb 00       		.uleb128 0
 326 03bc 5F5F5349 		.ascii "__SIG_ATOMIC_TYPE__ int\0"
 326      475F4154 
 326      4F4D4943 
 326      5F545950 
 326      455F5F20 
 327 03d4 01       		.byte	0x1
 328 03d5 00       		.uleb128 0
 329 03d6 5F5F494E 		.ascii "__INT8_TYPE__ signed char\0"
 329      54385F54 
 329      5950455F 
 329      5F207369 
 329      676E6564 
 330 03f0 01       		.byte	0x1
 331 03f1 00       		.uleb128 0
 332 03f2 5F5F494E 		.ascii "__INT16_TYPE__ short int\0"
 332      5431365F 
 332      54595045 
 332      5F5F2073 
 332      686F7274 
 333 040b 01       		.byte	0x1
 334 040c 00       		.uleb128 0
 335 040d 5F5F494E 		.ascii "__INT32_TYPE__ int\0"
 335      5433325F 
 335      54595045 
 335      5F5F2069 
 335      6E7400
 336 0420 01       		.byte	0x1
 337 0421 00       		.uleb128 0
 338 0422 5F5F494E 		.ascii "__INT64_TYPE__ long long int\0"
 338      5436345F 
 338      54595045 
 338      5F5F206C 
 338      6F6E6720 
 339 043f 01       		.byte	0x1
 340 0440 00       		.uleb128 0
 341 0441 5F5F5549 		.ascii "__UINT8_TYPE__ unsigned char\0"
 341      4E54385F 
 341      54595045 
 341      5F5F2075 
 341      6E736967 
 342 045e 01       		.byte	0x1
 343 045f 00       		.uleb128 0
 344 0460 5F5F5549 		.ascii "__UINT16_TYPE__ short unsigned int\0"
 344      4E543136 
 344      5F545950 
 344      455F5F20 
 344      73686F72 
GAS LISTING C:\Users\PRESID~1\AppData\Local\Temp\ccrpDnXF.s 			page 11


 345 0483 01       		.byte	0x1
 346 0484 00       		.uleb128 0
 347 0485 5F5F5549 		.ascii "__UINT32_TYPE__ unsigned int\0"
 347      4E543332 
 347      5F545950 
 347      455F5F20 
 347      756E7369 
 348 04a2 01       		.byte	0x1
 349 04a3 00       		.uleb128 0
 350 04a4 5F5F5549 		.ascii "__UINT64_TYPE__ long long unsigned int\0"
 350      4E543634 
 350      5F545950 
 350      455F5F20 
 350      6C6F6E67 
 351 04cb 01       		.byte	0x1
 352 04cc 00       		.uleb128 0
 353 04cd 5F5F494E 		.ascii "__INT_LEAST8_TYPE__ signed char\0"
 353      545F4C45 
 353      41535438 
 353      5F545950 
 353      455F5F20 
 354 04ed 01       		.byte	0x1
 355 04ee 00       		.uleb128 0
 356 04ef 5F5F494E 		.ascii "__INT_LEAST16_TYPE__ short int\0"
 356      545F4C45 
 356      41535431 
 356      365F5459 
 356      50455F5F 
 357 050e 01       		.byte	0x1
 358 050f 00       		.uleb128 0
 359 0510 5F5F494E 		.ascii "__INT_LEAST32_TYPE__ int\0"
 359      545F4C45 
 359      41535433 
 359      325F5459 
 359      50455F5F 
 360 0529 01       		.byte	0x1
 361 052a 00       		.uleb128 0
 362 052b 5F5F494E 		.ascii "__INT_LEAST64_TYPE__ long long int\0"
 362      545F4C45 
 362      41535436 
 362      345F5459 
 362      50455F5F 
 363 054e 01       		.byte	0x1
 364 054f 00       		.uleb128 0
 365 0550 5F5F5549 		.ascii "__UINT_LEAST8_TYPE__ unsigned char\0"
 365      4E545F4C 
 365      45415354 
 365      385F5459 
 365      50455F5F 
 366 0573 01       		.byte	0x1
 367 0574 00       		.uleb128 0
 368 0575 5F5F5549 		.ascii "__UINT_LEAST16_TYPE__ short unsigned int\0"
 368      4E545F4C 
 368      45415354 
 368      31365F54 
 368      5950455F 
 369 059e 01       		.byte	0x1
GAS LISTING C:\Users\PRESID~1\AppData\Local\Temp\ccrpDnXF.s 			page 12


 370 059f 00       		.uleb128 0
 371 05a0 5F5F5549 		.ascii "__UINT_LEAST32_TYPE__ unsigned int\0"
 371      4E545F4C 
 371      45415354 
 371      33325F54 
 371      5950455F 
 372 05c3 01       		.byte	0x1
 373 05c4 00       		.uleb128 0
 374 05c5 5F5F5549 		.ascii "__UINT_LEAST64_TYPE__ long long unsigned int\0"
 374      4E545F4C 
 374      45415354 
 374      36345F54 
 374      5950455F 
 375 05f2 01       		.byte	0x1
 376 05f3 00       		.uleb128 0
 377 05f4 5F5F494E 		.ascii "__INT_FAST8_TYPE__ signed char\0"
 377      545F4641 
 377      5354385F 
 377      54595045 
 377      5F5F2073 
 378 0613 01       		.byte	0x1
 379 0614 00       		.uleb128 0
 380 0615 5F5F494E 		.ascii "__INT_FAST16_TYPE__ short int\0"
 380      545F4641 
 380      53543136 
 380      5F545950 
 380      455F5F20 
 381 0633 01       		.byte	0x1
 382 0634 00       		.uleb128 0
 383 0635 5F5F494E 		.ascii "__INT_FAST32_TYPE__ int\0"
 383      545F4641 
 383      53543332 
 383      5F545950 
 383      455F5F20 
 384 064d 01       		.byte	0x1
 385 064e 00       		.uleb128 0
 386 064f 5F5F494E 		.ascii "__INT_FAST64_TYPE__ long long int\0"
 386      545F4641 
 386      53543634 
 386      5F545950 
 386      455F5F20 
 387 0671 01       		.byte	0x1
 388 0672 00       		.uleb128 0
 389 0673 5F5F5549 		.ascii "__UINT_FAST8_TYPE__ unsigned char\0"
 389      4E545F46 
 389      41535438 
 389      5F545950 
 389      455F5F20 
 390 0695 01       		.byte	0x1
 391 0696 00       		.uleb128 0
 392 0697 5F5F5549 		.ascii "__UINT_FAST16_TYPE__ short unsigned int\0"
 392      4E545F46 
 392      41535431 
 392      365F5459 
 392      50455F5F 
 393 06bf 01       		.byte	0x1
 394 06c0 00       		.uleb128 0
GAS LISTING C:\Users\PRESID~1\AppData\Local\Temp\ccrpDnXF.s 			page 13


 395 06c1 5F5F5549 		.ascii "__UINT_FAST32_TYPE__ unsigned int\0"
 395      4E545F46 
 395      41535433 
 395      325F5459 
 395      50455F5F 
 396 06e3 01       		.byte	0x1
 397 06e4 00       		.uleb128 0
 398 06e5 5F5F5549 		.ascii "__UINT_FAST64_TYPE__ long long unsigned int\0"
 398      4E545F46 
 398      41535436 
 398      345F5459 
 398      50455F5F 
 399 0711 01       		.byte	0x1
 400 0712 00       		.uleb128 0
 401 0713 5F5F494E 		.ascii "__INTPTR_TYPE__ int\0"
 401      54505452 
 401      5F545950 
 401      455F5F20 
 401      696E7400 
 402 0727 01       		.byte	0x1
 403 0728 00       		.uleb128 0
 404 0729 5F5F5549 		.ascii "__UINTPTR_TYPE__ unsigned int\0"
 404      4E545054 
 404      525F5459 
 404      50455F5F 
 404      20756E73 
 405 0747 01       		.byte	0x1
 406 0748 00       		.uleb128 0
 407 0749 5F5F6861 		.ascii "__has_include(STR) __has_include__(STR)\0"
 407      735F696E 
 407      636C7564 
 407      65285354 
 407      5229205F 
 408 0771 01       		.byte	0x1
 409 0772 00       		.uleb128 0
 410 0773 5F5F6861 		.ascii "__has_include_next(STR) __has_include_next__(STR)\0"
 410      735F696E 
 410      636C7564 
 410      655F6E65 
 410      78742853 
 411 07a5 01       		.byte	0x1
 412 07a6 00       		.uleb128 0
 413 07a7 5F5F4758 		.ascii "__GXX_ABI_VERSION 1002\0"
 413      585F4142 
 413      495F5645 
 413      5253494F 
 413      4E203130 
 414 07be 01       		.byte	0x1
 415 07bf 00       		.uleb128 0
 416 07c0 5F5F5343 		.ascii "__SCHAR_MAX__ 127\0"
 416      4841525F 
 416      4D41585F 
 416      5F203132 
 416      3700
 417 07d2 01       		.byte	0x1
 418 07d3 00       		.uleb128 0
 419 07d4 5F5F5348 		.ascii "__SHRT_MAX__ 32767\0"
GAS LISTING C:\Users\PRESID~1\AppData\Local\Temp\ccrpDnXF.s 			page 14


 419      52545F4D 
 419      41585F5F 
 419      20333237 
 419      363700
 420 07e7 01       		.byte	0x1
 421 07e8 00       		.uleb128 0
 422 07e9 5F5F494E 		.ascii "__INT_MAX__ 2147483647\0"
 422      545F4D41 
 422      585F5F20 
 422      32313437 
 422      34383336 
 423 0800 01       		.byte	0x1
 424 0801 00       		.uleb128 0
 425 0802 5F5F4C4F 		.ascii "__LONG_MAX__ 2147483647L\0"
 425      4E475F4D 
 425      41585F5F 
 425      20323134 
 425      37343833 
 426 081b 01       		.byte	0x1
 427 081c 00       		.uleb128 0
 428 081d 5F5F4C4F 		.ascii "__LONG_LONG_MAX__ 9223372036854775807LL\0"
 428      4E475F4C 
 428      4F4E475F 
 428      4D41585F 
 428      5F203932 
 429 0845 01       		.byte	0x1
 430 0846 00       		.uleb128 0
 431 0847 5F5F5743 		.ascii "__WCHAR_MAX__ 65535\0"
 431      4841525F 
 431      4D41585F 
 431      5F203635 
 431      35333500 
 432 085b 01       		.byte	0x1
 433 085c 00       		.uleb128 0
 434 085d 5F5F5743 		.ascii "__WCHAR_MIN__ 0\0"
 434      4841525F 
 434      4D494E5F 
 434      5F203000 
 435 086d 01       		.byte	0x1
 436 086e 00       		.uleb128 0
 437 086f 5F5F5749 		.ascii "__WINT_MAX__ 65535\0"
 437      4E545F4D 
 437      41585F5F 
 437      20363535 
 437      333500
 438 0882 01       		.byte	0x1
 439 0883 00       		.uleb128 0
 440 0884 5F5F5749 		.ascii "__WINT_MIN__ 0\0"
 440      4E545F4D 
 440      494E5F5F 
 440      203000
 441 0893 01       		.byte	0x1
 442 0894 00       		.uleb128 0
 443 0895 5F5F5054 		.ascii "__PTRDIFF_MAX__ 2147483647\0"
 443      52444946 
 443      465F4D41 
 443      585F5F20 
GAS LISTING C:\Users\PRESID~1\AppData\Local\Temp\ccrpDnXF.s 			page 15


 443      32313437 
 444 08b0 01       		.byte	0x1
 445 08b1 00       		.uleb128 0
 446 08b2 5F5F5349 		.ascii "__SIZE_MAX__ 4294967295U\0"
 446      5A455F4D 
 446      41585F5F 
 446      20343239 
 446      34393637 
 447 08cb 01       		.byte	0x1
 448 08cc 00       		.uleb128 0
 449 08cd 5F5F494E 		.ascii "__INTMAX_MAX__ 9223372036854775807LL\0"
 449      544D4158 
 449      5F4D4158 
 449      5F5F2039 
 449      32323333 
 450 08f2 01       		.byte	0x1
 451 08f3 00       		.uleb128 0
 452 08f4 5F5F494E 		.ascii "__INTMAX_C(c) c ## LL\0"
 452      544D4158 
 452      5F432863 
 452      29206320 
 452      2323204C 
 453 090a 01       		.byte	0x1
 454 090b 00       		.uleb128 0
 455 090c 5F5F5549 		.ascii "__UINTMAX_MAX__ 18446744073709551615ULL\0"
 455      4E544D41 
 455      585F4D41 
 455      585F5F20 
 455      31383434 
 456 0934 01       		.byte	0x1
 457 0935 00       		.uleb128 0
 458 0936 5F5F5549 		.ascii "__UINTMAX_C(c) c ## ULL\0"
 458      4E544D41 
 458      585F4328 
 458      63292063 
 458      20232320 
 459 094e 01       		.byte	0x1
 460 094f 00       		.uleb128 0
 461 0950 5F5F5349 		.ascii "__SIG_ATOMIC_MAX__ 2147483647\0"
 461      475F4154 
 461      4F4D4943 
 461      5F4D4158 
 461      5F5F2032 
 462 096e 01       		.byte	0x1
 463 096f 00       		.uleb128 0
 464 0970 5F5F5349 		.ascii "__SIG_ATOMIC_MIN__ (-__SIG_ATOMIC_MAX__ - 1)\0"
 464      475F4154 
 464      4F4D4943 
 464      5F4D494E 
 464      5F5F2028 
 465 099d 01       		.byte	0x1
 466 099e 00       		.uleb128 0
 467 099f 5F5F494E 		.ascii "__INT8_MAX__ 127\0"
 467      54385F4D 
 467      41585F5F 
 467      20313237 
 467      00
GAS LISTING C:\Users\PRESID~1\AppData\Local\Temp\ccrpDnXF.s 			page 16


 468 09b0 01       		.byte	0x1
 469 09b1 00       		.uleb128 0
 470 09b2 5F5F494E 		.ascii "__INT16_MAX__ 32767\0"
 470      5431365F 
 470      4D41585F 
 470      5F203332 
 470      37363700 
 471 09c6 01       		.byte	0x1
 472 09c7 00       		.uleb128 0
 473 09c8 5F5F494E 		.ascii "__INT32_MAX__ 2147483647\0"
 473      5433325F 
 473      4D41585F 
 473      5F203231 
 473      34373438 
 474 09e1 01       		.byte	0x1
 475 09e2 00       		.uleb128 0
 476 09e3 5F5F494E 		.ascii "__INT64_MAX__ 9223372036854775807LL\0"
 476      5436345F 
 476      4D41585F 
 476      5F203932 
 476      32333337 
 477 0a07 01       		.byte	0x1
 478 0a08 00       		.uleb128 0
 479 0a09 5F5F5549 		.ascii "__UINT8_MAX__ 255\0"
 479      4E54385F 
 479      4D41585F 
 479      5F203235 
 479      3500
 480 0a1b 01       		.byte	0x1
 481 0a1c 00       		.uleb128 0
 482 0a1d 5F5F5549 		.ascii "__UINT16_MAX__ 65535\0"
 482      4E543136 
 482      5F4D4158 
 482      5F5F2036 
 482      35353335 
 483 0a32 01       		.byte	0x1
 484 0a33 00       		.uleb128 0
 485 0a34 5F5F5549 		.ascii "__UINT32_MAX__ 4294967295U\0"
 485      4E543332 
 485      5F4D4158 
 485      5F5F2034 
 485      32393439 
 486 0a4f 01       		.byte	0x1
 487 0a50 00       		.uleb128 0
 488 0a51 5F5F5549 		.ascii "__UINT64_MAX__ 18446744073709551615ULL\0"
 488      4E543634 
 488      5F4D4158 
 488      5F5F2031 
 488      38343436 
 489 0a78 01       		.byte	0x1
 490 0a79 00       		.uleb128 0
 491 0a7a 5F5F494E 		.ascii "__INT_LEAST8_MAX__ 127\0"
 491      545F4C45 
 491      41535438 
 491      5F4D4158 
 491      5F5F2031 
 492 0a91 01       		.byte	0x1
GAS LISTING C:\Users\PRESID~1\AppData\Local\Temp\ccrpDnXF.s 			page 17


 493 0a92 00       		.uleb128 0
 494 0a93 5F5F494E 		.ascii "__INT8_C(c) c\0"
 494      54385F43 
 494      28632920 
 494      6300
 495 0aa1 01       		.byte	0x1
 496 0aa2 00       		.uleb128 0
 497 0aa3 5F5F494E 		.ascii "__INT_LEAST16_MAX__ 32767\0"
 497      545F4C45 
 497      41535431 
 497      365F4D41 
 497      585F5F20 
 498 0abd 01       		.byte	0x1
 499 0abe 00       		.uleb128 0
 500 0abf 5F5F494E 		.ascii "__INT16_C(c) c\0"
 500      5431365F 
 500      43286329 
 500      206300
 501 0ace 01       		.byte	0x1
 502 0acf 00       		.uleb128 0
 503 0ad0 5F5F494E 		.ascii "__INT_LEAST32_MAX__ 2147483647\0"
 503      545F4C45 
 503      41535433 
 503      325F4D41 
 503      585F5F20 
 504 0aef 01       		.byte	0x1
 505 0af0 00       		.uleb128 0
 506 0af1 5F5F494E 		.ascii "__INT32_C(c) c\0"
 506      5433325F 
 506      43286329 
 506      206300
 507 0b00 01       		.byte	0x1
 508 0b01 00       		.uleb128 0
 509 0b02 5F5F494E 		.ascii "__INT_LEAST64_MAX__ 9223372036854775807LL\0"
 509      545F4C45 
 509      41535436 
 509      345F4D41 
 509      585F5F20 
 510 0b2c 01       		.byte	0x1
 511 0b2d 00       		.uleb128 0
 512 0b2e 5F5F494E 		.ascii "__INT64_C(c) c ## LL\0"
 512      5436345F 
 512      43286329 
 512      20632023 
 512      23204C4C 
 513 0b43 01       		.byte	0x1
 514 0b44 00       		.uleb128 0
 515 0b45 5F5F5549 		.ascii "__UINT_LEAST8_MAX__ 255\0"
 515      4E545F4C 
 515      45415354 
 515      385F4D41 
 515      585F5F20 
 516 0b5d 01       		.byte	0x1
 517 0b5e 00       		.uleb128 0
 518 0b5f 5F5F5549 		.ascii "__UINT8_C(c) c\0"
 518      4E54385F 
 518      43286329 
GAS LISTING C:\Users\PRESID~1\AppData\Local\Temp\ccrpDnXF.s 			page 18


 518      206300
 519 0b6e 01       		.byte	0x1
 520 0b6f 00       		.uleb128 0
 521 0b70 5F5F5549 		.ascii "__UINT_LEAST16_MAX__ 65535\0"
 521      4E545F4C 
 521      45415354 
 521      31365F4D 
 521      41585F5F 
 522 0b8b 01       		.byte	0x1
 523 0b8c 00       		.uleb128 0
 524 0b8d 5F5F5549 		.ascii "__UINT16_C(c) c\0"
 524      4E543136 
 524      5F432863 
 524      29206300 
 525 0b9d 01       		.byte	0x1
 526 0b9e 00       		.uleb128 0
 527 0b9f 5F5F5549 		.ascii "__UINT_LEAST32_MAX__ 4294967295U\0"
 527      4E545F4C 
 527      45415354 
 527      33325F4D 
 527      41585F5F 
 528 0bc0 01       		.byte	0x1
 529 0bc1 00       		.uleb128 0
 530 0bc2 5F5F5549 		.ascii "__UINT32_C(c) c ## U\0"
 530      4E543332 
 530      5F432863 
 530      29206320 
 530      23232055 
 531 0bd7 01       		.byte	0x1
 532 0bd8 00       		.uleb128 0
 533 0bd9 5F5F5549 		.ascii "__UINT_LEAST64_MAX__ 18446744073709551615ULL\0"
 533      4E545F4C 
 533      45415354 
 533      36345F4D 
 533      41585F5F 
 534 0c06 01       		.byte	0x1
 535 0c07 00       		.uleb128 0
 536 0c08 5F5F5549 		.ascii "__UINT64_C(c) c ## ULL\0"
 536      4E543634 
 536      5F432863 
 536      29206320 
 536      23232055 
 537 0c1f 01       		.byte	0x1
 538 0c20 00       		.uleb128 0
 539 0c21 5F5F494E 		.ascii "__INT_FAST8_MAX__ 127\0"
 539      545F4641 
 539      5354385F 
 539      4D41585F 
 539      5F203132 
 540 0c37 01       		.byte	0x1
 541 0c38 00       		.uleb128 0
 542 0c39 5F5F494E 		.ascii "__INT_FAST16_MAX__ 32767\0"
 542      545F4641 
 542      53543136 
 542      5F4D4158 
 542      5F5F2033 
 543 0c52 01       		.byte	0x1
GAS LISTING C:\Users\PRESID~1\AppData\Local\Temp\ccrpDnXF.s 			page 19


 544 0c53 00       		.uleb128 0
 545 0c54 5F5F494E 		.ascii "__INT_FAST32_MAX__ 2147483647\0"
 545      545F4641 
 545      53543332 
 545      5F4D4158 
 545      5F5F2032 
 546 0c72 01       		.byte	0x1
 547 0c73 00       		.uleb128 0
 548 0c74 5F5F494E 		.ascii "__INT_FAST64_MAX__ 9223372036854775807LL\0"
 548      545F4641 
 548      53543634 
 548      5F4D4158 
 548      5F5F2039 
 549 0c9d 01       		.byte	0x1
 550 0c9e 00       		.uleb128 0
 551 0c9f 5F5F5549 		.ascii "__UINT_FAST8_MAX__ 255\0"
 551      4E545F46 
 551      41535438 
 551      5F4D4158 
 551      5F5F2032 
 552 0cb6 01       		.byte	0x1
 553 0cb7 00       		.uleb128 0
 554 0cb8 5F5F5549 		.ascii "__UINT_FAST16_MAX__ 65535\0"
 554      4E545F46 
 554      41535431 
 554      365F4D41 
 554      585F5F20 
 555 0cd2 01       		.byte	0x1
 556 0cd3 00       		.uleb128 0
 557 0cd4 5F5F5549 		.ascii "__UINT_FAST32_MAX__ 4294967295U\0"
 557      4E545F46 
 557      41535433 
 557      325F4D41 
 557      585F5F20 
 558 0cf4 01       		.byte	0x1
 559 0cf5 00       		.uleb128 0
 560 0cf6 5F5F5549 		.ascii "__UINT_FAST64_MAX__ 18446744073709551615ULL\0"
 560      4E545F46 
 560      41535436 
 560      345F4D41 
 560      585F5F20 
 561 0d22 01       		.byte	0x1
 562 0d23 00       		.uleb128 0
 563 0d24 5F5F494E 		.ascii "__INTPTR_MAX__ 2147483647\0"
 563      54505452 
 563      5F4D4158 
 563      5F5F2032 
 563      31343734 
 564 0d3e 01       		.byte	0x1
 565 0d3f 00       		.uleb128 0
 566 0d40 5F5F5549 		.ascii "__UINTPTR_MAX__ 4294967295U\0"
 566      4E545054 
 566      525F4D41 
 566      585F5F20 
 566      34323934 
 567 0d5c 01       		.byte	0x1
 568 0d5d 00       		.uleb128 0
GAS LISTING C:\Users\PRESID~1\AppData\Local\Temp\ccrpDnXF.s 			page 20


 569 0d5e 5F5F4743 		.ascii "__GCC_IEC_559 2\0"
 569      435F4945 
 569      435F3535 
 569      39203200 
 570 0d6e 01       		.byte	0x1
 571 0d6f 00       		.uleb128 0
 572 0d70 5F5F4743 		.ascii "__GCC_IEC_559_COMPLEX 2\0"
 572      435F4945 
 572      435F3535 
 572      395F434F 
 572      4D504C45 
 573 0d88 01       		.byte	0x1
 574 0d89 00       		.uleb128 0
 575 0d8a 5F5F464C 		.ascii "__FLT_EVAL_METHOD__ 2\0"
 575      545F4556 
 575      414C5F4D 
 575      4554484F 
 575      445F5F20 
 576 0da0 01       		.byte	0x1
 577 0da1 00       		.uleb128 0
 578 0da2 5F5F4445 		.ascii "__DEC_EVAL_METHOD__ 2\0"
 578      435F4556 
 578      414C5F4D 
 578      4554484F 
 578      445F5F20 
 579 0db8 01       		.byte	0x1
 580 0db9 00       		.uleb128 0
 581 0dba 5F5F464C 		.ascii "__FLT_RADIX__ 2\0"
 581      545F5241 
 581      4449585F 
 581      5F203200 
 582 0dca 01       		.byte	0x1
 583 0dcb 00       		.uleb128 0
 584 0dcc 5F5F464C 		.ascii "__FLT_MANT_DIG__ 24\0"
 584      545F4D41 
 584      4E545F44 
 584      49475F5F 
 584      20323400 
 585 0de0 01       		.byte	0x1
 586 0de1 00       		.uleb128 0
 587 0de2 5F5F464C 		.ascii "__FLT_DIG__ 6\0"
 587      545F4449 
 587      475F5F20 
 587      3600
 588 0df0 01       		.byte	0x1
 589 0df1 00       		.uleb128 0
 590 0df2 5F5F464C 		.ascii "__FLT_MIN_EXP__ (-125)\0"
 590      545F4D49 
 590      4E5F4558 
 590      505F5F20 
 590      282D3132 
 591 0e09 01       		.byte	0x1
 592 0e0a 00       		.uleb128 0
 593 0e0b 5F5F464C 		.ascii "__FLT_MIN_10_EXP__ (-37)\0"
 593      545F4D49 
 593      4E5F3130 
 593      5F455850 
GAS LISTING C:\Users\PRESID~1\AppData\Local\Temp\ccrpDnXF.s 			page 21


 593      5F5F2028 
 594 0e24 01       		.byte	0x1
 595 0e25 00       		.uleb128 0
 596 0e26 5F5F464C 		.ascii "__FLT_MAX_EXP__ 128\0"
 596      545F4D41 
 596      585F4558 
 596      505F5F20 
 596      31323800 
 597 0e3a 01       		.byte	0x1
 598 0e3b 00       		.uleb128 0
 599 0e3c 5F5F464C 		.ascii "__FLT_MAX_10_EXP__ 38\0"
 599      545F4D41 
 599      585F3130 
 599      5F455850 
 599      5F5F2033 
 600 0e52 01       		.byte	0x1
 601 0e53 00       		.uleb128 0
 602 0e54 5F5F464C 		.ascii "__FLT_DECIMAL_DIG__ 9\0"
 602      545F4445 
 602      43494D41 
 602      4C5F4449 
 602      475F5F20 
 603 0e6a 01       		.byte	0x1
 604 0e6b 00       		.uleb128 0
 605 0e6c 5F5F464C 		.ascii "__FLT_MAX__ 3.40282346638528859812e+38F\0"
 605      545F4D41 
 605      585F5F20 
 605      332E3430 
 605      32383233 
 606 0e94 01       		.byte	0x1
 607 0e95 00       		.uleb128 0
 608 0e96 5F5F464C 		.ascii "__FLT_MIN__ 1.17549435082228750797e-38F\0"
 608      545F4D49 
 608      4E5F5F20 
 608      312E3137 
 608      35343934 
 609 0ebe 01       		.byte	0x1
 610 0ebf 00       		.uleb128 0
 611 0ec0 5F5F464C 		.ascii "__FLT_EPSILON__ 1.19209289550781250000e-7F\0"
 611      545F4550 
 611      53494C4F 
 611      4E5F5F20 
 611      312E3139 
 612 0eeb 01       		.byte	0x1
 613 0eec 00       		.uleb128 0
 614 0eed 5F5F464C 		.ascii "__FLT_DENORM_MIN__ 1.40129846432481707092e-45F\0"
 614      545F4445 
 614      4E4F524D 
 614      5F4D494E 
 614      5F5F2031 
 615 0f1c 01       		.byte	0x1
 616 0f1d 00       		.uleb128 0
 617 0f1e 5F5F464C 		.ascii "__FLT_HAS_DENORM__ 1\0"
 617      545F4841 
 617      535F4445 
 617      4E4F524D 
 617      5F5F2031 
GAS LISTING C:\Users\PRESID~1\AppData\Local\Temp\ccrpDnXF.s 			page 22


 618 0f33 01       		.byte	0x1
 619 0f34 00       		.uleb128 0
 620 0f35 5F5F464C 		.ascii "__FLT_HAS_INFINITY__ 1\0"
 620      545F4841 
 620      535F494E 
 620      46494E49 
 620      54595F5F 
 621 0f4c 01       		.byte	0x1
 622 0f4d 00       		.uleb128 0
 623 0f4e 5F5F464C 		.ascii "__FLT_HAS_QUIET_NAN__ 1\0"
 623      545F4841 
 623      535F5155 
 623      4945545F 
 623      4E414E5F 
 624 0f66 01       		.byte	0x1
 625 0f67 00       		.uleb128 0
 626 0f68 5F5F4442 		.ascii "__DBL_MANT_DIG__ 53\0"
 626      4C5F4D41 
 626      4E545F44 
 626      49475F5F 
 626      20353300 
 627 0f7c 01       		.byte	0x1
 628 0f7d 00       		.uleb128 0
 629 0f7e 5F5F4442 		.ascii "__DBL_DIG__ 15\0"
 629      4C5F4449 
 629      475F5F20 
 629      313500
 630 0f8d 01       		.byte	0x1
 631 0f8e 00       		.uleb128 0
 632 0f8f 5F5F4442 		.ascii "__DBL_MIN_EXP__ (-1021)\0"
 632      4C5F4D49 
 632      4E5F4558 
 632      505F5F20 
 632      282D3130 
 633 0fa7 01       		.byte	0x1
 634 0fa8 00       		.uleb128 0
 635 0fa9 5F5F4442 		.ascii "__DBL_MIN_10_EXP__ (-307)\0"
 635      4C5F4D49 
 635      4E5F3130 
 635      5F455850 
 635      5F5F2028 
 636 0fc3 01       		.byte	0x1
 637 0fc4 00       		.uleb128 0
 638 0fc5 5F5F4442 		.ascii "__DBL_MAX_EXP__ 1024\0"
 638      4C5F4D41 
 638      585F4558 
 638      505F5F20 
 638      31303234 
 639 0fda 01       		.byte	0x1
 640 0fdb 00       		.uleb128 0
 641 0fdc 5F5F4442 		.ascii "__DBL_MAX_10_EXP__ 308\0"
 641      4C5F4D41 
 641      585F3130 
 641      5F455850 
 641      5F5F2033 
 642 0ff3 01       		.byte	0x1
 643 0ff4 00       		.uleb128 0
GAS LISTING C:\Users\PRESID~1\AppData\Local\Temp\ccrpDnXF.s 			page 23


 644 0ff5 5F5F4442 		.ascii "__DBL_DECIMAL_DIG__ 17\0"
 644      4C5F4445 
 644      43494D41 
 644      4C5F4449 
 644      475F5F20 
 645 100c 01       		.byte	0x1
 646 100d 00       		.uleb128 0
 647 100e 5F5F4442 		.ascii "__DBL_MAX__ ((double)1.79769313486231570815e+308L)\0"
 647      4C5F4D41 
 647      585F5F20 
 647      2828646F 
 647      75626C65 
 648 1041 01       		.byte	0x1
 649 1042 00       		.uleb128 0
 650 1043 5F5F4442 		.ascii "__DBL_MIN__ ((double)2.22507385850720138309e-308L)\0"
 650      4C5F4D49 
 650      4E5F5F20 
 650      2828646F 
 650      75626C65 
 651 1076 01       		.byte	0x1
 652 1077 00       		.uleb128 0
 653 1078 5F5F4442 		.ascii "__DBL_EPSILON__ ((double)2.22044604925031308085e-16L)\0"
 653      4C5F4550 
 653      53494C4F 
 653      4E5F5F20 
 653      2828646F 
 654 10ae 01       		.byte	0x1
 655 10af 00       		.uleb128 0
 656 10b0 5F5F4442 		.ascii "__DBL_DENORM_MIN__ ((double)4.94065645841246544177e-324L)\0"
 656      4C5F4445 
 656      4E4F524D 
 656      5F4D494E 
 656      5F5F2028 
 657 10ea 01       		.byte	0x1
 658 10eb 00       		.uleb128 0
 659 10ec 5F5F4442 		.ascii "__DBL_HAS_DENORM__ 1\0"
 659      4C5F4841 
 659      535F4445 
 659      4E4F524D 
 659      5F5F2031 
 660 1101 01       		.byte	0x1
 661 1102 00       		.uleb128 0
 662 1103 5F5F4442 		.ascii "__DBL_HAS_INFINITY__ 1\0"
 662      4C5F4841 
 662      535F494E 
 662      46494E49 
 662      54595F5F 
 663 111a 01       		.byte	0x1
 664 111b 00       		.uleb128 0
 665 111c 5F5F4442 		.ascii "__DBL_HAS_QUIET_NAN__ 1\0"
 665      4C5F4841 
 665      535F5155 
 665      4945545F 
 665      4E414E5F 
 666 1134 01       		.byte	0x1
 667 1135 00       		.uleb128 0
 668 1136 5F5F4C44 		.ascii "__LDBL_MANT_DIG__ 64\0"
GAS LISTING C:\Users\PRESID~1\AppData\Local\Temp\ccrpDnXF.s 			page 24


 668      424C5F4D 
 668      414E545F 
 668      4449475F 
 668      5F203634 
 669 114b 01       		.byte	0x1
 670 114c 00       		.uleb128 0
 671 114d 5F5F4C44 		.ascii "__LDBL_DIG__ 18\0"
 671      424C5F44 
 671      49475F5F 
 671      20313800 
 672 115d 01       		.byte	0x1
 673 115e 00       		.uleb128 0
 674 115f 5F5F4C44 		.ascii "__LDBL_MIN_EXP__ (-16381)\0"
 674      424C5F4D 
 674      494E5F45 
 674      58505F5F 
 674      20282D31 
 675 1179 01       		.byte	0x1
 676 117a 00       		.uleb128 0
 677 117b 5F5F4C44 		.ascii "__LDBL_MIN_10_EXP__ (-4931)\0"
 677      424C5F4D 
 677      494E5F31 
 677      305F4558 
 677      505F5F20 
 678 1197 01       		.byte	0x1
 679 1198 00       		.uleb128 0
 680 1199 5F5F4C44 		.ascii "__LDBL_MAX_EXP__ 16384\0"
 680      424C5F4D 
 680      41585F45 
 680      58505F5F 
 680      20313633 
 681 11b0 01       		.byte	0x1
 682 11b1 00       		.uleb128 0
 683 11b2 5F5F4C44 		.ascii "__LDBL_MAX_10_EXP__ 4932\0"
 683      424C5F4D 
 683      41585F31 
 683      305F4558 
 683      505F5F20 
 684 11cb 01       		.byte	0x1
 685 11cc 00       		.uleb128 0
 686 11cd 5F5F4445 		.ascii "__DECIMAL_DIG__ 21\0"
 686      43494D41 
 686      4C5F4449 
 686      475F5F20 
 686      323100
 687 11e0 01       		.byte	0x1
 688 11e1 00       		.uleb128 0
 689 11e2 5F5F4C44 		.ascii "__LDBL_MAX__ 1.18973149535723176502e+4932L\0"
 689      424C5F4D 
 689      41585F5F 
 689      20312E31 
 689      38393733 
 690 120d 01       		.byte	0x1
 691 120e 00       		.uleb128 0
 692 120f 5F5F4C44 		.ascii "__LDBL_MIN__ 3.36210314311209350626e-4932L\0"
 692      424C5F4D 
 692      494E5F5F 
GAS LISTING C:\Users\PRESID~1\AppData\Local\Temp\ccrpDnXF.s 			page 25


 692      20332E33 
 692      36323130 
 693 123a 01       		.byte	0x1
 694 123b 00       		.uleb128 0
 695 123c 5F5F4C44 		.ascii "__LDBL_EPSILON__ 1.08420217248550443401e-19L\0"
 695      424C5F45 
 695      5053494C 
 695      4F4E5F5F 
 695      20312E30 
 696 1269 01       		.byte	0x1
 697 126a 00       		.uleb128 0
 698 126b 5F5F4C44 		.ascii "__LDBL_DENORM_MIN__ 3.64519953188247460253e-4951L\0"
 698      424C5F44 
 698      454E4F52 
 698      4D5F4D49 
 698      4E5F5F20 
 699 129d 01       		.byte	0x1
 700 129e 00       		.uleb128 0
 701 129f 5F5F4C44 		.ascii "__LDBL_HAS_DENORM__ 1\0"
 701      424C5F48 
 701      41535F44 
 701      454E4F52 
 701      4D5F5F20 
 702 12b5 01       		.byte	0x1
 703 12b6 00       		.uleb128 0
 704 12b7 5F5F4C44 		.ascii "__LDBL_HAS_INFINITY__ 1\0"
 704      424C5F48 
 704      41535F49 
 704      4E46494E 
 704      4954595F 
 705 12cf 01       		.byte	0x1
 706 12d0 00       		.uleb128 0
 707 12d1 5F5F4C44 		.ascii "__LDBL_HAS_QUIET_NAN__ 1\0"
 707      424C5F48 
 707      41535F51 
 707      55494554 
 707      5F4E414E 
 708 12ea 01       		.byte	0x1
 709 12eb 00       		.uleb128 0
 710 12ec 5F5F4445 		.ascii "__DEC32_MANT_DIG__ 7\0"
 710      4333325F 
 710      4D414E54 
 710      5F444947 
 710      5F5F2037 
 711 1301 01       		.byte	0x1
 712 1302 00       		.uleb128 0
 713 1303 5F5F4445 		.ascii "__DEC32_MIN_EXP__ (-94)\0"
 713      4333325F 
 713      4D494E5F 
 713      4558505F 
 713      5F20282D 
 714 131b 01       		.byte	0x1
 715 131c 00       		.uleb128 0
 716 131d 5F5F4445 		.ascii "__DEC32_MAX_EXP__ 97\0"
 716      4333325F 
 716      4D41585F 
 716      4558505F 
GAS LISTING C:\Users\PRESID~1\AppData\Local\Temp\ccrpDnXF.s 			page 26


 716      5F203937 
 717 1332 01       		.byte	0x1
 718 1333 00       		.uleb128 0
 719 1334 5F5F4445 		.ascii "__DEC32_MIN__ 1E-95DF\0"
 719      4333325F 
 719      4D494E5F 
 719      5F203145 
 719      2D393544 
 720 134a 01       		.byte	0x1
 721 134b 00       		.uleb128 0
 722 134c 5F5F4445 		.ascii "__DEC32_MAX__ 9.999999E96DF\0"
 722      4333325F 
 722      4D41585F 
 722      5F20392E 
 722      39393939 
 723 1368 01       		.byte	0x1
 724 1369 00       		.uleb128 0
 725 136a 5F5F4445 		.ascii "__DEC32_EPSILON__ 1E-6DF\0"
 725      4333325F 
 725      45505349 
 725      4C4F4E5F 
 725      5F203145 
 726 1383 01       		.byte	0x1
 727 1384 00       		.uleb128 0
 728 1385 5F5F4445 		.ascii "__DEC32_SUBNORMAL_MIN__ 0.000001E-95DF\0"
 728      4333325F 
 728      5355424E 
 728      4F524D41 
 728      4C5F4D49 
 729 13ac 01       		.byte	0x1
 730 13ad 00       		.uleb128 0
 731 13ae 5F5F4445 		.ascii "__DEC64_MANT_DIG__ 16\0"
 731      4336345F 
 731      4D414E54 
 731      5F444947 
 731      5F5F2031 
 732 13c4 01       		.byte	0x1
 733 13c5 00       		.uleb128 0
 734 13c6 5F5F4445 		.ascii "__DEC64_MIN_EXP__ (-382)\0"
 734      4336345F 
 734      4D494E5F 
 734      4558505F 
 734      5F20282D 
 735 13df 01       		.byte	0x1
 736 13e0 00       		.uleb128 0
 737 13e1 5F5F4445 		.ascii "__DEC64_MAX_EXP__ 385\0"
 737      4336345F 
 737      4D41585F 
 737      4558505F 
 737      5F203338 
 738 13f7 01       		.byte	0x1
 739 13f8 00       		.uleb128 0
 740 13f9 5F5F4445 		.ascii "__DEC64_MIN__ 1E-383DD\0"
 740      4336345F 
 740      4D494E5F 
 740      5F203145 
 740      2D333833 
GAS LISTING C:\Users\PRESID~1\AppData\Local\Temp\ccrpDnXF.s 			page 27


 741 1410 01       		.byte	0x1
 742 1411 00       		.uleb128 0
 743 1412 5F5F4445 		.ascii "__DEC64_MAX__ 9.999999999999999E384DD\0"
 743      4336345F 
 743      4D41585F 
 743      5F20392E 
 743      39393939 
 744 1438 01       		.byte	0x1
 745 1439 00       		.uleb128 0
 746 143a 5F5F4445 		.ascii "__DEC64_EPSILON__ 1E-15DD\0"
 746      4336345F 
 746      45505349 
 746      4C4F4E5F 
 746      5F203145 
 747 1454 01       		.byte	0x1
 748 1455 00       		.uleb128 0
 749 1456 5F5F4445 		.ascii "__DEC64_SUBNORMAL_MIN__ 0.000000000000001E-383DD\0"
 749      4336345F 
 749      5355424E 
 749      4F524D41 
 749      4C5F4D49 
 750 1487 01       		.byte	0x1
 751 1488 00       		.uleb128 0
 752 1489 5F5F4445 		.ascii "__DEC128_MANT_DIG__ 34\0"
 752      43313238 
 752      5F4D414E 
 752      545F4449 
 752      475F5F20 
 753 14a0 01       		.byte	0x1
 754 14a1 00       		.uleb128 0
 755 14a2 5F5F4445 		.ascii "__DEC128_MIN_EXP__ (-6142)\0"
 755      43313238 
 755      5F4D494E 
 755      5F455850 
 755      5F5F2028 
 756 14bd 01       		.byte	0x1
 757 14be 00       		.uleb128 0
 758 14bf 5F5F4445 		.ascii "__DEC128_MAX_EXP__ 6145\0"
 758      43313238 
 758      5F4D4158 
 758      5F455850 
 758      5F5F2036 
 759 14d7 01       		.byte	0x1
 760 14d8 00       		.uleb128 0
 761 14d9 5F5F4445 		.ascii "__DEC128_MIN__ 1E-6143DL\0"
 761      43313238 
 761      5F4D494E 
 761      5F5F2031 
 761      452D3631 
 762 14f2 01       		.byte	0x1
 763 14f3 00       		.uleb128 0
 764 14f4 5F5F4445 		.ascii "__DEC128_MAX__ 9.999999999999999999999999999999999E6144DL\0"
 764      43313238 
 764      5F4D4158 
 764      5F5F2039 
 764      2E393939 
 765 152e 01       		.byte	0x1
GAS LISTING C:\Users\PRESID~1\AppData\Local\Temp\ccrpDnXF.s 			page 28


 766 152f 00       		.uleb128 0
 767 1530 5F5F4445 		.ascii "__DEC128_EPSILON__ 1E-33DL\0"
 767      43313238 
 767      5F455053 
 767      494C4F4E 
 767      5F5F2031 
 768 154b 01       		.byte	0x1
 769 154c 00       		.uleb128 0
 770 154d 5F5F4445 		.ascii "__DEC128_SUBNORMAL_MIN__ 0.000000000000000000000000000000001E-6143DL\0"
 770      43313238 
 770      5F535542 
 770      4E4F524D 
 770      414C5F4D 
 771 1592 01       		.byte	0x1
 772 1593 00       		.uleb128 0
 773 1594 5F5F5245 		.ascii "__REGISTER_PREFIX__ \0"
 773      47495354 
 773      45525F50 
 773      52454649 
 773      585F5F20 
 774 15a9 01       		.byte	0x1
 775 15aa 00       		.uleb128 0
 776 15ab 5F5F5553 		.ascii "__USER_LABEL_PREFIX__ _\0"
 776      45525F4C 
 776      4142454C 
 776      5F505245 
 776      4649585F 
 777 15c3 01       		.byte	0x1
 778 15c4 00       		.uleb128 0
 779 15c5 5F5F474E 		.ascii "__GNUC_GNU_INLINE__ 1\0"
 779      55435F47 
 779      4E555F49 
 779      4E4C494E 
 779      455F5F20 
 780 15db 01       		.byte	0x1
 781 15dc 00       		.uleb128 0
 782 15dd 5F5F4E4F 		.ascii "__NO_INLINE__ 1\0"
 782      5F494E4C 
 782      494E455F 
 782      5F203100 
 783 15ed 01       		.byte	0x1
 784 15ee 00       		.uleb128 0
 785 15ef 5F5F5354 		.ascii "__STRICT_ANSI__ 1\0"
 785      52494354 
 785      5F414E53 
 785      495F5F20 
 785      3100
 786 1601 01       		.byte	0x1
 787 1602 00       		.uleb128 0
 788 1603 5F5F4743 		.ascii "__GCC_ATOMIC_BOOL_LOCK_FREE 1\0"
 788      435F4154 
 788      4F4D4943 
 788      5F424F4F 
 788      4C5F4C4F 
 789 1621 01       		.byte	0x1
 790 1622 00       		.uleb128 0
 791 1623 5F5F4743 		.ascii "__GCC_ATOMIC_CHAR_LOCK_FREE 1\0"
GAS LISTING C:\Users\PRESID~1\AppData\Local\Temp\ccrpDnXF.s 			page 29


 791      435F4154 
 791      4F4D4943 
 791      5F434841 
 791      525F4C4F 
 792 1641 01       		.byte	0x1
 793 1642 00       		.uleb128 0
 794 1643 5F5F4743 		.ascii "__GCC_ATOMIC_CHAR16_T_LOCK_FREE 1\0"
 794      435F4154 
 794      4F4D4943 
 794      5F434841 
 794      5231365F 
 795 1665 01       		.byte	0x1
 796 1666 00       		.uleb128 0
 797 1667 5F5F4743 		.ascii "__GCC_ATOMIC_CHAR32_T_LOCK_FREE 1\0"
 797      435F4154 
 797      4F4D4943 
 797      5F434841 
 797      5233325F 
 798 1689 01       		.byte	0x1
 799 168a 00       		.uleb128 0
 800 168b 5F5F4743 		.ascii "__GCC_ATOMIC_WCHAR_T_LOCK_FREE 1\0"
 800      435F4154 
 800      4F4D4943 
 800      5F574348 
 800      41525F54 
 801 16ac 01       		.byte	0x1
 802 16ad 00       		.uleb128 0
 803 16ae 5F5F4743 		.ascii "__GCC_ATOMIC_SHORT_LOCK_FREE 1\0"
 803      435F4154 
 803      4F4D4943 
 803      5F53484F 
 803      52545F4C 
 804 16cd 01       		.byte	0x1
 805 16ce 00       		.uleb128 0
 806 16cf 5F5F4743 		.ascii "__GCC_ATOMIC_INT_LOCK_FREE 1\0"
 806      435F4154 
 806      4F4D4943 
 806      5F494E54 
 806      5F4C4F43 
 807 16ec 01       		.byte	0x1
 808 16ed 00       		.uleb128 0
 809 16ee 5F5F4743 		.ascii "__GCC_ATOMIC_LONG_LOCK_FREE 1\0"
 809      435F4154 
 809      4F4D4943 
 809      5F4C4F4E 
 809      475F4C4F 
 810 170c 01       		.byte	0x1
 811 170d 00       		.uleb128 0
 812 170e 5F5F4743 		.ascii "__GCC_ATOMIC_LLONG_LOCK_FREE 1\0"
 812      435F4154 
 812      4F4D4943 
 812      5F4C4C4F 
 812      4E475F4C 
 813 172d 01       		.byte	0x1
 814 172e 00       		.uleb128 0
 815 172f 5F5F4743 		.ascii "__GCC_ATOMIC_TEST_AND_SET_TRUEVAL 1\0"
 815      435F4154 
GAS LISTING C:\Users\PRESID~1\AppData\Local\Temp\ccrpDnXF.s 			page 30


 815      4F4D4943 
 815      5F544553 
 815      545F414E 
 816 1753 01       		.byte	0x1
 817 1754 00       		.uleb128 0
 818 1755 5F5F4743 		.ascii "__GCC_ATOMIC_POINTER_LOCK_FREE 1\0"
 818      435F4154 
 818      4F4D4943 
 818      5F504F49 
 818      4E544552 
 819 1776 01       		.byte	0x1
 820 1777 00       		.uleb128 0
 821 1778 5F5F4743 		.ascii "__GCC_HAVE_DWARF2_CFI_ASM 1\0"
 821      435F4841 
 821      56455F44 
 821      57415246 
 821      325F4346 
 822 1794 01       		.byte	0x1
 823 1795 00       		.uleb128 0
 824 1796 5F5F5052 		.ascii "__PRAGMA_REDEFINE_EXTNAME 1\0"
 824      41474D41 
 824      5F524544 
 824      4546494E 
 824      455F4558 
 825 17b2 01       		.byte	0x1
 826 17b3 00       		.uleb128 0
 827 17b4 5F5F5349 		.ascii "__SIZEOF_WCHAR_T__ 2\0"
 827      5A454F46 
 827      5F574348 
 827      41525F54 
 827      5F5F2032 
 828 17c9 01       		.byte	0x1
 829 17ca 00       		.uleb128 0
 830 17cb 5F5F5349 		.ascii "__SIZEOF_WINT_T__ 2\0"
 830      5A454F46 
 830      5F57494E 
 830      545F545F 
 830      5F203200 
 831 17df 01       		.byte	0x1
 832 17e0 00       		.uleb128 0
 833 17e1 5F5F5349 		.ascii "__SIZEOF_PTRDIFF_T__ 4\0"
 833      5A454F46 
 833      5F505452 
 833      44494646 
 833      5F545F5F 
 834 17f8 01       		.byte	0x1
 835 17f9 00       		.uleb128 0
 836 17fa 5F5F6933 		.ascii "__i386 1\0"
 836      38362031 
 836      00
 837 1803 01       		.byte	0x1
 838 1804 00       		.uleb128 0
 839 1805 5F5F6933 		.ascii "__i386__ 1\0"
 839      38365F5F 
 839      203100
 840 1810 01       		.byte	0x1
 841 1811 00       		.uleb128 0
GAS LISTING C:\Users\PRESID~1\AppData\Local\Temp\ccrpDnXF.s 			page 31


 842 1812 5F5F4154 		.ascii "__ATOMIC_HLE_ACQUIRE 65536\0"
 842      4F4D4943 
 842      5F484C45 
 842      5F414351 
 842      55495245 
 843 182d 01       		.byte	0x1
 844 182e 00       		.uleb128 0
 845 182f 5F5F4154 		.ascii "__ATOMIC_HLE_RELEASE 131072\0"
 845      4F4D4943 
 845      5F484C45 
 845      5F52454C 
 845      45415345 
 846 184b 01       		.byte	0x1
 847 184c 00       		.uleb128 0
 848 184d 5F5F7475 		.ascii "__tune_i386__ 1\0"
 848      6E655F69 
 848      3338365F 
 848      5F203100 
 849 185d 01       		.byte	0x1
 850 185e 00       		.uleb128 0
 851 185f 5F5F636F 		.ascii "__code_model_32__ 1\0"
 851      64655F6D 
 851      6F64656C 
 851      5F33325F 
 851      5F203100 
 852 1873 01       		.byte	0x1
 853 1874 00       		.uleb128 0
 854 1875 5F583836 		.ascii "_X86_ 1\0"
 854      5F203100 
 855 187d 01       		.byte	0x1
 856 187e 00       		.uleb128 0
 857 187f 5F5F7374 		.ascii "__stdcall __attribute__((__stdcall__))\0"
 857      6463616C 
 857      6C205F5F 
 857      61747472 
 857      69627574 
 858 18a6 01       		.byte	0x1
 859 18a7 00       		.uleb128 0
 860 18a8 5F5F6661 		.ascii "__fastcall __attribute__((__fastcall__))\0"
 860      73746361 
 860      6C6C205F 
 860      5F617474 
 860      72696275 
 861 18d1 01       		.byte	0x1
 862 18d2 00       		.uleb128 0
 863 18d3 5F5F7468 		.ascii "__thiscall __attribute__((__thiscall__))\0"
 863      69736361 
 863      6C6C205F 
 863      5F617474 
 863      72696275 
 864 18fc 01       		.byte	0x1
 865 18fd 00       		.uleb128 0
 866 18fe 5F5F6364 		.ascii "__cdecl __attribute__((__cdecl__))\0"
 866      65636C20 
 866      5F5F6174 
 866      74726962 
 866      7574655F 
GAS LISTING C:\Users\PRESID~1\AppData\Local\Temp\ccrpDnXF.s 			page 32


 867 1921 01       		.byte	0x1
 868 1922 00       		.uleb128 0
 869 1923 5F5F4758 		.ascii "__GXX_MERGED_TYPEINFO_NAMES 0\0"
 869      585F4D45 
 869      52474544 
 869      5F545950 
 869      45494E46 
 870 1941 01       		.byte	0x1
 871 1942 00       		.uleb128 0
 872 1943 5F5F4758 		.ascii "__GXX_TYPEINFO_EQUALITY_INLINE 0\0"
 872      585F5459 
 872      5045494E 
 872      464F5F45 
 872      5155414C 
 873 1964 01       		.byte	0x1
 874 1965 00       		.uleb128 0
 875 1966 5F5F4D53 		.ascii "__MSVCRT__ 1\0"
 875      56435254 
 875      5F5F2031 
 875      00
 876 1973 01       		.byte	0x1
 877 1974 00       		.uleb128 0
 878 1975 5F5F4D49 		.ascii "__MINGW32__ 1\0"
 878      4E475733 
 878      325F5F20 
 878      3100
 879 1983 01       		.byte	0x1
 880 1984 00       		.uleb128 0
 881 1985 5F57494E 		.ascii "_WIN32 1\0"
 881      33322031 
 881      00
 882 198e 01       		.byte	0x1
 883 198f 00       		.uleb128 0
 884 1990 5F5F5749 		.ascii "__WIN32 1\0"
 884      4E333220 
 884      3100
 885 199a 01       		.byte	0x1
 886 199b 00       		.uleb128 0
 887 199c 5F5F5749 		.ascii "__WIN32__ 1\0"
 887      4E33325F 
 887      5F203100 
 888 19a8 01       		.byte	0x1
 889 19a9 00       		.uleb128 0
 890 19aa 5F5F5749 		.ascii "__WINNT 1\0"
 890      4E4E5420 
 890      3100
 891 19b4 01       		.byte	0x1
 892 19b5 00       		.uleb128 0
 893 19b6 5F5F5749 		.ascii "__WINNT__ 1\0"
 893      4E4E545F 
 893      5F203100 
 894 19c2 01       		.byte	0x1
 895 19c3 00       		.uleb128 0
 896 19c4 5F494E54 		.ascii "_INTEGRAL_MAX_BITS 64\0"
 896      45475241 
 896      4C5F4D41 
 896      585F4249 
GAS LISTING C:\Users\PRESID~1\AppData\Local\Temp\ccrpDnXF.s 			page 33


 896      54532036 
 897 19da 01       		.byte	0x1
 898 19db 00       		.uleb128 0
 899 19dc 5F5F6465 		.ascii "__declspec(x) __attribute__((x))\0"
 899      636C7370 
 899      65632878 
 899      29205F5F 
 899      61747472 
 900 19fd 01       		.byte	0x1
 901 19fe 00       		.uleb128 0
 902 19ff 5F5F4445 		.ascii "__DECIMAL_BID_FORMAT__ 1\0"
 902      43494D41 
 902      4C5F4249 
 902      445F464F 
 902      524D4154 
 903 1a18 01       		.byte	0x1
 904 1a19 00       		.uleb128 0
 905 1a1a 4346475F 		.ascii "CFG_PROCESSOR 3\0"
 905      50524F43 
 905      4553534F 
 905      52203300 
 906 1a2a 03       		.byte	0x3
 907 1a2b 00       		.uleb128 0
 908 1a2c 01       		.uleb128 0x1
 909              		.file 2 "E:/NeuOrga/Programmieren/c_cpp/github_os/input/src/os_sim/../os_base/os_firstinc.h"
 910 1a2d 03       		.byte	0x3
 911 1a2e 01       		.uleb128 0x1
 912 1a2f 02       		.uleb128 0x2
 913 1a30 01       		.byte	0x1
 914 1a31 02       		.uleb128 0x2
 915 1a32 5F6F735F 		.ascii "_os_firstinc_h_ \0"
 915      66697273 
 915      74696E63 
 915      5F685F20 
 915      00
 916              		.file 3 "E:/NeuOrga/Programmieren/c_cpp/github_os/input/src/os_sim/../os_base/../os_base/os_base_t
 917 1a43 03       		.byte	0x3
 918 1a44 04       		.uleb128 0x4
 919 1a45 03       		.uleb128 0x3
 920 1a46 01       		.byte	0x1
 921 1a47 02       		.uleb128 0x2
 922 1a48 5F424153 		.ascii "_BASE_TYPES_H_ \0"
 922      455F5459 
 922      5045535F 
 922      485F2000 
 923 1a58 01       		.byte	0x1
 924 1a59 04       		.uleb128 0x4
 925 1a5a 494E5445 		.ascii "INTEGER_LLP64_IL32P64 1\0"
 925      4745525F 
 925      4C4C5036 
 925      345F494C 
 925      33325036 
 926 1a72 01       		.byte	0x1
 927 1a73 05       		.uleb128 0x5
 928 1a74 494E5445 		.ascii "INTEGER_LP64_I32LP64 2\0"
 928      4745525F 
 928      4C503634 
GAS LISTING C:\Users\PRESID~1\AppData\Local\Temp\ccrpDnXF.s 			page 34


 928      5F493332 
 928      4C503634 
 929 1a8b 01       		.byte	0x1
 930 1a8c 06       		.uleb128 0x6
 931 1a8d 494E5445 		.ascii "INTEGER_ILP64 3\0"
 931      4745525F 
 931      494C5036 
 931      34203300 
 932 1a9d 01       		.byte	0x1
 933 1a9e 07       		.uleb128 0x7
 934 1a9f 494E5445 		.ascii "INTEGER_SILP64 4\0"
 934      4745525F 
 934      53494C50 
 934      36342034 
 934      00
 935 1ab0 01       		.byte	0x1
 936 1ab1 09       		.uleb128 0x9
 937 1ab2 4350505F 		.ascii "CPP_VERSION_NONE 0\0"
 937      56455253 
 937      494F4E5F 
 937      4E4F4E45 
 937      203000
 938 1ac5 01       		.byte	0x1
 939 1ac6 0A       		.uleb128 0xa
 940 1ac7 4350505F 		.ascii "CPP_VERSION_1998 1\0"
 940      56455253 
 940      494F4E5F 
 940      31393938 
 940      203100
 941 1ada 01       		.byte	0x1
 942 1adb 0B       		.uleb128 0xb
 943 1adc 4350505F 		.ascii "CPP_VERSION_2003 2\0"
 943      56455253 
 943      494F4E5F 
 943      32303033 
 943      203200
 944 1aef 01       		.byte	0x1
 945 1af0 0C       		.uleb128 0xc
 946 1af1 4350505F 		.ascii "CPP_VERSION_2007 3\0"
 946      56455253 
 946      494F4E5F 
 946      32303037 
 946      203300
 947 1b04 01       		.byte	0x1
 948 1b05 0D       		.uleb128 0xd
 949 1b06 4350505F 		.ascii "CPP_VERSION_2011 4\0"
 949      56455253 
 949      494F4E5F 
 949      32303131 
 949      203400
 950 1b19 01       		.byte	0x1
 951 1b1a 0E       		.uleb128 0xe
 952 1b1b 49534F5F 		.ascii "ISO_CPP_VERSION CPP_VERSION_1998\0"
 952      4350505F 
 952      56455253 
 952      494F4E20 
 952      4350505F 
GAS LISTING C:\Users\PRESID~1\AppData\Local\Temp\ccrpDnXF.s 			page 35


 953 1b3c 01       		.byte	0x1
 954 1b3d 10       		.uleb128 0x10
 955 1b3e 494E5445 		.ascii "INTEGER_MODEL INTEGER_LLP64_IL32P64\0"
 955      4745525F 
 955      4D4F4445 
 955      4C20494E 
 955      54454745 
 956 1b62 04       		.byte	0x4
 957              		.file 4 "E:/NeuOrga/Programmieren/c_cpp/github_os/input/src/os_sim/../os_base/../os_base/os_common
 958 1b63 03       		.byte	0x3
 959 1b64 05       		.uleb128 0x5
 960 1b65 04       		.uleb128 0x4
 961 1b66 01       		.byte	0x1
 962 1b67 02       		.uleb128 0x2
 963 1b68 5F6F735F 		.ascii "_os_common_h_ \0"
 963      636F6D6D 
 963      6F6E5F68 
 963      5F2000
 964 1b77 01       		.byte	0x1
 965 1b78 06       		.uleb128 0x6
 966 1b79 46616C73 		.ascii "False 0\0"
 966      65203000 
 967 1b81 01       		.byte	0x1
 968 1b82 07       		.uleb128 0x7
 969 1b83 54727565 		.ascii "True 1\0"
 969      203100
 970 1b8a 01       		.byte	0x1
 971 1b8b 08       		.uleb128 0x8
 972 1b8c 41636365 		.ascii "Accepted 1\0"
 972      70746564 
 972      203100
 973 1b97 01       		.byte	0x1
 974 1b98 09       		.uleb128 0x9
 975 1b99 52656A65 		.ascii "Rejected 0\0"
 975      63746564 
 975      203000
 976 1ba4 01       		.byte	0x1
 977 1ba5 0A       		.uleb128 0xa
 978 1ba6 4C6F6361 		.ascii "Local static\0"
 978      6C207374 
 978      61746963 
 978      00
 979 1bb3 01       		.byte	0x1
 980 1bb4 0B       		.uleb128 0xb
 981 1bb5 4C6F6361 		.ascii "Local_inline static __inline__\0"
 981      6C5F696E 
 981      6C696E65 
 981      20737461 
 981      74696320 
 982 1bd4 01       		.byte	0x1
 983 1bd5 0C       		.uleb128 0xc
 984 1bd6 476C6F62 		.ascii "Global_inline __inline__\0"
 984      616C5F69 
 984      6E6C696E 
 984      65205F5F 
 984      696E6C69 
 985 1bef 01       		.byte	0x1
GAS LISTING C:\Users\PRESID~1\AppData\Local\Temp\ccrpDnXF.s 			page 36


 986 1bf0 0D       		.uleb128 0xd
 987 1bf1 52656665 		.ascii "ReferenceUnusedParameter(x) ((x) = (x))\0"
 987      72656E63 
 987      65556E75 
 987      73656450 
 987      6172616D 
 988 1c19 01       		.byte	0x1
 989 1c1a 10       		.uleb128 0x10
 990 1c1b 634D4355 		.ascii "cMCU_SIMULATION 1\0"
 990      5F53494D 
 990      554C4154 
 990      494F4E20 
 990      3100
 991 1c2d 01       		.byte	0x1
 992 1c2e 11       		.uleb128 0x11
 993 1c2f 634D4355 		.ascii "cMCU_POWERPC 2\0"
 993      5F504F57 
 993      45525043 
 993      203200
 994 1c3e 01       		.byte	0x1
 995 1c3f 12       		.uleb128 0x12
 996 1c40 634D4355 		.ascii "cMCU_X86 3\0"
 996      5F583836 
 996      203300
 997 1c4b 01       		.byte	0x1
 998 1c4c 13       		.uleb128 0x13
 999 1c4d 634D4355 		.ascii "cMCU_CORTEX_M4 4\0"
 999      5F434F52 
 999      5445585F 
 999      4D342034 
 999      00
 1000 1c5e 01       		.byte	0x1
 1001 1c5f 16       		.uleb128 0x16
 1002 1c60 4E525F4F 		.ascii "NR_OF_CORES 1\0"
 1002      465F434F 
 1002      52455320 
 1002      3100
 1003 1c6e 01       		.byte	0x1
 1004 1c6f 23       		.uleb128 0x23
 1005 1c70 44697361 		.ascii "DisableInterrupts() \0"
 1005      626C6549 
 1005      6E746572 
 1005      72757074 
 1005      73282920 
 1006 1c85 01       		.byte	0x1
 1007 1c86 24       		.uleb128 0x24
 1008 1c87 456E6162 		.ascii "EnableInterrupts() \0"
 1008      6C65496E 
 1008      74657272 
 1008      75707473 
 1008      28292000 
 1009 1c9b 01       		.byte	0x1
 1010 1c9c 25       		.uleb128 0x25
 1011 1c9d 50726976 		.ascii "Privilige_level_save_current() \0"
 1011      696C6967 
 1011      655F6C65 
 1011      76656C5F 
GAS LISTING C:\Users\PRESID~1\AppData\Local\Temp\ccrpDnXF.s 			page 37


 1011      73617665 
 1012 1cbd 01       		.byte	0x1
 1013 1cbe 26       		.uleb128 0x26
 1014 1cbf 50726976 		.ascii "Privilige_level_enter_kernel_mode() \0"
 1014      696C6967 
 1014      655F6C65 
 1014      76656C5F 
 1014      656E7465 
 1015 1ce4 01       		.byte	0x1
 1016 1ce5 27       		.uleb128 0x27
 1017 1ce6 50726976 		.ascii "Privilige_level_restore_saved() \0"
 1017      696C6967 
 1017      655F6C65 
 1017      76656C5F 
 1017      72657374 
 1018 1d07 01       		.byte	0x1
 1019 1d08 28       		.uleb128 0x28
 1020 1d09 48616C74 		.ascii "HaltMcu() \0"
 1020      4D637528 
 1020      292000
 1021 1d14 04       		.byte	0x4
 1022              		.file 5 "E:/NeuOrga/Programmieren/c_cpp/github_os/input/src/os_sim/../os_base/../os_sim/lld_global
 1023 1d15 03       		.byte	0x3
 1024 1d16 07       		.uleb128 0x7
 1025 1d17 05       		.uleb128 0x5
 1026 1d18 01       		.byte	0x1
 1027 1d19 02       		.uleb128 0x2
 1028 1d1a 5F6C6C64 		.ascii "_lld_global_h_ \0"
 1028      5F676C6F 
 1028      62616C5F 
 1028      685F2000 
 1029              		.file 6 "E:/NeuOrga/Programmieren/c_cpp/github_os/input/src/os_sim/../os_base/../os_sim/lld_core.h
 1030 1d2a 03       		.byte	0x3
 1031 1d2b 04       		.uleb128 0x4
 1032 1d2c 06       		.uleb128 0x6
 1033 1d2d 01       		.byte	0x1
 1034 1d2e 02       		.uleb128 0x2
 1035 1d2f 5F6C6C64 		.ascii "_lld_core_h_ \0"
 1035      5F636F72 
 1035      655F685F 
 1035      2000
 1036              		.file 7 "E:/NeuOrga/Programmieren/c_cpp/github_os/input/src/os_sim/../os_base/../os_sim/../os_base
 1037 1d3d 03       		.byte	0x3
 1038 1d3e 03       		.uleb128 0x3
 1039 1d3f 07       		.uleb128 0x7
 1040 1d40 04       		.byte	0x4
 1041 1d41 04       		.byte	0x4
 1042              		.file 8 "E:/NeuOrga/Programmieren/c_cpp/github_os/input/src/os_sim/../os_base/../os_sim/lld_adc.h"
 1043 1d42 03       		.byte	0x3
 1044 1d43 05       		.uleb128 0x5
 1045 1d44 08       		.uleb128 0x8
 1046 1d45 01       		.byte	0x1
 1047 1d46 02       		.uleb128 0x2
 1048 1d47 5F6C6C64 		.ascii "_lld_adc_h_ \0"
 1048      5F616463 
 1048      5F685F20 
 1048      00
GAS LISTING C:\Users\PRESID~1\AppData\Local\Temp\ccrpDnXF.s 			page 38


 1049 1d54 04       		.byte	0x4
 1050              		.file 9 "E:/NeuOrga/Programmieren/c_cpp/github_os/input/src/os_sim/../os_base/../os_sim/lld_can.h"
 1051 1d55 03       		.byte	0x3
 1052 1d56 06       		.uleb128 0x6
 1053 1d57 09       		.uleb128 0x9
 1054 1d58 01       		.byte	0x1
 1055 1d59 02       		.uleb128 0x2
 1056 1d5a 5F6C6C64 		.ascii "_lld_can_h_ \0"
 1056      5F63616E 
 1056      5F685F20 
 1056      00
 1057 1d67 04       		.byte	0x4
 1058              		.file 10 "E:/NeuOrga/Programmieren/c_cpp/github_os/input/src/os_sim/../os_base/../os_sim/lld_gpio.
 1059 1d68 03       		.byte	0x3
 1060 1d69 07       		.uleb128 0x7
 1061 1d6a 0A       		.uleb128 0xa
 1062 1d6b 01       		.byte	0x1
 1063 1d6c 02       		.uleb128 0x2
 1064 1d6d 5F6C6C64 		.ascii "_lld_gpio_h_ \0"
 1064      5F677069 
 1064      6F5F685F 
 1064      2000
 1065 1d7b 04       		.byte	0x4
 1066              		.file 11 "E:/NeuOrga/Programmieren/c_cpp/github_os/input/src/os_sim/../os_base/../os_sim/lld_inter
 1067 1d7c 03       		.byte	0x3
 1068 1d7d 08       		.uleb128 0x8
 1069 1d7e 0B       		.uleb128 0xb
 1070 1d7f 01       		.byte	0x1
 1071 1d80 02       		.uleb128 0x2
 1072 1d81 5F6C6C64 		.ascii "_lld_interrupt_h_ \0"
 1072      5F696E74 
 1072      65727275 
 1072      70745F68 
 1072      5F2000
 1073 1d94 01       		.byte	0x1
 1074 1d95 05       		.uleb128 0x5
 1075 1d96 6F735F69 		.ascii "os_interrupt_swi_1 asm(\"swi 1\")\0"
 1075      6E746572 
 1075      72757074 
 1075      5F737769 
 1075      5F312061 
 1076 1db6 01       		.byte	0x1
 1077 1db7 06       		.uleb128 0x6
 1078 1db8 6F735F69 		.ascii "os_interrupt_swi_2 asm(\"swi 2\")\0"
 1078      6E746572 
 1078      72757074 
 1078      5F737769 
 1078      5F322061 
 1079 1dd8 01       		.byte	0x1
 1080 1dd9 07       		.uleb128 0x7
 1081 1dda 6F735F69 		.ascii "os_interrupt_swi_3 asm(\"swi 3\")\0"
 1081      6E746572 
 1081      72757074 
 1081      5F737769 
 1081      5F332061 
 1082 1dfa 01       		.byte	0x1
 1083 1dfb 08       		.uleb128 0x8
GAS LISTING C:\Users\PRESID~1\AppData\Local\Temp\ccrpDnXF.s 			page 39


 1084 1dfc 6F735F69 		.ascii "os_interrupt_swi_4 asm(\"swi 4\")\0"
 1084      6E746572 
 1084      72757074 
 1084      5F737769 
 1084      5F342061 
 1085 1e1c 01       		.byte	0x1
 1086 1e1d 09       		.uleb128 0x9
 1087 1e1e 6F735F69 		.ascii "os_interrupt_swi_5 asm(\"swi 5\")\0"
 1087      6E746572 
 1087      72757074 
 1087      5F737769 
 1087      5F352061 
 1088 1e3e 04       		.byte	0x4
 1089              		.file 12 "E:/NeuOrga/Programmieren/c_cpp/github_os/input/src/os_sim/../os_base/../os_sim/lld_mmu.h
 1090 1e3f 03       		.byte	0x3
 1091 1e40 09       		.uleb128 0x9
 1092 1e41 0C       		.uleb128 0xc
 1093 1e42 01       		.byte	0x1
 1094 1e43 02       		.uleb128 0x2
 1095 1e44 5F6C6C64 		.ascii "_lld_mmu_h_ \0"
 1095      5F6D6D75 
 1095      5F685F20 
 1095      00
 1096 1e51 03       		.byte	0x3
 1097 1e52 04       		.uleb128 0x4
 1098 1e53 05       		.uleb128 0x5
 1099 1e54 04       		.byte	0x4
 1100 1e55 04       		.byte	0x4
 1101              		.file 13 "E:/NeuOrga/Programmieren/c_cpp/github_os/input/src/os_sim/../os_base/../os_sim/lld_timer
 1102 1e56 03       		.byte	0x3
 1103 1e57 0A       		.uleb128 0xa
 1104 1e58 0D       		.uleb128 0xd
 1105 1e59 01       		.byte	0x1
 1106 1e5a 02       		.uleb128 0x2
 1107 1e5b 5F6C6C64 		.ascii "_lld_timer_h_ \0"
 1107      5F74696D 
 1107      65725F68 
 1107      5F2000
 1108 1e6a 04       		.byte	0x4
 1109              		.file 14 "E:/NeuOrga/Programmieren/c_cpp/github_os/input/src/os_sim/../os_base/../os_sim/lld_power
 1110 1e6b 03       		.byte	0x3
 1111 1e6c 0B       		.uleb128 0xb
 1112 1e6d 0E       		.uleb128 0xe
 1113 1e6e 01       		.byte	0x1
 1114 1e6f 02       		.uleb128 0x2
 1115 1e70 5F6C6C64 		.ascii "_lld_power_h_ \0"
 1115      5F706F77 
 1115      65725F68 
 1115      5F2000
 1116 1e7f 04       		.byte	0x4
 1117              		.file 15 "E:/NeuOrga/Programmieren/c_cpp/github_os/input/src/os_sim/../os_base/../os_sim/lld_ram.h
 1118 1e80 03       		.byte	0x3
 1119 1e81 0C       		.uleb128 0xc
 1120 1e82 0F       		.uleb128 0xf
 1121 1e83 01       		.byte	0x1
 1122 1e84 02       		.uleb128 0x2
 1123 1e85 5F6C6C64 		.ascii "_lld_ram_h_ \0"
GAS LISTING C:\Users\PRESID~1\AppData\Local\Temp\ccrpDnXF.s 			page 40


 1123      5F72616D 
 1123      5F685F20 
 1123      00
 1124 1e92 04       		.byte	0x4
 1125              		.file 16 "E:/NeuOrga/Programmieren/c_cpp/github_os/input/src/os_sim/../os_base/../os_sim/lld_watch
 1126 1e93 03       		.byte	0x3
 1127 1e94 0D       		.uleb128 0xd
 1128 1e95 10       		.uleb128 0x10
 1129 1e96 01       		.byte	0x1
 1130 1e97 02       		.uleb128 0x2
 1131 1e98 5F6C6C64 		.ascii "_lld_watchdog_h_ \0"
 1131      5F776174 
 1131      6368646F 
 1131      675F685F 
 1131      2000
 1132 1eaa 04       		.byte	0x4
 1133              		.file 17 "E:/NeuOrga/Programmieren/c_cpp/github_os/input/src/os_sim/../os_base/../os_sim/../os_bas
 1134 1eab 03       		.byte	0x3
 1135 1eac 0E       		.uleb128 0xe
 1136 1ead 11       		.uleb128 0x11
 1137 1eae 01       		.byte	0x1
 1138 1eaf 02       		.uleb128 0x2
 1139 1eb0 5F6F735F 		.ascii "_os_task_common_h_ \0"
 1139      7461736B 
 1139      5F636F6D 
 1139      6D6F6E5F 
 1139      685F2000 
 1140              		.file 18 "E:/NeuOrga/Programmieren/c_cpp/github_os/input/src/os_sim/../os_base/../os_sim/../os_bas
 1141 1ec4 03       		.byte	0x3
 1142 1ec5 04       		.uleb128 0x4
 1143 1ec6 12       		.uleb128 0x12
 1144 1ec7 01       		.byte	0x1
 1145 1ec8 02       		.uleb128 0x2
 1146 1ec9 5F6F735F 		.ascii "_os_task_config_h_ \0"
 1146      7461736B 
 1146      5F636F6E 
 1146      6669675F 
 1146      685F2000 
 1147 1edd 01       		.byte	0x1
 1148 1ede 05       		.uleb128 0x5
 1149 1edf 53636865 		.ascii "SchedulerFrequency (1.0e3)\0"
 1149      64756C65 
 1149      72467265 
 1149      7175656E 
 1149      63792028 
 1150 1efa 01       		.byte	0x1
 1151 1efb 06       		.uleb128 0x6
 1152 1efc 4D696E54 		.ascii "MinTimeSlice_s (1.0/SchedulerFrequency)\0"
 1152      696D6553 
 1152      6C696365 
 1152      5F732028 
 1152      312E302F 
 1153 1f24 01       		.byte	0x1
 1154 1f25 07       		.uleb128 0x7
 1155 1f26 4D696E54 		.ascii "MinTimeSlice_us ((1.0/SchedulerFrequency)*1e6)\0"
 1155      696D6553 
 1155      6C696365 
GAS LISTING C:\Users\PRESID~1\AppData\Local\Temp\ccrpDnXF.s 			page 41


 1155      5F757320 
 1155      2828312E 
 1156 1f55 01       		.byte	0x1
 1157 1f56 08       		.uleb128 0x8
 1158 1f57 5461736B 		.ascii "Task_min_time (1e0)\0"
 1158      5F6D696E 
 1158      5F74696D 
 1158      65202831 
 1158      65302900 
 1159 1f6b 01       		.byte	0x1
 1160 1f6c 09       		.uleb128 0x9
 1161 1f6d 4E554D42 		.ascii "NUMBER_OF_TASKS 5\0"
 1161      45525F4F 
 1161      465F5441 
 1161      534B5320 
 1161      3500
 1162 1f7f 01       		.byte	0x1
 1163 1f80 0A       		.uleb128 0xa
 1164 1f81 4D41585F 		.ascii "MAX_RUN_QUEUE_SIZE (NUMBER_OF_TASKS)\0"
 1164      52554E5F 
 1164      51554555 
 1164      455F5349 
 1164      5A452028 
 1165 1fa6 01       		.byte	0x1
 1166 1fa7 0B       		.uleb128 0xb
 1167 1fa8 4D41585F 		.ascii "MAX_RUN_PQUEUE_SIZE MAX_RUN_QUEUE_SIZE\0"
 1167      52554E5F 
 1167      50515545 
 1167      55455F53 
 1167      495A4520 
 1168 1fcf 01       		.byte	0x1
 1169 1fd0 0D       		.uleb128 0xd
 1170 1fd1 5441534B 		.ascii "TASK_STACK_SIZE 200\0"
 1170      5F535441 
 1170      434B5F53 
 1170      495A4520 
 1170      32303000 
 1171 1fe5 01       		.byte	0x1
 1172 1fe6 10       		.uleb128 0x10
 1173 1fe7 4D535F50 		.ascii "MS_PER_SEC (1000)\0"
 1173      45525F53 
 1173      45432028 
 1173      31303030 
 1173      2900
 1174 1ff9 01       		.byte	0x1
 1175 1ffa 11       		.uleb128 0x11
 1176 1ffb 5553455F 		.ascii "USE_STATIC_CREATED_TASKS True\0"
 1176      53544154 
 1176      49435F43 
 1176      52454154 
 1176      45445F54 
 1177 2019 04       		.byte	0x4
 1178              		.file 19 "E:/NeuOrga/Programmieren/c_cpp/github_os/input/src/os_sim/../os_base/../os_sim/../os_bas
 1179 201a 03       		.byte	0x3
 1180 201b 05       		.uleb128 0x5
 1181 201c 13       		.uleb128 0x13
 1182 201d 01       		.byte	0x1
GAS LISTING C:\Users\PRESID~1\AppData\Local\Temp\ccrpDnXF.s 			page 42


 1183 201e 02       		.uleb128 0x2
 1184 201f 5F6F735F 		.ascii "_os_init_task_system_h_ \0"
 1184      696E6974 
 1184      5F746173 
 1184      6B5F7379 
 1184      7374656D 
 1185 2038 04       		.byte	0x4
 1186 2039 01       		.byte	0x1
 1187 203a 5C       		.uleb128 0x5c
 1188 203b 6F735F53 		.ascii "os_SaveTaskPtr(task_ptr,task_name) (TASK_PTR[(task_name)] = (task_ptr))\0"
 1188      61766554 
 1188      61736B50 
 1188      74722874 
 1188      61736B5F 
 1189 2083 01       		.byte	0x1
 1190 2084 5D       		.uleb128 0x5d
 1191 2085 6F735F47 		.ascii "os_GetTaskPtr(task_name) ((task_t*) TASK_PTR[(task_name)])\0"
 1191      65745461 
 1191      736B5074 
 1191      72287461 
 1191      736B5F6E 
 1192 20c0 04       		.byte	0x4
 1193 20c1 04       		.byte	0x4
 1194 20c2 04       		.byte	0x4
 1195              		.file 20 "E:/NeuOrga/Programmieren/c_cpp/github_os/input/src/os_sim/../os_drivers/lld_interrupt.h"
 1196 20c3 03       		.byte	0x3
 1197 20c4 02       		.uleb128 0x2
 1198 20c5 14       		.uleb128 0x14
 1199 20c6 04       		.byte	0x4
 1200 20c7 04       		.byte	0x4
 1201 20c8 00       		.byte	0
 1202              		.section	.debug_line,"dr"
 1203              	Ldebug_line0:
 1204 0000 3A030000 		.section	.debug_str,"dr"
 1204      02002103 
 1204      00000101 
 1204      FB0E0D00 
 1204      01010101 
 1205              		.ident	"GCC: (GNU) 4.9.3"
GAS LISTING C:\Users\PRESID~1\AppData\Local\Temp\ccrpDnXF.s 			page 43


DEFINED SYMBOLS
                            *ABS*:00000000 lld_interrupt.c
C:\Users\PRESID~1\AppData\Local\Temp\ccrpDnXF.s:6      .text:00000000 _LLF_INT_DISABLE
C:\Users\PRESID~1\AppData\Local\Temp\ccrpDnXF.s:25     .text:00000005 _LLF_INT_ENABLE
C:\Users\PRESID~1\AppData\Local\Temp\ccrpDnXF.s:43     .text:0000000a _LLF_DISABLE_INTERRUPTS_ALL_CORES

NO UNDEFINED SYMBOLS
