GAS LISTING C:\Users\PRESID~1\AppData\Local\Temp\ccQ12PkS.s 			page 1


   1              		.file	"lld_mmu.c"
   2              		.text
   3              	Ltext0:
   4              		.globl	_LLF_MPU_DISABLE
   6              	_LLF_MPU_DISABLE:
   7              	LFB0:
   8              		.file 1 "E:/NeuOrga/Programmieren/c_cpp/github_os/input/src/os_sim/lld_mmu.c"
   1:E:/NeuOrga/Programmieren/c_cpp/github_os/input/src/os_sim\lld_mmu.c **** #include "..\os_base\os_firstinc.h"
   2:E:/NeuOrga/Programmieren/c_cpp/github_os/input/src/os_sim\lld_mmu.c **** 
   3:E:/NeuOrga/Programmieren/c_cpp/github_os/input/src/os_sim\lld_mmu.c **** void LLF_MPU_DISABLE(void)
   4:E:/NeuOrga/Programmieren/c_cpp/github_os/input/src/os_sim\lld_mmu.c **** {
   9              		.loc 1 4 0
  10              		.cfi_startproc
  11 0000 55       		pushl	%ebp
  12              		.cfi_def_cfa_offset 8
  13              		.cfi_offset 5, -8
  14 0001 89E5     		movl	%esp, %ebp
  15              		.cfi_def_cfa_register 5
   5:E:/NeuOrga/Programmieren/c_cpp/github_os/input/src/os_sim\lld_mmu.c ****    /*#warn "LLF_MPU_DISABLE not yet implemented"*/
   6:E:/NeuOrga/Programmieren/c_cpp/github_os/input/src/os_sim\lld_mmu.c **** }
  16              		.loc 1 6 0
  17 0003 5D       		popl	%ebp
  18              		.cfi_restore 5
  19              		.cfi_def_cfa 4, 4
  20 0004 C3       		ret
  21              		.cfi_endproc
  22              	LFE0:
  23              		.globl	_LLF_MPU_ENABLE
  25              	_LLF_MPU_ENABLE:
  26              	LFB1:
   7:E:/NeuOrga/Programmieren/c_cpp/github_os/input/src/os_sim\lld_mmu.c **** 
   8:E:/NeuOrga/Programmieren/c_cpp/github_os/input/src/os_sim\lld_mmu.c **** void LLF_MPU_ENABLE(void)
   9:E:/NeuOrga/Programmieren/c_cpp/github_os/input/src/os_sim\lld_mmu.c **** {
  27              		.loc 1 9 0
  28              		.cfi_startproc
  29 0005 55       		pushl	%ebp
  30              		.cfi_def_cfa_offset 8
  31              		.cfi_offset 5, -8
  32 0006 89E5     		movl	%esp, %ebp
  33              		.cfi_def_cfa_register 5
  10:E:/NeuOrga/Programmieren/c_cpp/github_os/input/src/os_sim\lld_mmu.c ****    /*#warn "LLF_MPU_ENABLE not yet implemented"*/
  11:E:/NeuOrga/Programmieren/c_cpp/github_os/input/src/os_sim\lld_mmu.c **** }
  34              		.loc 1 11 0
  35 0008 5D       		popl	%ebp
  36              		.cfi_restore 5
  37              		.cfi_def_cfa 4, 4
  38 0009 C3       		ret
  39              		.cfi_endproc
  40              	LFE1:
  41              		.globl	_LLF_MPU_SET_REGION
  43              	_LLF_MPU_SET_REGION:
  44              	LFB2:
  12:E:/NeuOrga/Programmieren/c_cpp/github_os/input/src/os_sim\lld_mmu.c **** 
  13:E:/NeuOrga/Programmieren/c_cpp/github_os/input/src/os_sim\lld_mmu.c **** void LLF_MPU_SET_REGION(CoreID_t core_id, void* startAddr, void* endAddr)
  14:E:/NeuOrga/Programmieren/c_cpp/github_os/input/src/os_sim\lld_mmu.c **** {
  45              		.loc 1 14 0
  46              		.cfi_startproc
GAS LISTING C:\Users\PRESID~1\AppData\Local\Temp\ccQ12PkS.s 			page 2


  47 000a 55       		pushl	%ebp
  48              		.cfi_def_cfa_offset 8
  49              		.cfi_offset 5, -8
  50 000b 89E5     		movl	%esp, %ebp
  51              		.cfi_def_cfa_register 5
  15:E:/NeuOrga/Programmieren/c_cpp/github_os/input/src/os_sim\lld_mmu.c ****    ReferenceUnusedParameter(core_id);
  16:E:/NeuOrga/Programmieren/c_cpp/github_os/input/src/os_sim\lld_mmu.c ****    ReferenceUnusedParameter(startAddr);
  17:E:/NeuOrga/Programmieren/c_cpp/github_os/input/src/os_sim\lld_mmu.c ****    ReferenceUnusedParameter(endAddr);
  18:E:/NeuOrga/Programmieren/c_cpp/github_os/input/src/os_sim\lld_mmu.c ****    /* OS_SIM: no MMU implemented, always assume switched off MMU */
  19:E:/NeuOrga/Programmieren/c_cpp/github_os/input/src/os_sim\lld_mmu.c **** }
  52              		.loc 1 19 0
  53 000d 5D       		popl	%ebp
  54              		.cfi_restore 5
  55              		.cfi_def_cfa 4, 4
  56 000e C3       		ret
  57              		.cfi_endproc
  58              	LFE2:
  59              		.globl	_LLF_MPU_SWITCH_OFF_ALL_REGIONS
  61              	_LLF_MPU_SWITCH_OFF_ALL_REGIONS:
  62              	LFB3:
  20:E:/NeuOrga/Programmieren/c_cpp/github_os/input/src/os_sim\lld_mmu.c **** 
  21:E:/NeuOrga/Programmieren/c_cpp/github_os/input/src/os_sim\lld_mmu.c **** void LLF_MPU_SWITCH_OFF_ALL_REGIONS(CoreID_t core_id)
  22:E:/NeuOrga/Programmieren/c_cpp/github_os/input/src/os_sim\lld_mmu.c **** {
  63              		.loc 1 22 0
  64              		.cfi_startproc
  65 000f 55       		pushl	%ebp
  66              		.cfi_def_cfa_offset 8
  67              		.cfi_offset 5, -8
  68 0010 89E5     		movl	%esp, %ebp
  69              		.cfi_def_cfa_register 5
  23:E:/NeuOrga/Programmieren/c_cpp/github_os/input/src/os_sim\lld_mmu.c ****    ReferenceUnusedParameter(core_id);   
  24:E:/NeuOrga/Programmieren/c_cpp/github_os/input/src/os_sim\lld_mmu.c ****       /* OS_SIM: no MMU implemented, always assume switched off MMU */
  25:E:/NeuOrga/Programmieren/c_cpp/github_os/input/src/os_sim\lld_mmu.c **** }
  70              		.loc 1 25 0
  71 0012 5D       		popl	%ebp
  72              		.cfi_restore 5
  73              		.cfi_def_cfa 4, 4
  74 0013 C3       		ret
  75              		.cfi_endproc
  76              	LFE3:
  77              		.globl	_LLF_GET_MPU_PRESENT
  79              	_LLF_GET_MPU_PRESENT:
  80              	LFB4:
  26:E:/NeuOrga/Programmieren/c_cpp/github_os/input/src/os_sim\lld_mmu.c **** unsigned_char_t LLF_GET_MPU_PRESENT(void)
  27:E:/NeuOrga/Programmieren/c_cpp/github_os/input/src/os_sim\lld_mmu.c **** {
  81              		.loc 1 27 0
  82              		.cfi_startproc
  83 0014 55       		pushl	%ebp
  84              		.cfi_def_cfa_offset 8
  85              		.cfi_offset 5, -8
  86 0015 89E5     		movl	%esp, %ebp
  87              		.cfi_def_cfa_register 5
  28:E:/NeuOrga/Programmieren/c_cpp/github_os/input/src/os_sim\lld_mmu.c ****    /* OS_SIM: no MMU implemented, always assume switched off MMU */
  29:E:/NeuOrga/Programmieren/c_cpp/github_os/input/src/os_sim\lld_mmu.c ****    return False;
  88              		.loc 1 29 0
  89 0017 B000     		movb	$0, %al
  30:E:/NeuOrga/Programmieren/c_cpp/github_os/input/src/os_sim\lld_mmu.c **** }
GAS LISTING C:\Users\PRESID~1\AppData\Local\Temp\ccQ12PkS.s 			page 3


  90              		.loc 1 30 0
  91 0019 5D       		popl	%ebp
  92              		.cfi_restore 5
  93              		.cfi_def_cfa 4, 4
  94 001a C3       		ret
  95              		.cfi_endproc
  96              	LFE4:
  97              	Letext0:
  98              		.file 2 "E:/NeuOrga/Programmieren/c_cpp/github_os/input/src/os_sim/../os_base/../os_base/os_base_t
  99              		.file 3 "E:/NeuOrga/Programmieren/c_cpp/github_os/input/src/os_sim/../os_base/../os_sim/lld_core.h
 100 001b 90       		.section	.debug_info,"dr"
 101              	Ldebug_info0:
 102 0000 2C020000 		.long	0x22c
 103 0004 0400     		.word	0x4
 104 0006 00000000 		.secrel32	Ldebug_abbrev0
 105 000a 04       		.byte	0x4
 106 000b 01       		.uleb128 0x1
 107 000c 474E5520 		.ascii "GNU C 4.9.3 -march=i386 -g3 -O0 -std=c90\0"
 107      4320342E 
 107      392E3320 
 107      2D6D6172 
 107      63683D69 
 108 0035 01       		.byte	0x1
 109 0036 453A5C4E 		.ascii "E:\\NeuOrga\\Programmieren\\c_cpp\\github_os\\input\\src\\os_sim\\lld_mmu.c\0"
 109      65754F72 
 109      67615C50 
 109      726F6772 
 109      616D6D69 
 110 007a 00000000 		.long	Ltext0
 111 007e 1B000000 		.long	Letext0-Ltext0
 112 0082 00000000 		.secrel32	Ldebug_line0
 113 0086 00000000 		.secrel32	Ldebug_macro0
 114 008a 02       		.uleb128 0x2
 115 008b 756E7369 		.ascii "unsigned_char_t\0"
 115      676E6564 
 115      5F636861 
 115      725F7400 
 116 009b 02       		.byte	0x2
 117 009c 1D       		.byte	0x1d
 118 009d A1000000 		.long	0xa1
 119 00a1 03       		.uleb128 0x3
 120 00a2 01       		.byte	0x1
 121 00a3 08       		.byte	0x8
 122 00a4 756E7369 		.ascii "unsigned char\0"
 122      676E6564 
 122      20636861 
 122      7200
 123 00b2 03       		.uleb128 0x3
 124 00b3 02       		.byte	0x2
 125 00b4 07       		.byte	0x7
 126 00b5 73686F72 		.ascii "short unsigned int\0"
 126      7420756E 
 126      7369676E 
 126      65642069 
 126      6E7400
 127 00c8 03       		.uleb128 0x3
 128 00c9 04       		.byte	0x4
GAS LISTING C:\Users\PRESID~1\AppData\Local\Temp\ccQ12PkS.s 			page 4


 129 00ca 07       		.byte	0x7
 130 00cb 6C6F6E67 		.ascii "long unsigned int\0"
 130      20756E73 
 130      69676E65 
 130      6420696E 
 130      7400
 131 00dd 04       		.uleb128 0x4
 132 00de 436F7265 		.ascii "CoreID_e\0"
 132      49445F65 
 132      00
 133 00e7 04       		.byte	0x4
 134 00e8 03       		.byte	0x3
 135 00e9 04       		.byte	0x4
 136 00ea 0F010000 		.long	0x10f
 137 00ee 05       		.uleb128 0x5
 138 00ef 436F7265 		.ascii "Core0\0"
 138      3000
 139 00f5 00       		.sleb128 0
 140 00f6 05       		.uleb128 0x5
 141 00f7 436F7265 		.ascii "Core1\0"
 141      3100
 142 00fd 01       		.sleb128 1
 143 00fe 05       		.uleb128 0x5
 144 00ff 436F7265 		.ascii "Core2\0"
 144      3200
 145 0105 02       		.sleb128 2
 146 0106 05       		.uleb128 0x5
 147 0107 436F7265 		.ascii "Core3\0"
 147      3300
 148 010d 03       		.sleb128 3
 149 010e 00       		.byte	0
 150 010f 02       		.uleb128 0x2
 151 0110 436F7265 		.ascii "CoreID_t\0"
 151      49445F74 
 151      00
 152 0119 03       		.byte	0x3
 153 011a 0B       		.byte	0xb
 154 011b DD000000 		.long	0xdd
 155 011f 06       		.uleb128 0x6
 156 0120 04       		.byte	0x4
 157 0121 03       		.uleb128 0x3
 158 0122 04       		.byte	0x4
 159 0123 07       		.byte	0x7
 160 0124 756E7369 		.ascii "unsigned int\0"
 160      676E6564 
 160      20696E74 
 160      00
 161 0131 07       		.uleb128 0x7
 162 0132 4C4C465F 		.ascii "LLF_MPU_DISABLE\0"
 162      4D50555F 
 162      44495341 
 162      424C4500 
 163 0142 01       		.byte	0x1
 164 0143 03       		.byte	0x3
 165 0144 00000000 		.long	LFB0
 166 0148 05000000 		.long	LFE0-LFB0
 167 014c 01       		.uleb128 0x1
GAS LISTING C:\Users\PRESID~1\AppData\Local\Temp\ccQ12PkS.s 			page 5


 168 014d 9C       		.byte	0x9c
 169 014e 07       		.uleb128 0x7
 170 014f 4C4C465F 		.ascii "LLF_MPU_ENABLE\0"
 170      4D50555F 
 170      454E4142 
 170      4C4500
 171 015e 01       		.byte	0x1
 172 015f 08       		.byte	0x8
 173 0160 05000000 		.long	LFB1
 174 0164 05000000 		.long	LFE1-LFB1
 175 0168 01       		.uleb128 0x1
 176 0169 9C       		.byte	0x9c
 177 016a 08       		.uleb128 0x8
 178 016b 4C4C465F 		.ascii "LLF_MPU_SET_REGION\0"
 178      4D50555F 
 178      5345545F 
 178      52454749 
 178      4F4E00
 179 017e 01       		.byte	0x1
 180 017f 0D       		.byte	0xd
 181 0180 0A000000 		.long	LFB2
 182 0184 05000000 		.long	LFE2-LFB2
 183 0188 01       		.uleb128 0x1
 184 0189 9C       		.byte	0x9c
 185 018a C7010000 		.long	0x1c7
 186 018e 09       		.uleb128 0x9
 187 018f 636F7265 		.ascii "core_id\0"
 187      5F696400 
 188 0197 01       		.byte	0x1
 189 0198 0D       		.byte	0xd
 190 0199 0F010000 		.long	0x10f
 191 019d 02       		.uleb128 0x2
 192 019e 91       		.byte	0x91
 193 019f 00       		.sleb128 0
 194 01a0 09       		.uleb128 0x9
 195 01a1 73746172 		.ascii "startAddr\0"
 195      74416464 
 195      7200
 196 01ab 01       		.byte	0x1
 197 01ac 0D       		.byte	0xd
 198 01ad 1F010000 		.long	0x11f
 199 01b1 02       		.uleb128 0x2
 200 01b2 91       		.byte	0x91
 201 01b3 04       		.sleb128 4
 202 01b4 09       		.uleb128 0x9
 203 01b5 656E6441 		.ascii "endAddr\0"
 203      64647200 
 204 01bd 01       		.byte	0x1
 205 01be 0D       		.byte	0xd
 206 01bf 1F010000 		.long	0x11f
 207 01c3 02       		.uleb128 0x2
 208 01c4 91       		.byte	0x91
 209 01c5 08       		.sleb128 8
 210 01c6 00       		.byte	0
 211 01c7 08       		.uleb128 0x8
 212 01c8 4C4C465F 		.ascii "LLF_MPU_SWITCH_OFF_ALL_REGIONS\0"
 212      4D50555F 
GAS LISTING C:\Users\PRESID~1\AppData\Local\Temp\ccQ12PkS.s 			page 6


 212      53574954 
 212      43485F4F 
 212      46465F41 
 213 01e7 01       		.byte	0x1
 214 01e8 15       		.byte	0x15
 215 01e9 0F000000 		.long	LFB3
 216 01ed 05000000 		.long	LFE3-LFB3
 217 01f1 01       		.uleb128 0x1
 218 01f2 9C       		.byte	0x9c
 219 01f3 0A020000 		.long	0x20a
 220 01f7 09       		.uleb128 0x9
 221 01f8 636F7265 		.ascii "core_id\0"
 221      5F696400 
 222 0200 01       		.byte	0x1
 223 0201 15       		.byte	0x15
 224 0202 0F010000 		.long	0x10f
 225 0206 02       		.uleb128 0x2
 226 0207 91       		.byte	0x91
 227 0208 00       		.sleb128 0
 228 0209 00       		.byte	0
 229 020a 0A       		.uleb128 0xa
 230 020b 4C4C465F 		.ascii "LLF_GET_MPU_PRESENT\0"
 230      4745545F 
 230      4D50555F 
 230      50524553 
 230      454E5400 
 231 021f 01       		.byte	0x1
 232 0220 1A       		.byte	0x1a
 233 0221 8A000000 		.long	0x8a
 234 0225 14000000 		.long	LFB4
 235 0229 07000000 		.long	LFE4-LFB4
 236 022d 01       		.uleb128 0x1
 237 022e 9C       		.byte	0x9c
 238 022f 00       		.byte	0
 239              		.section	.debug_abbrev,"dr"
 240              	Ldebug_abbrev0:
 241 0000 01       		.uleb128 0x1
 242 0001 11       		.uleb128 0x11
 243 0002 01       		.byte	0x1
 244 0003 25       		.uleb128 0x25
 245 0004 08       		.uleb128 0x8
 246 0005 13       		.uleb128 0x13
 247 0006 0B       		.uleb128 0xb
 248 0007 03       		.uleb128 0x3
 249 0008 08       		.uleb128 0x8
 250 0009 11       		.uleb128 0x11
 251 000a 01       		.uleb128 0x1
 252 000b 12       		.uleb128 0x12
 253 000c 06       		.uleb128 0x6
 254 000d 10       		.uleb128 0x10
 255 000e 17       		.uleb128 0x17
 256 000f 9942     		.uleb128 0x2119
 257 0011 17       		.uleb128 0x17
 258 0012 00       		.byte	0
 259 0013 00       		.byte	0
 260 0014 02       		.uleb128 0x2
 261 0015 16       		.uleb128 0x16
GAS LISTING C:\Users\PRESID~1\AppData\Local\Temp\ccQ12PkS.s 			page 7


 262 0016 00       		.byte	0
 263 0017 03       		.uleb128 0x3
 264 0018 08       		.uleb128 0x8
 265 0019 3A       		.uleb128 0x3a
 266 001a 0B       		.uleb128 0xb
 267 001b 3B       		.uleb128 0x3b
 268 001c 0B       		.uleb128 0xb
 269 001d 49       		.uleb128 0x49
 270 001e 13       		.uleb128 0x13
 271 001f 00       		.byte	0
 272 0020 00       		.byte	0
 273 0021 03       		.uleb128 0x3
 274 0022 24       		.uleb128 0x24
 275 0023 00       		.byte	0
 276 0024 0B       		.uleb128 0xb
 277 0025 0B       		.uleb128 0xb
 278 0026 3E       		.uleb128 0x3e
 279 0027 0B       		.uleb128 0xb
 280 0028 03       		.uleb128 0x3
 281 0029 08       		.uleb128 0x8
 282 002a 00       		.byte	0
 283 002b 00       		.byte	0
 284 002c 04       		.uleb128 0x4
 285 002d 04       		.uleb128 0x4
 286 002e 01       		.byte	0x1
 287 002f 03       		.uleb128 0x3
 288 0030 08       		.uleb128 0x8
 289 0031 0B       		.uleb128 0xb
 290 0032 0B       		.uleb128 0xb
 291 0033 3A       		.uleb128 0x3a
 292 0034 0B       		.uleb128 0xb
 293 0035 3B       		.uleb128 0x3b
 294 0036 0B       		.uleb128 0xb
 295 0037 01       		.uleb128 0x1
 296 0038 13       		.uleb128 0x13
 297 0039 00       		.byte	0
 298 003a 00       		.byte	0
 299 003b 05       		.uleb128 0x5
 300 003c 28       		.uleb128 0x28
 301 003d 00       		.byte	0
 302 003e 03       		.uleb128 0x3
 303 003f 08       		.uleb128 0x8
 304 0040 1C       		.uleb128 0x1c
 305 0041 0D       		.uleb128 0xd
 306 0042 00       		.byte	0
 307 0043 00       		.byte	0
 308 0044 06       		.uleb128 0x6
 309 0045 0F       		.uleb128 0xf
 310 0046 00       		.byte	0
 311 0047 0B       		.uleb128 0xb
 312 0048 0B       		.uleb128 0xb
 313 0049 00       		.byte	0
 314 004a 00       		.byte	0
 315 004b 07       		.uleb128 0x7
 316 004c 2E       		.uleb128 0x2e
 317 004d 00       		.byte	0
 318 004e 3F       		.uleb128 0x3f
GAS LISTING C:\Users\PRESID~1\AppData\Local\Temp\ccQ12PkS.s 			page 8


 319 004f 19       		.uleb128 0x19
 320 0050 03       		.uleb128 0x3
 321 0051 08       		.uleb128 0x8
 322 0052 3A       		.uleb128 0x3a
 323 0053 0B       		.uleb128 0xb
 324 0054 3B       		.uleb128 0x3b
 325 0055 0B       		.uleb128 0xb
 326 0056 27       		.uleb128 0x27
 327 0057 19       		.uleb128 0x19
 328 0058 11       		.uleb128 0x11
 329 0059 01       		.uleb128 0x1
 330 005a 12       		.uleb128 0x12
 331 005b 06       		.uleb128 0x6
 332 005c 40       		.uleb128 0x40
 333 005d 18       		.uleb128 0x18
 334 005e 9742     		.uleb128 0x2117
 335 0060 19       		.uleb128 0x19
 336 0061 00       		.byte	0
 337 0062 00       		.byte	0
 338 0063 08       		.uleb128 0x8
 339 0064 2E       		.uleb128 0x2e
 340 0065 01       		.byte	0x1
 341 0066 3F       		.uleb128 0x3f
 342 0067 19       		.uleb128 0x19
 343 0068 03       		.uleb128 0x3
 344 0069 08       		.uleb128 0x8
 345 006a 3A       		.uleb128 0x3a
 346 006b 0B       		.uleb128 0xb
 347 006c 3B       		.uleb128 0x3b
 348 006d 0B       		.uleb128 0xb
 349 006e 27       		.uleb128 0x27
 350 006f 19       		.uleb128 0x19
 351 0070 11       		.uleb128 0x11
 352 0071 01       		.uleb128 0x1
 353 0072 12       		.uleb128 0x12
 354 0073 06       		.uleb128 0x6
 355 0074 40       		.uleb128 0x40
 356 0075 18       		.uleb128 0x18
 357 0076 9742     		.uleb128 0x2117
 358 0078 19       		.uleb128 0x19
 359 0079 01       		.uleb128 0x1
 360 007a 13       		.uleb128 0x13
 361 007b 00       		.byte	0
 362 007c 00       		.byte	0
 363 007d 09       		.uleb128 0x9
 364 007e 05       		.uleb128 0x5
 365 007f 00       		.byte	0
 366 0080 03       		.uleb128 0x3
 367 0081 08       		.uleb128 0x8
 368 0082 3A       		.uleb128 0x3a
 369 0083 0B       		.uleb128 0xb
 370 0084 3B       		.uleb128 0x3b
 371 0085 0B       		.uleb128 0xb
 372 0086 49       		.uleb128 0x49
 373 0087 13       		.uleb128 0x13
 374 0088 02       		.uleb128 0x2
 375 0089 18       		.uleb128 0x18
GAS LISTING C:\Users\PRESID~1\AppData\Local\Temp\ccQ12PkS.s 			page 9


 376 008a 00       		.byte	0
 377 008b 00       		.byte	0
 378 008c 0A       		.uleb128 0xa
 379 008d 2E       		.uleb128 0x2e
 380 008e 00       		.byte	0
 381 008f 3F       		.uleb128 0x3f
 382 0090 19       		.uleb128 0x19
 383 0091 03       		.uleb128 0x3
 384 0092 08       		.uleb128 0x8
 385 0093 3A       		.uleb128 0x3a
 386 0094 0B       		.uleb128 0xb
 387 0095 3B       		.uleb128 0x3b
 388 0096 0B       		.uleb128 0xb
 389 0097 27       		.uleb128 0x27
 390 0098 19       		.uleb128 0x19
 391 0099 49       		.uleb128 0x49
 392 009a 13       		.uleb128 0x13
 393 009b 11       		.uleb128 0x11
 394 009c 01       		.uleb128 0x1
 395 009d 12       		.uleb128 0x12
 396 009e 06       		.uleb128 0x6
 397 009f 40       		.uleb128 0x40
 398 00a0 18       		.uleb128 0x18
 399 00a1 9742     		.uleb128 0x2117
 400 00a3 19       		.uleb128 0x19
 401 00a4 00       		.byte	0
 402 00a5 00       		.byte	0
 403 00a6 00       		.byte	0
 404              		.section	.debug_aranges,"dr"
 405 0000 1C000000 		.long	0x1c
 406 0004 0200     		.word	0x2
 407 0006 00000000 		.secrel32	Ldebug_info0
 408 000a 04       		.byte	0x4
 409 000b 00       		.byte	0
 410 000c 0000     		.word	0
 411 000e 0000     		.word	0
 412 0010 00000000 		.long	Ltext0
 413 0014 1B000000 		.long	Letext0-Ltext0
 414 0018 00000000 		.long	0
 415 001c 00000000 		.long	0
 416              		.section	.debug_macro,"dr"
 417              	Ldebug_macro0:
 418 0000 0400     		.word	0x4
 419 0002 02       		.byte	0x2
 420 0003 00000000 		.secrel32	Ldebug_line0
 421 0007 01       		.byte	0x1
 422 0008 00       		.uleb128 0
 423 0009 5F5F5354 		.ascii "__STDC__ 1\0"
 423      44435F5F 
 423      203100
 424 0014 01       		.byte	0x1
 425 0015 00       		.uleb128 0
 426 0016 5F5F5354 		.ascii "__STDC_HOSTED__ 1\0"
 426      44435F48 
 426      4F535445 
 426      445F5F20 
 426      3100
GAS LISTING C:\Users\PRESID~1\AppData\Local\Temp\ccQ12PkS.s 			page 10


 427 0028 01       		.byte	0x1
 428 0029 00       		.uleb128 0
 429 002a 5F5F474E 		.ascii "__GNUC__ 4\0"
 429      55435F5F 
 429      203400
 430 0035 01       		.byte	0x1
 431 0036 00       		.uleb128 0
 432 0037 5F5F474E 		.ascii "__GNUC_MINOR__ 9\0"
 432      55435F4D 
 432      494E4F52 
 432      5F5F2039 
 432      00
 433 0048 01       		.byte	0x1
 434 0049 00       		.uleb128 0
 435 004a 5F5F474E 		.ascii "__GNUC_PATCHLEVEL__ 3\0"
 435      55435F50 
 435      41544348 
 435      4C455645 
 435      4C5F5F20 
 436 0060 01       		.byte	0x1
 437 0061 00       		.uleb128 0
 438 0062 5F5F5645 		.ascii "__VERSION__ \"4.9.3\"\0"
 438      5253494F 
 438      4E5F5F20 
 438      22342E39 
 438      2E332200 
 439 0076 01       		.byte	0x1
 440 0077 00       		.uleb128 0
 441 0078 5F5F4154 		.ascii "__ATOMIC_RELAXED 0\0"
 441      4F4D4943 
 441      5F52454C 
 441      41584544 
 441      203000
 442 008b 01       		.byte	0x1
 443 008c 00       		.uleb128 0
 444 008d 5F5F4154 		.ascii "__ATOMIC_SEQ_CST 5\0"
 444      4F4D4943 
 444      5F534551 
 444      5F435354 
 444      203500
 445 00a0 01       		.byte	0x1
 446 00a1 00       		.uleb128 0
 447 00a2 5F5F4154 		.ascii "__ATOMIC_ACQUIRE 2\0"
 447      4F4D4943 
 447      5F414351 
 447      55495245 
 447      203200
 448 00b5 01       		.byte	0x1
 449 00b6 00       		.uleb128 0
 450 00b7 5F5F4154 		.ascii "__ATOMIC_RELEASE 3\0"
 450      4F4D4943 
 450      5F52454C 
 450      45415345 
 450      203300
 451 00ca 01       		.byte	0x1
 452 00cb 00       		.uleb128 0
 453 00cc 5F5F4154 		.ascii "__ATOMIC_ACQ_REL 4\0"
GAS LISTING C:\Users\PRESID~1\AppData\Local\Temp\ccQ12PkS.s 			page 11


 453      4F4D4943 
 453      5F414351 
 453      5F52454C 
 453      203400
 454 00df 01       		.byte	0x1
 455 00e0 00       		.uleb128 0
 456 00e1 5F5F4154 		.ascii "__ATOMIC_CONSUME 1\0"
 456      4F4D4943 
 456      5F434F4E 
 456      53554D45 
 456      203100
 457 00f4 01       		.byte	0x1
 458 00f5 00       		.uleb128 0
 459 00f6 5F5F4649 		.ascii "__FINITE_MATH_ONLY__ 0\0"
 459      4E495445 
 459      5F4D4154 
 459      485F4F4E 
 459      4C595F5F 
 460 010d 01       		.byte	0x1
 461 010e 00       		.uleb128 0
 462 010f 5F5F5349 		.ascii "__SIZEOF_INT__ 4\0"
 462      5A454F46 
 462      5F494E54 
 462      5F5F2034 
 462      00
 463 0120 01       		.byte	0x1
 464 0121 00       		.uleb128 0
 465 0122 5F5F5349 		.ascii "__SIZEOF_LONG__ 4\0"
 465      5A454F46 
 465      5F4C4F4E 
 465      475F5F20 
 465      3400
 466 0134 01       		.byte	0x1
 467 0135 00       		.uleb128 0
 468 0136 5F5F5349 		.ascii "__SIZEOF_LONG_LONG__ 8\0"
 468      5A454F46 
 468      5F4C4F4E 
 468      475F4C4F 
 468      4E475F5F 
 469 014d 01       		.byte	0x1
 470 014e 00       		.uleb128 0
 471 014f 5F5F5349 		.ascii "__SIZEOF_SHORT__ 2\0"
 471      5A454F46 
 471      5F53484F 
 471      52545F5F 
 471      203200
 472 0162 01       		.byte	0x1
 473 0163 00       		.uleb128 0
 474 0164 5F5F5349 		.ascii "__SIZEOF_FLOAT__ 4\0"
 474      5A454F46 
 474      5F464C4F 
 474      41545F5F 
 474      203400
 475 0177 01       		.byte	0x1
 476 0178 00       		.uleb128 0
 477 0179 5F5F5349 		.ascii "__SIZEOF_DOUBLE__ 8\0"
 477      5A454F46 
GAS LISTING C:\Users\PRESID~1\AppData\Local\Temp\ccQ12PkS.s 			page 12


 477      5F444F55 
 477      424C455F 
 477      5F203800 
 478 018d 01       		.byte	0x1
 479 018e 00       		.uleb128 0
 480 018f 5F5F5349 		.ascii "__SIZEOF_LONG_DOUBLE__ 12\0"
 480      5A454F46 
 480      5F4C4F4E 
 480      475F444F 
 480      55424C45 
 481 01a9 01       		.byte	0x1
 482 01aa 00       		.uleb128 0
 483 01ab 5F5F5349 		.ascii "__SIZEOF_SIZE_T__ 4\0"
 483      5A454F46 
 483      5F53495A 
 483      455F545F 
 483      5F203400 
 484 01bf 01       		.byte	0x1
 485 01c0 00       		.uleb128 0
 486 01c1 5F5F4348 		.ascii "__CHAR_BIT__ 8\0"
 486      41525F42 
 486      49545F5F 
 486      203800
 487 01d0 01       		.byte	0x1
 488 01d1 00       		.uleb128 0
 489 01d2 5F5F4249 		.ascii "__BIGGEST_ALIGNMENT__ 16\0"
 489      47474553 
 489      545F414C 
 489      49474E4D 
 489      454E545F 
 490 01eb 01       		.byte	0x1
 491 01ec 00       		.uleb128 0
 492 01ed 5F5F4F52 		.ascii "__ORDER_LITTLE_ENDIAN__ 1234\0"
 492      4445525F 
 492      4C495454 
 492      4C455F45 
 492      4E444941 
 493 020a 01       		.byte	0x1
 494 020b 00       		.uleb128 0
 495 020c 5F5F4F52 		.ascii "__ORDER_BIG_ENDIAN__ 4321\0"
 495      4445525F 
 495      4249475F 
 495      454E4449 
 495      414E5F5F 
 496 0226 01       		.byte	0x1
 497 0227 00       		.uleb128 0
 498 0228 5F5F4F52 		.ascii "__ORDER_PDP_ENDIAN__ 3412\0"
 498      4445525F 
 498      5044505F 
 498      454E4449 
 498      414E5F5F 
 499 0242 01       		.byte	0x1
 500 0243 00       		.uleb128 0
 501 0244 5F5F4259 		.ascii "__BYTE_ORDER__ __ORDER_LITTLE_ENDIAN__\0"
 501      54455F4F 
 501      52444552 
 501      5F5F205F 
GAS LISTING C:\Users\PRESID~1\AppData\Local\Temp\ccQ12PkS.s 			page 13


 501      5F4F5244 
 502 026b 01       		.byte	0x1
 503 026c 00       		.uleb128 0
 504 026d 5F5F464C 		.ascii "__FLOAT_WORD_ORDER__ __ORDER_LITTLE_ENDIAN__\0"
 504      4F41545F 
 504      574F5244 
 504      5F4F5244 
 504      45525F5F 
 505 029a 01       		.byte	0x1
 506 029b 00       		.uleb128 0
 507 029c 5F5F5349 		.ascii "__SIZEOF_POINTER__ 4\0"
 507      5A454F46 
 507      5F504F49 
 507      4E544552 
 507      5F5F2034 
 508 02b1 01       		.byte	0x1
 509 02b2 00       		.uleb128 0
 510 02b3 5F5F5349 		.ascii "__SIZE_TYPE__ unsigned int\0"
 510      5A455F54 
 510      5950455F 
 510      5F20756E 
 510      7369676E 
 511 02ce 01       		.byte	0x1
 512 02cf 00       		.uleb128 0
 513 02d0 5F5F5054 		.ascii "__PTRDIFF_TYPE__ int\0"
 513      52444946 
 513      465F5459 
 513      50455F5F 
 513      20696E74 
 514 02e5 01       		.byte	0x1
 515 02e6 00       		.uleb128 0
 516 02e7 5F5F5743 		.ascii "__WCHAR_TYPE__ short unsigned int\0"
 516      4841525F 
 516      54595045 
 516      5F5F2073 
 516      686F7274 
 517 0309 01       		.byte	0x1
 518 030a 00       		.uleb128 0
 519 030b 5F5F5749 		.ascii "__WINT_TYPE__ short unsigned int\0"
 519      4E545F54 
 519      5950455F 
 519      5F207368 
 519      6F727420 
 520 032c 01       		.byte	0x1
 521 032d 00       		.uleb128 0
 522 032e 5F5F494E 		.ascii "__INTMAX_TYPE__ long long int\0"
 522      544D4158 
 522      5F545950 
 522      455F5F20 
 522      6C6F6E67 
 523 034c 01       		.byte	0x1
 524 034d 00       		.uleb128 0
 525 034e 5F5F5549 		.ascii "__UINTMAX_TYPE__ long long unsigned int\0"
 525      4E544D41 
 525      585F5459 
 525      50455F5F 
 525      206C6F6E 
GAS LISTING C:\Users\PRESID~1\AppData\Local\Temp\ccQ12PkS.s 			page 14


 526 0376 01       		.byte	0x1
 527 0377 00       		.uleb128 0
 528 0378 5F5F4348 		.ascii "__CHAR16_TYPE__ short unsigned int\0"
 528      41523136 
 528      5F545950 
 528      455F5F20 
 528      73686F72 
 529 039b 01       		.byte	0x1
 530 039c 00       		.uleb128 0
 531 039d 5F5F4348 		.ascii "__CHAR32_TYPE__ unsigned int\0"
 531      41523332 
 531      5F545950 
 531      455F5F20 
 531      756E7369 
 532 03ba 01       		.byte	0x1
 533 03bb 00       		.uleb128 0
 534 03bc 5F5F5349 		.ascii "__SIG_ATOMIC_TYPE__ int\0"
 534      475F4154 
 534      4F4D4943 
 534      5F545950 
 534      455F5F20 
 535 03d4 01       		.byte	0x1
 536 03d5 00       		.uleb128 0
 537 03d6 5F5F494E 		.ascii "__INT8_TYPE__ signed char\0"
 537      54385F54 
 537      5950455F 
 537      5F207369 
 537      676E6564 
 538 03f0 01       		.byte	0x1
 539 03f1 00       		.uleb128 0
 540 03f2 5F5F494E 		.ascii "__INT16_TYPE__ short int\0"
 540      5431365F 
 540      54595045 
 540      5F5F2073 
 540      686F7274 
 541 040b 01       		.byte	0x1
 542 040c 00       		.uleb128 0
 543 040d 5F5F494E 		.ascii "__INT32_TYPE__ int\0"
 543      5433325F 
 543      54595045 
 543      5F5F2069 
 543      6E7400
 544 0420 01       		.byte	0x1
 545 0421 00       		.uleb128 0
 546 0422 5F5F494E 		.ascii "__INT64_TYPE__ long long int\0"
 546      5436345F 
 546      54595045 
 546      5F5F206C 
 546      6F6E6720 
 547 043f 01       		.byte	0x1
 548 0440 00       		.uleb128 0
 549 0441 5F5F5549 		.ascii "__UINT8_TYPE__ unsigned char\0"
 549      4E54385F 
 549      54595045 
 549      5F5F2075 
 549      6E736967 
 550 045e 01       		.byte	0x1
GAS LISTING C:\Users\PRESID~1\AppData\Local\Temp\ccQ12PkS.s 			page 15


 551 045f 00       		.uleb128 0
 552 0460 5F5F5549 		.ascii "__UINT16_TYPE__ short unsigned int\0"
 552      4E543136 
 552      5F545950 
 552      455F5F20 
 552      73686F72 
 553 0483 01       		.byte	0x1
 554 0484 00       		.uleb128 0
 555 0485 5F5F5549 		.ascii "__UINT32_TYPE__ unsigned int\0"
 555      4E543332 
 555      5F545950 
 555      455F5F20 
 555      756E7369 
 556 04a2 01       		.byte	0x1
 557 04a3 00       		.uleb128 0
 558 04a4 5F5F5549 		.ascii "__UINT64_TYPE__ long long unsigned int\0"
 558      4E543634 
 558      5F545950 
 558      455F5F20 
 558      6C6F6E67 
 559 04cb 01       		.byte	0x1
 560 04cc 00       		.uleb128 0
 561 04cd 5F5F494E 		.ascii "__INT_LEAST8_TYPE__ signed char\0"
 561      545F4C45 
 561      41535438 
 561      5F545950 
 561      455F5F20 
 562 04ed 01       		.byte	0x1
 563 04ee 00       		.uleb128 0
 564 04ef 5F5F494E 		.ascii "__INT_LEAST16_TYPE__ short int\0"
 564      545F4C45 
 564      41535431 
 564      365F5459 
 564      50455F5F 
 565 050e 01       		.byte	0x1
 566 050f 00       		.uleb128 0
 567 0510 5F5F494E 		.ascii "__INT_LEAST32_TYPE__ int\0"
 567      545F4C45 
 567      41535433 
 567      325F5459 
 567      50455F5F 
 568 0529 01       		.byte	0x1
 569 052a 00       		.uleb128 0
 570 052b 5F5F494E 		.ascii "__INT_LEAST64_TYPE__ long long int\0"
 570      545F4C45 
 570      41535436 
 570      345F5459 
 570      50455F5F 
 571 054e 01       		.byte	0x1
 572 054f 00       		.uleb128 0
 573 0550 5F5F5549 		.ascii "__UINT_LEAST8_TYPE__ unsigned char\0"
 573      4E545F4C 
 573      45415354 
 573      385F5459 
 573      50455F5F 
 574 0573 01       		.byte	0x1
 575 0574 00       		.uleb128 0
GAS LISTING C:\Users\PRESID~1\AppData\Local\Temp\ccQ12PkS.s 			page 16


 576 0575 5F5F5549 		.ascii "__UINT_LEAST16_TYPE__ short unsigned int\0"
 576      4E545F4C 
 576      45415354 
 576      31365F54 
 576      5950455F 
 577 059e 01       		.byte	0x1
 578 059f 00       		.uleb128 0
 579 05a0 5F5F5549 		.ascii "__UINT_LEAST32_TYPE__ unsigned int\0"
 579      4E545F4C 
 579      45415354 
 579      33325F54 
 579      5950455F 
 580 05c3 01       		.byte	0x1
 581 05c4 00       		.uleb128 0
 582 05c5 5F5F5549 		.ascii "__UINT_LEAST64_TYPE__ long long unsigned int\0"
 582      4E545F4C 
 582      45415354 
 582      36345F54 
 582      5950455F 
 583 05f2 01       		.byte	0x1
 584 05f3 00       		.uleb128 0
 585 05f4 5F5F494E 		.ascii "__INT_FAST8_TYPE__ signed char\0"
 585      545F4641 
 585      5354385F 
 585      54595045 
 585      5F5F2073 
 586 0613 01       		.byte	0x1
 587 0614 00       		.uleb128 0
 588 0615 5F5F494E 		.ascii "__INT_FAST16_TYPE__ short int\0"
 588      545F4641 
 588      53543136 
 588      5F545950 
 588      455F5F20 
 589 0633 01       		.byte	0x1
 590 0634 00       		.uleb128 0
 591 0635 5F5F494E 		.ascii "__INT_FAST32_TYPE__ int\0"
 591      545F4641 
 591      53543332 
 591      5F545950 
 591      455F5F20 
 592 064d 01       		.byte	0x1
 593 064e 00       		.uleb128 0
 594 064f 5F5F494E 		.ascii "__INT_FAST64_TYPE__ long long int\0"
 594      545F4641 
 594      53543634 
 594      5F545950 
 594      455F5F20 
 595 0671 01       		.byte	0x1
 596 0672 00       		.uleb128 0
 597 0673 5F5F5549 		.ascii "__UINT_FAST8_TYPE__ unsigned char\0"
 597      4E545F46 
 597      41535438 
 597      5F545950 
 597      455F5F20 
 598 0695 01       		.byte	0x1
 599 0696 00       		.uleb128 0
 600 0697 5F5F5549 		.ascii "__UINT_FAST16_TYPE__ short unsigned int\0"
GAS LISTING C:\Users\PRESID~1\AppData\Local\Temp\ccQ12PkS.s 			page 17


 600      4E545F46 
 600      41535431 
 600      365F5459 
 600      50455F5F 
 601 06bf 01       		.byte	0x1
 602 06c0 00       		.uleb128 0
 603 06c1 5F5F5549 		.ascii "__UINT_FAST32_TYPE__ unsigned int\0"
 603      4E545F46 
 603      41535433 
 603      325F5459 
 603      50455F5F 
 604 06e3 01       		.byte	0x1
 605 06e4 00       		.uleb128 0
 606 06e5 5F5F5549 		.ascii "__UINT_FAST64_TYPE__ long long unsigned int\0"
 606      4E545F46 
 606      41535436 
 606      345F5459 
 606      50455F5F 
 607 0711 01       		.byte	0x1
 608 0712 00       		.uleb128 0
 609 0713 5F5F494E 		.ascii "__INTPTR_TYPE__ int\0"
 609      54505452 
 609      5F545950 
 609      455F5F20 
 609      696E7400 
 610 0727 01       		.byte	0x1
 611 0728 00       		.uleb128 0
 612 0729 5F5F5549 		.ascii "__UINTPTR_TYPE__ unsigned int\0"
 612      4E545054 
 612      525F5459 
 612      50455F5F 
 612      20756E73 
 613 0747 01       		.byte	0x1
 614 0748 00       		.uleb128 0
 615 0749 5F5F6861 		.ascii "__has_include(STR) __has_include__(STR)\0"
 615      735F696E 
 615      636C7564 
 615      65285354 
 615      5229205F 
 616 0771 01       		.byte	0x1
 617 0772 00       		.uleb128 0
 618 0773 5F5F6861 		.ascii "__has_include_next(STR) __has_include_next__(STR)\0"
 618      735F696E 
 618      636C7564 
 618      655F6E65 
 618      78742853 
 619 07a5 01       		.byte	0x1
 620 07a6 00       		.uleb128 0
 621 07a7 5F5F4758 		.ascii "__GXX_ABI_VERSION 1002\0"
 621      585F4142 
 621      495F5645 
 621      5253494F 
 621      4E203130 
 622 07be 01       		.byte	0x1
 623 07bf 00       		.uleb128 0
 624 07c0 5F5F5343 		.ascii "__SCHAR_MAX__ 127\0"
 624      4841525F 
GAS LISTING C:\Users\PRESID~1\AppData\Local\Temp\ccQ12PkS.s 			page 18


 624      4D41585F 
 624      5F203132 
 624      3700
 625 07d2 01       		.byte	0x1
 626 07d3 00       		.uleb128 0
 627 07d4 5F5F5348 		.ascii "__SHRT_MAX__ 32767\0"
 627      52545F4D 
 627      41585F5F 
 627      20333237 
 627      363700
 628 07e7 01       		.byte	0x1
 629 07e8 00       		.uleb128 0
 630 07e9 5F5F494E 		.ascii "__INT_MAX__ 2147483647\0"
 630      545F4D41 
 630      585F5F20 
 630      32313437 
 630      34383336 
 631 0800 01       		.byte	0x1
 632 0801 00       		.uleb128 0
 633 0802 5F5F4C4F 		.ascii "__LONG_MAX__ 2147483647L\0"
 633      4E475F4D 
 633      41585F5F 
 633      20323134 
 633      37343833 
 634 081b 01       		.byte	0x1
 635 081c 00       		.uleb128 0
 636 081d 5F5F4C4F 		.ascii "__LONG_LONG_MAX__ 9223372036854775807LL\0"
 636      4E475F4C 
 636      4F4E475F 
 636      4D41585F 
 636      5F203932 
 637 0845 01       		.byte	0x1
 638 0846 00       		.uleb128 0
 639 0847 5F5F5743 		.ascii "__WCHAR_MAX__ 65535\0"
 639      4841525F 
 639      4D41585F 
 639      5F203635 
 639      35333500 
 640 085b 01       		.byte	0x1
 641 085c 00       		.uleb128 0
 642 085d 5F5F5743 		.ascii "__WCHAR_MIN__ 0\0"
 642      4841525F 
 642      4D494E5F 
 642      5F203000 
 643 086d 01       		.byte	0x1
 644 086e 00       		.uleb128 0
 645 086f 5F5F5749 		.ascii "__WINT_MAX__ 65535\0"
 645      4E545F4D 
 645      41585F5F 
 645      20363535 
 645      333500
 646 0882 01       		.byte	0x1
 647 0883 00       		.uleb128 0
 648 0884 5F5F5749 		.ascii "__WINT_MIN__ 0\0"
 648      4E545F4D 
 648      494E5F5F 
 648      203000
GAS LISTING C:\Users\PRESID~1\AppData\Local\Temp\ccQ12PkS.s 			page 19


 649 0893 01       		.byte	0x1
 650 0894 00       		.uleb128 0
 651 0895 5F5F5054 		.ascii "__PTRDIFF_MAX__ 2147483647\0"
 651      52444946 
 651      465F4D41 
 651      585F5F20 
 651      32313437 
 652 08b0 01       		.byte	0x1
 653 08b1 00       		.uleb128 0
 654 08b2 5F5F5349 		.ascii "__SIZE_MAX__ 4294967295U\0"
 654      5A455F4D 
 654      41585F5F 
 654      20343239 
 654      34393637 
 655 08cb 01       		.byte	0x1
 656 08cc 00       		.uleb128 0
 657 08cd 5F5F494E 		.ascii "__INTMAX_MAX__ 9223372036854775807LL\0"
 657      544D4158 
 657      5F4D4158 
 657      5F5F2039 
 657      32323333 
 658 08f2 01       		.byte	0x1
 659 08f3 00       		.uleb128 0
 660 08f4 5F5F494E 		.ascii "__INTMAX_C(c) c ## LL\0"
 660      544D4158 
 660      5F432863 
 660      29206320 
 660      2323204C 
 661 090a 01       		.byte	0x1
 662 090b 00       		.uleb128 0
 663 090c 5F5F5549 		.ascii "__UINTMAX_MAX__ 18446744073709551615ULL\0"
 663      4E544D41 
 663      585F4D41 
 663      585F5F20 
 663      31383434 
 664 0934 01       		.byte	0x1
 665 0935 00       		.uleb128 0
 666 0936 5F5F5549 		.ascii "__UINTMAX_C(c) c ## ULL\0"
 666      4E544D41 
 666      585F4328 
 666      63292063 
 666      20232320 
 667 094e 01       		.byte	0x1
 668 094f 00       		.uleb128 0
 669 0950 5F5F5349 		.ascii "__SIG_ATOMIC_MAX__ 2147483647\0"
 669      475F4154 
 669      4F4D4943 
 669      5F4D4158 
 669      5F5F2032 
 670 096e 01       		.byte	0x1
 671 096f 00       		.uleb128 0
 672 0970 5F5F5349 		.ascii "__SIG_ATOMIC_MIN__ (-__SIG_ATOMIC_MAX__ - 1)\0"
 672      475F4154 
 672      4F4D4943 
 672      5F4D494E 
 672      5F5F2028 
 673 099d 01       		.byte	0x1
GAS LISTING C:\Users\PRESID~1\AppData\Local\Temp\ccQ12PkS.s 			page 20


 674 099e 00       		.uleb128 0
 675 099f 5F5F494E 		.ascii "__INT8_MAX__ 127\0"
 675      54385F4D 
 675      41585F5F 
 675      20313237 
 675      00
 676 09b0 01       		.byte	0x1
 677 09b1 00       		.uleb128 0
 678 09b2 5F5F494E 		.ascii "__INT16_MAX__ 32767\0"
 678      5431365F 
 678      4D41585F 
 678      5F203332 
 678      37363700 
 679 09c6 01       		.byte	0x1
 680 09c7 00       		.uleb128 0
 681 09c8 5F5F494E 		.ascii "__INT32_MAX__ 2147483647\0"
 681      5433325F 
 681      4D41585F 
 681      5F203231 
 681      34373438 
 682 09e1 01       		.byte	0x1
 683 09e2 00       		.uleb128 0
 684 09e3 5F5F494E 		.ascii "__INT64_MAX__ 9223372036854775807LL\0"
 684      5436345F 
 684      4D41585F 
 684      5F203932 
 684      32333337 
 685 0a07 01       		.byte	0x1
 686 0a08 00       		.uleb128 0
 687 0a09 5F5F5549 		.ascii "__UINT8_MAX__ 255\0"
 687      4E54385F 
 687      4D41585F 
 687      5F203235 
 687      3500
 688 0a1b 01       		.byte	0x1
 689 0a1c 00       		.uleb128 0
 690 0a1d 5F5F5549 		.ascii "__UINT16_MAX__ 65535\0"
 690      4E543136 
 690      5F4D4158 
 690      5F5F2036 
 690      35353335 
 691 0a32 01       		.byte	0x1
 692 0a33 00       		.uleb128 0
 693 0a34 5F5F5549 		.ascii "__UINT32_MAX__ 4294967295U\0"
 693      4E543332 
 693      5F4D4158 
 693      5F5F2034 
 693      32393439 
 694 0a4f 01       		.byte	0x1
 695 0a50 00       		.uleb128 0
 696 0a51 5F5F5549 		.ascii "__UINT64_MAX__ 18446744073709551615ULL\0"
 696      4E543634 
 696      5F4D4158 
 696      5F5F2031 
 696      38343436 
 697 0a78 01       		.byte	0x1
 698 0a79 00       		.uleb128 0
GAS LISTING C:\Users\PRESID~1\AppData\Local\Temp\ccQ12PkS.s 			page 21


 699 0a7a 5F5F494E 		.ascii "__INT_LEAST8_MAX__ 127\0"
 699      545F4C45 
 699      41535438 
 699      5F4D4158 
 699      5F5F2031 
 700 0a91 01       		.byte	0x1
 701 0a92 00       		.uleb128 0
 702 0a93 5F5F494E 		.ascii "__INT8_C(c) c\0"
 702      54385F43 
 702      28632920 
 702      6300
 703 0aa1 01       		.byte	0x1
 704 0aa2 00       		.uleb128 0
 705 0aa3 5F5F494E 		.ascii "__INT_LEAST16_MAX__ 32767\0"
 705      545F4C45 
 705      41535431 
 705      365F4D41 
 705      585F5F20 
 706 0abd 01       		.byte	0x1
 707 0abe 00       		.uleb128 0
 708 0abf 5F5F494E 		.ascii "__INT16_C(c) c\0"
 708      5431365F 
 708      43286329 
 708      206300
 709 0ace 01       		.byte	0x1
 710 0acf 00       		.uleb128 0
 711 0ad0 5F5F494E 		.ascii "__INT_LEAST32_MAX__ 2147483647\0"
 711      545F4C45 
 711      41535433 
 711      325F4D41 
 711      585F5F20 
 712 0aef 01       		.byte	0x1
 713 0af0 00       		.uleb128 0
 714 0af1 5F5F494E 		.ascii "__INT32_C(c) c\0"
 714      5433325F 
 714      43286329 
 714      206300
 715 0b00 01       		.byte	0x1
 716 0b01 00       		.uleb128 0
 717 0b02 5F5F494E 		.ascii "__INT_LEAST64_MAX__ 9223372036854775807LL\0"
 717      545F4C45 
 717      41535436 
 717      345F4D41 
 717      585F5F20 
 718 0b2c 01       		.byte	0x1
 719 0b2d 00       		.uleb128 0
 720 0b2e 5F5F494E 		.ascii "__INT64_C(c) c ## LL\0"
 720      5436345F 
 720      43286329 
 720      20632023 
 720      23204C4C 
 721 0b43 01       		.byte	0x1
 722 0b44 00       		.uleb128 0
 723 0b45 5F5F5549 		.ascii "__UINT_LEAST8_MAX__ 255\0"
 723      4E545F4C 
 723      45415354 
 723      385F4D41 
GAS LISTING C:\Users\PRESID~1\AppData\Local\Temp\ccQ12PkS.s 			page 22


 723      585F5F20 
 724 0b5d 01       		.byte	0x1
 725 0b5e 00       		.uleb128 0
 726 0b5f 5F5F5549 		.ascii "__UINT8_C(c) c\0"
 726      4E54385F 
 726      43286329 
 726      206300
 727 0b6e 01       		.byte	0x1
 728 0b6f 00       		.uleb128 0
 729 0b70 5F5F5549 		.ascii "__UINT_LEAST16_MAX__ 65535\0"
 729      4E545F4C 
 729      45415354 
 729      31365F4D 
 729      41585F5F 
 730 0b8b 01       		.byte	0x1
 731 0b8c 00       		.uleb128 0
 732 0b8d 5F5F5549 		.ascii "__UINT16_C(c) c\0"
 732      4E543136 
 732      5F432863 
 732      29206300 
 733 0b9d 01       		.byte	0x1
 734 0b9e 00       		.uleb128 0
 735 0b9f 5F5F5549 		.ascii "__UINT_LEAST32_MAX__ 4294967295U\0"
 735      4E545F4C 
 735      45415354 
 735      33325F4D 
 735      41585F5F 
 736 0bc0 01       		.byte	0x1
 737 0bc1 00       		.uleb128 0
 738 0bc2 5F5F5549 		.ascii "__UINT32_C(c) c ## U\0"
 738      4E543332 
 738      5F432863 
 738      29206320 
 738      23232055 
 739 0bd7 01       		.byte	0x1
 740 0bd8 00       		.uleb128 0
 741 0bd9 5F5F5549 		.ascii "__UINT_LEAST64_MAX__ 18446744073709551615ULL\0"
 741      4E545F4C 
 741      45415354 
 741      36345F4D 
 741      41585F5F 
 742 0c06 01       		.byte	0x1
 743 0c07 00       		.uleb128 0
 744 0c08 5F5F5549 		.ascii "__UINT64_C(c) c ## ULL\0"
 744      4E543634 
 744      5F432863 
 744      29206320 
 744      23232055 
 745 0c1f 01       		.byte	0x1
 746 0c20 00       		.uleb128 0
 747 0c21 5F5F494E 		.ascii "__INT_FAST8_MAX__ 127\0"
 747      545F4641 
 747      5354385F 
 747      4D41585F 
 747      5F203132 
 748 0c37 01       		.byte	0x1
 749 0c38 00       		.uleb128 0
GAS LISTING C:\Users\PRESID~1\AppData\Local\Temp\ccQ12PkS.s 			page 23


 750 0c39 5F5F494E 		.ascii "__INT_FAST16_MAX__ 32767\0"
 750      545F4641 
 750      53543136 
 750      5F4D4158 
 750      5F5F2033 
 751 0c52 01       		.byte	0x1
 752 0c53 00       		.uleb128 0
 753 0c54 5F5F494E 		.ascii "__INT_FAST32_MAX__ 2147483647\0"
 753      545F4641 
 753      53543332 
 753      5F4D4158 
 753      5F5F2032 
 754 0c72 01       		.byte	0x1
 755 0c73 00       		.uleb128 0
 756 0c74 5F5F494E 		.ascii "__INT_FAST64_MAX__ 9223372036854775807LL\0"
 756      545F4641 
 756      53543634 
 756      5F4D4158 
 756      5F5F2039 
 757 0c9d 01       		.byte	0x1
 758 0c9e 00       		.uleb128 0
 759 0c9f 5F5F5549 		.ascii "__UINT_FAST8_MAX__ 255\0"
 759      4E545F46 
 759      41535438 
 759      5F4D4158 
 759      5F5F2032 
 760 0cb6 01       		.byte	0x1
 761 0cb7 00       		.uleb128 0
 762 0cb8 5F5F5549 		.ascii "__UINT_FAST16_MAX__ 65535\0"
 762      4E545F46 
 762      41535431 
 762      365F4D41 
 762      585F5F20 
 763 0cd2 01       		.byte	0x1
 764 0cd3 00       		.uleb128 0
 765 0cd4 5F5F5549 		.ascii "__UINT_FAST32_MAX__ 4294967295U\0"
 765      4E545F46 
 765      41535433 
 765      325F4D41 
 765      585F5F20 
 766 0cf4 01       		.byte	0x1
 767 0cf5 00       		.uleb128 0
 768 0cf6 5F5F5549 		.ascii "__UINT_FAST64_MAX__ 18446744073709551615ULL\0"
 768      4E545F46 
 768      41535436 
 768      345F4D41 
 768      585F5F20 
 769 0d22 01       		.byte	0x1
 770 0d23 00       		.uleb128 0
 771 0d24 5F5F494E 		.ascii "__INTPTR_MAX__ 2147483647\0"
 771      54505452 
 771      5F4D4158 
 771      5F5F2032 
 771      31343734 
 772 0d3e 01       		.byte	0x1
 773 0d3f 00       		.uleb128 0
 774 0d40 5F5F5549 		.ascii "__UINTPTR_MAX__ 4294967295U\0"
GAS LISTING C:\Users\PRESID~1\AppData\Local\Temp\ccQ12PkS.s 			page 24


 774      4E545054 
 774      525F4D41 
 774      585F5F20 
 774      34323934 
 775 0d5c 01       		.byte	0x1
 776 0d5d 00       		.uleb128 0
 777 0d5e 5F5F4743 		.ascii "__GCC_IEC_559 2\0"
 777      435F4945 
 777      435F3535 
 777      39203200 
 778 0d6e 01       		.byte	0x1
 779 0d6f 00       		.uleb128 0
 780 0d70 5F5F4743 		.ascii "__GCC_IEC_559_COMPLEX 2\0"
 780      435F4945 
 780      435F3535 
 780      395F434F 
 780      4D504C45 
 781 0d88 01       		.byte	0x1
 782 0d89 00       		.uleb128 0
 783 0d8a 5F5F464C 		.ascii "__FLT_EVAL_METHOD__ 2\0"
 783      545F4556 
 783      414C5F4D 
 783      4554484F 
 783      445F5F20 
 784 0da0 01       		.byte	0x1
 785 0da1 00       		.uleb128 0
 786 0da2 5F5F4445 		.ascii "__DEC_EVAL_METHOD__ 2\0"
 786      435F4556 
 786      414C5F4D 
 786      4554484F 
 786      445F5F20 
 787 0db8 01       		.byte	0x1
 788 0db9 00       		.uleb128 0
 789 0dba 5F5F464C 		.ascii "__FLT_RADIX__ 2\0"
 789      545F5241 
 789      4449585F 
 789      5F203200 
 790 0dca 01       		.byte	0x1
 791 0dcb 00       		.uleb128 0
 792 0dcc 5F5F464C 		.ascii "__FLT_MANT_DIG__ 24\0"
 792      545F4D41 
 792      4E545F44 
 792      49475F5F 
 792      20323400 
 793 0de0 01       		.byte	0x1
 794 0de1 00       		.uleb128 0
 795 0de2 5F5F464C 		.ascii "__FLT_DIG__ 6\0"
 795      545F4449 
 795      475F5F20 
 795      3600
 796 0df0 01       		.byte	0x1
 797 0df1 00       		.uleb128 0
 798 0df2 5F5F464C 		.ascii "__FLT_MIN_EXP__ (-125)\0"
 798      545F4D49 
 798      4E5F4558 
 798      505F5F20 
 798      282D3132 
GAS LISTING C:\Users\PRESID~1\AppData\Local\Temp\ccQ12PkS.s 			page 25


 799 0e09 01       		.byte	0x1
 800 0e0a 00       		.uleb128 0
 801 0e0b 5F5F464C 		.ascii "__FLT_MIN_10_EXP__ (-37)\0"
 801      545F4D49 
 801      4E5F3130 
 801      5F455850 
 801      5F5F2028 
 802 0e24 01       		.byte	0x1
 803 0e25 00       		.uleb128 0
 804 0e26 5F5F464C 		.ascii "__FLT_MAX_EXP__ 128\0"
 804      545F4D41 
 804      585F4558 
 804      505F5F20 
 804      31323800 
 805 0e3a 01       		.byte	0x1
 806 0e3b 00       		.uleb128 0
 807 0e3c 5F5F464C 		.ascii "__FLT_MAX_10_EXP__ 38\0"
 807      545F4D41 
 807      585F3130 
 807      5F455850 
 807      5F5F2033 
 808 0e52 01       		.byte	0x1
 809 0e53 00       		.uleb128 0
 810 0e54 5F5F464C 		.ascii "__FLT_DECIMAL_DIG__ 9\0"
 810      545F4445 
 810      43494D41 
 810      4C5F4449 
 810      475F5F20 
 811 0e6a 01       		.byte	0x1
 812 0e6b 00       		.uleb128 0
 813 0e6c 5F5F464C 		.ascii "__FLT_MAX__ 3.40282346638528859812e+38F\0"
 813      545F4D41 
 813      585F5F20 
 813      332E3430 
 813      32383233 
 814 0e94 01       		.byte	0x1
 815 0e95 00       		.uleb128 0
 816 0e96 5F5F464C 		.ascii "__FLT_MIN__ 1.17549435082228750797e-38F\0"
 816      545F4D49 
 816      4E5F5F20 
 816      312E3137 
 816      35343934 
 817 0ebe 01       		.byte	0x1
 818 0ebf 00       		.uleb128 0
 819 0ec0 5F5F464C 		.ascii "__FLT_EPSILON__ 1.19209289550781250000e-7F\0"
 819      545F4550 
 819      53494C4F 
 819      4E5F5F20 
 819      312E3139 
 820 0eeb 01       		.byte	0x1
 821 0eec 00       		.uleb128 0
 822 0eed 5F5F464C 		.ascii "__FLT_DENORM_MIN__ 1.40129846432481707092e-45F\0"
 822      545F4445 
 822      4E4F524D 
 822      5F4D494E 
 822      5F5F2031 
 823 0f1c 01       		.byte	0x1
GAS LISTING C:\Users\PRESID~1\AppData\Local\Temp\ccQ12PkS.s 			page 26


 824 0f1d 00       		.uleb128 0
 825 0f1e 5F5F464C 		.ascii "__FLT_HAS_DENORM__ 1\0"
 825      545F4841 
 825      535F4445 
 825      4E4F524D 
 825      5F5F2031 
 826 0f33 01       		.byte	0x1
 827 0f34 00       		.uleb128 0
 828 0f35 5F5F464C 		.ascii "__FLT_HAS_INFINITY__ 1\0"
 828      545F4841 
 828      535F494E 
 828      46494E49 
 828      54595F5F 
 829 0f4c 01       		.byte	0x1
 830 0f4d 00       		.uleb128 0
 831 0f4e 5F5F464C 		.ascii "__FLT_HAS_QUIET_NAN__ 1\0"
 831      545F4841 
 831      535F5155 
 831      4945545F 
 831      4E414E5F 
 832 0f66 01       		.byte	0x1
 833 0f67 00       		.uleb128 0
 834 0f68 5F5F4442 		.ascii "__DBL_MANT_DIG__ 53\0"
 834      4C5F4D41 
 834      4E545F44 
 834      49475F5F 
 834      20353300 
 835 0f7c 01       		.byte	0x1
 836 0f7d 00       		.uleb128 0
 837 0f7e 5F5F4442 		.ascii "__DBL_DIG__ 15\0"
 837      4C5F4449 
 837      475F5F20 
 837      313500
 838 0f8d 01       		.byte	0x1
 839 0f8e 00       		.uleb128 0
 840 0f8f 5F5F4442 		.ascii "__DBL_MIN_EXP__ (-1021)\0"
 840      4C5F4D49 
 840      4E5F4558 
 840      505F5F20 
 840      282D3130 
 841 0fa7 01       		.byte	0x1
 842 0fa8 00       		.uleb128 0
 843 0fa9 5F5F4442 		.ascii "__DBL_MIN_10_EXP__ (-307)\0"
 843      4C5F4D49 
 843      4E5F3130 
 843      5F455850 
 843      5F5F2028 
 844 0fc3 01       		.byte	0x1
 845 0fc4 00       		.uleb128 0
 846 0fc5 5F5F4442 		.ascii "__DBL_MAX_EXP__ 1024\0"
 846      4C5F4D41 
 846      585F4558 
 846      505F5F20 
 846      31303234 
 847 0fda 01       		.byte	0x1
 848 0fdb 00       		.uleb128 0
 849 0fdc 5F5F4442 		.ascii "__DBL_MAX_10_EXP__ 308\0"
GAS LISTING C:\Users\PRESID~1\AppData\Local\Temp\ccQ12PkS.s 			page 27


 849      4C5F4D41 
 849      585F3130 
 849      5F455850 
 849      5F5F2033 
 850 0ff3 01       		.byte	0x1
 851 0ff4 00       		.uleb128 0
 852 0ff5 5F5F4442 		.ascii "__DBL_DECIMAL_DIG__ 17\0"
 852      4C5F4445 
 852      43494D41 
 852      4C5F4449 
 852      475F5F20 
 853 100c 01       		.byte	0x1
 854 100d 00       		.uleb128 0
 855 100e 5F5F4442 		.ascii "__DBL_MAX__ ((double)1.79769313486231570815e+308L)\0"
 855      4C5F4D41 
 855      585F5F20 
 855      2828646F 
 855      75626C65 
 856 1041 01       		.byte	0x1
 857 1042 00       		.uleb128 0
 858 1043 5F5F4442 		.ascii "__DBL_MIN__ ((double)2.22507385850720138309e-308L)\0"
 858      4C5F4D49 
 858      4E5F5F20 
 858      2828646F 
 858      75626C65 
 859 1076 01       		.byte	0x1
 860 1077 00       		.uleb128 0
 861 1078 5F5F4442 		.ascii "__DBL_EPSILON__ ((double)2.22044604925031308085e-16L)\0"
 861      4C5F4550 
 861      53494C4F 
 861      4E5F5F20 
 861      2828646F 
 862 10ae 01       		.byte	0x1
 863 10af 00       		.uleb128 0
 864 10b0 5F5F4442 		.ascii "__DBL_DENORM_MIN__ ((double)4.94065645841246544177e-324L)\0"
 864      4C5F4445 
 864      4E4F524D 
 864      5F4D494E 
 864      5F5F2028 
 865 10ea 01       		.byte	0x1
 866 10eb 00       		.uleb128 0
 867 10ec 5F5F4442 		.ascii "__DBL_HAS_DENORM__ 1\0"
 867      4C5F4841 
 867      535F4445 
 867      4E4F524D 
 867      5F5F2031 
 868 1101 01       		.byte	0x1
 869 1102 00       		.uleb128 0
 870 1103 5F5F4442 		.ascii "__DBL_HAS_INFINITY__ 1\0"
 870      4C5F4841 
 870      535F494E 
 870      46494E49 
 870      54595F5F 
 871 111a 01       		.byte	0x1
 872 111b 00       		.uleb128 0
 873 111c 5F5F4442 		.ascii "__DBL_HAS_QUIET_NAN__ 1\0"
 873      4C5F4841 
GAS LISTING C:\Users\PRESID~1\AppData\Local\Temp\ccQ12PkS.s 			page 28


 873      535F5155 
 873      4945545F 
 873      4E414E5F 
 874 1134 01       		.byte	0x1
 875 1135 00       		.uleb128 0
 876 1136 5F5F4C44 		.ascii "__LDBL_MANT_DIG__ 64\0"
 876      424C5F4D 
 876      414E545F 
 876      4449475F 
 876      5F203634 
 877 114b 01       		.byte	0x1
 878 114c 00       		.uleb128 0
 879 114d 5F5F4C44 		.ascii "__LDBL_DIG__ 18\0"
 879      424C5F44 
 879      49475F5F 
 879      20313800 
 880 115d 01       		.byte	0x1
 881 115e 00       		.uleb128 0
 882 115f 5F5F4C44 		.ascii "__LDBL_MIN_EXP__ (-16381)\0"
 882      424C5F4D 
 882      494E5F45 
 882      58505F5F 
 882      20282D31 
 883 1179 01       		.byte	0x1
 884 117a 00       		.uleb128 0
 885 117b 5F5F4C44 		.ascii "__LDBL_MIN_10_EXP__ (-4931)\0"
 885      424C5F4D 
 885      494E5F31 
 885      305F4558 
 885      505F5F20 
 886 1197 01       		.byte	0x1
 887 1198 00       		.uleb128 0
 888 1199 5F5F4C44 		.ascii "__LDBL_MAX_EXP__ 16384\0"
 888      424C5F4D 
 888      41585F45 
 888      58505F5F 
 888      20313633 
 889 11b0 01       		.byte	0x1
 890 11b1 00       		.uleb128 0
 891 11b2 5F5F4C44 		.ascii "__LDBL_MAX_10_EXP__ 4932\0"
 891      424C5F4D 
 891      41585F31 
 891      305F4558 
 891      505F5F20 
 892 11cb 01       		.byte	0x1
 893 11cc 00       		.uleb128 0
 894 11cd 5F5F4445 		.ascii "__DECIMAL_DIG__ 21\0"
 894      43494D41 
 894      4C5F4449 
 894      475F5F20 
 894      323100
 895 11e0 01       		.byte	0x1
 896 11e1 00       		.uleb128 0
 897 11e2 5F5F4C44 		.ascii "__LDBL_MAX__ 1.18973149535723176502e+4932L\0"
 897      424C5F4D 
 897      41585F5F 
 897      20312E31 
GAS LISTING C:\Users\PRESID~1\AppData\Local\Temp\ccQ12PkS.s 			page 29


 897      38393733 
 898 120d 01       		.byte	0x1
 899 120e 00       		.uleb128 0
 900 120f 5F5F4C44 		.ascii "__LDBL_MIN__ 3.36210314311209350626e-4932L\0"
 900      424C5F4D 
 900      494E5F5F 
 900      20332E33 
 900      36323130 
 901 123a 01       		.byte	0x1
 902 123b 00       		.uleb128 0
 903 123c 5F5F4C44 		.ascii "__LDBL_EPSILON__ 1.08420217248550443401e-19L\0"
 903      424C5F45 
 903      5053494C 
 903      4F4E5F5F 
 903      20312E30 
 904 1269 01       		.byte	0x1
 905 126a 00       		.uleb128 0
 906 126b 5F5F4C44 		.ascii "__LDBL_DENORM_MIN__ 3.64519953188247460253e-4951L\0"
 906      424C5F44 
 906      454E4F52 
 906      4D5F4D49 
 906      4E5F5F20 
 907 129d 01       		.byte	0x1
 908 129e 00       		.uleb128 0
 909 129f 5F5F4C44 		.ascii "__LDBL_HAS_DENORM__ 1\0"
 909      424C5F48 
 909      41535F44 
 909      454E4F52 
 909      4D5F5F20 
 910 12b5 01       		.byte	0x1
 911 12b6 00       		.uleb128 0
 912 12b7 5F5F4C44 		.ascii "__LDBL_HAS_INFINITY__ 1\0"
 912      424C5F48 
 912      41535F49 
 912      4E46494E 
 912      4954595F 
 913 12cf 01       		.byte	0x1
 914 12d0 00       		.uleb128 0
 915 12d1 5F5F4C44 		.ascii "__LDBL_HAS_QUIET_NAN__ 1\0"
 915      424C5F48 
 915      41535F51 
 915      55494554 
 915      5F4E414E 
 916 12ea 01       		.byte	0x1
 917 12eb 00       		.uleb128 0
 918 12ec 5F5F4445 		.ascii "__DEC32_MANT_DIG__ 7\0"
 918      4333325F 
 918      4D414E54 
 918      5F444947 
 918      5F5F2037 
 919 1301 01       		.byte	0x1
 920 1302 00       		.uleb128 0
 921 1303 5F5F4445 		.ascii "__DEC32_MIN_EXP__ (-94)\0"
 921      4333325F 
 921      4D494E5F 
 921      4558505F 
 921      5F20282D 
GAS LISTING C:\Users\PRESID~1\AppData\Local\Temp\ccQ12PkS.s 			page 30


 922 131b 01       		.byte	0x1
 923 131c 00       		.uleb128 0
 924 131d 5F5F4445 		.ascii "__DEC32_MAX_EXP__ 97\0"
 924      4333325F 
 924      4D41585F 
 924      4558505F 
 924      5F203937 
 925 1332 01       		.byte	0x1
 926 1333 00       		.uleb128 0
 927 1334 5F5F4445 		.ascii "__DEC32_MIN__ 1E-95DF\0"
 927      4333325F 
 927      4D494E5F 
 927      5F203145 
 927      2D393544 
 928 134a 01       		.byte	0x1
 929 134b 00       		.uleb128 0
 930 134c 5F5F4445 		.ascii "__DEC32_MAX__ 9.999999E96DF\0"
 930      4333325F 
 930      4D41585F 
 930      5F20392E 
 930      39393939 
 931 1368 01       		.byte	0x1
 932 1369 00       		.uleb128 0
 933 136a 5F5F4445 		.ascii "__DEC32_EPSILON__ 1E-6DF\0"
 933      4333325F 
 933      45505349 
 933      4C4F4E5F 
 933      5F203145 
 934 1383 01       		.byte	0x1
 935 1384 00       		.uleb128 0
 936 1385 5F5F4445 		.ascii "__DEC32_SUBNORMAL_MIN__ 0.000001E-95DF\0"
 936      4333325F 
 936      5355424E 
 936      4F524D41 
 936      4C5F4D49 
 937 13ac 01       		.byte	0x1
 938 13ad 00       		.uleb128 0
 939 13ae 5F5F4445 		.ascii "__DEC64_MANT_DIG__ 16\0"
 939      4336345F 
 939      4D414E54 
 939      5F444947 
 939      5F5F2031 
 940 13c4 01       		.byte	0x1
 941 13c5 00       		.uleb128 0
 942 13c6 5F5F4445 		.ascii "__DEC64_MIN_EXP__ (-382)\0"
 942      4336345F 
 942      4D494E5F 
 942      4558505F 
 942      5F20282D 
 943 13df 01       		.byte	0x1
 944 13e0 00       		.uleb128 0
 945 13e1 5F5F4445 		.ascii "__DEC64_MAX_EXP__ 385\0"
 945      4336345F 
 945      4D41585F 
 945      4558505F 
 945      5F203338 
 946 13f7 01       		.byte	0x1
GAS LISTING C:\Users\PRESID~1\AppData\Local\Temp\ccQ12PkS.s 			page 31


 947 13f8 00       		.uleb128 0
 948 13f9 5F5F4445 		.ascii "__DEC64_MIN__ 1E-383DD\0"
 948      4336345F 
 948      4D494E5F 
 948      5F203145 
 948      2D333833 
 949 1410 01       		.byte	0x1
 950 1411 00       		.uleb128 0
 951 1412 5F5F4445 		.ascii "__DEC64_MAX__ 9.999999999999999E384DD\0"
 951      4336345F 
 951      4D41585F 
 951      5F20392E 
 951      39393939 
 952 1438 01       		.byte	0x1
 953 1439 00       		.uleb128 0
 954 143a 5F5F4445 		.ascii "__DEC64_EPSILON__ 1E-15DD\0"
 954      4336345F 
 954      45505349 
 954      4C4F4E5F 
 954      5F203145 
 955 1454 01       		.byte	0x1
 956 1455 00       		.uleb128 0
 957 1456 5F5F4445 		.ascii "__DEC64_SUBNORMAL_MIN__ 0.000000000000001E-383DD\0"
 957      4336345F 
 957      5355424E 
 957      4F524D41 
 957      4C5F4D49 
 958 1487 01       		.byte	0x1
 959 1488 00       		.uleb128 0
 960 1489 5F5F4445 		.ascii "__DEC128_MANT_DIG__ 34\0"
 960      43313238 
 960      5F4D414E 
 960      545F4449 
 960      475F5F20 
 961 14a0 01       		.byte	0x1
 962 14a1 00       		.uleb128 0
 963 14a2 5F5F4445 		.ascii "__DEC128_MIN_EXP__ (-6142)\0"
 963      43313238 
 963      5F4D494E 
 963      5F455850 
 963      5F5F2028 
 964 14bd 01       		.byte	0x1
 965 14be 00       		.uleb128 0
 966 14bf 5F5F4445 		.ascii "__DEC128_MAX_EXP__ 6145\0"
 966      43313238 
 966      5F4D4158 
 966      5F455850 
 966      5F5F2036 
 967 14d7 01       		.byte	0x1
 968 14d8 00       		.uleb128 0
 969 14d9 5F5F4445 		.ascii "__DEC128_MIN__ 1E-6143DL\0"
 969      43313238 
 969      5F4D494E 
 969      5F5F2031 
 969      452D3631 
 970 14f2 01       		.byte	0x1
 971 14f3 00       		.uleb128 0
GAS LISTING C:\Users\PRESID~1\AppData\Local\Temp\ccQ12PkS.s 			page 32


 972 14f4 5F5F4445 		.ascii "__DEC128_MAX__ 9.999999999999999999999999999999999E6144DL\0"
 972      43313238 
 972      5F4D4158 
 972      5F5F2039 
 972      2E393939 
 973 152e 01       		.byte	0x1
 974 152f 00       		.uleb128 0
 975 1530 5F5F4445 		.ascii "__DEC128_EPSILON__ 1E-33DL\0"
 975      43313238 
 975      5F455053 
 975      494C4F4E 
 975      5F5F2031 
 976 154b 01       		.byte	0x1
 977 154c 00       		.uleb128 0
 978 154d 5F5F4445 		.ascii "__DEC128_SUBNORMAL_MIN__ 0.000000000000000000000000000000001E-6143DL\0"
 978      43313238 
 978      5F535542 
 978      4E4F524D 
 978      414C5F4D 
 979 1592 01       		.byte	0x1
 980 1593 00       		.uleb128 0
 981 1594 5F5F5245 		.ascii "__REGISTER_PREFIX__ \0"
 981      47495354 
 981      45525F50 
 981      52454649 
 981      585F5F20 
 982 15a9 01       		.byte	0x1
 983 15aa 00       		.uleb128 0
 984 15ab 5F5F5553 		.ascii "__USER_LABEL_PREFIX__ _\0"
 984      45525F4C 
 984      4142454C 
 984      5F505245 
 984      4649585F 
 985 15c3 01       		.byte	0x1
 986 15c4 00       		.uleb128 0
 987 15c5 5F5F474E 		.ascii "__GNUC_GNU_INLINE__ 1\0"
 987      55435F47 
 987      4E555F49 
 987      4E4C494E 
 987      455F5F20 
 988 15db 01       		.byte	0x1
 989 15dc 00       		.uleb128 0
 990 15dd 5F5F4E4F 		.ascii "__NO_INLINE__ 1\0"
 990      5F494E4C 
 990      494E455F 
 990      5F203100 
 991 15ed 01       		.byte	0x1
 992 15ee 00       		.uleb128 0
 993 15ef 5F5F5354 		.ascii "__STRICT_ANSI__ 1\0"
 993      52494354 
 993      5F414E53 
 993      495F5F20 
 993      3100
 994 1601 01       		.byte	0x1
 995 1602 00       		.uleb128 0
 996 1603 5F5F4743 		.ascii "__GCC_ATOMIC_BOOL_LOCK_FREE 1\0"
 996      435F4154 
GAS LISTING C:\Users\PRESID~1\AppData\Local\Temp\ccQ12PkS.s 			page 33


 996      4F4D4943 
 996      5F424F4F 
 996      4C5F4C4F 
 997 1621 01       		.byte	0x1
 998 1622 00       		.uleb128 0
 999 1623 5F5F4743 		.ascii "__GCC_ATOMIC_CHAR_LOCK_FREE 1\0"
 999      435F4154 
 999      4F4D4943 
 999      5F434841 
 999      525F4C4F 
 1000 1641 01       		.byte	0x1
 1001 1642 00       		.uleb128 0
 1002 1643 5F5F4743 		.ascii "__GCC_ATOMIC_CHAR16_T_LOCK_FREE 1\0"
 1002      435F4154 
 1002      4F4D4943 
 1002      5F434841 
 1002      5231365F 
 1003 1665 01       		.byte	0x1
 1004 1666 00       		.uleb128 0
 1005 1667 5F5F4743 		.ascii "__GCC_ATOMIC_CHAR32_T_LOCK_FREE 1\0"
 1005      435F4154 
 1005      4F4D4943 
 1005      5F434841 
 1005      5233325F 
 1006 1689 01       		.byte	0x1
 1007 168a 00       		.uleb128 0
 1008 168b 5F5F4743 		.ascii "__GCC_ATOMIC_WCHAR_T_LOCK_FREE 1\0"
 1008      435F4154 
 1008      4F4D4943 
 1008      5F574348 
 1008      41525F54 
 1009 16ac 01       		.byte	0x1
 1010 16ad 00       		.uleb128 0
 1011 16ae 5F5F4743 		.ascii "__GCC_ATOMIC_SHORT_LOCK_FREE 1\0"
 1011      435F4154 
 1011      4F4D4943 
 1011      5F53484F 
 1011      52545F4C 
 1012 16cd 01       		.byte	0x1
 1013 16ce 00       		.uleb128 0
 1014 16cf 5F5F4743 		.ascii "__GCC_ATOMIC_INT_LOCK_FREE 1\0"
 1014      435F4154 
 1014      4F4D4943 
 1014      5F494E54 
 1014      5F4C4F43 
 1015 16ec 01       		.byte	0x1
 1016 16ed 00       		.uleb128 0
 1017 16ee 5F5F4743 		.ascii "__GCC_ATOMIC_LONG_LOCK_FREE 1\0"
 1017      435F4154 
 1017      4F4D4943 
 1017      5F4C4F4E 
 1017      475F4C4F 
 1018 170c 01       		.byte	0x1
 1019 170d 00       		.uleb128 0
 1020 170e 5F5F4743 		.ascii "__GCC_ATOMIC_LLONG_LOCK_FREE 1\0"
 1020      435F4154 
 1020      4F4D4943 
GAS LISTING C:\Users\PRESID~1\AppData\Local\Temp\ccQ12PkS.s 			page 34


 1020      5F4C4C4F 
 1020      4E475F4C 
 1021 172d 01       		.byte	0x1
 1022 172e 00       		.uleb128 0
 1023 172f 5F5F4743 		.ascii "__GCC_ATOMIC_TEST_AND_SET_TRUEVAL 1\0"
 1023      435F4154 
 1023      4F4D4943 
 1023      5F544553 
 1023      545F414E 
 1024 1753 01       		.byte	0x1
 1025 1754 00       		.uleb128 0
 1026 1755 5F5F4743 		.ascii "__GCC_ATOMIC_POINTER_LOCK_FREE 1\0"
 1026      435F4154 
 1026      4F4D4943 
 1026      5F504F49 
 1026      4E544552 
 1027 1776 01       		.byte	0x1
 1028 1777 00       		.uleb128 0
 1029 1778 5F5F4743 		.ascii "__GCC_HAVE_DWARF2_CFI_ASM 1\0"
 1029      435F4841 
 1029      56455F44 
 1029      57415246 
 1029      325F4346 
 1030 1794 01       		.byte	0x1
 1031 1795 00       		.uleb128 0
 1032 1796 5F5F5052 		.ascii "__PRAGMA_REDEFINE_EXTNAME 1\0"
 1032      41474D41 
 1032      5F524544 
 1032      4546494E 
 1032      455F4558 
 1033 17b2 01       		.byte	0x1
 1034 17b3 00       		.uleb128 0
 1035 17b4 5F5F5349 		.ascii "__SIZEOF_WCHAR_T__ 2\0"
 1035      5A454F46 
 1035      5F574348 
 1035      41525F54 
 1035      5F5F2032 
 1036 17c9 01       		.byte	0x1
 1037 17ca 00       		.uleb128 0
 1038 17cb 5F5F5349 		.ascii "__SIZEOF_WINT_T__ 2\0"
 1038      5A454F46 
 1038      5F57494E 
 1038      545F545F 
 1038      5F203200 
 1039 17df 01       		.byte	0x1
 1040 17e0 00       		.uleb128 0
 1041 17e1 5F5F5349 		.ascii "__SIZEOF_PTRDIFF_T__ 4\0"
 1041      5A454F46 
 1041      5F505452 
 1041      44494646 
 1041      5F545F5F 
 1042 17f8 01       		.byte	0x1
 1043 17f9 00       		.uleb128 0
 1044 17fa 5F5F6933 		.ascii "__i386 1\0"
 1044      38362031 
 1044      00
 1045 1803 01       		.byte	0x1
GAS LISTING C:\Users\PRESID~1\AppData\Local\Temp\ccQ12PkS.s 			page 35


 1046 1804 00       		.uleb128 0
 1047 1805 5F5F6933 		.ascii "__i386__ 1\0"
 1047      38365F5F 
 1047      203100
 1048 1810 01       		.byte	0x1
 1049 1811 00       		.uleb128 0
 1050 1812 5F5F4154 		.ascii "__ATOMIC_HLE_ACQUIRE 65536\0"
 1050      4F4D4943 
 1050      5F484C45 
 1050      5F414351 
 1050      55495245 
 1051 182d 01       		.byte	0x1
 1052 182e 00       		.uleb128 0
 1053 182f 5F5F4154 		.ascii "__ATOMIC_HLE_RELEASE 131072\0"
 1053      4F4D4943 
 1053      5F484C45 
 1053      5F52454C 
 1053      45415345 
 1054 184b 01       		.byte	0x1
 1055 184c 00       		.uleb128 0
 1056 184d 5F5F7475 		.ascii "__tune_i386__ 1\0"
 1056      6E655F69 
 1056      3338365F 
 1056      5F203100 
 1057 185d 01       		.byte	0x1
 1058 185e 00       		.uleb128 0
 1059 185f 5F5F636F 		.ascii "__code_model_32__ 1\0"
 1059      64655F6D 
 1059      6F64656C 
 1059      5F33325F 
 1059      5F203100 
 1060 1873 01       		.byte	0x1
 1061 1874 00       		.uleb128 0
 1062 1875 5F583836 		.ascii "_X86_ 1\0"
 1062      5F203100 
 1063 187d 01       		.byte	0x1
 1064 187e 00       		.uleb128 0
 1065 187f 5F5F7374 		.ascii "__stdcall __attribute__((__stdcall__))\0"
 1065      6463616C 
 1065      6C205F5F 
 1065      61747472 
 1065      69627574 
 1066 18a6 01       		.byte	0x1
 1067 18a7 00       		.uleb128 0
 1068 18a8 5F5F6661 		.ascii "__fastcall __attribute__((__fastcall__))\0"
 1068      73746361 
 1068      6C6C205F 
 1068      5F617474 
 1068      72696275 
 1069 18d1 01       		.byte	0x1
 1070 18d2 00       		.uleb128 0
 1071 18d3 5F5F7468 		.ascii "__thiscall __attribute__((__thiscall__))\0"
 1071      69736361 
 1071      6C6C205F 
 1071      5F617474 
 1071      72696275 
 1072 18fc 01       		.byte	0x1
GAS LISTING C:\Users\PRESID~1\AppData\Local\Temp\ccQ12PkS.s 			page 36


 1073 18fd 00       		.uleb128 0
 1074 18fe 5F5F6364 		.ascii "__cdecl __attribute__((__cdecl__))\0"
 1074      65636C20 
 1074      5F5F6174 
 1074      74726962 
 1074      7574655F 
 1075 1921 01       		.byte	0x1
 1076 1922 00       		.uleb128 0
 1077 1923 5F5F4758 		.ascii "__GXX_MERGED_TYPEINFO_NAMES 0\0"
 1077      585F4D45 
 1077      52474544 
 1077      5F545950 
 1077      45494E46 
 1078 1941 01       		.byte	0x1
 1079 1942 00       		.uleb128 0
 1080 1943 5F5F4758 		.ascii "__GXX_TYPEINFO_EQUALITY_INLINE 0\0"
 1080      585F5459 
 1080      5045494E 
 1080      464F5F45 
 1080      5155414C 
 1081 1964 01       		.byte	0x1
 1082 1965 00       		.uleb128 0
 1083 1966 5F5F4D53 		.ascii "__MSVCRT__ 1\0"
 1083      56435254 
 1083      5F5F2031 
 1083      00
 1084 1973 01       		.byte	0x1
 1085 1974 00       		.uleb128 0
 1086 1975 5F5F4D49 		.ascii "__MINGW32__ 1\0"
 1086      4E475733 
 1086      325F5F20 
 1086      3100
 1087 1983 01       		.byte	0x1
 1088 1984 00       		.uleb128 0
 1089 1985 5F57494E 		.ascii "_WIN32 1\0"
 1089      33322031 
 1089      00
 1090 198e 01       		.byte	0x1
 1091 198f 00       		.uleb128 0
 1092 1990 5F5F5749 		.ascii "__WIN32 1\0"
 1092      4E333220 
 1092      3100
 1093 199a 01       		.byte	0x1
 1094 199b 00       		.uleb128 0
 1095 199c 5F5F5749 		.ascii "__WIN32__ 1\0"
 1095      4E33325F 
 1095      5F203100 
 1096 19a8 01       		.byte	0x1
 1097 19a9 00       		.uleb128 0
 1098 19aa 5F5F5749 		.ascii "__WINNT 1\0"
 1098      4E4E5420 
 1098      3100
 1099 19b4 01       		.byte	0x1
 1100 19b5 00       		.uleb128 0
 1101 19b6 5F5F5749 		.ascii "__WINNT__ 1\0"
 1101      4E4E545F 
 1101      5F203100 
GAS LISTING C:\Users\PRESID~1\AppData\Local\Temp\ccQ12PkS.s 			page 37


 1102 19c2 01       		.byte	0x1
 1103 19c3 00       		.uleb128 0
 1104 19c4 5F494E54 		.ascii "_INTEGRAL_MAX_BITS 64\0"
 1104      45475241 
 1104      4C5F4D41 
 1104      585F4249 
 1104      54532036 
 1105 19da 01       		.byte	0x1
 1106 19db 00       		.uleb128 0
 1107 19dc 5F5F6465 		.ascii "__declspec(x) __attribute__((x))\0"
 1107      636C7370 
 1107      65632878 
 1107      29205F5F 
 1107      61747472 
 1108 19fd 01       		.byte	0x1
 1109 19fe 00       		.uleb128 0
 1110 19ff 5F5F4445 		.ascii "__DECIMAL_BID_FORMAT__ 1\0"
 1110      43494D41 
 1110      4C5F4249 
 1110      445F464F 
 1110      524D4154 
 1111 1a18 01       		.byte	0x1
 1112 1a19 00       		.uleb128 0
 1113 1a1a 4346475F 		.ascii "CFG_PROCESSOR 3\0"
 1113      50524F43 
 1113      4553534F 
 1113      52203300 
 1114 1a2a 03       		.byte	0x3
 1115 1a2b 00       		.uleb128 0
 1116 1a2c 01       		.uleb128 0x1
 1117              		.file 4 "E:/NeuOrga/Programmieren/c_cpp/github_os/input/src/os_sim/../os_base/os_firstinc.h"
 1118 1a2d 03       		.byte	0x3
 1119 1a2e 01       		.uleb128 0x1
 1120 1a2f 04       		.uleb128 0x4
 1121 1a30 01       		.byte	0x1
 1122 1a31 02       		.uleb128 0x2
 1123 1a32 5F6F735F 		.ascii "_os_firstinc_h_ \0"
 1123      66697273 
 1123      74696E63 
 1123      5F685F20 
 1123      00
 1124 1a43 03       		.byte	0x3
 1125 1a44 04       		.uleb128 0x4
 1126 1a45 02       		.uleb128 0x2
 1127 1a46 01       		.byte	0x1
 1128 1a47 02       		.uleb128 0x2
 1129 1a48 5F424153 		.ascii "_BASE_TYPES_H_ \0"
 1129      455F5459 
 1129      5045535F 
 1129      485F2000 
 1130 1a58 01       		.byte	0x1
 1131 1a59 04       		.uleb128 0x4
 1132 1a5a 494E5445 		.ascii "INTEGER_LLP64_IL32P64 1\0"
 1132      4745525F 
 1132      4C4C5036 
 1132      345F494C 
 1132      33325036 
GAS LISTING C:\Users\PRESID~1\AppData\Local\Temp\ccQ12PkS.s 			page 38


 1133 1a72 01       		.byte	0x1
 1134 1a73 05       		.uleb128 0x5
 1135 1a74 494E5445 		.ascii "INTEGER_LP64_I32LP64 2\0"
 1135      4745525F 
 1135      4C503634 
 1135      5F493332 
 1135      4C503634 
 1136 1a8b 01       		.byte	0x1
 1137 1a8c 06       		.uleb128 0x6
 1138 1a8d 494E5445 		.ascii "INTEGER_ILP64 3\0"
 1138      4745525F 
 1138      494C5036 
 1138      34203300 
 1139 1a9d 01       		.byte	0x1
 1140 1a9e 07       		.uleb128 0x7
 1141 1a9f 494E5445 		.ascii "INTEGER_SILP64 4\0"
 1141      4745525F 
 1141      53494C50 
 1141      36342034 
 1141      00
 1142 1ab0 01       		.byte	0x1
 1143 1ab1 09       		.uleb128 0x9
 1144 1ab2 4350505F 		.ascii "CPP_VERSION_NONE 0\0"
 1144      56455253 
 1144      494F4E5F 
 1144      4E4F4E45 
 1144      203000
 1145 1ac5 01       		.byte	0x1
 1146 1ac6 0A       		.uleb128 0xa
 1147 1ac7 4350505F 		.ascii "CPP_VERSION_1998 1\0"
 1147      56455253 
 1147      494F4E5F 
 1147      31393938 
 1147      203100
 1148 1ada 01       		.byte	0x1
 1149 1adb 0B       		.uleb128 0xb
 1150 1adc 4350505F 		.ascii "CPP_VERSION_2003 2\0"
 1150      56455253 
 1150      494F4E5F 
 1150      32303033 
 1150      203200
 1151 1aef 01       		.byte	0x1
 1152 1af0 0C       		.uleb128 0xc
 1153 1af1 4350505F 		.ascii "CPP_VERSION_2007 3\0"
 1153      56455253 
 1153      494F4E5F 
 1153      32303037 
 1153      203300
 1154 1b04 01       		.byte	0x1
 1155 1b05 0D       		.uleb128 0xd
 1156 1b06 4350505F 		.ascii "CPP_VERSION_2011 4\0"
 1156      56455253 
 1156      494F4E5F 
 1156      32303131 
 1156      203400
 1157 1b19 01       		.byte	0x1
 1158 1b1a 0E       		.uleb128 0xe
GAS LISTING C:\Users\PRESID~1\AppData\Local\Temp\ccQ12PkS.s 			page 39


 1159 1b1b 49534F5F 		.ascii "ISO_CPP_VERSION CPP_VERSION_1998\0"
 1159      4350505F 
 1159      56455253 
 1159      494F4E20 
 1159      4350505F 
 1160 1b3c 01       		.byte	0x1
 1161 1b3d 10       		.uleb128 0x10
 1162 1b3e 494E5445 		.ascii "INTEGER_MODEL INTEGER_LLP64_IL32P64\0"
 1162      4745525F 
 1162      4D4F4445 
 1162      4C20494E 
 1162      54454745 
 1163 1b62 04       		.byte	0x4
 1164              		.file 5 "E:/NeuOrga/Programmieren/c_cpp/github_os/input/src/os_sim/../os_base/../os_base/os_common
 1165 1b63 03       		.byte	0x3
 1166 1b64 05       		.uleb128 0x5
 1167 1b65 05       		.uleb128 0x5
 1168 1b66 01       		.byte	0x1
 1169 1b67 02       		.uleb128 0x2
 1170 1b68 5F6F735F 		.ascii "_os_common_h_ \0"
 1170      636F6D6D 
 1170      6F6E5F68 
 1170      5F2000
 1171 1b77 01       		.byte	0x1
 1172 1b78 06       		.uleb128 0x6
 1173 1b79 46616C73 		.ascii "False 0\0"
 1173      65203000 
 1174 1b81 01       		.byte	0x1
 1175 1b82 07       		.uleb128 0x7
 1176 1b83 54727565 		.ascii "True 1\0"
 1176      203100
 1177 1b8a 01       		.byte	0x1
 1178 1b8b 08       		.uleb128 0x8
 1179 1b8c 41636365 		.ascii "Accepted 1\0"
 1179      70746564 
 1179      203100
 1180 1b97 01       		.byte	0x1
 1181 1b98 09       		.uleb128 0x9
 1182 1b99 52656A65 		.ascii "Rejected 0\0"
 1182      63746564 
 1182      203000
 1183 1ba4 01       		.byte	0x1
 1184 1ba5 0A       		.uleb128 0xa
 1185 1ba6 4C6F6361 		.ascii "Local static\0"
 1185      6C207374 
 1185      61746963 
 1185      00
 1186 1bb3 01       		.byte	0x1
 1187 1bb4 0B       		.uleb128 0xb
 1188 1bb5 4C6F6361 		.ascii "Local_inline static __inline__\0"
 1188      6C5F696E 
 1188      6C696E65 
 1188      20737461 
 1188      74696320 
 1189 1bd4 01       		.byte	0x1
 1190 1bd5 0C       		.uleb128 0xc
 1191 1bd6 476C6F62 		.ascii "Global_inline __inline__\0"
GAS LISTING C:\Users\PRESID~1\AppData\Local\Temp\ccQ12PkS.s 			page 40


 1191      616C5F69 
 1191      6E6C696E 
 1191      65205F5F 
 1191      696E6C69 
 1192 1bef 01       		.byte	0x1
 1193 1bf0 0D       		.uleb128 0xd
 1194 1bf1 52656665 		.ascii "ReferenceUnusedParameter(x) ((x) = (x))\0"
 1194      72656E63 
 1194      65556E75 
 1194      73656450 
 1194      6172616D 
 1195 1c19 01       		.byte	0x1
 1196 1c1a 10       		.uleb128 0x10
 1197 1c1b 634D4355 		.ascii "cMCU_SIMULATION 1\0"
 1197      5F53494D 
 1197      554C4154 
 1197      494F4E20 
 1197      3100
 1198 1c2d 01       		.byte	0x1
 1199 1c2e 11       		.uleb128 0x11
 1200 1c2f 634D4355 		.ascii "cMCU_POWERPC 2\0"
 1200      5F504F57 
 1200      45525043 
 1200      203200
 1201 1c3e 01       		.byte	0x1
 1202 1c3f 12       		.uleb128 0x12
 1203 1c40 634D4355 		.ascii "cMCU_X86 3\0"
 1203      5F583836 
 1203      203300
 1204 1c4b 01       		.byte	0x1
 1205 1c4c 13       		.uleb128 0x13
 1206 1c4d 634D4355 		.ascii "cMCU_CORTEX_M4 4\0"
 1206      5F434F52 
 1206      5445585F 
 1206      4D342034 
 1206      00
 1207 1c5e 01       		.byte	0x1
 1208 1c5f 16       		.uleb128 0x16
 1209 1c60 4E525F4F 		.ascii "NR_OF_CORES 1\0"
 1209      465F434F 
 1209      52455320 
 1209      3100
 1210 1c6e 01       		.byte	0x1
 1211 1c6f 23       		.uleb128 0x23
 1212 1c70 44697361 		.ascii "DisableInterrupts() \0"
 1212      626C6549 
 1212      6E746572 
 1212      72757074 
 1212      73282920 
 1213 1c85 01       		.byte	0x1
 1214 1c86 24       		.uleb128 0x24
 1215 1c87 456E6162 		.ascii "EnableInterrupts() \0"
 1215      6C65496E 
 1215      74657272 
 1215      75707473 
 1215      28292000 
 1216 1c9b 01       		.byte	0x1
GAS LISTING C:\Users\PRESID~1\AppData\Local\Temp\ccQ12PkS.s 			page 41


 1217 1c9c 25       		.uleb128 0x25
 1218 1c9d 50726976 		.ascii "Privilige_level_save_current() \0"
 1218      696C6967 
 1218      655F6C65 
 1218      76656C5F 
 1218      73617665 
 1219 1cbd 01       		.byte	0x1
 1220 1cbe 26       		.uleb128 0x26
 1221 1cbf 50726976 		.ascii "Privilige_level_enter_kernel_mode() \0"
 1221      696C6967 
 1221      655F6C65 
 1221      76656C5F 
 1221      656E7465 
 1222 1ce4 01       		.byte	0x1
 1223 1ce5 27       		.uleb128 0x27
 1224 1ce6 50726976 		.ascii "Privilige_level_restore_saved() \0"
 1224      696C6967 
 1224      655F6C65 
 1224      76656C5F 
 1224      72657374 
 1225 1d07 01       		.byte	0x1
 1226 1d08 28       		.uleb128 0x28
 1227 1d09 48616C74 		.ascii "HaltMcu() \0"
 1227      4D637528 
 1227      292000
 1228 1d14 04       		.byte	0x4
 1229              		.file 6 "E:/NeuOrga/Programmieren/c_cpp/github_os/input/src/os_sim/../os_base/../os_sim/lld_global
 1230 1d15 03       		.byte	0x3
 1231 1d16 07       		.uleb128 0x7
 1232 1d17 06       		.uleb128 0x6
 1233 1d18 01       		.byte	0x1
 1234 1d19 02       		.uleb128 0x2
 1235 1d1a 5F6C6C64 		.ascii "_lld_global_h_ \0"
 1235      5F676C6F 
 1235      62616C5F 
 1235      685F2000 
 1236 1d2a 03       		.byte	0x3
 1237 1d2b 04       		.uleb128 0x4
 1238 1d2c 03       		.uleb128 0x3
 1239 1d2d 01       		.byte	0x1
 1240 1d2e 02       		.uleb128 0x2
 1241 1d2f 5F6C6C64 		.ascii "_lld_core_h_ \0"
 1241      5F636F72 
 1241      655F685F 
 1241      2000
 1242              		.file 7 "E:/NeuOrga/Programmieren/c_cpp/github_os/input/src/os_sim/../os_base/../os_sim/../os_base
 1243 1d3d 03       		.byte	0x3
 1244 1d3e 03       		.uleb128 0x3
 1245 1d3f 07       		.uleb128 0x7
 1246 1d40 04       		.byte	0x4
 1247 1d41 04       		.byte	0x4
 1248              		.file 8 "E:/NeuOrga/Programmieren/c_cpp/github_os/input/src/os_sim/../os_base/../os_sim/lld_adc.h"
 1249 1d42 03       		.byte	0x3
 1250 1d43 05       		.uleb128 0x5
 1251 1d44 08       		.uleb128 0x8
 1252 1d45 01       		.byte	0x1
 1253 1d46 02       		.uleb128 0x2
GAS LISTING C:\Users\PRESID~1\AppData\Local\Temp\ccQ12PkS.s 			page 42


 1254 1d47 5F6C6C64 		.ascii "_lld_adc_h_ \0"
 1254      5F616463 
 1254      5F685F20 
 1254      00
 1255 1d54 04       		.byte	0x4
 1256              		.file 9 "E:/NeuOrga/Programmieren/c_cpp/github_os/input/src/os_sim/../os_base/../os_sim/lld_can.h"
 1257 1d55 03       		.byte	0x3
 1258 1d56 06       		.uleb128 0x6
 1259 1d57 09       		.uleb128 0x9
 1260 1d58 01       		.byte	0x1
 1261 1d59 02       		.uleb128 0x2
 1262 1d5a 5F6C6C64 		.ascii "_lld_can_h_ \0"
 1262      5F63616E 
 1262      5F685F20 
 1262      00
 1263 1d67 04       		.byte	0x4
 1264              		.file 10 "E:/NeuOrga/Programmieren/c_cpp/github_os/input/src/os_sim/../os_base/../os_sim/lld_gpio.
 1265 1d68 03       		.byte	0x3
 1266 1d69 07       		.uleb128 0x7
 1267 1d6a 0A       		.uleb128 0xa
 1268 1d6b 01       		.byte	0x1
 1269 1d6c 02       		.uleb128 0x2
 1270 1d6d 5F6C6C64 		.ascii "_lld_gpio_h_ \0"
 1270      5F677069 
 1270      6F5F685F 
 1270      2000
 1271 1d7b 04       		.byte	0x4
 1272              		.file 11 "E:/NeuOrga/Programmieren/c_cpp/github_os/input/src/os_sim/../os_base/../os_sim/lld_inter
 1273 1d7c 03       		.byte	0x3
 1274 1d7d 08       		.uleb128 0x8
 1275 1d7e 0B       		.uleb128 0xb
 1276 1d7f 01       		.byte	0x1
 1277 1d80 02       		.uleb128 0x2
 1278 1d81 5F6C6C64 		.ascii "_lld_interrupt_h_ \0"
 1278      5F696E74 
 1278      65727275 
 1278      70745F68 
 1278      5F2000
 1279 1d94 01       		.byte	0x1
 1280 1d95 05       		.uleb128 0x5
 1281 1d96 6F735F69 		.ascii "os_interrupt_swi_1 asm(\"swi 1\")\0"
 1281      6E746572 
 1281      72757074 
 1281      5F737769 
 1281      5F312061 
 1282 1db6 01       		.byte	0x1
 1283 1db7 06       		.uleb128 0x6
 1284 1db8 6F735F69 		.ascii "os_interrupt_swi_2 asm(\"swi 2\")\0"
 1284      6E746572 
 1284      72757074 
 1284      5F737769 
 1284      5F322061 
 1285 1dd8 01       		.byte	0x1
 1286 1dd9 07       		.uleb128 0x7
 1287 1dda 6F735F69 		.ascii "os_interrupt_swi_3 asm(\"swi 3\")\0"
 1287      6E746572 
 1287      72757074 
GAS LISTING C:\Users\PRESID~1\AppData\Local\Temp\ccQ12PkS.s 			page 43


 1287      5F737769 
 1287      5F332061 
 1288 1dfa 01       		.byte	0x1
 1289 1dfb 08       		.uleb128 0x8
 1290 1dfc 6F735F69 		.ascii "os_interrupt_swi_4 asm(\"swi 4\")\0"
 1290      6E746572 
 1290      72757074 
 1290      5F737769 
 1290      5F342061 
 1291 1e1c 01       		.byte	0x1
 1292 1e1d 09       		.uleb128 0x9
 1293 1e1e 6F735F69 		.ascii "os_interrupt_swi_5 asm(\"swi 5\")\0"
 1293      6E746572 
 1293      72757074 
 1293      5F737769 
 1293      5F352061 
 1294 1e3e 04       		.byte	0x4
 1295              		.file 12 "E:/NeuOrga/Programmieren/c_cpp/github_os/input/src/os_sim/../os_base/../os_sim/lld_mmu.h
 1296 1e3f 03       		.byte	0x3
 1297 1e40 09       		.uleb128 0x9
 1298 1e41 0C       		.uleb128 0xc
 1299 1e42 01       		.byte	0x1
 1300 1e43 02       		.uleb128 0x2
 1301 1e44 5F6C6C64 		.ascii "_lld_mmu_h_ \0"
 1301      5F6D6D75 
 1301      5F685F20 
 1301      00
 1302 1e51 03       		.byte	0x3
 1303 1e52 04       		.uleb128 0x4
 1304 1e53 06       		.uleb128 0x6
 1305 1e54 04       		.byte	0x4
 1306 1e55 04       		.byte	0x4
 1307              		.file 13 "E:/NeuOrga/Programmieren/c_cpp/github_os/input/src/os_sim/../os_base/../os_sim/lld_timer
 1308 1e56 03       		.byte	0x3
 1309 1e57 0A       		.uleb128 0xa
 1310 1e58 0D       		.uleb128 0xd
 1311 1e59 01       		.byte	0x1
 1312 1e5a 02       		.uleb128 0x2
 1313 1e5b 5F6C6C64 		.ascii "_lld_timer_h_ \0"
 1313      5F74696D 
 1313      65725F68 
 1313      5F2000
 1314 1e6a 04       		.byte	0x4
 1315              		.file 14 "E:/NeuOrga/Programmieren/c_cpp/github_os/input/src/os_sim/../os_base/../os_sim/lld_power
 1316 1e6b 03       		.byte	0x3
 1317 1e6c 0B       		.uleb128 0xb
 1318 1e6d 0E       		.uleb128 0xe
 1319 1e6e 01       		.byte	0x1
 1320 1e6f 02       		.uleb128 0x2
 1321 1e70 5F6C6C64 		.ascii "_lld_power_h_ \0"
 1321      5F706F77 
 1321      65725F68 
 1321      5F2000
 1322 1e7f 04       		.byte	0x4
 1323              		.file 15 "E:/NeuOrga/Programmieren/c_cpp/github_os/input/src/os_sim/../os_base/../os_sim/lld_ram.h
 1324 1e80 03       		.byte	0x3
 1325 1e81 0C       		.uleb128 0xc
GAS LISTING C:\Users\PRESID~1\AppData\Local\Temp\ccQ12PkS.s 			page 44


 1326 1e82 0F       		.uleb128 0xf
 1327 1e83 01       		.byte	0x1
 1328 1e84 02       		.uleb128 0x2
 1329 1e85 5F6C6C64 		.ascii "_lld_ram_h_ \0"
 1329      5F72616D 
 1329      5F685F20 
 1329      00
 1330 1e92 04       		.byte	0x4
 1331              		.file 16 "E:/NeuOrga/Programmieren/c_cpp/github_os/input/src/os_sim/../os_base/../os_sim/lld_watch
 1332 1e93 03       		.byte	0x3
 1333 1e94 0D       		.uleb128 0xd
 1334 1e95 10       		.uleb128 0x10
 1335 1e96 01       		.byte	0x1
 1336 1e97 02       		.uleb128 0x2
 1337 1e98 5F6C6C64 		.ascii "_lld_watchdog_h_ \0"
 1337      5F776174 
 1337      6368646F 
 1337      675F685F 
 1337      2000
 1338 1eaa 04       		.byte	0x4
 1339              		.file 17 "E:/NeuOrga/Programmieren/c_cpp/github_os/input/src/os_sim/../os_base/../os_sim/../os_bas
 1340 1eab 03       		.byte	0x3
 1341 1eac 0E       		.uleb128 0xe
 1342 1ead 11       		.uleb128 0x11
 1343 1eae 01       		.byte	0x1
 1344 1eaf 02       		.uleb128 0x2
 1345 1eb0 5F6F735F 		.ascii "_os_task_common_h_ \0"
 1345      7461736B 
 1345      5F636F6D 
 1345      6D6F6E5F 
 1345      685F2000 
 1346              		.file 18 "E:/NeuOrga/Programmieren/c_cpp/github_os/input/src/os_sim/../os_base/../os_sim/../os_bas
 1347 1ec4 03       		.byte	0x3
 1348 1ec5 04       		.uleb128 0x4
 1349 1ec6 12       		.uleb128 0x12
 1350 1ec7 01       		.byte	0x1
 1351 1ec8 02       		.uleb128 0x2
 1352 1ec9 5F6F735F 		.ascii "_os_task_config_h_ \0"
 1352      7461736B 
 1352      5F636F6E 
 1352      6669675F 
 1352      685F2000 
 1353 1edd 01       		.byte	0x1
 1354 1ede 05       		.uleb128 0x5
 1355 1edf 53636865 		.ascii "SchedulerFrequency (1.0e3)\0"
 1355      64756C65 
 1355      72467265 
 1355      7175656E 
 1355      63792028 
 1356 1efa 01       		.byte	0x1
 1357 1efb 06       		.uleb128 0x6
 1358 1efc 4D696E54 		.ascii "MinTimeSlice_s (1.0/SchedulerFrequency)\0"
 1358      696D6553 
 1358      6C696365 
 1358      5F732028 
 1358      312E302F 
 1359 1f24 01       		.byte	0x1
GAS LISTING C:\Users\PRESID~1\AppData\Local\Temp\ccQ12PkS.s 			page 45


 1360 1f25 07       		.uleb128 0x7
 1361 1f26 4D696E54 		.ascii "MinTimeSlice_us ((1.0/SchedulerFrequency)*1e6)\0"
 1361      696D6553 
 1361      6C696365 
 1361      5F757320 
 1361      2828312E 
 1362 1f55 01       		.byte	0x1
 1363 1f56 08       		.uleb128 0x8
 1364 1f57 5461736B 		.ascii "Task_min_time (1e0)\0"
 1364      5F6D696E 
 1364      5F74696D 
 1364      65202831 
 1364      65302900 
 1365 1f6b 01       		.byte	0x1
 1366 1f6c 09       		.uleb128 0x9
 1367 1f6d 4E554D42 		.ascii "NUMBER_OF_TASKS 5\0"
 1367      45525F4F 
 1367      465F5441 
 1367      534B5320 
 1367      3500
 1368 1f7f 01       		.byte	0x1
 1369 1f80 0A       		.uleb128 0xa
 1370 1f81 4D41585F 		.ascii "MAX_RUN_QUEUE_SIZE (NUMBER_OF_TASKS)\0"
 1370      52554E5F 
 1370      51554555 
 1370      455F5349 
 1370      5A452028 
 1371 1fa6 01       		.byte	0x1
 1372 1fa7 0B       		.uleb128 0xb
 1373 1fa8 4D41585F 		.ascii "MAX_RUN_PQUEUE_SIZE MAX_RUN_QUEUE_SIZE\0"
 1373      52554E5F 
 1373      50515545 
 1373      55455F53 
 1373      495A4520 
 1374 1fcf 01       		.byte	0x1
 1375 1fd0 0D       		.uleb128 0xd
 1376 1fd1 5441534B 		.ascii "TASK_STACK_SIZE 200\0"
 1376      5F535441 
 1376      434B5F53 
 1376      495A4520 
 1376      32303000 
 1377 1fe5 01       		.byte	0x1
 1378 1fe6 10       		.uleb128 0x10
 1379 1fe7 4D535F50 		.ascii "MS_PER_SEC (1000)\0"
 1379      45525F53 
 1379      45432028 
 1379      31303030 
 1379      2900
 1380 1ff9 01       		.byte	0x1
 1381 1ffa 11       		.uleb128 0x11
 1382 1ffb 5553455F 		.ascii "USE_STATIC_CREATED_TASKS True\0"
 1382      53544154 
 1382      49435F43 
 1382      52454154 
 1382      45445F54 
 1383 2019 04       		.byte	0x4
 1384              		.file 19 "E:/NeuOrga/Programmieren/c_cpp/github_os/input/src/os_sim/../os_base/../os_sim/../os_bas
GAS LISTING C:\Users\PRESID~1\AppData\Local\Temp\ccQ12PkS.s 			page 46


 1385 201a 03       		.byte	0x3
 1386 201b 05       		.uleb128 0x5
 1387 201c 13       		.uleb128 0x13
 1388 201d 01       		.byte	0x1
 1389 201e 02       		.uleb128 0x2
 1390 201f 5F6F735F 		.ascii "_os_init_task_system_h_ \0"
 1390      696E6974 
 1390      5F746173 
 1390      6B5F7379 
 1390      7374656D 
 1391 2038 04       		.byte	0x4
 1392 2039 01       		.byte	0x1
 1393 203a 5C       		.uleb128 0x5c
 1394 203b 6F735F53 		.ascii "os_SaveTaskPtr(task_ptr,task_name) (TASK_PTR[(task_name)] = (task_ptr))\0"
 1394      61766554 
 1394      61736B50 
 1394      74722874 
 1394      61736B5F 
 1395 2083 01       		.byte	0x1
 1396 2084 5D       		.uleb128 0x5d
 1397 2085 6F735F47 		.ascii "os_GetTaskPtr(task_name) ((task_t*) TASK_PTR[(task_name)])\0"
 1397      65745461 
 1397      736B5074 
 1397      72287461 
 1397      736B5F6E 
 1398 20c0 04       		.byte	0x4
 1399 20c1 04       		.byte	0x4
 1400 20c2 04       		.byte	0x4
 1401 20c3 04       		.byte	0x4
 1402 20c4 00       		.byte	0
 1403              		.section	.debug_line,"dr"
 1404              	Ldebug_line0:
 1405 0000 DD020000 		.section	.debug_str,"dr"
 1405      0200C002 
 1405      00000101 
 1405      FB0E0D00 
 1405      01010101 
 1406              		.ident	"GCC: (GNU) 4.9.3"
GAS LISTING C:\Users\PRESID~1\AppData\Local\Temp\ccQ12PkS.s 			page 47


DEFINED SYMBOLS
                            *ABS*:00000000 lld_mmu.c
C:\Users\PRESID~1\AppData\Local\Temp\ccQ12PkS.s:6      .text:00000000 _LLF_MPU_DISABLE
C:\Users\PRESID~1\AppData\Local\Temp\ccQ12PkS.s:25     .text:00000005 _LLF_MPU_ENABLE
C:\Users\PRESID~1\AppData\Local\Temp\ccQ12PkS.s:43     .text:0000000a _LLF_MPU_SET_REGION
C:\Users\PRESID~1\AppData\Local\Temp\ccQ12PkS.s:61     .text:0000000f _LLF_MPU_SWITCH_OFF_ALL_REGIONS
C:\Users\PRESID~1\AppData\Local\Temp\ccQ12PkS.s:79     .text:00000014 _LLF_GET_MPU_PRESENT

NO UNDEFINED SYMBOLS
