GAS LISTING C:\Users\PRESID~1\AppData\Local\Temp\ccbRBKsU.s 			page 1


   1              		.file	"lld_power.c"
   2              		.text
   3              	Ltext0:
   4              		.globl	_LLF_MCU_SWITCH_OFF_POWER
   6              	_LLF_MCU_SWITCH_OFF_POWER:
   7              	LFB0:
   8              		.file 1 "E:/NeuOrga/Programmieren/c_cpp/github_os/input/src/os_sim/lld_power.c"
   1:E:/NeuOrga/Programmieren/c_cpp/github_os/input/src/os_sim\lld_power.c **** #include "..\os_base\os_firstinc.h"
   2:E:/NeuOrga/Programmieren/c_cpp/github_os/input/src/os_sim\lld_power.c **** void LLF_MCU_SWITCH_OFF_POWER(void)
   3:E:/NeuOrga/Programmieren/c_cpp/github_os/input/src/os_sim\lld_power.c **** {
   9              		.loc 1 3 0
  10              		.cfi_startproc
  11 0000 55       		pushl	%ebp
  12              		.cfi_def_cfa_offset 8
  13              		.cfi_offset 5, -8
  14 0001 89E5     		movl	%esp, %ebp
  15              		.cfi_def_cfa_register 5
  16              	L2:
   4:E:/NeuOrga/Programmieren/c_cpp/github_os/input/src/os_sim\lld_power.c ****    /* OS_SIM: no power off available */
   5:E:/NeuOrga/Programmieren/c_cpp/github_os/input/src/os_sim\lld_power.c ****    while(1)
   6:E:/NeuOrga/Programmieren/c_cpp/github_os/input/src/os_sim\lld_power.c ****    {
   7:E:/NeuOrga/Programmieren/c_cpp/github_os/input/src/os_sim\lld_power.c **** 
   8:E:/NeuOrga/Programmieren/c_cpp/github_os/input/src/os_sim\lld_power.c ****    }
  17              		.loc 1 8 0 discriminator 1
  18 0003 EBFE     		jmp	L2
  19              		.cfi_endproc
  20              	LFE0:
  21              		.globl	_LLF_MCU_RESET_POWER
  23              	_LLF_MCU_RESET_POWER:
  24              	LFB1:
   9:E:/NeuOrga/Programmieren/c_cpp/github_os/input/src/os_sim\lld_power.c **** }
  10:E:/NeuOrga/Programmieren/c_cpp/github_os/input/src/os_sim\lld_power.c **** void LLF_MCU_RESET_POWER(void)
  11:E:/NeuOrga/Programmieren/c_cpp/github_os/input/src/os_sim\lld_power.c **** {
  25              		.loc 1 11 0
  26              		.cfi_startproc
  27 0005 55       		pushl	%ebp
  28              		.cfi_def_cfa_offset 8
  29              		.cfi_offset 5, -8
  30 0006 89E5     		movl	%esp, %ebp
  31              		.cfi_def_cfa_register 5
  32              	L4:
  12:E:/NeuOrga/Programmieren/c_cpp/github_os/input/src/os_sim\lld_power.c ****    /* OS_SIM no reset available */
  13:E:/NeuOrga/Programmieren/c_cpp/github_os/input/src/os_sim\lld_power.c ****    while(1)
  14:E:/NeuOrga/Programmieren/c_cpp/github_os/input/src/os_sim\lld_power.c ****    {
  15:E:/NeuOrga/Programmieren/c_cpp/github_os/input/src/os_sim\lld_power.c **** 
  16:E:/NeuOrga/Programmieren/c_cpp/github_os/input/src/os_sim\lld_power.c ****    }
  33              		.loc 1 16 0 discriminator 1
  34 0008 EBFE     		jmp	L4
  35              		.cfi_endproc
  36              	LFE1:
  37              	Letext0:
  38 000a 9090     		.section	.debug_info,"dr"
  39              	Ldebug_info0:
  40 0000 1C010000 		.long	0x11c
  41 0004 0400     		.word	0x4
  42 0006 00000000 		.secrel32	Ldebug_abbrev0
  43 000a 04       		.byte	0x4
GAS LISTING C:\Users\PRESID~1\AppData\Local\Temp\ccbRBKsU.s 			page 2


  44 000b 01       		.uleb128 0x1
  45 000c 474E5520 		.ascii "GNU C 4.9.3 -march=i386 -g3 -O0 -std=c90\0"
  45      4320342E 
  45      392E3320 
  45      2D6D6172 
  45      63683D69 
  46 0035 01       		.byte	0x1
  47 0036 453A5C4E 		.ascii "E:\\NeuOrga\\Programmieren\\c_cpp\\github_os\\input\\src\\os_sim\\lld_power.c\0"
  47      65754F72 
  47      67615C50 
  47      726F6772 
  47      616D6D69 
  48 007c 00000000 		.long	Ltext0
  49 0080 0A000000 		.long	Letext0-Ltext0
  50 0084 00000000 		.secrel32	Ldebug_line0
  51 0088 00000000 		.secrel32	Ldebug_macro0
  52 008c 02       		.uleb128 0x2
  53 008d 01       		.byte	0x1
  54 008e 08       		.byte	0x8
  55 008f 756E7369 		.ascii "unsigned char\0"
  55      676E6564 
  55      20636861 
  55      7200
  56 009d 02       		.uleb128 0x2
  57 009e 02       		.byte	0x2
  58 009f 07       		.byte	0x7
  59 00a0 73686F72 		.ascii "short unsigned int\0"
  59      7420756E 
  59      7369676E 
  59      65642069 
  59      6E7400
  60 00b3 02       		.uleb128 0x2
  61 00b4 04       		.byte	0x4
  62 00b5 07       		.byte	0x7
  63 00b6 6C6F6E67 		.ascii "long unsigned int\0"
  63      20756E73 
  63      69676E65 
  63      6420696E 
  63      7400
  64 00c8 02       		.uleb128 0x2
  65 00c9 04       		.byte	0x4
  66 00ca 07       		.byte	0x7
  67 00cb 756E7369 		.ascii "unsigned int\0"
  67      676E6564 
  67      20696E74 
  67      00
  68 00d8 03       		.uleb128 0x3
  69 00d9 4C4C465F 		.ascii "LLF_MCU_SWITCH_OFF_POWER\0"
  69      4D43555F 
  69      53574954 
  69      43485F4F 
  69      46465F50 
  70 00f2 01       		.byte	0x1
  71 00f3 02       		.byte	0x2
  72 00f4 00000000 		.long	LFB0
  73 00f8 05000000 		.long	LFE0-LFB0
  74 00fc 01       		.uleb128 0x1
GAS LISTING C:\Users\PRESID~1\AppData\Local\Temp\ccbRBKsU.s 			page 3


  75 00fd 9C       		.byte	0x9c
  76 00fe 03       		.uleb128 0x3
  77 00ff 4C4C465F 		.ascii "LLF_MCU_RESET_POWER\0"
  77      4D43555F 
  77      52455345 
  77      545F504F 
  77      57455200 
  78 0113 01       		.byte	0x1
  79 0114 0A       		.byte	0xa
  80 0115 05000000 		.long	LFB1
  81 0119 05000000 		.long	LFE1-LFB1
  82 011d 01       		.uleb128 0x1
  83 011e 9C       		.byte	0x9c
  84 011f 00       		.byte	0
  85              		.section	.debug_abbrev,"dr"
  86              	Ldebug_abbrev0:
  87 0000 01       		.uleb128 0x1
  88 0001 11       		.uleb128 0x11
  89 0002 01       		.byte	0x1
  90 0003 25       		.uleb128 0x25
  91 0004 08       		.uleb128 0x8
  92 0005 13       		.uleb128 0x13
  93 0006 0B       		.uleb128 0xb
  94 0007 03       		.uleb128 0x3
  95 0008 08       		.uleb128 0x8
  96 0009 11       		.uleb128 0x11
  97 000a 01       		.uleb128 0x1
  98 000b 12       		.uleb128 0x12
  99 000c 06       		.uleb128 0x6
 100 000d 10       		.uleb128 0x10
 101 000e 17       		.uleb128 0x17
 102 000f 9942     		.uleb128 0x2119
 103 0011 17       		.uleb128 0x17
 104 0012 00       		.byte	0
 105 0013 00       		.byte	0
 106 0014 02       		.uleb128 0x2
 107 0015 24       		.uleb128 0x24
 108 0016 00       		.byte	0
 109 0017 0B       		.uleb128 0xb
 110 0018 0B       		.uleb128 0xb
 111 0019 3E       		.uleb128 0x3e
 112 001a 0B       		.uleb128 0xb
 113 001b 03       		.uleb128 0x3
 114 001c 08       		.uleb128 0x8
 115 001d 00       		.byte	0
 116 001e 00       		.byte	0
 117 001f 03       		.uleb128 0x3
 118 0020 2E       		.uleb128 0x2e
 119 0021 00       		.byte	0
 120 0022 3F       		.uleb128 0x3f
 121 0023 19       		.uleb128 0x19
 122 0024 03       		.uleb128 0x3
 123 0025 08       		.uleb128 0x8
 124 0026 3A       		.uleb128 0x3a
 125 0027 0B       		.uleb128 0xb
 126 0028 3B       		.uleb128 0x3b
 127 0029 0B       		.uleb128 0xb
GAS LISTING C:\Users\PRESID~1\AppData\Local\Temp\ccbRBKsU.s 			page 4


 128 002a 27       		.uleb128 0x27
 129 002b 19       		.uleb128 0x19
 130 002c 11       		.uleb128 0x11
 131 002d 01       		.uleb128 0x1
 132 002e 12       		.uleb128 0x12
 133 002f 06       		.uleb128 0x6
 134 0030 40       		.uleb128 0x40
 135 0031 18       		.uleb128 0x18
 136 0032 9742     		.uleb128 0x2117
 137 0034 19       		.uleb128 0x19
 138 0035 00       		.byte	0
 139 0036 00       		.byte	0
 140 0037 00       		.byte	0
 141              		.section	.debug_aranges,"dr"
 142 0000 1C000000 		.long	0x1c
 143 0004 0200     		.word	0x2
 144 0006 00000000 		.secrel32	Ldebug_info0
 145 000a 04       		.byte	0x4
 146 000b 00       		.byte	0
 147 000c 0000     		.word	0
 148 000e 0000     		.word	0
 149 0010 00000000 		.long	Ltext0
 150 0014 0A000000 		.long	Letext0-Ltext0
 151 0018 00000000 		.long	0
 152 001c 00000000 		.long	0
 153              		.section	.debug_macro,"dr"
 154              	Ldebug_macro0:
 155 0000 0400     		.word	0x4
 156 0002 02       		.byte	0x2
 157 0003 00000000 		.secrel32	Ldebug_line0
 158 0007 01       		.byte	0x1
 159 0008 00       		.uleb128 0
 160 0009 5F5F5354 		.ascii "__STDC__ 1\0"
 160      44435F5F 
 160      203100
 161 0014 01       		.byte	0x1
 162 0015 00       		.uleb128 0
 163 0016 5F5F5354 		.ascii "__STDC_HOSTED__ 1\0"
 163      44435F48 
 163      4F535445 
 163      445F5F20 
 163      3100
 164 0028 01       		.byte	0x1
 165 0029 00       		.uleb128 0
 166 002a 5F5F474E 		.ascii "__GNUC__ 4\0"
 166      55435F5F 
 166      203400
 167 0035 01       		.byte	0x1
 168 0036 00       		.uleb128 0
 169 0037 5F5F474E 		.ascii "__GNUC_MINOR__ 9\0"
 169      55435F4D 
 169      494E4F52 
 169      5F5F2039 
 169      00
 170 0048 01       		.byte	0x1
 171 0049 00       		.uleb128 0
 172 004a 5F5F474E 		.ascii "__GNUC_PATCHLEVEL__ 3\0"
GAS LISTING C:\Users\PRESID~1\AppData\Local\Temp\ccbRBKsU.s 			page 5


 172      55435F50 
 172      41544348 
 172      4C455645 
 172      4C5F5F20 
 173 0060 01       		.byte	0x1
 174 0061 00       		.uleb128 0
 175 0062 5F5F5645 		.ascii "__VERSION__ \"4.9.3\"\0"
 175      5253494F 
 175      4E5F5F20 
 175      22342E39 
 175      2E332200 
 176 0076 01       		.byte	0x1
 177 0077 00       		.uleb128 0
 178 0078 5F5F4154 		.ascii "__ATOMIC_RELAXED 0\0"
 178      4F4D4943 
 178      5F52454C 
 178      41584544 
 178      203000
 179 008b 01       		.byte	0x1
 180 008c 00       		.uleb128 0
 181 008d 5F5F4154 		.ascii "__ATOMIC_SEQ_CST 5\0"
 181      4F4D4943 
 181      5F534551 
 181      5F435354 
 181      203500
 182 00a0 01       		.byte	0x1
 183 00a1 00       		.uleb128 0
 184 00a2 5F5F4154 		.ascii "__ATOMIC_ACQUIRE 2\0"
 184      4F4D4943 
 184      5F414351 
 184      55495245 
 184      203200
 185 00b5 01       		.byte	0x1
 186 00b6 00       		.uleb128 0
 187 00b7 5F5F4154 		.ascii "__ATOMIC_RELEASE 3\0"
 187      4F4D4943 
 187      5F52454C 
 187      45415345 
 187      203300
 188 00ca 01       		.byte	0x1
 189 00cb 00       		.uleb128 0
 190 00cc 5F5F4154 		.ascii "__ATOMIC_ACQ_REL 4\0"
 190      4F4D4943 
 190      5F414351 
 190      5F52454C 
 190      203400
 191 00df 01       		.byte	0x1
 192 00e0 00       		.uleb128 0
 193 00e1 5F5F4154 		.ascii "__ATOMIC_CONSUME 1\0"
 193      4F4D4943 
 193      5F434F4E 
 193      53554D45 
 193      203100
 194 00f4 01       		.byte	0x1
 195 00f5 00       		.uleb128 0
 196 00f6 5F5F4649 		.ascii "__FINITE_MATH_ONLY__ 0\0"
 196      4E495445 
GAS LISTING C:\Users\PRESID~1\AppData\Local\Temp\ccbRBKsU.s 			page 6


 196      5F4D4154 
 196      485F4F4E 
 196      4C595F5F 
 197 010d 01       		.byte	0x1
 198 010e 00       		.uleb128 0
 199 010f 5F5F5349 		.ascii "__SIZEOF_INT__ 4\0"
 199      5A454F46 
 199      5F494E54 
 199      5F5F2034 
 199      00
 200 0120 01       		.byte	0x1
 201 0121 00       		.uleb128 0
 202 0122 5F5F5349 		.ascii "__SIZEOF_LONG__ 4\0"
 202      5A454F46 
 202      5F4C4F4E 
 202      475F5F20 
 202      3400
 203 0134 01       		.byte	0x1
 204 0135 00       		.uleb128 0
 205 0136 5F5F5349 		.ascii "__SIZEOF_LONG_LONG__ 8\0"
 205      5A454F46 
 205      5F4C4F4E 
 205      475F4C4F 
 205      4E475F5F 
 206 014d 01       		.byte	0x1
 207 014e 00       		.uleb128 0
 208 014f 5F5F5349 		.ascii "__SIZEOF_SHORT__ 2\0"
 208      5A454F46 
 208      5F53484F 
 208      52545F5F 
 208      203200
 209 0162 01       		.byte	0x1
 210 0163 00       		.uleb128 0
 211 0164 5F5F5349 		.ascii "__SIZEOF_FLOAT__ 4\0"
 211      5A454F46 
 211      5F464C4F 
 211      41545F5F 
 211      203400
 212 0177 01       		.byte	0x1
 213 0178 00       		.uleb128 0
 214 0179 5F5F5349 		.ascii "__SIZEOF_DOUBLE__ 8\0"
 214      5A454F46 
 214      5F444F55 
 214      424C455F 
 214      5F203800 
 215 018d 01       		.byte	0x1
 216 018e 00       		.uleb128 0
 217 018f 5F5F5349 		.ascii "__SIZEOF_LONG_DOUBLE__ 12\0"
 217      5A454F46 
 217      5F4C4F4E 
 217      475F444F 
 217      55424C45 
 218 01a9 01       		.byte	0x1
 219 01aa 00       		.uleb128 0
 220 01ab 5F5F5349 		.ascii "__SIZEOF_SIZE_T__ 4\0"
 220      5A454F46 
 220      5F53495A 
GAS LISTING C:\Users\PRESID~1\AppData\Local\Temp\ccbRBKsU.s 			page 7


 220      455F545F 
 220      5F203400 
 221 01bf 01       		.byte	0x1
 222 01c0 00       		.uleb128 0
 223 01c1 5F5F4348 		.ascii "__CHAR_BIT__ 8\0"
 223      41525F42 
 223      49545F5F 
 223      203800
 224 01d0 01       		.byte	0x1
 225 01d1 00       		.uleb128 0
 226 01d2 5F5F4249 		.ascii "__BIGGEST_ALIGNMENT__ 16\0"
 226      47474553 
 226      545F414C 
 226      49474E4D 
 226      454E545F 
 227 01eb 01       		.byte	0x1
 228 01ec 00       		.uleb128 0
 229 01ed 5F5F4F52 		.ascii "__ORDER_LITTLE_ENDIAN__ 1234\0"
 229      4445525F 
 229      4C495454 
 229      4C455F45 
 229      4E444941 
 230 020a 01       		.byte	0x1
 231 020b 00       		.uleb128 0
 232 020c 5F5F4F52 		.ascii "__ORDER_BIG_ENDIAN__ 4321\0"
 232      4445525F 
 232      4249475F 
 232      454E4449 
 232      414E5F5F 
 233 0226 01       		.byte	0x1
 234 0227 00       		.uleb128 0
 235 0228 5F5F4F52 		.ascii "__ORDER_PDP_ENDIAN__ 3412\0"
 235      4445525F 
 235      5044505F 
 235      454E4449 
 235      414E5F5F 
 236 0242 01       		.byte	0x1
 237 0243 00       		.uleb128 0
 238 0244 5F5F4259 		.ascii "__BYTE_ORDER__ __ORDER_LITTLE_ENDIAN__\0"
 238      54455F4F 
 238      52444552 
 238      5F5F205F 
 238      5F4F5244 
 239 026b 01       		.byte	0x1
 240 026c 00       		.uleb128 0
 241 026d 5F5F464C 		.ascii "__FLOAT_WORD_ORDER__ __ORDER_LITTLE_ENDIAN__\0"
 241      4F41545F 
 241      574F5244 
 241      5F4F5244 
 241      45525F5F 
 242 029a 01       		.byte	0x1
 243 029b 00       		.uleb128 0
 244 029c 5F5F5349 		.ascii "__SIZEOF_POINTER__ 4\0"
 244      5A454F46 
 244      5F504F49 
 244      4E544552 
 244      5F5F2034 
GAS LISTING C:\Users\PRESID~1\AppData\Local\Temp\ccbRBKsU.s 			page 8


 245 02b1 01       		.byte	0x1
 246 02b2 00       		.uleb128 0
 247 02b3 5F5F5349 		.ascii "__SIZE_TYPE__ unsigned int\0"
 247      5A455F54 
 247      5950455F 
 247      5F20756E 
 247      7369676E 
 248 02ce 01       		.byte	0x1
 249 02cf 00       		.uleb128 0
 250 02d0 5F5F5054 		.ascii "__PTRDIFF_TYPE__ int\0"
 250      52444946 
 250      465F5459 
 250      50455F5F 
 250      20696E74 
 251 02e5 01       		.byte	0x1
 252 02e6 00       		.uleb128 0
 253 02e7 5F5F5743 		.ascii "__WCHAR_TYPE__ short unsigned int\0"
 253      4841525F 
 253      54595045 
 253      5F5F2073 
 253      686F7274 
 254 0309 01       		.byte	0x1
 255 030a 00       		.uleb128 0
 256 030b 5F5F5749 		.ascii "__WINT_TYPE__ short unsigned int\0"
 256      4E545F54 
 256      5950455F 
 256      5F207368 
 256      6F727420 
 257 032c 01       		.byte	0x1
 258 032d 00       		.uleb128 0
 259 032e 5F5F494E 		.ascii "__INTMAX_TYPE__ long long int\0"
 259      544D4158 
 259      5F545950 
 259      455F5F20 
 259      6C6F6E67 
 260 034c 01       		.byte	0x1
 261 034d 00       		.uleb128 0
 262 034e 5F5F5549 		.ascii "__UINTMAX_TYPE__ long long unsigned int\0"
 262      4E544D41 
 262      585F5459 
 262      50455F5F 
 262      206C6F6E 
 263 0376 01       		.byte	0x1
 264 0377 00       		.uleb128 0
 265 0378 5F5F4348 		.ascii "__CHAR16_TYPE__ short unsigned int\0"
 265      41523136 
 265      5F545950 
 265      455F5F20 
 265      73686F72 
 266 039b 01       		.byte	0x1
 267 039c 00       		.uleb128 0
 268 039d 5F5F4348 		.ascii "__CHAR32_TYPE__ unsigned int\0"
 268      41523332 
 268      5F545950 
 268      455F5F20 
 268      756E7369 
 269 03ba 01       		.byte	0x1
GAS LISTING C:\Users\PRESID~1\AppData\Local\Temp\ccbRBKsU.s 			page 9


 270 03bb 00       		.uleb128 0
 271 03bc 5F5F5349 		.ascii "__SIG_ATOMIC_TYPE__ int\0"
 271      475F4154 
 271      4F4D4943 
 271      5F545950 
 271      455F5F20 
 272 03d4 01       		.byte	0x1
 273 03d5 00       		.uleb128 0
 274 03d6 5F5F494E 		.ascii "__INT8_TYPE__ signed char\0"
 274      54385F54 
 274      5950455F 
 274      5F207369 
 274      676E6564 
 275 03f0 01       		.byte	0x1
 276 03f1 00       		.uleb128 0
 277 03f2 5F5F494E 		.ascii "__INT16_TYPE__ short int\0"
 277      5431365F 
 277      54595045 
 277      5F5F2073 
 277      686F7274 
 278 040b 01       		.byte	0x1
 279 040c 00       		.uleb128 0
 280 040d 5F5F494E 		.ascii "__INT32_TYPE__ int\0"
 280      5433325F 
 280      54595045 
 280      5F5F2069 
 280      6E7400
 281 0420 01       		.byte	0x1
 282 0421 00       		.uleb128 0
 283 0422 5F5F494E 		.ascii "__INT64_TYPE__ long long int\0"
 283      5436345F 
 283      54595045 
 283      5F5F206C 
 283      6F6E6720 
 284 043f 01       		.byte	0x1
 285 0440 00       		.uleb128 0
 286 0441 5F5F5549 		.ascii "__UINT8_TYPE__ unsigned char\0"
 286      4E54385F 
 286      54595045 
 286      5F5F2075 
 286      6E736967 
 287 045e 01       		.byte	0x1
 288 045f 00       		.uleb128 0
 289 0460 5F5F5549 		.ascii "__UINT16_TYPE__ short unsigned int\0"
 289      4E543136 
 289      5F545950 
 289      455F5F20 
 289      73686F72 
 290 0483 01       		.byte	0x1
 291 0484 00       		.uleb128 0
 292 0485 5F5F5549 		.ascii "__UINT32_TYPE__ unsigned int\0"
 292      4E543332 
 292      5F545950 
 292      455F5F20 
 292      756E7369 
 293 04a2 01       		.byte	0x1
 294 04a3 00       		.uleb128 0
GAS LISTING C:\Users\PRESID~1\AppData\Local\Temp\ccbRBKsU.s 			page 10


 295 04a4 5F5F5549 		.ascii "__UINT64_TYPE__ long long unsigned int\0"
 295      4E543634 
 295      5F545950 
 295      455F5F20 
 295      6C6F6E67 
 296 04cb 01       		.byte	0x1
 297 04cc 00       		.uleb128 0
 298 04cd 5F5F494E 		.ascii "__INT_LEAST8_TYPE__ signed char\0"
 298      545F4C45 
 298      41535438 
 298      5F545950 
 298      455F5F20 
 299 04ed 01       		.byte	0x1
 300 04ee 00       		.uleb128 0
 301 04ef 5F5F494E 		.ascii "__INT_LEAST16_TYPE__ short int\0"
 301      545F4C45 
 301      41535431 
 301      365F5459 
 301      50455F5F 
 302 050e 01       		.byte	0x1
 303 050f 00       		.uleb128 0
 304 0510 5F5F494E 		.ascii "__INT_LEAST32_TYPE__ int\0"
 304      545F4C45 
 304      41535433 
 304      325F5459 
 304      50455F5F 
 305 0529 01       		.byte	0x1
 306 052a 00       		.uleb128 0
 307 052b 5F5F494E 		.ascii "__INT_LEAST64_TYPE__ long long int\0"
 307      545F4C45 
 307      41535436 
 307      345F5459 
 307      50455F5F 
 308 054e 01       		.byte	0x1
 309 054f 00       		.uleb128 0
 310 0550 5F5F5549 		.ascii "__UINT_LEAST8_TYPE__ unsigned char\0"
 310      4E545F4C 
 310      45415354 
 310      385F5459 
 310      50455F5F 
 311 0573 01       		.byte	0x1
 312 0574 00       		.uleb128 0
 313 0575 5F5F5549 		.ascii "__UINT_LEAST16_TYPE__ short unsigned int\0"
 313      4E545F4C 
 313      45415354 
 313      31365F54 
 313      5950455F 
 314 059e 01       		.byte	0x1
 315 059f 00       		.uleb128 0
 316 05a0 5F5F5549 		.ascii "__UINT_LEAST32_TYPE__ unsigned int\0"
 316      4E545F4C 
 316      45415354 
 316      33325F54 
 316      5950455F 
 317 05c3 01       		.byte	0x1
 318 05c4 00       		.uleb128 0
 319 05c5 5F5F5549 		.ascii "__UINT_LEAST64_TYPE__ long long unsigned int\0"
GAS LISTING C:\Users\PRESID~1\AppData\Local\Temp\ccbRBKsU.s 			page 11


 319      4E545F4C 
 319      45415354 
 319      36345F54 
 319      5950455F 
 320 05f2 01       		.byte	0x1
 321 05f3 00       		.uleb128 0
 322 05f4 5F5F494E 		.ascii "__INT_FAST8_TYPE__ signed char\0"
 322      545F4641 
 322      5354385F 
 322      54595045 
 322      5F5F2073 
 323 0613 01       		.byte	0x1
 324 0614 00       		.uleb128 0
 325 0615 5F5F494E 		.ascii "__INT_FAST16_TYPE__ short int\0"
 325      545F4641 
 325      53543136 
 325      5F545950 
 325      455F5F20 
 326 0633 01       		.byte	0x1
 327 0634 00       		.uleb128 0
 328 0635 5F5F494E 		.ascii "__INT_FAST32_TYPE__ int\0"
 328      545F4641 
 328      53543332 
 328      5F545950 
 328      455F5F20 
 329 064d 01       		.byte	0x1
 330 064e 00       		.uleb128 0
 331 064f 5F5F494E 		.ascii "__INT_FAST64_TYPE__ long long int\0"
 331      545F4641 
 331      53543634 
 331      5F545950 
 331      455F5F20 
 332 0671 01       		.byte	0x1
 333 0672 00       		.uleb128 0
 334 0673 5F5F5549 		.ascii "__UINT_FAST8_TYPE__ unsigned char\0"
 334      4E545F46 
 334      41535438 
 334      5F545950 
 334      455F5F20 
 335 0695 01       		.byte	0x1
 336 0696 00       		.uleb128 0
 337 0697 5F5F5549 		.ascii "__UINT_FAST16_TYPE__ short unsigned int\0"
 337      4E545F46 
 337      41535431 
 337      365F5459 
 337      50455F5F 
 338 06bf 01       		.byte	0x1
 339 06c0 00       		.uleb128 0
 340 06c1 5F5F5549 		.ascii "__UINT_FAST32_TYPE__ unsigned int\0"
 340      4E545F46 
 340      41535433 
 340      325F5459 
 340      50455F5F 
 341 06e3 01       		.byte	0x1
 342 06e4 00       		.uleb128 0
 343 06e5 5F5F5549 		.ascii "__UINT_FAST64_TYPE__ long long unsigned int\0"
 343      4E545F46 
GAS LISTING C:\Users\PRESID~1\AppData\Local\Temp\ccbRBKsU.s 			page 12


 343      41535436 
 343      345F5459 
 343      50455F5F 
 344 0711 01       		.byte	0x1
 345 0712 00       		.uleb128 0
 346 0713 5F5F494E 		.ascii "__INTPTR_TYPE__ int\0"
 346      54505452 
 346      5F545950 
 346      455F5F20 
 346      696E7400 
 347 0727 01       		.byte	0x1
 348 0728 00       		.uleb128 0
 349 0729 5F5F5549 		.ascii "__UINTPTR_TYPE__ unsigned int\0"
 349      4E545054 
 349      525F5459 
 349      50455F5F 
 349      20756E73 
 350 0747 01       		.byte	0x1
 351 0748 00       		.uleb128 0
 352 0749 5F5F6861 		.ascii "__has_include(STR) __has_include__(STR)\0"
 352      735F696E 
 352      636C7564 
 352      65285354 
 352      5229205F 
 353 0771 01       		.byte	0x1
 354 0772 00       		.uleb128 0
 355 0773 5F5F6861 		.ascii "__has_include_next(STR) __has_include_next__(STR)\0"
 355      735F696E 
 355      636C7564 
 355      655F6E65 
 355      78742853 
 356 07a5 01       		.byte	0x1
 357 07a6 00       		.uleb128 0
 358 07a7 5F5F4758 		.ascii "__GXX_ABI_VERSION 1002\0"
 358      585F4142 
 358      495F5645 
 358      5253494F 
 358      4E203130 
 359 07be 01       		.byte	0x1
 360 07bf 00       		.uleb128 0
 361 07c0 5F5F5343 		.ascii "__SCHAR_MAX__ 127\0"
 361      4841525F 
 361      4D41585F 
 361      5F203132 
 361      3700
 362 07d2 01       		.byte	0x1
 363 07d3 00       		.uleb128 0
 364 07d4 5F5F5348 		.ascii "__SHRT_MAX__ 32767\0"
 364      52545F4D 
 364      41585F5F 
 364      20333237 
 364      363700
 365 07e7 01       		.byte	0x1
 366 07e8 00       		.uleb128 0
 367 07e9 5F5F494E 		.ascii "__INT_MAX__ 2147483647\0"
 367      545F4D41 
 367      585F5F20 
GAS LISTING C:\Users\PRESID~1\AppData\Local\Temp\ccbRBKsU.s 			page 13


 367      32313437 
 367      34383336 
 368 0800 01       		.byte	0x1
 369 0801 00       		.uleb128 0
 370 0802 5F5F4C4F 		.ascii "__LONG_MAX__ 2147483647L\0"
 370      4E475F4D 
 370      41585F5F 
 370      20323134 
 370      37343833 
 371 081b 01       		.byte	0x1
 372 081c 00       		.uleb128 0
 373 081d 5F5F4C4F 		.ascii "__LONG_LONG_MAX__ 9223372036854775807LL\0"
 373      4E475F4C 
 373      4F4E475F 
 373      4D41585F 
 373      5F203932 
 374 0845 01       		.byte	0x1
 375 0846 00       		.uleb128 0
 376 0847 5F5F5743 		.ascii "__WCHAR_MAX__ 65535\0"
 376      4841525F 
 376      4D41585F 
 376      5F203635 
 376      35333500 
 377 085b 01       		.byte	0x1
 378 085c 00       		.uleb128 0
 379 085d 5F5F5743 		.ascii "__WCHAR_MIN__ 0\0"
 379      4841525F 
 379      4D494E5F 
 379      5F203000 
 380 086d 01       		.byte	0x1
 381 086e 00       		.uleb128 0
 382 086f 5F5F5749 		.ascii "__WINT_MAX__ 65535\0"
 382      4E545F4D 
 382      41585F5F 
 382      20363535 
 382      333500
 383 0882 01       		.byte	0x1
 384 0883 00       		.uleb128 0
 385 0884 5F5F5749 		.ascii "__WINT_MIN__ 0\0"
 385      4E545F4D 
 385      494E5F5F 
 385      203000
 386 0893 01       		.byte	0x1
 387 0894 00       		.uleb128 0
 388 0895 5F5F5054 		.ascii "__PTRDIFF_MAX__ 2147483647\0"
 388      52444946 
 388      465F4D41 
 388      585F5F20 
 388      32313437 
 389 08b0 01       		.byte	0x1
 390 08b1 00       		.uleb128 0
 391 08b2 5F5F5349 		.ascii "__SIZE_MAX__ 4294967295U\0"
 391      5A455F4D 
 391      41585F5F 
 391      20343239 
 391      34393637 
 392 08cb 01       		.byte	0x1
GAS LISTING C:\Users\PRESID~1\AppData\Local\Temp\ccbRBKsU.s 			page 14


 393 08cc 00       		.uleb128 0
 394 08cd 5F5F494E 		.ascii "__INTMAX_MAX__ 9223372036854775807LL\0"
 394      544D4158 
 394      5F4D4158 
 394      5F5F2039 
 394      32323333 
 395 08f2 01       		.byte	0x1
 396 08f3 00       		.uleb128 0
 397 08f4 5F5F494E 		.ascii "__INTMAX_C(c) c ## LL\0"
 397      544D4158 
 397      5F432863 
 397      29206320 
 397      2323204C 
 398 090a 01       		.byte	0x1
 399 090b 00       		.uleb128 0
 400 090c 5F5F5549 		.ascii "__UINTMAX_MAX__ 18446744073709551615ULL\0"
 400      4E544D41 
 400      585F4D41 
 400      585F5F20 
 400      31383434 
 401 0934 01       		.byte	0x1
 402 0935 00       		.uleb128 0
 403 0936 5F5F5549 		.ascii "__UINTMAX_C(c) c ## ULL\0"
 403      4E544D41 
 403      585F4328 
 403      63292063 
 403      20232320 
 404 094e 01       		.byte	0x1
 405 094f 00       		.uleb128 0
 406 0950 5F5F5349 		.ascii "__SIG_ATOMIC_MAX__ 2147483647\0"
 406      475F4154 
 406      4F4D4943 
 406      5F4D4158 
 406      5F5F2032 
 407 096e 01       		.byte	0x1
 408 096f 00       		.uleb128 0
 409 0970 5F5F5349 		.ascii "__SIG_ATOMIC_MIN__ (-__SIG_ATOMIC_MAX__ - 1)\0"
 409      475F4154 
 409      4F4D4943 
 409      5F4D494E 
 409      5F5F2028 
 410 099d 01       		.byte	0x1
 411 099e 00       		.uleb128 0
 412 099f 5F5F494E 		.ascii "__INT8_MAX__ 127\0"
 412      54385F4D 
 412      41585F5F 
 412      20313237 
 412      00
 413 09b0 01       		.byte	0x1
 414 09b1 00       		.uleb128 0
 415 09b2 5F5F494E 		.ascii "__INT16_MAX__ 32767\0"
 415      5431365F 
 415      4D41585F 
 415      5F203332 
 415      37363700 
 416 09c6 01       		.byte	0x1
 417 09c7 00       		.uleb128 0
GAS LISTING C:\Users\PRESID~1\AppData\Local\Temp\ccbRBKsU.s 			page 15


 418 09c8 5F5F494E 		.ascii "__INT32_MAX__ 2147483647\0"
 418      5433325F 
 418      4D41585F 
 418      5F203231 
 418      34373438 
 419 09e1 01       		.byte	0x1
 420 09e2 00       		.uleb128 0
 421 09e3 5F5F494E 		.ascii "__INT64_MAX__ 9223372036854775807LL\0"
 421      5436345F 
 421      4D41585F 
 421      5F203932 
 421      32333337 
 422 0a07 01       		.byte	0x1
 423 0a08 00       		.uleb128 0
 424 0a09 5F5F5549 		.ascii "__UINT8_MAX__ 255\0"
 424      4E54385F 
 424      4D41585F 
 424      5F203235 
 424      3500
 425 0a1b 01       		.byte	0x1
 426 0a1c 00       		.uleb128 0
 427 0a1d 5F5F5549 		.ascii "__UINT16_MAX__ 65535\0"
 427      4E543136 
 427      5F4D4158 
 427      5F5F2036 
 427      35353335 
 428 0a32 01       		.byte	0x1
 429 0a33 00       		.uleb128 0
 430 0a34 5F5F5549 		.ascii "__UINT32_MAX__ 4294967295U\0"
 430      4E543332 
 430      5F4D4158 
 430      5F5F2034 
 430      32393439 
 431 0a4f 01       		.byte	0x1
 432 0a50 00       		.uleb128 0
 433 0a51 5F5F5549 		.ascii "__UINT64_MAX__ 18446744073709551615ULL\0"
 433      4E543634 
 433      5F4D4158 
 433      5F5F2031 
 433      38343436 
 434 0a78 01       		.byte	0x1
 435 0a79 00       		.uleb128 0
 436 0a7a 5F5F494E 		.ascii "__INT_LEAST8_MAX__ 127\0"
 436      545F4C45 
 436      41535438 
 436      5F4D4158 
 436      5F5F2031 
 437 0a91 01       		.byte	0x1
 438 0a92 00       		.uleb128 0
 439 0a93 5F5F494E 		.ascii "__INT8_C(c) c\0"
 439      54385F43 
 439      28632920 
 439      6300
 440 0aa1 01       		.byte	0x1
 441 0aa2 00       		.uleb128 0
 442 0aa3 5F5F494E 		.ascii "__INT_LEAST16_MAX__ 32767\0"
 442      545F4C45 
GAS LISTING C:\Users\PRESID~1\AppData\Local\Temp\ccbRBKsU.s 			page 16


 442      41535431 
 442      365F4D41 
 442      585F5F20 
 443 0abd 01       		.byte	0x1
 444 0abe 00       		.uleb128 0
 445 0abf 5F5F494E 		.ascii "__INT16_C(c) c\0"
 445      5431365F 
 445      43286329 
 445      206300
 446 0ace 01       		.byte	0x1
 447 0acf 00       		.uleb128 0
 448 0ad0 5F5F494E 		.ascii "__INT_LEAST32_MAX__ 2147483647\0"
 448      545F4C45 
 448      41535433 
 448      325F4D41 
 448      585F5F20 
 449 0aef 01       		.byte	0x1
 450 0af0 00       		.uleb128 0
 451 0af1 5F5F494E 		.ascii "__INT32_C(c) c\0"
 451      5433325F 
 451      43286329 
 451      206300
 452 0b00 01       		.byte	0x1
 453 0b01 00       		.uleb128 0
 454 0b02 5F5F494E 		.ascii "__INT_LEAST64_MAX__ 9223372036854775807LL\0"
 454      545F4C45 
 454      41535436 
 454      345F4D41 
 454      585F5F20 
 455 0b2c 01       		.byte	0x1
 456 0b2d 00       		.uleb128 0
 457 0b2e 5F5F494E 		.ascii "__INT64_C(c) c ## LL\0"
 457      5436345F 
 457      43286329 
 457      20632023 
 457      23204C4C 
 458 0b43 01       		.byte	0x1
 459 0b44 00       		.uleb128 0
 460 0b45 5F5F5549 		.ascii "__UINT_LEAST8_MAX__ 255\0"
 460      4E545F4C 
 460      45415354 
 460      385F4D41 
 460      585F5F20 
 461 0b5d 01       		.byte	0x1
 462 0b5e 00       		.uleb128 0
 463 0b5f 5F5F5549 		.ascii "__UINT8_C(c) c\0"
 463      4E54385F 
 463      43286329 
 463      206300
 464 0b6e 01       		.byte	0x1
 465 0b6f 00       		.uleb128 0
 466 0b70 5F5F5549 		.ascii "__UINT_LEAST16_MAX__ 65535\0"
 466      4E545F4C 
 466      45415354 
 466      31365F4D 
 466      41585F5F 
 467 0b8b 01       		.byte	0x1
GAS LISTING C:\Users\PRESID~1\AppData\Local\Temp\ccbRBKsU.s 			page 17


 468 0b8c 00       		.uleb128 0
 469 0b8d 5F5F5549 		.ascii "__UINT16_C(c) c\0"
 469      4E543136 
 469      5F432863 
 469      29206300 
 470 0b9d 01       		.byte	0x1
 471 0b9e 00       		.uleb128 0
 472 0b9f 5F5F5549 		.ascii "__UINT_LEAST32_MAX__ 4294967295U\0"
 472      4E545F4C 
 472      45415354 
 472      33325F4D 
 472      41585F5F 
 473 0bc0 01       		.byte	0x1
 474 0bc1 00       		.uleb128 0
 475 0bc2 5F5F5549 		.ascii "__UINT32_C(c) c ## U\0"
 475      4E543332 
 475      5F432863 
 475      29206320 
 475      23232055 
 476 0bd7 01       		.byte	0x1
 477 0bd8 00       		.uleb128 0
 478 0bd9 5F5F5549 		.ascii "__UINT_LEAST64_MAX__ 18446744073709551615ULL\0"
 478      4E545F4C 
 478      45415354 
 478      36345F4D 
 478      41585F5F 
 479 0c06 01       		.byte	0x1
 480 0c07 00       		.uleb128 0
 481 0c08 5F5F5549 		.ascii "__UINT64_C(c) c ## ULL\0"
 481      4E543634 
 481      5F432863 
 481      29206320 
 481      23232055 
 482 0c1f 01       		.byte	0x1
 483 0c20 00       		.uleb128 0
 484 0c21 5F5F494E 		.ascii "__INT_FAST8_MAX__ 127\0"
 484      545F4641 
 484      5354385F 
 484      4D41585F 
 484      5F203132 
 485 0c37 01       		.byte	0x1
 486 0c38 00       		.uleb128 0
 487 0c39 5F5F494E 		.ascii "__INT_FAST16_MAX__ 32767\0"
 487      545F4641 
 487      53543136 
 487      5F4D4158 
 487      5F5F2033 
 488 0c52 01       		.byte	0x1
 489 0c53 00       		.uleb128 0
 490 0c54 5F5F494E 		.ascii "__INT_FAST32_MAX__ 2147483647\0"
 490      545F4641 
 490      53543332 
 490      5F4D4158 
 490      5F5F2032 
 491 0c72 01       		.byte	0x1
 492 0c73 00       		.uleb128 0
 493 0c74 5F5F494E 		.ascii "__INT_FAST64_MAX__ 9223372036854775807LL\0"
GAS LISTING C:\Users\PRESID~1\AppData\Local\Temp\ccbRBKsU.s 			page 18


 493      545F4641 
 493      53543634 
 493      5F4D4158 
 493      5F5F2039 
 494 0c9d 01       		.byte	0x1
 495 0c9e 00       		.uleb128 0
 496 0c9f 5F5F5549 		.ascii "__UINT_FAST8_MAX__ 255\0"
 496      4E545F46 
 496      41535438 
 496      5F4D4158 
 496      5F5F2032 
 497 0cb6 01       		.byte	0x1
 498 0cb7 00       		.uleb128 0
 499 0cb8 5F5F5549 		.ascii "__UINT_FAST16_MAX__ 65535\0"
 499      4E545F46 
 499      41535431 
 499      365F4D41 
 499      585F5F20 
 500 0cd2 01       		.byte	0x1
 501 0cd3 00       		.uleb128 0
 502 0cd4 5F5F5549 		.ascii "__UINT_FAST32_MAX__ 4294967295U\0"
 502      4E545F46 
 502      41535433 
 502      325F4D41 
 502      585F5F20 
 503 0cf4 01       		.byte	0x1
 504 0cf5 00       		.uleb128 0
 505 0cf6 5F5F5549 		.ascii "__UINT_FAST64_MAX__ 18446744073709551615ULL\0"
 505      4E545F46 
 505      41535436 
 505      345F4D41 
 505      585F5F20 
 506 0d22 01       		.byte	0x1
 507 0d23 00       		.uleb128 0
 508 0d24 5F5F494E 		.ascii "__INTPTR_MAX__ 2147483647\0"
 508      54505452 
 508      5F4D4158 
 508      5F5F2032 
 508      31343734 
 509 0d3e 01       		.byte	0x1
 510 0d3f 00       		.uleb128 0
 511 0d40 5F5F5549 		.ascii "__UINTPTR_MAX__ 4294967295U\0"
 511      4E545054 
 511      525F4D41 
 511      585F5F20 
 511      34323934 
 512 0d5c 01       		.byte	0x1
 513 0d5d 00       		.uleb128 0
 514 0d5e 5F5F4743 		.ascii "__GCC_IEC_559 2\0"
 514      435F4945 
 514      435F3535 
 514      39203200 
 515 0d6e 01       		.byte	0x1
 516 0d6f 00       		.uleb128 0
 517 0d70 5F5F4743 		.ascii "__GCC_IEC_559_COMPLEX 2\0"
 517      435F4945 
 517      435F3535 
GAS LISTING C:\Users\PRESID~1\AppData\Local\Temp\ccbRBKsU.s 			page 19


 517      395F434F 
 517      4D504C45 
 518 0d88 01       		.byte	0x1
 519 0d89 00       		.uleb128 0
 520 0d8a 5F5F464C 		.ascii "__FLT_EVAL_METHOD__ 2\0"
 520      545F4556 
 520      414C5F4D 
 520      4554484F 
 520      445F5F20 
 521 0da0 01       		.byte	0x1
 522 0da1 00       		.uleb128 0
 523 0da2 5F5F4445 		.ascii "__DEC_EVAL_METHOD__ 2\0"
 523      435F4556 
 523      414C5F4D 
 523      4554484F 
 523      445F5F20 
 524 0db8 01       		.byte	0x1
 525 0db9 00       		.uleb128 0
 526 0dba 5F5F464C 		.ascii "__FLT_RADIX__ 2\0"
 526      545F5241 
 526      4449585F 
 526      5F203200 
 527 0dca 01       		.byte	0x1
 528 0dcb 00       		.uleb128 0
 529 0dcc 5F5F464C 		.ascii "__FLT_MANT_DIG__ 24\0"
 529      545F4D41 
 529      4E545F44 
 529      49475F5F 
 529      20323400 
 530 0de0 01       		.byte	0x1
 531 0de1 00       		.uleb128 0
 532 0de2 5F5F464C 		.ascii "__FLT_DIG__ 6\0"
 532      545F4449 
 532      475F5F20 
 532      3600
 533 0df0 01       		.byte	0x1
 534 0df1 00       		.uleb128 0
 535 0df2 5F5F464C 		.ascii "__FLT_MIN_EXP__ (-125)\0"
 535      545F4D49 
 535      4E5F4558 
 535      505F5F20 
 535      282D3132 
 536 0e09 01       		.byte	0x1
 537 0e0a 00       		.uleb128 0
 538 0e0b 5F5F464C 		.ascii "__FLT_MIN_10_EXP__ (-37)\0"
 538      545F4D49 
 538      4E5F3130 
 538      5F455850 
 538      5F5F2028 
 539 0e24 01       		.byte	0x1
 540 0e25 00       		.uleb128 0
 541 0e26 5F5F464C 		.ascii "__FLT_MAX_EXP__ 128\0"
 541      545F4D41 
 541      585F4558 
 541      505F5F20 
 541      31323800 
 542 0e3a 01       		.byte	0x1
GAS LISTING C:\Users\PRESID~1\AppData\Local\Temp\ccbRBKsU.s 			page 20


 543 0e3b 00       		.uleb128 0
 544 0e3c 5F5F464C 		.ascii "__FLT_MAX_10_EXP__ 38\0"
 544      545F4D41 
 544      585F3130 
 544      5F455850 
 544      5F5F2033 
 545 0e52 01       		.byte	0x1
 546 0e53 00       		.uleb128 0
 547 0e54 5F5F464C 		.ascii "__FLT_DECIMAL_DIG__ 9\0"
 547      545F4445 
 547      43494D41 
 547      4C5F4449 
 547      475F5F20 
 548 0e6a 01       		.byte	0x1
 549 0e6b 00       		.uleb128 0
 550 0e6c 5F5F464C 		.ascii "__FLT_MAX__ 3.40282346638528859812e+38F\0"
 550      545F4D41 
 550      585F5F20 
 550      332E3430 
 550      32383233 
 551 0e94 01       		.byte	0x1
 552 0e95 00       		.uleb128 0
 553 0e96 5F5F464C 		.ascii "__FLT_MIN__ 1.17549435082228750797e-38F\0"
 553      545F4D49 
 553      4E5F5F20 
 553      312E3137 
 553      35343934 
 554 0ebe 01       		.byte	0x1
 555 0ebf 00       		.uleb128 0
 556 0ec0 5F5F464C 		.ascii "__FLT_EPSILON__ 1.19209289550781250000e-7F\0"
 556      545F4550 
 556      53494C4F 
 556      4E5F5F20 
 556      312E3139 
 557 0eeb 01       		.byte	0x1
 558 0eec 00       		.uleb128 0
 559 0eed 5F5F464C 		.ascii "__FLT_DENORM_MIN__ 1.40129846432481707092e-45F\0"
 559      545F4445 
 559      4E4F524D 
 559      5F4D494E 
 559      5F5F2031 
 560 0f1c 01       		.byte	0x1
 561 0f1d 00       		.uleb128 0
 562 0f1e 5F5F464C 		.ascii "__FLT_HAS_DENORM__ 1\0"
 562      545F4841 
 562      535F4445 
 562      4E4F524D 
 562      5F5F2031 
 563 0f33 01       		.byte	0x1
 564 0f34 00       		.uleb128 0
 565 0f35 5F5F464C 		.ascii "__FLT_HAS_INFINITY__ 1\0"
 565      545F4841 
 565      535F494E 
 565      46494E49 
 565      54595F5F 
 566 0f4c 01       		.byte	0x1
 567 0f4d 00       		.uleb128 0
GAS LISTING C:\Users\PRESID~1\AppData\Local\Temp\ccbRBKsU.s 			page 21


 568 0f4e 5F5F464C 		.ascii "__FLT_HAS_QUIET_NAN__ 1\0"
 568      545F4841 
 568      535F5155 
 568      4945545F 
 568      4E414E5F 
 569 0f66 01       		.byte	0x1
 570 0f67 00       		.uleb128 0
 571 0f68 5F5F4442 		.ascii "__DBL_MANT_DIG__ 53\0"
 571      4C5F4D41 
 571      4E545F44 
 571      49475F5F 
 571      20353300 
 572 0f7c 01       		.byte	0x1
 573 0f7d 00       		.uleb128 0
 574 0f7e 5F5F4442 		.ascii "__DBL_DIG__ 15\0"
 574      4C5F4449 
 574      475F5F20 
 574      313500
 575 0f8d 01       		.byte	0x1
 576 0f8e 00       		.uleb128 0
 577 0f8f 5F5F4442 		.ascii "__DBL_MIN_EXP__ (-1021)\0"
 577      4C5F4D49 
 577      4E5F4558 
 577      505F5F20 
 577      282D3130 
 578 0fa7 01       		.byte	0x1
 579 0fa8 00       		.uleb128 0
 580 0fa9 5F5F4442 		.ascii "__DBL_MIN_10_EXP__ (-307)\0"
 580      4C5F4D49 
 580      4E5F3130 
 580      5F455850 
 580      5F5F2028 
 581 0fc3 01       		.byte	0x1
 582 0fc4 00       		.uleb128 0
 583 0fc5 5F5F4442 		.ascii "__DBL_MAX_EXP__ 1024\0"
 583      4C5F4D41 
 583      585F4558 
 583      505F5F20 
 583      31303234 
 584 0fda 01       		.byte	0x1
 585 0fdb 00       		.uleb128 0
 586 0fdc 5F5F4442 		.ascii "__DBL_MAX_10_EXP__ 308\0"
 586      4C5F4D41 
 586      585F3130 
 586      5F455850 
 586      5F5F2033 
 587 0ff3 01       		.byte	0x1
 588 0ff4 00       		.uleb128 0
 589 0ff5 5F5F4442 		.ascii "__DBL_DECIMAL_DIG__ 17\0"
 589      4C5F4445 
 589      43494D41 
 589      4C5F4449 
 589      475F5F20 
 590 100c 01       		.byte	0x1
 591 100d 00       		.uleb128 0
 592 100e 5F5F4442 		.ascii "__DBL_MAX__ ((double)1.79769313486231570815e+308L)\0"
 592      4C5F4D41 
GAS LISTING C:\Users\PRESID~1\AppData\Local\Temp\ccbRBKsU.s 			page 22


 592      585F5F20 
 592      2828646F 
 592      75626C65 
 593 1041 01       		.byte	0x1
 594 1042 00       		.uleb128 0
 595 1043 5F5F4442 		.ascii "__DBL_MIN__ ((double)2.22507385850720138309e-308L)\0"
 595      4C5F4D49 
 595      4E5F5F20 
 595      2828646F 
 595      75626C65 
 596 1076 01       		.byte	0x1
 597 1077 00       		.uleb128 0
 598 1078 5F5F4442 		.ascii "__DBL_EPSILON__ ((double)2.22044604925031308085e-16L)\0"
 598      4C5F4550 
 598      53494C4F 
 598      4E5F5F20 
 598      2828646F 
 599 10ae 01       		.byte	0x1
 600 10af 00       		.uleb128 0
 601 10b0 5F5F4442 		.ascii "__DBL_DENORM_MIN__ ((double)4.94065645841246544177e-324L)\0"
 601      4C5F4445 
 601      4E4F524D 
 601      5F4D494E 
 601      5F5F2028 
 602 10ea 01       		.byte	0x1
 603 10eb 00       		.uleb128 0
 604 10ec 5F5F4442 		.ascii "__DBL_HAS_DENORM__ 1\0"
 604      4C5F4841 
 604      535F4445 
 604      4E4F524D 
 604      5F5F2031 
 605 1101 01       		.byte	0x1
 606 1102 00       		.uleb128 0
 607 1103 5F5F4442 		.ascii "__DBL_HAS_INFINITY__ 1\0"
 607      4C5F4841 
 607      535F494E 
 607      46494E49 
 607      54595F5F 
 608 111a 01       		.byte	0x1
 609 111b 00       		.uleb128 0
 610 111c 5F5F4442 		.ascii "__DBL_HAS_QUIET_NAN__ 1\0"
 610      4C5F4841 
 610      535F5155 
 610      4945545F 
 610      4E414E5F 
 611 1134 01       		.byte	0x1
 612 1135 00       		.uleb128 0
 613 1136 5F5F4C44 		.ascii "__LDBL_MANT_DIG__ 64\0"
 613      424C5F4D 
 613      414E545F 
 613      4449475F 
 613      5F203634 
 614 114b 01       		.byte	0x1
 615 114c 00       		.uleb128 0
 616 114d 5F5F4C44 		.ascii "__LDBL_DIG__ 18\0"
 616      424C5F44 
 616      49475F5F 
GAS LISTING C:\Users\PRESID~1\AppData\Local\Temp\ccbRBKsU.s 			page 23


 616      20313800 
 617 115d 01       		.byte	0x1
 618 115e 00       		.uleb128 0
 619 115f 5F5F4C44 		.ascii "__LDBL_MIN_EXP__ (-16381)\0"
 619      424C5F4D 
 619      494E5F45 
 619      58505F5F 
 619      20282D31 
 620 1179 01       		.byte	0x1
 621 117a 00       		.uleb128 0
 622 117b 5F5F4C44 		.ascii "__LDBL_MIN_10_EXP__ (-4931)\0"
 622      424C5F4D 
 622      494E5F31 
 622      305F4558 
 622      505F5F20 
 623 1197 01       		.byte	0x1
 624 1198 00       		.uleb128 0
 625 1199 5F5F4C44 		.ascii "__LDBL_MAX_EXP__ 16384\0"
 625      424C5F4D 
 625      41585F45 
 625      58505F5F 
 625      20313633 
 626 11b0 01       		.byte	0x1
 627 11b1 00       		.uleb128 0
 628 11b2 5F5F4C44 		.ascii "__LDBL_MAX_10_EXP__ 4932\0"
 628      424C5F4D 
 628      41585F31 
 628      305F4558 
 628      505F5F20 
 629 11cb 01       		.byte	0x1
 630 11cc 00       		.uleb128 0
 631 11cd 5F5F4445 		.ascii "__DECIMAL_DIG__ 21\0"
 631      43494D41 
 631      4C5F4449 
 631      475F5F20 
 631      323100
 632 11e0 01       		.byte	0x1
 633 11e1 00       		.uleb128 0
 634 11e2 5F5F4C44 		.ascii "__LDBL_MAX__ 1.18973149535723176502e+4932L\0"
 634      424C5F4D 
 634      41585F5F 
 634      20312E31 
 634      38393733 
 635 120d 01       		.byte	0x1
 636 120e 00       		.uleb128 0
 637 120f 5F5F4C44 		.ascii "__LDBL_MIN__ 3.36210314311209350626e-4932L\0"
 637      424C5F4D 
 637      494E5F5F 
 637      20332E33 
 637      36323130 
 638 123a 01       		.byte	0x1
 639 123b 00       		.uleb128 0
 640 123c 5F5F4C44 		.ascii "__LDBL_EPSILON__ 1.08420217248550443401e-19L\0"
 640      424C5F45 
 640      5053494C 
 640      4F4E5F5F 
 640      20312E30 
GAS LISTING C:\Users\PRESID~1\AppData\Local\Temp\ccbRBKsU.s 			page 24


 641 1269 01       		.byte	0x1
 642 126a 00       		.uleb128 0
 643 126b 5F5F4C44 		.ascii "__LDBL_DENORM_MIN__ 3.64519953188247460253e-4951L\0"
 643      424C5F44 
 643      454E4F52 
 643      4D5F4D49 
 643      4E5F5F20 
 644 129d 01       		.byte	0x1
 645 129e 00       		.uleb128 0
 646 129f 5F5F4C44 		.ascii "__LDBL_HAS_DENORM__ 1\0"
 646      424C5F48 
 646      41535F44 
 646      454E4F52 
 646      4D5F5F20 
 647 12b5 01       		.byte	0x1
 648 12b6 00       		.uleb128 0
 649 12b7 5F5F4C44 		.ascii "__LDBL_HAS_INFINITY__ 1\0"
 649      424C5F48 
 649      41535F49 
 649      4E46494E 
 649      4954595F 
 650 12cf 01       		.byte	0x1
 651 12d0 00       		.uleb128 0
 652 12d1 5F5F4C44 		.ascii "__LDBL_HAS_QUIET_NAN__ 1\0"
 652      424C5F48 
 652      41535F51 
 652      55494554 
 652      5F4E414E 
 653 12ea 01       		.byte	0x1
 654 12eb 00       		.uleb128 0
 655 12ec 5F5F4445 		.ascii "__DEC32_MANT_DIG__ 7\0"
 655      4333325F 
 655      4D414E54 
 655      5F444947 
 655      5F5F2037 
 656 1301 01       		.byte	0x1
 657 1302 00       		.uleb128 0
 658 1303 5F5F4445 		.ascii "__DEC32_MIN_EXP__ (-94)\0"
 658      4333325F 
 658      4D494E5F 
 658      4558505F 
 658      5F20282D 
 659 131b 01       		.byte	0x1
 660 131c 00       		.uleb128 0
 661 131d 5F5F4445 		.ascii "__DEC32_MAX_EXP__ 97\0"
 661      4333325F 
 661      4D41585F 
 661      4558505F 
 661      5F203937 
 662 1332 01       		.byte	0x1
 663 1333 00       		.uleb128 0
 664 1334 5F5F4445 		.ascii "__DEC32_MIN__ 1E-95DF\0"
 664      4333325F 
 664      4D494E5F 
 664      5F203145 
 664      2D393544 
 665 134a 01       		.byte	0x1
GAS LISTING C:\Users\PRESID~1\AppData\Local\Temp\ccbRBKsU.s 			page 25


 666 134b 00       		.uleb128 0
 667 134c 5F5F4445 		.ascii "__DEC32_MAX__ 9.999999E96DF\0"
 667      4333325F 
 667      4D41585F 
 667      5F20392E 
 667      39393939 
 668 1368 01       		.byte	0x1
 669 1369 00       		.uleb128 0
 670 136a 5F5F4445 		.ascii "__DEC32_EPSILON__ 1E-6DF\0"
 670      4333325F 
 670      45505349 
 670      4C4F4E5F 
 670      5F203145 
 671 1383 01       		.byte	0x1
 672 1384 00       		.uleb128 0
 673 1385 5F5F4445 		.ascii "__DEC32_SUBNORMAL_MIN__ 0.000001E-95DF\0"
 673      4333325F 
 673      5355424E 
 673      4F524D41 
 673      4C5F4D49 
 674 13ac 01       		.byte	0x1
 675 13ad 00       		.uleb128 0
 676 13ae 5F5F4445 		.ascii "__DEC64_MANT_DIG__ 16\0"
 676      4336345F 
 676      4D414E54 
 676      5F444947 
 676      5F5F2031 
 677 13c4 01       		.byte	0x1
 678 13c5 00       		.uleb128 0
 679 13c6 5F5F4445 		.ascii "__DEC64_MIN_EXP__ (-382)\0"
 679      4336345F 
 679      4D494E5F 
 679      4558505F 
 679      5F20282D 
 680 13df 01       		.byte	0x1
 681 13e0 00       		.uleb128 0
 682 13e1 5F5F4445 		.ascii "__DEC64_MAX_EXP__ 385\0"
 682      4336345F 
 682      4D41585F 
 682      4558505F 
 682      5F203338 
 683 13f7 01       		.byte	0x1
 684 13f8 00       		.uleb128 0
 685 13f9 5F5F4445 		.ascii "__DEC64_MIN__ 1E-383DD\0"
 685      4336345F 
 685      4D494E5F 
 685      5F203145 
 685      2D333833 
 686 1410 01       		.byte	0x1
 687 1411 00       		.uleb128 0
 688 1412 5F5F4445 		.ascii "__DEC64_MAX__ 9.999999999999999E384DD\0"
 688      4336345F 
 688      4D41585F 
 688      5F20392E 
 688      39393939 
 689 1438 01       		.byte	0x1
 690 1439 00       		.uleb128 0
GAS LISTING C:\Users\PRESID~1\AppData\Local\Temp\ccbRBKsU.s 			page 26


 691 143a 5F5F4445 		.ascii "__DEC64_EPSILON__ 1E-15DD\0"
 691      4336345F 
 691      45505349 
 691      4C4F4E5F 
 691      5F203145 
 692 1454 01       		.byte	0x1
 693 1455 00       		.uleb128 0
 694 1456 5F5F4445 		.ascii "__DEC64_SUBNORMAL_MIN__ 0.000000000000001E-383DD\0"
 694      4336345F 
 694      5355424E 
 694      4F524D41 
 694      4C5F4D49 
 695 1487 01       		.byte	0x1
 696 1488 00       		.uleb128 0
 697 1489 5F5F4445 		.ascii "__DEC128_MANT_DIG__ 34\0"
 697      43313238 
 697      5F4D414E 
 697      545F4449 
 697      475F5F20 
 698 14a0 01       		.byte	0x1
 699 14a1 00       		.uleb128 0
 700 14a2 5F5F4445 		.ascii "__DEC128_MIN_EXP__ (-6142)\0"
 700      43313238 
 700      5F4D494E 
 700      5F455850 
 700      5F5F2028 
 701 14bd 01       		.byte	0x1
 702 14be 00       		.uleb128 0
 703 14bf 5F5F4445 		.ascii "__DEC128_MAX_EXP__ 6145\0"
 703      43313238 
 703      5F4D4158 
 703      5F455850 
 703      5F5F2036 
 704 14d7 01       		.byte	0x1
 705 14d8 00       		.uleb128 0
 706 14d9 5F5F4445 		.ascii "__DEC128_MIN__ 1E-6143DL\0"
 706      43313238 
 706      5F4D494E 
 706      5F5F2031 
 706      452D3631 
 707 14f2 01       		.byte	0x1
 708 14f3 00       		.uleb128 0
 709 14f4 5F5F4445 		.ascii "__DEC128_MAX__ 9.999999999999999999999999999999999E6144DL\0"
 709      43313238 
 709      5F4D4158 
 709      5F5F2039 
 709      2E393939 
 710 152e 01       		.byte	0x1
 711 152f 00       		.uleb128 0
 712 1530 5F5F4445 		.ascii "__DEC128_EPSILON__ 1E-33DL\0"
 712      43313238 
 712      5F455053 
 712      494C4F4E 
 712      5F5F2031 
 713 154b 01       		.byte	0x1
 714 154c 00       		.uleb128 0
 715 154d 5F5F4445 		.ascii "__DEC128_SUBNORMAL_MIN__ 0.000000000000000000000000000000001E-6143DL\0"
GAS LISTING C:\Users\PRESID~1\AppData\Local\Temp\ccbRBKsU.s 			page 27


 715      43313238 
 715      5F535542 
 715      4E4F524D 
 715      414C5F4D 
 716 1592 01       		.byte	0x1
 717 1593 00       		.uleb128 0
 718 1594 5F5F5245 		.ascii "__REGISTER_PREFIX__ \0"
 718      47495354 
 718      45525F50 
 718      52454649 
 718      585F5F20 
 719 15a9 01       		.byte	0x1
 720 15aa 00       		.uleb128 0
 721 15ab 5F5F5553 		.ascii "__USER_LABEL_PREFIX__ _\0"
 721      45525F4C 
 721      4142454C 
 721      5F505245 
 721      4649585F 
 722 15c3 01       		.byte	0x1
 723 15c4 00       		.uleb128 0
 724 15c5 5F5F474E 		.ascii "__GNUC_GNU_INLINE__ 1\0"
 724      55435F47 
 724      4E555F49 
 724      4E4C494E 
 724      455F5F20 
 725 15db 01       		.byte	0x1
 726 15dc 00       		.uleb128 0
 727 15dd 5F5F4E4F 		.ascii "__NO_INLINE__ 1\0"
 727      5F494E4C 
 727      494E455F 
 727      5F203100 
 728 15ed 01       		.byte	0x1
 729 15ee 00       		.uleb128 0
 730 15ef 5F5F5354 		.ascii "__STRICT_ANSI__ 1\0"
 730      52494354 
 730      5F414E53 
 730      495F5F20 
 730      3100
 731 1601 01       		.byte	0x1
 732 1602 00       		.uleb128 0
 733 1603 5F5F4743 		.ascii "__GCC_ATOMIC_BOOL_LOCK_FREE 1\0"
 733      435F4154 
 733      4F4D4943 
 733      5F424F4F 
 733      4C5F4C4F 
 734 1621 01       		.byte	0x1
 735 1622 00       		.uleb128 0
 736 1623 5F5F4743 		.ascii "__GCC_ATOMIC_CHAR_LOCK_FREE 1\0"
 736      435F4154 
 736      4F4D4943 
 736      5F434841 
 736      525F4C4F 
 737 1641 01       		.byte	0x1
 738 1642 00       		.uleb128 0
 739 1643 5F5F4743 		.ascii "__GCC_ATOMIC_CHAR16_T_LOCK_FREE 1\0"
 739      435F4154 
 739      4F4D4943 
GAS LISTING C:\Users\PRESID~1\AppData\Local\Temp\ccbRBKsU.s 			page 28


 739      5F434841 
 739      5231365F 
 740 1665 01       		.byte	0x1
 741 1666 00       		.uleb128 0
 742 1667 5F5F4743 		.ascii "__GCC_ATOMIC_CHAR32_T_LOCK_FREE 1\0"
 742      435F4154 
 742      4F4D4943 
 742      5F434841 
 742      5233325F 
 743 1689 01       		.byte	0x1
 744 168a 00       		.uleb128 0
 745 168b 5F5F4743 		.ascii "__GCC_ATOMIC_WCHAR_T_LOCK_FREE 1\0"
 745      435F4154 
 745      4F4D4943 
 745      5F574348 
 745      41525F54 
 746 16ac 01       		.byte	0x1
 747 16ad 00       		.uleb128 0
 748 16ae 5F5F4743 		.ascii "__GCC_ATOMIC_SHORT_LOCK_FREE 1\0"
 748      435F4154 
 748      4F4D4943 
 748      5F53484F 
 748      52545F4C 
 749 16cd 01       		.byte	0x1
 750 16ce 00       		.uleb128 0
 751 16cf 5F5F4743 		.ascii "__GCC_ATOMIC_INT_LOCK_FREE 1\0"
 751      435F4154 
 751      4F4D4943 
 751      5F494E54 
 751      5F4C4F43 
 752 16ec 01       		.byte	0x1
 753 16ed 00       		.uleb128 0
 754 16ee 5F5F4743 		.ascii "__GCC_ATOMIC_LONG_LOCK_FREE 1\0"
 754      435F4154 
 754      4F4D4943 
 754      5F4C4F4E 
 754      475F4C4F 
 755 170c 01       		.byte	0x1
 756 170d 00       		.uleb128 0
 757 170e 5F5F4743 		.ascii "__GCC_ATOMIC_LLONG_LOCK_FREE 1\0"
 757      435F4154 
 757      4F4D4943 
 757      5F4C4C4F 
 757      4E475F4C 
 758 172d 01       		.byte	0x1
 759 172e 00       		.uleb128 0
 760 172f 5F5F4743 		.ascii "__GCC_ATOMIC_TEST_AND_SET_TRUEVAL 1\0"
 760      435F4154 
 760      4F4D4943 
 760      5F544553 
 760      545F414E 
 761 1753 01       		.byte	0x1
 762 1754 00       		.uleb128 0
 763 1755 5F5F4743 		.ascii "__GCC_ATOMIC_POINTER_LOCK_FREE 1\0"
 763      435F4154 
 763      4F4D4943 
 763      5F504F49 
GAS LISTING C:\Users\PRESID~1\AppData\Local\Temp\ccbRBKsU.s 			page 29


 763      4E544552 
 764 1776 01       		.byte	0x1
 765 1777 00       		.uleb128 0
 766 1778 5F5F4743 		.ascii "__GCC_HAVE_DWARF2_CFI_ASM 1\0"
 766      435F4841 
 766      56455F44 
 766      57415246 
 766      325F4346 
 767 1794 01       		.byte	0x1
 768 1795 00       		.uleb128 0
 769 1796 5F5F5052 		.ascii "__PRAGMA_REDEFINE_EXTNAME 1\0"
 769      41474D41 
 769      5F524544 
 769      4546494E 
 769      455F4558 
 770 17b2 01       		.byte	0x1
 771 17b3 00       		.uleb128 0
 772 17b4 5F5F5349 		.ascii "__SIZEOF_WCHAR_T__ 2\0"
 772      5A454F46 
 772      5F574348 
 772      41525F54 
 772      5F5F2032 
 773 17c9 01       		.byte	0x1
 774 17ca 00       		.uleb128 0
 775 17cb 5F5F5349 		.ascii "__SIZEOF_WINT_T__ 2\0"
 775      5A454F46 
 775      5F57494E 
 775      545F545F 
 775      5F203200 
 776 17df 01       		.byte	0x1
 777 17e0 00       		.uleb128 0
 778 17e1 5F5F5349 		.ascii "__SIZEOF_PTRDIFF_T__ 4\0"
 778      5A454F46 
 778      5F505452 
 778      44494646 
 778      5F545F5F 
 779 17f8 01       		.byte	0x1
 780 17f9 00       		.uleb128 0
 781 17fa 5F5F6933 		.ascii "__i386 1\0"
 781      38362031 
 781      00
 782 1803 01       		.byte	0x1
 783 1804 00       		.uleb128 0
 784 1805 5F5F6933 		.ascii "__i386__ 1\0"
 784      38365F5F 
 784      203100
 785 1810 01       		.byte	0x1
 786 1811 00       		.uleb128 0
 787 1812 5F5F4154 		.ascii "__ATOMIC_HLE_ACQUIRE 65536\0"
 787      4F4D4943 
 787      5F484C45 
 787      5F414351 
 787      55495245 
 788 182d 01       		.byte	0x1
 789 182e 00       		.uleb128 0
 790 182f 5F5F4154 		.ascii "__ATOMIC_HLE_RELEASE 131072\0"
 790      4F4D4943 
GAS LISTING C:\Users\PRESID~1\AppData\Local\Temp\ccbRBKsU.s 			page 30


 790      5F484C45 
 790      5F52454C 
 790      45415345 
 791 184b 01       		.byte	0x1
 792 184c 00       		.uleb128 0
 793 184d 5F5F7475 		.ascii "__tune_i386__ 1\0"
 793      6E655F69 
 793      3338365F 
 793      5F203100 
 794 185d 01       		.byte	0x1
 795 185e 00       		.uleb128 0
 796 185f 5F5F636F 		.ascii "__code_model_32__ 1\0"
 796      64655F6D 
 796      6F64656C 
 796      5F33325F 
 796      5F203100 
 797 1873 01       		.byte	0x1
 798 1874 00       		.uleb128 0
 799 1875 5F583836 		.ascii "_X86_ 1\0"
 799      5F203100 
 800 187d 01       		.byte	0x1
 801 187e 00       		.uleb128 0
 802 187f 5F5F7374 		.ascii "__stdcall __attribute__((__stdcall__))\0"
 802      6463616C 
 802      6C205F5F 
 802      61747472 
 802      69627574 
 803 18a6 01       		.byte	0x1
 804 18a7 00       		.uleb128 0
 805 18a8 5F5F6661 		.ascii "__fastcall __attribute__((__fastcall__))\0"
 805      73746361 
 805      6C6C205F 
 805      5F617474 
 805      72696275 
 806 18d1 01       		.byte	0x1
 807 18d2 00       		.uleb128 0
 808 18d3 5F5F7468 		.ascii "__thiscall __attribute__((__thiscall__))\0"
 808      69736361 
 808      6C6C205F 
 808      5F617474 
 808      72696275 
 809 18fc 01       		.byte	0x1
 810 18fd 00       		.uleb128 0
 811 18fe 5F5F6364 		.ascii "__cdecl __attribute__((__cdecl__))\0"
 811      65636C20 
 811      5F5F6174 
 811      74726962 
 811      7574655F 
 812 1921 01       		.byte	0x1
 813 1922 00       		.uleb128 0
 814 1923 5F5F4758 		.ascii "__GXX_MERGED_TYPEINFO_NAMES 0\0"
 814      585F4D45 
 814      52474544 
 814      5F545950 
 814      45494E46 
 815 1941 01       		.byte	0x1
 816 1942 00       		.uleb128 0
GAS LISTING C:\Users\PRESID~1\AppData\Local\Temp\ccbRBKsU.s 			page 31


 817 1943 5F5F4758 		.ascii "__GXX_TYPEINFO_EQUALITY_INLINE 0\0"
 817      585F5459 
 817      5045494E 
 817      464F5F45 
 817      5155414C 
 818 1964 01       		.byte	0x1
 819 1965 00       		.uleb128 0
 820 1966 5F5F4D53 		.ascii "__MSVCRT__ 1\0"
 820      56435254 
 820      5F5F2031 
 820      00
 821 1973 01       		.byte	0x1
 822 1974 00       		.uleb128 0
 823 1975 5F5F4D49 		.ascii "__MINGW32__ 1\0"
 823      4E475733 
 823      325F5F20 
 823      3100
 824 1983 01       		.byte	0x1
 825 1984 00       		.uleb128 0
 826 1985 5F57494E 		.ascii "_WIN32 1\0"
 826      33322031 
 826      00
 827 198e 01       		.byte	0x1
 828 198f 00       		.uleb128 0
 829 1990 5F5F5749 		.ascii "__WIN32 1\0"
 829      4E333220 
 829      3100
 830 199a 01       		.byte	0x1
 831 199b 00       		.uleb128 0
 832 199c 5F5F5749 		.ascii "__WIN32__ 1\0"
 832      4E33325F 
 832      5F203100 
 833 19a8 01       		.byte	0x1
 834 19a9 00       		.uleb128 0
 835 19aa 5F5F5749 		.ascii "__WINNT 1\0"
 835      4E4E5420 
 835      3100
 836 19b4 01       		.byte	0x1
 837 19b5 00       		.uleb128 0
 838 19b6 5F5F5749 		.ascii "__WINNT__ 1\0"
 838      4E4E545F 
 838      5F203100 
 839 19c2 01       		.byte	0x1
 840 19c3 00       		.uleb128 0
 841 19c4 5F494E54 		.ascii "_INTEGRAL_MAX_BITS 64\0"
 841      45475241 
 841      4C5F4D41 
 841      585F4249 
 841      54532036 
 842 19da 01       		.byte	0x1
 843 19db 00       		.uleb128 0
 844 19dc 5F5F6465 		.ascii "__declspec(x) __attribute__((x))\0"
 844      636C7370 
 844      65632878 
 844      29205F5F 
 844      61747472 
 845 19fd 01       		.byte	0x1
GAS LISTING C:\Users\PRESID~1\AppData\Local\Temp\ccbRBKsU.s 			page 32


 846 19fe 00       		.uleb128 0
 847 19ff 5F5F4445 		.ascii "__DECIMAL_BID_FORMAT__ 1\0"
 847      43494D41 
 847      4C5F4249 
 847      445F464F 
 847      524D4154 
 848 1a18 01       		.byte	0x1
 849 1a19 00       		.uleb128 0
 850 1a1a 4346475F 		.ascii "CFG_PROCESSOR 3\0"
 850      50524F43 
 850      4553534F 
 850      52203300 
 851 1a2a 03       		.byte	0x3
 852 1a2b 00       		.uleb128 0
 853 1a2c 01       		.uleb128 0x1
 854              		.file 2 "E:/NeuOrga/Programmieren/c_cpp/github_os/input/src/os_sim/../os_base/os_firstinc.h"
 855 1a2d 03       		.byte	0x3
 856 1a2e 01       		.uleb128 0x1
 857 1a2f 02       		.uleb128 0x2
 858 1a30 01       		.byte	0x1
 859 1a31 02       		.uleb128 0x2
 860 1a32 5F6F735F 		.ascii "_os_firstinc_h_ \0"
 860      66697273 
 860      74696E63 
 860      5F685F20 
 860      00
 861              		.file 3 "E:/NeuOrga/Programmieren/c_cpp/github_os/input/src/os_sim/../os_base/../os_base/os_base_t
 862 1a43 03       		.byte	0x3
 863 1a44 04       		.uleb128 0x4
 864 1a45 03       		.uleb128 0x3
 865 1a46 01       		.byte	0x1
 866 1a47 02       		.uleb128 0x2
 867 1a48 5F424153 		.ascii "_BASE_TYPES_H_ \0"
 867      455F5459 
 867      5045535F 
 867      485F2000 
 868 1a58 01       		.byte	0x1
 869 1a59 04       		.uleb128 0x4
 870 1a5a 494E5445 		.ascii "INTEGER_LLP64_IL32P64 1\0"
 870      4745525F 
 870      4C4C5036 
 870      345F494C 
 870      33325036 
 871 1a72 01       		.byte	0x1
 872 1a73 05       		.uleb128 0x5
 873 1a74 494E5445 		.ascii "INTEGER_LP64_I32LP64 2\0"
 873      4745525F 
 873      4C503634 
 873      5F493332 
 873      4C503634 
 874 1a8b 01       		.byte	0x1
 875 1a8c 06       		.uleb128 0x6
 876 1a8d 494E5445 		.ascii "INTEGER_ILP64 3\0"
 876      4745525F 
 876      494C5036 
 876      34203300 
 877 1a9d 01       		.byte	0x1
GAS LISTING C:\Users\PRESID~1\AppData\Local\Temp\ccbRBKsU.s 			page 33


 878 1a9e 07       		.uleb128 0x7
 879 1a9f 494E5445 		.ascii "INTEGER_SILP64 4\0"
 879      4745525F 
 879      53494C50 
 879      36342034 
 879      00
 880 1ab0 01       		.byte	0x1
 881 1ab1 09       		.uleb128 0x9
 882 1ab2 4350505F 		.ascii "CPP_VERSION_NONE 0\0"
 882      56455253 
 882      494F4E5F 
 882      4E4F4E45 
 882      203000
 883 1ac5 01       		.byte	0x1
 884 1ac6 0A       		.uleb128 0xa
 885 1ac7 4350505F 		.ascii "CPP_VERSION_1998 1\0"
 885      56455253 
 885      494F4E5F 
 885      31393938 
 885      203100
 886 1ada 01       		.byte	0x1
 887 1adb 0B       		.uleb128 0xb
 888 1adc 4350505F 		.ascii "CPP_VERSION_2003 2\0"
 888      56455253 
 888      494F4E5F 
 888      32303033 
 888      203200
 889 1aef 01       		.byte	0x1
 890 1af0 0C       		.uleb128 0xc
 891 1af1 4350505F 		.ascii "CPP_VERSION_2007 3\0"
 891      56455253 
 891      494F4E5F 
 891      32303037 
 891      203300
 892 1b04 01       		.byte	0x1
 893 1b05 0D       		.uleb128 0xd
 894 1b06 4350505F 		.ascii "CPP_VERSION_2011 4\0"
 894      56455253 
 894      494F4E5F 
 894      32303131 
 894      203400
 895 1b19 01       		.byte	0x1
 896 1b1a 0E       		.uleb128 0xe
 897 1b1b 49534F5F 		.ascii "ISO_CPP_VERSION CPP_VERSION_1998\0"
 897      4350505F 
 897      56455253 
 897      494F4E20 
 897      4350505F 
 898 1b3c 01       		.byte	0x1
 899 1b3d 10       		.uleb128 0x10
 900 1b3e 494E5445 		.ascii "INTEGER_MODEL INTEGER_LLP64_IL32P64\0"
 900      4745525F 
 900      4D4F4445 
 900      4C20494E 
 900      54454745 
 901 1b62 04       		.byte	0x4
 902              		.file 4 "E:/NeuOrga/Programmieren/c_cpp/github_os/input/src/os_sim/../os_base/../os_base/os_common
GAS LISTING C:\Users\PRESID~1\AppData\Local\Temp\ccbRBKsU.s 			page 34


 903 1b63 03       		.byte	0x3
 904 1b64 05       		.uleb128 0x5
 905 1b65 04       		.uleb128 0x4
 906 1b66 01       		.byte	0x1
 907 1b67 02       		.uleb128 0x2
 908 1b68 5F6F735F 		.ascii "_os_common_h_ \0"
 908      636F6D6D 
 908      6F6E5F68 
 908      5F2000
 909 1b77 01       		.byte	0x1
 910 1b78 06       		.uleb128 0x6
 911 1b79 46616C73 		.ascii "False 0\0"
 911      65203000 
 912 1b81 01       		.byte	0x1
 913 1b82 07       		.uleb128 0x7
 914 1b83 54727565 		.ascii "True 1\0"
 914      203100
 915 1b8a 01       		.byte	0x1
 916 1b8b 08       		.uleb128 0x8
 917 1b8c 46414C53 		.ascii "FALSE False\0"
 917      45204661 
 917      6C736500 
 918 1b98 01       		.byte	0x1
 919 1b99 09       		.uleb128 0x9
 920 1b9a 54525545 		.ascii "TRUE True\0"
 920      20547275 
 920      6500
 921 1ba4 01       		.byte	0x1
 922 1ba5 0A       		.uleb128 0xa
 923 1ba6 41636365 		.ascii "Accepted 1\0"
 923      70746564 
 923      203100
 924 1bb1 01       		.byte	0x1
 925 1bb2 0B       		.uleb128 0xb
 926 1bb3 52656A65 		.ascii "Rejected 0\0"
 926      63746564 
 926      203000
 927 1bbe 01       		.byte	0x1
 928 1bbf 0C       		.uleb128 0xc
 929 1bc0 4C6F6361 		.ascii "Local static\0"
 929      6C207374 
 929      61746963 
 929      00
 930 1bcd 01       		.byte	0x1
 931 1bce 0D       		.uleb128 0xd
 932 1bcf 4C6F6361 		.ascii "Local_inline static __inline__\0"
 932      6C5F696E 
 932      6C696E65 
 932      20737461 
 932      74696320 
 933 1bee 01       		.byte	0x1
 934 1bef 0E       		.uleb128 0xe
 935 1bf0 476C6F62 		.ascii "Global_inline __inline__\0"
 935      616C5F69 
 935      6E6C696E 
 935      65205F5F 
 935      696E6C69 
GAS LISTING C:\Users\PRESID~1\AppData\Local\Temp\ccbRBKsU.s 			page 35


 936 1c09 01       		.byte	0x1
 937 1c0a 0F       		.uleb128 0xf
 938 1c0b 52656665 		.ascii "ReferenceUnusedParameter(x) ((x) = (x))\0"
 938      72656E63 
 938      65556E75 
 938      73656450 
 938      6172616D 
 939 1c33 01       		.byte	0x1
 940 1c34 12       		.uleb128 0x12
 941 1c35 634D4355 		.ascii "cMCU_SIMULATION 1\0"
 941      5F53494D 
 941      554C4154 
 941      494F4E20 
 941      3100
 942 1c47 01       		.byte	0x1
 943 1c48 13       		.uleb128 0x13
 944 1c49 634D4355 		.ascii "cMCU_POWERPC 2\0"
 944      5F504F57 
 944      45525043 
 944      203200
 945 1c58 01       		.byte	0x1
 946 1c59 14       		.uleb128 0x14
 947 1c5a 634D4355 		.ascii "cMCU_X86 3\0"
 947      5F583836 
 947      203300
 948 1c65 01       		.byte	0x1
 949 1c66 15       		.uleb128 0x15
 950 1c67 634D4355 		.ascii "cMCU_CORTEX_M4 4\0"
 950      5F434F52 
 950      5445585F 
 950      4D342034 
 950      00
 951 1c78 01       		.byte	0x1
 952 1c79 18       		.uleb128 0x18
 953 1c7a 4E525F4F 		.ascii "NR_OF_CORES 1\0"
 953      465F434F 
 953      52455320 
 953      3100
 954 1c88 01       		.byte	0x1
 955 1c89 25       		.uleb128 0x25
 956 1c8a 44697361 		.ascii "DisableInterrupts() \0"
 956      626C6549 
 956      6E746572 
 956      72757074 
 956      73282920 
 957 1c9f 01       		.byte	0x1
 958 1ca0 26       		.uleb128 0x26
 959 1ca1 456E6162 		.ascii "EnableInterrupts() \0"
 959      6C65496E 
 959      74657272 
 959      75707473 
 959      28292000 
 960 1cb5 01       		.byte	0x1
 961 1cb6 27       		.uleb128 0x27
 962 1cb7 50726976 		.ascii "Privilige_level_save_current() \0"
 962      696C6967 
 962      655F6C65 
GAS LISTING C:\Users\PRESID~1\AppData\Local\Temp\ccbRBKsU.s 			page 36


 962      76656C5F 
 962      73617665 
 963 1cd7 01       		.byte	0x1
 964 1cd8 28       		.uleb128 0x28
 965 1cd9 50726976 		.ascii "Privilige_level_enter_kernel_mode() \0"
 965      696C6967 
 965      655F6C65 
 965      76656C5F 
 965      656E7465 
 966 1cfe 01       		.byte	0x1
 967 1cff 29       		.uleb128 0x29
 968 1d00 50726976 		.ascii "Privilige_level_restore_saved() \0"
 968      696C6967 
 968      655F6C65 
 968      76656C5F 
 968      72657374 
 969 1d21 01       		.byte	0x1
 970 1d22 2A       		.uleb128 0x2a
 971 1d23 48616C74 		.ascii "HaltMcu() \0"
 971      4D637528 
 971      292000
 972 1d2e 04       		.byte	0x4
 973              		.file 5 "E:/NeuOrga/Programmieren/c_cpp/github_os/input/src/os_sim/../os_base/../os_base/os_ram.h"
 974 1d2f 03       		.byte	0x3
 975 1d30 07       		.uleb128 0x7
 976 1d31 05       		.uleb128 0x5
 977 1d32 01       		.byte	0x1
 978 1d33 02       		.uleb128 0x2
 979 1d34 5F4F535F 		.ascii "_OS_RAM_H_ \0"
 979      52414D5F 
 979      485F2000 
 980              		.file 6 "E:/NeuOrga/Programmieren/c_cpp/github_os/input/src/os_sim/../os_base/../os_base/os_firsti
 981 1d40 03       		.byte	0x3
 982 1d41 04       		.uleb128 0x4
 983 1d42 06       		.uleb128 0x6
 984 1d43 04       		.byte	0x4
 985              		.file 7 "E:/NeuOrga/Programmieren/c_cpp/github_os/input/src/os_sim/../os_base/../os_base/os_stack.
 986 1d44 03       		.byte	0x3
 987 1d45 05       		.uleb128 0x5
 988 1d46 07       		.uleb128 0x7
 989 1d47 01       		.byte	0x1
 990 1d48 02       		.uleb128 0x2
 991 1d49 5F6F735F 		.ascii "_os_stack_h_ \0"
 991      73746163 
 991      6B5F685F 
 991      2000
 992 1d57 01       		.byte	0x1
 993 1d58 04       		.uleb128 0x4
 994 1d59 4F535F53 		.ascii "OS_STACK_SIZE 0x100\0"
 994      5441434B 
 994      5F53495A 
 994      45203078 
 994      31303000 
 995 1d6d 04       		.byte	0x4
 996              		.file 8 "E:/NeuOrga/Programmieren/c_cpp/github_os/input/src/os_sim/../os_base/../os_base/os_heap.h
 997 1d6e 03       		.byte	0x3
 998 1d6f 06       		.uleb128 0x6
GAS LISTING C:\Users\PRESID~1\AppData\Local\Temp\ccbRBKsU.s 			page 37


 999 1d70 08       		.uleb128 0x8
 1000 1d71 01       		.byte	0x1
 1001 1d72 02       		.uleb128 0x2
 1002 1d73 5F6F735F 		.ascii "_os_heap_h_ \0"
 1002      68656170 
 1002      5F685F20 
 1002      00
 1003 1d80 01       		.byte	0x1
 1004 1d81 05       		.uleb128 0x5
 1005 1d82 48454150 		.ascii "HEAP_SIZE 10000\0"
 1005      5F53495A 
 1005      45203130 
 1005      30303000 
 1006 1d92 01       		.byte	0x1
 1007 1d93 06       		.uleb128 0x6
 1008 1d94 4D494E5F 		.ascii "MIN_BLOCK_SIZE_HEAP 8\0"
 1008      424C4F43 
 1008      4B5F5349 
 1008      5A455F48 
 1008      45415020 
 1009 1daa 01       		.byte	0x1
 1010 1dab 09       		.uleb128 0x9
 1011 1dac 48454150 		.ascii "HEAP_OFFSET_FOR_SIZE 0\0"
 1011      5F4F4646 
 1011      5345545F 
 1011      464F525F 
 1011      53495A45 
 1012 1dc3 01       		.byte	0x1
 1013 1dc4 0A       		.uleb128 0xa
 1014 1dc5 48454150 		.ascii "HEAP_OFFSET_FOR_USED_SIZE 4\0"
 1014      5F4F4646 
 1014      5345545F 
 1014      464F525F 
 1014      55534544 
 1015 1de1 01       		.byte	0x1
 1016 1de2 0B       		.uleb128 0xb
 1017 1de3 48454150 		.ascii "HEAP_OFFSET_FOR_CHUNK 8\0"
 1017      5F4F4646 
 1017      5345545F 
 1017      464F525F 
 1017      4348554E 
 1018 1dfb 04       		.byte	0x4
 1019 1dfc 04       		.byte	0x4
 1020              		.file 9 "E:/NeuOrga/Programmieren/c_cpp/github_os/input/src/os_sim/../os_base/../os_sim/lld_global
 1021 1dfd 03       		.byte	0x3
 1022 1dfe 0A       		.uleb128 0xa
 1023 1dff 09       		.uleb128 0x9
 1024 1e00 01       		.byte	0x1
 1025 1e01 02       		.uleb128 0x2
 1026 1e02 5F6C6C64 		.ascii "_lld_global_h_ \0"
 1026      5F676C6F 
 1026      62616C5F 
 1026      685F2000 
 1027              		.file 10 "E:/NeuOrga/Programmieren/c_cpp/github_os/input/src/os_sim/../os_base/../os_sim/lld_core.
 1028 1e12 03       		.byte	0x3
 1029 1e13 04       		.uleb128 0x4
 1030 1e14 0A       		.uleb128 0xa
GAS LISTING C:\Users\PRESID~1\AppData\Local\Temp\ccbRBKsU.s 			page 38


 1031 1e15 01       		.byte	0x1
 1032 1e16 02       		.uleb128 0x2
 1033 1e17 5F6C6C64 		.ascii "_lld_core_h_ \0"
 1033      5F636F72 
 1033      655F685F 
 1033      2000
 1034              		.file 11 "E:/NeuOrga/Programmieren/c_cpp/github_os/input/src/os_sim/../os_base/../os_sim/../os_bas
 1035 1e25 03       		.byte	0x3
 1036 1e26 03       		.uleb128 0x3
 1037 1e27 0B       		.uleb128 0xb
 1038 1e28 04       		.byte	0x4
 1039 1e29 04       		.byte	0x4
 1040              		.file 12 "E:/NeuOrga/Programmieren/c_cpp/github_os/input/src/os_sim/../os_base/../os_sim/lld_inter
 1041 1e2a 03       		.byte	0x3
 1042 1e2b 05       		.uleb128 0x5
 1043 1e2c 0C       		.uleb128 0xc
 1044 1e2d 01       		.byte	0x1
 1045 1e2e 02       		.uleb128 0x2
 1046 1e2f 5F6C6C64 		.ascii "_lld_interrupt_h_ \0"
 1046      5F696E74 
 1046      65727275 
 1046      70745F68 
 1046      5F2000
 1047 1e42 01       		.byte	0x1
 1048 1e43 05       		.uleb128 0x5
 1049 1e44 6F735F69 		.ascii "os_interrupt_swi_1 asm(\"swi 1\")\0"
 1049      6E746572 
 1049      72757074 
 1049      5F737769 
 1049      5F312061 
 1050 1e64 01       		.byte	0x1
 1051 1e65 06       		.uleb128 0x6
 1052 1e66 6F735F69 		.ascii "os_interrupt_swi_2 asm(\"swi 2\")\0"
 1052      6E746572 
 1052      72757074 
 1052      5F737769 
 1052      5F322061 
 1053 1e86 01       		.byte	0x1
 1054 1e87 07       		.uleb128 0x7
 1055 1e88 6F735F69 		.ascii "os_interrupt_swi_3 asm(\"swi 3\")\0"
 1055      6E746572 
 1055      72757074 
 1055      5F737769 
 1055      5F332061 
 1056 1ea8 01       		.byte	0x1
 1057 1ea9 08       		.uleb128 0x8
 1058 1eaa 6F735F69 		.ascii "os_interrupt_swi_4 asm(\"swi 4\")\0"
 1058      6E746572 
 1058      72757074 
 1058      5F737769 
 1058      5F342061 
 1059 1eca 01       		.byte	0x1
 1060 1ecb 09       		.uleb128 0x9
 1061 1ecc 6F735F69 		.ascii "os_interrupt_swi_5 asm(\"swi 5\")\0"
 1061      6E746572 
 1061      72757074 
 1061      5F737769 
GAS LISTING C:\Users\PRESID~1\AppData\Local\Temp\ccbRBKsU.s 			page 39


 1061      5F352061 
 1062 1eec 04       		.byte	0x4
 1063              		.file 13 "E:/NeuOrga/Programmieren/c_cpp/github_os/input/src/os_sim/../os_base/../os_sim/lld_mmu.h
 1064 1eed 03       		.byte	0x3
 1065 1eee 06       		.uleb128 0x6
 1066 1eef 0D       		.uleb128 0xd
 1067 1ef0 01       		.byte	0x1
 1068 1ef1 02       		.uleb128 0x2
 1069 1ef2 5F6C6C64 		.ascii "_lld_mmu_h_ \0"
 1069      5F6D6D75 
 1069      5F685F20 
 1069      00
 1070 1eff 04       		.byte	0x4
 1071              		.file 14 "E:/NeuOrga/Programmieren/c_cpp/github_os/input/src/os_sim/../os_base/../os_sim/lld_timer
 1072 1f00 03       		.byte	0x3
 1073 1f01 07       		.uleb128 0x7
 1074 1f02 0E       		.uleb128 0xe
 1075 1f03 01       		.byte	0x1
 1076 1f04 02       		.uleb128 0x2
 1077 1f05 5F6C6C64 		.ascii "_lld_timer_h_ \0"
 1077      5F74696D 
 1077      65725F68 
 1077      5F2000
 1078 1f14 04       		.byte	0x4
 1079              		.file 15 "E:/NeuOrga/Programmieren/c_cpp/github_os/input/src/os_sim/../os_base/../os_sim/lld_power
 1080 1f15 03       		.byte	0x3
 1081 1f16 08       		.uleb128 0x8
 1082 1f17 0F       		.uleb128 0xf
 1083 1f18 01       		.byte	0x1
 1084 1f19 02       		.uleb128 0x2
 1085 1f1a 5F6C6C64 		.ascii "_lld_power_h_ \0"
 1085      5F706F77 
 1085      65725F68 
 1085      5F2000
 1086 1f29 04       		.byte	0x4
 1087              		.file 16 "E:/NeuOrga/Programmieren/c_cpp/github_os/input/src/os_sim/../os_base/../os_sim/lld_ram.h
 1088 1f2a 03       		.byte	0x3
 1089 1f2b 09       		.uleb128 0x9
 1090 1f2c 10       		.uleb128 0x10
 1091 1f2d 01       		.byte	0x1
 1092 1f2e 02       		.uleb128 0x2
 1093 1f2f 5F6C6C64 		.ascii "_lld_ram_h_ \0"
 1093      5F72616D 
 1093      5F685F20 
 1093      00
 1094 1f3c 04       		.byte	0x4
 1095              		.file 17 "E:/NeuOrga/Programmieren/c_cpp/github_os/input/src/os_sim/../os_base/../os_sim/../os_bas
 1096 1f3d 03       		.byte	0x3
 1097 1f3e 0A       		.uleb128 0xa
 1098 1f3f 11       		.uleb128 0x11
 1099 1f40 01       		.byte	0x1
 1100 1f41 02       		.uleb128 0x2
 1101 1f42 5F6F735F 		.ascii "_os_task_common_h_ \0"
 1101      7461736B 
 1101      5F636F6D 
 1101      6D6F6E5F 
 1101      685F2000 
GAS LISTING C:\Users\PRESID~1\AppData\Local\Temp\ccbRBKsU.s 			page 40


 1102              		.file 18 "E:/NeuOrga/Programmieren/c_cpp/github_os/input/src/os_sim/../os_base/../os_sim/../os_bas
 1103 1f56 03       		.byte	0x3
 1104 1f57 04       		.uleb128 0x4
 1105 1f58 12       		.uleb128 0x12
 1106 1f59 01       		.byte	0x1
 1107 1f5a 02       		.uleb128 0x2
 1108 1f5b 5F6F735F 		.ascii "_os_task_config_h_ \0"
 1108      7461736B 
 1108      5F636F6E 
 1108      6669675F 
 1108      685F2000 
 1109 1f6f 01       		.byte	0x1
 1110 1f70 05       		.uleb128 0x5
 1111 1f71 53636865 		.ascii "SchedulerFrequency (1.0e3)\0"
 1111      64756C65 
 1111      72467265 
 1111      7175656E 
 1111      63792028 
 1112 1f8c 01       		.byte	0x1
 1113 1f8d 06       		.uleb128 0x6
 1114 1f8e 4D696E54 		.ascii "MinTimeSlice_s (1.0/SchedulerFrequency)\0"
 1114      696D6553 
 1114      6C696365 
 1114      5F732028 
 1114      312E302F 
 1115 1fb6 01       		.byte	0x1
 1116 1fb7 07       		.uleb128 0x7
 1117 1fb8 4D696E54 		.ascii "MinTimeSlice_us ((1.0/SchedulerFrequency)*1e6)\0"
 1117      696D6553 
 1117      6C696365 
 1117      5F757320 
 1117      2828312E 
 1118 1fe7 01       		.byte	0x1
 1119 1fe8 08       		.uleb128 0x8
 1120 1fe9 5461736B 		.ascii "Task_min_time (1e0)\0"
 1120      5F6D696E 
 1120      5F74696D 
 1120      65202831 
 1120      65302900 
 1121 1ffd 01       		.byte	0x1
 1122 1ffe 09       		.uleb128 0x9
 1123 1fff 4E554D42 		.ascii "NUMBER_OF_TASKS 5\0"
 1123      45525F4F 
 1123      465F5441 
 1123      534B5320 
 1123      3500
 1124 2011 01       		.byte	0x1
 1125 2012 0A       		.uleb128 0xa
 1126 2013 4D41585F 		.ascii "MAX_RUN_QUEUE_SIZE (NUMBER_OF_TASKS)\0"
 1126      52554E5F 
 1126      51554555 
 1126      455F5349 
 1126      5A452028 
 1127 2038 01       		.byte	0x1
 1128 2039 0B       		.uleb128 0xb
 1129 203a 4D41585F 		.ascii "MAX_RUN_PQUEUE_SIZE MAX_RUN_QUEUE_SIZE\0"
 1129      52554E5F 
GAS LISTING C:\Users\PRESID~1\AppData\Local\Temp\ccbRBKsU.s 			page 41


 1129      50515545 
 1129      55455F53 
 1129      495A4520 
 1130 2061 01       		.byte	0x1
 1131 2062 0D       		.uleb128 0xd
 1132 2063 5441534B 		.ascii "TASK_STACK_SIZE 200\0"
 1132      5F535441 
 1132      434B5F53 
 1132      495A4520 
 1132      32303000 
 1133 2077 01       		.byte	0x1
 1134 2078 10       		.uleb128 0x10
 1135 2079 4D535F50 		.ascii "MS_PER_SEC (1000)\0"
 1135      45525F53 
 1135      45432028 
 1135      31303030 
 1135      2900
 1136 208b 01       		.byte	0x1
 1137 208c 11       		.uleb128 0x11
 1138 208d 5553455F 		.ascii "USE_STATIC_CREATED_TASKS True\0"
 1138      53544154 
 1138      49435F43 
 1138      52454154 
 1138      45445F54 
 1139 20ab 04       		.byte	0x4
 1140              		.file 19 "E:/NeuOrga/Programmieren/c_cpp/github_os/input/src/os_sim/../os_base/../os_sim/../os_bas
 1141 20ac 03       		.byte	0x3
 1142 20ad 05       		.uleb128 0x5
 1143 20ae 13       		.uleb128 0x13
 1144 20af 01       		.byte	0x1
 1145 20b0 02       		.uleb128 0x2
 1146 20b1 5F6F735F 		.ascii "_os_init_task_system_h_ \0"
 1146      696E6974 
 1146      5F746173 
 1146      6B5F7379 
 1146      7374656D 
 1147 20ca 04       		.byte	0x4
 1148 20cb 01       		.byte	0x1
 1149 20cc 5C       		.uleb128 0x5c
 1150 20cd 6F735F53 		.ascii "os_SaveTaskPtr(task_ptr,task_name) (TASK_PTR[(task_name)] = (task_ptr))\0"
 1150      61766554 
 1150      61736B50 
 1150      74722874 
 1150      61736B5F 
 1151 2115 01       		.byte	0x1
 1152 2116 5D       		.uleb128 0x5d
 1153 2117 6F735F47 		.ascii "os_GetTaskPtr(task_name) ((task_t*) TASK_PTR[(task_name)])\0"
 1153      65745461 
 1153      736B5074 
 1153      72287461 
 1153      736B5F6E 
 1154 2152 04       		.byte	0x4
 1155 2153 04       		.byte	0x4
 1156              		.file 20 "E:/NeuOrga/Programmieren/c_cpp/github_os/input/src/os_sim/../os_base/../os_user_code/led
 1157 2154 03       		.byte	0x3
 1158 2155 0E       		.uleb128 0xe
 1159 2156 14       		.uleb128 0x14
GAS LISTING C:\Users\PRESID~1\AppData\Local\Temp\ccbRBKsU.s 			page 42


 1160 2157 01       		.byte	0x1
 1161 2158 02       		.uleb128 0x2
 1162 2159 5F4C4544 		.ascii "_LED_H_ \0"
 1162      5F485F20 
 1162      00
 1163 2162 04       		.byte	0x4
 1164 2163 04       		.byte	0x4
 1165 2164 04       		.byte	0x4
 1166 2165 00       		.byte	0
 1167              		.section	.debug_line,"dr"
 1168              	Ldebug_line0:
 1169 0000 3C030000 		.section	.debug_str,"dr"
 1169      02001E03 
 1169      00000101 
 1169      FB0E0D00 
 1169      01010101 
 1170              		.ident	"GCC: (GNU) 4.9.3"
GAS LISTING C:\Users\PRESID~1\AppData\Local\Temp\ccbRBKsU.s 			page 43


DEFINED SYMBOLS
                            *ABS*:00000000 lld_power.c
C:\Users\PRESID~1\AppData\Local\Temp\ccbRBKsU.s:6      .text:00000000 _LLF_MCU_SWITCH_OFF_POWER
C:\Users\PRESID~1\AppData\Local\Temp\ccbRBKsU.s:23     .text:00000005 _LLF_MCU_RESET_POWER

NO UNDEFINED SYMBOLS
