E:\NeuOrga\Programmieren\c_cpp\github_os\input\src\os_sim\lld_global.c: In function 'LLF_RESTORE_TASK_STACK':
E:\NeuOrga\Programmieren\c_cpp\github_os\input\src\os_sim\lld_global.c:39:123: error: 's' undeclared (first use in this function)
    /* no need to set the stack pointer in the simulation, because x86 Simulation does not preempt the running task .... */s
                                                                                                                           ^
E:\NeuOrga\Programmieren\c_cpp\github_os\input\src\os_sim\lld_global.c:39:123: note: each undeclared identifier is reported only once for each function it appears in
E:\NeuOrga\Programmieren\c_cpp\github_os\input\src\os_sim\lld_global.c:40:1: error: expected ';' before '}' token
 }
 ^
E:\NeuOrga\Programmieren\c_cpp\github_os\input\src\os_sim\lld_global.c: In function 'LLF_RESTORE_SYSTEM_STACK':
E:\NeuOrga\Programmieren\c_cpp\github_os\input\src\os_sim\lld_global.c:49:123: error: 's' undeclared (first use in this function)
    /* no need to set the stack pointer in the simulation, because x86 Simulation does not preempt the running task .... */s
                                                                                                                           ^
E:\NeuOrga\Programmieren\c_cpp\github_os\input\src\os_sim\lld_global.c:50:1: error: expected ';' before '}' token
 }
 ^
E:\NeuOrga\Programmieren\c_cpp\github_os\input\src\os_sim\lld_global.c: In function 'LLF_SAVE_SYSTEM_STACK':
E:\NeuOrga\Programmieren\c_cpp\github_os\input\src\os_sim\lld_global.c:54:123: error: 's' undeclared (first use in this function)
    /* no need to set the stack pointer in the simulation, because x86 Simulation does not preempt the running task .... */s
                                                                                                                           ^
E:\NeuOrga\Programmieren\c_cpp\github_os\input\src\os_sim\lld_global.c:55:1: error: expected ';' before '}' token
 }
 ^
