GAS LISTING C:\Users\PRESID~1\AppData\Local\Temp\ccIF3eHQ.s 			page 1


   1              		.file	"lld_timer.c"
   2              		.text
   3              	Ltext0:
   4              	.lcomm _COMPARE_VALUE_TCMP1,4,4
   5              		.globl	_LLF_UP_CNT_TIMER_32
   7              	_LLF_UP_CNT_TIMER_32:
   8              	LFB0:
   9              		.file 1 "E:/NeuOrga/Programmieren/c_cpp/github_os/input/src/os_sim/lld_timer.c"
   1:E:/NeuOrga/Programmieren/c_cpp/github_os/input/src/os_sim\lld_timer.c **** #include "..\os_base\os_firstinc.h"
   2:E:/NeuOrga/Programmieren/c_cpp/github_os/input/src/os_sim\lld_timer.c **** /* do not include any standard lib overwise you yet malloc errors (redefine) */
   3:E:/NeuOrga/Programmieren/c_cpp/github_os/input/src/os_sim\lld_timer.c **** 
   4:E:/NeuOrga/Programmieren/c_cpp/github_os/input/src/os_sim\lld_timer.c **** static uint32 COMPARE_VALUE_TCMP1 = 0;
   5:E:/NeuOrga/Programmieren/c_cpp/github_os/input/src/os_sim\lld_timer.c **** 
   6:E:/NeuOrga/Programmieren/c_cpp/github_os/input/src/os_sim\lld_timer.c **** uint32 LLF_UP_CNT_TIMER_32(void)
   7:E:/NeuOrga/Programmieren/c_cpp/github_os/input/src/os_sim\lld_timer.c **** {
  10              		.loc 1 7 0
  11              		.cfi_startproc
  12 0000 55       		pushl	%ebp
  13              		.cfi_def_cfa_offset 8
  14              		.cfi_offset 5, -8
  15 0001 89E5     		movl	%esp, %ebp
  16              		.cfi_def_cfa_register 5
   8:E:/NeuOrga/Programmieren/c_cpp/github_os/input/src/os_sim\lld_timer.c ****    return ((uint32)((uint32)1u*(uint32)1000u));
  17              		.loc 1 8 0
  18 0003 B8E80300 		movl	$1000, %eax
  18      00
   9:E:/NeuOrga/Programmieren/c_cpp/github_os/input/src/os_sim\lld_timer.c **** }
  19              		.loc 1 9 0
  20 0008 5D       		popl	%ebp
  21              		.cfi_restore 5
  22              		.cfi_def_cfa 4, 4
  23 0009 C3       		ret
  24              		.cfi_endproc
  25              	LFE0:
  26              		.globl	_LLF_ADD_2_TCMP
  28              	_LLF_ADD_2_TCMP:
  29              	LFB1:
  10:E:/NeuOrga/Programmieren/c_cpp/github_os/input/src/os_sim\lld_timer.c **** void LLF_ADD_2_TCMP(unsigned_int32_t value_us)
  11:E:/NeuOrga/Programmieren/c_cpp/github_os/input/src/os_sim\lld_timer.c **** {
  30              		.loc 1 11 0
  31              		.cfi_startproc
  32 000a 55       		pushl	%ebp
  33              		.cfi_def_cfa_offset 8
  34              		.cfi_offset 5, -8
  35 000b 89E5     		movl	%esp, %ebp
  36              		.cfi_def_cfa_register 5
  12:E:/NeuOrga/Programmieren/c_cpp/github_os/input/src/os_sim\lld_timer.c ****    COMPARE_VALUE_TCMP1 += value_us;
  37              		.loc 1 12 0
  38 000d 8B150000 		movl	_COMPARE_VALUE_TCMP1, %edx
  38      0000
  39 0013 8B4508   		movl	8(%ebp), %eax
  40 0016 01D0     		addl	%edx, %eax
  41 0018 A3000000 		movl	%eax, _COMPARE_VALUE_TCMP1
  41      00
  13:E:/NeuOrga/Programmieren/c_cpp/github_os/input/src/os_sim\lld_timer.c **** }
  42              		.loc 1 13 0
  43 001d 5D       		popl	%ebp
GAS LISTING C:\Users\PRESID~1\AppData\Local\Temp\ccIF3eHQ.s 			page 2


  44              		.cfi_restore 5
  45              		.cfi_def_cfa 4, 4
  46 001e C3       		ret
  47              		.cfi_endproc
  48              	LFE1:
  49              		.globl	_LLF_TCMP1_CONFIG
  51              	_LLF_TCMP1_CONFIG:
  52              	LFB2:
  14:E:/NeuOrga/Programmieren/c_cpp/github_os/input/src/os_sim\lld_timer.c **** void LLF_TCMP1_CONFIG(void)
  15:E:/NeuOrga/Programmieren/c_cpp/github_os/input/src/os_sim\lld_timer.c **** {
  53              		.loc 1 15 0
  54              		.cfi_startproc
  55 001f 55       		pushl	%ebp
  56              		.cfi_def_cfa_offset 8
  57              		.cfi_offset 5, -8
  58 0020 89E5     		movl	%esp, %ebp
  59              		.cfi_def_cfa_register 5
  16:E:/NeuOrga/Programmieren/c_cpp/github_os/input/src/os_sim\lld_timer.c ****    /* setup the sys tick timer */
  17:E:/NeuOrga/Programmieren/c_cpp/github_os/input/src/os_sim\lld_timer.c ****    COMPARE_VALUE_TCMP1 = 0;
  60              		.loc 1 17 0
  61 0022 C7050000 		movl	$0, _COMPARE_VALUE_TCMP1
  61      00000000 
  61      0000
  18:E:/NeuOrga/Programmieren/c_cpp/github_os/input/src/os_sim\lld_timer.c **** }
  62              		.loc 1 18 0
  63 002c 5D       		popl	%ebp
  64              		.cfi_restore 5
  65              		.cfi_def_cfa 4, 4
  66 002d C3       		ret
  67              		.cfi_endproc
  68              	LFE2:
  69              	Letext0:
  70              		.file 2 "E:/NeuOrga/Programmieren/c_cpp/github_os/input/src/os_sim/../os_base/../os_base/os_base_t
  71 002e 9090     		.section	.debug_info,"dr"
  72              	Ldebug_info0:
  73 0000 93010000 		.long	0x193
  74 0004 0400     		.word	0x4
  75 0006 00000000 		.secrel32	Ldebug_abbrev0
  76 000a 04       		.byte	0x4
  77 000b 01       		.uleb128 0x1
  78 000c 474E5520 		.ascii "GNU C 4.9.3 -march=i386 -g3 -O0 -std=c90\0"
  78      4320342E 
  78      392E3320 
  78      2D6D6172 
  78      63683D69 
  79 0035 01       		.byte	0x1
  80 0036 453A5C4E 		.ascii "E:\\NeuOrga\\Programmieren\\c_cpp\\github_os\\input\\src\\os_sim\\lld_timer.c\0"
  80      65754F72 
  80      67615C50 
  80      726F6772 
  80      616D6D69 
  81 007c 00000000 		.long	Ltext0
  82 0080 2E000000 		.long	Letext0-Ltext0
  83 0084 00000000 		.secrel32	Ldebug_line0
  84 0088 00000000 		.secrel32	Ldebug_macro0
  85 008c 02       		.uleb128 0x2
  86 008d 01       		.byte	0x1
GAS LISTING C:\Users\PRESID~1\AppData\Local\Temp\ccIF3eHQ.s 			page 3


  87 008e 08       		.byte	0x8
  88 008f 756E7369 		.ascii "unsigned char\0"
  88      676E6564 
  88      20636861 
  88      7200
  89 009d 02       		.uleb128 0x2
  90 009e 02       		.byte	0x2
  91 009f 07       		.byte	0x7
  92 00a0 73686F72 		.ascii "short unsigned int\0"
  92      7420756E 
  92      7369676E 
  92      65642069 
  92      6E7400
  93 00b3 03       		.uleb128 0x3
  94 00b4 756E7369 		.ascii "unsigned_int32_t\0"
  94      676E6564 
  94      5F696E74 
  94      33325F74 
  94      00
  95 00c5 02       		.byte	0x2
  96 00c6 22       		.byte	0x22
  97 00c7 CB000000 		.long	0xcb
  98 00cb 02       		.uleb128 0x2
  99 00cc 04       		.byte	0x4
 100 00cd 07       		.byte	0x7
 101 00ce 6C6F6E67 		.ascii "long unsigned int\0"
 101      20756E73 
 101      69676E65 
 101      6420696E 
 101      7400
 102 00e0 03       		.uleb128 0x3
 103 00e1 75696E74 		.ascii "uint32\0"
 103      333200
 104 00e8 02       		.byte	0x2
 105 00e9 23       		.byte	0x23
 106 00ea CB000000 		.long	0xcb
 107 00ee 02       		.uleb128 0x2
 108 00ef 04       		.byte	0x4
 109 00f0 07       		.byte	0x7
 110 00f1 756E7369 		.ascii "unsigned int\0"
 110      676E6564 
 110      20696E74 
 110      00
 111 00fe 04       		.uleb128 0x4
 112 00ff 4C4C465F 		.ascii "LLF_UP_CNT_TIMER_32\0"
 112      55505F43 
 112      4E545F54 
 112      494D4552 
 112      5F333200 
 113 0113 01       		.byte	0x1
 114 0114 06       		.byte	0x6
 115 0115 E0000000 		.long	0xe0
 116 0119 00000000 		.long	LFB0
 117 011d 0A000000 		.long	LFE0-LFB0
 118 0121 01       		.uleb128 0x1
 119 0122 9C       		.byte	0x9c
 120 0123 05       		.uleb128 0x5
GAS LISTING C:\Users\PRESID~1\AppData\Local\Temp\ccIF3eHQ.s 			page 4


 121 0124 4C4C465F 		.ascii "LLF_ADD_2_TCMP\0"
 121      4144445F 
 121      325F5443 
 121      4D5000
 122 0133 01       		.byte	0x1
 123 0134 0A       		.byte	0xa
 124 0135 0A000000 		.long	LFB1
 125 0139 15000000 		.long	LFE1-LFB1
 126 013d 01       		.uleb128 0x1
 127 013e 9C       		.byte	0x9c
 128 013f 57010000 		.long	0x157
 129 0143 06       		.uleb128 0x6
 130 0144 76616C75 		.ascii "value_us\0"
 130      655F7573 
 130      00
 131 014d 01       		.byte	0x1
 132 014e 0A       		.byte	0xa
 133 014f B3000000 		.long	0xb3
 134 0153 02       		.uleb128 0x2
 135 0154 91       		.byte	0x91
 136 0155 00       		.sleb128 0
 137 0156 00       		.byte	0
 138 0157 07       		.uleb128 0x7
 139 0158 4C4C465F 		.ascii "LLF_TCMP1_CONFIG\0"
 139      54434D50 
 139      315F434F 
 139      4E464947 
 139      00
 140 0169 01       		.byte	0x1
 141 016a 0E       		.byte	0xe
 142 016b 1F000000 		.long	LFB2
 143 016f 0F000000 		.long	LFE2-LFB2
 144 0173 01       		.uleb128 0x1
 145 0174 9C       		.byte	0x9c
 146 0175 08       		.uleb128 0x8
 147 0176 434F4D50 		.ascii "COMPARE_VALUE_TCMP1\0"
 147      4152455F 
 147      56414C55 
 147      455F5443 
 147      4D503100 
 148 018a 01       		.byte	0x1
 149 018b 04       		.byte	0x4
 150 018c E0000000 		.long	0xe0
 151 0190 05       		.uleb128 0x5
 152 0191 03       		.byte	0x3
 153 0192 00000000 		.long	_COMPARE_VALUE_TCMP1
 154 0196 00       		.byte	0
 155              		.section	.debug_abbrev,"dr"
 156              	Ldebug_abbrev0:
 157 0000 01       		.uleb128 0x1
 158 0001 11       		.uleb128 0x11
 159 0002 01       		.byte	0x1
 160 0003 25       		.uleb128 0x25
 161 0004 08       		.uleb128 0x8
 162 0005 13       		.uleb128 0x13
 163 0006 0B       		.uleb128 0xb
 164 0007 03       		.uleb128 0x3
GAS LISTING C:\Users\PRESID~1\AppData\Local\Temp\ccIF3eHQ.s 			page 5


 165 0008 08       		.uleb128 0x8
 166 0009 11       		.uleb128 0x11
 167 000a 01       		.uleb128 0x1
 168 000b 12       		.uleb128 0x12
 169 000c 06       		.uleb128 0x6
 170 000d 10       		.uleb128 0x10
 171 000e 17       		.uleb128 0x17
 172 000f 9942     		.uleb128 0x2119
 173 0011 17       		.uleb128 0x17
 174 0012 00       		.byte	0
 175 0013 00       		.byte	0
 176 0014 02       		.uleb128 0x2
 177 0015 24       		.uleb128 0x24
 178 0016 00       		.byte	0
 179 0017 0B       		.uleb128 0xb
 180 0018 0B       		.uleb128 0xb
 181 0019 3E       		.uleb128 0x3e
 182 001a 0B       		.uleb128 0xb
 183 001b 03       		.uleb128 0x3
 184 001c 08       		.uleb128 0x8
 185 001d 00       		.byte	0
 186 001e 00       		.byte	0
 187 001f 03       		.uleb128 0x3
 188 0020 16       		.uleb128 0x16
 189 0021 00       		.byte	0
 190 0022 03       		.uleb128 0x3
 191 0023 08       		.uleb128 0x8
 192 0024 3A       		.uleb128 0x3a
 193 0025 0B       		.uleb128 0xb
 194 0026 3B       		.uleb128 0x3b
 195 0027 0B       		.uleb128 0xb
 196 0028 49       		.uleb128 0x49
 197 0029 13       		.uleb128 0x13
 198 002a 00       		.byte	0
 199 002b 00       		.byte	0
 200 002c 04       		.uleb128 0x4
 201 002d 2E       		.uleb128 0x2e
 202 002e 00       		.byte	0
 203 002f 3F       		.uleb128 0x3f
 204 0030 19       		.uleb128 0x19
 205 0031 03       		.uleb128 0x3
 206 0032 08       		.uleb128 0x8
 207 0033 3A       		.uleb128 0x3a
 208 0034 0B       		.uleb128 0xb
 209 0035 3B       		.uleb128 0x3b
 210 0036 0B       		.uleb128 0xb
 211 0037 27       		.uleb128 0x27
 212 0038 19       		.uleb128 0x19
 213 0039 49       		.uleb128 0x49
 214 003a 13       		.uleb128 0x13
 215 003b 11       		.uleb128 0x11
 216 003c 01       		.uleb128 0x1
 217 003d 12       		.uleb128 0x12
 218 003e 06       		.uleb128 0x6
 219 003f 40       		.uleb128 0x40
 220 0040 18       		.uleb128 0x18
 221 0041 9742     		.uleb128 0x2117
GAS LISTING C:\Users\PRESID~1\AppData\Local\Temp\ccIF3eHQ.s 			page 6


 222 0043 19       		.uleb128 0x19
 223 0044 00       		.byte	0
 224 0045 00       		.byte	0
 225 0046 05       		.uleb128 0x5
 226 0047 2E       		.uleb128 0x2e
 227 0048 01       		.byte	0x1
 228 0049 3F       		.uleb128 0x3f
 229 004a 19       		.uleb128 0x19
 230 004b 03       		.uleb128 0x3
 231 004c 08       		.uleb128 0x8
 232 004d 3A       		.uleb128 0x3a
 233 004e 0B       		.uleb128 0xb
 234 004f 3B       		.uleb128 0x3b
 235 0050 0B       		.uleb128 0xb
 236 0051 27       		.uleb128 0x27
 237 0052 19       		.uleb128 0x19
 238 0053 11       		.uleb128 0x11
 239 0054 01       		.uleb128 0x1
 240 0055 12       		.uleb128 0x12
 241 0056 06       		.uleb128 0x6
 242 0057 40       		.uleb128 0x40
 243 0058 18       		.uleb128 0x18
 244 0059 9742     		.uleb128 0x2117
 245 005b 19       		.uleb128 0x19
 246 005c 01       		.uleb128 0x1
 247 005d 13       		.uleb128 0x13
 248 005e 00       		.byte	0
 249 005f 00       		.byte	0
 250 0060 06       		.uleb128 0x6
 251 0061 05       		.uleb128 0x5
 252 0062 00       		.byte	0
 253 0063 03       		.uleb128 0x3
 254 0064 08       		.uleb128 0x8
 255 0065 3A       		.uleb128 0x3a
 256 0066 0B       		.uleb128 0xb
 257 0067 3B       		.uleb128 0x3b
 258 0068 0B       		.uleb128 0xb
 259 0069 49       		.uleb128 0x49
 260 006a 13       		.uleb128 0x13
 261 006b 02       		.uleb128 0x2
 262 006c 18       		.uleb128 0x18
 263 006d 00       		.byte	0
 264 006e 00       		.byte	0
 265 006f 07       		.uleb128 0x7
 266 0070 2E       		.uleb128 0x2e
 267 0071 00       		.byte	0
 268 0072 3F       		.uleb128 0x3f
 269 0073 19       		.uleb128 0x19
 270 0074 03       		.uleb128 0x3
 271 0075 08       		.uleb128 0x8
 272 0076 3A       		.uleb128 0x3a
 273 0077 0B       		.uleb128 0xb
 274 0078 3B       		.uleb128 0x3b
 275 0079 0B       		.uleb128 0xb
 276 007a 27       		.uleb128 0x27
 277 007b 19       		.uleb128 0x19
 278 007c 11       		.uleb128 0x11
GAS LISTING C:\Users\PRESID~1\AppData\Local\Temp\ccIF3eHQ.s 			page 7


 279 007d 01       		.uleb128 0x1
 280 007e 12       		.uleb128 0x12
 281 007f 06       		.uleb128 0x6
 282 0080 40       		.uleb128 0x40
 283 0081 18       		.uleb128 0x18
 284 0082 9742     		.uleb128 0x2117
 285 0084 19       		.uleb128 0x19
 286 0085 00       		.byte	0
 287 0086 00       		.byte	0
 288 0087 08       		.uleb128 0x8
 289 0088 34       		.uleb128 0x34
 290 0089 00       		.byte	0
 291 008a 03       		.uleb128 0x3
 292 008b 08       		.uleb128 0x8
 293 008c 3A       		.uleb128 0x3a
 294 008d 0B       		.uleb128 0xb
 295 008e 3B       		.uleb128 0x3b
 296 008f 0B       		.uleb128 0xb
 297 0090 49       		.uleb128 0x49
 298 0091 13       		.uleb128 0x13
 299 0092 02       		.uleb128 0x2
 300 0093 18       		.uleb128 0x18
 301 0094 00       		.byte	0
 302 0095 00       		.byte	0
 303 0096 00       		.byte	0
 304              		.section	.debug_aranges,"dr"
 305 0000 1C000000 		.long	0x1c
 306 0004 0200     		.word	0x2
 307 0006 00000000 		.secrel32	Ldebug_info0
 308 000a 04       		.byte	0x4
 309 000b 00       		.byte	0
 310 000c 0000     		.word	0
 311 000e 0000     		.word	0
 312 0010 00000000 		.long	Ltext0
 313 0014 2E000000 		.long	Letext0-Ltext0
 314 0018 00000000 		.long	0
 315 001c 00000000 		.long	0
 316              		.section	.debug_macro,"dr"
 317              	Ldebug_macro0:
 318 0000 0400     		.word	0x4
 319 0002 02       		.byte	0x2
 320 0003 00000000 		.secrel32	Ldebug_line0
 321 0007 01       		.byte	0x1
 322 0008 00       		.uleb128 0
 323 0009 5F5F5354 		.ascii "__STDC__ 1\0"
 323      44435F5F 
 323      203100
 324 0014 01       		.byte	0x1
 325 0015 00       		.uleb128 0
 326 0016 5F5F5354 		.ascii "__STDC_HOSTED__ 1\0"
 326      44435F48 
 326      4F535445 
 326      445F5F20 
 326      3100
 327 0028 01       		.byte	0x1
 328 0029 00       		.uleb128 0
 329 002a 5F5F474E 		.ascii "__GNUC__ 4\0"
GAS LISTING C:\Users\PRESID~1\AppData\Local\Temp\ccIF3eHQ.s 			page 8


 329      55435F5F 
 329      203400
 330 0035 01       		.byte	0x1
 331 0036 00       		.uleb128 0
 332 0037 5F5F474E 		.ascii "__GNUC_MINOR__ 9\0"
 332      55435F4D 
 332      494E4F52 
 332      5F5F2039 
 332      00
 333 0048 01       		.byte	0x1
 334 0049 00       		.uleb128 0
 335 004a 5F5F474E 		.ascii "__GNUC_PATCHLEVEL__ 3\0"
 335      55435F50 
 335      41544348 
 335      4C455645 
 335      4C5F5F20 
 336 0060 01       		.byte	0x1
 337 0061 00       		.uleb128 0
 338 0062 5F5F5645 		.ascii "__VERSION__ \"4.9.3\"\0"
 338      5253494F 
 338      4E5F5F20 
 338      22342E39 
 338      2E332200 
 339 0076 01       		.byte	0x1
 340 0077 00       		.uleb128 0
 341 0078 5F5F4154 		.ascii "__ATOMIC_RELAXED 0\0"
 341      4F4D4943 
 341      5F52454C 
 341      41584544 
 341      203000
 342 008b 01       		.byte	0x1
 343 008c 00       		.uleb128 0
 344 008d 5F5F4154 		.ascii "__ATOMIC_SEQ_CST 5\0"
 344      4F4D4943 
 344      5F534551 
 344      5F435354 
 344      203500
 345 00a0 01       		.byte	0x1
 346 00a1 00       		.uleb128 0
 347 00a2 5F5F4154 		.ascii "__ATOMIC_ACQUIRE 2\0"
 347      4F4D4943 
 347      5F414351 
 347      55495245 
 347      203200
 348 00b5 01       		.byte	0x1
 349 00b6 00       		.uleb128 0
 350 00b7 5F5F4154 		.ascii "__ATOMIC_RELEASE 3\0"
 350      4F4D4943 
 350      5F52454C 
 350      45415345 
 350      203300
 351 00ca 01       		.byte	0x1
 352 00cb 00       		.uleb128 0
 353 00cc 5F5F4154 		.ascii "__ATOMIC_ACQ_REL 4\0"
 353      4F4D4943 
 353      5F414351 
 353      5F52454C 
GAS LISTING C:\Users\PRESID~1\AppData\Local\Temp\ccIF3eHQ.s 			page 9


 353      203400
 354 00df 01       		.byte	0x1
 355 00e0 00       		.uleb128 0
 356 00e1 5F5F4154 		.ascii "__ATOMIC_CONSUME 1\0"
 356      4F4D4943 
 356      5F434F4E 
 356      53554D45 
 356      203100
 357 00f4 01       		.byte	0x1
 358 00f5 00       		.uleb128 0
 359 00f6 5F5F4649 		.ascii "__FINITE_MATH_ONLY__ 0\0"
 359      4E495445 
 359      5F4D4154 
 359      485F4F4E 
 359      4C595F5F 
 360 010d 01       		.byte	0x1
 361 010e 00       		.uleb128 0
 362 010f 5F5F5349 		.ascii "__SIZEOF_INT__ 4\0"
 362      5A454F46 
 362      5F494E54 
 362      5F5F2034 
 362      00
 363 0120 01       		.byte	0x1
 364 0121 00       		.uleb128 0
 365 0122 5F5F5349 		.ascii "__SIZEOF_LONG__ 4\0"
 365      5A454F46 
 365      5F4C4F4E 
 365      475F5F20 
 365      3400
 366 0134 01       		.byte	0x1
 367 0135 00       		.uleb128 0
 368 0136 5F5F5349 		.ascii "__SIZEOF_LONG_LONG__ 8\0"
 368      5A454F46 
 368      5F4C4F4E 
 368      475F4C4F 
 368      4E475F5F 
 369 014d 01       		.byte	0x1
 370 014e 00       		.uleb128 0
 371 014f 5F5F5349 		.ascii "__SIZEOF_SHORT__ 2\0"
 371      5A454F46 
 371      5F53484F 
 371      52545F5F 
 371      203200
 372 0162 01       		.byte	0x1
 373 0163 00       		.uleb128 0
 374 0164 5F5F5349 		.ascii "__SIZEOF_FLOAT__ 4\0"
 374      5A454F46 
 374      5F464C4F 
 374      41545F5F 
 374      203400
 375 0177 01       		.byte	0x1
 376 0178 00       		.uleb128 0
 377 0179 5F5F5349 		.ascii "__SIZEOF_DOUBLE__ 8\0"
 377      5A454F46 
 377      5F444F55 
 377      424C455F 
 377      5F203800 
GAS LISTING C:\Users\PRESID~1\AppData\Local\Temp\ccIF3eHQ.s 			page 10


 378 018d 01       		.byte	0x1
 379 018e 00       		.uleb128 0
 380 018f 5F5F5349 		.ascii "__SIZEOF_LONG_DOUBLE__ 12\0"
 380      5A454F46 
 380      5F4C4F4E 
 380      475F444F 
 380      55424C45 
 381 01a9 01       		.byte	0x1
 382 01aa 00       		.uleb128 0
 383 01ab 5F5F5349 		.ascii "__SIZEOF_SIZE_T__ 4\0"
 383      5A454F46 
 383      5F53495A 
 383      455F545F 
 383      5F203400 
 384 01bf 01       		.byte	0x1
 385 01c0 00       		.uleb128 0
 386 01c1 5F5F4348 		.ascii "__CHAR_BIT__ 8\0"
 386      41525F42 
 386      49545F5F 
 386      203800
 387 01d0 01       		.byte	0x1
 388 01d1 00       		.uleb128 0
 389 01d2 5F5F4249 		.ascii "__BIGGEST_ALIGNMENT__ 16\0"
 389      47474553 
 389      545F414C 
 389      49474E4D 
 389      454E545F 
 390 01eb 01       		.byte	0x1
 391 01ec 00       		.uleb128 0
 392 01ed 5F5F4F52 		.ascii "__ORDER_LITTLE_ENDIAN__ 1234\0"
 392      4445525F 
 392      4C495454 
 392      4C455F45 
 392      4E444941 
 393 020a 01       		.byte	0x1
 394 020b 00       		.uleb128 0
 395 020c 5F5F4F52 		.ascii "__ORDER_BIG_ENDIAN__ 4321\0"
 395      4445525F 
 395      4249475F 
 395      454E4449 
 395      414E5F5F 
 396 0226 01       		.byte	0x1
 397 0227 00       		.uleb128 0
 398 0228 5F5F4F52 		.ascii "__ORDER_PDP_ENDIAN__ 3412\0"
 398      4445525F 
 398      5044505F 
 398      454E4449 
 398      414E5F5F 
 399 0242 01       		.byte	0x1
 400 0243 00       		.uleb128 0
 401 0244 5F5F4259 		.ascii "__BYTE_ORDER__ __ORDER_LITTLE_ENDIAN__\0"
 401      54455F4F 
 401      52444552 
 401      5F5F205F 
 401      5F4F5244 
 402 026b 01       		.byte	0x1
 403 026c 00       		.uleb128 0
GAS LISTING C:\Users\PRESID~1\AppData\Local\Temp\ccIF3eHQ.s 			page 11


 404 026d 5F5F464C 		.ascii "__FLOAT_WORD_ORDER__ __ORDER_LITTLE_ENDIAN__\0"
 404      4F41545F 
 404      574F5244 
 404      5F4F5244 
 404      45525F5F 
 405 029a 01       		.byte	0x1
 406 029b 00       		.uleb128 0
 407 029c 5F5F5349 		.ascii "__SIZEOF_POINTER__ 4\0"
 407      5A454F46 
 407      5F504F49 
 407      4E544552 
 407      5F5F2034 
 408 02b1 01       		.byte	0x1
 409 02b2 00       		.uleb128 0
 410 02b3 5F5F5349 		.ascii "__SIZE_TYPE__ unsigned int\0"
 410      5A455F54 
 410      5950455F 
 410      5F20756E 
 410      7369676E 
 411 02ce 01       		.byte	0x1
 412 02cf 00       		.uleb128 0
 413 02d0 5F5F5054 		.ascii "__PTRDIFF_TYPE__ int\0"
 413      52444946 
 413      465F5459 
 413      50455F5F 
 413      20696E74 
 414 02e5 01       		.byte	0x1
 415 02e6 00       		.uleb128 0
 416 02e7 5F5F5743 		.ascii "__WCHAR_TYPE__ short unsigned int\0"
 416      4841525F 
 416      54595045 
 416      5F5F2073 
 416      686F7274 
 417 0309 01       		.byte	0x1
 418 030a 00       		.uleb128 0
 419 030b 5F5F5749 		.ascii "__WINT_TYPE__ short unsigned int\0"
 419      4E545F54 
 419      5950455F 
 419      5F207368 
 419      6F727420 
 420 032c 01       		.byte	0x1
 421 032d 00       		.uleb128 0
 422 032e 5F5F494E 		.ascii "__INTMAX_TYPE__ long long int\0"
 422      544D4158 
 422      5F545950 
 422      455F5F20 
 422      6C6F6E67 
 423 034c 01       		.byte	0x1
 424 034d 00       		.uleb128 0
 425 034e 5F5F5549 		.ascii "__UINTMAX_TYPE__ long long unsigned int\0"
 425      4E544D41 
 425      585F5459 
 425      50455F5F 
 425      206C6F6E 
 426 0376 01       		.byte	0x1
 427 0377 00       		.uleb128 0
 428 0378 5F5F4348 		.ascii "__CHAR16_TYPE__ short unsigned int\0"
GAS LISTING C:\Users\PRESID~1\AppData\Local\Temp\ccIF3eHQ.s 			page 12


 428      41523136 
 428      5F545950 
 428      455F5F20 
 428      73686F72 
 429 039b 01       		.byte	0x1
 430 039c 00       		.uleb128 0
 431 039d 5F5F4348 		.ascii "__CHAR32_TYPE__ unsigned int\0"
 431      41523332 
 431      5F545950 
 431      455F5F20 
 431      756E7369 
 432 03ba 01       		.byte	0x1
 433 03bb 00       		.uleb128 0
 434 03bc 5F5F5349 		.ascii "__SIG_ATOMIC_TYPE__ int\0"
 434      475F4154 
 434      4F4D4943 
 434      5F545950 
 434      455F5F20 
 435 03d4 01       		.byte	0x1
 436 03d5 00       		.uleb128 0
 437 03d6 5F5F494E 		.ascii "__INT8_TYPE__ signed char\0"
 437      54385F54 
 437      5950455F 
 437      5F207369 
 437      676E6564 
 438 03f0 01       		.byte	0x1
 439 03f1 00       		.uleb128 0
 440 03f2 5F5F494E 		.ascii "__INT16_TYPE__ short int\0"
 440      5431365F 
 440      54595045 
 440      5F5F2073 
 440      686F7274 
 441 040b 01       		.byte	0x1
 442 040c 00       		.uleb128 0
 443 040d 5F5F494E 		.ascii "__INT32_TYPE__ int\0"
 443      5433325F 
 443      54595045 
 443      5F5F2069 
 443      6E7400
 444 0420 01       		.byte	0x1
 445 0421 00       		.uleb128 0
 446 0422 5F5F494E 		.ascii "__INT64_TYPE__ long long int\0"
 446      5436345F 
 446      54595045 
 446      5F5F206C 
 446      6F6E6720 
 447 043f 01       		.byte	0x1
 448 0440 00       		.uleb128 0
 449 0441 5F5F5549 		.ascii "__UINT8_TYPE__ unsigned char\0"
 449      4E54385F 
 449      54595045 
 449      5F5F2075 
 449      6E736967 
 450 045e 01       		.byte	0x1
 451 045f 00       		.uleb128 0
 452 0460 5F5F5549 		.ascii "__UINT16_TYPE__ short unsigned int\0"
 452      4E543136 
GAS LISTING C:\Users\PRESID~1\AppData\Local\Temp\ccIF3eHQ.s 			page 13


 452      5F545950 
 452      455F5F20 
 452      73686F72 
 453 0483 01       		.byte	0x1
 454 0484 00       		.uleb128 0
 455 0485 5F5F5549 		.ascii "__UINT32_TYPE__ unsigned int\0"
 455      4E543332 
 455      5F545950 
 455      455F5F20 
 455      756E7369 
 456 04a2 01       		.byte	0x1
 457 04a3 00       		.uleb128 0
 458 04a4 5F5F5549 		.ascii "__UINT64_TYPE__ long long unsigned int\0"
 458      4E543634 
 458      5F545950 
 458      455F5F20 
 458      6C6F6E67 
 459 04cb 01       		.byte	0x1
 460 04cc 00       		.uleb128 0
 461 04cd 5F5F494E 		.ascii "__INT_LEAST8_TYPE__ signed char\0"
 461      545F4C45 
 461      41535438 
 461      5F545950 
 461      455F5F20 
 462 04ed 01       		.byte	0x1
 463 04ee 00       		.uleb128 0
 464 04ef 5F5F494E 		.ascii "__INT_LEAST16_TYPE__ short int\0"
 464      545F4C45 
 464      41535431 
 464      365F5459 
 464      50455F5F 
 465 050e 01       		.byte	0x1
 466 050f 00       		.uleb128 0
 467 0510 5F5F494E 		.ascii "__INT_LEAST32_TYPE__ int\0"
 467      545F4C45 
 467      41535433 
 467      325F5459 
 467      50455F5F 
 468 0529 01       		.byte	0x1
 469 052a 00       		.uleb128 0
 470 052b 5F5F494E 		.ascii "__INT_LEAST64_TYPE__ long long int\0"
 470      545F4C45 
 470      41535436 
 470      345F5459 
 470      50455F5F 
 471 054e 01       		.byte	0x1
 472 054f 00       		.uleb128 0
 473 0550 5F5F5549 		.ascii "__UINT_LEAST8_TYPE__ unsigned char\0"
 473      4E545F4C 
 473      45415354 
 473      385F5459 
 473      50455F5F 
 474 0573 01       		.byte	0x1
 475 0574 00       		.uleb128 0
 476 0575 5F5F5549 		.ascii "__UINT_LEAST16_TYPE__ short unsigned int\0"
 476      4E545F4C 
 476      45415354 
GAS LISTING C:\Users\PRESID~1\AppData\Local\Temp\ccIF3eHQ.s 			page 14


 476      31365F54 
 476      5950455F 
 477 059e 01       		.byte	0x1
 478 059f 00       		.uleb128 0
 479 05a0 5F5F5549 		.ascii "__UINT_LEAST32_TYPE__ unsigned int\0"
 479      4E545F4C 
 479      45415354 
 479      33325F54 
 479      5950455F 
 480 05c3 01       		.byte	0x1
 481 05c4 00       		.uleb128 0
 482 05c5 5F5F5549 		.ascii "__UINT_LEAST64_TYPE__ long long unsigned int\0"
 482      4E545F4C 
 482      45415354 
 482      36345F54 
 482      5950455F 
 483 05f2 01       		.byte	0x1
 484 05f3 00       		.uleb128 0
 485 05f4 5F5F494E 		.ascii "__INT_FAST8_TYPE__ signed char\0"
 485      545F4641 
 485      5354385F 
 485      54595045 
 485      5F5F2073 
 486 0613 01       		.byte	0x1
 487 0614 00       		.uleb128 0
 488 0615 5F5F494E 		.ascii "__INT_FAST16_TYPE__ short int\0"
 488      545F4641 
 488      53543136 
 488      5F545950 
 488      455F5F20 
 489 0633 01       		.byte	0x1
 490 0634 00       		.uleb128 0
 491 0635 5F5F494E 		.ascii "__INT_FAST32_TYPE__ int\0"
 491      545F4641 
 491      53543332 
 491      5F545950 
 491      455F5F20 
 492 064d 01       		.byte	0x1
 493 064e 00       		.uleb128 0
 494 064f 5F5F494E 		.ascii "__INT_FAST64_TYPE__ long long int\0"
 494      545F4641 
 494      53543634 
 494      5F545950 
 494      455F5F20 
 495 0671 01       		.byte	0x1
 496 0672 00       		.uleb128 0
 497 0673 5F5F5549 		.ascii "__UINT_FAST8_TYPE__ unsigned char\0"
 497      4E545F46 
 497      41535438 
 497      5F545950 
 497      455F5F20 
 498 0695 01       		.byte	0x1
 499 0696 00       		.uleb128 0
 500 0697 5F5F5549 		.ascii "__UINT_FAST16_TYPE__ short unsigned int\0"
 500      4E545F46 
 500      41535431 
 500      365F5459 
GAS LISTING C:\Users\PRESID~1\AppData\Local\Temp\ccIF3eHQ.s 			page 15


 500      50455F5F 
 501 06bf 01       		.byte	0x1
 502 06c0 00       		.uleb128 0
 503 06c1 5F5F5549 		.ascii "__UINT_FAST32_TYPE__ unsigned int\0"
 503      4E545F46 
 503      41535433 
 503      325F5459 
 503      50455F5F 
 504 06e3 01       		.byte	0x1
 505 06e4 00       		.uleb128 0
 506 06e5 5F5F5549 		.ascii "__UINT_FAST64_TYPE__ long long unsigned int\0"
 506      4E545F46 
 506      41535436 
 506      345F5459 
 506      50455F5F 
 507 0711 01       		.byte	0x1
 508 0712 00       		.uleb128 0
 509 0713 5F5F494E 		.ascii "__INTPTR_TYPE__ int\0"
 509      54505452 
 509      5F545950 
 509      455F5F20 
 509      696E7400 
 510 0727 01       		.byte	0x1
 511 0728 00       		.uleb128 0
 512 0729 5F5F5549 		.ascii "__UINTPTR_TYPE__ unsigned int\0"
 512      4E545054 
 512      525F5459 
 512      50455F5F 
 512      20756E73 
 513 0747 01       		.byte	0x1
 514 0748 00       		.uleb128 0
 515 0749 5F5F6861 		.ascii "__has_include(STR) __has_include__(STR)\0"
 515      735F696E 
 515      636C7564 
 515      65285354 
 515      5229205F 
 516 0771 01       		.byte	0x1
 517 0772 00       		.uleb128 0
 518 0773 5F5F6861 		.ascii "__has_include_next(STR) __has_include_next__(STR)\0"
 518      735F696E 
 518      636C7564 
 518      655F6E65 
 518      78742853 
 519 07a5 01       		.byte	0x1
 520 07a6 00       		.uleb128 0
 521 07a7 5F5F4758 		.ascii "__GXX_ABI_VERSION 1002\0"
 521      585F4142 
 521      495F5645 
 521      5253494F 
 521      4E203130 
 522 07be 01       		.byte	0x1
 523 07bf 00       		.uleb128 0
 524 07c0 5F5F5343 		.ascii "__SCHAR_MAX__ 127\0"
 524      4841525F 
 524      4D41585F 
 524      5F203132 
 524      3700
GAS LISTING C:\Users\PRESID~1\AppData\Local\Temp\ccIF3eHQ.s 			page 16


 525 07d2 01       		.byte	0x1
 526 07d3 00       		.uleb128 0
 527 07d4 5F5F5348 		.ascii "__SHRT_MAX__ 32767\0"
 527      52545F4D 
 527      41585F5F 
 527      20333237 
 527      363700
 528 07e7 01       		.byte	0x1
 529 07e8 00       		.uleb128 0
 530 07e9 5F5F494E 		.ascii "__INT_MAX__ 2147483647\0"
 530      545F4D41 
 530      585F5F20 
 530      32313437 
 530      34383336 
 531 0800 01       		.byte	0x1
 532 0801 00       		.uleb128 0
 533 0802 5F5F4C4F 		.ascii "__LONG_MAX__ 2147483647L\0"
 533      4E475F4D 
 533      41585F5F 
 533      20323134 
 533      37343833 
 534 081b 01       		.byte	0x1
 535 081c 00       		.uleb128 0
 536 081d 5F5F4C4F 		.ascii "__LONG_LONG_MAX__ 9223372036854775807LL\0"
 536      4E475F4C 
 536      4F4E475F 
 536      4D41585F 
 536      5F203932 
 537 0845 01       		.byte	0x1
 538 0846 00       		.uleb128 0
 539 0847 5F5F5743 		.ascii "__WCHAR_MAX__ 65535\0"
 539      4841525F 
 539      4D41585F 
 539      5F203635 
 539      35333500 
 540 085b 01       		.byte	0x1
 541 085c 00       		.uleb128 0
 542 085d 5F5F5743 		.ascii "__WCHAR_MIN__ 0\0"
 542      4841525F 
 542      4D494E5F 
 542      5F203000 
 543 086d 01       		.byte	0x1
 544 086e 00       		.uleb128 0
 545 086f 5F5F5749 		.ascii "__WINT_MAX__ 65535\0"
 545      4E545F4D 
 545      41585F5F 
 545      20363535 
 545      333500
 546 0882 01       		.byte	0x1
 547 0883 00       		.uleb128 0
 548 0884 5F5F5749 		.ascii "__WINT_MIN__ 0\0"
 548      4E545F4D 
 548      494E5F5F 
 548      203000
 549 0893 01       		.byte	0x1
 550 0894 00       		.uleb128 0
 551 0895 5F5F5054 		.ascii "__PTRDIFF_MAX__ 2147483647\0"
GAS LISTING C:\Users\PRESID~1\AppData\Local\Temp\ccIF3eHQ.s 			page 17


 551      52444946 
 551      465F4D41 
 551      585F5F20 
 551      32313437 
 552 08b0 01       		.byte	0x1
 553 08b1 00       		.uleb128 0
 554 08b2 5F5F5349 		.ascii "__SIZE_MAX__ 4294967295U\0"
 554      5A455F4D 
 554      41585F5F 
 554      20343239 
 554      34393637 
 555 08cb 01       		.byte	0x1
 556 08cc 00       		.uleb128 0
 557 08cd 5F5F494E 		.ascii "__INTMAX_MAX__ 9223372036854775807LL\0"
 557      544D4158 
 557      5F4D4158 
 557      5F5F2039 
 557      32323333 
 558 08f2 01       		.byte	0x1
 559 08f3 00       		.uleb128 0
 560 08f4 5F5F494E 		.ascii "__INTMAX_C(c) c ## LL\0"
 560      544D4158 
 560      5F432863 
 560      29206320 
 560      2323204C 
 561 090a 01       		.byte	0x1
 562 090b 00       		.uleb128 0
 563 090c 5F5F5549 		.ascii "__UINTMAX_MAX__ 18446744073709551615ULL\0"
 563      4E544D41 
 563      585F4D41 
 563      585F5F20 
 563      31383434 
 564 0934 01       		.byte	0x1
 565 0935 00       		.uleb128 0
 566 0936 5F5F5549 		.ascii "__UINTMAX_C(c) c ## ULL\0"
 566      4E544D41 
 566      585F4328 
 566      63292063 
 566      20232320 
 567 094e 01       		.byte	0x1
 568 094f 00       		.uleb128 0
 569 0950 5F5F5349 		.ascii "__SIG_ATOMIC_MAX__ 2147483647\0"
 569      475F4154 
 569      4F4D4943 
 569      5F4D4158 
 569      5F5F2032 
 570 096e 01       		.byte	0x1
 571 096f 00       		.uleb128 0
 572 0970 5F5F5349 		.ascii "__SIG_ATOMIC_MIN__ (-__SIG_ATOMIC_MAX__ - 1)\0"
 572      475F4154 
 572      4F4D4943 
 572      5F4D494E 
 572      5F5F2028 
 573 099d 01       		.byte	0x1
 574 099e 00       		.uleb128 0
 575 099f 5F5F494E 		.ascii "__INT8_MAX__ 127\0"
 575      54385F4D 
GAS LISTING C:\Users\PRESID~1\AppData\Local\Temp\ccIF3eHQ.s 			page 18


 575      41585F5F 
 575      20313237 
 575      00
 576 09b0 01       		.byte	0x1
 577 09b1 00       		.uleb128 0
 578 09b2 5F5F494E 		.ascii "__INT16_MAX__ 32767\0"
 578      5431365F 
 578      4D41585F 
 578      5F203332 
 578      37363700 
 579 09c6 01       		.byte	0x1
 580 09c7 00       		.uleb128 0
 581 09c8 5F5F494E 		.ascii "__INT32_MAX__ 2147483647\0"
 581      5433325F 
 581      4D41585F 
 581      5F203231 
 581      34373438 
 582 09e1 01       		.byte	0x1
 583 09e2 00       		.uleb128 0
 584 09e3 5F5F494E 		.ascii "__INT64_MAX__ 9223372036854775807LL\0"
 584      5436345F 
 584      4D41585F 
 584      5F203932 
 584      32333337 
 585 0a07 01       		.byte	0x1
 586 0a08 00       		.uleb128 0
 587 0a09 5F5F5549 		.ascii "__UINT8_MAX__ 255\0"
 587      4E54385F 
 587      4D41585F 
 587      5F203235 
 587      3500
 588 0a1b 01       		.byte	0x1
 589 0a1c 00       		.uleb128 0
 590 0a1d 5F5F5549 		.ascii "__UINT16_MAX__ 65535\0"
 590      4E543136 
 590      5F4D4158 
 590      5F5F2036 
 590      35353335 
 591 0a32 01       		.byte	0x1
 592 0a33 00       		.uleb128 0
 593 0a34 5F5F5549 		.ascii "__UINT32_MAX__ 4294967295U\0"
 593      4E543332 
 593      5F4D4158 
 593      5F5F2034 
 593      32393439 
 594 0a4f 01       		.byte	0x1
 595 0a50 00       		.uleb128 0
 596 0a51 5F5F5549 		.ascii "__UINT64_MAX__ 18446744073709551615ULL\0"
 596      4E543634 
 596      5F4D4158 
 596      5F5F2031 
 596      38343436 
 597 0a78 01       		.byte	0x1
 598 0a79 00       		.uleb128 0
 599 0a7a 5F5F494E 		.ascii "__INT_LEAST8_MAX__ 127\0"
 599      545F4C45 
 599      41535438 
GAS LISTING C:\Users\PRESID~1\AppData\Local\Temp\ccIF3eHQ.s 			page 19


 599      5F4D4158 
 599      5F5F2031 
 600 0a91 01       		.byte	0x1
 601 0a92 00       		.uleb128 0
 602 0a93 5F5F494E 		.ascii "__INT8_C(c) c\0"
 602      54385F43 
 602      28632920 
 602      6300
 603 0aa1 01       		.byte	0x1
 604 0aa2 00       		.uleb128 0
 605 0aa3 5F5F494E 		.ascii "__INT_LEAST16_MAX__ 32767\0"
 605      545F4C45 
 605      41535431 
 605      365F4D41 
 605      585F5F20 
 606 0abd 01       		.byte	0x1
 607 0abe 00       		.uleb128 0
 608 0abf 5F5F494E 		.ascii "__INT16_C(c) c\0"
 608      5431365F 
 608      43286329 
 608      206300
 609 0ace 01       		.byte	0x1
 610 0acf 00       		.uleb128 0
 611 0ad0 5F5F494E 		.ascii "__INT_LEAST32_MAX__ 2147483647\0"
 611      545F4C45 
 611      41535433 
 611      325F4D41 
 611      585F5F20 
 612 0aef 01       		.byte	0x1
 613 0af0 00       		.uleb128 0
 614 0af1 5F5F494E 		.ascii "__INT32_C(c) c\0"
 614      5433325F 
 614      43286329 
 614      206300
 615 0b00 01       		.byte	0x1
 616 0b01 00       		.uleb128 0
 617 0b02 5F5F494E 		.ascii "__INT_LEAST64_MAX__ 9223372036854775807LL\0"
 617      545F4C45 
 617      41535436 
 617      345F4D41 
 617      585F5F20 
 618 0b2c 01       		.byte	0x1
 619 0b2d 00       		.uleb128 0
 620 0b2e 5F5F494E 		.ascii "__INT64_C(c) c ## LL\0"
 620      5436345F 
 620      43286329 
 620      20632023 
 620      23204C4C 
 621 0b43 01       		.byte	0x1
 622 0b44 00       		.uleb128 0
 623 0b45 5F5F5549 		.ascii "__UINT_LEAST8_MAX__ 255\0"
 623      4E545F4C 
 623      45415354 
 623      385F4D41 
 623      585F5F20 
 624 0b5d 01       		.byte	0x1
 625 0b5e 00       		.uleb128 0
GAS LISTING C:\Users\PRESID~1\AppData\Local\Temp\ccIF3eHQ.s 			page 20


 626 0b5f 5F5F5549 		.ascii "__UINT8_C(c) c\0"
 626      4E54385F 
 626      43286329 
 626      206300
 627 0b6e 01       		.byte	0x1
 628 0b6f 00       		.uleb128 0
 629 0b70 5F5F5549 		.ascii "__UINT_LEAST16_MAX__ 65535\0"
 629      4E545F4C 
 629      45415354 
 629      31365F4D 
 629      41585F5F 
 630 0b8b 01       		.byte	0x1
 631 0b8c 00       		.uleb128 0
 632 0b8d 5F5F5549 		.ascii "__UINT16_C(c) c\0"
 632      4E543136 
 632      5F432863 
 632      29206300 
 633 0b9d 01       		.byte	0x1
 634 0b9e 00       		.uleb128 0
 635 0b9f 5F5F5549 		.ascii "__UINT_LEAST32_MAX__ 4294967295U\0"
 635      4E545F4C 
 635      45415354 
 635      33325F4D 
 635      41585F5F 
 636 0bc0 01       		.byte	0x1
 637 0bc1 00       		.uleb128 0
 638 0bc2 5F5F5549 		.ascii "__UINT32_C(c) c ## U\0"
 638      4E543332 
 638      5F432863 
 638      29206320 
 638      23232055 
 639 0bd7 01       		.byte	0x1
 640 0bd8 00       		.uleb128 0
 641 0bd9 5F5F5549 		.ascii "__UINT_LEAST64_MAX__ 18446744073709551615ULL\0"
 641      4E545F4C 
 641      45415354 
 641      36345F4D 
 641      41585F5F 
 642 0c06 01       		.byte	0x1
 643 0c07 00       		.uleb128 0
 644 0c08 5F5F5549 		.ascii "__UINT64_C(c) c ## ULL\0"
 644      4E543634 
 644      5F432863 
 644      29206320 
 644      23232055 
 645 0c1f 01       		.byte	0x1
 646 0c20 00       		.uleb128 0
 647 0c21 5F5F494E 		.ascii "__INT_FAST8_MAX__ 127\0"
 647      545F4641 
 647      5354385F 
 647      4D41585F 
 647      5F203132 
 648 0c37 01       		.byte	0x1
 649 0c38 00       		.uleb128 0
 650 0c39 5F5F494E 		.ascii "__INT_FAST16_MAX__ 32767\0"
 650      545F4641 
 650      53543136 
GAS LISTING C:\Users\PRESID~1\AppData\Local\Temp\ccIF3eHQ.s 			page 21


 650      5F4D4158 
 650      5F5F2033 
 651 0c52 01       		.byte	0x1
 652 0c53 00       		.uleb128 0
 653 0c54 5F5F494E 		.ascii "__INT_FAST32_MAX__ 2147483647\0"
 653      545F4641 
 653      53543332 
 653      5F4D4158 
 653      5F5F2032 
 654 0c72 01       		.byte	0x1
 655 0c73 00       		.uleb128 0
 656 0c74 5F5F494E 		.ascii "__INT_FAST64_MAX__ 9223372036854775807LL\0"
 656      545F4641 
 656      53543634 
 656      5F4D4158 
 656      5F5F2039 
 657 0c9d 01       		.byte	0x1
 658 0c9e 00       		.uleb128 0
 659 0c9f 5F5F5549 		.ascii "__UINT_FAST8_MAX__ 255\0"
 659      4E545F46 
 659      41535438 
 659      5F4D4158 
 659      5F5F2032 
 660 0cb6 01       		.byte	0x1
 661 0cb7 00       		.uleb128 0
 662 0cb8 5F5F5549 		.ascii "__UINT_FAST16_MAX__ 65535\0"
 662      4E545F46 
 662      41535431 
 662      365F4D41 
 662      585F5F20 
 663 0cd2 01       		.byte	0x1
 664 0cd3 00       		.uleb128 0
 665 0cd4 5F5F5549 		.ascii "__UINT_FAST32_MAX__ 4294967295U\0"
 665      4E545F46 
 665      41535433 
 665      325F4D41 
 665      585F5F20 
 666 0cf4 01       		.byte	0x1
 667 0cf5 00       		.uleb128 0
 668 0cf6 5F5F5549 		.ascii "__UINT_FAST64_MAX__ 18446744073709551615ULL\0"
 668      4E545F46 
 668      41535436 
 668      345F4D41 
 668      585F5F20 
 669 0d22 01       		.byte	0x1
 670 0d23 00       		.uleb128 0
 671 0d24 5F5F494E 		.ascii "__INTPTR_MAX__ 2147483647\0"
 671      54505452 
 671      5F4D4158 
 671      5F5F2032 
 671      31343734 
 672 0d3e 01       		.byte	0x1
 673 0d3f 00       		.uleb128 0
 674 0d40 5F5F5549 		.ascii "__UINTPTR_MAX__ 4294967295U\0"
 674      4E545054 
 674      525F4D41 
 674      585F5F20 
GAS LISTING C:\Users\PRESID~1\AppData\Local\Temp\ccIF3eHQ.s 			page 22


 674      34323934 
 675 0d5c 01       		.byte	0x1
 676 0d5d 00       		.uleb128 0
 677 0d5e 5F5F4743 		.ascii "__GCC_IEC_559 2\0"
 677      435F4945 
 677      435F3535 
 677      39203200 
 678 0d6e 01       		.byte	0x1
 679 0d6f 00       		.uleb128 0
 680 0d70 5F5F4743 		.ascii "__GCC_IEC_559_COMPLEX 2\0"
 680      435F4945 
 680      435F3535 
 680      395F434F 
 680      4D504C45 
 681 0d88 01       		.byte	0x1
 682 0d89 00       		.uleb128 0
 683 0d8a 5F5F464C 		.ascii "__FLT_EVAL_METHOD__ 2\0"
 683      545F4556 
 683      414C5F4D 
 683      4554484F 
 683      445F5F20 
 684 0da0 01       		.byte	0x1
 685 0da1 00       		.uleb128 0
 686 0da2 5F5F4445 		.ascii "__DEC_EVAL_METHOD__ 2\0"
 686      435F4556 
 686      414C5F4D 
 686      4554484F 
 686      445F5F20 
 687 0db8 01       		.byte	0x1
 688 0db9 00       		.uleb128 0
 689 0dba 5F5F464C 		.ascii "__FLT_RADIX__ 2\0"
 689      545F5241 
 689      4449585F 
 689      5F203200 
 690 0dca 01       		.byte	0x1
 691 0dcb 00       		.uleb128 0
 692 0dcc 5F5F464C 		.ascii "__FLT_MANT_DIG__ 24\0"
 692      545F4D41 
 692      4E545F44 
 692      49475F5F 
 692      20323400 
 693 0de0 01       		.byte	0x1
 694 0de1 00       		.uleb128 0
 695 0de2 5F5F464C 		.ascii "__FLT_DIG__ 6\0"
 695      545F4449 
 695      475F5F20 
 695      3600
 696 0df0 01       		.byte	0x1
 697 0df1 00       		.uleb128 0
 698 0df2 5F5F464C 		.ascii "__FLT_MIN_EXP__ (-125)\0"
 698      545F4D49 
 698      4E5F4558 
 698      505F5F20 
 698      282D3132 
 699 0e09 01       		.byte	0x1
 700 0e0a 00       		.uleb128 0
 701 0e0b 5F5F464C 		.ascii "__FLT_MIN_10_EXP__ (-37)\0"
GAS LISTING C:\Users\PRESID~1\AppData\Local\Temp\ccIF3eHQ.s 			page 23


 701      545F4D49 
 701      4E5F3130 
 701      5F455850 
 701      5F5F2028 
 702 0e24 01       		.byte	0x1
 703 0e25 00       		.uleb128 0
 704 0e26 5F5F464C 		.ascii "__FLT_MAX_EXP__ 128\0"
 704      545F4D41 
 704      585F4558 
 704      505F5F20 
 704      31323800 
 705 0e3a 01       		.byte	0x1
 706 0e3b 00       		.uleb128 0
 707 0e3c 5F5F464C 		.ascii "__FLT_MAX_10_EXP__ 38\0"
 707      545F4D41 
 707      585F3130 
 707      5F455850 
 707      5F5F2033 
 708 0e52 01       		.byte	0x1
 709 0e53 00       		.uleb128 0
 710 0e54 5F5F464C 		.ascii "__FLT_DECIMAL_DIG__ 9\0"
 710      545F4445 
 710      43494D41 
 710      4C5F4449 
 710      475F5F20 
 711 0e6a 01       		.byte	0x1
 712 0e6b 00       		.uleb128 0
 713 0e6c 5F5F464C 		.ascii "__FLT_MAX__ 3.40282346638528859812e+38F\0"
 713      545F4D41 
 713      585F5F20 
 713      332E3430 
 713      32383233 
 714 0e94 01       		.byte	0x1
 715 0e95 00       		.uleb128 0
 716 0e96 5F5F464C 		.ascii "__FLT_MIN__ 1.17549435082228750797e-38F\0"
 716      545F4D49 
 716      4E5F5F20 
 716      312E3137 
 716      35343934 
 717 0ebe 01       		.byte	0x1
 718 0ebf 00       		.uleb128 0
 719 0ec0 5F5F464C 		.ascii "__FLT_EPSILON__ 1.19209289550781250000e-7F\0"
 719      545F4550 
 719      53494C4F 
 719      4E5F5F20 
 719      312E3139 
 720 0eeb 01       		.byte	0x1
 721 0eec 00       		.uleb128 0
 722 0eed 5F5F464C 		.ascii "__FLT_DENORM_MIN__ 1.40129846432481707092e-45F\0"
 722      545F4445 
 722      4E4F524D 
 722      5F4D494E 
 722      5F5F2031 
 723 0f1c 01       		.byte	0x1
 724 0f1d 00       		.uleb128 0
 725 0f1e 5F5F464C 		.ascii "__FLT_HAS_DENORM__ 1\0"
 725      545F4841 
GAS LISTING C:\Users\PRESID~1\AppData\Local\Temp\ccIF3eHQ.s 			page 24


 725      535F4445 
 725      4E4F524D 
 725      5F5F2031 
 726 0f33 01       		.byte	0x1
 727 0f34 00       		.uleb128 0
 728 0f35 5F5F464C 		.ascii "__FLT_HAS_INFINITY__ 1\0"
 728      545F4841 
 728      535F494E 
 728      46494E49 
 728      54595F5F 
 729 0f4c 01       		.byte	0x1
 730 0f4d 00       		.uleb128 0
 731 0f4e 5F5F464C 		.ascii "__FLT_HAS_QUIET_NAN__ 1\0"
 731      545F4841 
 731      535F5155 
 731      4945545F 
 731      4E414E5F 
 732 0f66 01       		.byte	0x1
 733 0f67 00       		.uleb128 0
 734 0f68 5F5F4442 		.ascii "__DBL_MANT_DIG__ 53\0"
 734      4C5F4D41 
 734      4E545F44 
 734      49475F5F 
 734      20353300 
 735 0f7c 01       		.byte	0x1
 736 0f7d 00       		.uleb128 0
 737 0f7e 5F5F4442 		.ascii "__DBL_DIG__ 15\0"
 737      4C5F4449 
 737      475F5F20 
 737      313500
 738 0f8d 01       		.byte	0x1
 739 0f8e 00       		.uleb128 0
 740 0f8f 5F5F4442 		.ascii "__DBL_MIN_EXP__ (-1021)\0"
 740      4C5F4D49 
 740      4E5F4558 
 740      505F5F20 
 740      282D3130 
 741 0fa7 01       		.byte	0x1
 742 0fa8 00       		.uleb128 0
 743 0fa9 5F5F4442 		.ascii "__DBL_MIN_10_EXP__ (-307)\0"
 743      4C5F4D49 
 743      4E5F3130 
 743      5F455850 
 743      5F5F2028 
 744 0fc3 01       		.byte	0x1
 745 0fc4 00       		.uleb128 0
 746 0fc5 5F5F4442 		.ascii "__DBL_MAX_EXP__ 1024\0"
 746      4C5F4D41 
 746      585F4558 
 746      505F5F20 
 746      31303234 
 747 0fda 01       		.byte	0x1
 748 0fdb 00       		.uleb128 0
 749 0fdc 5F5F4442 		.ascii "__DBL_MAX_10_EXP__ 308\0"
 749      4C5F4D41 
 749      585F3130 
 749      5F455850 
GAS LISTING C:\Users\PRESID~1\AppData\Local\Temp\ccIF3eHQ.s 			page 25


 749      5F5F2033 
 750 0ff3 01       		.byte	0x1
 751 0ff4 00       		.uleb128 0
 752 0ff5 5F5F4442 		.ascii "__DBL_DECIMAL_DIG__ 17\0"
 752      4C5F4445 
 752      43494D41 
 752      4C5F4449 
 752      475F5F20 
 753 100c 01       		.byte	0x1
 754 100d 00       		.uleb128 0
 755 100e 5F5F4442 		.ascii "__DBL_MAX__ ((double)1.79769313486231570815e+308L)\0"
 755      4C5F4D41 
 755      585F5F20 
 755      2828646F 
 755      75626C65 
 756 1041 01       		.byte	0x1
 757 1042 00       		.uleb128 0
 758 1043 5F5F4442 		.ascii "__DBL_MIN__ ((double)2.22507385850720138309e-308L)\0"
 758      4C5F4D49 
 758      4E5F5F20 
 758      2828646F 
 758      75626C65 
 759 1076 01       		.byte	0x1
 760 1077 00       		.uleb128 0
 761 1078 5F5F4442 		.ascii "__DBL_EPSILON__ ((double)2.22044604925031308085e-16L)\0"
 761      4C5F4550 
 761      53494C4F 
 761      4E5F5F20 
 761      2828646F 
 762 10ae 01       		.byte	0x1
 763 10af 00       		.uleb128 0
 764 10b0 5F5F4442 		.ascii "__DBL_DENORM_MIN__ ((double)4.94065645841246544177e-324L)\0"
 764      4C5F4445 
 764      4E4F524D 
 764      5F4D494E 
 764      5F5F2028 
 765 10ea 01       		.byte	0x1
 766 10eb 00       		.uleb128 0
 767 10ec 5F5F4442 		.ascii "__DBL_HAS_DENORM__ 1\0"
 767      4C5F4841 
 767      535F4445 
 767      4E4F524D 
 767      5F5F2031 
 768 1101 01       		.byte	0x1
 769 1102 00       		.uleb128 0
 770 1103 5F5F4442 		.ascii "__DBL_HAS_INFINITY__ 1\0"
 770      4C5F4841 
 770      535F494E 
 770      46494E49 
 770      54595F5F 
 771 111a 01       		.byte	0x1
 772 111b 00       		.uleb128 0
 773 111c 5F5F4442 		.ascii "__DBL_HAS_QUIET_NAN__ 1\0"
 773      4C5F4841 
 773      535F5155 
 773      4945545F 
 773      4E414E5F 
GAS LISTING C:\Users\PRESID~1\AppData\Local\Temp\ccIF3eHQ.s 			page 26


 774 1134 01       		.byte	0x1
 775 1135 00       		.uleb128 0
 776 1136 5F5F4C44 		.ascii "__LDBL_MANT_DIG__ 64\0"
 776      424C5F4D 
 776      414E545F 
 776      4449475F 
 776      5F203634 
 777 114b 01       		.byte	0x1
 778 114c 00       		.uleb128 0
 779 114d 5F5F4C44 		.ascii "__LDBL_DIG__ 18\0"
 779      424C5F44 
 779      49475F5F 
 779      20313800 
 780 115d 01       		.byte	0x1
 781 115e 00       		.uleb128 0
 782 115f 5F5F4C44 		.ascii "__LDBL_MIN_EXP__ (-16381)\0"
 782      424C5F4D 
 782      494E5F45 
 782      58505F5F 
 782      20282D31 
 783 1179 01       		.byte	0x1
 784 117a 00       		.uleb128 0
 785 117b 5F5F4C44 		.ascii "__LDBL_MIN_10_EXP__ (-4931)\0"
 785      424C5F4D 
 785      494E5F31 
 785      305F4558 
 785      505F5F20 
 786 1197 01       		.byte	0x1
 787 1198 00       		.uleb128 0
 788 1199 5F5F4C44 		.ascii "__LDBL_MAX_EXP__ 16384\0"
 788      424C5F4D 
 788      41585F45 
 788      58505F5F 
 788      20313633 
 789 11b0 01       		.byte	0x1
 790 11b1 00       		.uleb128 0
 791 11b2 5F5F4C44 		.ascii "__LDBL_MAX_10_EXP__ 4932\0"
 791      424C5F4D 
 791      41585F31 
 791      305F4558 
 791      505F5F20 
 792 11cb 01       		.byte	0x1
 793 11cc 00       		.uleb128 0
 794 11cd 5F5F4445 		.ascii "__DECIMAL_DIG__ 21\0"
 794      43494D41 
 794      4C5F4449 
 794      475F5F20 
 794      323100
 795 11e0 01       		.byte	0x1
 796 11e1 00       		.uleb128 0
 797 11e2 5F5F4C44 		.ascii "__LDBL_MAX__ 1.18973149535723176502e+4932L\0"
 797      424C5F4D 
 797      41585F5F 
 797      20312E31 
 797      38393733 
 798 120d 01       		.byte	0x1
 799 120e 00       		.uleb128 0
GAS LISTING C:\Users\PRESID~1\AppData\Local\Temp\ccIF3eHQ.s 			page 27


 800 120f 5F5F4C44 		.ascii "__LDBL_MIN__ 3.36210314311209350626e-4932L\0"
 800      424C5F4D 
 800      494E5F5F 
 800      20332E33 
 800      36323130 
 801 123a 01       		.byte	0x1
 802 123b 00       		.uleb128 0
 803 123c 5F5F4C44 		.ascii "__LDBL_EPSILON__ 1.08420217248550443401e-19L\0"
 803      424C5F45 
 803      5053494C 
 803      4F4E5F5F 
 803      20312E30 
 804 1269 01       		.byte	0x1
 805 126a 00       		.uleb128 0
 806 126b 5F5F4C44 		.ascii "__LDBL_DENORM_MIN__ 3.64519953188247460253e-4951L\0"
 806      424C5F44 
 806      454E4F52 
 806      4D5F4D49 
 806      4E5F5F20 
 807 129d 01       		.byte	0x1
 808 129e 00       		.uleb128 0
 809 129f 5F5F4C44 		.ascii "__LDBL_HAS_DENORM__ 1\0"
 809      424C5F48 
 809      41535F44 
 809      454E4F52 
 809      4D5F5F20 
 810 12b5 01       		.byte	0x1
 811 12b6 00       		.uleb128 0
 812 12b7 5F5F4C44 		.ascii "__LDBL_HAS_INFINITY__ 1\0"
 812      424C5F48 
 812      41535F49 
 812      4E46494E 
 812      4954595F 
 813 12cf 01       		.byte	0x1
 814 12d0 00       		.uleb128 0
 815 12d1 5F5F4C44 		.ascii "__LDBL_HAS_QUIET_NAN__ 1\0"
 815      424C5F48 
 815      41535F51 
 815      55494554 
 815      5F4E414E 
 816 12ea 01       		.byte	0x1
 817 12eb 00       		.uleb128 0
 818 12ec 5F5F4445 		.ascii "__DEC32_MANT_DIG__ 7\0"
 818      4333325F 
 818      4D414E54 
 818      5F444947 
 818      5F5F2037 
 819 1301 01       		.byte	0x1
 820 1302 00       		.uleb128 0
 821 1303 5F5F4445 		.ascii "__DEC32_MIN_EXP__ (-94)\0"
 821      4333325F 
 821      4D494E5F 
 821      4558505F 
 821      5F20282D 
 822 131b 01       		.byte	0x1
 823 131c 00       		.uleb128 0
 824 131d 5F5F4445 		.ascii "__DEC32_MAX_EXP__ 97\0"
GAS LISTING C:\Users\PRESID~1\AppData\Local\Temp\ccIF3eHQ.s 			page 28


 824      4333325F 
 824      4D41585F 
 824      4558505F 
 824      5F203937 
 825 1332 01       		.byte	0x1
 826 1333 00       		.uleb128 0
 827 1334 5F5F4445 		.ascii "__DEC32_MIN__ 1E-95DF\0"
 827      4333325F 
 827      4D494E5F 
 827      5F203145 
 827      2D393544 
 828 134a 01       		.byte	0x1
 829 134b 00       		.uleb128 0
 830 134c 5F5F4445 		.ascii "__DEC32_MAX__ 9.999999E96DF\0"
 830      4333325F 
 830      4D41585F 
 830      5F20392E 
 830      39393939 
 831 1368 01       		.byte	0x1
 832 1369 00       		.uleb128 0
 833 136a 5F5F4445 		.ascii "__DEC32_EPSILON__ 1E-6DF\0"
 833      4333325F 
 833      45505349 
 833      4C4F4E5F 
 833      5F203145 
 834 1383 01       		.byte	0x1
 835 1384 00       		.uleb128 0
 836 1385 5F5F4445 		.ascii "__DEC32_SUBNORMAL_MIN__ 0.000001E-95DF\0"
 836      4333325F 
 836      5355424E 
 836      4F524D41 
 836      4C5F4D49 
 837 13ac 01       		.byte	0x1
 838 13ad 00       		.uleb128 0
 839 13ae 5F5F4445 		.ascii "__DEC64_MANT_DIG__ 16\0"
 839      4336345F 
 839      4D414E54 
 839      5F444947 
 839      5F5F2031 
 840 13c4 01       		.byte	0x1
 841 13c5 00       		.uleb128 0
 842 13c6 5F5F4445 		.ascii "__DEC64_MIN_EXP__ (-382)\0"
 842      4336345F 
 842      4D494E5F 
 842      4558505F 
 842      5F20282D 
 843 13df 01       		.byte	0x1
 844 13e0 00       		.uleb128 0
 845 13e1 5F5F4445 		.ascii "__DEC64_MAX_EXP__ 385\0"
 845      4336345F 
 845      4D41585F 
 845      4558505F 
 845      5F203338 
 846 13f7 01       		.byte	0x1
 847 13f8 00       		.uleb128 0
 848 13f9 5F5F4445 		.ascii "__DEC64_MIN__ 1E-383DD\0"
 848      4336345F 
GAS LISTING C:\Users\PRESID~1\AppData\Local\Temp\ccIF3eHQ.s 			page 29


 848      4D494E5F 
 848      5F203145 
 848      2D333833 
 849 1410 01       		.byte	0x1
 850 1411 00       		.uleb128 0
 851 1412 5F5F4445 		.ascii "__DEC64_MAX__ 9.999999999999999E384DD\0"
 851      4336345F 
 851      4D41585F 
 851      5F20392E 
 851      39393939 
 852 1438 01       		.byte	0x1
 853 1439 00       		.uleb128 0
 854 143a 5F5F4445 		.ascii "__DEC64_EPSILON__ 1E-15DD\0"
 854      4336345F 
 854      45505349 
 854      4C4F4E5F 
 854      5F203145 
 855 1454 01       		.byte	0x1
 856 1455 00       		.uleb128 0
 857 1456 5F5F4445 		.ascii "__DEC64_SUBNORMAL_MIN__ 0.000000000000001E-383DD\0"
 857      4336345F 
 857      5355424E 
 857      4F524D41 
 857      4C5F4D49 
 858 1487 01       		.byte	0x1
 859 1488 00       		.uleb128 0
 860 1489 5F5F4445 		.ascii "__DEC128_MANT_DIG__ 34\0"
 860      43313238 
 860      5F4D414E 
 860      545F4449 
 860      475F5F20 
 861 14a0 01       		.byte	0x1
 862 14a1 00       		.uleb128 0
 863 14a2 5F5F4445 		.ascii "__DEC128_MIN_EXP__ (-6142)\0"
 863      43313238 
 863      5F4D494E 
 863      5F455850 
 863      5F5F2028 
 864 14bd 01       		.byte	0x1
 865 14be 00       		.uleb128 0
 866 14bf 5F5F4445 		.ascii "__DEC128_MAX_EXP__ 6145\0"
 866      43313238 
 866      5F4D4158 
 866      5F455850 
 866      5F5F2036 
 867 14d7 01       		.byte	0x1
 868 14d8 00       		.uleb128 0
 869 14d9 5F5F4445 		.ascii "__DEC128_MIN__ 1E-6143DL\0"
 869      43313238 
 869      5F4D494E 
 869      5F5F2031 
 869      452D3631 
 870 14f2 01       		.byte	0x1
 871 14f3 00       		.uleb128 0
 872 14f4 5F5F4445 		.ascii "__DEC128_MAX__ 9.999999999999999999999999999999999E6144DL\0"
 872      43313238 
 872      5F4D4158 
GAS LISTING C:\Users\PRESID~1\AppData\Local\Temp\ccIF3eHQ.s 			page 30


 872      5F5F2039 
 872      2E393939 
 873 152e 01       		.byte	0x1
 874 152f 00       		.uleb128 0
 875 1530 5F5F4445 		.ascii "__DEC128_EPSILON__ 1E-33DL\0"
 875      43313238 
 875      5F455053 
 875      494C4F4E 
 875      5F5F2031 
 876 154b 01       		.byte	0x1
 877 154c 00       		.uleb128 0
 878 154d 5F5F4445 		.ascii "__DEC128_SUBNORMAL_MIN__ 0.000000000000000000000000000000001E-6143DL\0"
 878      43313238 
 878      5F535542 
 878      4E4F524D 
 878      414C5F4D 
 879 1592 01       		.byte	0x1
 880 1593 00       		.uleb128 0
 881 1594 5F5F5245 		.ascii "__REGISTER_PREFIX__ \0"
 881      47495354 
 881      45525F50 
 881      52454649 
 881      585F5F20 
 882 15a9 01       		.byte	0x1
 883 15aa 00       		.uleb128 0
 884 15ab 5F5F5553 		.ascii "__USER_LABEL_PREFIX__ _\0"
 884      45525F4C 
 884      4142454C 
 884      5F505245 
 884      4649585F 
 885 15c3 01       		.byte	0x1
 886 15c4 00       		.uleb128 0
 887 15c5 5F5F474E 		.ascii "__GNUC_GNU_INLINE__ 1\0"
 887      55435F47 
 887      4E555F49 
 887      4E4C494E 
 887      455F5F20 
 888 15db 01       		.byte	0x1
 889 15dc 00       		.uleb128 0
 890 15dd 5F5F4E4F 		.ascii "__NO_INLINE__ 1\0"
 890      5F494E4C 
 890      494E455F 
 890      5F203100 
 891 15ed 01       		.byte	0x1
 892 15ee 00       		.uleb128 0
 893 15ef 5F5F5354 		.ascii "__STRICT_ANSI__ 1\0"
 893      52494354 
 893      5F414E53 
 893      495F5F20 
 893      3100
 894 1601 01       		.byte	0x1
 895 1602 00       		.uleb128 0
 896 1603 5F5F4743 		.ascii "__GCC_ATOMIC_BOOL_LOCK_FREE 1\0"
 896      435F4154 
 896      4F4D4943 
 896      5F424F4F 
 896      4C5F4C4F 
GAS LISTING C:\Users\PRESID~1\AppData\Local\Temp\ccIF3eHQ.s 			page 31


 897 1621 01       		.byte	0x1
 898 1622 00       		.uleb128 0
 899 1623 5F5F4743 		.ascii "__GCC_ATOMIC_CHAR_LOCK_FREE 1\0"
 899      435F4154 
 899      4F4D4943 
 899      5F434841 
 899      525F4C4F 
 900 1641 01       		.byte	0x1
 901 1642 00       		.uleb128 0
 902 1643 5F5F4743 		.ascii "__GCC_ATOMIC_CHAR16_T_LOCK_FREE 1\0"
 902      435F4154 
 902      4F4D4943 
 902      5F434841 
 902      5231365F 
 903 1665 01       		.byte	0x1
 904 1666 00       		.uleb128 0
 905 1667 5F5F4743 		.ascii "__GCC_ATOMIC_CHAR32_T_LOCK_FREE 1\0"
 905      435F4154 
 905      4F4D4943 
 905      5F434841 
 905      5233325F 
 906 1689 01       		.byte	0x1
 907 168a 00       		.uleb128 0
 908 168b 5F5F4743 		.ascii "__GCC_ATOMIC_WCHAR_T_LOCK_FREE 1\0"
 908      435F4154 
 908      4F4D4943 
 908      5F574348 
 908      41525F54 
 909 16ac 01       		.byte	0x1
 910 16ad 00       		.uleb128 0
 911 16ae 5F5F4743 		.ascii "__GCC_ATOMIC_SHORT_LOCK_FREE 1\0"
 911      435F4154 
 911      4F4D4943 
 911      5F53484F 
 911      52545F4C 
 912 16cd 01       		.byte	0x1
 913 16ce 00       		.uleb128 0
 914 16cf 5F5F4743 		.ascii "__GCC_ATOMIC_INT_LOCK_FREE 1\0"
 914      435F4154 
 914      4F4D4943 
 914      5F494E54 
 914      5F4C4F43 
 915 16ec 01       		.byte	0x1
 916 16ed 00       		.uleb128 0
 917 16ee 5F5F4743 		.ascii "__GCC_ATOMIC_LONG_LOCK_FREE 1\0"
 917      435F4154 
 917      4F4D4943 
 917      5F4C4F4E 
 917      475F4C4F 
 918 170c 01       		.byte	0x1
 919 170d 00       		.uleb128 0
 920 170e 5F5F4743 		.ascii "__GCC_ATOMIC_LLONG_LOCK_FREE 1\0"
 920      435F4154 
 920      4F4D4943 
 920      5F4C4C4F 
 920      4E475F4C 
 921 172d 01       		.byte	0x1
GAS LISTING C:\Users\PRESID~1\AppData\Local\Temp\ccIF3eHQ.s 			page 32


 922 172e 00       		.uleb128 0
 923 172f 5F5F4743 		.ascii "__GCC_ATOMIC_TEST_AND_SET_TRUEVAL 1\0"
 923      435F4154 
 923      4F4D4943 
 923      5F544553 
 923      545F414E 
 924 1753 01       		.byte	0x1
 925 1754 00       		.uleb128 0
 926 1755 5F5F4743 		.ascii "__GCC_ATOMIC_POINTER_LOCK_FREE 1\0"
 926      435F4154 
 926      4F4D4943 
 926      5F504F49 
 926      4E544552 
 927 1776 01       		.byte	0x1
 928 1777 00       		.uleb128 0
 929 1778 5F5F4743 		.ascii "__GCC_HAVE_DWARF2_CFI_ASM 1\0"
 929      435F4841 
 929      56455F44 
 929      57415246 
 929      325F4346 
 930 1794 01       		.byte	0x1
 931 1795 00       		.uleb128 0
 932 1796 5F5F5052 		.ascii "__PRAGMA_REDEFINE_EXTNAME 1\0"
 932      41474D41 
 932      5F524544 
 932      4546494E 
 932      455F4558 
 933 17b2 01       		.byte	0x1
 934 17b3 00       		.uleb128 0
 935 17b4 5F5F5349 		.ascii "__SIZEOF_WCHAR_T__ 2\0"
 935      5A454F46 
 935      5F574348 
 935      41525F54 
 935      5F5F2032 
 936 17c9 01       		.byte	0x1
 937 17ca 00       		.uleb128 0
 938 17cb 5F5F5349 		.ascii "__SIZEOF_WINT_T__ 2\0"
 938      5A454F46 
 938      5F57494E 
 938      545F545F 
 938      5F203200 
 939 17df 01       		.byte	0x1
 940 17e0 00       		.uleb128 0
 941 17e1 5F5F5349 		.ascii "__SIZEOF_PTRDIFF_T__ 4\0"
 941      5A454F46 
 941      5F505452 
 941      44494646 
 941      5F545F5F 
 942 17f8 01       		.byte	0x1
 943 17f9 00       		.uleb128 0
 944 17fa 5F5F6933 		.ascii "__i386 1\0"
 944      38362031 
 944      00
 945 1803 01       		.byte	0x1
 946 1804 00       		.uleb128 0
 947 1805 5F5F6933 		.ascii "__i386__ 1\0"
 947      38365F5F 
GAS LISTING C:\Users\PRESID~1\AppData\Local\Temp\ccIF3eHQ.s 			page 33


 947      203100
 948 1810 01       		.byte	0x1
 949 1811 00       		.uleb128 0
 950 1812 5F5F4154 		.ascii "__ATOMIC_HLE_ACQUIRE 65536\0"
 950      4F4D4943 
 950      5F484C45 
 950      5F414351 
 950      55495245 
 951 182d 01       		.byte	0x1
 952 182e 00       		.uleb128 0
 953 182f 5F5F4154 		.ascii "__ATOMIC_HLE_RELEASE 131072\0"
 953      4F4D4943 
 953      5F484C45 
 953      5F52454C 
 953      45415345 
 954 184b 01       		.byte	0x1
 955 184c 00       		.uleb128 0
 956 184d 5F5F7475 		.ascii "__tune_i386__ 1\0"
 956      6E655F69 
 956      3338365F 
 956      5F203100 
 957 185d 01       		.byte	0x1
 958 185e 00       		.uleb128 0
 959 185f 5F5F636F 		.ascii "__code_model_32__ 1\0"
 959      64655F6D 
 959      6F64656C 
 959      5F33325F 
 959      5F203100 
 960 1873 01       		.byte	0x1
 961 1874 00       		.uleb128 0
 962 1875 5F583836 		.ascii "_X86_ 1\0"
 962      5F203100 
 963 187d 01       		.byte	0x1
 964 187e 00       		.uleb128 0
 965 187f 5F5F7374 		.ascii "__stdcall __attribute__((__stdcall__))\0"
 965      6463616C 
 965      6C205F5F 
 965      61747472 
 965      69627574 
 966 18a6 01       		.byte	0x1
 967 18a7 00       		.uleb128 0
 968 18a8 5F5F6661 		.ascii "__fastcall __attribute__((__fastcall__))\0"
 968      73746361 
 968      6C6C205F 
 968      5F617474 
 968      72696275 
 969 18d1 01       		.byte	0x1
 970 18d2 00       		.uleb128 0
 971 18d3 5F5F7468 		.ascii "__thiscall __attribute__((__thiscall__))\0"
 971      69736361 
 971      6C6C205F 
 971      5F617474 
 971      72696275 
 972 18fc 01       		.byte	0x1
 973 18fd 00       		.uleb128 0
 974 18fe 5F5F6364 		.ascii "__cdecl __attribute__((__cdecl__))\0"
 974      65636C20 
GAS LISTING C:\Users\PRESID~1\AppData\Local\Temp\ccIF3eHQ.s 			page 34


 974      5F5F6174 
 974      74726962 
 974      7574655F 
 975 1921 01       		.byte	0x1
 976 1922 00       		.uleb128 0
 977 1923 5F5F4758 		.ascii "__GXX_MERGED_TYPEINFO_NAMES 0\0"
 977      585F4D45 
 977      52474544 
 977      5F545950 
 977      45494E46 
 978 1941 01       		.byte	0x1
 979 1942 00       		.uleb128 0
 980 1943 5F5F4758 		.ascii "__GXX_TYPEINFO_EQUALITY_INLINE 0\0"
 980      585F5459 
 980      5045494E 
 980      464F5F45 
 980      5155414C 
 981 1964 01       		.byte	0x1
 982 1965 00       		.uleb128 0
 983 1966 5F5F4D53 		.ascii "__MSVCRT__ 1\0"
 983      56435254 
 983      5F5F2031 
 983      00
 984 1973 01       		.byte	0x1
 985 1974 00       		.uleb128 0
 986 1975 5F5F4D49 		.ascii "__MINGW32__ 1\0"
 986      4E475733 
 986      325F5F20 
 986      3100
 987 1983 01       		.byte	0x1
 988 1984 00       		.uleb128 0
 989 1985 5F57494E 		.ascii "_WIN32 1\0"
 989      33322031 
 989      00
 990 198e 01       		.byte	0x1
 991 198f 00       		.uleb128 0
 992 1990 5F5F5749 		.ascii "__WIN32 1\0"
 992      4E333220 
 992      3100
 993 199a 01       		.byte	0x1
 994 199b 00       		.uleb128 0
 995 199c 5F5F5749 		.ascii "__WIN32__ 1\0"
 995      4E33325F 
 995      5F203100 
 996 19a8 01       		.byte	0x1
 997 19a9 00       		.uleb128 0
 998 19aa 5F5F5749 		.ascii "__WINNT 1\0"
 998      4E4E5420 
 998      3100
 999 19b4 01       		.byte	0x1
 1000 19b5 00       		.uleb128 0
 1001 19b6 5F5F5749 		.ascii "__WINNT__ 1\0"
 1001      4E4E545F 
 1001      5F203100 
 1002 19c2 01       		.byte	0x1
 1003 19c3 00       		.uleb128 0
 1004 19c4 5F494E54 		.ascii "_INTEGRAL_MAX_BITS 64\0"
GAS LISTING C:\Users\PRESID~1\AppData\Local\Temp\ccIF3eHQ.s 			page 35


 1004      45475241 
 1004      4C5F4D41 
 1004      585F4249 
 1004      54532036 
 1005 19da 01       		.byte	0x1
 1006 19db 00       		.uleb128 0
 1007 19dc 5F5F6465 		.ascii "__declspec(x) __attribute__((x))\0"
 1007      636C7370 
 1007      65632878 
 1007      29205F5F 
 1007      61747472 
 1008 19fd 01       		.byte	0x1
 1009 19fe 00       		.uleb128 0
 1010 19ff 5F5F4445 		.ascii "__DECIMAL_BID_FORMAT__ 1\0"
 1010      43494D41 
 1010      4C5F4249 
 1010      445F464F 
 1010      524D4154 
 1011 1a18 01       		.byte	0x1
 1012 1a19 00       		.uleb128 0
 1013 1a1a 4346475F 		.ascii "CFG_PROCESSOR 3\0"
 1013      50524F43 
 1013      4553534F 
 1013      52203300 
 1014 1a2a 03       		.byte	0x3
 1015 1a2b 00       		.uleb128 0
 1016 1a2c 01       		.uleb128 0x1
 1017              		.file 3 "E:/NeuOrga/Programmieren/c_cpp/github_os/input/src/os_sim/../os_base/os_firstinc.h"
 1018 1a2d 03       		.byte	0x3
 1019 1a2e 01       		.uleb128 0x1
 1020 1a2f 03       		.uleb128 0x3
 1021 1a30 01       		.byte	0x1
 1022 1a31 02       		.uleb128 0x2
 1023 1a32 5F6F735F 		.ascii "_os_firstinc_h_ \0"
 1023      66697273 
 1023      74696E63 
 1023      5F685F20 
 1023      00
 1024 1a43 03       		.byte	0x3
 1025 1a44 04       		.uleb128 0x4
 1026 1a45 02       		.uleb128 0x2
 1027 1a46 01       		.byte	0x1
 1028 1a47 02       		.uleb128 0x2
 1029 1a48 5F424153 		.ascii "_BASE_TYPES_H_ \0"
 1029      455F5459 
 1029      5045535F 
 1029      485F2000 
 1030 1a58 01       		.byte	0x1
 1031 1a59 04       		.uleb128 0x4
 1032 1a5a 494E5445 		.ascii "INTEGER_LLP64_IL32P64 1\0"
 1032      4745525F 
 1032      4C4C5036 
 1032      345F494C 
 1032      33325036 
 1033 1a72 01       		.byte	0x1
 1034 1a73 05       		.uleb128 0x5
 1035 1a74 494E5445 		.ascii "INTEGER_LP64_I32LP64 2\0"
GAS LISTING C:\Users\PRESID~1\AppData\Local\Temp\ccIF3eHQ.s 			page 36


 1035      4745525F 
 1035      4C503634 
 1035      5F493332 
 1035      4C503634 
 1036 1a8b 01       		.byte	0x1
 1037 1a8c 06       		.uleb128 0x6
 1038 1a8d 494E5445 		.ascii "INTEGER_ILP64 3\0"
 1038      4745525F 
 1038      494C5036 
 1038      34203300 
 1039 1a9d 01       		.byte	0x1
 1040 1a9e 07       		.uleb128 0x7
 1041 1a9f 494E5445 		.ascii "INTEGER_SILP64 4\0"
 1041      4745525F 
 1041      53494C50 
 1041      36342034 
 1041      00
 1042 1ab0 01       		.byte	0x1
 1043 1ab1 09       		.uleb128 0x9
 1044 1ab2 4350505F 		.ascii "CPP_VERSION_NONE 0\0"
 1044      56455253 
 1044      494F4E5F 
 1044      4E4F4E45 
 1044      203000
 1045 1ac5 01       		.byte	0x1
 1046 1ac6 0A       		.uleb128 0xa
 1047 1ac7 4350505F 		.ascii "CPP_VERSION_1998 1\0"
 1047      56455253 
 1047      494F4E5F 
 1047      31393938 
 1047      203100
 1048 1ada 01       		.byte	0x1
 1049 1adb 0B       		.uleb128 0xb
 1050 1adc 4350505F 		.ascii "CPP_VERSION_2003 2\0"
 1050      56455253 
 1050      494F4E5F 
 1050      32303033 
 1050      203200
 1051 1aef 01       		.byte	0x1
 1052 1af0 0C       		.uleb128 0xc
 1053 1af1 4350505F 		.ascii "CPP_VERSION_2007 3\0"
 1053      56455253 
 1053      494F4E5F 
 1053      32303037 
 1053      203300
 1054 1b04 01       		.byte	0x1
 1055 1b05 0D       		.uleb128 0xd
 1056 1b06 4350505F 		.ascii "CPP_VERSION_2011 4\0"
 1056      56455253 
 1056      494F4E5F 
 1056      32303131 
 1056      203400
 1057 1b19 01       		.byte	0x1
 1058 1b1a 0E       		.uleb128 0xe
 1059 1b1b 49534F5F 		.ascii "ISO_CPP_VERSION CPP_VERSION_1998\0"
 1059      4350505F 
 1059      56455253 
GAS LISTING C:\Users\PRESID~1\AppData\Local\Temp\ccIF3eHQ.s 			page 37


 1059      494F4E20 
 1059      4350505F 
 1060 1b3c 01       		.byte	0x1
 1061 1b3d 10       		.uleb128 0x10
 1062 1b3e 494E5445 		.ascii "INTEGER_MODEL INTEGER_LLP64_IL32P64\0"
 1062      4745525F 
 1062      4D4F4445 
 1062      4C20494E 
 1062      54454745 
 1063 1b62 04       		.byte	0x4
 1064              		.file 4 "E:/NeuOrga/Programmieren/c_cpp/github_os/input/src/os_sim/../os_base/../os_base/os_common
 1065 1b63 03       		.byte	0x3
 1066 1b64 05       		.uleb128 0x5
 1067 1b65 04       		.uleb128 0x4
 1068 1b66 01       		.byte	0x1
 1069 1b67 02       		.uleb128 0x2
 1070 1b68 5F6F735F 		.ascii "_os_common_h_ \0"
 1070      636F6D6D 
 1070      6F6E5F68 
 1070      5F2000
 1071 1b77 01       		.byte	0x1
 1072 1b78 06       		.uleb128 0x6
 1073 1b79 46616C73 		.ascii "False 0\0"
 1073      65203000 
 1074 1b81 01       		.byte	0x1
 1075 1b82 07       		.uleb128 0x7
 1076 1b83 54727565 		.ascii "True 1\0"
 1076      203100
 1077 1b8a 01       		.byte	0x1
 1078 1b8b 08       		.uleb128 0x8
 1079 1b8c 46414C53 		.ascii "FALSE False\0"
 1079      45204661 
 1079      6C736500 
 1080 1b98 01       		.byte	0x1
 1081 1b99 09       		.uleb128 0x9
 1082 1b9a 54525545 		.ascii "TRUE True\0"
 1082      20547275 
 1082      6500
 1083 1ba4 01       		.byte	0x1
 1084 1ba5 0A       		.uleb128 0xa
 1085 1ba6 41636365 		.ascii "Accepted 1\0"
 1085      70746564 
 1085      203100
 1086 1bb1 01       		.byte	0x1
 1087 1bb2 0B       		.uleb128 0xb
 1088 1bb3 52656A65 		.ascii "Rejected 0\0"
 1088      63746564 
 1088      203000
 1089 1bbe 01       		.byte	0x1
 1090 1bbf 0C       		.uleb128 0xc
 1091 1bc0 4C6F6361 		.ascii "Local static\0"
 1091      6C207374 
 1091      61746963 
 1091      00
 1092 1bcd 01       		.byte	0x1
 1093 1bce 0D       		.uleb128 0xd
 1094 1bcf 4C6F6361 		.ascii "Local_inline static __inline__\0"
GAS LISTING C:\Users\PRESID~1\AppData\Local\Temp\ccIF3eHQ.s 			page 38


 1094      6C5F696E 
 1094      6C696E65 
 1094      20737461 
 1094      74696320 
 1095 1bee 01       		.byte	0x1
 1096 1bef 0E       		.uleb128 0xe
 1097 1bf0 476C6F62 		.ascii "Global_inline __inline__\0"
 1097      616C5F69 
 1097      6E6C696E 
 1097      65205F5F 
 1097      696E6C69 
 1098 1c09 01       		.byte	0x1
 1099 1c0a 0F       		.uleb128 0xf
 1100 1c0b 52656665 		.ascii "ReferenceUnusedParameter(x) ((x) = (x))\0"
 1100      72656E63 
 1100      65556E75 
 1100      73656450 
 1100      6172616D 
 1101 1c33 01       		.byte	0x1
 1102 1c34 12       		.uleb128 0x12
 1103 1c35 634D4355 		.ascii "cMCU_X86 3\0"
 1103      5F583836 
 1103      203300
 1104 1c40 01       		.byte	0x1
 1105 1c41 13       		.uleb128 0x13
 1106 1c42 634D4355 		.ascii "cMCU_CORTEX_M4 4\0"
 1106      5F434F52 
 1106      5445585F 
 1106      4D342034 
 1106      00
 1107 1c53 01       		.byte	0x1
 1108 1c54 15       		.uleb128 0x15
 1109 1c55 4E525F4F 		.ascii "NR_OF_CORES 1\0"
 1109      465F434F 
 1109      52455320 
 1109      3100
 1110 1c63 01       		.byte	0x1
 1111 1c64 17       		.uleb128 0x17
 1112 1c65 4D43555F 		.ascii "MCU_CLOCK_IN_HZ ((uint32)168000000u)\0"
 1112      434C4F43 
 1112      4B5F494E 
 1112      5F485A20 
 1112      28287569 
 1113 1c8a 01       		.byte	0x1
 1114 1c8b 1B       		.uleb128 0x1b
 1115 1c8c 44697361 		.ascii "DisableInterrupts() \0"
 1115      626C6549 
 1115      6E746572 
 1115      72757074 
 1115      73282920 
 1116 1ca1 01       		.byte	0x1
 1117 1ca2 1C       		.uleb128 0x1c
 1118 1ca3 456E6162 		.ascii "EnableInterrupts() \0"
 1118      6C65496E 
 1118      74657272 
 1118      75707473 
 1118      28292000 
GAS LISTING C:\Users\PRESID~1\AppData\Local\Temp\ccIF3eHQ.s 			page 39


 1119 1cb7 01       		.byte	0x1
 1120 1cb8 1D       		.uleb128 0x1d
 1121 1cb9 50726976 		.ascii "Privilige_level_save_current() \0"
 1121      696C6967 
 1121      655F6C65 
 1121      76656C5F 
 1121      73617665 
 1122 1cd9 01       		.byte	0x1
 1123 1cda 1E       		.uleb128 0x1e
 1124 1cdb 50726976 		.ascii "Privilige_level_enter_kernel_mode() \0"
 1124      696C6967 
 1124      655F6C65 
 1124      76656C5F 
 1124      656E7465 
 1125 1d00 01       		.byte	0x1
 1126 1d01 1F       		.uleb128 0x1f
 1127 1d02 50726976 		.ascii "Privilige_level_restore_saved() \0"
 1127      696C6967 
 1127      655F6C65 
 1127      76656C5F 
 1127      72657374 
 1128 1d23 01       		.byte	0x1
 1129 1d24 20       		.uleb128 0x20
 1130 1d25 48616C74 		.ascii "HaltMcu() \0"
 1130      4D637528 
 1130      292000
 1131 1d30 04       		.byte	0x4
 1132              		.file 5 "E:/NeuOrga/Programmieren/c_cpp/github_os/input/src/os_sim/../os_base/../os_base/os_ram.h"
 1133 1d31 03       		.byte	0x3
 1134 1d32 07       		.uleb128 0x7
 1135 1d33 05       		.uleb128 0x5
 1136 1d34 01       		.byte	0x1
 1137 1d35 02       		.uleb128 0x2
 1138 1d36 5F4F535F 		.ascii "_OS_RAM_H_ \0"
 1138      52414D5F 
 1138      485F2000 
 1139              		.file 6 "E:/NeuOrga/Programmieren/c_cpp/github_os/input/src/os_sim/../os_base/../os_base/os_firsti
 1140 1d42 03       		.byte	0x3
 1141 1d43 04       		.uleb128 0x4
 1142 1d44 06       		.uleb128 0x6
 1143 1d45 04       		.byte	0x4
 1144              		.file 7 "E:/NeuOrga/Programmieren/c_cpp/github_os/input/src/os_sim/../os_base/../os_base/os_stack.
 1145 1d46 03       		.byte	0x3
 1146 1d47 05       		.uleb128 0x5
 1147 1d48 07       		.uleb128 0x7
 1148 1d49 01       		.byte	0x1
 1149 1d4a 02       		.uleb128 0x2
 1150 1d4b 5F6F735F 		.ascii "_os_stack_h_ \0"
 1150      73746163 
 1150      6B5F685F 
 1150      2000
 1151 1d59 01       		.byte	0x1
 1152 1d5a 04       		.uleb128 0x4
 1153 1d5b 4F535F53 		.ascii "OS_STACK_SIZE 0x100\0"
 1153      5441434B 
 1153      5F53495A 
 1153      45203078 
GAS LISTING C:\Users\PRESID~1\AppData\Local\Temp\ccIF3eHQ.s 			page 40


 1153      31303000 
 1154 1d6f 01       		.byte	0x1
 1155 1d70 06       		.uleb128 0x6
 1156 1d71 4F535F53 		.ascii "OS_STACK_SIZE_END 0x01u\0"
 1156      5441434B 
 1156      5F53495A 
 1156      455F454E 
 1156      44203078 
 1157 1d89 04       		.byte	0x4
 1158              		.file 8 "E:/NeuOrga/Programmieren/c_cpp/github_os/input/src/os_sim/../os_base/../os_base/os_heap.h
 1159 1d8a 03       		.byte	0x3
 1160 1d8b 06       		.uleb128 0x6
 1161 1d8c 08       		.uleb128 0x8
 1162 1d8d 01       		.byte	0x1
 1163 1d8e 02       		.uleb128 0x2
 1164 1d8f 5F6F735F 		.ascii "_os_heap_h_ \0"
 1164      68656170 
 1164      5F685F20 
 1164      00
 1165 1d9c 01       		.byte	0x1
 1166 1d9d 05       		.uleb128 0x5
 1167 1d9e 48454150 		.ascii "HEAP_SIZE 10000\0"
 1167      5F53495A 
 1167      45203130 
 1167      30303000 
 1168 1dae 01       		.byte	0x1
 1169 1daf 06       		.uleb128 0x6
 1170 1db0 4D494E5F 		.ascii "MIN_BLOCK_SIZE_HEAP 8\0"
 1170      424C4F43 
 1170      4B5F5349 
 1170      5A455F48 
 1170      45415020 
 1171 1dc6 01       		.byte	0x1
 1172 1dc7 09       		.uleb128 0x9
 1173 1dc8 48454150 		.ascii "HEAP_OFFSET_FOR_SIZE 0\0"
 1173      5F4F4646 
 1173      5345545F 
 1173      464F525F 
 1173      53495A45 
 1174 1ddf 01       		.byte	0x1
 1175 1de0 0A       		.uleb128 0xa
 1176 1de1 48454150 		.ascii "HEAP_OFFSET_FOR_USED_SIZE 4\0"
 1176      5F4F4646 
 1176      5345545F 
 1176      464F525F 
 1176      55534544 
 1177 1dfd 01       		.byte	0x1
 1178 1dfe 0B       		.uleb128 0xb
 1179 1dff 48454150 		.ascii "HEAP_OFFSET_FOR_CHUNK 8\0"
 1179      5F4F4646 
 1179      5345545F 
 1179      464F525F 
 1179      4348554E 
 1180 1e17 04       		.byte	0x4
 1181              		.file 9 "E:/NeuOrga/Programmieren/c_cpp/github_os/input/src/os_sim/../os_base/../os_base/os_main.h
 1182 1e18 03       		.byte	0x3
 1183 1e19 07       		.uleb128 0x7
GAS LISTING C:\Users\PRESID~1\AppData\Local\Temp\ccIF3eHQ.s 			page 41


 1184 1e1a 09       		.uleb128 0x9
 1185 1e1b 01       		.byte	0x1
 1186 1e1c 02       		.uleb128 0x2
 1187 1e1d 5F6F735F 		.ascii "_os_main_h_ \0"
 1187      6D61696E 
 1187      5F685F20 
 1187      00
 1188 1e2a 01       		.byte	0x1
 1189 1e2b 03       		.uleb128 0x3
 1190 1e2c 6F735F69 		.ascii "os_init 0\0"
 1190      6E697420 
 1190      3000
 1191 1e36 01       		.byte	0x1
 1192 1e37 04       		.uleb128 0x4
 1193 1e38 6F735F72 		.ascii "os_running 1\0"
 1193      756E6E69 
 1193      6E672031 
 1193      00
 1194 1e45 01       		.byte	0x1
 1195 1e46 05       		.uleb128 0x5
 1196 1e47 6F735F73 		.ascii "os_shutdown 2\0"
 1196      68757464 
 1196      6F776E20 
 1196      3200
 1197 1e55 04       		.byte	0x4
 1198 1e56 04       		.byte	0x4
 1199              		.file 10 "E:/NeuOrga/Programmieren/c_cpp/github_os/input/src/os_sim/../os_base/../os_sim/lld_globa
 1200 1e57 03       		.byte	0x3
 1201 1e58 0A       		.uleb128 0xa
 1202 1e59 0A       		.uleb128 0xa
 1203 1e5a 01       		.byte	0x1
 1204 1e5b 02       		.uleb128 0x2
 1205 1e5c 5F6C6C64 		.ascii "_lld_global_h_ \0"
 1205      5F676C6F 
 1205      62616C5F 
 1205      685F2000 
 1206              		.file 11 "E:/NeuOrga/Programmieren/c_cpp/github_os/input/src/os_sim/../os_base/../os_sim/lld_core.
 1207 1e6c 03       		.byte	0x3
 1208 1e6d 04       		.uleb128 0x4
 1209 1e6e 0B       		.uleb128 0xb
 1210 1e6f 01       		.byte	0x1
 1211 1e70 02       		.uleb128 0x2
 1212 1e71 5F6C6C64 		.ascii "_lld_core_h_ \0"
 1212      5F636F72 
 1212      655F685F 
 1212      2000
 1213              		.file 12 "E:/NeuOrga/Programmieren/c_cpp/github_os/input/src/os_sim/../os_base/../os_sim/../os_bas
 1214 1e7f 03       		.byte	0x3
 1215 1e80 03       		.uleb128 0x3
 1216 1e81 0C       		.uleb128 0xc
 1217 1e82 04       		.byte	0x4
 1218 1e83 04       		.byte	0x4
 1219              		.file 13 "E:/NeuOrga/Programmieren/c_cpp/github_os/input/src/os_sim/../os_base/../os_sim/lld_inter
 1220 1e84 03       		.byte	0x3
 1221 1e85 05       		.uleb128 0x5
 1222 1e86 0D       		.uleb128 0xd
 1223 1e87 01       		.byte	0x1
GAS LISTING C:\Users\PRESID~1\AppData\Local\Temp\ccIF3eHQ.s 			page 42


 1224 1e88 02       		.uleb128 0x2
 1225 1e89 5F6C6C64 		.ascii "_lld_interrupt_h_ \0"
 1225      5F696E74 
 1225      65727275 
 1225      70745F68 
 1225      5F2000
 1226 1e9c 01       		.byte	0x1
 1227 1e9d 05       		.uleb128 0x5
 1228 1e9e 6F735F69 		.ascii "os_interrupt_swi_1 asm(\"swi 1\")\0"
 1228      6E746572 
 1228      72757074 
 1228      5F737769 
 1228      5F312061 
 1229 1ebe 01       		.byte	0x1
 1230 1ebf 06       		.uleb128 0x6
 1231 1ec0 6F735F69 		.ascii "os_interrupt_swi_2 asm(\"swi 2\")\0"
 1231      6E746572 
 1231      72757074 
 1231      5F737769 
 1231      5F322061 
 1232 1ee0 01       		.byte	0x1
 1233 1ee1 07       		.uleb128 0x7
 1234 1ee2 6F735F69 		.ascii "os_interrupt_swi_3 asm(\"swi 3\")\0"
 1234      6E746572 
 1234      72757074 
 1234      5F737769 
 1234      5F332061 
 1235 1f02 01       		.byte	0x1
 1236 1f03 08       		.uleb128 0x8
 1237 1f04 6F735F69 		.ascii "os_interrupt_swi_4 asm(\"swi 4\")\0"
 1237      6E746572 
 1237      72757074 
 1237      5F737769 
 1237      5F342061 
 1238 1f24 01       		.byte	0x1
 1239 1f25 09       		.uleb128 0x9
 1240 1f26 6F735F69 		.ascii "os_interrupt_swi_5 asm(\"swi 5\")\0"
 1240      6E746572 
 1240      72757074 
 1240      5F737769 
 1240      5F352061 
 1241 1f46 04       		.byte	0x4
 1242              		.file 14 "E:/NeuOrga/Programmieren/c_cpp/github_os/input/src/os_sim/../os_base/../os_sim/lld_mmu.h
 1243 1f47 03       		.byte	0x3
 1244 1f48 06       		.uleb128 0x6
 1245 1f49 0E       		.uleb128 0xe
 1246 1f4a 01       		.byte	0x1
 1247 1f4b 02       		.uleb128 0x2
 1248 1f4c 5F6C6C64 		.ascii "_lld_mmu_h_ \0"
 1248      5F6D6D75 
 1248      5F685F20 
 1248      00
 1249 1f59 04       		.byte	0x4
 1250              		.file 15 "E:/NeuOrga/Programmieren/c_cpp/github_os/input/src/os_sim/../os_base/../os_sim/lld_timer
 1251 1f5a 03       		.byte	0x3
 1252 1f5b 07       		.uleb128 0x7
 1253 1f5c 0F       		.uleb128 0xf
GAS LISTING C:\Users\PRESID~1\AppData\Local\Temp\ccIF3eHQ.s 			page 43


 1254 1f5d 01       		.byte	0x1
 1255 1f5e 02       		.uleb128 0x2
 1256 1f5f 5F6C6C64 		.ascii "_lld_timer_h_ \0"
 1256      5F74696D 
 1256      65725F68 
 1256      5F2000
 1257 1f6e 04       		.byte	0x4
 1258              		.file 16 "E:/NeuOrga/Programmieren/c_cpp/github_os/input/src/os_sim/../os_base/../os_sim/lld_power
 1259 1f6f 03       		.byte	0x3
 1260 1f70 08       		.uleb128 0x8
 1261 1f71 10       		.uleb128 0x10
 1262 1f72 01       		.byte	0x1
 1263 1f73 02       		.uleb128 0x2
 1264 1f74 5F6C6C64 		.ascii "_lld_power_h_ \0"
 1264      5F706F77 
 1264      65725F68 
 1264      5F2000
 1265 1f83 04       		.byte	0x4
 1266              		.file 17 "E:/NeuOrga/Programmieren/c_cpp/github_os/input/src/os_sim/../os_base/../os_sim/lld_ram.h
 1267 1f84 03       		.byte	0x3
 1268 1f85 09       		.uleb128 0x9
 1269 1f86 11       		.uleb128 0x11
 1270 1f87 01       		.byte	0x1
 1271 1f88 02       		.uleb128 0x2
 1272 1f89 5F6C6C64 		.ascii "_lld_ram_h_ \0"
 1272      5F72616D 
 1272      5F685F20 
 1272      00
 1273 1f96 04       		.byte	0x4
 1274              		.file 18 "E:/NeuOrga/Programmieren/c_cpp/github_os/input/src/os_sim/../os_base/../os_sim/../os_bas
 1275 1f97 03       		.byte	0x3
 1276 1f98 0A       		.uleb128 0xa
 1277 1f99 12       		.uleb128 0x12
 1278 1f9a 01       		.byte	0x1
 1279 1f9b 02       		.uleb128 0x2
 1280 1f9c 5F6F735F 		.ascii "_os_task_common_h_ \0"
 1280      7461736B 
 1280      5F636F6D 
 1280      6D6F6E5F 
 1280      685F2000 
 1281              		.file 19 "E:/NeuOrga/Programmieren/c_cpp/github_os/input/src/os_sim/../os_base/../os_sim/../os_bas
 1282 1fb0 03       		.byte	0x3
 1283 1fb1 04       		.uleb128 0x4
 1284 1fb2 13       		.uleb128 0x13
 1285 1fb3 01       		.byte	0x1
 1286 1fb4 02       		.uleb128 0x2
 1287 1fb5 5F6F735F 		.ascii "_os_task_config_h_ \0"
 1287      7461736B 
 1287      5F636F6E 
 1287      6669675F 
 1287      685F2000 
 1288 1fc9 01       		.byte	0x1
 1289 1fca 05       		.uleb128 0x5
 1290 1fcb 53636865 		.ascii "SchedulerFrequency (1.0e3)\0"
 1290      64756C65 
 1290      72467265 
 1290      7175656E 
GAS LISTING C:\Users\PRESID~1\AppData\Local\Temp\ccIF3eHQ.s 			page 44


 1290      63792028 
 1291 1fe6 01       		.byte	0x1
 1292 1fe7 06       		.uleb128 0x6
 1293 1fe8 4D696E54 		.ascii "MinTimeSlice_s (1.0/SchedulerFrequency)\0"
 1293      696D6553 
 1293      6C696365 
 1293      5F732028 
 1293      312E302F 
 1294 2010 01       		.byte	0x1
 1295 2011 07       		.uleb128 0x7
 1296 2012 4D696E54 		.ascii "MinTimeSlice_us ((1.0/SchedulerFrequency)*1e6)\0"
 1296      696D6553 
 1296      6C696365 
 1296      5F757320 
 1296      2828312E 
 1297 2041 01       		.byte	0x1
 1298 2042 08       		.uleb128 0x8
 1299 2043 5461736B 		.ascii "Task_min_time (1e0)\0"
 1299      5F6D696E 
 1299      5F74696D 
 1299      65202831 
 1299      65302900 
 1300 2057 01       		.byte	0x1
 1301 2058 09       		.uleb128 0x9
 1302 2059 4E554D42 		.ascii "NUMBER_OF_TASKS 5\0"
 1302      45525F4F 
 1302      465F5441 
 1302      534B5320 
 1302      3500
 1303 206b 01       		.byte	0x1
 1304 206c 0A       		.uleb128 0xa
 1305 206d 4D41585F 		.ascii "MAX_RUN_QUEUE_SIZE (NUMBER_OF_TASKS)\0"
 1305      52554E5F 
 1305      51554555 
 1305      455F5349 
 1305      5A452028 
 1306 2092 01       		.byte	0x1
 1307 2093 0B       		.uleb128 0xb
 1308 2094 4D41585F 		.ascii "MAX_RUN_PQUEUE_SIZE MAX_RUN_QUEUE_SIZE\0"
 1308      52554E5F 
 1308      50515545 
 1308      55455F53 
 1308      495A4520 
 1309 20bb 01       		.byte	0x1
 1310 20bc 0D       		.uleb128 0xd
 1311 20bd 5441534B 		.ascii "TASK_STACK_SIZE 200\0"
 1311      5F535441 
 1311      434B5F53 
 1311      495A4520 
 1311      32303000 
 1312 20d1 01       		.byte	0x1
 1313 20d2 10       		.uleb128 0x10
 1314 20d3 4D535F50 		.ascii "MS_PER_SEC (1000)\0"
 1314      45525F53 
 1314      45432028 
 1314      31303030 
 1314      2900
GAS LISTING C:\Users\PRESID~1\AppData\Local\Temp\ccIF3eHQ.s 			page 45


 1315 20e5 01       		.byte	0x1
 1316 20e6 11       		.uleb128 0x11
 1317 20e7 5553455F 		.ascii "USE_STATIC_CREATED_TASKS True\0"
 1317      53544154 
 1317      49435F43 
 1317      52454154 
 1317      45445F54 
 1318 2105 04       		.byte	0x4
 1319              		.file 20 "E:/NeuOrga/Programmieren/c_cpp/github_os/input/src/os_sim/../os_base/../os_sim/../os_bas
 1320 2106 03       		.byte	0x3
 1321 2107 05       		.uleb128 0x5
 1322 2108 14       		.uleb128 0x14
 1323 2109 01       		.byte	0x1
 1324 210a 02       		.uleb128 0x2
 1325 210b 5F6F735F 		.ascii "_os_init_task_system_h_ \0"
 1325      696E6974 
 1325      5F746173 
 1325      6B5F7379 
 1325      7374656D 
 1326 2124 04       		.byte	0x4
 1327 2125 01       		.byte	0x1
 1328 2126 5D       		.uleb128 0x5d
 1329 2127 6F735F53 		.ascii "os_SaveTaskPtr(task_ptr,task_name) (TASK_PTR[(task_name)] = (task_ptr))\0"
 1329      61766554 
 1329      61736B50 
 1329      74722874 
 1329      61736B5F 
 1330 216f 01       		.byte	0x1
 1331 2170 5E       		.uleb128 0x5e
 1332 2171 6F735F47 		.ascii "os_GetTaskPtr(task_name) ((task_t*) TASK_PTR[(task_name)])\0"
 1332      65745461 
 1332      736B5074 
 1332      72287461 
 1332      736B5F6E 
 1333 21ac 04       		.byte	0x4
 1334 21ad 04       		.byte	0x4
 1335              		.file 21 "E:/NeuOrga/Programmieren/c_cpp/github_os/input/src/os_sim/../os_base/../os_user_code/led
 1336 21ae 03       		.byte	0x3
 1337 21af 0E       		.uleb128 0xe
 1338 21b0 15       		.uleb128 0x15
 1339 21b1 01       		.byte	0x1
 1340 21b2 02       		.uleb128 0x2
 1341 21b3 5F4C4544 		.ascii "_LED_H_ \0"
 1341      5F485F20 
 1341      00
 1342 21bc 04       		.byte	0x4
 1343 21bd 04       		.byte	0x4
 1344 21be 04       		.byte	0x4
 1345 21bf 00       		.byte	0
 1346              		.section	.debug_line,"dr"
 1347              	Ldebug_line0:
 1348 0000 46030000 		.section	.debug_str,"dr"
 1348      02002B03 
 1348      00000101 
 1348      FB0E0D00 
 1348      01010101 
 1349              		.ident	"GCC: (GNU) 4.9.3"
GAS LISTING C:\Users\PRESID~1\AppData\Local\Temp\ccIF3eHQ.s 			page 46


GAS LISTING C:\Users\PRESID~1\AppData\Local\Temp\ccIF3eHQ.s 			page 47


DEFINED SYMBOLS
                            *ABS*:00000000 lld_timer.c
C:\Users\PRESID~1\AppData\Local\Temp\ccIF3eHQ.s:4      .bss:00000000 _COMPARE_VALUE_TCMP1
C:\Users\PRESID~1\AppData\Local\Temp\ccIF3eHQ.s:7      .text:00000000 _LLF_UP_CNT_TIMER_32
C:\Users\PRESID~1\AppData\Local\Temp\ccIF3eHQ.s:28     .text:0000000a _LLF_ADD_2_TCMP
C:\Users\PRESID~1\AppData\Local\Temp\ccIF3eHQ.s:51     .text:0000001f _LLF_TCMP1_CONFIG

NO UNDEFINED SYMBOLS
